2024/12/27 00:53:24 Received {c0 n1 {"type":"init","node_id":"n1","node_ids":["n0","n1","n2","n3","n4"],"msg_id":1}}
2024/12/27 00:53:24 Node n1 initialized
2024/12/27 00:53:24 Sent {"src":"n1","dest":"c0","body":{"in_reply_to":1,"type":"init_ok"}}
2024/12/27 00:53:24 Received {c5 n1 {"type":"topology","topology":{"n0":["n3","n1"],"n1":["n4","n2","n0"],"n2":["n1"],"n3":["n0","n4"],"n4":["n1","n3"]},"msg_id":1}}
2024/12/27 00:53:24 Sent {"src":"n1","dest":"c5","body":{"in_reply_to":1,"type":"topology_ok"}}
2024/12/27 00:53:24 Received {c10 n1 {"type":"read","msg_id":1}}
2024/12/27 00:53:24 Sent {"src":"n1","dest":"c10","body":{"in_reply_to":1,"messages":null,"type":"read_ok"}}
2024/12/27 00:53:24 Received {n0 n1 {"message":2,"msg_id":1,"type":"broadcast"}}
2024/12/27 00:53:24 Sent {"src":"n1","dest":"n4","body":{"message":2,"msg_id":1,"type":"broadcast"}}
2024/12/27 00:53:24 Sent {"src":"n1","dest":"n2","body":{"message":2,"msg_id":1,"type":"broadcast"}}
2024/12/27 00:53:24 Sent {"src":"n1","dest":"n0","body":{"in_reply_to":1,"type":"broadcast_ok"}}
2024/12/27 00:53:24 Received {n0 n1 {"message":3,"msg_id":2,"type":"broadcast"}}
2024/12/27 00:53:24 Sent {"src":"n1","dest":"n4","body":{"message":3,"msg_id":2,"type":"broadcast"}}
2024/12/27 00:53:24 Sent {"src":"n1","dest":"n2","body":{"message":3,"msg_id":2,"type":"broadcast"}}
2024/12/27 00:53:24 Sent {"src":"n1","dest":"n0","body":{"in_reply_to":2,"type":"broadcast_ok"}}
2024/12/27 00:53:24 Received {c10 n1 {"type":"read","msg_id":2}}
2024/12/27 00:53:24 Sent {"src":"n1","dest":"c10","body":{"in_reply_to":2,"messages":[2,3],"type":"read_ok"}}
2024/12/27 00:53:25 Sent {"src":"n1","dest":"n4","body":{"message":[2,3],"type":"periodic_broadcast"}}
2024/12/27 00:53:25 Sent {"src":"n1","dest":"n2","body":{"message":[2,3],"type":"periodic_broadcast"}}
2024/12/27 00:53:25 Sent {"src":"n1","dest":"n0","body":{"message":[2,3],"type":"periodic_broadcast"}}
2024/12/27 00:53:25 Received {n0 n1 {"message":[2,3],"type":"periodic_broadcast"}}
2024/12/27 00:53:25 Received {n0 n1 {"message":5,"msg_id":4,"type":"broadcast"}}
2024/12/27 00:53:25 Sent {"src":"n1","dest":"n4","body":{"message":5,"msg_id":4,"type":"broadcast"}}
2024/12/27 00:53:25 Sent {"src":"n1","dest":"n2","body":{"message":5,"msg_id":4,"type":"broadcast"}}
2024/12/27 00:53:25 Sent {"src":"n1","dest":"n0","body":{"in_reply_to":4,"type":"broadcast_ok"}}
2024/12/27 00:53:25 Received {c10 n1 {"type":"read","msg_id":3}}
2024/12/27 00:53:25 Sent {"src":"n1","dest":"c10","body":{"in_reply_to":3,"messages":[2,3,5],"type":"read_ok"}}
2024/12/27 00:53:26 Received {n0 n1 {"message":8,"msg_id":6,"type":"broadcast"}}
2024/12/27 00:53:26 Sent {"src":"n1","dest":"n4","body":{"message":8,"msg_id":6,"type":"broadcast"}}
2024/12/27 00:53:26 Sent {"src":"n1","dest":"n2","body":{"message":8,"msg_id":6,"type":"broadcast"}}
2024/12/27 00:53:26 Sent {"src":"n1","dest":"n0","body":{"in_reply_to":6,"type":"broadcast_ok"}}
2024/12/27 00:53:26 Received {c10 n1 {"type":"read","msg_id":4}}
2024/12/27 00:53:26 Sent {"src":"n1","dest":"c10","body":{"in_reply_to":4,"messages":[2,3,5,8],"type":"read_ok"}}
2024/12/27 00:53:26 Sent {"src":"n1","dest":"n4","body":{"message":[2,3,5,8],"type":"periodic_broadcast"}}
2024/12/27 00:53:26 Sent {"src":"n1","dest":"n2","body":{"message":[2,3,5,8],"type":"periodic_broadcast"}}
2024/12/27 00:53:26 Sent {"src":"n1","dest":"n0","body":{"message":[2,3,5,8],"type":"periodic_broadcast"}}
2024/12/27 00:53:26 Received {n0 n1 {"message":[2,3,5,8],"type":"periodic_broadcast"}}
2024/12/27 00:53:26 Received {n0 n1 {"message":9,"msg_id":7,"type":"broadcast"}}
2024/12/27 00:53:26 Sent {"src":"n1","dest":"n4","body":{"message":9,"msg_id":7,"type":"broadcast"}}
2024/12/27 00:53:26 Sent {"src":"n1","dest":"n2","body":{"message":9,"msg_id":7,"type":"broadcast"}}
2024/12/27 00:53:26 Sent {"src":"n1","dest":"n0","body":{"in_reply_to":7,"type":"broadcast_ok"}}
2024/12/27 00:53:26 Received {c10 n1 {"type":"read","msg_id":5}}
2024/12/27 00:53:26 Sent {"src":"n1","dest":"c10","body":{"in_reply_to":5,"messages":[2,3,5,8,9],"type":"read_ok"}}
2024/12/27 00:53:27 Sent {"src":"n1","dest":"n4","body":{"message":[2,3,5,8,9],"type":"periodic_broadcast"}}
2024/12/27 00:53:27 Sent {"src":"n1","dest":"n2","body":{"message":[2,3,5,8,9],"type":"periodic_broadcast"}}
2024/12/27 00:53:27 Sent {"src":"n1","dest":"n0","body":{"message":[2,3,5,8,9],"type":"periodic_broadcast"}}
2024/12/27 00:53:27 Received {n0 n1 {"message":[2,3,5,8,9],"type":"periodic_broadcast"}}
2024/12/27 00:53:27 Received {n0 n1 {"message":11,"msg_id":9,"type":"broadcast"}}
2024/12/27 00:53:27 Sent {"src":"n1","dest":"n4","body":{"message":11,"msg_id":9,"type":"broadcast"}}
2024/12/27 00:53:27 Sent {"src":"n1","dest":"n2","body":{"message":11,"msg_id":9,"type":"broadcast"}}
2024/12/27 00:53:27 Sent {"src":"n1","dest":"n0","body":{"in_reply_to":9,"type":"broadcast_ok"}}
2024/12/27 00:53:27 Received {n0 n1 {"message":12,"msg_id":10,"type":"broadcast"}}
2024/12/27 00:53:27 Sent {"src":"n1","dest":"n4","body":{"message":12,"msg_id":10,"type":"broadcast"}}
2024/12/27 00:53:27 Sent {"src":"n1","dest":"n2","body":{"message":12,"msg_id":10,"type":"broadcast"}}
2024/12/27 00:53:27 Sent {"src":"n1","dest":"n0","body":{"in_reply_to":10,"type":"broadcast_ok"}}
2024/12/27 00:53:27 Received {c10 n1 {"type":"read","msg_id":6}}
2024/12/27 00:53:27 Sent {"src":"n1","dest":"c10","body":{"in_reply_to":6,"messages":[2,3,5,8,9,11,12],"type":"read_ok"}}
2024/12/27 00:53:28 Received {n0 n1 {"message":15,"msg_id":11,"type":"broadcast"}}
2024/12/27 00:53:28 Sent {"src":"n1","dest":"n4","body":{"message":15,"msg_id":11,"type":"broadcast"}}
2024/12/27 00:53:28 Sent {"src":"n1","dest":"n2","body":{"message":15,"msg_id":11,"type":"broadcast"}}
2024/12/27 00:53:28 Sent {"src":"n1","dest":"n0","body":{"in_reply_to":11,"type":"broadcast_ok"}}
2024/12/27 00:53:28 Sent {"src":"n1","dest":"n4","body":{"message":[2,3,5,8,9,11,12,15],"type":"periodic_broadcast"}}
2024/12/27 00:53:28 Sent {"src":"n1","dest":"n2","body":{"message":[2,3,5,8,9,11,12,15],"type":"periodic_broadcast"}}
2024/12/27 00:53:28 Sent {"src":"n1","dest":"n0","body":{"message":[2,3,5,8,9,11,12,15],"type":"periodic_broadcast"}}
2024/12/27 00:53:28 Received {n0 n1 {"message":[2,3,5,8,9,11,12,15],"type":"periodic_broadcast"}}
2024/12/27 00:53:28 Received {n0 n1 {"message":16,"msg_id":12,"type":"broadcast"}}
2024/12/27 00:53:28 Sent {"src":"n1","dest":"n4","body":{"message":16,"msg_id":12,"type":"broadcast"}}
2024/12/27 00:53:28 Sent {"src":"n1","dest":"n2","body":{"message":16,"msg_id":12,"type":"broadcast"}}
2024/12/27 00:53:28 Sent {"src":"n1","dest":"n0","body":{"in_reply_to":12,"type":"broadcast_ok"}}
2024/12/27 00:53:28 Received {c10 n1 {"type":"broadcast","message":17,"msg_id":7}}
2024/12/27 00:53:28 Sent {"src":"n1","dest":"n4","body":{"message":17,"msg_id":7,"type":"broadcast"}}
2024/12/27 00:53:28 Sent {"src":"n1","dest":"n2","body":{"message":17,"msg_id":7,"type":"broadcast"}}
2024/12/27 00:53:28 Sent {"src":"n1","dest":"n0","body":{"message":17,"msg_id":7,"type":"broadcast"}}
2024/12/27 00:53:28 Sent {"src":"n1","dest":"c10","body":{"in_reply_to":7,"type":"broadcast_ok"}}
2024/12/27 00:53:28 Received {n0 n1 {"in_reply_to":7,"type":"broadcast_ok"}}
2024/12/27 00:53:28 Ignoring reply to 7 with no callback
2024/12/27 00:53:28 Received {n0 n1 {"message":20,"msg_id":13,"type":"broadcast"}}
2024/12/27 00:53:28 Sent {"src":"n1","dest":"n4","body":{"message":20,"msg_id":13,"type":"broadcast"}}
2024/12/27 00:53:28 Sent {"src":"n1","dest":"n2","body":{"message":20,"msg_id":13,"type":"broadcast"}}
2024/12/27 00:53:28 Sent {"src":"n1","dest":"n0","body":{"in_reply_to":13,"type":"broadcast_ok"}}
2024/12/27 00:53:28 Received {n0 n1 {"message":21,"msg_id":14,"type":"broadcast"}}
2024/12/27 00:53:28 Sent {"src":"n1","dest":"n4","body":{"message":21,"msg_id":14,"type":"broadcast"}}
2024/12/27 00:53:28 Sent {"src":"n1","dest":"n2","body":{"message":21,"msg_id":14,"type":"broadcast"}}
2024/12/27 00:53:28 Sent {"src":"n1","dest":"n0","body":{"in_reply_to":14,"type":"broadcast_ok"}}
2024/12/27 00:53:29 Received {c10 n1 {"type":"broadcast","message":22,"msg_id":8}}
2024/12/27 00:53:29 Sent {"src":"n1","dest":"n4","body":{"message":22,"msg_id":8,"type":"broadcast"}}
2024/12/27 00:53:29 Sent {"src":"n1","dest":"n2","body":{"message":22,"msg_id":8,"type":"broadcast"}}
2024/12/27 00:53:29 Sent {"src":"n1","dest":"n0","body":{"message":22,"msg_id":8,"type":"broadcast"}}
2024/12/27 00:53:29 Sent {"src":"n1","dest":"c10","body":{"in_reply_to":8,"type":"broadcast_ok"}}
2024/12/27 00:53:29 Received {n0 n1 {"in_reply_to":8,"type":"broadcast_ok"}}
2024/12/27 00:53:29 Ignoring reply to 8 with no callback
2024/12/27 00:53:29 Sent {"src":"n1","dest":"n4","body":{"message":[2,3,5,8,9,11,12,15,16,17,20,21,22],"type":"periodic_broadcast"}}
2024/12/27 00:53:29 Sent {"src":"n1","dest":"n2","body":{"message":[2,3,5,8,9,11,12,15,16,17,20,21,22],"type":"periodic_broadcast"}}
2024/12/27 00:53:29 Sent {"src":"n1","dest":"n0","body":{"message":[2,3,5,8,9,11,12,15,16,17,20,21,22],"type":"periodic_broadcast"}}
2024/12/27 00:53:29 Received {n0 n1 {"message":[2,3,5,8,9,11,12,15,16,17,20,21,22],"type":"periodic_broadcast"}}
2024/12/27 00:53:29 Received {n0 n1 {"message":24,"msg_id":15,"type":"broadcast"}}
2024/12/27 00:53:29 Sent {"src":"n1","dest":"n4","body":{"message":24,"msg_id":15,"type":"broadcast"}}
2024/12/27 00:53:29 Sent {"src":"n1","dest":"n2","body":{"message":24,"msg_id":15,"type":"broadcast"}}
2024/12/27 00:53:29 Sent {"src":"n1","dest":"n0","body":{"in_reply_to":15,"type":"broadcast_ok"}}
2024/12/27 00:53:29 Received {c10 n1 {"type":"read","msg_id":9}}
2024/12/27 00:53:29 Sent {"src":"n1","dest":"c10","body":{"in_reply_to":9,"messages":[2,3,5,8,9,11,12,15,16,17,20,21,22,24],"type":"read_ok"}}
2024/12/27 00:53:29 Received {n0 n1 {"message":27,"msg_id":17,"type":"broadcast"}}
2024/12/27 00:53:29 Sent {"src":"n1","dest":"n4","body":{"message":27,"msg_id":17,"type":"broadcast"}}
2024/12/27 00:53:29 Sent {"src":"n1","dest":"n2","body":{"message":27,"msg_id":17,"type":"broadcast"}}
2024/12/27 00:53:29 Sent {"src":"n1","dest":"n0","body":{"in_reply_to":17,"type":"broadcast_ok"}}
2024/12/27 00:53:29 Received {c10 n1 {"type":"broadcast","message":28,"msg_id":10}}
2024/12/27 00:53:29 Sent {"src":"n1","dest":"n4","body":{"message":28,"msg_id":10,"type":"broadcast"}}
2024/12/27 00:53:29 Sent {"src":"n1","dest":"n2","body":{"message":28,"msg_id":10,"type":"broadcast"}}
2024/12/27 00:53:29 Sent {"src":"n1","dest":"n0","body":{"message":28,"msg_id":10,"type":"broadcast"}}
2024/12/27 00:53:29 Sent {"src":"n1","dest":"c10","body":{"in_reply_to":10,"type":"broadcast_ok"}}
2024/12/27 00:53:29 Received {n0 n1 {"in_reply_to":10,"type":"broadcast_ok"}}
2024/12/27 00:53:29 Ignoring reply to 10 with no callback
2024/12/27 00:53:30 Sent {"src":"n1","dest":"n4","body":{"message":[2,3,5,8,9,11,12,15,16,17,20,21,22,24,27,28],"type":"periodic_broadcast"}}
2024/12/27 00:53:30 Sent {"src":"n1","dest":"n2","body":{"message":[2,3,5,8,9,11,12,15,16,17,20,21,22,24,27,28],"type":"periodic_broadcast"}}
2024/12/27 00:53:30 Sent {"src":"n1","dest":"n0","body":{"message":[2,3,5,8,9,11,12,15,16,17,20,21,22,24,27,28],"type":"periodic_broadcast"}}
2024/12/27 00:53:30 Received {n0 n1 {"message":[2,3,5,8,9,11,12,15,16,17,20,21,22,24,27,28],"type":"periodic_broadcast"}}
2024/12/27 00:53:30 Received {n0 n1 {"message":31,"msg_id":20,"type":"broadcast"}}
2024/12/27 00:53:30 Sent {"src":"n1","dest":"n4","body":{"message":31,"msg_id":20,"type":"broadcast"}}
2024/12/27 00:53:30 Sent {"src":"n1","dest":"n2","body":{"message":31,"msg_id":20,"type":"broadcast"}}
2024/12/27 00:53:30 Sent {"src":"n1","dest":"n0","body":{"in_reply_to":20,"type":"broadcast_ok"}}
2024/12/27 00:53:30 Received {c10 n1 {"type":"read","msg_id":11}}
2024/12/27 00:53:30 Sent {"src":"n1","dest":"c10","body":{"in_reply_to":11,"messages":[2,3,5,8,9,11,12,15,16,17,20,21,22,24,27,28,31],"type":"read_ok"}}
2024/12/27 00:53:31 Received {n0 n1 {"message":33,"msg_id":21,"type":"broadcast"}}
2024/12/27 00:53:31 Sent {"src":"n1","dest":"n4","body":{"message":33,"msg_id":21,"type":"broadcast"}}
2024/12/27 00:53:31 Sent {"src":"n1","dest":"n2","body":{"message":33,"msg_id":21,"type":"broadcast"}}
2024/12/27 00:53:31 Sent {"src":"n1","dest":"n0","body":{"in_reply_to":21,"type":"broadcast_ok"}}
2024/12/27 00:53:31 Sent {"src":"n1","dest":"n4","body":{"message":[2,3,5,8,9,11,12,15,16,17,20,21,22,24,27,28,31,33],"type":"periodic_broadcast"}}
2024/12/27 00:53:31 Sent {"src":"n1","dest":"n2","body":{"message":[2,3,5,8,9,11,12,15,16,17,20,21,22,24,27,28,31,33],"type":"periodic_broadcast"}}
2024/12/27 00:53:31 Sent {"src":"n1","dest":"n0","body":{"message":[2,3,5,8,9,11,12,15,16,17,20,21,22,24,27,28,31,33],"type":"periodic_broadcast"}}
2024/12/27 00:53:31 Received {n0 n1 {"message":[2,3,5,8,9,11,12,15,16,17,20,21,22,24,27,28,31,33],"type":"periodic_broadcast"}}
2024/12/27 00:53:31 Received {n0 n1 {"message":34,"msg_id":22,"type":"broadcast"}}
2024/12/27 00:53:31 Sent {"src":"n1","dest":"n4","body":{"message":34,"msg_id":22,"type":"broadcast"}}
2024/12/27 00:53:31 Sent {"src":"n1","dest":"n2","body":{"message":34,"msg_id":22,"type":"broadcast"}}
2024/12/27 00:53:31 Sent {"src":"n1","dest":"n0","body":{"in_reply_to":22,"type":"broadcast_ok"}}
2024/12/27 00:53:31 Received {c10 n1 {"type":"broadcast","message":35,"msg_id":12}}
2024/12/27 00:53:31 Sent {"src":"n1","dest":"n4","body":{"message":35,"msg_id":12,"type":"broadcast"}}
2024/12/27 00:53:31 Sent {"src":"n1","dest":"n2","body":{"message":35,"msg_id":12,"type":"broadcast"}}
2024/12/27 00:53:31 Sent {"src":"n1","dest":"n0","body":{"message":35,"msg_id":12,"type":"broadcast"}}
2024/12/27 00:53:31 Sent {"src":"n1","dest":"c10","body":{"in_reply_to":12,"type":"broadcast_ok"}}
2024/12/27 00:53:31 Received {n0 n1 {"in_reply_to":12,"type":"broadcast_ok"}}
2024/12/27 00:53:31 Ignoring reply to 12 with no callback
2024/12/27 00:53:32 Received {c10 n1 {"type":"broadcast","message":38,"msg_id":13}}
2024/12/27 00:53:32 Sent {"src":"n1","dest":"n4","body":{"message":38,"msg_id":13,"type":"broadcast"}}
2024/12/27 00:53:32 Sent {"src":"n1","dest":"n2","body":{"message":38,"msg_id":13,"type":"broadcast"}}
2024/12/27 00:53:32 Sent {"src":"n1","dest":"n0","body":{"message":38,"msg_id":13,"type":"broadcast"}}
2024/12/27 00:53:32 Sent {"src":"n1","dest":"c10","body":{"in_reply_to":13,"type":"broadcast_ok"}}
2024/12/27 00:53:32 Received {n0 n1 {"in_reply_to":13,"type":"broadcast_ok"}}
2024/12/27 00:53:32 Ignoring reply to 13 with no callback
2024/12/27 00:53:32 Sent {"src":"n1","dest":"n4","body":{"message":[2,3,5,8,9,11,12,15,16,17,20,21,22,24,27,28,31,33,34,35,38],"type":"periodic_broadcast"}}
2024/12/27 00:53:32 Sent {"src":"n1","dest":"n2","body":{"message":[2,3,5,8,9,11,12,15,16,17,20,21,22,24,27,28,31,33,34,35,38],"type":"periodic_broadcast"}}
2024/12/27 00:53:32 Sent {"src":"n1","dest":"n0","body":{"message":[2,3,5,8,9,11,12,15,16,17,20,21,22,24,27,28,31,33,34,35,38],"type":"periodic_broadcast"}}
2024/12/27 00:53:32 Received {n0 n1 {"message":[2,3,5,8,9,11,12,15,16,17,20,21,22,24,27,28,31,33,34,35,38],"type":"periodic_broadcast"}}
2024/12/27 00:53:32 Received {n0 n1 {"message":41,"msg_id":25,"type":"broadcast"}}
2024/12/27 00:53:32 Sent {"src":"n1","dest":"n4","body":{"message":41,"msg_id":25,"type":"broadcast"}}
2024/12/27 00:53:32 Sent {"src":"n1","dest":"n2","body":{"message":41,"msg_id":25,"type":"broadcast"}}
2024/12/27 00:53:32 Sent {"src":"n1","dest":"n0","body":{"in_reply_to":25,"type":"broadcast_ok"}}
2024/12/27 00:53:32 Received {c10 n1 {"type":"read","msg_id":14}}
2024/12/27 00:53:32 Sent {"src":"n1","dest":"c10","body":{"in_reply_to":14,"messages":[2,3,5,8,9,11,12,15,16,17,20,21,22,24,27,28,31,33,34,35,38,41],"type":"read_ok"}}
2024/12/27 00:53:33 Received {n0 n1 {"message":45,"msg_id":27,"type":"broadcast"}}
2024/12/27 00:53:33 Sent {"src":"n1","dest":"n4","body":{"message":45,"msg_id":27,"type":"broadcast"}}
2024/12/27 00:53:33 Sent {"src":"n1","dest":"n2","body":{"message":45,"msg_id":27,"type":"broadcast"}}
2024/12/27 00:53:33 Sent {"src":"n1","dest":"n0","body":{"in_reply_to":27,"type":"broadcast_ok"}}
2024/12/27 00:53:33 Received {c10 n1 {"type":"read","msg_id":15}}
2024/12/27 00:53:33 Sent {"src":"n1","dest":"c10","body":{"in_reply_to":15,"messages":[2,3,5,8,9,11,12,15,16,17,20,21,22,24,27,28,31,33,34,35,38,41,45],"type":"read_ok"}}
2024/12/27 00:53:33 Sent {"src":"n1","dest":"n4","body":{"message":[2,3,5,8,9,11,12,15,16,17,20,21,22,24,27,28,31,33,34,35,38,41,45],"type":"periodic_broadcast"}}
2024/12/27 00:53:33 Sent {"src":"n1","dest":"n2","body":{"message":[2,3,5,8,9,11,12,15,16,17,20,21,22,24,27,28,31,33,34,35,38,41,45],"type":"periodic_broadcast"}}
2024/12/27 00:53:33 Sent {"src":"n1","dest":"n0","body":{"message":[2,3,5,8,9,11,12,15,16,17,20,21,22,24,27,28,31,33,34,35,38,41,45],"type":"periodic_broadcast"}}
2024/12/27 00:53:33 Received {n0 n1 {"message":[2,3,5,8,9,11,12,15,16,17,20,21,22,24,27,28,31,33,34,35,38,41,45],"type":"periodic_broadcast"}}
2024/12/27 00:53:33 Received {n0 n1 {"message":49,"msg_id":30,"type":"broadcast"}}
2024/12/27 00:53:33 Sent {"src":"n1","dest":"n4","body":{"message":49,"msg_id":30,"type":"broadcast"}}
2024/12/27 00:53:33 Sent {"src":"n1","dest":"n2","body":{"message":49,"msg_id":30,"type":"broadcast"}}
2024/12/27 00:53:33 Sent {"src":"n1","dest":"n0","body":{"in_reply_to":30,"type":"broadcast_ok"}}
2024/12/27 00:53:33 Received {c10 n1 {"type":"broadcast","message":50,"msg_id":16}}
2024/12/27 00:53:33 Sent {"src":"n1","dest":"n4","body":{"message":50,"msg_id":16,"type":"broadcast"}}
2024/12/27 00:53:33 Sent {"src":"n1","dest":"n2","body":{"message":50,"msg_id":16,"type":"broadcast"}}
2024/12/27 00:53:33 Sent {"src":"n1","dest":"n0","body":{"message":50,"msg_id":16,"type":"broadcast"}}
2024/12/27 00:53:33 Sent {"src":"n1","dest":"c10","body":{"in_reply_to":16,"type":"broadcast_ok"}}
2024/12/27 00:53:33 Received {n0 n1 {"in_reply_to":16,"type":"broadcast_ok"}}
2024/12/27 00:53:33 Ignoring reply to 16 with no callback
2024/12/27 00:53:34 Sent {"src":"n1","dest":"n4","body":{"message":[2,3,5,8,9,11,12,15,16,17,20,21,22,24,27,28,31,33,34,35,38,41,45,49,50],"type":"periodic_broadcast"}}
2024/12/27 00:53:34 Sent {"src":"n1","dest":"n2","body":{"message":[2,3,5,8,9,11,12,15,16,17,20,21,22,24,27,28,31,33,34,35,38,41,45,49,50],"type":"periodic_broadcast"}}
2024/12/27 00:53:34 Sent {"src":"n1","dest":"n0","body":{"message":[2,3,5,8,9,11,12,15,16,17,20,21,22,24,27,28,31,33,34,35,38,41,45,49,50],"type":"periodic_broadcast"}}
2024/12/27 00:53:34 Received {n0 n1 {"message":[2,3,5,8,9,11,12,15,16,17,20,21,22,24,27,28,31,33,34,35,38,41,45,49,50],"type":"periodic_broadcast"}}
2024/12/27 00:53:34 Received {n0 n1 {"message":51,"msg_id":32,"type":"broadcast"}}
2024/12/27 00:53:34 Sent {"src":"n1","dest":"n4","body":{"message":51,"msg_id":32,"type":"broadcast"}}
2024/12/27 00:53:34 Sent {"src":"n1","dest":"n2","body":{"message":51,"msg_id":32,"type":"broadcast"}}
2024/12/27 00:53:34 Sent {"src":"n1","dest":"n0","body":{"in_reply_to":32,"type":"broadcast_ok"}}
2024/12/27 00:53:34 Received {c10 n1 {"type":"read","msg_id":17}}
2024/12/27 00:53:34 Sent {"src":"n1","dest":"c10","body":{"in_reply_to":17,"messages":[2,3,5,8,9,11,12,15,16,17,20,21,22,24,27,28,31,33,34,35,38,41,45,49,50,51],"type":"read_ok"}}
2024/12/27 00:53:34 Received {c10 n1 {"type":"read","msg_id":18}}
2024/12/27 00:53:34 Sent {"src":"n1","dest":"c10","body":{"in_reply_to":18,"messages":[2,3,5,8,9,11,12,15,16,17,20,21,22,24,27,28,31,33,34,35,38,41,45,49,50,51],"type":"read_ok"}}
2024/12/27 00:53:35 Sent {"src":"n1","dest":"n4","body":{"message":[2,3,5,8,9,11,12,15,16,17,20,21,22,24,27,28,31,33,34,35,38,41,45,49,50,51],"type":"periodic_broadcast"}}
2024/12/27 00:53:35 Sent {"src":"n1","dest":"n2","body":{"message":[2,3,5,8,9,11,12,15,16,17,20,21,22,24,27,28,31,33,34,35,38,41,45,49,50,51],"type":"periodic_broadcast"}}
2024/12/27 00:53:35 Sent {"src":"n1","dest":"n0","body":{"message":[2,3,5,8,9,11,12,15,16,17,20,21,22,24,27,28,31,33,34,35,38,41,45,49,50,51],"type":"periodic_broadcast"}}
2024/12/27 00:53:35 Received {n0 n1 {"message":[2,3,5,8,9,11,12,15,16,17,20,21,22,24,27,28,31,33,34,35,38,41,45,49,50,51],"type":"periodic_broadcast"}}
2024/12/27 00:53:35 Received {c10 n1 {"type":"broadcast","message":56,"msg_id":19}}
2024/12/27 00:53:35 Sent {"src":"n1","dest":"n4","body":{"message":56,"msg_id":19,"type":"broadcast"}}
2024/12/27 00:53:35 Sent {"src":"n1","dest":"n2","body":{"message":56,"msg_id":19,"type":"broadcast"}}
2024/12/27 00:53:35 Sent {"src":"n1","dest":"n0","body":{"message":56,"msg_id":19,"type":"broadcast"}}
2024/12/27 00:53:35 Sent {"src":"n1","dest":"c10","body":{"in_reply_to":19,"type":"broadcast_ok"}}
2024/12/27 00:53:35 Received {n0 n1 {"in_reply_to":19,"type":"broadcast_ok"}}
2024/12/27 00:53:35 Ignoring reply to 19 with no callback
2024/12/27 00:53:36 Received {n0 n1 {"message":58,"msg_id":37,"type":"broadcast"}}
2024/12/27 00:53:36 Sent {"src":"n1","dest":"n4","body":{"message":58,"msg_id":37,"type":"broadcast"}}
2024/12/27 00:53:36 Sent {"src":"n1","dest":"n2","body":{"message":58,"msg_id":37,"type":"broadcast"}}
2024/12/27 00:53:36 Sent {"src":"n1","dest":"n0","body":{"in_reply_to":37,"type":"broadcast_ok"}}
2024/12/27 00:53:36 Received {c10 n1 {"type":"broadcast","message":59,"msg_id":20}}
2024/12/27 00:53:36 Sent {"src":"n1","dest":"n4","body":{"message":59,"msg_id":20,"type":"broadcast"}}
2024/12/27 00:53:36 Sent {"src":"n1","dest":"n2","body":{"message":59,"msg_id":20,"type":"broadcast"}}
2024/12/27 00:53:36 Sent {"src":"n1","dest":"n0","body":{"message":59,"msg_id":20,"type":"broadcast"}}
2024/12/27 00:53:36 Sent {"src":"n1","dest":"c10","body":{"in_reply_to":20,"type":"broadcast_ok"}}
2024/12/27 00:53:36 Received {n0 n1 {"in_reply_to":20,"type":"broadcast_ok"}}
2024/12/27 00:53:36 Ignoring reply to 20 with no callback
2024/12/27 00:53:36 Sent {"src":"n1","dest":"n4","body":{"message":[2,3,5,8,9,11,12,15,16,17,20,21,22,24,27,28,31,33,34,35,38,41,45,49,50,51,56,58,59],"type":"periodic_broadcast"}}
2024/12/27 00:53:36 Sent {"src":"n1","dest":"n2","body":{"message":[2,3,5,8,9,11,12,15,16,17,20,21,22,24,27,28,31,33,34,35,38,41,45,49,50,51,56,58,59],"type":"periodic_broadcast"}}
2024/12/27 00:53:36 Sent {"src":"n1","dest":"n0","body":{"message":[2,3,5,8,9,11,12,15,16,17,20,21,22,24,27,28,31,33,34,35,38,41,45,49,50,51,56,58,59],"type":"periodic_broadcast"}}
2024/12/27 00:53:36 Received {n0 n1 {"message":[2,3,5,8,9,11,12,15,16,17,20,21,22,24,27,28,31,33,34,35,38,41,45,49,50,51,56,58,59],"type":"periodic_broadcast"}}
2024/12/27 00:53:36 Received {n0 n1 {"message":62,"msg_id":40,"type":"broadcast"}}
2024/12/27 00:53:36 Sent {"src":"n1","dest":"n4","body":{"message":62,"msg_id":40,"type":"broadcast"}}
2024/12/27 00:53:36 Sent {"src":"n1","dest":"n2","body":{"message":62,"msg_id":40,"type":"broadcast"}}
2024/12/27 00:53:36 Sent {"src":"n1","dest":"n0","body":{"in_reply_to":40,"type":"broadcast_ok"}}
2024/12/27 00:53:36 Received {c10 n1 {"type":"broadcast","message":63,"msg_id":21}}
2024/12/27 00:53:36 Sent {"src":"n1","dest":"n4","body":{"message":63,"msg_id":21,"type":"broadcast"}}
2024/12/27 00:53:36 Sent {"src":"n1","dest":"n2","body":{"message":63,"msg_id":21,"type":"broadcast"}}
2024/12/27 00:53:36 Sent {"src":"n1","dest":"n0","body":{"message":63,"msg_id":21,"type":"broadcast"}}
2024/12/27 00:53:36 Sent {"src":"n1","dest":"c10","body":{"in_reply_to":21,"type":"broadcast_ok"}}
2024/12/27 00:53:36 Received {n0 n1 {"in_reply_to":21,"type":"broadcast_ok"}}
2024/12/27 00:53:36 Ignoring reply to 21 with no callback
2024/12/27 00:53:37 Sent {"src":"n1","dest":"n4","body":{"message":[2,3,5,8,9,11,12,15,16,17,20,21,22,24,27,28,31,33,34,35,38,41,45,49,50,51,56,58,59,62,63],"type":"periodic_broadcast"}}
2024/12/27 00:53:37 Sent {"src":"n1","dest":"n2","body":{"message":[2,3,5,8,9,11,12,15,16,17,20,21,22,24,27,28,31,33,34,35,38,41,45,49,50,51,56,58,59,62,63],"type":"periodic_broadcast"}}
2024/12/27 00:53:37 Sent {"src":"n1","dest":"n0","body":{"message":[2,3,5,8,9,11,12,15,16,17,20,21,22,24,27,28,31,33,34,35,38,41,45,49,50,51,56,58,59,62,63],"type":"periodic_broadcast"}}
2024/12/27 00:53:37 Received {n0 n1 {"message":[2,3,5,8,9,11,12,15,16,17,20,21,22,24,27,28,31,33,34,35,38,41,45,49,50,51,56,58,59,62,63],"type":"periodic_broadcast"}}
2024/12/27 00:53:37 Received {n0 n1 {"message":66,"msg_id":41,"type":"broadcast"}}
2024/12/27 00:53:37 Sent {"src":"n1","dest":"n4","body":{"message":66,"msg_id":41,"type":"broadcast"}}
2024/12/27 00:53:37 Sent {"src":"n1","dest":"n2","body":{"message":66,"msg_id":41,"type":"broadcast"}}
2024/12/27 00:53:37 Sent {"src":"n1","dest":"n0","body":{"in_reply_to":41,"type":"broadcast_ok"}}
2024/12/27 00:53:37 Received {n0 n1 {"message":67,"msg_id":42,"type":"broadcast"}}
2024/12/27 00:53:37 Sent {"src":"n1","dest":"n4","body":{"message":67,"msg_id":42,"type":"broadcast"}}
2024/12/27 00:53:37 Sent {"src":"n1","dest":"n2","body":{"message":67,"msg_id":42,"type":"broadcast"}}
2024/12/27 00:53:37 Sent {"src":"n1","dest":"n0","body":{"in_reply_to":42,"type":"broadcast_ok"}}
2024/12/27 00:53:37 Received {c10 n1 {"type":"read","msg_id":22}}
2024/12/27 00:53:37 Sent {"src":"n1","dest":"c10","body":{"in_reply_to":22,"messages":[2,3,5,8,9,11,12,15,16,17,20,21,22,24,27,28,31,33,34,35,38,41,45,49,50,51,56,58,59,62,63,66,67],"type":"read_ok"}}
2024/12/27 00:53:38 Received {n0 n1 {"message":71,"msg_id":43,"type":"broadcast"}}
2024/12/27 00:53:38 Sent {"src":"n1","dest":"n4","body":{"message":71,"msg_id":43,"type":"broadcast"}}
2024/12/27 00:53:38 Sent {"src":"n1","dest":"n2","body":{"message":71,"msg_id":43,"type":"broadcast"}}
2024/12/27 00:53:38 Sent {"src":"n1","dest":"n0","body":{"in_reply_to":43,"type":"broadcast_ok"}}
2024/12/27 00:53:38 Received {n0 n1 {"message":72,"msg_id":44,"type":"broadcast"}}
2024/12/27 00:53:38 Sent {"src":"n1","dest":"n4","body":{"message":72,"msg_id":44,"type":"broadcast"}}
2024/12/27 00:53:38 Sent {"src":"n1","dest":"n2","body":{"message":72,"msg_id":44,"type":"broadcast"}}
2024/12/27 00:53:38 Sent {"src":"n1","dest":"n0","body":{"in_reply_to":44,"type":"broadcast_ok"}}
2024/12/27 00:53:38 Received {c10 n1 {"type":"broadcast","message":73,"msg_id":23}}
2024/12/27 00:53:38 Sent {"src":"n1","dest":"n4","body":{"message":73,"msg_id":23,"type":"broadcast"}}
2024/12/27 00:53:38 Sent {"src":"n1","dest":"n2","body":{"message":73,"msg_id":23,"type":"broadcast"}}
2024/12/27 00:53:38 Sent {"src":"n1","dest":"n0","body":{"message":73,"msg_id":23,"type":"broadcast"}}
2024/12/27 00:53:38 Sent {"src":"n1","dest":"c10","body":{"in_reply_to":23,"type":"broadcast_ok"}}
2024/12/27 00:53:38 Received {n0 n1 {"in_reply_to":23,"type":"broadcast_ok"}}
2024/12/27 00:53:38 Ignoring reply to 23 with no callback
2024/12/27 00:53:38 Sent {"src":"n1","dest":"n4","body":{"message":[2,3,5,8,9,11,12,15,16,17,20,21,22,24,27,28,31,33,34,35,38,41,45,49,50,51,56,58,59,62,63,66,67,71,72,73],"type":"periodic_broadcast"}}
2024/12/27 00:53:38 Sent {"src":"n1","dest":"n2","body":{"message":[2,3,5,8,9,11,12,15,16,17,20,21,22,24,27,28,31,33,34,35,38,41,45,49,50,51,56,58,59,62,63,66,67,71,72,73],"type":"periodic_broadcast"}}
2024/12/27 00:53:38 Sent {"src":"n1","dest":"n0","body":{"message":[2,3,5,8,9,11,12,15,16,17,20,21,22,24,27,28,31,33,34,35,38,41,45,49,50,51,56,58,59,62,63,66,67,71,72,73],"type":"periodic_broadcast"}}
2024/12/27 00:53:38 Received {n0 n1 {"message":[2,3,5,8,9,11,12,15,16,17,20,21,22,24,27,28,31,33,34,35,38,41,45,49,50,51,56,58,59,62,63,66,67,71,72,73],"type":"periodic_broadcast"}}
2024/12/27 00:53:38 Received {n0 n1 {"message":76,"msg_id":46,"type":"broadcast"}}
2024/12/27 00:53:38 Sent {"src":"n1","dest":"n4","body":{"message":76,"msg_id":46,"type":"broadcast"}}
2024/12/27 00:53:38 Sent {"src":"n1","dest":"n2","body":{"message":76,"msg_id":46,"type":"broadcast"}}
2024/12/27 00:53:38 Sent {"src":"n1","dest":"n0","body":{"in_reply_to":46,"type":"broadcast_ok"}}
2024/12/27 00:53:38 Received {c10 n1 {"type":"read","msg_id":24}}
2024/12/27 00:53:38 Sent {"src":"n1","dest":"c10","body":{"in_reply_to":24,"messages":[2,3,5,8,9,11,12,15,16,17,20,21,22,24,27,28,31,33,34,35,38,41,45,49,50,51,56,58,59,62,63,66,67,71,72,73,76],"type":"read_ok"}}
2024/12/27 00:53:39 Received {n0 n1 {"message":78,"msg_id":47,"type":"broadcast"}}
2024/12/27 00:53:39 Sent {"src":"n1","dest":"n4","body":{"message":78,"msg_id":47,"type":"broadcast"}}
2024/12/27 00:53:39 Sent {"src":"n1","dest":"n2","body":{"message":78,"msg_id":47,"type":"broadcast"}}
2024/12/27 00:53:39 Sent {"src":"n1","dest":"n0","body":{"in_reply_to":47,"type":"broadcast_ok"}}
2024/12/27 00:53:39 Received {n0 n1 {"message":79,"msg_id":48,"type":"broadcast"}}
2024/12/27 00:53:39 Sent {"src":"n1","dest":"n4","body":{"message":79,"msg_id":48,"type":"broadcast"}}
2024/12/27 00:53:39 Sent {"src":"n1","dest":"n2","body":{"message":79,"msg_id":48,"type":"broadcast"}}
2024/12/27 00:53:39 Sent {"src":"n1","dest":"n0","body":{"in_reply_to":48,"type":"broadcast_ok"}}
2024/12/27 00:53:39 Received {c10 n1 {"type":"read","msg_id":25}}
2024/12/27 00:53:39 Sent {"src":"n1","dest":"c10","body":{"in_reply_to":25,"messages":[2,3,5,8,9,11,12,15,16,17,20,21,22,24,27,28,31,33,34,35,38,41,45,49,50,51,56,58,59,62,63,66,67,71,72,73,76,78,79],"type":"read_ok"}}
2024/12/27 00:53:39 Sent {"src":"n1","dest":"n4","body":{"message":[2,3,5,8,9,11,12,15,16,17,20,21,22,24,27,28,31,33,34,35,38,41,45,49,50,51,56,58,59,62,63,66,67,71,72,73,76,78,79],"type":"periodic_broadcast"}}
2024/12/27 00:53:39 Sent {"src":"n1","dest":"n2","body":{"message":[2,3,5,8,9,11,12,15,16,17,20,21,22,24,27,28,31,33,34,35,38,41,45,49,50,51,56,58,59,62,63,66,67,71,72,73,76,78,79],"type":"periodic_broadcast"}}
2024/12/27 00:53:39 Sent {"src":"n1","dest":"n0","body":{"message":[2,3,5,8,9,11,12,15,16,17,20,21,22,24,27,28,31,33,34,35,38,41,45,49,50,51,56,58,59,62,63,66,67,71,72,73,76,78,79],"type":"periodic_broadcast"}}
2024/12/27 00:53:39 Received {n0 n1 {"message":[2,3,5,8,9,11,12,15,16,17,20,21,22,24,27,28,31,33,34,35,38,41,45,49,50,51,56,58,59,62,63,66,67,71,72,73,76,78,79],"type":"periodic_broadcast"}}
2024/12/27 00:53:39 Received {n0 n1 {"message":82,"msg_id":50,"type":"broadcast"}}
2024/12/27 00:53:39 Sent {"src":"n1","dest":"n4","body":{"message":82,"msg_id":50,"type":"broadcast"}}
2024/12/27 00:53:39 Sent {"src":"n1","dest":"n2","body":{"message":82,"msg_id":50,"type":"broadcast"}}
2024/12/27 00:53:39 Sent {"src":"n1","dest":"n0","body":{"in_reply_to":50,"type":"broadcast_ok"}}
2024/12/27 00:53:39 Received {c10 n1 {"type":"read","msg_id":26}}
2024/12/27 00:53:39 Sent {"src":"n1","dest":"c10","body":{"in_reply_to":26,"messages":[2,3,5,8,9,11,12,15,16,17,20,21,22,24,27,28,31,33,34,35,38,41,45,49,50,51,56,58,59,62,63,66,67,71,72,73,76,78,79,82],"type":"read_ok"}}
2024/12/27 00:53:40 Received {n0 n1 {"message":84,"msg_id":51,"type":"broadcast"}}
2024/12/27 00:53:40 Sent {"src":"n1","dest":"n4","body":{"message":84,"msg_id":51,"type":"broadcast"}}
2024/12/27 00:53:40 Sent {"src":"n1","dest":"n2","body":{"message":84,"msg_id":51,"type":"broadcast"}}
2024/12/27 00:53:40 Sent {"src":"n1","dest":"n0","body":{"in_reply_to":51,"type":"broadcast_ok"}}
2024/12/27 00:53:40 Received {n0 n1 {"message":85,"msg_id":52,"type":"broadcast"}}
2024/12/27 00:53:40 Sent {"src":"n1","dest":"n4","body":{"message":85,"msg_id":52,"type":"broadcast"}}
2024/12/27 00:53:40 Sent {"src":"n1","dest":"n2","body":{"message":85,"msg_id":52,"type":"broadcast"}}
2024/12/27 00:53:40 Sent {"src":"n1","dest":"n0","body":{"in_reply_to":52,"type":"broadcast_ok"}}
2024/12/27 00:53:40 Sent {"src":"n1","dest":"n4","body":{"message":[2,3,5,8,9,11,12,15,16,17,20,21,22,24,27,28,31,33,34,35,38,41,45,49,50,51,56,58,59,62,63,66,67,71,72,73,76,78,79,82,84,85],"type":"periodic_broadcast"}}
2024/12/27 00:53:40 Sent {"src":"n1","dest":"n2","body":{"message":[2,3,5,8,9,11,12,15,16,17,20,21,22,24,27,28,31,33,34,35,38,41,45,49,50,51,56,58,59,62,63,66,67,71,72,73,76,78,79,82,84,85],"type":"periodic_broadcast"}}
2024/12/27 00:53:40 Sent {"src":"n1","dest":"n0","body":{"message":[2,3,5,8,9,11,12,15,16,17,20,21,22,24,27,28,31,33,34,35,38,41,45,49,50,51,56,58,59,62,63,66,67,71,72,73,76,78,79,82,84,85],"type":"periodic_broadcast"}}
2024/12/27 00:53:40 Received {n0 n1 {"message":[2,3,5,8,9,11,12,15,16,17,20,21,22,24,27,28,31,33,34,35,38,41,45,49,50,51,56,58,59,62,63,66,67,71,72,73,76,78,79,82,84,85],"type":"periodic_broadcast"}}
2024/12/27 00:53:40 Received {c10 n1 {"type":"read","msg_id":27}}
2024/12/27 00:53:40 Sent {"src":"n1","dest":"c10","body":{"in_reply_to":27,"messages":[2,3,5,8,9,11,12,15,16,17,20,21,22,24,27,28,31,33,34,35,38,41,45,49,50,51,56,58,59,62,63,66,67,71,72,73,76,78,79,82,84,85],"type":"read_ok"}}
2024/12/27 00:53:40 Received {c10 n1 {"type":"read","msg_id":28}}
2024/12/27 00:53:40 Sent {"src":"n1","dest":"c10","body":{"in_reply_to":28,"messages":[2,3,5,8,9,11,12,15,16,17,20,21,22,24,27,28,31,33,34,35,38,41,45,49,50,51,56,58,59,62,63,66,67,71,72,73,76,78,79,82,84,85],"type":"read_ok"}}
2024/12/27 00:53:41 Sent {"src":"n1","dest":"n4","body":{"message":[2,3,5,8,9,11,12,15,16,17,20,21,22,24,27,28,31,33,34,35,38,41,45,49,50,51,56,58,59,62,63,66,67,71,72,73,76,78,79,82,84,85],"type":"periodic_broadcast"}}
2024/12/27 00:53:41 Sent {"src":"n1","dest":"n2","body":{"message":[2,3,5,8,9,11,12,15,16,17,20,21,22,24,27,28,31,33,34,35,38,41,45,49,50,51,56,58,59,62,63,66,67,71,72,73,76,78,79,82,84,85],"type":"periodic_broadcast"}}
2024/12/27 00:53:41 Sent {"src":"n1","dest":"n0","body":{"message":[2,3,5,8,9,11,12,15,16,17,20,21,22,24,27,28,31,33,34,35,38,41,45,49,50,51,56,58,59,62,63,66,67,71,72,73,76,78,79,82,84,85],"type":"periodic_broadcast"}}
2024/12/27 00:53:41 Received {n0 n1 {"message":[2,3,5,8,9,11,12,15,16,17,20,21,22,24,27,28,31,33,34,35,38,41,45,49,50,51,56,58,59,62,63,66,67,71,72,73,76,78,79,82,84,85],"type":"periodic_broadcast"}}
2024/12/27 00:53:41 Received {n0 n1 {"message":90,"msg_id":55,"type":"broadcast"}}
2024/12/27 00:53:41 Sent {"src":"n1","dest":"n4","body":{"message":90,"msg_id":55,"type":"broadcast"}}
2024/12/27 00:53:41 Sent {"src":"n1","dest":"n2","body":{"message":90,"msg_id":55,"type":"broadcast"}}
2024/12/27 00:53:41 Sent {"src":"n1","dest":"n0","body":{"in_reply_to":55,"type":"broadcast_ok"}}
2024/12/27 00:53:41 Received {c10 n1 {"type":"broadcast","message":91,"msg_id":29}}
2024/12/27 00:53:41 Sent {"src":"n1","dest":"n4","body":{"message":91,"msg_id":29,"type":"broadcast"}}
2024/12/27 00:53:41 Sent {"src":"n1","dest":"n2","body":{"message":91,"msg_id":29,"type":"broadcast"}}
2024/12/27 00:53:41 Sent {"src":"n1","dest":"n0","body":{"message":91,"msg_id":29,"type":"broadcast"}}
2024/12/27 00:53:41 Sent {"src":"n1","dest":"c10","body":{"in_reply_to":29,"type":"broadcast_ok"}}
2024/12/27 00:53:41 Received {n0 n1 {"in_reply_to":29,"type":"broadcast_ok"}}
2024/12/27 00:53:41 Ignoring reply to 29 with no callback
2024/12/27 00:53:41 Received {n0 n1 {"message":92,"msg_id":57,"type":"broadcast"}}
2024/12/27 00:53:41 Sent {"src":"n1","dest":"n4","body":{"message":92,"msg_id":57,"type":"broadcast"}}
2024/12/27 00:53:41 Sent {"src":"n1","dest":"n2","body":{"message":92,"msg_id":57,"type":"broadcast"}}
2024/12/27 00:53:41 Sent {"src":"n1","dest":"n0","body":{"in_reply_to":57,"type":"broadcast_ok"}}
2024/12/27 00:53:42 Received {n0 n1 {"message":93,"msg_id":58,"type":"broadcast"}}
2024/12/27 00:53:42 Sent {"src":"n1","dest":"n4","body":{"message":93,"msg_id":58,"type":"broadcast"}}
2024/12/27 00:53:42 Sent {"src":"n1","dest":"n2","body":{"message":93,"msg_id":58,"type":"broadcast"}}
2024/12/27 00:53:42 Sent {"src":"n1","dest":"n0","body":{"in_reply_to":58,"type":"broadcast_ok"}}
2024/12/27 00:53:42 Received {c10 n1 {"type":"broadcast","message":94,"msg_id":30}}
2024/12/27 00:53:42 Sent {"src":"n1","dest":"n4","body":{"message":94,"msg_id":30,"type":"broadcast"}}
2024/12/27 00:53:42 Sent {"src":"n1","dest":"n2","body":{"message":94,"msg_id":30,"type":"broadcast"}}
2024/12/27 00:53:42 Sent {"src":"n1","dest":"n0","body":{"message":94,"msg_id":30,"type":"broadcast"}}
2024/12/27 00:53:42 Sent {"src":"n1","dest":"c10","body":{"in_reply_to":30,"type":"broadcast_ok"}}
2024/12/27 00:53:42 Received {n0 n1 {"in_reply_to":30,"type":"broadcast_ok"}}
2024/12/27 00:53:42 Ignoring reply to 30 with no callback
2024/12/27 00:53:42 Sent {"src":"n1","dest":"n4","body":{"message":[2,3,5,8,9,11,12,15,16,17,20,21,22,24,27,28,31,33,34,35,38,41,45,49,50,51,56,58,59,62,63,66,67,71,72,73,76,78,79,82,84,85,90,91,92,93,94],"type":"periodic_broadcast"}}
2024/12/27 00:53:42 Sent {"src":"n1","dest":"n2","body":{"message":[2,3,5,8,9,11,12,15,16,17,20,21,22,24,27,28,31,33,34,35,38,41,45,49,50,51,56,58,59,62,63,66,67,71,72,73,76,78,79,82,84,85,90,91,92,93,94],"type":"periodic_broadcast"}}
2024/12/27 00:53:42 Sent {"src":"n1","dest":"n0","body":{"message":[2,3,5,8,9,11,12,15,16,17,20,21,22,24,27,28,31,33,34,35,38,41,45,49,50,51,56,58,59,62,63,66,67,71,72,73,76,78,79,82,84,85,90,91,92,93,94],"type":"periodic_broadcast"}}
2024/12/27 00:53:42 Received {n0 n1 {"message":[2,3,5,8,9,11,12,15,16,17,20,21,22,24,27,28,31,33,34,35,38,41,45,49,50,51,56,58,59,62,63,66,67,71,72,73,76,78,79,82,84,85,90,91,92,93,94],"type":"periodic_broadcast"}}
2024/12/27 00:53:42 Received {n0 n1 {"message":96,"msg_id":59,"type":"broadcast"}}
2024/12/27 00:53:42 Sent {"src":"n1","dest":"n4","body":{"message":96,"msg_id":59,"type":"broadcast"}}
2024/12/27 00:53:42 Sent {"src":"n1","dest":"n2","body":{"message":96,"msg_id":59,"type":"broadcast"}}
2024/12/27 00:53:42 Sent {"src":"n1","dest":"n0","body":{"in_reply_to":59,"type":"broadcast_ok"}}
2024/12/27 00:53:42 Received {c10 n1 {"type":"read","msg_id":31}}
2024/12/27 00:53:42 Sent {"src":"n1","dest":"c10","body":{"in_reply_to":31,"messages":[2,3,5,8,9,11,12,15,16,17,20,21,22,24,27,28,31,33,34,35,38,41,45,49,50,51,56,58,59,62,63,66,67,71,72,73,76,78,79,82,84,85,90,91,92,93,94,96],"type":"read_ok"}}
2024/12/27 00:53:43 Sent {"src":"n1","dest":"n4","body":{"message":[2,3,5,8,9,11,12,15,16,17,20,21,22,24,27,28,31,33,34,35,38,41,45,49,50,51,56,58,59,62,63,66,67,71,72,73,76,78,79,82,84,85,90,91,92,93,94,96],"type":"periodic_broadcast"}}
2024/12/27 00:53:43 Sent {"src":"n1","dest":"n2","body":{"message":[2,3,5,8,9,11,12,15,16,17,20,21,22,24,27,28,31,33,34,35,38,41,45,49,50,51,56,58,59,62,63,66,67,71,72,73,76,78,79,82,84,85,90,91,92,93,94,96],"type":"periodic_broadcast"}}
2024/12/27 00:53:43 Sent {"src":"n1","dest":"n0","body":{"message":[2,3,5,8,9,11,12,15,16,17,20,21,22,24,27,28,31,33,34,35,38,41,45,49,50,51,56,58,59,62,63,66,67,71,72,73,76,78,79,82,84,85,90,91,92,93,94,96],"type":"periodic_broadcast"}}
2024/12/27 00:53:43 Received {n0 n1 {"message":[2,3,5,8,9,11,12,15,16,17,20,21,22,24,27,28,31,33,34,35,38,41,45,49,50,51,56,58,59,62,63,66,67,71,72,73,76,78,79,82,84,85,90,91,92,93,94,96],"type":"periodic_broadcast"}}
2024/12/27 00:53:43 Received {c10 n1 {"type":"broadcast","message":99,"msg_id":32}}
2024/12/27 00:53:43 Sent {"src":"n1","dest":"n4","body":{"message":99,"msg_id":32,"type":"broadcast"}}
2024/12/27 00:53:43 Sent {"src":"n1","dest":"n2","body":{"message":99,"msg_id":32,"type":"broadcast"}}
2024/12/27 00:53:43 Sent {"src":"n1","dest":"n0","body":{"message":99,"msg_id":32,"type":"broadcast"}}
2024/12/27 00:53:43 Sent {"src":"n1","dest":"c10","body":{"in_reply_to":32,"type":"broadcast_ok"}}
2024/12/27 00:53:43 Received {n0 n1 {"in_reply_to":32,"type":"broadcast_ok"}}
2024/12/27 00:53:43 Ignoring reply to 32 with no callback
2024/12/27 00:53:43 Received {n0 n1 {"message":102,"msg_id":63,"type":"broadcast"}}
2024/12/27 00:53:43 Sent {"src":"n1","dest":"n4","body":{"message":102,"msg_id":63,"type":"broadcast"}}
2024/12/27 00:53:43 Sent {"src":"n1","dest":"n2","body":{"message":102,"msg_id":63,"type":"broadcast"}}
2024/12/27 00:53:43 Sent {"src":"n1","dest":"n0","body":{"in_reply_to":63,"type":"broadcast_ok"}}
2024/12/27 00:53:43 Received {n0 n1 {"message":103,"msg_id":64,"type":"broadcast"}}
2024/12/27 00:53:43 Sent {"src":"n1","dest":"n4","body":{"message":103,"msg_id":64,"type":"broadcast"}}
2024/12/27 00:53:43 Sent {"src":"n1","dest":"n2","body":{"message":103,"msg_id":64,"type":"broadcast"}}
2024/12/27 00:53:43 Sent {"src":"n1","dest":"n0","body":{"in_reply_to":64,"type":"broadcast_ok"}}
2024/12/27 00:53:43 Received {c10 n1 {"type":"broadcast","message":104,"msg_id":33}}
2024/12/27 00:53:43 Sent {"src":"n1","dest":"n4","body":{"message":104,"msg_id":33,"type":"broadcast"}}
2024/12/27 00:53:43 Sent {"src":"n1","dest":"n2","body":{"message":104,"msg_id":33,"type":"broadcast"}}
2024/12/27 00:53:43 Sent {"src":"n1","dest":"n0","body":{"message":104,"msg_id":33,"type":"broadcast"}}
2024/12/27 00:53:43 Sent {"src":"n1","dest":"c10","body":{"in_reply_to":33,"type":"broadcast_ok"}}
2024/12/27 00:53:43 Received {n0 n1 {"in_reply_to":33,"type":"broadcast_ok"}}
2024/12/27 00:53:43 Ignoring reply to 33 with no callback
2024/12/27 00:53:44 Received {n0 n1 {"message":105,"msg_id":65,"type":"broadcast"}}
2024/12/27 00:53:44 Sent {"src":"n1","dest":"n4","body":{"message":105,"msg_id":65,"type":"broadcast"}}
2024/12/27 00:53:44 Sent {"src":"n1","dest":"n2","body":{"message":105,"msg_id":65,"type":"broadcast"}}
2024/12/27 00:53:44 Sent {"src":"n1","dest":"n0","body":{"in_reply_to":65,"type":"broadcast_ok"}}
2024/12/27 00:53:44 Received {n2 n1 {"in_reply_to":65,"type":"broadcast_ok"}}
2024/12/27 00:53:44 Ignoring reply to 65 with no callback
2024/12/27 00:53:44 Received {n4 n1 {"in_reply_to":65,"type":"broadcast_ok"}}
2024/12/27 00:53:44 Ignoring reply to 65 with no callback
2024/12/27 00:53:44 Sent {"src":"n1","dest":"n4","body":{"message":[2,3,5,8,9,11,12,15,16,17,20,21,22,24,27,28,31,33,34,35,38,41,45,49,50,51,56,58,59,62,63,66,67,71,72,73,76,78,79,82,84,85,90,91,92,93,94,96,99,102,103,104,105],"type":"periodic_broadcast"}}
2024/12/27 00:53:44 Received {n2 n1 {"message":[0,6,10,13,25,29,42,46,53,68,74,77,80,86,88,100,105],"type":"periodic_broadcast"}}
2024/12/27 00:53:44 Sent {"src":"n1","dest":"n2","body":{"message":[2,3,5,8,9,11,12,15,16,17,20,21,22,24,27,28,31,33,34,35,38,41,45,49,50,51,56,58,59,62,63,66,67,71,72,73,76,78,79,82,84,85,90,91,92,93,94,96,99,102,103,104,105],"type":"periodic_broadcast"}}
2024/12/27 00:53:44 Sent {"src":"n1","dest":"n0","body":{"message":[2,3,5,8,9,11,12,15,16,17,20,21,22,24,27,28,31,33,34,35,38,41,45,49,50,51,56,58,59,62,63,66,67,71,72,73,76,78,79,82,84,85,90,91,92,93,94,96,99,102,103,104,105],"type":"periodic_broadcast"}}
2024/12/27 00:53:44 Received {n4 n1 {"message":[4,7,14,19,23,26,30,37,40,44,48,55,57,61,65,70,81,89,95,98,101,105],"type":"periodic_broadcast"}}
2024/12/27 00:53:44 Received {n0 n1 {"message":[2,3,5,8,9,11,12,15,16,17,20,21,22,24,27,28,31,33,34,35,38,41,45,49,50,51,56,58,59,62,63,66,67,71,72,73,76,78,79,82,84,85,90,91,92,93,94,96,99,102,103,104,105,1,18,32,36,39,43,47,52,54,60,64,69,75,83,87,97],"type":"periodic_broadcast"}}
2024/12/27 00:53:44 Received {c10 n1 {"type":"broadcast","message":106,"msg_id":34}}
2024/12/27 00:53:44 Sent {"src":"n1","dest":"n4","body":{"message":106,"msg_id":34,"type":"broadcast"}}
2024/12/27 00:53:44 Sent {"src":"n1","dest":"n2","body":{"message":106,"msg_id":34,"type":"broadcast"}}
2024/12/27 00:53:44 Sent {"src":"n1","dest":"n0","body":{"message":106,"msg_id":34,"type":"broadcast"}}
2024/12/27 00:53:44 Sent {"src":"n1","dest":"c10","body":{"in_reply_to":34,"type":"broadcast_ok"}}
2024/12/27 00:53:44 Received {n2 n1 {"in_reply_to":34,"type":"broadcast_ok"}}
2024/12/27 00:53:44 Ignoring reply to 34 with no callback
2024/12/27 00:53:44 Received {n0 n1 {"in_reply_to":34,"type":"broadcast_ok"}}
2024/12/27 00:53:44 Ignoring reply to 34 with no callback
2024/12/27 00:53:44 Received {n4 n1 {"in_reply_to":34,"type":"broadcast_ok"}}
2024/12/27 00:53:44 Ignoring reply to 34 with no callback
2024/12/27 00:53:45 Sent {"src":"n1","dest":"n4","body":{"message":[2,3,5,8,9,11,12,15,16,17,20,21,22,24,27,28,31,33,34,35,38,41,45,49,50,51,56,58,59,62,63,66,67,71,72,73,76,78,79,82,84,85,90,91,92,93,94,96,99,102,103,104,105,0,6,10,13,25,29,42,46,53,68,74,77,80,86,88,100,4,7,14,19,23,26,30,37,40,44,48,55,57,61,65,70,81,89,95,98,101,1,18,32,36,39,43,47,52,54,60,64,69,75,83,87,97,106],"type":"periodic_broadcast"}}
2024/12/27 00:53:45 Received {n2 n1 {"message":[0,6,10,13,25,29,42,46,53,68,74,77,80,86,88,100,105,2,3,5,8,9,11,12,15,16,17,20,21,22,24,27,28,31,33,34,35,38,41,45,49,50,51,56,58,59,62,63,66,67,71,72,73,76,78,79,82,84,85,90,91,92,93,94,96,99,102,103,104,106],"type":"periodic_broadcast"}}
2024/12/27 00:53:45 Sent {"src":"n1","dest":"n2","body":{"message":[2,3,5,8,9,11,12,15,16,17,20,21,22,24,27,28,31,33,34,35,38,41,45,49,50,51,56,58,59,62,63,66,67,71,72,73,76,78,79,82,84,85,90,91,92,93,94,96,99,102,103,104,105,0,6,10,13,25,29,42,46,53,68,74,77,80,86,88,100,4,7,14,19,23,26,30,37,40,44,48,55,57,61,65,70,81,89,95,98,101,1,18,32,36,39,43,47,52,54,60,64,69,75,83,87,97,106],"type":"periodic_broadcast"}}
2024/12/27 00:53:45 Sent {"src":"n1","dest":"n0","body":{"message":[2,3,5,8,9,11,12,15,16,17,20,21,22,24,27,28,31,33,34,35,38,41,45,49,50,51,56,58,59,62,63,66,67,71,72,73,76,78,79,82,84,85,90,91,92,93,94,96,99,102,103,104,105,0,6,10,13,25,29,42,46,53,68,74,77,80,86,88,100,4,7,14,19,23,26,30,37,40,44,48,55,57,61,65,70,81,89,95,98,101,1,18,32,36,39,43,47,52,54,60,64,69,75,83,87,97,106],"type":"periodic_broadcast"}}
2024/12/27 00:53:45 Received {n4 n1 {"message":[4,7,14,19,23,26,30,37,40,44,48,55,57,61,65,70,81,89,95,98,101,105,1,18,32,36,39,43,47,52,54,60,64,69,75,83,87,97,2,3,5,8,9,11,12,15,16,17,20,21,22,24,27,28,31,33,34,35,38,41,45,49,50,51,56,58,59,62,63,66,67,71,72,73,76,78,79,82,84,85,90,91,92,93,94,96,99,102,103,104,106],"type":"periodic_broadcast"}}
2024/12/27 00:53:45 Received {n0 n1 {"message":[2,3,5,8,9,11,12,15,16,17,20,21,22,24,27,28,31,33,34,35,38,41,45,49,50,51,56,58,59,62,63,66,67,71,72,73,76,78,79,82,84,85,90,91,92,93,94,96,99,102,103,104,105,1,18,32,36,39,43,47,52,54,60,64,69,75,83,87,97,106,4,7,14,19,23,26,30,37,40,44,48,55,57,61,65,70,81,89,95,98,101],"type":"periodic_broadcast"}}
2024/12/27 00:53:46 Sent {"src":"n1","dest":"n4","body":{"message":[2,3,5,8,9,11,12,15,16,17,20,21,22,24,27,28,31,33,34,35,38,41,45,49,50,51,56,58,59,62,63,66,67,71,72,73,76,78,79,82,84,85,90,91,92,93,94,96,99,102,103,104,105,0,6,10,13,25,29,42,46,53,68,74,77,80,86,88,100,4,7,14,19,23,26,30,37,40,44,48,55,57,61,65,70,81,89,95,98,101,1,18,32,36,39,43,47,52,54,60,64,69,75,83,87,97,106],"type":"periodic_broadcast"}}
2024/12/27 00:53:46 Sent {"src":"n1","dest":"n2","body":{"message":[2,3,5,8,9,11,12,15,16,17,20,21,22,24,27,28,31,33,34,35,38,41,45,49,50,51,56,58,59,62,63,66,67,71,72,73,76,78,79,82,84,85,90,91,92,93,94,96,99,102,103,104,105,0,6,10,13,25,29,42,46,53,68,74,77,80,86,88,100,4,7,14,19,23,26,30,37,40,44,48,55,57,61,65,70,81,89,95,98,101,1,18,32,36,39,43,47,52,54,60,64,69,75,83,87,97,106],"type":"periodic_broadcast"}}
2024/12/27 00:53:46 Sent {"src":"n1","dest":"n0","body":{"message":[2,3,5,8,9,11,12,15,16,17,20,21,22,24,27,28,31,33,34,35,38,41,45,49,50,51,56,58,59,62,63,66,67,71,72,73,76,78,79,82,84,85,90,91,92,93,94,96,99,102,103,104,105,0,6,10,13,25,29,42,46,53,68,74,77,80,86,88,100,4,7,14,19,23,26,30,37,40,44,48,55,57,61,65,70,81,89,95,98,101,1,18,32,36,39,43,47,52,54,60,64,69,75,83,87,97,106],"type":"periodic_broadcast"}}
2024/12/27 00:53:46 Received {n2 n1 {"message":[0,6,10,13,25,29,42,46,53,68,74,77,80,86,88,100,105,2,3,5,8,9,11,12,15,16,17,20,21,22,24,27,28,31,33,34,35,38,41,45,49,50,51,56,58,59,62,63,66,67,71,72,73,76,78,79,82,84,85,90,91,92,93,94,96,99,102,103,104,106,4,7,14,19,23,26,30,37,40,44,48,55,57,61,65,70,81,89,95,98,101,1,18,32,36,39,43,47,52,54,60,64,69,75,83,87,97],"type":"periodic_broadcast"}}
2024/12/27 00:53:46 Received {n4 n1 {"message":[4,7,14,19,23,26,30,37,40,44,48,55,57,61,65,70,81,89,95,98,101,105,1,18,32,36,39,43,47,52,54,60,64,69,75,83,87,97,2,3,5,8,9,11,12,15,16,17,20,21,22,24,27,28,31,33,34,35,38,41,45,49,50,51,56,58,59,62,63,66,67,71,72,73,76,78,79,82,84,85,90,91,92,93,94,96,99,102,103,104,106,0,6,10,13,25,29,42,46,53,68,74,77,80,86,88,100],"type":"periodic_broadcast"}}
2024/12/27 00:53:46 Received {n0 n1 {"message":[2,3,5,8,9,11,12,15,16,17,20,21,22,24,27,28,31,33,34,35,38,41,45,49,50,51,56,58,59,62,63,66,67,71,72,73,76,78,79,82,84,85,90,91,92,93,94,96,99,102,103,104,105,1,18,32,36,39,43,47,52,54,60,64,69,75,83,87,97,106,4,7,14,19,23,26,30,37,40,44,48,55,57,61,65,70,81,89,95,98,101,0,6,10,13,25,29,42,46,53,68,74,77,80,86,88,100],"type":"periodic_broadcast"}}
2024/12/27 00:53:47 Sent {"src":"n1","dest":"n4","body":{"message":[2,3,5,8,9,11,12,15,16,17,20,21,22,24,27,28,31,33,34,35,38,41,45,49,50,51,56,58,59,62,63,66,67,71,72,73,76,78,79,82,84,85,90,91,92,93,94,96,99,102,103,104,105,0,6,10,13,25,29,42,46,53,68,74,77,80,86,88,100,4,7,14,19,23,26,30,37,40,44,48,55,57,61,65,70,81,89,95,98,101,1,18,32,36,39,43,47,52,54,60,64,69,75,83,87,97,106],"type":"periodic_broadcast"}}
2024/12/27 00:53:47 Sent {"src":"n1","dest":"n2","body":{"message":[2,3,5,8,9,11,12,15,16,17,20,21,22,24,27,28,31,33,34,35,38,41,45,49,50,51,56,58,59,62,63,66,67,71,72,73,76,78,79,82,84,85,90,91,92,93,94,96,99,102,103,104,105,0,6,10,13,25,29,42,46,53,68,74,77,80,86,88,100,4,7,14,19,23,26,30,37,40,44,48,55,57,61,65,70,81,89,95,98,101,1,18,32,36,39,43,47,52,54,60,64,69,75,83,87,97,106],"type":"periodic_broadcast"}}
2024/12/27 00:53:47 Sent {"src":"n1","dest":"n0","body":{"message":[2,3,5,8,9,11,12,15,16,17,20,21,22,24,27,28,31,33,34,35,38,41,45,49,50,51,56,58,59,62,63,66,67,71,72,73,76,78,79,82,84,85,90,91,92,93,94,96,99,102,103,104,105,0,6,10,13,25,29,42,46,53,68,74,77,80,86,88,100,4,7,14,19,23,26,30,37,40,44,48,55,57,61,65,70,81,89,95,98,101,1,18,32,36,39,43,47,52,54,60,64,69,75,83,87,97,106],"type":"periodic_broadcast"}}
2024/12/27 00:53:47 Received {n2 n1 {"message":[0,6,10,13,25,29,42,46,53,68,74,77,80,86,88,100,105,2,3,5,8,9,11,12,15,16,17,20,21,22,24,27,28,31,33,34,35,38,41,45,49,50,51,56,58,59,62,63,66,67,71,72,73,76,78,79,82,84,85,90,91,92,93,94,96,99,102,103,104,106,4,7,14,19,23,26,30,37,40,44,48,55,57,61,65,70,81,89,95,98,101,1,18,32,36,39,43,47,52,54,60,64,69,75,83,87,97],"type":"periodic_broadcast"}}
2024/12/27 00:53:47 Received {n4 n1 {"message":[4,7,14,19,23,26,30,37,40,44,48,55,57,61,65,70,81,89,95,98,101,105,1,18,32,36,39,43,47,52,54,60,64,69,75,83,87,97,2,3,5,8,9,11,12,15,16,17,20,21,22,24,27,28,31,33,34,35,38,41,45,49,50,51,56,58,59,62,63,66,67,71,72,73,76,78,79,82,84,85,90,91,92,93,94,96,99,102,103,104,106,0,6,10,13,25,29,42,46,53,68,74,77,80,86,88,100],"type":"periodic_broadcast"}}
2024/12/27 00:53:47 Received {n0 n1 {"message":[2,3,5,8,9,11,12,15,16,17,20,21,22,24,27,28,31,33,34,35,38,41,45,49,50,51,56,58,59,62,63,66,67,71,72,73,76,78,79,82,84,85,90,91,92,93,94,96,99,102,103,104,105,1,18,32,36,39,43,47,52,54,60,64,69,75,83,87,97,106,4,7,14,19,23,26,30,37,40,44,48,55,57,61,65,70,81,89,95,98,101,0,6,10,13,25,29,42,46,53,68,74,77,80,86,88,100],"type":"periodic_broadcast"}}
2024/12/27 00:53:48 Sent {"src":"n1","dest":"n4","body":{"message":[2,3,5,8,9,11,12,15,16,17,20,21,22,24,27,28,31,33,34,35,38,41,45,49,50,51,56,58,59,62,63,66,67,71,72,73,76,78,79,82,84,85,90,91,92,93,94,96,99,102,103,104,105,0,6,10,13,25,29,42,46,53,68,74,77,80,86,88,100,4,7,14,19,23,26,30,37,40,44,48,55,57,61,65,70,81,89,95,98,101,1,18,32,36,39,43,47,52,54,60,64,69,75,83,87,97,106],"type":"periodic_broadcast"}}
2024/12/27 00:53:48 Sent {"src":"n1","dest":"n2","body":{"message":[2,3,5,8,9,11,12,15,16,17,20,21,22,24,27,28,31,33,34,35,38,41,45,49,50,51,56,58,59,62,63,66,67,71,72,73,76,78,79,82,84,85,90,91,92,93,94,96,99,102,103,104,105,0,6,10,13,25,29,42,46,53,68,74,77,80,86,88,100,4,7,14,19,23,26,30,37,40,44,48,55,57,61,65,70,81,89,95,98,101,1,18,32,36,39,43,47,52,54,60,64,69,75,83,87,97,106],"type":"periodic_broadcast"}}
2024/12/27 00:53:48 Sent {"src":"n1","dest":"n0","body":{"message":[2,3,5,8,9,11,12,15,16,17,20,21,22,24,27,28,31,33,34,35,38,41,45,49,50,51,56,58,59,62,63,66,67,71,72,73,76,78,79,82,84,85,90,91,92,93,94,96,99,102,103,104,105,0,6,10,13,25,29,42,46,53,68,74,77,80,86,88,100,4,7,14,19,23,26,30,37,40,44,48,55,57,61,65,70,81,89,95,98,101,1,18,32,36,39,43,47,52,54,60,64,69,75,83,87,97,106],"type":"periodic_broadcast"}}
2024/12/27 00:53:48 Received {n2 n1 {"message":[0,6,10,13,25,29,42,46,53,68,74,77,80,86,88,100,105,2,3,5,8,9,11,12,15,16,17,20,21,22,24,27,28,31,33,34,35,38,41,45,49,50,51,56,58,59,62,63,66,67,71,72,73,76,78,79,82,84,85,90,91,92,93,94,96,99,102,103,104,106,4,7,14,19,23,26,30,37,40,44,48,55,57,61,65,70,81,89,95,98,101,1,18,32,36,39,43,47,52,54,60,64,69,75,83,87,97],"type":"periodic_broadcast"}}
2024/12/27 00:53:48 Received {n4 n1 {"message":[4,7,14,19,23,26,30,37,40,44,48,55,57,61,65,70,81,89,95,98,101,105,1,18,32,36,39,43,47,52,54,60,64,69,75,83,87,97,2,3,5,8,9,11,12,15,16,17,20,21,22,24,27,28,31,33,34,35,38,41,45,49,50,51,56,58,59,62,63,66,67,71,72,73,76,78,79,82,84,85,90,91,92,93,94,96,99,102,103,104,106,0,6,10,13,25,29,42,46,53,68,74,77,80,86,88,100],"type":"periodic_broadcast"}}
2024/12/27 00:53:48 Received {n0 n1 {"message":[2,3,5,8,9,11,12,15,16,17,20,21,22,24,27,28,31,33,34,35,38,41,45,49,50,51,56,58,59,62,63,66,67,71,72,73,76,78,79,82,84,85,90,91,92,93,94,96,99,102,103,104,105,1,18,32,36,39,43,47,52,54,60,64,69,75,83,87,97,106,4,7,14,19,23,26,30,37,40,44,48,55,57,61,65,70,81,89,95,98,101,0,6,10,13,25,29,42,46,53,68,74,77,80,86,88,100],"type":"periodic_broadcast"}}
2024/12/27 00:53:49 Sent {"src":"n1","dest":"n4","body":{"message":[2,3,5,8,9,11,12,15,16,17,20,21,22,24,27,28,31,33,34,35,38,41,45,49,50,51,56,58,59,62,63,66,67,71,72,73,76,78,79,82,84,85,90,91,92,93,94,96,99,102,103,104,105,0,6,10,13,25,29,42,46,53,68,74,77,80,86,88,100,4,7,14,19,23,26,30,37,40,44,48,55,57,61,65,70,81,89,95,98,101,1,18,32,36,39,43,47,52,54,60,64,69,75,83,87,97,106],"type":"periodic_broadcast"}}
2024/12/27 00:53:49 Received {n2 n1 {"message":[0,6,10,13,25,29,42,46,53,68,74,77,80,86,88,100,105,2,3,5,8,9,11,12,15,16,17,20,21,22,24,27,28,31,33,34,35,38,41,45,49,50,51,56,58,59,62,63,66,67,71,72,73,76,78,79,82,84,85,90,91,92,93,94,96,99,102,103,104,106,4,7,14,19,23,26,30,37,40,44,48,55,57,61,65,70,81,89,95,98,101,1,18,32,36,39,43,47,52,54,60,64,69,75,83,87,97],"type":"periodic_broadcast"}}
2024/12/27 00:53:49 Sent {"src":"n1","dest":"n2","body":{"message":[2,3,5,8,9,11,12,15,16,17,20,21,22,24,27,28,31,33,34,35,38,41,45,49,50,51,56,58,59,62,63,66,67,71,72,73,76,78,79,82,84,85,90,91,92,93,94,96,99,102,103,104,105,0,6,10,13,25,29,42,46,53,68,74,77,80,86,88,100,4,7,14,19,23,26,30,37,40,44,48,55,57,61,65,70,81,89,95,98,101,1,18,32,36,39,43,47,52,54,60,64,69,75,83,87,97,106],"type":"periodic_broadcast"}}
2024/12/27 00:53:49 Sent {"src":"n1","dest":"n0","body":{"message":[2,3,5,8,9,11,12,15,16,17,20,21,22,24,27,28,31,33,34,35,38,41,45,49,50,51,56,58,59,62,63,66,67,71,72,73,76,78,79,82,84,85,90,91,92,93,94,96,99,102,103,104,105,0,6,10,13,25,29,42,46,53,68,74,77,80,86,88,100,4,7,14,19,23,26,30,37,40,44,48,55,57,61,65,70,81,89,95,98,101,1,18,32,36,39,43,47,52,54,60,64,69,75,83,87,97,106],"type":"periodic_broadcast"}}
2024/12/27 00:53:49 Received {n4 n1 {"message":[4,7,14,19,23,26,30,37,40,44,48,55,57,61,65,70,81,89,95,98,101,105,1,18,32,36,39,43,47,52,54,60,64,69,75,83,87,97,2,3,5,8,9,11,12,15,16,17,20,21,22,24,27,28,31,33,34,35,38,41,45,49,50,51,56,58,59,62,63,66,67,71,72,73,76,78,79,82,84,85,90,91,92,93,94,96,99,102,103,104,106,0,6,10,13,25,29,42,46,53,68,74,77,80,86,88,100],"type":"periodic_broadcast"}}
2024/12/27 00:53:49 Received {n0 n1 {"message":[2,3,5,8,9,11,12,15,16,17,20,21,22,24,27,28,31,33,34,35,38,41,45,49,50,51,56,58,59,62,63,66,67,71,72,73,76,78,79,82,84,85,90,91,92,93,94,96,99,102,103,104,105,1,18,32,36,39,43,47,52,54,60,64,69,75,83,87,97,106,4,7,14,19,23,26,30,37,40,44,48,55,57,61,65,70,81,89,95,98,101,0,6,10,13,25,29,42,46,53,68,74,77,80,86,88,100],"type":"periodic_broadcast"}}
2024/12/27 00:53:50 Received {n2 n1 {"message":[0,6,10,13,25,29,42,46,53,68,74,77,80,86,88,100,105,2,3,5,8,9,11,12,15,16,17,20,21,22,24,27,28,31,33,34,35,38,41,45,49,50,51,56,58,59,62,63,66,67,71,72,73,76,78,79,82,84,85,90,91,92,93,94,96,99,102,103,104,106,4,7,14,19,23,26,30,37,40,44,48,55,57,61,65,70,81,89,95,98,101,1,18,32,36,39,43,47,52,54,60,64,69,75,83,87,97],"type":"periodic_broadcast"}}
2024/12/27 00:53:50 Sent {"src":"n1","dest":"n4","body":{"message":[2,3,5,8,9,11,12,15,16,17,20,21,22,24,27,28,31,33,34,35,38,41,45,49,50,51,56,58,59,62,63,66,67,71,72,73,76,78,79,82,84,85,90,91,92,93,94,96,99,102,103,104,105,0,6,10,13,25,29,42,46,53,68,74,77,80,86,88,100,4,7,14,19,23,26,30,37,40,44,48,55,57,61,65,70,81,89,95,98,101,1,18,32,36,39,43,47,52,54,60,64,69,75,83,87,97,106],"type":"periodic_broadcast"}}
2024/12/27 00:53:50 Sent {"src":"n1","dest":"n2","body":{"message":[2,3,5,8,9,11,12,15,16,17,20,21,22,24,27,28,31,33,34,35,38,41,45,49,50,51,56,58,59,62,63,66,67,71,72,73,76,78,79,82,84,85,90,91,92,93,94,96,99,102,103,104,105,0,6,10,13,25,29,42,46,53,68,74,77,80,86,88,100,4,7,14,19,23,26,30,37,40,44,48,55,57,61,65,70,81,89,95,98,101,1,18,32,36,39,43,47,52,54,60,64,69,75,83,87,97,106],"type":"periodic_broadcast"}}
2024/12/27 00:53:50 Sent {"src":"n1","dest":"n0","body":{"message":[2,3,5,8,9,11,12,15,16,17,20,21,22,24,27,28,31,33,34,35,38,41,45,49,50,51,56,58,59,62,63,66,67,71,72,73,76,78,79,82,84,85,90,91,92,93,94,96,99,102,103,104,105,0,6,10,13,25,29,42,46,53,68,74,77,80,86,88,100,4,7,14,19,23,26,30,37,40,44,48,55,57,61,65,70,81,89,95,98,101,1,18,32,36,39,43,47,52,54,60,64,69,75,83,87,97,106],"type":"periodic_broadcast"}}
2024/12/27 00:53:50 Received {n4 n1 {"message":[4,7,14,19,23,26,30,37,40,44,48,55,57,61,65,70,81,89,95,98,101,105,1,18,32,36,39,43,47,52,54,60,64,69,75,83,87,97,2,3,5,8,9,11,12,15,16,17,20,21,22,24,27,28,31,33,34,35,38,41,45,49,50,51,56,58,59,62,63,66,67,71,72,73,76,78,79,82,84,85,90,91,92,93,94,96,99,102,103,104,106,0,6,10,13,25,29,42,46,53,68,74,77,80,86,88,100],"type":"periodic_broadcast"}}
2024/12/27 00:53:50 Received {n0 n1 {"message":[2,3,5,8,9,11,12,15,16,17,20,21,22,24,27,28,31,33,34,35,38,41,45,49,50,51,56,58,59,62,63,66,67,71,72,73,76,78,79,82,84,85,90,91,92,93,94,96,99,102,103,104,105,1,18,32,36,39,43,47,52,54,60,64,69,75,83,87,97,106,4,7,14,19,23,26,30,37,40,44,48,55,57,61,65,70,81,89,95,98,101,0,6,10,13,25,29,42,46,53,68,74,77,80,86,88,100],"type":"periodic_broadcast"}}
2024/12/27 00:53:51 Received {n2 n1 {"message":[0,6,10,13,25,29,42,46,53,68,74,77,80,86,88,100,105,2,3,5,8,9,11,12,15,16,17,20,21,22,24,27,28,31,33,34,35,38,41,45,49,50,51,56,58,59,62,63,66,67,71,72,73,76,78,79,82,84,85,90,91,92,93,94,96,99,102,103,104,106,4,7,14,19,23,26,30,37,40,44,48,55,57,61,65,70,81,89,95,98,101,1,18,32,36,39,43,47,52,54,60,64,69,75,83,87,97],"type":"periodic_broadcast"}}
2024/12/27 00:53:51 Sent {"src":"n1","dest":"n4","body":{"message":[2,3,5,8,9,11,12,15,16,17,20,21,22,24,27,28,31,33,34,35,38,41,45,49,50,51,56,58,59,62,63,66,67,71,72,73,76,78,79,82,84,85,90,91,92,93,94,96,99,102,103,104,105,0,6,10,13,25,29,42,46,53,68,74,77,80,86,88,100,4,7,14,19,23,26,30,37,40,44,48,55,57,61,65,70,81,89,95,98,101,1,18,32,36,39,43,47,52,54,60,64,69,75,83,87,97,106],"type":"periodic_broadcast"}}
2024/12/27 00:53:51 Sent {"src":"n1","dest":"n2","body":{"message":[2,3,5,8,9,11,12,15,16,17,20,21,22,24,27,28,31,33,34,35,38,41,45,49,50,51,56,58,59,62,63,66,67,71,72,73,76,78,79,82,84,85,90,91,92,93,94,96,99,102,103,104,105,0,6,10,13,25,29,42,46,53,68,74,77,80,86,88,100,4,7,14,19,23,26,30,37,40,44,48,55,57,61,65,70,81,89,95,98,101,1,18,32,36,39,43,47,52,54,60,64,69,75,83,87,97,106],"type":"periodic_broadcast"}}
2024/12/27 00:53:51 Sent {"src":"n1","dest":"n0","body":{"message":[2,3,5,8,9,11,12,15,16,17,20,21,22,24,27,28,31,33,34,35,38,41,45,49,50,51,56,58,59,62,63,66,67,71,72,73,76,78,79,82,84,85,90,91,92,93,94,96,99,102,103,104,105,0,6,10,13,25,29,42,46,53,68,74,77,80,86,88,100,4,7,14,19,23,26,30,37,40,44,48,55,57,61,65,70,81,89,95,98,101,1,18,32,36,39,43,47,52,54,60,64,69,75,83,87,97,106],"type":"periodic_broadcast"}}
2024/12/27 00:53:51 Received {n4 n1 {"message":[4,7,14,19,23,26,30,37,40,44,48,55,57,61,65,70,81,89,95,98,101,105,1,18,32,36,39,43,47,52,54,60,64,69,75,83,87,97,2,3,5,8,9,11,12,15,16,17,20,21,22,24,27,28,31,33,34,35,38,41,45,49,50,51,56,58,59,62,63,66,67,71,72,73,76,78,79,82,84,85,90,91,92,93,94,96,99,102,103,104,106,0,6,10,13,25,29,42,46,53,68,74,77,80,86,88,100],"type":"periodic_broadcast"}}
2024/12/27 00:53:51 Received {n0 n1 {"message":[2,3,5,8,9,11,12,15,16,17,20,21,22,24,27,28,31,33,34,35,38,41,45,49,50,51,56,58,59,62,63,66,67,71,72,73,76,78,79,82,84,85,90,91,92,93,94,96,99,102,103,104,105,1,18,32,36,39,43,47,52,54,60,64,69,75,83,87,97,106,4,7,14,19,23,26,30,37,40,44,48,55,57,61,65,70,81,89,95,98,101,0,6,10,13,25,29,42,46,53,68,74,77,80,86,88,100],"type":"periodic_broadcast"}}
2024/12/27 00:53:52 Received {n2 n1 {"message":[0,6,10,13,25,29,42,46,53,68,74,77,80,86,88,100,105,2,3,5,8,9,11,12,15,16,17,20,21,22,24,27,28,31,33,34,35,38,41,45,49,50,51,56,58,59,62,63,66,67,71,72,73,76,78,79,82,84,85,90,91,92,93,94,96,99,102,103,104,106,4,7,14,19,23,26,30,37,40,44,48,55,57,61,65,70,81,89,95,98,101,1,18,32,36,39,43,47,52,54,60,64,69,75,83,87,97],"type":"periodic_broadcast"}}
2024/12/27 00:53:52 Sent {"src":"n1","dest":"n4","body":{"message":[2,3,5,8,9,11,12,15,16,17,20,21,22,24,27,28,31,33,34,35,38,41,45,49,50,51,56,58,59,62,63,66,67,71,72,73,76,78,79,82,84,85,90,91,92,93,94,96,99,102,103,104,105,0,6,10,13,25,29,42,46,53,68,74,77,80,86,88,100,4,7,14,19,23,26,30,37,40,44,48,55,57,61,65,70,81,89,95,98,101,1,18,32,36,39,43,47,52,54,60,64,69,75,83,87,97,106],"type":"periodic_broadcast"}}
2024/12/27 00:53:52 Sent {"src":"n1","dest":"n2","body":{"message":[2,3,5,8,9,11,12,15,16,17,20,21,22,24,27,28,31,33,34,35,38,41,45,49,50,51,56,58,59,62,63,66,67,71,72,73,76,78,79,82,84,85,90,91,92,93,94,96,99,102,103,104,105,0,6,10,13,25,29,42,46,53,68,74,77,80,86,88,100,4,7,14,19,23,26,30,37,40,44,48,55,57,61,65,70,81,89,95,98,101,1,18,32,36,39,43,47,52,54,60,64,69,75,83,87,97,106],"type":"periodic_broadcast"}}
2024/12/27 00:53:52 Sent {"src":"n1","dest":"n0","body":{"message":[2,3,5,8,9,11,12,15,16,17,20,21,22,24,27,28,31,33,34,35,38,41,45,49,50,51,56,58,59,62,63,66,67,71,72,73,76,78,79,82,84,85,90,91,92,93,94,96,99,102,103,104,105,0,6,10,13,25,29,42,46,53,68,74,77,80,86,88,100,4,7,14,19,23,26,30,37,40,44,48,55,57,61,65,70,81,89,95,98,101,1,18,32,36,39,43,47,52,54,60,64,69,75,83,87,97,106],"type":"periodic_broadcast"}}
2024/12/27 00:53:52 Received {n4 n1 {"message":[4,7,14,19,23,26,30,37,40,44,48,55,57,61,65,70,81,89,95,98,101,105,1,18,32,36,39,43,47,52,54,60,64,69,75,83,87,97,2,3,5,8,9,11,12,15,16,17,20,21,22,24,27,28,31,33,34,35,38,41,45,49,50,51,56,58,59,62,63,66,67,71,72,73,76,78,79,82,84,85,90,91,92,93,94,96,99,102,103,104,106,0,6,10,13,25,29,42,46,53,68,74,77,80,86,88,100],"type":"periodic_broadcast"}}
2024/12/27 00:53:52 Received {n0 n1 {"message":[2,3,5,8,9,11,12,15,16,17,20,21,22,24,27,28,31,33,34,35,38,41,45,49,50,51,56,58,59,62,63,66,67,71,72,73,76,78,79,82,84,85,90,91,92,93,94,96,99,102,103,104,105,1,18,32,36,39,43,47,52,54,60,64,69,75,83,87,97,106,4,7,14,19,23,26,30,37,40,44,48,55,57,61,65,70,81,89,95,98,101,0,6,10,13,25,29,42,46,53,68,74,77,80,86,88,100],"type":"periodic_broadcast"}}
2024/12/27 00:53:53 Sent {"src":"n1","dest":"n4","body":{"message":[2,3,5,8,9,11,12,15,16,17,20,21,22,24,27,28,31,33,34,35,38,41,45,49,50,51,56,58,59,62,63,66,67,71,72,73,76,78,79,82,84,85,90,91,92,93,94,96,99,102,103,104,105,0,6,10,13,25,29,42,46,53,68,74,77,80,86,88,100,4,7,14,19,23,26,30,37,40,44,48,55,57,61,65,70,81,89,95,98,101,1,18,32,36,39,43,47,52,54,60,64,69,75,83,87,97,106],"type":"periodic_broadcast"}}
2024/12/27 00:53:53 Sent {"src":"n1","dest":"n2","body":{"message":[2,3,5,8,9,11,12,15,16,17,20,21,22,24,27,28,31,33,34,35,38,41,45,49,50,51,56,58,59,62,63,66,67,71,72,73,76,78,79,82,84,85,90,91,92,93,94,96,99,102,103,104,105,0,6,10,13,25,29,42,46,53,68,74,77,80,86,88,100,4,7,14,19,23,26,30,37,40,44,48,55,57,61,65,70,81,89,95,98,101,1,18,32,36,39,43,47,52,54,60,64,69,75,83,87,97,106],"type":"periodic_broadcast"}}
2024/12/27 00:53:53 Sent {"src":"n1","dest":"n0","body":{"message":[2,3,5,8,9,11,12,15,16,17,20,21,22,24,27,28,31,33,34,35,38,41,45,49,50,51,56,58,59,62,63,66,67,71,72,73,76,78,79,82,84,85,90,91,92,93,94,96,99,102,103,104,105,0,6,10,13,25,29,42,46,53,68,74,77,80,86,88,100,4,7,14,19,23,26,30,37,40,44,48,55,57,61,65,70,81,89,95,98,101,1,18,32,36,39,43,47,52,54,60,64,69,75,83,87,97,106],"type":"periodic_broadcast"}}
2024/12/27 00:53:53 Received {n4 n1 {"message":[4,7,14,19,23,26,30,37,40,44,48,55,57,61,65,70,81,89,95,98,101,105,1,18,32,36,39,43,47,52,54,60,64,69,75,83,87,97,2,3,5,8,9,11,12,15,16,17,20,21,22,24,27,28,31,33,34,35,38,41,45,49,50,51,56,58,59,62,63,66,67,71,72,73,76,78,79,82,84,85,90,91,92,93,94,96,99,102,103,104,106,0,6,10,13,25,29,42,46,53,68,74,77,80,86,88,100],"type":"periodic_broadcast"}}
2024/12/27 00:53:53 Received {n2 n1 {"message":[0,6,10,13,25,29,42,46,53,68,74,77,80,86,88,100,105,2,3,5,8,9,11,12,15,16,17,20,21,22,24,27,28,31,33,34,35,38,41,45,49,50,51,56,58,59,62,63,66,67,71,72,73,76,78,79,82,84,85,90,91,92,93,94,96,99,102,103,104,106,4,7,14,19,23,26,30,37,40,44,48,55,57,61,65,70,81,89,95,98,101,1,18,32,36,39,43,47,52,54,60,64,69,75,83,87,97],"type":"periodic_broadcast"}}
2024/12/27 00:53:53 Received {n0 n1 {"message":[2,3,5,8,9,11,12,15,16,17,20,21,22,24,27,28,31,33,34,35,38,41,45,49,50,51,56,58,59,62,63,66,67,71,72,73,76,78,79,82,84,85,90,91,92,93,94,96,99,102,103,104,105,1,18,32,36,39,43,47,52,54,60,64,69,75,83,87,97,106,4,7,14,19,23,26,30,37,40,44,48,55,57,61,65,70,81,89,95,98,101,0,6,10,13,25,29,42,46,53,68,74,77,80,86,88,100],"type":"periodic_broadcast"}}
2024/12/27 00:53:54 Received {n2 n1 {"message":[0,6,10,13,25,29,42,46,53,68,74,77,80,86,88,100,105,2,3,5,8,9,11,12,15,16,17,20,21,22,24,27,28,31,33,34,35,38,41,45,49,50,51,56,58,59,62,63,66,67,71,72,73,76,78,79,82,84,85,90,91,92,93,94,96,99,102,103,104,106,4,7,14,19,23,26,30,37,40,44,48,55,57,61,65,70,81,89,95,98,101,1,18,32,36,39,43,47,52,54,60,64,69,75,83,87,97],"type":"periodic_broadcast"}}
2024/12/27 00:53:54 Received {n4 n1 {"message":[4,7,14,19,23,26,30,37,40,44,48,55,57,61,65,70,81,89,95,98,101,105,1,18,32,36,39,43,47,52,54,60,64,69,75,83,87,97,2,3,5,8,9,11,12,15,16,17,20,21,22,24,27,28,31,33,34,35,38,41,45,49,50,51,56,58,59,62,63,66,67,71,72,73,76,78,79,82,84,85,90,91,92,93,94,96,99,102,103,104,106,0,6,10,13,25,29,42,46,53,68,74,77,80,86,88,100],"type":"periodic_broadcast"}}
2024/12/27 00:53:54 Sent {"src":"n1","dest":"n4","body":{"message":[2,3,5,8,9,11,12,15,16,17,20,21,22,24,27,28,31,33,34,35,38,41,45,49,50,51,56,58,59,62,63,66,67,71,72,73,76,78,79,82,84,85,90,91,92,93,94,96,99,102,103,104,105,0,6,10,13,25,29,42,46,53,68,74,77,80,86,88,100,4,7,14,19,23,26,30,37,40,44,48,55,57,61,65,70,81,89,95,98,101,1,18,32,36,39,43,47,52,54,60,64,69,75,83,87,97,106],"type":"periodic_broadcast"}}
2024/12/27 00:53:54 Sent {"src":"n1","dest":"n2","body":{"message":[2,3,5,8,9,11,12,15,16,17,20,21,22,24,27,28,31,33,34,35,38,41,45,49,50,51,56,58,59,62,63,66,67,71,72,73,76,78,79,82,84,85,90,91,92,93,94,96,99,102,103,104,105,0,6,10,13,25,29,42,46,53,68,74,77,80,86,88,100,4,7,14,19,23,26,30,37,40,44,48,55,57,61,65,70,81,89,95,98,101,1,18,32,36,39,43,47,52,54,60,64,69,75,83,87,97,106],"type":"periodic_broadcast"}}
2024/12/27 00:53:54 Sent {"src":"n1","dest":"n0","body":{"message":[2,3,5,8,9,11,12,15,16,17,20,21,22,24,27,28,31,33,34,35,38,41,45,49,50,51,56,58,59,62,63,66,67,71,72,73,76,78,79,82,84,85,90,91,92,93,94,96,99,102,103,104,105,0,6,10,13,25,29,42,46,53,68,74,77,80,86,88,100,4,7,14,19,23,26,30,37,40,44,48,55,57,61,65,70,81,89,95,98,101,1,18,32,36,39,43,47,52,54,60,64,69,75,83,87,97,106],"type":"periodic_broadcast"}}
2024/12/27 00:53:54 Received {n0 n1 {"message":[2,3,5,8,9,11,12,15,16,17,20,21,22,24,27,28,31,33,34,35,38,41,45,49,50,51,56,58,59,62,63,66,67,71,72,73,76,78,79,82,84,85,90,91,92,93,94,96,99,102,103,104,105,1,18,32,36,39,43,47,52,54,60,64,69,75,83,87,97,106,4,7,14,19,23,26,30,37,40,44,48,55,57,61,65,70,81,89,95,98,101,0,6,10,13,25,29,42,46,53,68,74,77,80,86,88,100],"type":"periodic_broadcast"}}
2024/12/27 00:53:54 Received {c10 n1 {"type":"read","msg_id":35}}
2024/12/27 00:53:54 Sent {"src":"n1","dest":"c10","body":{"in_reply_to":35,"messages":[2,3,5,8,9,11,12,15,16,17,20,21,22,24,27,28,31,33,34,35,38,41,45,49,50,51,56,58,59,62,63,66,67,71,72,73,76,78,79,82,84,85,90,91,92,93,94,96,99,102,103,104,105,0,6,10,13,25,29,42,46,53,68,74,77,80,86,88,100,4,7,14,19,23,26,30,37,40,44,48,55,57,61,65,70,81,89,95,98,101,1,18,32,36,39,43,47,52,54,60,64,69,75,83,87,97,106],"type":"read_ok"}}
