2024/12/27 00:53:24 Received {c3 n2 {"type":"init","node_id":"n2","node_ids":["n0","n1","n2","n3","n4"],"msg_id":1}}
2024/12/27 00:53:24 Node n2 initialized
2024/12/27 00:53:24 Sent {"src":"n2","dest":"c3","body":{"in_reply_to":1,"type":"init_ok"}}
2024/12/27 00:53:24 Received {c7 n2 {"type":"topology","topology":{"n0":["n3","n1"],"n1":["n4","n2","n0"],"n2":["n1"],"n3":["n0","n4"],"n4":["n1","n3"]},"msg_id":1}}
2024/12/27 00:53:24 Sent {"src":"n2","dest":"c7","body":{"in_reply_to":1,"type":"topology_ok"}}
2024/12/27 00:53:24 Received {c11 n2 {"type":"broadcast","message":0,"msg_id":1}}
2024/12/27 00:53:24 Sent {"src":"n2","dest":"n1","body":{"message":0,"msg_id":1,"type":"broadcast"}}
2024/12/27 00:53:24 Sent {"src":"n2","dest":"c11","body":{"in_reply_to":1,"type":"broadcast_ok"}}
2024/12/27 00:53:25 Received {c11 n2 {"type":"read","msg_id":2}}
2024/12/27 00:53:25 Sent {"src":"n2","dest":"c11","body":{"in_reply_to":2,"messages":[0],"type":"read_ok"}}
2024/12/27 00:53:25 Sent {"src":"n2","dest":"n1","body":{"message":[0],"type":"periodic_broadcast"}}
2024/12/27 00:53:25 Received {c11 n2 {"type":"broadcast","message":6,"msg_id":3}}
2024/12/27 00:53:25 Sent {"src":"n2","dest":"n1","body":{"message":6,"msg_id":3,"type":"broadcast"}}
2024/12/27 00:53:25 Sent {"src":"n2","dest":"c11","body":{"in_reply_to":3,"type":"broadcast_ok"}}
2024/12/27 00:53:26 Received {c11 n2 {"type":"read","msg_id":4}}
2024/12/27 00:53:26 Sent {"src":"n2","dest":"c11","body":{"in_reply_to":4,"messages":[0,6],"type":"read_ok"}}
2024/12/27 00:53:26 Sent {"src":"n2","dest":"n1","body":{"message":[0,6],"type":"periodic_broadcast"}}
2024/12/27 00:53:27 Received {c11 n2 {"type":"broadcast","message":10,"msg_id":5}}
2024/12/27 00:53:27 Sent {"src":"n2","dest":"n1","body":{"message":10,"msg_id":5,"type":"broadcast"}}
2024/12/27 00:53:27 Sent {"src":"n2","dest":"c11","body":{"in_reply_to":5,"type":"broadcast_ok"}}
2024/12/27 00:53:27 Sent {"src":"n2","dest":"n1","body":{"message":[0,6,10],"type":"periodic_broadcast"}}
2024/12/27 00:53:27 Received {c11 n2 {"type":"broadcast","message":13,"msg_id":6}}
2024/12/27 00:53:27 Sent {"src":"n2","dest":"n1","body":{"message":13,"msg_id":6,"type":"broadcast"}}
2024/12/27 00:53:27 Sent {"src":"n2","dest":"c11","body":{"in_reply_to":6,"type":"broadcast_ok"}}
2024/12/27 00:53:28 Sent {"src":"n2","dest":"n1","body":{"message":[0,6,10,13],"type":"periodic_broadcast"}}
2024/12/27 00:53:28 Received {c11 n2 {"type":"read","msg_id":7}}
2024/12/27 00:53:28 Sent {"src":"n2","dest":"c11","body":{"in_reply_to":7,"messages":[0,6,10,13],"type":"read_ok"}}
2024/12/27 00:53:29 Received {c11 n2 {"type":"read","msg_id":8}}
2024/12/27 00:53:29 Sent {"src":"n2","dest":"c11","body":{"in_reply_to":8,"messages":[0,6,10,13],"type":"read_ok"}}
2024/12/27 00:53:29 Sent {"src":"n2","dest":"n1","body":{"message":[0,6,10,13],"type":"periodic_broadcast"}}
2024/12/27 00:53:29 Received {c11 n2 {"type":"broadcast","message":25,"msg_id":9}}
2024/12/27 00:53:29 Sent {"src":"n2","dest":"n1","body":{"message":25,"msg_id":9,"type":"broadcast"}}
2024/12/27 00:53:29 Sent {"src":"n2","dest":"c11","body":{"in_reply_to":9,"type":"broadcast_ok"}}
2024/12/27 00:53:30 Received {c11 n2 {"type":"broadcast","message":29,"msg_id":10}}
2024/12/27 00:53:30 Sent {"src":"n2","dest":"n1","body":{"message":29,"msg_id":10,"type":"broadcast"}}
2024/12/27 00:53:30 Sent {"src":"n2","dest":"c11","body":{"in_reply_to":10,"type":"broadcast_ok"}}
2024/12/27 00:53:30 Sent {"src":"n2","dest":"n1","body":{"message":[0,6,10,13,25,29],"type":"periodic_broadcast"}}
2024/12/27 00:53:30 Received {c11 n2 {"type":"read","msg_id":11}}
2024/12/27 00:53:30 Sent {"src":"n2","dest":"c11","body":{"in_reply_to":11,"messages":[0,6,10,13,25,29],"type":"read_ok"}}
2024/12/27 00:53:31 Sent {"src":"n2","dest":"n1","body":{"message":[0,6,10,13,25,29],"type":"periodic_broadcast"}}
2024/12/27 00:53:31 Received {c11 n2 {"type":"read","msg_id":12}}
2024/12/27 00:53:31 Sent {"src":"n2","dest":"c11","body":{"in_reply_to":12,"messages":[0,6,10,13,25,29],"type":"read_ok"}}
2024/12/27 00:53:32 Received {c11 n2 {"type":"read","msg_id":13}}
2024/12/27 00:53:32 Sent {"src":"n2","dest":"c11","body":{"in_reply_to":13,"messages":[0,6,10,13,25,29],"type":"read_ok"}}
2024/12/27 00:53:32 Sent {"src":"n2","dest":"n1","body":{"message":[0,6,10,13,25,29],"type":"periodic_broadcast"}}
2024/12/27 00:53:32 Received {c11 n2 {"type":"broadcast","message":42,"msg_id":14}}
2024/12/27 00:53:32 Sent {"src":"n2","dest":"n1","body":{"message":42,"msg_id":14,"type":"broadcast"}}
2024/12/27 00:53:32 Sent {"src":"n2","dest":"c11","body":{"in_reply_to":14,"type":"broadcast_ok"}}
2024/12/27 00:53:33 Sent {"src":"n2","dest":"n1","body":{"message":[0,6,10,13,25,29,42],"type":"periodic_broadcast"}}
2024/12/27 00:53:33 Received {c11 n2 {"type":"broadcast","message":46,"msg_id":15}}
2024/12/27 00:53:33 Sent {"src":"n2","dest":"n1","body":{"message":46,"msg_id":15,"type":"broadcast"}}
2024/12/27 00:53:33 Sent {"src":"n2","dest":"c11","body":{"in_reply_to":15,"type":"broadcast_ok"}}
2024/12/27 00:53:34 Received {c11 n2 {"type":"read","msg_id":16}}
2024/12/27 00:53:34 Sent {"src":"n2","dest":"c11","body":{"in_reply_to":16,"messages":[0,6,10,13,25,29,42,46],"type":"read_ok"}}
2024/12/27 00:53:34 Sent {"src":"n2","dest":"n1","body":{"message":[0,6,10,13,25,29,42,46],"type":"periodic_broadcast"}}
2024/12/27 00:53:34 Received {c11 n2 {"type":"read","msg_id":17}}
2024/12/27 00:53:34 Sent {"src":"n2","dest":"c11","body":{"in_reply_to":17,"messages":[0,6,10,13,25,29,42,46],"type":"read_ok"}}
2024/12/27 00:53:34 Received {c11 n2 {"type":"broadcast","message":53,"msg_id":18}}
2024/12/27 00:53:34 Sent {"src":"n2","dest":"n1","body":{"message":53,"msg_id":18,"type":"broadcast"}}
2024/12/27 00:53:34 Sent {"src":"n2","dest":"c11","body":{"in_reply_to":18,"type":"broadcast_ok"}}
2024/12/27 00:53:35 Sent {"src":"n2","dest":"n1","body":{"message":[0,6,10,13,25,29,42,46,53],"type":"periodic_broadcast"}}
2024/12/27 00:53:35 Received {c11 n2 {"type":"read","msg_id":19}}
2024/12/27 00:53:35 Sent {"src":"n2","dest":"c11","body":{"in_reply_to":19,"messages":[0,6,10,13,25,29,42,46,53],"type":"read_ok"}}
2024/12/27 00:53:36 Sent {"src":"n2","dest":"n1","body":{"message":[0,6,10,13,25,29,42,46,53],"type":"periodic_broadcast"}}
2024/12/27 00:53:36 Received {c11 n2 {"type":"read","msg_id":20}}
2024/12/27 00:53:36 Sent {"src":"n2","dest":"c11","body":{"in_reply_to":20,"messages":[0,6,10,13,25,29,42,46,53],"type":"read_ok"}}
2024/12/27 00:53:36 Received {c11 n2 {"type":"read","msg_id":21}}
2024/12/27 00:53:36 Sent {"src":"n2","dest":"c11","body":{"in_reply_to":21,"messages":[0,6,10,13,25,29,42,46,53],"type":"read_ok"}}
2024/12/27 00:53:37 Sent {"src":"n2","dest":"n1","body":{"message":[0,6,10,13,25,29,42,46,53],"type":"periodic_broadcast"}}
2024/12/27 00:53:37 Received {c11 n2 {"type":"broadcast","message":68,"msg_id":22}}
2024/12/27 00:53:37 Sent {"src":"n2","dest":"n1","body":{"message":68,"msg_id":22,"type":"broadcast"}}
2024/12/27 00:53:37 Sent {"src":"n2","dest":"c11","body":{"in_reply_to":22,"type":"broadcast_ok"}}
2024/12/27 00:53:38 Received {c11 n2 {"type":"broadcast","message":74,"msg_id":23}}
2024/12/27 00:53:38 Sent {"src":"n2","dest":"n1","body":{"message":74,"msg_id":23,"type":"broadcast"}}
2024/12/27 00:53:38 Sent {"src":"n2","dest":"c11","body":{"in_reply_to":23,"type":"broadcast_ok"}}
2024/12/27 00:53:38 Sent {"src":"n2","dest":"n1","body":{"message":[0,6,10,13,25,29,42,46,53,68,74],"type":"periodic_broadcast"}}
2024/12/27 00:53:38 Received {c11 n2 {"type":"broadcast","message":77,"msg_id":24}}
2024/12/27 00:53:38 Sent {"src":"n2","dest":"n1","body":{"message":77,"msg_id":24,"type":"broadcast"}}
2024/12/27 00:53:38 Sent {"src":"n2","dest":"c11","body":{"in_reply_to":24,"type":"broadcast_ok"}}
2024/12/27 00:53:39 Sent {"src":"n2","dest":"n1","body":{"message":[0,6,10,13,25,29,42,46,53,68,74,77],"type":"periodic_broadcast"}}
2024/12/27 00:53:39 Received {c11 n2 {"type":"broadcast","message":80,"msg_id":25}}
2024/12/27 00:53:39 Sent {"src":"n2","dest":"n1","body":{"message":80,"msg_id":25,"type":"broadcast"}}
2024/12/27 00:53:39 Sent {"src":"n2","dest":"c11","body":{"in_reply_to":25,"type":"broadcast_ok"}}
2024/12/27 00:53:39 Received {c11 n2 {"type":"read","msg_id":26}}
2024/12/27 00:53:39 Sent {"src":"n2","dest":"c11","body":{"in_reply_to":26,"messages":[0,6,10,13,25,29,42,46,53,68,74,77,80],"type":"read_ok"}}
2024/12/27 00:53:40 Sent {"src":"n2","dest":"n1","body":{"message":[0,6,10,13,25,29,42,46,53,68,74,77,80],"type":"periodic_broadcast"}}
2024/12/27 00:53:40 Received {c11 n2 {"type":"broadcast","message":86,"msg_id":27}}
2024/12/27 00:53:40 Sent {"src":"n2","dest":"n1","body":{"message":86,"msg_id":27,"type":"broadcast"}}
2024/12/27 00:53:40 Sent {"src":"n2","dest":"c11","body":{"in_reply_to":27,"type":"broadcast_ok"}}
2024/12/27 00:53:41 Received {c11 n2 {"type":"broadcast","message":88,"msg_id":28}}
2024/12/27 00:53:41 Sent {"src":"n2","dest":"n1","body":{"message":88,"msg_id":28,"type":"broadcast"}}
2024/12/27 00:53:41 Sent {"src":"n2","dest":"c11","body":{"in_reply_to":28,"type":"broadcast_ok"}}
2024/12/27 00:53:41 Sent {"src":"n2","dest":"n1","body":{"message":[0,6,10,13,25,29,42,46,53,68,74,77,80,86,88],"type":"periodic_broadcast"}}
2024/12/27 00:53:41 Received {c11 n2 {"type":"read","msg_id":29}}
2024/12/27 00:53:41 Sent {"src":"n2","dest":"c11","body":{"in_reply_to":29,"messages":[0,6,10,13,25,29,42,46,53,68,74,77,80,86,88],"type":"read_ok"}}
2024/12/27 00:53:42 Received {c11 n2 {"type":"read","msg_id":30}}
2024/12/27 00:53:42 Sent {"src":"n2","dest":"c11","body":{"in_reply_to":30,"messages":[0,6,10,13,25,29,42,46,53,68,74,77,80,86,88],"type":"read_ok"}}
2024/12/27 00:53:42 Sent {"src":"n2","dest":"n1","body":{"message":[0,6,10,13,25,29,42,46,53,68,74,77,80,86,88],"type":"periodic_broadcast"}}
2024/12/27 00:53:42 Received {c11 n2 {"type":"read","msg_id":31}}
2024/12/27 00:53:42 Sent {"src":"n2","dest":"c11","body":{"in_reply_to":31,"messages":[0,6,10,13,25,29,42,46,53,68,74,77,80,86,88],"type":"read_ok"}}
2024/12/27 00:53:43 Sent {"src":"n2","dest":"n1","body":{"message":[0,6,10,13,25,29,42,46,53,68,74,77,80,86,88],"type":"periodic_broadcast"}}
2024/12/27 00:53:43 Received {c11 n2 {"type":"broadcast","message":100,"msg_id":32}}
2024/12/27 00:53:43 Sent {"src":"n2","dest":"n1","body":{"message":100,"msg_id":32,"type":"broadcast"}}
2024/12/27 00:53:43 Sent {"src":"n2","dest":"c11","body":{"in_reply_to":32,"type":"broadcast_ok"}}
2024/12/27 00:53:43 Received {c11 n2 {"type":"read","msg_id":33}}
2024/12/27 00:53:43 Sent {"src":"n2","dest":"c11","body":{"in_reply_to":33,"messages":[0,6,10,13,25,29,42,46,53,68,74,77,80,86,88,100],"type":"read_ok"}}
2024/12/27 00:53:44 Received {n1 n2 {"message":105,"msg_id":65,"type":"broadcast"}}
2024/12/27 00:53:44 Sent {"src":"n2","dest":"n1","body":{"in_reply_to":65,"type":"broadcast_ok"}}
2024/12/27 00:53:44 Sent {"src":"n2","dest":"n1","body":{"message":[0,6,10,13,25,29,42,46,53,68,74,77,80,86,88,100,105],"type":"periodic_broadcast"}}
2024/12/27 00:53:44 Received {n1 n2 {"message":[2,3,5,8,9,11,12,15,16,17,20,21,22,24,27,28,31,33,34,35,38,41,45,49,50,51,56,58,59,62,63,66,67,71,72,73,76,78,79,82,84,85,90,91,92,93,94,96,99,102,103,104,105],"type":"periodic_broadcast"}}
2024/12/27 00:53:44 Received {n1 n2 {"message":106,"msg_id":34,"type":"broadcast"}}
2024/12/27 00:53:44 Sent {"src":"n2","dest":"n1","body":{"in_reply_to":34,"type":"broadcast_ok"}}
2024/12/27 00:53:45 Sent {"src":"n2","dest":"n1","body":{"message":[0,6,10,13,25,29,42,46,53,68,74,77,80,86,88,100,105,2,3,5,8,9,11,12,15,16,17,20,21,22,24,27,28,31,33,34,35,38,41,45,49,50,51,56,58,59,62,63,66,67,71,72,73,76,78,79,82,84,85,90,91,92,93,94,96,99,102,103,104,106],"type":"periodic_broadcast"}}
2024/12/27 00:53:45 Received {n1 n2 {"message":[2,3,5,8,9,11,12,15,16,17,20,21,22,24,27,28,31,33,34,35,38,41,45,49,50,51,56,58,59,62,63,66,67,71,72,73,76,78,79,82,84,85,90,91,92,93,94,96,99,102,103,104,105,0,6,10,13,25,29,42,46,53,68,74,77,80,86,88,100,4,7,14,19,23,26,30,37,40,44,48,55,57,61,65,70,81,89,95,98,101,1,18,32,36,39,43,47,52,54,60,64,69,75,83,87,97,106],"type":"periodic_broadcast"}}
2024/12/27 00:53:46 Sent {"src":"n2","dest":"n1","body":{"message":[0,6,10,13,25,29,42,46,53,68,74,77,80,86,88,100,105,2,3,5,8,9,11,12,15,16,17,20,21,22,24,27,28,31,33,34,35,38,41,45,49,50,51,56,58,59,62,63,66,67,71,72,73,76,78,79,82,84,85,90,91,92,93,94,96,99,102,103,104,106,4,7,14,19,23,26,30,37,40,44,48,55,57,61,65,70,81,89,95,98,101,1,18,32,36,39,43,47,52,54,60,64,69,75,83,87,97],"type":"periodic_broadcast"}}
2024/12/27 00:53:46 Received {n1 n2 {"message":[2,3,5,8,9,11,12,15,16,17,20,21,22,24,27,28,31,33,34,35,38,41,45,49,50,51,56,58,59,62,63,66,67,71,72,73,76,78,79,82,84,85,90,91,92,93,94,96,99,102,103,104,105,0,6,10,13,25,29,42,46,53,68,74,77,80,86,88,100,4,7,14,19,23,26,30,37,40,44,48,55,57,61,65,70,81,89,95,98,101,1,18,32,36,39,43,47,52,54,60,64,69,75,83,87,97,106],"type":"periodic_broadcast"}}
2024/12/27 00:53:47 Sent {"src":"n2","dest":"n1","body":{"message":[0,6,10,13,25,29,42,46,53,68,74,77,80,86,88,100,105,2,3,5,8,9,11,12,15,16,17,20,21,22,24,27,28,31,33,34,35,38,41,45,49,50,51,56,58,59,62,63,66,67,71,72,73,76,78,79,82,84,85,90,91,92,93,94,96,99,102,103,104,106,4,7,14,19,23,26,30,37,40,44,48,55,57,61,65,70,81,89,95,98,101,1,18,32,36,39,43,47,52,54,60,64,69,75,83,87,97],"type":"periodic_broadcast"}}
2024/12/27 00:53:47 Received {n1 n2 {"message":[2,3,5,8,9,11,12,15,16,17,20,21,22,24,27,28,31,33,34,35,38,41,45,49,50,51,56,58,59,62,63,66,67,71,72,73,76,78,79,82,84,85,90,91,92,93,94,96,99,102,103,104,105,0,6,10,13,25,29,42,46,53,68,74,77,80,86,88,100,4,7,14,19,23,26,30,37,40,44,48,55,57,61,65,70,81,89,95,98,101,1,18,32,36,39,43,47,52,54,60,64,69,75,83,87,97,106],"type":"periodic_broadcast"}}
2024/12/27 00:53:48 Sent {"src":"n2","dest":"n1","body":{"message":[0,6,10,13,25,29,42,46,53,68,74,77,80,86,88,100,105,2,3,5,8,9,11,12,15,16,17,20,21,22,24,27,28,31,33,34,35,38,41,45,49,50,51,56,58,59,62,63,66,67,71,72,73,76,78,79,82,84,85,90,91,92,93,94,96,99,102,103,104,106,4,7,14,19,23,26,30,37,40,44,48,55,57,61,65,70,81,89,95,98,101,1,18,32,36,39,43,47,52,54,60,64,69,75,83,87,97],"type":"periodic_broadcast"}}
2024/12/27 00:53:48 Received {n1 n2 {"message":[2,3,5,8,9,11,12,15,16,17,20,21,22,24,27,28,31,33,34,35,38,41,45,49,50,51,56,58,59,62,63,66,67,71,72,73,76,78,79,82,84,85,90,91,92,93,94,96,99,102,103,104,105,0,6,10,13,25,29,42,46,53,68,74,77,80,86,88,100,4,7,14,19,23,26,30,37,40,44,48,55,57,61,65,70,81,89,95,98,101,1,18,32,36,39,43,47,52,54,60,64,69,75,83,87,97,106],"type":"periodic_broadcast"}}
2024/12/27 00:53:49 Sent {"src":"n2","dest":"n1","body":{"message":[0,6,10,13,25,29,42,46,53,68,74,77,80,86,88,100,105,2,3,5,8,9,11,12,15,16,17,20,21,22,24,27,28,31,33,34,35,38,41,45,49,50,51,56,58,59,62,63,66,67,71,72,73,76,78,79,82,84,85,90,91,92,93,94,96,99,102,103,104,106,4,7,14,19,23,26,30,37,40,44,48,55,57,61,65,70,81,89,95,98,101,1,18,32,36,39,43,47,52,54,60,64,69,75,83,87,97],"type":"periodic_broadcast"}}
2024/12/27 00:53:49 Received {n1 n2 {"message":[2,3,5,8,9,11,12,15,16,17,20,21,22,24,27,28,31,33,34,35,38,41,45,49,50,51,56,58,59,62,63,66,67,71,72,73,76,78,79,82,84,85,90,91,92,93,94,96,99,102,103,104,105,0,6,10,13,25,29,42,46,53,68,74,77,80,86,88,100,4,7,14,19,23,26,30,37,40,44,48,55,57,61,65,70,81,89,95,98,101,1,18,32,36,39,43,47,52,54,60,64,69,75,83,87,97,106],"type":"periodic_broadcast"}}
2024/12/27 00:53:50 Sent {"src":"n2","dest":"n1","body":{"message":[0,6,10,13,25,29,42,46,53,68,74,77,80,86,88,100,105,2,3,5,8,9,11,12,15,16,17,20,21,22,24,27,28,31,33,34,35,38,41,45,49,50,51,56,58,59,62,63,66,67,71,72,73,76,78,79,82,84,85,90,91,92,93,94,96,99,102,103,104,106,4,7,14,19,23,26,30,37,40,44,48,55,57,61,65,70,81,89,95,98,101,1,18,32,36,39,43,47,52,54,60,64,69,75,83,87,97],"type":"periodic_broadcast"}}
2024/12/27 00:53:50 Received {n1 n2 {"message":[2,3,5,8,9,11,12,15,16,17,20,21,22,24,27,28,31,33,34,35,38,41,45,49,50,51,56,58,59,62,63,66,67,71,72,73,76,78,79,82,84,85,90,91,92,93,94,96,99,102,103,104,105,0,6,10,13,25,29,42,46,53,68,74,77,80,86,88,100,4,7,14,19,23,26,30,37,40,44,48,55,57,61,65,70,81,89,95,98,101,1,18,32,36,39,43,47,52,54,60,64,69,75,83,87,97,106],"type":"periodic_broadcast"}}
2024/12/27 00:53:51 Sent {"src":"n2","dest":"n1","body":{"message":[0,6,10,13,25,29,42,46,53,68,74,77,80,86,88,100,105,2,3,5,8,9,11,12,15,16,17,20,21,22,24,27,28,31,33,34,35,38,41,45,49,50,51,56,58,59,62,63,66,67,71,72,73,76,78,79,82,84,85,90,91,92,93,94,96,99,102,103,104,106,4,7,14,19,23,26,30,37,40,44,48,55,57,61,65,70,81,89,95,98,101,1,18,32,36,39,43,47,52,54,60,64,69,75,83,87,97],"type":"periodic_broadcast"}}
2024/12/27 00:53:51 Received {n1 n2 {"message":[2,3,5,8,9,11,12,15,16,17,20,21,22,24,27,28,31,33,34,35,38,41,45,49,50,51,56,58,59,62,63,66,67,71,72,73,76,78,79,82,84,85,90,91,92,93,94,96,99,102,103,104,105,0,6,10,13,25,29,42,46,53,68,74,77,80,86,88,100,4,7,14,19,23,26,30,37,40,44,48,55,57,61,65,70,81,89,95,98,101,1,18,32,36,39,43,47,52,54,60,64,69,75,83,87,97,106],"type":"periodic_broadcast"}}
2024/12/27 00:53:52 Sent {"src":"n2","dest":"n1","body":{"message":[0,6,10,13,25,29,42,46,53,68,74,77,80,86,88,100,105,2,3,5,8,9,11,12,15,16,17,20,21,22,24,27,28,31,33,34,35,38,41,45,49,50,51,56,58,59,62,63,66,67,71,72,73,76,78,79,82,84,85,90,91,92,93,94,96,99,102,103,104,106,4,7,14,19,23,26,30,37,40,44,48,55,57,61,65,70,81,89,95,98,101,1,18,32,36,39,43,47,52,54,60,64,69,75,83,87,97],"type":"periodic_broadcast"}}
2024/12/27 00:53:52 Received {n1 n2 {"message":[2,3,5,8,9,11,12,15,16,17,20,21,22,24,27,28,31,33,34,35,38,41,45,49,50,51,56,58,59,62,63,66,67,71,72,73,76,78,79,82,84,85,90,91,92,93,94,96,99,102,103,104,105,0,6,10,13,25,29,42,46,53,68,74,77,80,86,88,100,4,7,14,19,23,26,30,37,40,44,48,55,57,61,65,70,81,89,95,98,101,1,18,32,36,39,43,47,52,54,60,64,69,75,83,87,97,106],"type":"periodic_broadcast"}}
2024/12/27 00:53:53 Sent {"src":"n2","dest":"n1","body":{"message":[0,6,10,13,25,29,42,46,53,68,74,77,80,86,88,100,105,2,3,5,8,9,11,12,15,16,17,20,21,22,24,27,28,31,33,34,35,38,41,45,49,50,51,56,58,59,62,63,66,67,71,72,73,76,78,79,82,84,85,90,91,92,93,94,96,99,102,103,104,106,4,7,14,19,23,26,30,37,40,44,48,55,57,61,65,70,81,89,95,98,101,1,18,32,36,39,43,47,52,54,60,64,69,75,83,87,97],"type":"periodic_broadcast"}}
2024/12/27 00:53:53 Received {n1 n2 {"message":[2,3,5,8,9,11,12,15,16,17,20,21,22,24,27,28,31,33,34,35,38,41,45,49,50,51,56,58,59,62,63,66,67,71,72,73,76,78,79,82,84,85,90,91,92,93,94,96,99,102,103,104,105,0,6,10,13,25,29,42,46,53,68,74,77,80,86,88,100,4,7,14,19,23,26,30,37,40,44,48,55,57,61,65,70,81,89,95,98,101,1,18,32,36,39,43,47,52,54,60,64,69,75,83,87,97,106],"type":"periodic_broadcast"}}
2024/12/27 00:53:54 Sent {"src":"n2","dest":"n1","body":{"message":[0,6,10,13,25,29,42,46,53,68,74,77,80,86,88,100,105,2,3,5,8,9,11,12,15,16,17,20,21,22,24,27,28,31,33,34,35,38,41,45,49,50,51,56,58,59,62,63,66,67,71,72,73,76,78,79,82,84,85,90,91,92,93,94,96,99,102,103,104,106,4,7,14,19,23,26,30,37,40,44,48,55,57,61,65,70,81,89,95,98,101,1,18,32,36,39,43,47,52,54,60,64,69,75,83,87,97],"type":"periodic_broadcast"}}
2024/12/27 00:53:54 Received {n1 n2 {"message":[2,3,5,8,9,11,12,15,16,17,20,21,22,24,27,28,31,33,34,35,38,41,45,49,50,51,56,58,59,62,63,66,67,71,72,73,76,78,79,82,84,85,90,91,92,93,94,96,99,102,103,104,105,0,6,10,13,25,29,42,46,53,68,74,77,80,86,88,100,4,7,14,19,23,26,30,37,40,44,48,55,57,61,65,70,81,89,95,98,101,1,18,32,36,39,43,47,52,54,60,64,69,75,83,87,97,106],"type":"periodic_broadcast"}}
2024/12/27 00:53:54 Received {c11 n2 {"type":"read","msg_id":34}}
2024/12/27 00:53:54 Sent {"src":"n2","dest":"c11","body":{"in_reply_to":34,"messages":[0,6,10,13,25,29,42,46,53,68,74,77,80,86,88,100,105,2,3,5,8,9,11,12,15,16,17,20,21,22,24,27,28,31,33,34,35,38,41,45,49,50,51,56,58,59,62,63,66,67,71,72,73,76,78,79,82,84,85,90,91,92,93,94,96,99,102,103,104,106,4,7,14,19,23,26,30,37,40,44,48,55,57,61,65,70,81,89,95,98,101,1,18,32,36,39,43,47,52,54,60,64,69,75,83,87,97],"type":"read_ok"}}
