2024/12/27 00:53:24 Received {c2 n3 {"type":"init","node_id":"n3","node_ids":["n0","n1","n2","n3","n4"],"msg_id":1}}
2024/12/27 00:53:24 Node n3 initialized
2024/12/27 00:53:24 Sent {"src":"n3","dest":"c2","body":{"in_reply_to":1,"type":"init_ok"}}
2024/12/27 00:53:24 Received {c8 n3 {"type":"topology","topology":{"n0":["n3","n1"],"n1":["n4","n2","n0"],"n2":["n1"],"n3":["n0","n4"],"n4":["n1","n3"]},"msg_id":1}}
2024/12/27 00:53:24 Sent {"src":"n3","dest":"c8","body":{"in_reply_to":1,"type":"topology_ok"}}
2024/12/27 00:53:24 Received {c12 n3 {"type":"broadcast","message":1,"msg_id":1}}
2024/12/27 00:53:24 Sent {"src":"n3","dest":"n0","body":{"message":1,"msg_id":1,"type":"broadcast"}}
2024/12/27 00:53:24 Sent {"src":"n3","dest":"n4","body":{"message":1,"msg_id":1,"type":"broadcast"}}
2024/12/27 00:53:24 Sent {"src":"n3","dest":"c12","body":{"in_reply_to":1,"type":"broadcast_ok"}}
2024/12/27 00:53:25 Received {c12 n3 {"type":"read","msg_id":2}}
2024/12/27 00:53:25 Sent {"src":"n3","dest":"c12","body":{"in_reply_to":2,"messages":[1],"type":"read_ok"}}
2024/12/27 00:53:25 Sent {"src":"n3","dest":"n0","body":{"message":[1],"type":"periodic_broadcast"}}
2024/12/27 00:53:25 Sent {"src":"n3","dest":"n4","body":{"message":[1],"type":"periodic_broadcast"}}
2024/12/27 00:53:25 Received {c12 n3 {"type":"read","msg_id":3}}
2024/12/27 00:53:25 Sent {"src":"n3","dest":"c12","body":{"in_reply_to":3,"messages":[1],"type":"read_ok"}}
2024/12/27 00:53:26 Received {c12 n3 {"type":"read","msg_id":4}}
2024/12/27 00:53:26 Sent {"src":"n3","dest":"c12","body":{"in_reply_to":4,"messages":[1],"type":"read_ok"}}
2024/12/27 00:53:26 Sent {"src":"n3","dest":"n0","body":{"message":[1],"type":"periodic_broadcast"}}
2024/12/27 00:53:26 Sent {"src":"n3","dest":"n4","body":{"message":[1],"type":"periodic_broadcast"}}
2024/12/27 00:53:27 Received {c12 n3 {"type":"read","msg_id":5}}
2024/12/27 00:53:27 Sent {"src":"n3","dest":"c12","body":{"in_reply_to":5,"messages":[1],"type":"read_ok"}}
2024/12/27 00:53:27 Sent {"src":"n3","dest":"n0","body":{"message":[1],"type":"periodic_broadcast"}}
2024/12/27 00:53:27 Sent {"src":"n3","dest":"n4","body":{"message":[1],"type":"periodic_broadcast"}}
2024/12/27 00:53:28 Received {c12 n3 {"type":"read","msg_id":6}}
2024/12/27 00:53:28 Sent {"src":"n3","dest":"c12","body":{"in_reply_to":6,"messages":[1],"type":"read_ok"}}
2024/12/27 00:53:28 Sent {"src":"n3","dest":"n0","body":{"message":[1],"type":"periodic_broadcast"}}
2024/12/27 00:53:28 Sent {"src":"n3","dest":"n4","body":{"message":[1],"type":"periodic_broadcast"}}
2024/12/27 00:53:28 Received {c12 n3 {"type":"broadcast","message":18,"msg_id":7}}
2024/12/27 00:53:28 Sent {"src":"n3","dest":"n0","body":{"message":18,"msg_id":7,"type":"broadcast"}}
2024/12/27 00:53:28 Sent {"src":"n3","dest":"n4","body":{"message":18,"msg_id":7,"type":"broadcast"}}
2024/12/27 00:53:28 Sent {"src":"n3","dest":"c12","body":{"in_reply_to":7,"type":"broadcast_ok"}}
2024/12/27 00:53:29 Received {c12 n3 {"type":"read","msg_id":8}}
2024/12/27 00:53:29 Sent {"src":"n3","dest":"c12","body":{"in_reply_to":8,"messages":[1,18],"type":"read_ok"}}
2024/12/27 00:53:29 Sent {"src":"n3","dest":"n0","body":{"message":[1,18],"type":"periodic_broadcast"}}
2024/12/27 00:53:29 Sent {"src":"n3","dest":"n4","body":{"message":[1,18],"type":"periodic_broadcast"}}
2024/12/27 00:53:29 Received {c12 n3 {"type":"read","msg_id":9}}
2024/12/27 00:53:29 Sent {"src":"n3","dest":"c12","body":{"in_reply_to":9,"messages":[1,18],"type":"read_ok"}}
2024/12/27 00:53:30 Received {c12 n3 {"type":"read","msg_id":10}}
2024/12/27 00:53:30 Sent {"src":"n3","dest":"c12","body":{"in_reply_to":10,"messages":[1,18],"type":"read_ok"}}
2024/12/27 00:53:30 Sent {"src":"n3","dest":"n0","body":{"message":[1,18],"type":"periodic_broadcast"}}
2024/12/27 00:53:30 Sent {"src":"n3","dest":"n4","body":{"message":[1,18],"type":"periodic_broadcast"}}
2024/12/27 00:53:31 Received {c12 n3 {"type":"broadcast","message":32,"msg_id":11}}
2024/12/27 00:53:31 Sent {"src":"n3","dest":"n0","body":{"message":32,"msg_id":11,"type":"broadcast"}}
2024/12/27 00:53:31 Sent {"src":"n3","dest":"n4","body":{"message":32,"msg_id":11,"type":"broadcast"}}
2024/12/27 00:53:31 Sent {"src":"n3","dest":"c12","body":{"in_reply_to":11,"type":"broadcast_ok"}}
2024/12/27 00:53:31 Sent {"src":"n3","dest":"n0","body":{"message":[1,18,32],"type":"periodic_broadcast"}}
2024/12/27 00:53:31 Sent {"src":"n3","dest":"n4","body":{"message":[1,18,32],"type":"periodic_broadcast"}}
2024/12/27 00:53:31 Received {c12 n3 {"type":"broadcast","message":36,"msg_id":12}}
2024/12/27 00:53:31 Sent {"src":"n3","dest":"n0","body":{"message":36,"msg_id":12,"type":"broadcast"}}
2024/12/27 00:53:31 Sent {"src":"n3","dest":"n4","body":{"message":36,"msg_id":12,"type":"broadcast"}}
2024/12/27 00:53:31 Sent {"src":"n3","dest":"c12","body":{"in_reply_to":12,"type":"broadcast_ok"}}
2024/12/27 00:53:32 Sent {"src":"n3","dest":"n0","body":{"message":[1,18,32,36],"type":"periodic_broadcast"}}
2024/12/27 00:53:32 Sent {"src":"n3","dest":"n4","body":{"message":[1,18,32,36],"type":"periodic_broadcast"}}
2024/12/27 00:53:32 Received {c12 n3 {"type":"broadcast","message":39,"msg_id":13}}
2024/12/27 00:53:32 Sent {"src":"n3","dest":"n0","body":{"message":39,"msg_id":13,"type":"broadcast"}}
2024/12/27 00:53:32 Sent {"src":"n3","dest":"n4","body":{"message":39,"msg_id":13,"type":"broadcast"}}
2024/12/27 00:53:32 Sent {"src":"n3","dest":"c12","body":{"in_reply_to":13,"type":"broadcast_ok"}}
2024/12/27 00:53:32 Received {c12 n3 {"type":"broadcast","message":43,"msg_id":14}}
2024/12/27 00:53:32 Sent {"src":"n3","dest":"n0","body":{"message":43,"msg_id":14,"type":"broadcast"}}
2024/12/27 00:53:32 Sent {"src":"n3","dest":"n4","body":{"message":43,"msg_id":14,"type":"broadcast"}}
2024/12/27 00:53:32 Sent {"src":"n3","dest":"c12","body":{"in_reply_to":14,"type":"broadcast_ok"}}
2024/12/27 00:53:33 Sent {"src":"n3","dest":"n0","body":{"message":[1,18,32,36,39,43],"type":"periodic_broadcast"}}
2024/12/27 00:53:33 Sent {"src":"n3","dest":"n4","body":{"message":[1,18,32,36,39,43],"type":"periodic_broadcast"}}
2024/12/27 00:53:33 Received {c12 n3 {"type":"broadcast","message":47,"msg_id":15}}
2024/12/27 00:53:33 Sent {"src":"n3","dest":"n0","body":{"message":47,"msg_id":15,"type":"broadcast"}}
2024/12/27 00:53:33 Sent {"src":"n3","dest":"n4","body":{"message":47,"msg_id":15,"type":"broadcast"}}
2024/12/27 00:53:33 Sent {"src":"n3","dest":"c12","body":{"in_reply_to":15,"type":"broadcast_ok"}}
2024/12/27 00:53:34 Received {c12 n3 {"type":"read","msg_id":16}}
2024/12/27 00:53:34 Sent {"src":"n3","dest":"c12","body":{"in_reply_to":16,"messages":[1,18,32,36,39,43,47],"type":"read_ok"}}
2024/12/27 00:53:34 Sent {"src":"n3","dest":"n0","body":{"message":[1,18,32,36,39,43,47],"type":"periodic_broadcast"}}
2024/12/27 00:53:34 Sent {"src":"n3","dest":"n4","body":{"message":[1,18,32,36,39,43,47],"type":"periodic_broadcast"}}
2024/12/27 00:53:34 Received {c12 n3 {"type":"broadcast","message":52,"msg_id":17}}
2024/12/27 00:53:34 Sent {"src":"n3","dest":"n0","body":{"message":52,"msg_id":17,"type":"broadcast"}}
2024/12/27 00:53:34 Sent {"src":"n3","dest":"n4","body":{"message":52,"msg_id":17,"type":"broadcast"}}
2024/12/27 00:53:34 Sent {"src":"n3","dest":"c12","body":{"in_reply_to":17,"type":"broadcast_ok"}}
2024/12/27 00:53:35 Received {c12 n3 {"type":"broadcast","message":54,"msg_id":18}}
2024/12/27 00:53:35 Sent {"src":"n3","dest":"n0","body":{"message":54,"msg_id":18,"type":"broadcast"}}
2024/12/27 00:53:35 Sent {"src":"n3","dest":"n4","body":{"message":54,"msg_id":18,"type":"broadcast"}}
2024/12/27 00:53:35 Sent {"src":"n3","dest":"c12","body":{"in_reply_to":18,"type":"broadcast_ok"}}
2024/12/27 00:53:35 Sent {"src":"n3","dest":"n0","body":{"message":[1,18,32,36,39,43,47,52,54],"type":"periodic_broadcast"}}
2024/12/27 00:53:35 Sent {"src":"n3","dest":"n4","body":{"message":[1,18,32,36,39,43,47,52,54],"type":"periodic_broadcast"}}
2024/12/27 00:53:35 Received {c12 n3 {"type":"read","msg_id":19}}
2024/12/27 00:53:35 Sent {"src":"n3","dest":"c12","body":{"in_reply_to":19,"messages":[1,18,32,36,39,43,47,52,54],"type":"read_ok"}}
2024/12/27 00:53:36 Sent {"src":"n3","dest":"n0","body":{"message":[1,18,32,36,39,43,47,52,54],"type":"periodic_broadcast"}}
2024/12/27 00:53:36 Sent {"src":"n3","dest":"n4","body":{"message":[1,18,32,36,39,43,47,52,54],"type":"periodic_broadcast"}}
2024/12/27 00:53:36 Received {c12 n3 {"type":"broadcast","message":60,"msg_id":20}}
2024/12/27 00:53:36 Sent {"src":"n3","dest":"n0","body":{"message":60,"msg_id":20,"type":"broadcast"}}
2024/12/27 00:53:36 Sent {"src":"n3","dest":"n4","body":{"message":60,"msg_id":20,"type":"broadcast"}}
2024/12/27 00:53:36 Sent {"src":"n3","dest":"c12","body":{"in_reply_to":20,"type":"broadcast_ok"}}
2024/12/27 00:53:37 Received {c12 n3 {"type":"broadcast","message":64,"msg_id":21}}
2024/12/27 00:53:37 Sent {"src":"n3","dest":"n0","body":{"message":64,"msg_id":21,"type":"broadcast"}}
2024/12/27 00:53:37 Sent {"src":"n3","dest":"n4","body":{"message":64,"msg_id":21,"type":"broadcast"}}
2024/12/27 00:53:37 Sent {"src":"n3","dest":"c12","body":{"in_reply_to":21,"type":"broadcast_ok"}}
2024/12/27 00:53:37 Sent {"src":"n3","dest":"n0","body":{"message":[1,18,32,36,39,43,47,52,54,60,64],"type":"periodic_broadcast"}}
2024/12/27 00:53:37 Sent {"src":"n3","dest":"n4","body":{"message":[1,18,32,36,39,43,47,52,54,60,64],"type":"periodic_broadcast"}}
2024/12/27 00:53:37 Received {c12 n3 {"type":"broadcast","message":69,"msg_id":22}}
2024/12/27 00:53:37 Sent {"src":"n3","dest":"n0","body":{"message":69,"msg_id":22,"type":"broadcast"}}
2024/12/27 00:53:37 Sent {"src":"n3","dest":"n4","body":{"message":69,"msg_id":22,"type":"broadcast"}}
2024/12/27 00:53:37 Sent {"src":"n3","dest":"c12","body":{"in_reply_to":22,"type":"broadcast_ok"}}
2024/12/27 00:53:38 Sent {"src":"n3","dest":"n0","body":{"message":[1,18,32,36,39,43,47,52,54,60,64,69],"type":"periodic_broadcast"}}
2024/12/27 00:53:38 Sent {"src":"n3","dest":"n4","body":{"message":[1,18,32,36,39,43,47,52,54,60,64,69],"type":"periodic_broadcast"}}
2024/12/27 00:53:38 Received {c12 n3 {"type":"broadcast","message":75,"msg_id":23}}
2024/12/27 00:53:38 Sent {"src":"n3","dest":"n0","body":{"message":75,"msg_id":23,"type":"broadcast"}}
2024/12/27 00:53:38 Sent {"src":"n3","dest":"n4","body":{"message":75,"msg_id":23,"type":"broadcast"}}
2024/12/27 00:53:38 Sent {"src":"n3","dest":"c12","body":{"in_reply_to":23,"type":"broadcast_ok"}}
2024/12/27 00:53:38 Received {c12 n3 {"type":"read","msg_id":24}}
2024/12/27 00:53:38 Sent {"src":"n3","dest":"c12","body":{"in_reply_to":24,"messages":[1,18,32,36,39,43,47,52,54,60,64,69,75],"type":"read_ok"}}
2024/12/27 00:53:39 Sent {"src":"n3","dest":"n0","body":{"message":[1,18,32,36,39,43,47,52,54,60,64,69,75],"type":"periodic_broadcast"}}
2024/12/27 00:53:39 Sent {"src":"n3","dest":"n4","body":{"message":[1,18,32,36,39,43,47,52,54,60,64,69,75],"type":"periodic_broadcast"}}
2024/12/27 00:53:39 Received {c12 n3 {"type":"read","msg_id":25}}
2024/12/27 00:53:39 Sent {"src":"n3","dest":"c12","body":{"in_reply_to":25,"messages":[1,18,32,36,39,43,47,52,54,60,64,69,75],"type":"read_ok"}}
2024/12/27 00:53:40 Received {c12 n3 {"type":"broadcast","message":83,"msg_id":26}}
2024/12/27 00:53:40 Sent {"src":"n3","dest":"n0","body":{"message":83,"msg_id":26,"type":"broadcast"}}
2024/12/27 00:53:40 Sent {"src":"n3","dest":"n4","body":{"message":83,"msg_id":26,"type":"broadcast"}}
2024/12/27 00:53:40 Sent {"src":"n3","dest":"c12","body":{"in_reply_to":26,"type":"broadcast_ok"}}
2024/12/27 00:53:40 Sent {"src":"n3","dest":"n0","body":{"message":[1,18,32,36,39,43,47,52,54,60,64,69,75,83],"type":"periodic_broadcast"}}
2024/12/27 00:53:40 Sent {"src":"n3","dest":"n4","body":{"message":[1,18,32,36,39,43,47,52,54,60,64,69,75,83],"type":"periodic_broadcast"}}
2024/12/27 00:53:40 Received {c12 n3 {"type":"broadcast","message":87,"msg_id":27}}
2024/12/27 00:53:40 Sent {"src":"n3","dest":"n0","body":{"message":87,"msg_id":27,"type":"broadcast"}}
2024/12/27 00:53:40 Sent {"src":"n3","dest":"n4","body":{"message":87,"msg_id":27,"type":"broadcast"}}
2024/12/27 00:53:40 Sent {"src":"n3","dest":"c12","body":{"in_reply_to":27,"type":"broadcast_ok"}}
2024/12/27 00:53:41 Received {c12 n3 {"type":"read","msg_id":28}}
2024/12/27 00:53:41 Sent {"src":"n3","dest":"c12","body":{"in_reply_to":28,"messages":[1,18,32,36,39,43,47,52,54,60,64,69,75,83,87],"type":"read_ok"}}
2024/12/27 00:53:41 Sent {"src":"n3","dest":"n0","body":{"message":[1,18,32,36,39,43,47,52,54,60,64,69,75,83,87],"type":"periodic_broadcast"}}
2024/12/27 00:53:41 Sent {"src":"n3","dest":"n4","body":{"message":[1,18,32,36,39,43,47,52,54,60,64,69,75,83,87],"type":"periodic_broadcast"}}
2024/12/27 00:53:41 Received {c12 n3 {"type":"read","msg_id":29}}
2024/12/27 00:53:41 Sent {"src":"n3","dest":"c12","body":{"in_reply_to":29,"messages":[1,18,32,36,39,43,47,52,54,60,64,69,75,83,87],"type":"read_ok"}}
2024/12/27 00:53:42 Received {c12 n3 {"type":"read","msg_id":30}}
2024/12/27 00:53:42 Sent {"src":"n3","dest":"c12","body":{"in_reply_to":30,"messages":[1,18,32,36,39,43,47,52,54,60,64,69,75,83,87],"type":"read_ok"}}
2024/12/27 00:53:42 Sent {"src":"n3","dest":"n0","body":{"message":[1,18,32,36,39,43,47,52,54,60,64,69,75,83,87],"type":"periodic_broadcast"}}
2024/12/27 00:53:42 Sent {"src":"n3","dest":"n4","body":{"message":[1,18,32,36,39,43,47,52,54,60,64,69,75,83,87],"type":"periodic_broadcast"}}
2024/12/27 00:53:43 Received {c12 n3 {"type":"broadcast","message":97,"msg_id":31}}
2024/12/27 00:53:43 Sent {"src":"n3","dest":"n0","body":{"message":97,"msg_id":31,"type":"broadcast"}}
2024/12/27 00:53:43 Sent {"src":"n3","dest":"n4","body":{"message":97,"msg_id":31,"type":"broadcast"}}
2024/12/27 00:53:43 Sent {"src":"n3","dest":"c12","body":{"in_reply_to":31,"type":"broadcast_ok"}}
2024/12/27 00:53:43 Sent {"src":"n3","dest":"n0","body":{"message":[1,18,32,36,39,43,47,52,54,60,64,69,75,83,87,97],"type":"periodic_broadcast"}}
2024/12/27 00:53:43 Sent {"src":"n3","dest":"n4","body":{"message":[1,18,32,36,39,43,47,52,54,60,64,69,75,83,87,97],"type":"periodic_broadcast"}}
2024/12/27 00:53:43 Received {c12 n3 {"type":"read","msg_id":32}}
2024/12/27 00:53:43 Sent {"src":"n3","dest":"c12","body":{"in_reply_to":32,"messages":[1,18,32,36,39,43,47,52,54,60,64,69,75,83,87,97],"type":"read_ok"}}
2024/12/27 00:53:44 Received {n0 n3 {"message":105,"msg_id":65,"type":"broadcast"}}
2024/12/27 00:53:44 Sent {"src":"n3","dest":"n4","body":{"message":105,"msg_id":65,"type":"broadcast"}}
2024/12/27 00:53:44 Sent {"src":"n3","dest":"n0","body":{"in_reply_to":65,"type":"broadcast_ok"}}
2024/12/27 00:53:44 Received {n4 n3 {"message":105,"msg_id":65,"type":"broadcast"}}
2024/12/27 00:53:44 Sent {"src":"n3","dest":"n4","body":{"in_reply_to":65,"type":"broadcast_ok"}}
2024/12/27 00:53:44 Received {n4 n3 {"in_reply_to":65,"type":"broadcast_ok"}}
2024/12/27 00:53:44 Ignoring reply to 65 with no callback
2024/12/27 00:53:44 Sent {"src":"n3","dest":"n0","body":{"message":[1,18,32,36,39,43,47,52,54,60,64,69,75,83,87,97,105],"type":"periodic_broadcast"}}
2024/12/27 00:53:44 Sent {"src":"n3","dest":"n4","body":{"message":[1,18,32,36,39,43,47,52,54,60,64,69,75,83,87,97,105],"type":"periodic_broadcast"}}
2024/12/27 00:53:44 Received {n4 n3 {"message":[4,7,14,19,23,26,30,37,40,44,48,55,57,61,65,70,81,89,95,98,101,105],"type":"periodic_broadcast"}}
2024/12/27 00:53:44 Received {n0 n3 {"message":[2,3,5,8,9,11,12,15,16,17,20,21,22,24,27,28,31,33,34,35,38,41,45,49,50,51,56,58,59,62,63,66,67,71,72,73,76,78,79,82,84,85,90,91,92,93,94,96,99,102,103,104,105,1,18,32,36,39,43,47,52,54,60,64,69,75,83,87,97],"type":"periodic_broadcast"}}
2024/12/27 00:53:44 Received {n0 n3 {"message":106,"msg_id":34,"type":"broadcast"}}
2024/12/27 00:53:44 Received {n4 n3 {"message":106,"msg_id":34,"type":"broadcast"}}
2024/12/27 00:53:44 Sent {"src":"n3","dest":"n4","body":{"message":106,"msg_id":34,"type":"broadcast"}}
2024/12/27 00:53:44 Sent {"src":"n3","dest":"n0","body":{"in_reply_to":34,"type":"broadcast_ok"}}
2024/12/27 00:53:44 Sent {"src":"n3","dest":"n4","body":{"in_reply_to":34,"type":"broadcast_ok"}}
2024/12/27 00:53:44 Received {n4 n3 {"in_reply_to":34,"type":"broadcast_ok"}}
2024/12/27 00:53:44 Ignoring reply to 34 with no callback
2024/12/27 00:53:45 Sent {"src":"n3","dest":"n0","body":{"message":[1,18,32,36,39,43,47,52,54,60,64,69,75,83,87,97,105,4,7,14,19,23,26,30,37,40,44,48,55,57,61,65,70,81,89,95,98,101,2,3,5,8,9,11,12,15,16,17,20,21,22,24,27,28,31,33,34,35,38,41,45,49,50,51,56,58,59,62,63,66,67,71,72,73,76,78,79,82,84,85,90,91,92,93,94,96,99,102,103,104,106],"type":"periodic_broadcast"}}
2024/12/27 00:53:45 Sent {"src":"n3","dest":"n4","body":{"message":[1,18,32,36,39,43,47,52,54,60,64,69,75,83,87,97,105,4,7,14,19,23,26,30,37,40,44,48,55,57,61,65,70,81,89,95,98,101,2,3,5,8,9,11,12,15,16,17,20,21,22,24,27,28,31,33,34,35,38,41,45,49,50,51,56,58,59,62,63,66,67,71,72,73,76,78,79,82,84,85,90,91,92,93,94,96,99,102,103,104,106],"type":"periodic_broadcast"}}
2024/12/27 00:53:45 Received {n4 n3 {"message":[4,7,14,19,23,26,30,37,40,44,48,55,57,61,65,70,81,89,95,98,101,105,1,18,32,36,39,43,47,52,54,60,64,69,75,83,87,97,2,3,5,8,9,11,12,15,16,17,20,21,22,24,27,28,31,33,34,35,38,41,45,49,50,51,56,58,59,62,63,66,67,71,72,73,76,78,79,82,84,85,90,91,92,93,94,96,99,102,103,104,106],"type":"periodic_broadcast"}}
2024/12/27 00:53:45 Received {n0 n3 {"message":[2,3,5,8,9,11,12,15,16,17,20,21,22,24,27,28,31,33,34,35,38,41,45,49,50,51,56,58,59,62,63,66,67,71,72,73,76,78,79,82,84,85,90,91,92,93,94,96,99,102,103,104,105,1,18,32,36,39,43,47,52,54,60,64,69,75,83,87,97,106,4,7,14,19,23,26,30,37,40,44,48,55,57,61,65,70,81,89,95,98,101],"type":"periodic_broadcast"}}
2024/12/27 00:53:46 Sent {"src":"n3","dest":"n0","body":{"message":[1,18,32,36,39,43,47,52,54,60,64,69,75,83,87,97,105,4,7,14,19,23,26,30,37,40,44,48,55,57,61,65,70,81,89,95,98,101,2,3,5,8,9,11,12,15,16,17,20,21,22,24,27,28,31,33,34,35,38,41,45,49,50,51,56,58,59,62,63,66,67,71,72,73,76,78,79,82,84,85,90,91,92,93,94,96,99,102,103,104,106],"type":"periodic_broadcast"}}
2024/12/27 00:53:46 Sent {"src":"n3","dest":"n4","body":{"message":[1,18,32,36,39,43,47,52,54,60,64,69,75,83,87,97,105,4,7,14,19,23,26,30,37,40,44,48,55,57,61,65,70,81,89,95,98,101,2,3,5,8,9,11,12,15,16,17,20,21,22,24,27,28,31,33,34,35,38,41,45,49,50,51,56,58,59,62,63,66,67,71,72,73,76,78,79,82,84,85,90,91,92,93,94,96,99,102,103,104,106],"type":"periodic_broadcast"}}
2024/12/27 00:53:46 Received {n4 n3 {"message":[4,7,14,19,23,26,30,37,40,44,48,55,57,61,65,70,81,89,95,98,101,105,1,18,32,36,39,43,47,52,54,60,64,69,75,83,87,97,2,3,5,8,9,11,12,15,16,17,20,21,22,24,27,28,31,33,34,35,38,41,45,49,50,51,56,58,59,62,63,66,67,71,72,73,76,78,79,82,84,85,90,91,92,93,94,96,99,102,103,104,106,0,6,10,13,25,29,42,46,53,68,74,77,80,86,88,100],"type":"periodic_broadcast"}}
2024/12/27 00:53:46 Received {n0 n3 {"message":[2,3,5,8,9,11,12,15,16,17,20,21,22,24,27,28,31,33,34,35,38,41,45,49,50,51,56,58,59,62,63,66,67,71,72,73,76,78,79,82,84,85,90,91,92,93,94,96,99,102,103,104,105,1,18,32,36,39,43,47,52,54,60,64,69,75,83,87,97,106,4,7,14,19,23,26,30,37,40,44,48,55,57,61,65,70,81,89,95,98,101,0,6,10,13,25,29,42,46,53,68,74,77,80,86,88,100],"type":"periodic_broadcast"}}
2024/12/27 00:53:47 Sent {"src":"n3","dest":"n0","body":{"message":[1,18,32,36,39,43,47,52,54,60,64,69,75,83,87,97,105,4,7,14,19,23,26,30,37,40,44,48,55,57,61,65,70,81,89,95,98,101,2,3,5,8,9,11,12,15,16,17,20,21,22,24,27,28,31,33,34,35,38,41,45,49,50,51,56,58,59,62,63,66,67,71,72,73,76,78,79,82,84,85,90,91,92,93,94,96,99,102,103,104,106,0,6,10,13,25,29,42,46,53,68,74,77,80,86,88,100],"type":"periodic_broadcast"}}
2024/12/27 00:53:47 Sent {"src":"n3","dest":"n4","body":{"message":[1,18,32,36,39,43,47,52,54,60,64,69,75,83,87,97,105,4,7,14,19,23,26,30,37,40,44,48,55,57,61,65,70,81,89,95,98,101,2,3,5,8,9,11,12,15,16,17,20,21,22,24,27,28,31,33,34,35,38,41,45,49,50,51,56,58,59,62,63,66,67,71,72,73,76,78,79,82,84,85,90,91,92,93,94,96,99,102,103,104,106,0,6,10,13,25,29,42,46,53,68,74,77,80,86,88,100],"type":"periodic_broadcast"}}
2024/12/27 00:53:47 Received {n4 n3 {"message":[4,7,14,19,23,26,30,37,40,44,48,55,57,61,65,70,81,89,95,98,101,105,1,18,32,36,39,43,47,52,54,60,64,69,75,83,87,97,2,3,5,8,9,11,12,15,16,17,20,21,22,24,27,28,31,33,34,35,38,41,45,49,50,51,56,58,59,62,63,66,67,71,72,73,76,78,79,82,84,85,90,91,92,93,94,96,99,102,103,104,106,0,6,10,13,25,29,42,46,53,68,74,77,80,86,88,100],"type":"periodic_broadcast"}}
2024/12/27 00:53:47 Received {n0 n3 {"message":[2,3,5,8,9,11,12,15,16,17,20,21,22,24,27,28,31,33,34,35,38,41,45,49,50,51,56,58,59,62,63,66,67,71,72,73,76,78,79,82,84,85,90,91,92,93,94,96,99,102,103,104,105,1,18,32,36,39,43,47,52,54,60,64,69,75,83,87,97,106,4,7,14,19,23,26,30,37,40,44,48,55,57,61,65,70,81,89,95,98,101,0,6,10,13,25,29,42,46,53,68,74,77,80,86,88,100],"type":"periodic_broadcast"}}
2024/12/27 00:53:48 Sent {"src":"n3","dest":"n0","body":{"message":[1,18,32,36,39,43,47,52,54,60,64,69,75,83,87,97,105,4,7,14,19,23,26,30,37,40,44,48,55,57,61,65,70,81,89,95,98,101,2,3,5,8,9,11,12,15,16,17,20,21,22,24,27,28,31,33,34,35,38,41,45,49,50,51,56,58,59,62,63,66,67,71,72,73,76,78,79,82,84,85,90,91,92,93,94,96,99,102,103,104,106,0,6,10,13,25,29,42,46,53,68,74,77,80,86,88,100],"type":"periodic_broadcast"}}
2024/12/27 00:53:48 Sent {"src":"n3","dest":"n4","body":{"message":[1,18,32,36,39,43,47,52,54,60,64,69,75,83,87,97,105,4,7,14,19,23,26,30,37,40,44,48,55,57,61,65,70,81,89,95,98,101,2,3,5,8,9,11,12,15,16,17,20,21,22,24,27,28,31,33,34,35,38,41,45,49,50,51,56,58,59,62,63,66,67,71,72,73,76,78,79,82,84,85,90,91,92,93,94,96,99,102,103,104,106,0,6,10,13,25,29,42,46,53,68,74,77,80,86,88,100],"type":"periodic_broadcast"}}
2024/12/27 00:53:48 Received {n4 n3 {"message":[4,7,14,19,23,26,30,37,40,44,48,55,57,61,65,70,81,89,95,98,101,105,1,18,32,36,39,43,47,52,54,60,64,69,75,83,87,97,2,3,5,8,9,11,12,15,16,17,20,21,22,24,27,28,31,33,34,35,38,41,45,49,50,51,56,58,59,62,63,66,67,71,72,73,76,78,79,82,84,85,90,91,92,93,94,96,99,102,103,104,106,0,6,10,13,25,29,42,46,53,68,74,77,80,86,88,100],"type":"periodic_broadcast"}}
2024/12/27 00:53:48 Received {n0 n3 {"message":[2,3,5,8,9,11,12,15,16,17,20,21,22,24,27,28,31,33,34,35,38,41,45,49,50,51,56,58,59,62,63,66,67,71,72,73,76,78,79,82,84,85,90,91,92,93,94,96,99,102,103,104,105,1,18,32,36,39,43,47,52,54,60,64,69,75,83,87,97,106,4,7,14,19,23,26,30,37,40,44,48,55,57,61,65,70,81,89,95,98,101,0,6,10,13,25,29,42,46,53,68,74,77,80,86,88,100],"type":"periodic_broadcast"}}
2024/12/27 00:53:49 Sent {"src":"n3","dest":"n0","body":{"message":[1,18,32,36,39,43,47,52,54,60,64,69,75,83,87,97,105,4,7,14,19,23,26,30,37,40,44,48,55,57,61,65,70,81,89,95,98,101,2,3,5,8,9,11,12,15,16,17,20,21,22,24,27,28,31,33,34,35,38,41,45,49,50,51,56,58,59,62,63,66,67,71,72,73,76,78,79,82,84,85,90,91,92,93,94,96,99,102,103,104,106,0,6,10,13,25,29,42,46,53,68,74,77,80,86,88,100],"type":"periodic_broadcast"}}
2024/12/27 00:53:49 Sent {"src":"n3","dest":"n4","body":{"message":[1,18,32,36,39,43,47,52,54,60,64,69,75,83,87,97,105,4,7,14,19,23,26,30,37,40,44,48,55,57,61,65,70,81,89,95,98,101,2,3,5,8,9,11,12,15,16,17,20,21,22,24,27,28,31,33,34,35,38,41,45,49,50,51,56,58,59,62,63,66,67,71,72,73,76,78,79,82,84,85,90,91,92,93,94,96,99,102,103,104,106,0,6,10,13,25,29,42,46,53,68,74,77,80,86,88,100],"type":"periodic_broadcast"}}
2024/12/27 00:53:49 Received {n4 n3 {"message":[4,7,14,19,23,26,30,37,40,44,48,55,57,61,65,70,81,89,95,98,101,105,1,18,32,36,39,43,47,52,54,60,64,69,75,83,87,97,2,3,5,8,9,11,12,15,16,17,20,21,22,24,27,28,31,33,34,35,38,41,45,49,50,51,56,58,59,62,63,66,67,71,72,73,76,78,79,82,84,85,90,91,92,93,94,96,99,102,103,104,106,0,6,10,13,25,29,42,46,53,68,74,77,80,86,88,100],"type":"periodic_broadcast"}}
2024/12/27 00:53:49 Received {n0 n3 {"message":[2,3,5,8,9,11,12,15,16,17,20,21,22,24,27,28,31,33,34,35,38,41,45,49,50,51,56,58,59,62,63,66,67,71,72,73,76,78,79,82,84,85,90,91,92,93,94,96,99,102,103,104,105,1,18,32,36,39,43,47,52,54,60,64,69,75,83,87,97,106,4,7,14,19,23,26,30,37,40,44,48,55,57,61,65,70,81,89,95,98,101,0,6,10,13,25,29,42,46,53,68,74,77,80,86,88,100],"type":"periodic_broadcast"}}
2024/12/27 00:53:50 Sent {"src":"n3","dest":"n0","body":{"message":[1,18,32,36,39,43,47,52,54,60,64,69,75,83,87,97,105,4,7,14,19,23,26,30,37,40,44,48,55,57,61,65,70,81,89,95,98,101,2,3,5,8,9,11,12,15,16,17,20,21,22,24,27,28,31,33,34,35,38,41,45,49,50,51,56,58,59,62,63,66,67,71,72,73,76,78,79,82,84,85,90,91,92,93,94,96,99,102,103,104,106,0,6,10,13,25,29,42,46,53,68,74,77,80,86,88,100],"type":"periodic_broadcast"}}
2024/12/27 00:53:50 Sent {"src":"n3","dest":"n4","body":{"message":[1,18,32,36,39,43,47,52,54,60,64,69,75,83,87,97,105,4,7,14,19,23,26,30,37,40,44,48,55,57,61,65,70,81,89,95,98,101,2,3,5,8,9,11,12,15,16,17,20,21,22,24,27,28,31,33,34,35,38,41,45,49,50,51,56,58,59,62,63,66,67,71,72,73,76,78,79,82,84,85,90,91,92,93,94,96,99,102,103,104,106,0,6,10,13,25,29,42,46,53,68,74,77,80,86,88,100],"type":"periodic_broadcast"}}
2024/12/27 00:53:50 Received {n4 n3 {"message":[4,7,14,19,23,26,30,37,40,44,48,55,57,61,65,70,81,89,95,98,101,105,1,18,32,36,39,43,47,52,54,60,64,69,75,83,87,97,2,3,5,8,9,11,12,15,16,17,20,21,22,24,27,28,31,33,34,35,38,41,45,49,50,51,56,58,59,62,63,66,67,71,72,73,76,78,79,82,84,85,90,91,92,93,94,96,99,102,103,104,106,0,6,10,13,25,29,42,46,53,68,74,77,80,86,88,100],"type":"periodic_broadcast"}}
2024/12/27 00:53:50 Received {n0 n3 {"message":[2,3,5,8,9,11,12,15,16,17,20,21,22,24,27,28,31,33,34,35,38,41,45,49,50,51,56,58,59,62,63,66,67,71,72,73,76,78,79,82,84,85,90,91,92,93,94,96,99,102,103,104,105,1,18,32,36,39,43,47,52,54,60,64,69,75,83,87,97,106,4,7,14,19,23,26,30,37,40,44,48,55,57,61,65,70,81,89,95,98,101,0,6,10,13,25,29,42,46,53,68,74,77,80,86,88,100],"type":"periodic_broadcast"}}
2024/12/27 00:53:51 Sent {"src":"n3","dest":"n0","body":{"message":[1,18,32,36,39,43,47,52,54,60,64,69,75,83,87,97,105,4,7,14,19,23,26,30,37,40,44,48,55,57,61,65,70,81,89,95,98,101,2,3,5,8,9,11,12,15,16,17,20,21,22,24,27,28,31,33,34,35,38,41,45,49,50,51,56,58,59,62,63,66,67,71,72,73,76,78,79,82,84,85,90,91,92,93,94,96,99,102,103,104,106,0,6,10,13,25,29,42,46,53,68,74,77,80,86,88,100],"type":"periodic_broadcast"}}
2024/12/27 00:53:51 Sent {"src":"n3","dest":"n4","body":{"message":[1,18,32,36,39,43,47,52,54,60,64,69,75,83,87,97,105,4,7,14,19,23,26,30,37,40,44,48,55,57,61,65,70,81,89,95,98,101,2,3,5,8,9,11,12,15,16,17,20,21,22,24,27,28,31,33,34,35,38,41,45,49,50,51,56,58,59,62,63,66,67,71,72,73,76,78,79,82,84,85,90,91,92,93,94,96,99,102,103,104,106,0,6,10,13,25,29,42,46,53,68,74,77,80,86,88,100],"type":"periodic_broadcast"}}
2024/12/27 00:53:51 Received {n4 n3 {"message":[4,7,14,19,23,26,30,37,40,44,48,55,57,61,65,70,81,89,95,98,101,105,1,18,32,36,39,43,47,52,54,60,64,69,75,83,87,97,2,3,5,8,9,11,12,15,16,17,20,21,22,24,27,28,31,33,34,35,38,41,45,49,50,51,56,58,59,62,63,66,67,71,72,73,76,78,79,82,84,85,90,91,92,93,94,96,99,102,103,104,106,0,6,10,13,25,29,42,46,53,68,74,77,80,86,88,100],"type":"periodic_broadcast"}}
2024/12/27 00:53:51 Received {n0 n3 {"message":[2,3,5,8,9,11,12,15,16,17,20,21,22,24,27,28,31,33,34,35,38,41,45,49,50,51,56,58,59,62,63,66,67,71,72,73,76,78,79,82,84,85,90,91,92,93,94,96,99,102,103,104,105,1,18,32,36,39,43,47,52,54,60,64,69,75,83,87,97,106,4,7,14,19,23,26,30,37,40,44,48,55,57,61,65,70,81,89,95,98,101,0,6,10,13,25,29,42,46,53,68,74,77,80,86,88,100],"type":"periodic_broadcast"}}
2024/12/27 00:53:52 Sent {"src":"n3","dest":"n0","body":{"message":[1,18,32,36,39,43,47,52,54,60,64,69,75,83,87,97,105,4,7,14,19,23,26,30,37,40,44,48,55,57,61,65,70,81,89,95,98,101,2,3,5,8,9,11,12,15,16,17,20,21,22,24,27,28,31,33,34,35,38,41,45,49,50,51,56,58,59,62,63,66,67,71,72,73,76,78,79,82,84,85,90,91,92,93,94,96,99,102,103,104,106,0,6,10,13,25,29,42,46,53,68,74,77,80,86,88,100],"type":"periodic_broadcast"}}
2024/12/27 00:53:52 Sent {"src":"n3","dest":"n4","body":{"message":[1,18,32,36,39,43,47,52,54,60,64,69,75,83,87,97,105,4,7,14,19,23,26,30,37,40,44,48,55,57,61,65,70,81,89,95,98,101,2,3,5,8,9,11,12,15,16,17,20,21,22,24,27,28,31,33,34,35,38,41,45,49,50,51,56,58,59,62,63,66,67,71,72,73,76,78,79,82,84,85,90,91,92,93,94,96,99,102,103,104,106,0,6,10,13,25,29,42,46,53,68,74,77,80,86,88,100],"type":"periodic_broadcast"}}
2024/12/27 00:53:52 Received {n4 n3 {"message":[4,7,14,19,23,26,30,37,40,44,48,55,57,61,65,70,81,89,95,98,101,105,1,18,32,36,39,43,47,52,54,60,64,69,75,83,87,97,2,3,5,8,9,11,12,15,16,17,20,21,22,24,27,28,31,33,34,35,38,41,45,49,50,51,56,58,59,62,63,66,67,71,72,73,76,78,79,82,84,85,90,91,92,93,94,96,99,102,103,104,106,0,6,10,13,25,29,42,46,53,68,74,77,80,86,88,100],"type":"periodic_broadcast"}}
2024/12/27 00:53:52 Received {n0 n3 {"message":[2,3,5,8,9,11,12,15,16,17,20,21,22,24,27,28,31,33,34,35,38,41,45,49,50,51,56,58,59,62,63,66,67,71,72,73,76,78,79,82,84,85,90,91,92,93,94,96,99,102,103,104,105,1,18,32,36,39,43,47,52,54,60,64,69,75,83,87,97,106,4,7,14,19,23,26,30,37,40,44,48,55,57,61,65,70,81,89,95,98,101,0,6,10,13,25,29,42,46,53,68,74,77,80,86,88,100],"type":"periodic_broadcast"}}
2024/12/27 00:53:53 Sent {"src":"n3","dest":"n0","body":{"message":[1,18,32,36,39,43,47,52,54,60,64,69,75,83,87,97,105,4,7,14,19,23,26,30,37,40,44,48,55,57,61,65,70,81,89,95,98,101,2,3,5,8,9,11,12,15,16,17,20,21,22,24,27,28,31,33,34,35,38,41,45,49,50,51,56,58,59,62,63,66,67,71,72,73,76,78,79,82,84,85,90,91,92,93,94,96,99,102,103,104,106,0,6,10,13,25,29,42,46,53,68,74,77,80,86,88,100],"type":"periodic_broadcast"}}
2024/12/27 00:53:53 Sent {"src":"n3","dest":"n4","body":{"message":[1,18,32,36,39,43,47,52,54,60,64,69,75,83,87,97,105,4,7,14,19,23,26,30,37,40,44,48,55,57,61,65,70,81,89,95,98,101,2,3,5,8,9,11,12,15,16,17,20,21,22,24,27,28,31,33,34,35,38,41,45,49,50,51,56,58,59,62,63,66,67,71,72,73,76,78,79,82,84,85,90,91,92,93,94,96,99,102,103,104,106,0,6,10,13,25,29,42,46,53,68,74,77,80,86,88,100],"type":"periodic_broadcast"}}
2024/12/27 00:53:53 Received {n4 n3 {"message":[4,7,14,19,23,26,30,37,40,44,48,55,57,61,65,70,81,89,95,98,101,105,1,18,32,36,39,43,47,52,54,60,64,69,75,83,87,97,2,3,5,8,9,11,12,15,16,17,20,21,22,24,27,28,31,33,34,35,38,41,45,49,50,51,56,58,59,62,63,66,67,71,72,73,76,78,79,82,84,85,90,91,92,93,94,96,99,102,103,104,106,0,6,10,13,25,29,42,46,53,68,74,77,80,86,88,100],"type":"periodic_broadcast"}}
2024/12/27 00:53:53 Received {n0 n3 {"message":[2,3,5,8,9,11,12,15,16,17,20,21,22,24,27,28,31,33,34,35,38,41,45,49,50,51,56,58,59,62,63,66,67,71,72,73,76,78,79,82,84,85,90,91,92,93,94,96,99,102,103,104,105,1,18,32,36,39,43,47,52,54,60,64,69,75,83,87,97,106,4,7,14,19,23,26,30,37,40,44,48,55,57,61,65,70,81,89,95,98,101,0,6,10,13,25,29,42,46,53,68,74,77,80,86,88,100],"type":"periodic_broadcast"}}
2024/12/27 00:53:54 Sent {"src":"n3","dest":"n0","body":{"message":[1,18,32,36,39,43,47,52,54,60,64,69,75,83,87,97,105,4,7,14,19,23,26,30,37,40,44,48,55,57,61,65,70,81,89,95,98,101,2,3,5,8,9,11,12,15,16,17,20,21,22,24,27,28,31,33,34,35,38,41,45,49,50,51,56,58,59,62,63,66,67,71,72,73,76,78,79,82,84,85,90,91,92,93,94,96,99,102,103,104,106,0,6,10,13,25,29,42,46,53,68,74,77,80,86,88,100],"type":"periodic_broadcast"}}
2024/12/27 00:53:54 Sent {"src":"n3","dest":"n4","body":{"message":[1,18,32,36,39,43,47,52,54,60,64,69,75,83,87,97,105,4,7,14,19,23,26,30,37,40,44,48,55,57,61,65,70,81,89,95,98,101,2,3,5,8,9,11,12,15,16,17,20,21,22,24,27,28,31,33,34,35,38,41,45,49,50,51,56,58,59,62,63,66,67,71,72,73,76,78,79,82,84,85,90,91,92,93,94,96,99,102,103,104,106,0,6,10,13,25,29,42,46,53,68,74,77,80,86,88,100],"type":"periodic_broadcast"}}
2024/12/27 00:53:54 Received {n4 n3 {"message":[4,7,14,19,23,26,30,37,40,44,48,55,57,61,65,70,81,89,95,98,101,105,1,18,32,36,39,43,47,52,54,60,64,69,75,83,87,97,2,3,5,8,9,11,12,15,16,17,20,21,22,24,27,28,31,33,34,35,38,41,45,49,50,51,56,58,59,62,63,66,67,71,72,73,76,78,79,82,84,85,90,91,92,93,94,96,99,102,103,104,106,0,6,10,13,25,29,42,46,53,68,74,77,80,86,88,100],"type":"periodic_broadcast"}}
2024/12/27 00:53:54 Received {n0 n3 {"message":[2,3,5,8,9,11,12,15,16,17,20,21,22,24,27,28,31,33,34,35,38,41,45,49,50,51,56,58,59,62,63,66,67,71,72,73,76,78,79,82,84,85,90,91,92,93,94,96,99,102,103,104,105,1,18,32,36,39,43,47,52,54,60,64,69,75,83,87,97,106,4,7,14,19,23,26,30,37,40,44,48,55,57,61,65,70,81,89,95,98,101,0,6,10,13,25,29,42,46,53,68,74,77,80,86,88,100],"type":"periodic_broadcast"}}
2024/12/27 00:53:54 Received {c12 n3 {"type":"read","msg_id":33}}
2024/12/27 00:53:54 Sent {"src":"n3","dest":"c12","body":{"in_reply_to":33,"messages":[1,18,32,36,39,43,47,52,54,60,64,69,75,83,87,97,105,4,7,14,19,23,26,30,37,40,44,48,55,57,61,65,70,81,89,95,98,101,2,3,5,8,9,11,12,15,16,17,20,21,22,24,27,28,31,33,34,35,38,41,45,49,50,51,56,58,59,62,63,66,67,71,72,73,76,78,79,82,84,85,90,91,92,93,94,96,99,102,103,104,106,0,6,10,13,25,29,42,46,53,68,74,77,80,86,88,100],"type":"read_ok"}}
