2024-11-07 17:20:49,406{GMT}	INFO	[jepsen test runner] jepsen.core: Test version adefd404d61ca3b680b49c9e70ab92fa062be021 (plus uncommitted changes)
2024-11-07 17:20:49,407{GMT}	INFO	[jepsen test runner] jepsen.core: Command line:
lein run test -w broadcast --bin ./three/b/maelstrom-broadcast --node-count 5 --time-limit 20 --rate 10
2024-11-07 17:20:49,467{GMT}	INFO	[jepsen test runner] jepsen.core: Running test:
{:args []
 :remote
 #jepsen.control.retry.Remote{:remote #jepsen.control.scp.Remote{:cmd-remote #jepsen.control.sshj.SSHJRemote{:concurrency-limit 6,
                                                                                                             :conn-spec nil,
                                                                                                             :client nil,
                                                                                                             :semaphore nil},
                                                                 :conn-spec nil},
                              :conn nil}
 :log-net-send false
 :node-count 5
 :availability nil
 :max-txn-length 4
 :concurrency 5
 :db
 #object[maelstrom.db$db$reify__16142
         "0x473e0536"
         "maelstrom.db$db$reify__16142@473e0536"]
 :max-writes-per-key 16
 :leave-db-running? false
 :name "broadcast"
 :logging-json? false
 :start-time
 #object[org.joda.time.DateTime "0x4c02f50" "2024-11-07T17:20:49.382+05:30"]
 :nemesis-interval 10
 :net
 #object[maelstrom.net$jepsen_net$reify__15251
         "0x35852b6"
         "maelstrom.net$jepsen_net$reify__15251@35852b6"]
 :client
 #object[maelstrom.workload.broadcast$client$reify__16644
         "0x27d6ff8c"
         "maelstrom.workload.broadcast$client$reify__16644@27d6ff8c"]
 :barrier
 #object[java.util.concurrent.CyclicBarrier
         "0x105c253a"
         "java.util.concurrent.CyclicBarrier@105c253a"]
 :log-stderr false
 :pure-generators true
 :ssh {:dummy? true}
 :rate 10.0
 :checker
 #object[jepsen.checker$compose$reify__11881
         "0x156322ce"
         "jepsen.checker$compose$reify__11881@156322ce"]
 :argv
 ("test"
  "-w"
  "broadcast"
  "--bin"
  "./three/b/maelstrom-broadcast"
  "--node-count"
  "5"
  "--time-limit"
  "20"
  "--rate"
  "10")
 :nemesis
 (jepsen.nemesis.ReflCompose
  {:fm {:start-partition 0,
        :stop-partition 0,
        :kill 1,
        :start 1,
        :pause 1,
        :resume 1},
   :nemeses [#unprintable "jepsen.nemesis.combined$partition_nemesis$reify__16416@546f0f36"
             #unprintable "jepsen.nemesis.combined$db_nemesis$reify__16397@44d5a0a8"]})
 :nodes ["n0" "n1" "n2" "n3" "n4"]
 :test-count 1
 :latency {:mean 0, :dist :constant}
 :bin "./three/b/maelstrom-broadcast"
 :generator
 ((jepsen.generator.Synchronize
   {:gen (jepsen.generator.TimeLimit
          {:limit 20000000000,
           :cutoff nil,
           :gen (jepsen.generator.Any
                 {:gens [(jepsen.generator.OnThreads
                          {:f #{:nemesis},
                           :context-filter #object[jepsen.generator.context$make_thread_filter$lazy_filter__9167
                                                   "0x1ad4ff2a"
                                                   "jepsen.generator.context$make_thread_filter$lazy_filter__9167@1ad4ff2a"],
                           :gen nil})
                         (jepsen.generator.OnThreads
                          {:f #jepsen.generator.context.AllBut{:element :nemesis},
                           :context-filter #object[jepsen.generator.context$make_thread_filter$lazy_filter__9167
                                                   "0x625ae6d"
                                                   "jepsen.generator.context$make_thread_filter$lazy_filter__9167@625ae6d"],
                           :gen (jepsen.generator.Stagger
                                 {:dt 200000000,
                                  :next-time nil,
                                  :gen (jepsen.generator.Mix
                                        {:i 1,
                                         :gens [({:f :broadcast, :value 0}
                                                 {:f :broadcast, :value 1}
                                                 {:f :broadcast, :value 2}
                                                 {:f :broadcast, :value 3}
                                                 {:f :broadcast, :value 4}
                                                 {:f :broadcast, :value 5}
                                                 {:f :broadcast, :value 6}
                                                 {:f :broadcast, :value 7}
                                                 ...)
                                                ({:f :read}
                                                 {:f :read}
                                                 {:f :read}
                                                 {:f :read}
                                                 {:f :read}
                                                 {:f :read}
                                                 {:f :read}
                                                 {:f :read}
                                                 ...)]})})})]})})})
  (jepsen.generator.Synchronize
   {:gen (jepsen.generator.OnThreads
          {:f #{:nemesis},
           :context-filter #object[jepsen.generator.context$make_thread_filter$lazy_filter__9167
                                   "0x5cdb7b"
                                   "jepsen.generator.context$make_thread_filter$lazy_filter__9167@5cdb7b"],
           :gen ()})})
  (jepsen.generator.Synchronize
   {:gen {:type :log, :value "Waiting for recovery..."}})
  (jepsen.generator.Synchronize {:gen {:type :sleep, :value 10}})
  (jepsen.generator.Synchronize
   {:gen (jepsen.generator.OnThreads
          {:f #jepsen.generator.context.AllBut{:element :nemesis},
           :context-filter #object[jepsen.generator.context$make_thread_filter$lazy_filter__9167
                                   "0x3dcc59f5"
                                   "jepsen.generator.context$make_thread_filter$lazy_filter__9167@3dcc59f5"],
           :gen (jepsen.generator.EachThread
                 {:fresh-gen {:f :read, :final? true},
                  :context-filters #object[clojure.core$promise$reify__8591
                                           "0x16b1dee7"
                                           {:status :pending, :val nil}],
                  :gens {}})})}))
 :log-net-recv false
 :os
 #object[maelstrom.net$jepsen_os$reify__15254
         "0x690337df"
         "maelstrom.net$jepsen_os$reify__15254@690337df"]
 :time-limit 20
 :workload :broadcast
 :consistency-models [:strict-serializable]
 :topology :grid}

2024-11-07 17:20:50,283{GMT}	INFO	[jepsen node n0] maelstrom.net: Starting Maelstrom network
2024-11-07 17:20:50,285{GMT}	INFO	[jepsen test runner] jepsen.db: Tearing down DB
2024-11-07 17:20:50,287{GMT}	INFO	[jepsen test runner] jepsen.db: Setting up DB
2024-11-07 17:20:50,288{GMT}	INFO	[jepsen node n3] maelstrom.db: Setting up n3
2024-11-07 17:20:50,288{GMT}	INFO	[jepsen node n1] maelstrom.db: Setting up n1
2024-11-07 17:20:50,288{GMT}	INFO	[jepsen node n2] maelstrom.db: Setting up n2
2024-11-07 17:20:50,288{GMT}	INFO	[jepsen node n4] maelstrom.db: Setting up n4
2024-11-07 17:20:50,288{GMT}	INFO	[jepsen node n3] maelstrom.process: launching ./three/b/maelstrom-broadcast []
2024-11-07 17:20:50,288{GMT}	INFO	[jepsen node n1] maelstrom.process: launching ./three/b/maelstrom-broadcast []
2024-11-07 17:20:50,288{GMT}	INFO	[jepsen node n4] maelstrom.process: launching ./three/b/maelstrom-broadcast []
2024-11-07 17:20:50,288{GMT}	INFO	[jepsen node n2] maelstrom.process: launching ./three/b/maelstrom-broadcast []
2024-11-07 17:20:50,290{GMT}	INFO	[jepsen node n0] maelstrom.service: Starting services: (lin-kv lin-tso lww-kv seq-kv)
2024-11-07 17:20:50,293{GMT}	INFO	[jepsen node n0] maelstrom.db: Setting up n0
2024-11-07 17:20:50,294{GMT}	INFO	[jepsen node n0] maelstrom.process: launching ./three/b/maelstrom-broadcast []
2024-11-07 17:20:50,308{GMT}	INFO	[jepsen test runner] jepsen.core: Relative time begins now
2024-11-07 17:20:50,328{GMT}	INFO	[jepsen worker 0] jepsen.util: 0	:invoke	:read	nil
2024-11-07 17:20:50,331{GMT}	INFO	[jepsen worker 0] jepsen.util: 0	:ok	:read	[]
2024-11-07 17:20:50,357{GMT}	INFO	[jepsen worker 1] jepsen.util: 1	:invoke	:read	nil
2024-11-07 17:20:50,359{GMT}	INFO	[jepsen worker 1] jepsen.util: 1	:ok	:read	[]
2024-11-07 17:20:50,542{GMT}	INFO	[jepsen worker 2] jepsen.util: 2	:invoke	:read	nil
2024-11-07 17:20:50,545{GMT}	INFO	[jepsen worker 2] jepsen.util: 2	:ok	:read	[]
2024-11-07 17:20:50,656{GMT}	INFO	[jepsen worker 3] jepsen.util: 3	:invoke	:read	nil
2024-11-07 17:20:50,662{GMT}	INFO	[jepsen worker 3] jepsen.util: 3	:ok	:read	[]
2024-11-07 17:20:50,766{GMT}	INFO	[jepsen worker 4] jepsen.util: 4	:invoke	:read	nil
2024-11-07 17:20:50,772{GMT}	INFO	[jepsen worker 4] jepsen.util: 4	:ok	:read	[]
2024-11-07 17:20:50,864{GMT}	INFO	[jepsen worker 0] jepsen.util: 0	:invoke	:broadcast	0
2024-11-07 17:20:50,869{GMT}	INFO	[jepsen worker 0] jepsen.util: 0	:ok	:broadcast	0
2024-11-07 17:20:50,979{GMT}	INFO	[jepsen worker 0] jepsen.util: 0	:invoke	:read	nil
2024-11-07 17:20:50,984{GMT}	INFO	[jepsen worker 0] jepsen.util: 0	:ok	:read	[0]
2024-11-07 17:20:51,017{GMT}	INFO	[jepsen worker 1] jepsen.util: 1	:invoke	:read	nil
2024-11-07 17:20:51,020{GMT}	INFO	[jepsen worker 1] jepsen.util: 1	:ok	:read	[0]
2024-11-07 17:20:51,117{GMT}	INFO	[jepsen worker 2] jepsen.util: 2	:invoke	:read	nil
2024-11-07 17:20:51,121{GMT}	INFO	[jepsen worker 2] jepsen.util: 2	:ok	:read	[0]
2024-11-07 17:20:51,204{GMT}	INFO	[jepsen worker 3] jepsen.util: 3	:invoke	:read	nil
2024-11-07 17:20:51,210{GMT}	INFO	[jepsen worker 3] jepsen.util: 3	:ok	:read	[0]
2024-11-07 17:20:51,288{GMT}	INFO	[jepsen worker 4] jepsen.util: 4	:invoke	:broadcast	1
2024-11-07 17:20:51,293{GMT}	INFO	[jepsen worker 4] jepsen.util: 4	:ok	:broadcast	1
2024-11-07 17:20:51,299{GMT}	INFO	[jepsen worker 0] jepsen.util: 0	:invoke	:broadcast	2
2024-11-07 17:20:51,300{GMT}	INFO	[jepsen worker 0] jepsen.util: 0	:ok	:broadcast	2
2024-11-07 17:20:51,308{GMT}	INFO	[jepsen worker 0] jepsen.util: 0	:invoke	:broadcast	3
2024-11-07 17:20:51,311{GMT}	INFO	[jepsen worker 0] jepsen.util: 0	:ok	:broadcast	3
2024-11-07 17:20:51,376{GMT}	INFO	[jepsen worker 1] jepsen.util: 1	:invoke	:read	nil
2024-11-07 17:20:51,380{GMT}	INFO	[jepsen worker 1] jepsen.util: 1	:ok	:read	[3 0 1 2]
2024-11-07 17:20:51,489{GMT}	INFO	[jepsen worker 2] jepsen.util: 2	:invoke	:broadcast	4
2024-11-07 17:20:51,494{GMT}	INFO	[jepsen worker 2] jepsen.util: 2	:ok	:broadcast	4
2024-11-07 17:20:51,663{GMT}	INFO	[jepsen worker 3] jepsen.util: 3	:invoke	:read	nil
2024-11-07 17:20:51,668{GMT}	INFO	[jepsen worker 3] jepsen.util: 3	:ok	:read	[0 1 2 3 4]
2024-11-07 17:20:51,861{GMT}	INFO	[jepsen worker 4] jepsen.util: 4	:invoke	:broadcast	5
2024-11-07 17:20:51,866{GMT}	INFO	[jepsen worker 4] jepsen.util: 4	:ok	:broadcast	5
2024-11-07 17:20:52,006{GMT}	INFO	[jepsen worker 0] jepsen.util: 0	:invoke	:read	nil
2024-11-07 17:20:52,008{GMT}	INFO	[jepsen worker 0] jepsen.util: 0	:ok	:read	[3 4 5 0 1 2]
2024-11-07 17:20:52,152{GMT}	INFO	[jepsen worker 0] jepsen.util: 0	:invoke	:broadcast	6
2024-11-07 17:20:52,156{GMT}	INFO	[jepsen worker 0] jepsen.util: 0	:ok	:broadcast	6
2024-11-07 17:20:52,169{GMT}	INFO	[jepsen worker 1] jepsen.util: 1	:invoke	:read	nil
2024-11-07 17:20:52,172{GMT}	INFO	[jepsen worker 1] jepsen.util: 1	:ok	:read	[4 5 6 0 1 2 3]
2024-11-07 17:20:52,291{GMT}	INFO	[jepsen worker 2] jepsen.util: 2	:invoke	:broadcast	7
2024-11-07 17:20:52,295{GMT}	INFO	[jepsen worker 2] jepsen.util: 2	:ok	:broadcast	7
2024-11-07 17:20:52,455{GMT}	INFO	[jepsen worker 3] jepsen.util: 3	:invoke	:broadcast	8
2024-11-07 17:20:52,457{GMT}	INFO	[jepsen worker 3] jepsen.util: 3	:ok	:broadcast	8
2024-11-07 17:20:52,622{GMT}	INFO	[jepsen worker 4] jepsen.util: 4	:invoke	:broadcast	9
2024-11-07 17:20:52,626{GMT}	INFO	[jepsen worker 4] jepsen.util: 4	:ok	:broadcast	9
2024-11-07 17:20:52,697{GMT}	INFO	[jepsen worker 0] jepsen.util: 0	:invoke	:broadcast	10
2024-11-07 17:20:52,701{GMT}	INFO	[jepsen worker 0] jepsen.util: 0	:ok	:broadcast	10
2024-11-07 17:20:52,733{GMT}	INFO	[jepsen worker 0] jepsen.util: 0	:invoke	:read	nil
2024-11-07 17:20:52,736{GMT}	INFO	[jepsen worker 0] jepsen.util: 0	:ok	:read	[0 1 3 6 8 9 10 2 4 5 7]
2024-11-07 17:20:52,906{GMT}	INFO	[jepsen worker 1] jepsen.util: 1	:invoke	:broadcast	11
2024-11-07 17:20:52,910{GMT}	INFO	[jepsen worker 1] jepsen.util: 1	:ok	:broadcast	11
2024-11-07 17:20:52,951{GMT}	INFO	[jepsen worker 2] jepsen.util: 2	:invoke	:broadcast	12
2024-11-07 17:20:52,953{GMT}	INFO	[jepsen worker 2] jepsen.util: 2	:ok	:broadcast	12
2024-11-07 17:20:52,997{GMT}	INFO	[jepsen worker 3] jepsen.util: 3	:invoke	:broadcast	13
2024-11-07 17:20:53,001{GMT}	INFO	[jepsen worker 3] jepsen.util: 3	:ok	:broadcast	13
2024-11-07 17:20:53,002{GMT}	INFO	[jepsen worker 4] jepsen.util: 4	:invoke	:broadcast	14
2024-11-07 17:20:53,005{GMT}	INFO	[jepsen worker 4] jepsen.util: 4	:ok	:broadcast	14
2024-11-07 17:20:53,132{GMT}	INFO	[jepsen worker 0] jepsen.util: 0	:invoke	:broadcast	15
2024-11-07 17:20:53,136{GMT}	INFO	[jepsen worker 0] jepsen.util: 0	:ok	:broadcast	15
2024-11-07 17:20:53,251{GMT}	INFO	[jepsen worker 0] jepsen.util: 0	:invoke	:broadcast	16
2024-11-07 17:20:53,255{GMT}	INFO	[jepsen worker 0] jepsen.util: 0	:ok	:broadcast	16
2024-11-07 17:20:53,447{GMT}	INFO	[jepsen worker 1] jepsen.util: 1	:invoke	:broadcast	17
2024-11-07 17:20:53,452{GMT}	INFO	[jepsen worker 1] jepsen.util: 1	:ok	:broadcast	17
2024-11-07 17:20:53,470{GMT}	INFO	[jepsen worker 2] jepsen.util: 2	:invoke	:broadcast	18
2024-11-07 17:20:53,473{GMT}	INFO	[jepsen worker 2] jepsen.util: 2	:ok	:broadcast	18
2024-11-07 17:20:53,544{GMT}	INFO	[jepsen worker 3] jepsen.util: 3	:invoke	:broadcast	19
2024-11-07 17:20:53,544{GMT}	INFO	[jepsen worker 4] jepsen.util: 4	:invoke	:broadcast	20
2024-11-07 17:20:53,546{GMT}	INFO	[jepsen worker 4] jepsen.util: 4	:ok	:broadcast	20
2024-11-07 17:20:53,547{GMT}	INFO	[jepsen worker 3] jepsen.util: 3	:ok	:broadcast	19
2024-11-07 17:20:53,628{GMT}	INFO	[jepsen worker 0] jepsen.util: 0	:invoke	:read	nil
2024-11-07 17:20:53,629{GMT}	INFO	[jepsen worker 0] jepsen.util: 0	:ok	:read	[2 4 14 16 0 1 13 17 18 20 5 7 11 12 15 19 3 6 8 9 10]
2024-11-07 17:20:53,732{GMT}	INFO	[jepsen worker 0] jepsen.util: 0	:invoke	:broadcast	21
2024-11-07 17:20:53,734{GMT}	INFO	[jepsen worker 0] jepsen.util: 0	:ok	:broadcast	21
2024-11-07 17:20:53,827{GMT}	INFO	[jepsen worker 1] jepsen.util: 1	:invoke	:broadcast	22
2024-11-07 17:20:53,828{GMT}	INFO	[jepsen worker 1] jepsen.util: 1	:ok	:broadcast	22
2024-11-07 17:20:53,844{GMT}	INFO	[jepsen worker 2] jepsen.util: 2	:invoke	:read	nil
2024-11-07 17:20:53,845{GMT}	INFO	[jepsen worker 2] jepsen.util: 2	:ok	:read	[7 8 13 15 2 4 3 11 14 16 0 1 10 12 17 22 5 9 20 19 21 6 18]
2024-11-07 17:20:54,019{GMT}	INFO	[jepsen worker 3] jepsen.util: 3	:invoke	:broadcast	23
2024-11-07 17:20:54,020{GMT}	INFO	[jepsen worker 3] jepsen.util: 3	:ok	:broadcast	23
2024-11-07 17:20:54,057{GMT}	INFO	[jepsen worker 4] jepsen.util: 4	:invoke	:read	nil
2024-11-07 17:20:54,058{GMT}	INFO	[jepsen worker 4] jepsen.util: 4	:ok	:read	[5 22 23 1 2 10 11 15 17 19 21 4 6 7 8 9 16 20 0 3 12 13 14 18]
2024-11-07 17:20:54,207{GMT}	INFO	[jepsen worker 0] jepsen.util: 0	:invoke	:broadcast	24
2024-11-07 17:20:54,210{GMT}	INFO	[jepsen worker 0] jepsen.util: 0	:ok	:broadcast	24
2024-11-07 17:20:54,254{GMT}	INFO	[jepsen worker 0] jepsen.util: 0	:invoke	:read	nil
2024-11-07 17:20:54,258{GMT}	INFO	[jepsen worker 0] jepsen.util: 0	:ok	:read	[7 11 12 15 20 23 24 5 6 8 9 10 19 22 3 4 14 16 21 2 1 13 17 18 0]
2024-11-07 17:20:54,410{GMT}	INFO	[jepsen worker 1] jepsen.util: 1	:invoke	:broadcast	25
2024-11-07 17:20:54,413{GMT}	INFO	[jepsen worker 1] jepsen.util: 1	:ok	:broadcast	25
2024-11-07 17:20:54,538{GMT}	INFO	[jepsen worker 2] jepsen.util: 2	:invoke	:broadcast	26
2024-11-07 17:20:54,540{GMT}	INFO	[jepsen worker 2] jepsen.util: 2	:ok	:broadcast	26
2024-11-07 17:20:54,562{GMT}	INFO	[jepsen worker 3] jepsen.util: 3	:invoke	:read	nil
2024-11-07 17:20:54,565{GMT}	INFO	[jepsen worker 3] jepsen.util: 3	:ok	:read	[16 17 0 2 5 4 12 23 15 25 1 3 6 9 14 18 21 8 13 24 7 19 22 26 11 10 20]
2024-11-07 17:20:54,742{GMT}	INFO	[jepsen worker 4] jepsen.util: 4	:invoke	:read	nil
2024-11-07 17:20:54,746{GMT}	INFO	[jepsen worker 4] jepsen.util: 4	:ok	:read	[20 21 8 3 12 24 0 22 25 5 2 17 1 6 7 9 16 4 13 14 18 26 23 10 11 15 19]
2024-11-07 17:20:54,749{GMT}	INFO	[jepsen worker 0] jepsen.util: 0	:invoke	:read	nil
2024-11-07 17:20:54,752{GMT}	INFO	[jepsen worker 0] jepsen.util: 0	:ok	:read	[6 8 9 10 19 22 14 16 13 17 18 26 7 11 15 3 25 2 4 21 0 1 24 5 12 20 23]
2024-11-07 17:20:54,787{GMT}	INFO	[jepsen worker 0] jepsen.util: 0	:invoke	:read	nil
2024-11-07 17:20:54,790{GMT}	INFO	[jepsen worker 0] jepsen.util: 0	:ok	:read	[0 1 20 23 24 5 12 22 6 8 9 10 19 14 16 13 17 18 26 7 11 15 3 25 2 4 21]
2024-11-07 17:20:54,875{GMT}	INFO	[jepsen worker 1] jepsen.util: 1	:invoke	:broadcast	27
2024-11-07 17:20:54,878{GMT}	INFO	[jepsen worker 1] jepsen.util: 1	:ok	:broadcast	27
2024-11-07 17:20:54,904{GMT}	INFO	[jepsen worker 2] jepsen.util: 2	:invoke	:broadcast	28
2024-11-07 17:20:54,906{GMT}	INFO	[jepsen worker 2] jepsen.util: 2	:ok	:broadcast	28
2024-11-07 17:20:55,001{GMT}	INFO	[jepsen worker 3] jepsen.util: 3	:invoke	:read	nil
2024-11-07 17:20:55,005{GMT}	INFO	[jepsen worker 3] jepsen.util: 3	:ok	:read	[26 7 19 22 11 10 20 16 17 0 2 5 28 4 12 23 9 14 15 25 1 3 6 18 24 27 8 13 21]
2024-11-07 17:20:55,077{GMT}	INFO	[jepsen worker 4] jepsen.util: 4	:invoke	:broadcast	29
2024-11-07 17:20:55,080{GMT}	INFO	[jepsen worker 4] jepsen.util: 4	:ok	:broadcast	29
2024-11-07 17:20:55,276{GMT}	INFO	[jepsen worker 0] jepsen.util: 0	:invoke	:read	nil
2024-11-07 17:20:55,280{GMT}	INFO	[jepsen worker 0] jepsen.util: 0	:ok	:read	[13 17 18 26 28 7 11 15 3 25 27 2 4 21 0 1 5 12 20 23 24 29 6 8 9 10 19 22 14 16]
2024-11-07 17:20:55,293{GMT}	INFO	[jepsen worker 0] jepsen.util: 0	:invoke	:read	nil
2024-11-07 17:20:55,296{GMT}	INFO	[jepsen worker 0] jepsen.util: 0	:ok	:read	[19 22 6 8 9 10 14 16 28 13 17 18 26 7 11 15 3 25 27 2 4 21 0 1 24 29 5 12 20 23]
2024-11-07 17:20:55,355{GMT}	INFO	[jepsen worker 1] jepsen.util: 1	:invoke	:broadcast	30
2024-11-07 17:20:55,357{GMT}	INFO	[jepsen worker 1] jepsen.util: 1	:ok	:broadcast	30
2024-11-07 17:20:55,504{GMT}	INFO	[jepsen worker 2] jepsen.util: 2	:invoke	:read	nil
2024-11-07 17:20:55,508{GMT}	INFO	[jepsen worker 2] jepsen.util: 2	:ok	:read	[6 20 21 29 26 7 13 15 24 16 23 0 1 11 14 12 17 18 19 27 2 4 8 3 28 25 30 5 9 10 22]
2024-11-07 17:20:55,679{GMT}	INFO	[jepsen worker 3] jepsen.util: 3	:invoke	:broadcast	31
2024-11-07 17:20:55,681{GMT}	INFO	[jepsen worker 3] jepsen.util: 3	:ok	:broadcast	31
2024-11-07 17:20:55,719{GMT}	INFO	[jepsen worker 4] jepsen.util: 4	:invoke	:read	nil
2024-11-07 17:20:55,720{GMT}	INFO	[jepsen worker 4] jepsen.util: 4	:ok	:read	[7 9 16 29 4 6 18 27 28 13 14 30 23 26 15 19 10 11 21 31 8 20 12 24 0 3 25 5 22 17 1 2]
2024-11-07 17:20:55,751{GMT}	INFO	[jepsen worker 0] jepsen.util: 0	:invoke	:read	nil
2024-11-07 17:20:55,752{GMT}	INFO	[jepsen worker 0] jepsen.util: 0	:ok	:read	[7 11 15 3 25 27 2 4 21 30 0 1 5 12 20 23 24 29 6 8 9 10 19 22 14 16 31 13 17 18 26 28]
2024-11-07 17:20:55,840{GMT}	INFO	[jepsen worker 0] jepsen.util: 0	:invoke	:read	nil
2024-11-07 17:20:55,841{GMT}	INFO	[jepsen worker 0] jepsen.util: 0	:ok	:read	[24 29 5 12 20 23 19 22 6 8 9 10 14 16 31 28 13 17 18 26 7 11 15 3 25 27 2 4 21 30 0 1]
2024-11-07 17:20:55,894{GMT}	INFO	[jepsen worker 1] jepsen.util: 1	:invoke	:read	nil
2024-11-07 17:20:55,895{GMT}	INFO	[jepsen worker 1] jepsen.util: 1	:ok	:read	[16 20 27 29 31 12 9 18 21 7 28 30 19 8 14 15 4 6 10 25 0 11 13 23 1 5 22 24 26 3 17 2]
2024-11-07 17:20:56,074{GMT}	INFO	[jepsen worker 2] jepsen.util: 2	:invoke	:broadcast	32
2024-11-07 17:20:56,075{GMT}	INFO	[jepsen worker 2] jepsen.util: 2	:ok	:broadcast	32
2024-11-07 17:20:56,155{GMT}	INFO	[jepsen worker 3] jepsen.util: 3	:invoke	:read	nil
2024-11-07 17:20:56,156{GMT}	INFO	[jepsen worker 3] jepsen.util: 3	:ok	:read	[20 10 2 5 16 17 0 12 23 28 4 3 6 9 14 15 25 29 1 32 18 13 21 24 27 8 19 22 26 7 30 31 11]
2024-11-07 17:20:56,187{GMT}	INFO	[jepsen worker 4] jepsen.util: 4	:invoke	:read	nil
2024-11-07 17:20:56,188{GMT}	INFO	[jepsen worker 4] jepsen.util: 4	:ok	:read	[8 20 21 31 0 3 12 24 5 22 25 32 1 2 17 29 4 6 7 9 16 13 14 18 27 28 23 26 30 10 11 15 19]
2024-11-07 17:20:56,284{GMT}	INFO	[jepsen worker 0] jepsen.util: 0	:invoke	:read	nil
2024-11-07 17:20:56,285{GMT}	INFO	[jepsen worker 0] jepsen.util: 0	:ok	:read	[21 30 32 2 4 0 1 20 23 24 29 5 12 9 10 19 22 6 8 31 14 16 18 26 28 13 17 15 7 11 27 3 25]
2024-11-07 17:20:56,311{GMT}	INFO	[jepsen worker 0] jepsen.util: 0	:invoke	:broadcast	33
2024-11-07 17:20:56,312{GMT}	INFO	[jepsen worker 0] jepsen.util: 0	:ok	:broadcast	33
2024-11-07 17:20:56,482{GMT}	INFO	[jepsen worker 1] jepsen.util: 1	:invoke	:broadcast	34
2024-11-07 17:20:56,483{GMT}	INFO	[jepsen worker 1] jepsen.util: 1	:ok	:broadcast	34
2024-11-07 17:20:56,502{GMT}	INFO	[jepsen worker 2] jepsen.util: 2	:invoke	:broadcast	35
2024-11-07 17:20:56,504{GMT}	INFO	[jepsen worker 2] jepsen.util: 2	:ok	:broadcast	35
2024-11-07 17:20:56,616{GMT}	INFO	[jepsen worker 3] jepsen.util: 3	:invoke	:broadcast	36
2024-11-07 17:20:56,617{GMT}	INFO	[jepsen worker 3] jepsen.util: 3	:ok	:broadcast	36
2024-11-07 17:20:56,783{GMT}	INFO	[jepsen worker 4] jepsen.util: 4	:invoke	:read	nil
2024-11-07 17:20:56,786{GMT}	INFO	[jepsen worker 4] jepsen.util: 4	:ok	:read	[10 11 15 19 8 20 21 31 36 0 3 12 24 5 22 25 32 1 2 17 33 35 4 6 7 9 16 29 13 14 18 27 28 23 26 30 34]
2024-11-07 17:20:56,913{GMT}	INFO	[jepsen worker 0] jepsen.util: 0	:invoke	:broadcast	37
2024-11-07 17:20:56,917{GMT}	INFO	[jepsen worker 0] jepsen.util: 0	:ok	:broadcast	37
2024-11-07 17:20:56,922{GMT}	INFO	[jepsen worker 0] jepsen.util: 0	:invoke	:read	nil
2024-11-07 17:20:56,924{GMT}	INFO	[jepsen worker 0] jepsen.util: 0	:ok	:read	[13 17 18 26 28 7 11 15 3 25 27 37 2 4 21 30 32 0 1 34 29 33 36 5 12 20 23 24 22 35 6 8 9 10 19 14 16 31]
2024-11-07 17:20:56,938{GMT}	INFO	[jepsen worker 1] jepsen.util: 1	:invoke	:broadcast	38
2024-11-07 17:20:56,940{GMT}	INFO	[jepsen worker 1] jepsen.util: 1	:ok	:broadcast	38
2024-11-07 17:20:56,960{GMT}	INFO	[jepsen worker 2] jepsen.util: 2	:invoke	:broadcast	39
2024-11-07 17:20:56,963{GMT}	INFO	[jepsen worker 2] jepsen.util: 2	:ok	:broadcast	39
2024-11-07 17:20:57,149{GMT}	INFO	[jepsen worker 3] jepsen.util: 3	:invoke	:read	nil
2024-11-07 17:20:57,152{GMT}	INFO	[jepsen worker 3] jepsen.util: 3	:ok	:read	[4 12 23 28 29 1 3 6 9 14 15 25 18 32 39 8 13 21 24 27 36 37 7 19 22 26 11 30 31 33 38 10 20 0 2 5 16 17 34 35]
2024-11-07 17:20:57,215{GMT}	INFO	[jepsen worker 4] jepsen.util: 4	:invoke	:read	nil
2024-11-07 17:20:57,218{GMT}	INFO	[jepsen worker 4] jepsen.util: 4	:ok	:read	[26 30 34 37 23 11 15 19 10 20 21 31 36 38 8 3 12 24 0 22 25 32 5 2 17 33 35 39 1 6 7 9 16 29 4 14 18 27 28 13]
2024-11-07 17:20:57,265{GMT}	INFO	[jepsen worker 0] jepsen.util: 0	:invoke	:broadcast	40
2024-11-07 17:20:57,267{GMT}	INFO	[jepsen worker 0] jepsen.util: 0	:ok	:broadcast	40
2024-11-07 17:20:57,378{GMT}	INFO	[jepsen worker 0] jepsen.util: 0	:invoke	:read	nil
2024-11-07 17:20:57,380{GMT}	INFO	[jepsen worker 0] jepsen.util: 0	:ok	:read	[11 15 7 25 27 3 4 21 30 32 37 39 2 1 34 0 12 20 23 24 29 33 36 5 8 9 10 19 22 35 6 16 31 14 17 18 26 28 38 40 13]
2024-11-07 17:20:57,492{GMT}	INFO	[jepsen worker 1] jepsen.util: 1	:invoke	:read	nil
2024-11-07 17:20:57,495{GMT}	INFO	[jepsen worker 1] jepsen.util: 1	:ok	:read	[7 9 18 21 35 19 28 30 4 8 14 15 40 0 6 10 25 34 1 11 13 23 33 37 39 3 5 22 24 26 2 17 32 36 38 12 16 20 27 29 31]
2024-11-07 17:20:57,558{GMT}	INFO	[jepsen worker 2] jepsen.util: 2	:invoke	:read	nil
2024-11-07 17:20:57,560{GMT}	INFO	[jepsen worker 2] jepsen.util: 2	:ok	:read	[2 4 8 3 28 30 5 9 10 22 25 35 6 20 21 29 32 37 7 13 15 24 26 23 36 40 0 1 11 14 16 12 17 31 33 39 18 19 27 34 38]
2024-11-07 17:20:57,685{GMT}	INFO	[jepsen worker 3] jepsen.util: 3	:invoke	:read	nil
2024-11-07 17:20:57,688{GMT}	INFO	[jepsen worker 3] jepsen.util: 3	:ok	:read	[18 32 21 24 27 36 37 39 8 13 22 26 7 19 31 33 38 11 30 10 20 5 16 17 34 35 0 2 23 28 4 12 6 9 14 15 25 29 1 3 40]
2024-11-07 17:20:57,812{GMT}	INFO	[jepsen worker 4] jepsen.util: 4	:invoke	:broadcast	41
2024-11-07 17:20:57,815{GMT}	INFO	[jepsen worker 4] jepsen.util: 4	:ok	:broadcast	41
2024-11-07 17:20:57,895{GMT}	INFO	[jepsen worker 0] jepsen.util: 0	:invoke	:read	nil
2024-11-07 17:20:57,898{GMT}	INFO	[jepsen worker 0] jepsen.util: 0	:ok	:read	[6 8 9 10 19 22 35 14 16 31 13 17 18 26 28 38 40 7 11 15 3 25 27 41 2 4 21 30 32 37 39 0 1 34 5 12 20 23 24 29 33 36]
2024-11-07 17:20:57,909{GMT}	INFO	[jepsen worker 0] jepsen.util: 0	:invoke	:broadcast	42
2024-11-07 17:20:57,910{GMT}	INFO	[jepsen worker 0] jepsen.util: 0	:ok	:broadcast	42
2024-11-07 17:20:57,958{GMT}	INFO	[jepsen worker 1] jepsen.util: 1	:invoke	:read	nil
2024-11-07 17:20:57,960{GMT}	INFO	[jepsen worker 1] jepsen.util: 1	:ok	:read	[3 5 22 24 26 2 17 32 36 38 12 16 20 27 29 31 7 9 18 21 35 42 19 28 30 41 4 8 14 15 40 0 6 10 25 34 1 11 13 23 33 37 39]
2024-11-07 17:20:57,988{GMT}	INFO	[jepsen worker 2] jepsen.util: 2	:invoke	:broadcast	43
2024-11-07 17:20:57,990{GMT}	INFO	[jepsen worker 2] jepsen.util: 2	:ok	:broadcast	43
2024-11-07 17:20:58,099{GMT}	INFO	[jepsen worker 3] jepsen.util: 3	:invoke	:read	nil
2024-11-07 17:20:58,102{GMT}	INFO	[jepsen worker 3] jepsen.util: 3	:ok	:read	[24 27 36 37 39 8 13 21 43 26 7 19 22 33 38 11 30 31 10 20 16 17 34 35 42 0 2 5 28 41 4 12 23 9 14 15 25 29 1 3 6 40 18 32]
2024-11-07 17:20:58,200{GMT}	INFO	[jepsen worker 4] jepsen.util: 4	:invoke	:broadcast	44
2024-11-07 17:20:58,202{GMT}	INFO	[jepsen worker 4] jepsen.util: 4	:ok	:broadcast	44
2024-11-07 17:20:58,269{GMT}	INFO	[jepsen worker 0] jepsen.util: 0	:invoke	:read	nil
2024-11-07 17:20:58,272{GMT}	INFO	[jepsen worker 0] jepsen.util: 0	:ok	:read	[37 39 2 4 21 30 32 0 1 34 43 29 33 36 5 12 20 23 24 22 35 44 6 8 9 10 19 14 16 31 38 40 13 17 18 26 28 7 11 15 42 3 25 27 41]
2024-11-07 17:20:58,290{GMT}	INFO	[jepsen worker 0] jepsen.util: 0	:invoke	:read	nil
2024-11-07 17:20:58,293{GMT}	INFO	[jepsen worker 0] jepsen.util: 0	:ok	:read	[41 3 25 27 30 32 37 39 2 4 21 43 0 1 34 23 24 29 33 36 5 12 20 10 19 22 35 44 6 8 9 14 16 31 26 28 38 40 13 17 18 42 7 11 15]
2024-11-07 17:20:58,403{GMT}	INFO	[jepsen worker 1] jepsen.util: 1	:invoke	:read	nil
2024-11-07 17:20:58,407{GMT}	INFO	[jepsen worker 1] jepsen.util: 1	:ok	:read	[19 28 30 41 4 8 14 15 40 0 6 10 25 34 1 11 13 23 33 37 39 3 5 22 24 26 44 2 17 32 36 38 12 16 20 27 29 31 7 9 18 21 35 42 43]
2024-11-07 17:20:58,453{GMT}	INFO	[jepsen worker 2] jepsen.util: 2	:invoke	:broadcast	45
2024-11-07 17:20:58,455{GMT}	INFO	[jepsen worker 2] jepsen.util: 2	:ok	:broadcast	45
2024-11-07 17:20:58,471{GMT}	INFO	[jepsen worker 3] jepsen.util: 3	:invoke	:read	nil
2024-11-07 17:20:58,474{GMT}	INFO	[jepsen worker 3] jepsen.util: 3	:ok	:read	[4 12 23 28 41 1 3 6 9 14 15 25 29 40 18 32 8 13 21 24 27 36 37 39 43 7 19 22 26 45 11 30 31 33 38 10 20 0 2 5 16 17 34 35 42 44]
2024-11-07 17:20:58,492{GMT}	INFO	[jepsen worker 4] jepsen.util: 4	:invoke	:broadcast	46
2024-11-07 17:20:58,494{GMT}	INFO	[jepsen worker 4] jepsen.util: 4	:ok	:broadcast	46
2024-11-07 17:20:58,495{GMT}	INFO	[jepsen worker 0] jepsen.util: 0	:invoke	:broadcast	47
2024-11-07 17:20:58,497{GMT}	INFO	[jepsen worker 0] jepsen.util: 0	:ok	:broadcast	47
2024-11-07 17:20:58,647{GMT}	INFO	[jepsen worker 0] jepsen.util: 0	:invoke	:broadcast	48
2024-11-07 17:20:58,648{GMT}	INFO	[jepsen worker 0] jepsen.util: 0	:ok	:broadcast	48
2024-11-07 17:20:58,667{GMT}	INFO	[jepsen worker 1] jepsen.util: 1	:invoke	:broadcast	49
2024-11-07 17:20:58,669{GMT}	INFO	[jepsen worker 1] jepsen.util: 1	:ok	:broadcast	49
2024-11-07 17:20:58,821{GMT}	INFO	[jepsen worker 2] jepsen.util: 2	:invoke	:read	nil
2024-11-07 17:20:58,824{GMT}	INFO	[jepsen worker 3] jepsen.util: 3	:invoke	:broadcast	50
2024-11-07 17:20:58,824{GMT}	INFO	[jepsen worker 2] jepsen.util: 2	:ok	:read	[6 20 21 29 32 35 44 7 13 15 24 26 37 36 40 0 1 11 14 16 23 12 17 31 33 45 41 18 19 27 34 38 39 2 4 8 48 3 28 42 43 46 47 49 5 9 10 22 25 30]
2024-11-07 17:20:58,825{GMT}	INFO	[jepsen worker 3] jepsen.util: 3	:ok	:broadcast	50
2024-11-07 17:20:58,985{GMT}	INFO	[jepsen worker 4] jepsen.util: 4	:invoke	:broadcast	51
2024-11-07 17:20:58,989{GMT}	INFO	[jepsen worker 4] jepsen.util: 4	:ok	:broadcast	51
2024-11-07 17:20:59,185{GMT}	INFO	[jepsen worker 0] jepsen.util: 0	:invoke	:read	nil
2024-11-07 17:20:59,189{GMT}	INFO	[jepsen worker 0] jepsen.util: 0	:ok	:read	[27 41 3 25 21 30 32 37 39 47 2 4 34 43 0 1 20 23 24 29 33 36 5 12 46 9 10 19 22 35 44 6 8 49 51 31 45 48 50 14 16 18 26 28 38 40 13 17 15 42 7 11]
2024-11-07 17:20:59,336{GMT}	INFO	[jepsen worker 0] jepsen.util: 0	:invoke	:broadcast	52
2024-11-07 17:20:59,338{GMT}	INFO	[jepsen worker 0] jepsen.util: 0	:ok	:broadcast	52
2024-11-07 17:20:59,351{GMT}	INFO	[jepsen worker 1] jepsen.util: 1	:invoke	:broadcast	53
2024-11-07 17:20:59,353{GMT}	INFO	[jepsen worker 1] jepsen.util: 1	:ok	:broadcast	53
2024-11-07 17:20:59,441{GMT}	INFO	[jepsen worker 2] jepsen.util: 2	:invoke	:read	nil
2024-11-07 17:20:59,444{GMT}	INFO	[jepsen worker 2] jepsen.util: 2	:ok	:read	[33 17 38 41 50 18 4 43 30 49 5 9 10 29 32 35 6 20 52 53 15 24 37 14 0 11 45 12 31 34 39 19 27 51 48 2 8 46 3 28 42 22 25 47 21 44 7 13 26 16 23 36 40 1]
2024-11-07 17:20:59,472{GMT}	INFO	[jepsen worker 3] jepsen.util: 3	:invoke	:read	nil
2024-11-07 17:20:59,474{GMT}	INFO	[jepsen worker 3] jepsen.util: 3	:ok	:read	[28 41 29 40 49 3 6 14 36 50 53 47 52 7 19 26 11 30 31 10 51 34 35 0 44 4 12 23 25 46 1 9 15 18 32 24 27 37 39 43 8 13 21 22 45 48 33 38 20 16 17 42 2 5]
2024-11-07 17:20:59,642{GMT}	INFO	[jepsen worker 4] jepsen.util: 4	:invoke	:read	nil
2024-11-07 17:20:59,646{GMT}	INFO	[jepsen worker 4] jepsen.util: 4	:ok	:read	[46 21 31 38 3 12 24 25 1 17 33 39 49 13 41 44 50 51 10 11 15 19 47 48 8 20 36 0 40 52 5 22 32 43 2 35 4 6 7 9 16 29 45 53 14 18 27 28 23 26 30 34 37 42]
2024-11-07 17:20:59,665{GMT}	INFO	[jepsen worker 0] jepsen.util: 0	:invoke	:read	nil
2024-11-07 17:20:59,668{GMT}	INFO	[jepsen worker 0] jepsen.util: 0	:ok	:read	[31 28 38 13 11 41 25 27 21 30 32 37 2 4 34 43 24 46 20 23 9 10 22 35 6 8 45 48 50 14 16 18 26 40 17 15 42 7 3 52 39 47 53 0 1 29 33 36 5 12 19 44 49 51]
2024-11-07 17:20:59,828{GMT}	INFO	[jepsen worker 0] jepsen.util: 0	:invoke	:read	nil
2024-11-07 17:20:59,832{GMT}	INFO	[jepsen worker 0] jepsen.util: 0	:ok	:read	[39 47 52 0 1 53 5 12 29 33 36 44 19 49 51 31 13 28 38 11 25 27 41 2 4 21 30 32 37 34 43 20 23 24 46 35 6 8 9 10 22 14 16 45 48 50 40 17 18 26 7 15 42 3]
2024-11-07 17:20:59,939{GMT}	INFO	[jepsen worker 1] jepsen.util: 1	:invoke	:broadcast	54
2024-11-07 17:20:59,942{GMT}	INFO	[jepsen worker 1] jepsen.util: 1	:ok	:broadcast	54
2024-11-07 17:21:00,121{GMT}	INFO	[jepsen worker 2] jepsen.util: 2	:invoke	:read	nil
2024-11-07 17:21:00,123{GMT}	INFO	[jepsen worker 3] jepsen.util: 3	:invoke	:read	nil
2024-11-07 17:21:00,123{GMT}	INFO	[jepsen worker 2] jepsen.util: 2	:ok	:read	[15 24 37 52 53 0 11 14 12 31 45 54 19 27 34 39 51 2 8 48 3 28 42 46 22 25 47 21 7 13 26 44 23 36 40 1 16 17 33 18 38 41 50 4 43 5 9 10 30 49 6 20 29 32 35]
2024-11-07 17:21:00,124{GMT}	INFO	[jepsen worker 3] jepsen.util: 3	:ok	:read	[50 53 36 19 26 47 52 7 30 31 11 51 10 34 35 0 44 12 23 4 9 15 25 46 1 32 18 13 21 24 27 37 39 43 8 45 48 22 38 33 20 2 5 16 17 42 41 28 6 14 29 40 49 3 54]
2024-11-07 17:21:00,148{GMT}	INFO	[jepsen worker 4] jepsen.util: 4	:invoke	:read	nil
2024-11-07 17:21:00,151{GMT}	INFO	[jepsen worker 4] jepsen.util: 4	:ok	:read	[41 44 50 13 51 11 15 19 47 48 10 20 36 8 40 52 0 22 32 43 5 35 2 6 7 9 16 29 45 53 4 54 14 18 27 28 26 30 34 37 42 23 46 31 38 21 12 24 3 25 17 33 39 1 49]
2024-11-07 17:21:00,270{GMT}	INFO	[jepsen worker 0] jepsen.util: 0	:invoke	:read	nil
2024-11-07 17:21:00,273{GMT}	INFO	[jepsen worker 0] jepsen.util: 0	:ok	:read	[19 44 49 51 31 13 28 38 11 54 25 27 41 2 4 21 30 32 37 34 43 20 23 24 46 6 8 9 10 22 35 14 16 45 48 50 40 17 18 26 7 15 42 3 39 47 52 0 1 53 5 12 29 33 36]
2024-11-07 17:21:00,404{GMT}	INFO	[jepsen worker 0] jepsen.util: 0	:invoke	:read	nil
2024-11-07 17:21:00,406{GMT}	INFO	[jepsen worker 0] jepsen.util: 0	:ok	:read	[34 43 20 23 24 46 35 6 8 9 10 22 50 14 16 45 48 40 17 18 26 7 15 42 3 39 47 52 0 1 53 5 12 29 33 36 19 44 49 51 31 38 13 28 11 54 25 27 41 37 2 4 21 30 32]
2024-11-07 17:21:00,539{GMT}	INFO	[jepsen worker 1] jepsen.util: 1	:invoke	:read	nil
2024-11-07 17:21:00,542{GMT}	INFO	[jepsen worker 1] jepsen.util: 1	:ok	:read	[23 33 37 39 5 22 24 26 45 50 17 36 46 12 20 31 54 18 35 43 28 30 41 51 4 14 52 0 25 34 1 11 13 48 3 44 2 32 38 47 16 27 29 7 9 21 42 19 8 15 40 49 6 10 53]
2024-11-07 17:21:00,736{GMT}	INFO	[jepsen worker 2] jepsen.util: 2	:invoke	:broadcast	55
2024-11-07 17:21:00,738{GMT}	INFO	[jepsen worker 2] jepsen.util: 2	:ok	:broadcast	55
2024-11-07 17:21:00,820{GMT}	INFO	[jepsen worker 3] jepsen.util: 3	:invoke	:read	nil
2024-11-07 17:21:00,823{GMT}	INFO	[jepsen worker 3] jepsen.util: 3	:ok	:read	[22 45 48 33 38 20 16 17 42 2 5 28 41 29 40 49 3 6 14 54 36 50 53 47 52 7 19 26 11 30 31 10 51 34 35 0 44 55 4 12 23 25 46 1 9 15 18 32 24 27 37 39 43 8 13 21]
2024-11-07 17:21:01,017{GMT}	INFO	[jepsen worker 4] jepsen.util: 4	:invoke	:read	nil
2024-11-07 17:21:01,020{GMT}	INFO	[jepsen worker 4] jepsen.util: 4	:ok	:read	[35 2 6 7 9 16 29 45 53 4 54 18 27 28 14 26 30 34 37 42 23 46 31 38 55 21 12 24 3 25 17 33 39 1 49 41 44 50 51 13 11 15 19 47 48 10 20 36 8 40 52 0 22 32 43 5]
2024-11-07 17:21:01,177{GMT}	INFO	[jepsen worker 0] jepsen.util: 0	:invoke	:broadcast	56
2024-11-07 17:21:01,180{GMT}	INFO	[jepsen worker 0] jepsen.util: 0	:ok	:broadcast	56
2024-11-07 17:21:01,346{GMT}	INFO	[jepsen worker 0] jepsen.util: 0	:invoke	:broadcast	57
2024-11-07 17:21:01,349{GMT}	INFO	[jepsen worker 0] jepsen.util: 0	:ok	:broadcast	57
2024-11-07 17:21:01,383{GMT}	INFO	[jepsen worker 1] jepsen.util: 1	:invoke	:read	nil
2024-11-07 17:21:01,387{GMT}	INFO	[jepsen worker 1] jepsen.util: 1	:ok	:read	[13 48 1 11 3 44 38 47 56 2 32 29 16 27 21 42 7 9 19 40 49 55 8 15 53 6 10 37 39 23 33 24 26 45 50 5 22 46 17 36 31 54 12 20 43 18 35 41 51 28 30 52 57 4 14 34 0 25]
2024-11-07 17:21:01,509{GMT}	INFO	[jepsen worker 2] jepsen.util: 2	:invoke	:broadcast	58
2024-11-07 17:21:01,513{GMT}	INFO	[jepsen worker 2] jepsen.util: 2	:ok	:broadcast	58
2024-11-07 17:21:01,531{GMT}	INFO	[jepsen worker 3] jepsen.util: 3	:invoke	:read	nil
2024-11-07 17:21:01,534{GMT}	INFO	[jepsen worker 3] jepsen.util: 3	:ok	:read	[39 43 8 13 21 24 27 37 22 45 48 33 38 58 20 2 5 16 17 42 56 28 41 3 6 14 29 40 49 54 36 50 53 7 19 26 47 52 11 30 31 10 51 0 34 35 44 4 12 23 55 57 1 9 15 25 46 18 32]
2024-11-07 17:21:01,544{GMT}	INFO	[jepsen worker 4] jepsen.util: 4	:invoke	:broadcast	59
2024-11-07 17:21:01,547{GMT}	INFO	[jepsen worker 4] jepsen.util: 4	:ok	:broadcast	59
2024-11-07 17:21:01,735{GMT}	INFO	[jepsen worker 0] jepsen.util: 0	:invoke	:read	nil
2024-11-07 17:21:01,738{GMT}	INFO	[jepsen worker 0] jepsen.util: 0	:ok	:read	[5 12 29 33 36 19 44 49 51 31 13 28 38 11 54 25 27 41 2 4 21 30 32 37 34 43 20 23 24 46 57 58 6 8 9 10 22 35 14 16 45 48 50 17 18 26 40 56 7 15 42 3 39 47 52 0 1 53 55 59]
2024-11-07 17:21:01,788{GMT}	INFO	[jepsen worker 0] jepsen.util: 0	:invoke	:read	nil
2024-11-07 17:21:01,790{GMT}	INFO	[jepsen worker 0] jepsen.util: 0	:ok	:read	[31 13 28 38 11 54 25 27 41 32 37 2 4 21 30 34 43 20 23 24 46 22 35 57 58 6 8 9 10 50 14 16 45 48 56 17 18 26 40 7 15 42 3 39 47 52 59 0 1 53 55 36 5 12 29 33 19 44 49 51]
2024-11-07 17:21:01,948{GMT}	INFO	[jepsen worker 1] jepsen.util: 1	:invoke	:broadcast	60
2024-11-07 17:21:01,952{GMT}	INFO	[jepsen worker 1] jepsen.util: 1	:ok	:broadcast	60
2024-11-07 17:21:02,050{GMT}	INFO	[jepsen worker 2] jepsen.util: 2	:invoke	:broadcast	61
2024-11-07 17:21:02,053{GMT}	INFO	[jepsen worker 2] jepsen.util: 2	:ok	:broadcast	61
2024-11-07 17:21:02,088{GMT}	INFO	[jepsen worker 3] jepsen.util: 3	:invoke	:broadcast	62
2024-11-07 17:21:02,090{GMT}	INFO	[jepsen worker 3] jepsen.util: 3	:ok	:broadcast	62
2024-11-07 17:21:02,121{GMT}	INFO	[jepsen worker 4] jepsen.util: 4	:invoke	:read	nil
2024-11-07 17:21:02,124{GMT}	INFO	[jepsen worker 4] jepsen.util: 4	:ok	:read	[14 18 27 28 23 26 30 34 37 42 46 59 21 31 38 55 3 12 24 57 25 61 1 17 33 39 60 49 13 41 44 50 51 56 10 11 15 19 47 48 8 20 36 0 40 52 5 22 32 43 58 62 2 35 53 4 6 7 9 16 29 45 54]
2024-11-07 17:21:02,231{GMT}	INFO	[jepsen worker 0] jepsen.util: 0	:invoke	:broadcast	63
2024-11-07 17:21:02,233{GMT}	INFO	[jepsen worker 0] jepsen.util: 0	:ok	:broadcast	63
2024-11-07 17:21:02,307{GMT}	INFO	[jepsen worker 0] jepsen.util: 0	:invoke	:broadcast	64
2024-11-07 17:21:02,310{GMT}	INFO	[jepsen worker 0] jepsen.util: 0	:ok	:broadcast	64
2024-11-07 17:21:02,485{GMT}	INFO	[jepsen worker 1] jepsen.util: 1	:invoke	:read	nil
2024-11-07 17:21:02,488{GMT}	INFO	[jepsen worker 1] jepsen.util: 1	:ok	:read	[45 50 5 22 24 26 17 36 46 12 20 31 54 18 35 43 28 30 41 51 4 14 52 57 0 25 34 61 1 11 13 48 3 44 56 58 59 2 32 38 47 16 27 29 62 64 7 9 21 42 19 63 55 60 8 15 40 49 6 10 53 23 33 37 39]
2024-11-07 17:21:02,578{GMT}	INFO	[jepsen worker 2] jepsen.util: 2	:invoke	:read	nil
2024-11-07 17:21:02,581{GMT}	INFO	[jepsen worker 2] jepsen.util: 2	:ok	:read	[12 31 45 64 19 27 34 39 51 54 59 2 8 48 3 28 42 46 62 22 25 47 21 7 13 26 44 55 58 1 16 23 36 40 17 33 56 57 60 18 38 41 50 4 63 43 5 9 10 30 49 61 6 20 29 32 35 15 24 37 52 53 0 11 14]
2024-11-07 17:21:02,717{GMT}	INFO	[jepsen worker 3] jepsen.util: 3	:invoke	:read	nil
2024-11-07 17:21:02,718{GMT}	INFO	[jepsen worker 3] jepsen.util: 3	:ok	:read	[11 30 31 60 10 51 0 34 35 44 4 12 23 55 57 1 9 15 25 46 18 32 62 8 13 21 24 27 37 39 43 61 22 45 48 33 38 58 20 2 5 16 17 42 56 64 28 41 3 6 14 29 40 49 54 36 50 53 63 7 19 26 47 52 59]
2024-11-07 17:21:02,882{GMT}	INFO	[jepsen worker 4] jepsen.util: 4	:invoke	:broadcast	65
2024-11-07 17:21:02,885{GMT}	INFO	[jepsen worker 4] jepsen.util: 4	:ok	:broadcast	65
2024-11-07 17:21:02,887{GMT}	INFO	[jepsen worker 0] jepsen.util: 0	:invoke	:read	nil
2024-11-07 17:21:02,889{GMT}	INFO	[jepsen worker 0] jepsen.util: 0	:ok	:read	[3 39 47 52 62 64 0 1 53 55 59 5 12 29 33 36 19 44 49 51 65 31 13 28 38 11 54 25 27 41 2 4 21 30 32 37 61 34 43 20 23 24 46 6 8 9 10 22 35 57 58 60 63 14 16 45 48 50 17 18 26 40 56 7 15 42]
2024-11-07 17:21:02,921{GMT}	INFO	[jepsen worker 0] jepsen.util: 0	:invoke	:read	nil
2024-11-07 17:21:02,924{GMT}	INFO	[jepsen worker 0] jepsen.util: 0	:ok	:read	[31 38 13 28 11 54 41 25 27 21 30 32 37 61 2 4 34 43 24 46 20 23 9 10 22 35 57 58 6 8 60 63 45 48 50 14 16 26 40 56 17 18 42 7 15 3 52 62 64 39 47 53 55 59 0 1 29 33 36 5 12 49 51 65 19 44]
2024-11-07 17:21:03,004{GMT}	INFO	[jepsen worker 1] jepsen.util: 1	:invoke	:read	nil
2024-11-07 17:21:03,006{GMT}	INFO	[jepsen worker 1] jepsen.util: 1	:ok	:read	[47 56 58 59 2 32 38 62 16 27 29 42 64 65 7 9 21 19 63 49 55 60 8 15 40 6 10 53 39 23 33 37 26 45 50 5 22 24 17 36 46 54 12 20 31 18 35 43 51 28 30 41 57 4 14 52 0 25 34 48 61 1 11 13 3 44]
2024-11-07 17:21:03,180{GMT}	INFO	[jepsen worker 2] jepsen.util: 2	:invoke	:broadcast	66
2024-11-07 17:21:03,184{GMT}	INFO	[jepsen worker 2] jepsen.util: 2	:ok	:broadcast	66
2024-11-07 17:21:03,327{GMT}	INFO	[jepsen worker 3] jepsen.util: 3	:invoke	:read	nil
2024-11-07 17:21:03,330{GMT}	INFO	[jepsen worker 3] jepsen.util: 3	:ok	:read	[66 3 6 14 29 40 49 65 54 36 50 53 63 7 19 26 47 52 59 11 30 31 60 10 51 0 34 35 44 4 12 23 55 57 1 9 15 25 46 18 32 62 43 8 13 21 24 27 37 39 61 22 45 48 33 38 58 20 2 5 16 17 42 56 64 28 41]
2024-11-07 17:21:03,396{GMT}	INFO	[jepsen worker 4] jepsen.util: 4	:invoke	:read	nil
2024-11-07 17:21:03,398{GMT}	INFO	[jepsen worker 0] jepsen.util: 0	:invoke	:broadcast	67
2024-11-07 17:21:03,400{GMT}	INFO	[jepsen worker 4] jepsen.util: 4	:ok	:read	[39 60 1 17 33 49 65 50 51 56 66 13 41 44 19 47 48 10 11 15 8 20 36 0 40 52 43 58 62 5 22 32 2 35 9 16 29 45 53 4 6 7 54 64 28 63 14 18 27 34 37 42 23 26 30 46 59 55 21 31 38 57 3 12 24 25 61]
2024-11-07 17:21:03,401{GMT}	INFO	[jepsen worker 0] jepsen.util: 0	:ok	:broadcast	67
2024-11-07 17:21:03,521{GMT}	INFO	[jepsen worker 0] jepsen.util: 0	:invoke	:broadcast	68
2024-11-07 17:21:03,525{GMT}	INFO	[jepsen worker 0] jepsen.util: 0	:ok	:broadcast	68
2024-11-07 17:21:03,559{GMT}	INFO	[jepsen worker 1] jepsen.util: 1	:invoke	:read	nil
2024-11-07 17:21:03,560{GMT}	INFO	[jepsen worker 1] jepsen.util: 1	:ok	:read	[10 53 68 6 33 37 39 23 22 24 26 45 50 5 36 46 17 20 31 54 66 12 35 43 18 30 41 51 28 14 52 57 4 25 34 0 11 13 48 61 1 44 3 32 38 47 56 58 59 67 2 27 29 62 16 9 21 42 64 65 7 63 19 15 40 49 55 60 8]
2024-11-07 17:21:03,752{GMT}	INFO	[jepsen worker 2] jepsen.util: 2	:invoke	:read	nil
2024-11-07 17:21:03,755{GMT}	INFO	[jepsen worker 2] jepsen.util: 2	:ok	:read	[43 9 10 30 49 61 65 5 20 29 32 35 68 6 24 37 52 53 15 11 14 0 31 45 64 12 27 34 39 51 54 59 66 19 8 48 2 28 42 46 62 67 3 25 47 22 21 13 26 44 55 58 7 16 23 36 40 1 33 56 57 60 17 38 41 50 18 63 4]
2024-11-07 17:21:03,786{GMT}	INFO	[jepsen worker 3] jepsen.util: 3	:invoke	:read	nil
2024-11-07 17:21:03,788{GMT}	INFO	[jepsen worker 3] jepsen.util: 3	:ok	:read	[35 44 0 34 23 55 57 4 12 15 25 46 1 9 62 18 32 21 24 27 37 39 43 8 13 61 48 22 45 58 33 38 20 16 17 42 56 64 2 5 67 28 41 14 29 40 49 65 66 3 6 54 53 63 36 50 26 47 52 59 7 19 31 60 68 11 30 10 51]
2024-11-07 17:21:03,851{GMT}	INFO	[jepsen worker 4] jepsen.util: 4	:invoke	:read	nil
2024-11-07 17:21:03,853{GMT}	INFO	[jepsen worker 4] jepsen.util: 4	:ok	:read	[53 4 6 7 9 16 29 45 54 64 14 18 27 28 63 23 26 30 34 37 42 67 46 59 21 31 38 55 3 12 24 57 25 61 1 17 33 39 60 49 65 13 41 44 50 51 56 66 10 11 15 19 47 48 68 8 20 36 0 40 52 5 22 32 43 58 62 2 35]
2024-11-07 17:21:03,880{GMT}	INFO	[jepsen worker 0] jepsen.util: 0	:invoke	:broadcast	69
2024-11-07 17:21:03,882{GMT}	INFO	[jepsen worker 0] jepsen.util: 0	:ok	:broadcast	69
2024-11-07 17:21:03,967{GMT}	INFO	[jepsen worker 0] jepsen.util: 0	:invoke	:broadcast	70
2024-11-07 17:21:03,970{GMT}	INFO	[jepsen worker 0] jepsen.util: 0	:ok	:broadcast	70
2024-11-07 17:21:04,131{GMT}	INFO	[jepsen worker 1] jepsen.util: 1	:invoke	:broadcast	71
2024-11-07 17:21:04,135{GMT}	INFO	[jepsen worker 1] jepsen.util: 1	:ok	:broadcast	71
2024-11-07 17:21:04,251{GMT}	INFO	[jepsen worker 2] jepsen.util: 2	:invoke	:broadcast	72
2024-11-07 17:21:04,253{GMT}	INFO	[jepsen worker 2] jepsen.util: 2	:ok	:broadcast	72
2024-11-07 17:21:04,364{GMT}	INFO	[jepsen worker 3] jepsen.util: 3	:invoke	:read	nil
2024-11-07 17:21:04,368{GMT}	INFO	[jepsen worker 3] jepsen.util: 3	:ok	:read	[50 53 63 36 19 26 47 52 59 7 30 31 60 68 69 11 51 10 34 35 44 0 12 23 55 57 4 9 15 25 46 71 1 32 62 72 18 13 21 24 27 37 39 43 8 70 61 45 48 22 38 58 33 20 5 16 17 42 56 64 2 41 67 28 6 14 29 40 49 65 66 3 54]
2024-11-07 17:21:04,442{GMT}	INFO	[jepsen worker 4] jepsen.util: 4	:invoke	:broadcast	73
2024-11-07 17:21:04,444{GMT}	INFO	[jepsen worker 4] jepsen.util: 4	:ok	:broadcast	73
2024-11-07 17:21:04,577{GMT}	INFO	[jepsen worker 0] jepsen.util: 0	:invoke	:broadcast	74
2024-11-07 17:21:04,580{GMT}	INFO	[jepsen worker 0] jepsen.util: 0	:ok	:broadcast	74
2024-11-07 17:21:04,679{GMT}	INFO	[jepsen worker 0] jepsen.util: 0	:invoke	:read	nil
2024-11-07 17:21:04,681{GMT}	INFO	[jepsen worker 0] jepsen.util: 0	:ok	:read	[12 29 33 36 67 68 73 5 44 49 51 65 19 31 28 38 13 54 11 27 41 25 4 21 30 32 37 61 2 43 69 74 34 23 24 46 66 20 8 9 10 22 35 57 58 6 63 60 16 45 48 50 14 18 26 40 56 17 15 42 7 71 72 3 47 52 62 64 70 39 1 53 55 59 0]
2024-11-07 17:21:04,872{GMT}	INFO	[jepsen worker 1] jepsen.util: 1	:invoke	:broadcast	75
2024-11-07 17:21:04,875{GMT}	INFO	[jepsen worker 1] jepsen.util: 1	:ok	:broadcast	75
2024-11-07 17:21:05,039{GMT}	INFO	[jepsen worker 2] jepsen.util: 2	:invoke	:broadcast	76
2024-11-07 17:21:05,041{GMT}	INFO	[jepsen worker 2] jepsen.util: 2	:ok	:broadcast	76
2024-11-07 17:21:05,068{GMT}	INFO	[jepsen worker 3] jepsen.util: 3	:invoke	:read	nil
2024-11-07 17:21:05,071{GMT}	INFO	[jepsen worker 3] jepsen.util: 3	:ok	:read	[6 14 29 40 49 65 66 3 75 54 50 53 63 36 19 26 47 52 59 7 30 31 60 68 69 76 11 51 73 10 34 35 44 74 0 12 23 55 57 4 9 15 25 46 71 1 32 62 72 18 13 21 24 27 37 39 43 8 70 61 45 48 22 38 58 33 20 5 16 17 42 56 64 2 41 67 28]
2024-11-07 17:21:05,175{GMT}	INFO	[jepsen worker 4] jepsen.util: 4	:invoke	:broadcast	77
2024-11-07 17:21:05,177{GMT}	INFO	[jepsen worker 4] jepsen.util: 4	:ok	:broadcast	77
2024-11-07 17:21:05,361{GMT}	INFO	[jepsen worker 0] jepsen.util: 0	:invoke	:broadcast	78
2024-11-07 17:21:05,362{GMT}	INFO	[jepsen worker 0] jepsen.util: 0	:ok	:broadcast	78
2024-11-07 17:21:05,543{GMT}	INFO	[jepsen worker 0] jepsen.util: 0	:invoke	:read	nil
2024-11-07 17:21:05,545{GMT}	INFO	[jepsen worker 0] jepsen.util: 0	:ok	:read	[31 77 13 28 38 11 54 75 25 27 41 30 32 37 61 2 4 21 74 34 43 69 46 66 20 23 24 10 22 35 57 58 6 8 9 60 63 78 48 50 76 14 16 45 40 56 17 18 26 7 15 42 3 71 72 62 64 70 39 47 52 55 59 0 1 53 33 36 67 68 73 5 12 29 51 65 19 44 49]
2024-11-07 17:21:05,583{GMT}	INFO	[jepsen worker 1] jepsen.util: 1	:invoke	:broadcast	79
2024-11-07 17:21:05,585{GMT}	INFO	[jepsen worker 1] jepsen.util: 1	:ok	:broadcast	79
2024-11-07 17:21:05,680{GMT}	INFO	[jepsen worker 2] jepsen.util: 2	:invoke	:read	nil
2024-11-07 17:21:05,683{GMT}	INFO	[jepsen worker 2] jepsen.util: 2	:ok	:read	[15 24 37 52 53 0 11 14 78 12 31 45 64 19 27 34 39 51 54 59 66 69 79 2 8 48 75 3 28 42 46 62 67 22 25 47 71 74 76 21 7 13 26 44 55 58 72 73 1 16 23 36 40 17 33 56 57 60 18 38 41 50 70 77 4 63 43 5 9 10 30 49 61 65 6 20 29 32 35 68]
2024-11-07 17:21:05,796{GMT}	INFO	[jepsen worker 3] jepsen.util: 3	:invoke	:read	nil
2024-11-07 17:21:05,799{GMT}	INFO	[jepsen worker 3] jepsen.util: 3	:ok	:read	[1 9 15 25 46 71 18 32 62 72 43 8 13 21 24 27 37 39 61 70 22 45 48 78 33 38 58 20 2 5 16 17 42 56 64 28 41 67 66 3 6 14 29 40 49 65 75 54 36 50 53 63 77 7 19 26 47 52 59 11 30 31 60 68 69 76 10 51 73 0 34 35 44 74 79 4 12 23 55 57]
2024-11-07 17:21:05,899{GMT}	INFO	[jepsen worker 4] jepsen.util: 4	:invoke	:read	nil
2024-11-07 17:21:05,902{GMT}	INFO	[jepsen worker 4] jepsen.util: 4	:ok	:read	[48 68 75 10 11 15 19 47 77 8 20 36 0 40 52 62 5 22 32 43 58 2 35 29 45 53 4 6 7 9 16 54 64 14 18 27 28 63 42 67 73 23 26 30 34 37 46 59 21 31 38 55 70 3 12 24 57 76 25 61 72 71 74 1 17 33 39 60 49 65 79 56 66 69 13 41 44 50 51 78]
2024-11-07 17:21:06,012{GMT}	INFO	[jepsen worker 0] jepsen.util: 0	:invoke	:read	nil
2024-11-07 17:21:06,014{GMT}	INFO	[jepsen worker 0] jepsen.util: 0	:ok	:read	[0 1 53 55 59 68 73 5 12 29 33 36 67 19 44 49 51 65 31 77 13 28 38 11 54 25 27 41 75 61 79 2 4 21 30 32 37 34 43 69 74 20 23 24 46 66 57 58 6 8 9 10 22 35 60 63 78 14 16 45 48 50 76 17 18 26 40 56 7 15 42 3 71 72 39 47 52 62 64 70]
2024-11-07 17:21:06,129{GMT}	INFO	[jepsen worker 0] jepsen.util: 0	:invoke	:read	nil
2024-11-07 17:21:06,132{GMT}	INFO	[jepsen worker 0] jepsen.util: 0	:ok	:read	[31 77 13 28 38 11 54 25 27 41 75 32 37 61 79 2 4 21 30 34 43 69 74 66 20 23 24 46 22 35 57 58 6 8 9 10 60 63 78 50 76 14 16 45 48 56 17 18 26 40 7 15 42 3 71 72 64 70 39 47 52 62 59 0 1 53 55 36 67 68 73 5 12 29 33 65 19 44 49 51]
2024-11-07 17:21:06,214{GMT}	INFO	[jepsen worker 1] jepsen.util: 1	:invoke	:read	nil
2024-11-07 17:21:06,218{GMT}	INFO	[jepsen worker 1] jepsen.util: 1	:ok	:read	[28 30 41 51 73 4 14 52 57 0 25 34 61 75 1 11 13 48 3 44 56 58 59 67 2 32 38 47 77 70 16 27 29 62 64 65 7 9 21 42 19 63 76 55 60 8 15 40 49 71 72 6 10 53 68 69 74 23 33 37 39 45 50 5 22 24 26 17 36 46 66 78 12 20 31 54 18 35 43 79]
2024-11-07 17:21:06,396{GMT}	INFO	[jepsen worker 2] jepsen.util: 2	:invoke	:broadcast	80
2024-11-07 17:21:06,398{GMT}	INFO	[jepsen worker 2] jepsen.util: 2	:ok	:broadcast	80
2024-11-07 17:21:06,514{GMT}	INFO	[jepsen worker 3] jepsen.util: 3	:invoke	:read	nil
2024-11-07 17:21:06,517{GMT}	INFO	[jepsen worker 3] jepsen.util: 3	:ok	:read	[14 29 40 49 65 66 3 6 75 54 53 63 77 36 50 26 47 52 59 7 19 31 60 68 69 76 11 30 73 10 51 35 44 74 79 0 34 23 55 57 4 12 15 25 46 71 1 9 62 72 18 32 21 24 27 37 39 43 8 13 61 70 48 78 22 45 58 33 38 20 16 17 42 56 64 80 2 5 67 28 41]
2024-11-07 17:21:06,696{GMT}	INFO	[jepsen worker 4] jepsen.util: 4	:invoke	:broadcast	81
2024-11-07 17:21:06,698{GMT}	INFO	[jepsen worker 4] jepsen.util: 4	:ok	:broadcast	81
2024-11-07 17:21:06,838{GMT}	INFO	[jepsen worker 0] jepsen.util: 0	:invoke	:broadcast	82
2024-11-07 17:21:06,840{GMT}	INFO	[jepsen worker 0] jepsen.util: 0	:ok	:broadcast	82
2024-11-07 17:21:07,001{GMT}	INFO	[jepsen worker 0] jepsen.util: 0	:invoke	:broadcast	83
2024-11-07 17:21:07,005{GMT}	INFO	[jepsen worker 0] jepsen.util: 0	:ok	:broadcast	83
2024-11-07 17:21:07,057{GMT}	INFO	[jepsen worker 1] jepsen.util: 1	:invoke	:read	nil
2024-11-07 17:21:07,060{GMT}	INFO	[jepsen worker 1] jepsen.util: 1	:ok	:read	[5 22 24 26 45 50 17 36 46 81 12 20 31 54 66 78 18 35 43 79 28 30 41 51 4 14 52 57 73 0 25 34 80 1 11 13 48 61 75 3 44 83 59 67 2 32 38 47 56 58 77 16 27 29 62 70 82 7 9 21 42 64 65 19 63 76 8 15 40 49 55 60 6 10 53 68 71 72 23 33 37 39 69 74]
2024-11-07 17:21:07,229{GMT}	INFO	[jepsen worker 2] jepsen.util: 2	:invoke	:read	nil
2024-11-07 17:21:07,232{GMT}	INFO	[jepsen worker 2] jepsen.util: 2	:ok	:read	[12 31 45 64 82 66 19 27 34 39 51 54 59 69 79 80 2 8 48 75 83 3 28 42 46 62 67 22 25 47 71 74 76 21 81 73 7 13 26 44 55 58 72 1 16 23 36 40 17 33 56 57 60 18 38 41 50 70 77 4 63 43 5 9 10 30 49 61 65 6 20 29 32 35 68 15 24 37 52 53 0 11 14 78]
2024-11-07 17:21:07,364{GMT}	INFO	[jepsen worker 3] jepsen.util: 3	:invoke	:read	nil
2024-11-07 17:21:07,366{GMT}	INFO	[jepsen worker 3] jepsen.util: 3	:ok	:read	[31 60 68 69 76 11 30 73 10 51 35 44 74 79 82 0 34 23 55 57 4 12 15 25 46 71 81 1 9 62 72 18 32 21 24 27 37 39 43 8 13 83 61 70 48 78 22 45 58 33 38 20 16 17 42 56 64 80 2 5 67 28 41 14 29 40 49 65 66 3 6 75 54 53 63 77 36 50 26 47 52 59 7 19]
2024-11-07 17:21:07,510{GMT}	INFO	[jepsen worker 4] jepsen.util: 4	:invoke	:read	nil
2024-11-07 17:21:07,512{GMT}	INFO	[jepsen worker 4] jepsen.util: 4	:ok	:read	[10 11 15 19 47 48 68 75 77 8 20 36 0 40 52 5 22 32 43 58 62 82 2 35 80 4 6 7 9 16 29 45 53 54 64 14 18 27 28 63 23 26 30 34 37 42 67 73 46 59 21 31 38 55 70 83 3 12 24 57 76 25 61 72 81 1 17 33 39 60 71 74 49 65 79 13 41 44 50 51 56 66 69 78]
2024-11-07 17:21:07,575{GMT}	INFO	[jepsen worker 0] jepsen.util: 0	:invoke	:read	nil
2024-11-07 17:21:07,577{GMT}	INFO	[jepsen worker 0] jepsen.util: 0	:ok	:read	[2 4 21 30 32 37 61 79 81 34 43 69 74 20 23 24 46 66 6 8 9 10 22 35 57 58 60 63 78 14 16 45 48 50 76 17 18 26 40 56 7 15 42 3 71 72 39 47 52 62 64 70 82 0 1 53 55 59 83 5 12 29 33 36 67 68 73 19 44 49 51 65 31 77 13 28 38 80 11 54 25 27 41 75]
2024-11-07 17:21:07,582{GMT}	INFO	[jepsen worker 0] jepsen.util: 0	:invoke	:read	nil
2024-11-07 17:21:07,584{GMT}	INFO	[jepsen worker 0] jepsen.util: 0	:ok	:read	[19 44 49 51 65 31 77 13 28 38 80 11 54 25 27 41 75 2 4 21 30 32 37 61 79 81 34 43 69 74 20 23 24 46 66 6 8 9 10 22 35 57 58 60 63 78 14 16 45 48 50 76 17 18 26 40 56 7 15 42 3 71 72 39 47 52 62 64 70 82 0 1 53 55 59 83 5 12 29 33 36 67 68 73]
2024-11-07 17:21:07,639{GMT}	INFO	[jepsen worker 1] jepsen.util: 1	:invoke	:broadcast	84
2024-11-07 17:21:07,641{GMT}	INFO	[jepsen worker 1] jepsen.util: 1	:ok	:broadcast	84
2024-11-07 17:21:07,665{GMT}	INFO	[jepsen worker 2] jepsen.util: 2	:invoke	:read	nil
2024-11-07 17:21:07,668{GMT}	INFO	[jepsen worker 2] jepsen.util: 2	:ok	:read	[43 61 65 5 9 10 30 49 68 6 20 29 32 35 15 24 37 52 53 0 11 14 78 12 31 45 64 82 54 59 66 19 27 34 39 51 69 79 80 84 2 8 48 75 83 67 3 28 42 46 62 76 22 25 47 71 74 21 81 58 72 73 7 13 26 44 55 1 16 23 36 40 17 33 56 57 60 77 18 38 41 50 70 4 63]
2024-11-07 17:21:07,817{GMT}	INFO	[jepsen worker 3] jepsen.util: 3	:invoke	:broadcast	85
2024-11-07 17:21:07,820{GMT}	INFO	[jepsen worker 3] jepsen.util: 3	:ok	:broadcast	85
2024-11-07 17:21:07,979{GMT}	INFO	[jepsen worker 4] jepsen.util: 4	:invoke	:read	nil
2024-11-07 17:21:07,982{GMT}	INFO	[jepsen worker 4] jepsen.util: 4	:ok	:read	[0 40 52 82 5 22 32 43 58 62 2 35 80 45 53 4 6 7 9 16 29 54 64 14 18 27 28 63 67 73 23 26 30 34 37 42 84 46 59 85 21 31 38 55 70 83 3 12 24 57 76 25 61 72 81 74 1 17 33 39 60 71 49 65 79 66 69 13 41 44 50 51 56 78 68 75 10 11 15 19 47 48 77 8 20 36]
2024-11-07 17:21:08,156{GMT}	INFO	[jepsen worker 0] jepsen.util: 0	:invoke	:broadcast	86
2024-11-07 17:21:08,159{GMT}	INFO	[jepsen worker 0] jepsen.util: 0	:ok	:broadcast	86
2024-11-07 17:21:08,186{GMT}	INFO	[jepsen worker 0] jepsen.util: 0	:invoke	:broadcast	87
2024-11-07 17:21:08,187{GMT}	INFO	[jepsen worker 0] jepsen.util: 0	:ok	:broadcast	87
2024-11-07 17:21:08,307{GMT}	INFO	[jepsen worker 1] jepsen.util: 1	:invoke	:broadcast	88
2024-11-07 17:21:08,310{GMT}	INFO	[jepsen worker 1] jepsen.util: 1	:ok	:broadcast	88
2024-11-07 17:21:08,408{GMT}	INFO	[jepsen worker 2] jepsen.util: 2	:invoke	:read	nil
2024-11-07 17:21:08,411{GMT}	INFO	[jepsen worker 2] jepsen.util: 2	:ok	:read	[85 21 81 26 44 55 58 72 73 7 13 23 36 40 88 1 16 56 57 60 17 33 41 50 70 77 18 38 4 63 43 10 30 49 61 65 5 9 29 32 35 68 6 20 37 52 53 15 24 14 78 0 11 45 64 82 86 12 31 34 39 51 54 59 66 19 27 80 69 79 48 75 83 84 2 8 42 46 62 67 87 3 28 47 71 74 76 22 25]
2024-11-07 17:21:08,484{GMT}	INFO	[jepsen worker 3] jepsen.util: 3	:invoke	:broadcast	89
2024-11-07 17:21:08,487{GMT}	INFO	[jepsen worker 3] jepsen.util: 3	:ok	:broadcast	89
2024-11-07 17:21:08,581{GMT}	INFO	[jepsen worker 4] jepsen.util: 4	:invoke	:broadcast	90
2024-11-07 17:21:08,583{GMT}	INFO	[jepsen worker 4] jepsen.util: 4	:ok	:broadcast	90
2024-11-07 17:21:08,777{GMT}	INFO	[jepsen worker 0] jepsen.util: 0	:invoke	:read	nil
2024-11-07 17:21:08,779{GMT}	INFO	[jepsen worker 0] jepsen.util: 0	:ok	:read	[36 67 68 73 5 12 29 33 65 19 44 49 51 31 77 85 13 28 38 80 11 54 25 27 41 75 32 37 61 79 2 4 21 30 81 84 88 89 34 43 69 74 66 20 23 24 46 22 35 57 58 6 8 9 10 60 63 78 87 50 76 14 16 45 48 56 86 17 18 26 40 7 15 42 3 71 72 90 64 70 82 39 47 52 62 59 83 0 1 53 55]
2024-11-07 17:21:08,781{GMT}	INFO	[jepsen worker 0] jepsen.util: 0	:invoke	:broadcast	91
2024-11-07 17:21:08,782{GMT}	INFO	[jepsen worker 0] jepsen.util: 0	:ok	:broadcast	91
2024-11-07 17:21:08,938{GMT}	INFO	[jepsen worker 1] jepsen.util: 1	:invoke	:broadcast	92
2024-11-07 17:21:08,941{GMT}	INFO	[jepsen worker 1] jepsen.util: 1	:ok	:broadcast	92
2024-11-07 17:21:09,005{GMT}	INFO	[jepsen worker 2] jepsen.util: 2	:invoke	:read	nil
2024-11-07 17:21:09,007{GMT}	INFO	[jepsen worker 2] jepsen.util: 2	:ok	:read	[0 11 14 78 12 31 45 64 82 86 66 19 27 34 39 51 54 59 69 79 80 92 2 8 48 75 83 84 90 3 28 42 46 62 67 87 22 25 47 71 74 76 21 81 85 73 7 13 26 44 55 58 72 89 1 16 23 36 40 88 17 33 56 57 60 18 38 41 50 70 77 4 63 43 91 5 9 10 30 49 61 65 6 20 29 32 35 68 15 24 37 52 53]
2024-11-07 17:21:09,135{GMT}	INFO	[jepsen worker 3] jepsen.util: 3	:invoke	:read	nil
2024-11-07 17:21:09,138{GMT}	INFO	[jepsen worker 3] jepsen.util: 3	:ok	:read	[22 45 48 78 33 38 58 20 85 80 2 5 16 17 42 56 64 28 41 67 90 66 3 6 14 29 40 49 65 75 92 54 36 50 53 63 77 91 7 19 26 47 52 59 86 87 11 30 31 60 68 69 76 10 51 73 89 0 34 35 44 74 79 82 4 12 23 55 57 1 9 15 25 46 71 81 18 32 62 72 84 88 43 8 13 21 24 27 37 39 61 70 83]
2024-11-07 17:21:09,270{GMT}	INFO	[jepsen worker 4] jepsen.util: 4	:invoke	:broadcast	93
2024-11-07 17:21:09,272{GMT}	INFO	[jepsen worker 4] jepsen.util: 4	:ok	:broadcast	93
2024-11-07 17:21:09,464{GMT}	INFO	[jepsen worker 0] jepsen.util: 0	:invoke	:broadcast	94
2024-11-07 17:21:09,467{GMT}	INFO	[jepsen worker 0] jepsen.util: 0	:ok	:broadcast	94
2024-11-07 17:21:09,519{GMT}	INFO	[jepsen worker 0] jepsen.util: 0	:invoke	:read	nil
2024-11-07 17:21:09,522{GMT}	INFO	[jepsen worker 0] jepsen.util: 0	:ok	:read	[31 77 13 28 38 80 85 11 54 91 25 27 41 75 61 79 2 4 21 30 32 37 81 84 88 89 94 34 43 69 74 20 23 24 46 66 57 58 6 8 9 10 22 35 60 63 78 87 14 16 45 48 50 76 17 18 26 40 56 86 7 15 42 3 71 72 90 92 93 82 39 47 52 62 64 70 0 1 53 55 59 83 68 73 5 12 29 33 36 67 19 44 49 51 65]
2024-11-07 17:21:09,541{GMT}	INFO	[jepsen worker 1] jepsen.util: 1	:invoke	:read	nil
2024-11-07 17:21:09,542{GMT}	INFO	[jepsen worker 1] jepsen.util: 1	:ok	:read	[21 42 64 65 82 7 9 76 94 19 63 40 49 55 60 86 93 8 15 53 68 71 72 85 88 6 10 37 39 69 74 89 91 23 33 24 26 45 50 90 5 22 46 81 87 17 36 31 54 66 78 92 12 20 43 79 18 35 41 51 28 30 52 57 73 4 14 34 0 25 13 48 61 75 80 1 11 83 84 3 44 38 47 56 58 59 67 2 32 77 29 62 70 16 27]
2024-11-07 17:21:09,558{GMT}	INFO	[jepsen worker 2] jepsen.util: 2	:invoke	:read	nil
2024-11-07 17:21:09,561{GMT}	INFO	[jepsen worker 2] jepsen.util: 2	:ok	:read	[21 81 85 44 55 58 72 73 7 13 26 89 93 36 40 88 1 16 23 57 60 17 33 56 50 70 77 18 38 41 4 63 43 30 49 61 65 91 5 9 10 32 35 68 6 20 29 52 53 94 15 24 37 78 0 11 14 64 82 86 12 31 45 39 51 54 59 66 19 27 34 92 69 79 80 75 83 84 90 2 8 48 46 62 67 87 3 28 42 71 74 76 22 25 47]
2024-11-07 17:21:09,723{GMT}	INFO	[jepsen worker 3] jepsen.util: 3	:invoke	:read	nil
2024-11-07 17:21:09,726{GMT}	INFO	[jepsen worker 3] jepsen.util: 3	:ok	:read	[21 24 27 37 39 43 8 13 83 61 70 48 78 22 45 58 33 38 20 85 16 17 42 56 64 80 2 5 67 90 94 28 41 14 29 40 49 65 66 3 6 93 75 92 54 53 63 77 36 50 26 47 52 59 86 91 7 19 31 60 68 69 76 87 11 30 73 10 51 35 44 74 79 82 89 0 34 23 55 57 4 12 15 25 46 71 81 1 9 62 72 84 88 18 32]
2024-11-07 17:21:09,913{GMT}	INFO	[jepsen worker 4] jepsen.util: 4	:invoke	:broadcast	95
2024-11-07 17:21:09,916{GMT}	INFO	[jepsen worker 4] jepsen.util: 4	:ok	:broadcast	95
2024-11-07 17:21:10,056{GMT}	INFO	[jepsen worker 0] jepsen.util: 0	:invoke	:read	nil
2024-11-07 17:21:10,058{GMT}	INFO	[jepsen worker 0] jepsen.util: 0	:ok	:read	[43 69 74 34 23 24 46 66 20 8 9 10 22 35 57 58 6 63 78 87 60 16 45 48 50 76 14 18 26 40 56 86 17 15 42 7 71 72 90 92 93 3 47 52 62 64 70 82 39 1 53 55 59 83 0 12 29 33 36 67 68 73 5 44 49 51 65 19 77 31 28 38 80 85 13 54 91 11 27 41 75 25 4 21 30 32 37 61 79 2 84 88 89 94 95 81]
2024-11-07 17:21:10,127{GMT}	INFO	[jepsen worker 0] jepsen.util: 0	:invoke	:read	nil
2024-11-07 17:21:10,129{GMT}	INFO	[jepsen worker 0] jepsen.util: 0	:ok	:read	[38 80 85 13 28 91 11 54 41 75 25 27 21 30 32 37 61 79 2 4 88 89 94 95 81 84 69 74 34 43 24 46 66 20 23 9 10 22 35 57 58 6 8 78 87 60 63 45 48 50 76 14 16 26 40 56 86 17 18 42 7 15 72 90 92 93 3 71 52 62 64 70 82 39 47 53 55 59 83 0 1 29 33 36 67 68 73 5 12 49 51 65 19 44 31 77]
2024-11-07 17:21:10,294{GMT}	INFO	[jepsen worker 1] jepsen.util: 1	:invoke	:read	nil
2024-11-07 17:21:10,298{GMT}	INFO	[jepsen worker 1] jepsen.util: 1	:ok	:read	[1 11 13 48 61 75 80 3 44 83 84 67 2 32 38 47 56 58 59 77 16 27 29 62 70 7 9 21 42 64 65 82 19 63 76 94 93 8 15 40 49 55 60 86 88 6 10 53 68 71 72 85 91 23 33 37 39 69 74 89 5 22 24 26 45 50 90 17 36 46 81 87 12 20 31 54 66 78 92 18 35 43 79 28 30 41 51 4 14 52 57 73 0 25 34 95]
2024-11-07 17:21:10,298{GMT}	INFO	[jepsen worker 2] jepsen.generator.interpreter: Waiting for recovery...
2024-11-07 17:21:20,305{GMT}	INFO	[jepsen worker 0] jepsen.util: 0	:invoke	:read	nil
2024-11-07 17:21:20,305{GMT}	INFO	[jepsen worker 3] jepsen.util: 3	:invoke	:read	nil
2024-11-07 17:21:20,305{GMT}	INFO	[jepsen worker 4] jepsen.util: 4	:invoke	:read	nil
2024-11-07 17:21:20,306{GMT}	INFO	[jepsen worker 2] jepsen.util: 2	:invoke	:read	nil
2024-11-07 17:21:20,306{GMT}	INFO	[jepsen worker 1] jepsen.util: 1	:invoke	:read	nil
2024-11-07 17:21:20,307{GMT}	INFO	[jepsen worker 0] jepsen.util: 0	:ok	:read	[20 23 24 46 66 6 8 9 10 22 35 57 58 60 63 78 87 14 16 45 48 50 76 17 18 26 40 56 86 7 15 42 3 71 72 90 92 93 39 47 52 62 64 70 82 0 1 53 55 59 83 5 12 29 33 36 67 68 73 19 44 49 51 65 31 77 13 28 38 80 85 11 54 91 25 27 41 75 2 4 21 30 32 37 61 79 81 84 88 89 94 95 34 43 69 74]
2024-11-07 17:21:20,307{GMT}	INFO	[jepsen worker 3] jepsen.util: 3	:ok	:read	[35 44 74 79 82 89 0 34 23 55 57 4 12 15 25 46 71 81 1 9 62 72 84 88 18 32 21 24 27 37 39 43 8 13 83 61 70 48 78 22 45 58 33 38 20 85 16 17 42 56 64 80 2 5 67 90 94 95 28 41 14 29 40 49 65 66 3 6 93 75 92 54 53 63 77 36 50 26 47 52 59 86 91 7 19 31 60 68 69 76 87 11 30 73 10 51]
2024-11-07 17:21:20,307{GMT}	INFO	[jepsen worker 4] jepsen.util: 4	:ok	:read	[29 45 53 4 6 7 9 16 54 64 14 18 27 28 63 42 67 73 23 26 30 34 37 84 93 46 59 92 83 85 21 31 38 55 70 88 3 12 24 57 76 25 61 72 81 71 74 1 17 33 39 60 49 65 79 89 56 66 69 13 41 44 50 51 78 87 48 68 75 10 11 15 19 47 77 86 8 20 36 91 0 40 52 62 82 94 5 22 32 43 58 95 2 35 80 90]
2024-11-07 17:21:20,307{GMT}	INFO	[jepsen worker 1] jepsen.util: 1	:ok	:read	[61 75 80 1 11 13 48 3 44 83 84 56 58 59 67 2 32 38 47 77 70 16 27 29 62 64 65 82 7 9 21 42 19 63 76 94 55 60 86 93 8 15 40 49 71 72 85 88 6 10 53 68 69 74 89 91 23 33 37 39 45 50 90 5 22 24 26 87 17 36 46 81 66 78 92 12 20 31 54 18 35 43 79 28 30 41 51 73 4 14 52 57 0 25 34 95]
2024-11-07 17:21:20,307{GMT}	INFO	[jepsen worker 2] jepsen.util: 2	:ok	:read	[16 23 36 40 88 1 33 56 57 60 17 38 41 50 70 77 18 63 4 95 43 9 10 30 49 61 65 91 5 20 29 32 35 68 6 24 37 52 53 94 15 11 14 78 0 31 45 64 82 86 12 27 34 39 51 54 59 66 19 79 80 92 69 8 48 75 83 84 90 2 28 42 46 62 67 87 3 25 47 71 74 76 22 81 85 21 13 26 44 55 58 72 73 7 93 89]
2024-11-07 17:21:20,327{GMT}	INFO	[jepsen test runner] jepsen.core: Run complete, writing
2024-11-07 17:21:20,390{GMT}	INFO	[jepsen node n0] maelstrom.db: Tearing down n0
2024-11-07 17:21:20,390{GMT}	INFO	[jepsen node n1] maelstrom.db: Tearing down n1
2024-11-07 17:21:20,390{GMT}	INFO	[jepsen node n2] maelstrom.db: Tearing down n2
2024-11-07 17:21:20,390{GMT}	INFO	[jepsen node n3] maelstrom.db: Tearing down n3
2024-11-07 17:21:20,391{GMT}	INFO	[jepsen node n4] maelstrom.db: Tearing down n4
2024-11-07 17:21:22,304{GMT}	INFO	[jepsen node n0] maelstrom.net: Shutting down Maelstrom network
2024-11-07 17:21:22,307{GMT}	INFO	[jepsen test runner] jepsen.core: Analyzing...
2024-11-07 17:21:22,588{GMT}	INFO	[jepsen test runner] jepsen.core: Analysis complete
2024-11-07 17:21:22,599{GMT}	INFO	[jepsen results] jepsen.store: Wrote /home/Suchitra/Desktop/flyio/maelstrom/store/broadcast/20241107T172049.382+0530/results.edn
2024-11-07 17:21:22,608{GMT}	INFO	[jepsen test runner] jepsen.core: {:perf {:latency-graph {:valid? true},
        :rate-graph {:valid? true},
        :valid? true},
 :timeline {:valid? true},
 :exceptions {:valid? true},
 :stats {:valid? true,
         :count 211,
         :ok-count 211,
         :fail-count 0,
         :info-count 0,
         :by-f {:broadcast {:valid? true,
                            :count 96,
                            :ok-count 96,
                            :fail-count 0,
                            :info-count 0},
                :read {:valid? true,
                       :count 115,
                       :ok-count 115,
                       :fail-count 0,
                       :info-count 0}}},
 :availability {:valid? true, :ok-fraction 1.0},
 :net {:all {:send-count 2842,
             :recv-count 2842,
             :msg-count 2842,
             :msgs-per-op 13.469194},
       :clients {:send-count 442, :recv-count 442, :msg-count 442},
       :servers {:send-count 2400,
                 :recv-count 2400,
                 :msg-count 2400,
                 :msgs-per-op 11.374408},
       :valid? true},
 :workload {:worst-stale (),
            :duplicated-count 0,
            :valid? true,
            :lost-count 0,
            :lost (),
            :stable-count 96,
            :stale-count 0,
            :stale (),
            :never-read-count 0,
            :stable-latencies {0 0, 0.5 0, 0.95 0, 0.99 0, 1 0},
            :attempt-count 96,
            :never-read (),
            :duplicated {}},
 :valid? true}


Everything looks good! (`)
