2024/12/26 23:49:32 Received {c0 n1 {"type":"init","node_id":"n1","node_ids":["n0","n1","n2","n3","n4"],"msg_id":1}}
2024/12/26 23:49:32 Node n1 initialized
2024/12/26 23:49:32 Sent {"src":"n1","dest":"c0","body":{"in_reply_to":1,"type":"init_ok"}}
2024/12/26 23:49:32 Received {c7 n1 {"type":"topology","topology":{"n0":["n3","n1"],"n1":["n4","n2","n0"],"n2":["n1"],"n3":["n0","n4"],"n4":["n1","n3"]},"msg_id":1}}
2024/12/26 23:49:32 Sent {"src":"n1","dest":"c7","body":{"in_reply_to":1,"type":"topology_ok"}}
2024/12/26 23:49:32 Received {n4 n1 {"message":0,"msg_id":1,"type":"broadcast"}}
2024/12/26 23:49:32 Sent {"src":"n1","dest":"n4","body":{"in_reply_to":1,"type":"broadcast_ok"}}
2024/12/26 23:49:32 Sent {"src":"n1","dest":"n4","body":{"message":0,"msg_id":1,"type":"broadcast"}}
2024/12/26 23:49:32 Sent {"src":"n1","dest":"n1","body":{"message":0,"msg_id":1,"type":"broadcast"}}
2024/12/26 23:49:32 Sent {"src":"n1","dest":"n2","body":{"message":0,"msg_id":1,"type":"broadcast"}}
2024/12/26 23:49:32 Sent {"src":"n1","dest":"n0","body":{"message":0,"msg_id":1,"type":"broadcast"}}
2024/12/26 23:49:32 Sent {"src":"n1","dest":"n3","body":{"message":0,"msg_id":1,"type":"broadcast"}}
2024/12/26 23:49:32 Received {n3 n1 {"message":0,"msg_id":1,"type":"broadcast"}}
2024/12/26 23:49:32 Received {n1 n1 {"message":0,"msg_id":1,"type":"broadcast"}}
2024/12/26 23:49:32 Received {n4 n1 {"message":1,"msg_id":1,"type":"broadcast"}}
2024/12/26 23:49:32 Sent {"src":"n1","dest":"n0","body":{"message":1,"msg_id":1,"type":"broadcast"}}
2024/12/26 23:49:32 Sent {"src":"n1","dest":"n4","body":{"in_reply_to":1,"type":"broadcast_ok"}}
2024/12/26 23:49:32 Sent {"src":"n1","dest":"n4","body":{"message":1,"msg_id":1,"type":"broadcast"}}
2024/12/26 23:49:32 Sent {"src":"n1","dest":"n1","body":{"message":1,"msg_id":1,"type":"broadcast"}}
2024/12/26 23:49:32 Sent {"src":"n1","dest":"n2","body":{"message":1,"msg_id":1,"type":"broadcast"}}
2024/12/26 23:49:32 Sent {"src":"n1","dest":"n3","body":{"message":1,"msg_id":1,"type":"broadcast"}}
2024/12/26 23:49:32 Received {n1 n1 {"message":1,"msg_id":1,"type":"broadcast"}}
2024/12/26 23:49:32 Received {n3 n1 {"in_reply_to":1,"type":"broadcast_ok"}}
2024/12/26 23:49:32 Ignoring reply to 1 with no callback
2024/12/26 23:49:32 Received {n3 n1 {"message":1,"msg_id":1,"type":"broadcast"}}
2024/12/26 23:49:32 Received {n3 n1 {"message":2,"msg_id":2,"type":"broadcast"}}
2024/12/26 23:49:32 Sent {"src":"n1","dest":"n3","body":{"in_reply_to":2,"type":"broadcast_ok"}}
2024/12/26 23:49:32 Sent {"src":"n1","dest":"n0","body":{"message":2,"msg_id":2,"type":"broadcast"}}
2024/12/26 23:49:32 Sent {"src":"n1","dest":"n4","body":{"message":2,"msg_id":2,"type":"broadcast"}}
2024/12/26 23:49:32 Sent {"src":"n1","dest":"n1","body":{"message":2,"msg_id":2,"type":"broadcast"}}
2024/12/26 23:49:32 Sent {"src":"n1","dest":"n2","body":{"message":2,"msg_id":2,"type":"broadcast"}}
2024/12/26 23:49:32 Sent {"src":"n1","dest":"n3","body":{"message":2,"msg_id":2,"type":"broadcast"}}
2024/12/26 23:49:32 Received {n1 n1 {"message":2,"msg_id":2,"type":"broadcast"}}
2024/12/26 23:49:32 Received {n4 n1 {"in_reply_to":2,"type":"broadcast_ok"}}
2024/12/26 23:49:32 Ignoring reply to 2 with no callback
2024/12/26 23:49:32 Received {n4 n1 {"message":2,"msg_id":2,"type":"broadcast"}}
2024/12/26 23:49:32 Received {c14 n1 {"type":"broadcast","message":3,"msg_id":1}}
2024/12/26 23:49:32 Sent {"src":"n1","dest":"c14","body":{"in_reply_to":1,"type":"broadcast_ok"}}
2024/12/26 23:49:32 Sent {"src":"n1","dest":"n4","body":{"message":3,"msg_id":1,"type":"broadcast"}}
2024/12/26 23:49:32 Sent {"src":"n1","dest":"n0","body":{"message":3,"msg_id":1,"type":"broadcast"}}
2024/12/26 23:49:32 Sent {"src":"n1","dest":"n1","body":{"message":3,"msg_id":1,"type":"broadcast"}}
2024/12/26 23:49:32 Sent {"src":"n1","dest":"n3","body":{"message":3,"msg_id":1,"type":"broadcast"}}
2024/12/26 23:49:32 Sent {"src":"n1","dest":"n2","body":{"message":3,"msg_id":1,"type":"broadcast"}}
2024/12/26 23:49:32 Received {n1 n1 {"message":3,"msg_id":1,"type":"broadcast"}}
2024/12/26 23:49:32 Received {n4 n1 {"message":3,"msg_id":1,"type":"broadcast"}}
2024/12/26 23:49:32 Received {n4 n1 {"in_reply_to":1,"type":"broadcast_ok"}}
2024/12/26 23:49:32 Ignoring reply to 1 with no callback
2024/12/26 23:49:32 Received {n3 n1 {"in_reply_to":1,"type":"broadcast_ok"}}
2024/12/26 23:49:32 Ignoring reply to 1 with no callback
2024/12/26 23:49:32 Received {n3 n1 {"message":3,"msg_id":1,"type":"broadcast"}}
2024/12/26 23:49:32 Received {n3 n1 {"message":4,"msg_id":2,"type":"broadcast"}}
2024/12/26 23:49:32 Sent {"src":"n1","dest":"n1","body":{"message":4,"msg_id":2,"type":"broadcast"}}
2024/12/26 23:49:32 Sent {"src":"n1","dest":"n4","body":{"message":4,"msg_id":2,"type":"broadcast"}}
2024/12/26 23:49:32 Sent {"src":"n1","dest":"n3","body":{"in_reply_to":2,"type":"broadcast_ok"}}
2024/12/26 23:49:32 Sent {"src":"n1","dest":"n0","body":{"message":4,"msg_id":2,"type":"broadcast"}}
2024/12/26 23:49:32 Sent {"src":"n1","dest":"n2","body":{"message":4,"msg_id":2,"type":"broadcast"}}
2024/12/26 23:49:32 Sent {"src":"n1","dest":"n3","body":{"message":4,"msg_id":2,"type":"broadcast"}}
2024/12/26 23:49:32 Received {n1 n1 {"message":4,"msg_id":2,"type":"broadcast"}}
2024/12/26 23:49:32 Received {n4 n1 {"in_reply_to":2,"type":"broadcast_ok"}}
2024/12/26 23:49:32 Ignoring reply to 2 with no callback
2024/12/26 23:49:32 Received {n4 n1 {"message":4,"msg_id":2,"type":"broadcast"}}
2024/12/26 23:49:33 Sent {"src":"n1","dest":"n4","body":{"ids":[0,1,2,3,4],"type":"sync"}}
2024/12/26 23:49:33 Sent {"src":"n1","dest":"n1","body":{"ids":[0,1,2,3,4],"type":"sync"}}
2024/12/26 23:49:33 Sent {"src":"n1","dest":"n0","body":{"ids":[0,1,2,3,4],"type":"sync"}}
2024/12/26 23:49:33 Sent {"src":"n1","dest":"n2","body":{"ids":[0,1,2,3,4],"type":"sync"}}
2024/12/26 23:49:33 Sent {"src":"n1","dest":"n3","body":{"ids":[0,1,2,3,4],"type":"sync"}}
2024/12/26 23:49:33 Received {n3 n1 {"ids":[2,3,4,0,1],"type":"sync"}}
2024/12/26 23:49:33 No handler for {"id":189,"src":"n3","dest":"n1","body":{"ids":[2,3,4,0,1],"type":"sync"}}
