2024/12/27 00:54:35 Received {c4 n0 {"type":"init","node_id":"n0","node_ids":["n0","n1","n2","n3","n4"],"msg_id":1}}
2024/12/27 00:54:35 Node n0 initialized
2024/12/27 00:54:35 Sent {"src":"n0","dest":"c4","body":{"in_reply_to":1,"type":"init_ok"}}
2024/12/27 00:54:35 Received {c5 n0 {"type":"topology","topology":{"n0":["n3","n1"],"n1":["n4","n2","n0"],"n2":["n1"],"n3":["n0","n4"],"n4":["n1","n3"]},"msg_id":1}}
2024/12/27 00:54:35 Sent {"src":"n0","dest":"c5","body":{"in_reply_to":1,"type":"topology_ok"}}
2024/12/27 00:54:35 Received {c14 n0 {"type":"broadcast","message":1,"msg_id":1}}
2024/12/27 00:54:35 Sent {"src":"n0","dest":"c14","body":{"in_reply_to":1,"type":"broadcast_ok"}}
2024/12/27 00:54:35 Sent {"src":"n0","dest":"n1","body":{"message":1,"msg_id":1,"type":"broadcast"}}
2024/12/27 00:54:35 Sent {"src":"n0","dest":"n3","body":{"message":1,"msg_id":1,"type":"broadcast"}}
2024/12/27 00:54:35 Received {n3 n0 {"in_reply_to":1,"type":"broadcast_ok"}}
2024/12/27 00:54:35 Ignoring reply to 1 with no callback
2024/12/27 00:54:35 Received {c14 n0 {"type":"read","msg_id":2}}
2024/12/27 00:54:35 Sent {"src":"n0","dest":"c14","body":{"in_reply_to":2,"messages":[1],"type":"read_ok"}}
2024/12/27 00:54:35 Received {n3 n0 {"message":3,"msg_id":2,"type":"broadcast"}}
2024/12/27 00:54:35 Sent {"src":"n0","dest":"n3","body":{"in_reply_to":2,"type":"broadcast_ok"}}
2024/12/27 00:54:35 Sent {"src":"n0","dest":"n1","body":{"message":3,"msg_id":2,"type":"broadcast"}}
2024/12/27 00:54:35 Received {n3 n0 {"message":4,"msg_id":2,"type":"broadcast"}}
2024/12/27 00:54:35 Sent {"src":"n0","dest":"n3","body":{"in_reply_to":2,"type":"broadcast_ok"}}
2024/12/27 00:54:35 Sent {"src":"n0","dest":"n1","body":{"message":4,"msg_id":2,"type":"broadcast"}}
2024/12/27 00:54:35 Received {c14 n0 {"type":"broadcast","message":5,"msg_id":3}}
2024/12/27 00:54:35 Sent {"src":"n0","dest":"c14","body":{"in_reply_to":3,"type":"broadcast_ok"}}
2024/12/27 00:54:35 Sent {"src":"n0","dest":"n3","body":{"message":5,"msg_id":3,"type":"broadcast"}}
2024/12/27 00:54:35 Sent {"src":"n0","dest":"n1","body":{"message":5,"msg_id":3,"type":"broadcast"}}
2024/12/27 00:54:35 Received {n3 n0 {"in_reply_to":3,"type":"broadcast_ok"}}
2024/12/27 00:54:35 Ignoring reply to 3 with no callback
2024/12/27 00:54:35 Received {c14 n0 {"type":"read","msg_id":4}}
2024/12/27 00:54:35 Sent {"src":"n0","dest":"c14","body":{"in_reply_to":4,"messages":[5,1,3,4],"type":"read_ok"}}
2024/12/27 00:54:36 Sent {"src":"n0","dest":"n1","body":{"message":[5,1,3,4],"type":"periodic_broadcast"}}
2024/12/27 00:54:36 Sent {"src":"n0","dest":"n3","body":{"message":[5,1,3,4],"type":"periodic_broadcast"}}
2024/12/27 00:54:36 Received {n3 n0 {"message":[1,3,4,5],"type":"periodic_broadcast"}}
2024/12/27 00:54:36 No handler for {"id":78,"src":"n3","dest":"n0","body":{"message":[1,3,4,5],"type":"periodic_broadcast"}}
