2024/11/07 18:15:47 Received {c2 n1 {"type":"init","node_id":"n1","node_ids":["n0","n1","n2","n3","n4"],"msg_id":1}}
2024/11/07 18:15:47 Node n1 initialized
2024/11/07 18:15:47 Sent {"src":"n1","dest":"c2","body":{"in_reply_to":1,"type":"init_ok"}}
2024/11/07 18:15:47 Received {c7 n1 {"type":"topology","topology":{"n0":["n3","n1"],"n1":["n4","n2","n0"],"n2":["n1"],"n3":["n0","n4"],"n4":["n1","n3"]},"msg_id":1}}
2024/11/07 18:15:47 Sent {"src":"n1","dest":"c7","body":{"in_reply_to":1,"type":"topology_ok"}}
2024/11/07 18:15:47 Received {c11 n1 {"type":"broadcast","message":0,"msg_id":1}}
2024/11/07 18:15:47 Sent {"src":"n1","dest":"c11","body":{"in_reply_to":1,"type":"broadcast_ok"}}
2024/11/07 18:15:47 Sent {"src":"n1","dest":"n1","body":{"message":0,"msg_id":1,"type":"broadcast"}}
2024/11/07 18:15:47 Sent {"src":"n1","dest":"n4","body":{"message":0,"msg_id":1,"type":"broadcast"}}
2024/11/07 18:15:47 Sent {"src":"n1","dest":"n2","body":{"message":0,"msg_id":1,"type":"broadcast"}}
2024/11/07 18:15:47 Sent {"src":"n1","dest":"n3","body":{"message":0,"msg_id":1,"type":"broadcast"}}
2024/11/07 18:15:47 Sent {"src":"n1","dest":"n0","body":{"message":0,"msg_id":1,"type":"broadcast"}}
2024/11/07 18:15:47 Received {n1 n1 {"message":0,"msg_id":1,"type":"broadcast"}}
2024/11/07 18:15:47 Received {n4 n1 {"in_reply_to":1,"type":"broadcast_ok"}}
2024/11/07 18:15:47 Ignoring reply to 1 with no callback
2024/11/07 18:15:47 Received {n2 n1 {"in_reply_to":1,"type":"broadcast_ok"}}
2024/11/07 18:15:47 Ignoring reply to 1 with no callback
2024/11/07 18:15:47 Received {n0 n1 {"in_reply_to":1,"type":"broadcast_ok"}}
2024/11/07 18:15:47 Ignoring reply to 1 with no callback
2024/11/07 18:15:47 Received {n3 n1 {"in_reply_to":1,"type":"broadcast_ok"}}
2024/11/07 18:15:47 Ignoring reply to 1 with no callback
2024/11/07 18:15:47 Received {c11 n1 {"type":"broadcast","message":1,"msg_id":2}}
2024/11/07 18:15:47 Sent {"src":"n1","dest":"n1","body":{"message":1,"msg_id":2,"type":"broadcast"}}
2024/11/07 18:15:47 Sent {"src":"n1","dest":"n3","body":{"message":1,"msg_id":2,"type":"broadcast"}}
2024/11/07 18:15:47 Sent {"src":"n1","dest":"c11","body":{"in_reply_to":2,"type":"broadcast_ok"}}
2024/11/07 18:15:47 Sent {"src":"n1","dest":"n4","body":{"message":1,"msg_id":2,"type":"broadcast"}}
2024/11/07 18:15:47 Sent {"src":"n1","dest":"n2","body":{"message":1,"msg_id":2,"type":"broadcast"}}
2024/11/07 18:15:47 Sent {"src":"n1","dest":"n0","body":{"message":1,"msg_id":2,"type":"broadcast"}}
2024/11/07 18:15:47 Received {n1 n1 {"message":1,"msg_id":2,"type":"broadcast"}}
2024/11/07 18:15:47 Received {n3 n1 {"in_reply_to":2,"type":"broadcast_ok"}}
2024/11/07 18:15:47 Ignoring reply to 2 with no callback
2024/11/07 18:15:47 Received {n0 n1 {"in_reply_to":2,"type":"broadcast_ok"}}
2024/11/07 18:15:47 Ignoring reply to 2 with no callback
2024/11/07 18:15:47 Received {n4 n1 {"in_reply_to":2,"type":"broadcast_ok"}}
2024/11/07 18:15:47 Ignoring reply to 2 with no callback
2024/11/07 18:15:47 Received {n2 n1 {"in_reply_to":2,"type":"broadcast_ok"}}
2024/11/07 18:15:47 Ignoring reply to 2 with no callback
2024/11/07 18:15:48 Received {n0 n1 {"message":2,"msg_id":4,"type":"broadcast"}}
2024/11/07 18:15:48 Sent {"src":"n1","dest":"n0","body":{"in_reply_to":4,"type":"broadcast_ok"}}
2024/11/07 18:15:48 Sent {"src":"n1","dest":"n2","body":{"message":2,"msg_id":4,"type":"broadcast"}}
2024/11/07 18:15:48 Sent {"src":"n1","dest":"n4","body":{"message":2,"msg_id":4,"type":"broadcast"}}
2024/11/07 18:15:48 Sent {"src":"n1","dest":"n1","body":{"message":2,"msg_id":4,"type":"broadcast"}}
2024/11/07 18:15:48 Sent {"src":"n1","dest":"n3","body":{"message":2,"msg_id":4,"type":"broadcast"}}
2024/11/07 18:15:48 Received {n3 n1 {"message":2,"msg_id":4,"type":"broadcast"}}
2024/11/07 18:15:48 Received {n4 n1 {"message":2,"msg_id":4,"type":"broadcast"}}
2024/11/07 18:15:48 Received {n2 n1 {"message":2,"msg_id":4,"type":"broadcast"}}
2024/11/07 18:15:48 Received {n1 n1 {"message":2,"msg_id":4,"type":"broadcast"}}
2024/11/07 18:15:48 Received {n0 n1 {"message":3,"msg_id":5,"type":"broadcast"}}
2024/11/07 18:15:48 Sent {"src":"n1","dest":"n0","body":{"in_reply_to":5,"type":"broadcast_ok"}}
2024/11/07 18:15:48 Sent {"src":"n1","dest":"n4","body":{"message":3,"msg_id":5,"type":"broadcast"}}
2024/11/07 18:15:48 Sent {"src":"n1","dest":"n1","body":{"message":3,"msg_id":5,"type":"broadcast"}}
2024/11/07 18:15:48 Sent {"src":"n1","dest":"n2","body":{"message":3,"msg_id":5,"type":"broadcast"}}
2024/11/07 18:15:48 Sent {"src":"n1","dest":"n3","body":{"message":3,"msg_id":5,"type":"broadcast"}}
2024/11/07 18:15:48 Received {n1 n1 {"message":3,"msg_id":5,"type":"broadcast"}}
2024/11/07 18:15:48 Received {n4 n1 {"message":3,"msg_id":5,"type":"broadcast"}}
2024/11/07 18:15:48 Received {n3 n1 {"message":3,"msg_id":5,"type":"broadcast"}}
2024/11/07 18:15:48 Received {n2 n1 {"message":3,"msg_id":5,"type":"broadcast"}}
2024/11/07 18:15:48 Received {c11 n1 {"type":"read","msg_id":3}}
2024/11/07 18:15:48 Sent {"src":"n1","dest":"c11","body":{"in_reply_to":3,"messages":[2,3,0,1],"type":"read_ok"}}
2024/11/07 18:15:48 Received {n2 n1 {"message":4,"msg_id":3,"type":"broadcast"}}
2024/11/07 18:15:48 Sent {"src":"n1","dest":"n2","body":{"in_reply_to":3,"type":"broadcast_ok"}}
2024/11/07 18:15:48 Sent {"src":"n1","dest":"n4","body":{"message":4,"msg_id":3,"type":"broadcast"}}
2024/11/07 18:15:48 Sent {"src":"n1","dest":"n0","body":{"message":4,"msg_id":3,"type":"broadcast"}}
2024/11/07 18:15:48 Sent {"src":"n1","dest":"n1","body":{"message":4,"msg_id":3,"type":"broadcast"}}
2024/11/07 18:15:48 Sent {"src":"n1","dest":"n3","body":{"message":4,"msg_id":3,"type":"broadcast"}}
2024/11/07 18:15:48 Received {n0 n1 {"message":4,"msg_id":3,"type":"broadcast"}}
2024/11/07 18:15:48 Received {n3 n1 {"message":4,"msg_id":3,"type":"broadcast"}}
2024/11/07 18:15:48 Received {n1 n1 {"message":4,"msg_id":3,"type":"broadcast"}}
2024/11/07 18:15:48 Received {n4 n1 {"message":4,"msg_id":3,"type":"broadcast"}}
2024/11/07 18:15:48 Received {n4 n1 {"message":5,"msg_id":3,"type":"broadcast"}}
2024/11/07 18:15:48 Sent {"src":"n1","dest":"n4","body":{"in_reply_to":3,"type":"broadcast_ok"}}
2024/11/07 18:15:48 Sent {"src":"n1","dest":"n3","body":{"message":5,"msg_id":3,"type":"broadcast"}}
2024/11/07 18:15:48 Sent {"src":"n1","dest":"n1","body":{"message":5,"msg_id":3,"type":"broadcast"}}
2024/11/07 18:15:48 Sent {"src":"n1","dest":"n0","body":{"message":5,"msg_id":3,"type":"broadcast"}}
2024/11/07 18:15:48 Sent {"src":"n1","dest":"n2","body":{"message":5,"msg_id":3,"type":"broadcast"}}
2024/11/07 18:15:48 Received {n0 n1 {"message":5,"msg_id":3,"type":"broadcast"}}
2024/11/07 18:15:48 Received {n1 n1 {"message":5,"msg_id":3,"type":"broadcast"}}
2024/11/07 18:15:48 Received {n3 n1 {"message":5,"msg_id":3,"type":"broadcast"}}
2024/11/07 18:15:48 Received {n2 n1 {"message":5,"msg_id":3,"type":"broadcast"}}
2024/11/07 18:15:48 Received {n0 n1 {"message":6,"msg_id":7,"type":"broadcast"}}
2024/11/07 18:15:48 Sent {"src":"n1","dest":"n0","body":{"in_reply_to":7,"type":"broadcast_ok"}}
2024/11/07 18:15:48 Received {n2 n1 {"message":6,"msg_id":7,"type":"broadcast"}}
2024/11/07 18:15:48 Sent {"src":"n1","dest":"n1","body":{"message":6,"msg_id":7,"type":"broadcast"}}
2024/11/07 18:15:48 Sent {"src":"n1","dest":"n2","body":{"message":6,"msg_id":7,"type":"broadcast"}}
2024/11/07 18:15:48 Sent {"src":"n1","dest":"n4","body":{"message":6,"msg_id":7,"type":"broadcast"}}
2024/11/07 18:15:48 Sent {"src":"n1","dest":"n3","body":{"message":6,"msg_id":7,"type":"broadcast"}}
2024/11/07 18:15:48 Received {n4 n1 {"message":6,"msg_id":7,"type":"broadcast"}}
2024/11/07 18:15:48 Received {n1 n1 {"message":6,"msg_id":7,"type":"broadcast"}}
2024/11/07 18:15:48 Received {n3 n1 {"message":6,"msg_id":7,"type":"broadcast"}}
2024/11/07 18:15:48 Received {c11 n1 {"type":"broadcast","message":7,"msg_id":4}}
2024/11/07 18:15:48 Sent {"src":"n1","dest":"c11","body":{"in_reply_to":4,"type":"broadcast_ok"}}
2024/11/07 18:15:48 Sent {"src":"n1","dest":"n0","body":{"message":7,"msg_id":4,"type":"broadcast"}}
2024/11/07 18:15:48 Sent {"src":"n1","dest":"n1","body":{"message":7,"msg_id":4,"type":"broadcast"}}
2024/11/07 18:15:48 Sent {"src":"n1","dest":"n4","body":{"message":7,"msg_id":4,"type":"broadcast"}}
2024/11/07 18:15:48 Sent {"src":"n1","dest":"n3","body":{"message":7,"msg_id":4,"type":"broadcast"}}
2024/11/07 18:15:48 Sent {"src":"n1","dest":"n2","body":{"message":7,"msg_id":4,"type":"broadcast"}}
2024/11/07 18:15:48 Received {n1 n1 {"message":7,"msg_id":4,"type":"broadcast"}}
2024/11/07 18:15:48 Received {n0 n1 {"in_reply_to":4,"type":"broadcast_ok"}}
2024/11/07 18:15:48 Ignoring reply to 4 with no callback
2024/11/07 18:15:48 Received {n4 n1 {"in_reply_to":4,"type":"broadcast_ok"}}
2024/11/07 18:15:48 Ignoring reply to 4 with no callback
2024/11/07 18:15:48 Received {n3 n1 {"in_reply_to":4,"type":"broadcast_ok"}}
2024/11/07 18:15:48 Ignoring reply to 4 with no callback
2024/11/07 18:15:48 Received {n2 n1 {"message":7,"msg_id":4,"type":"broadcast"}}
2024/11/07 18:15:49 Received {n2 n1 {"message":8,"msg_id":4,"type":"broadcast"}}
2024/11/07 18:15:49 Sent {"src":"n1","dest":"n2","body":{"in_reply_to":4,"type":"broadcast_ok"}}
2024/11/07 18:15:49 Sent {"src":"n1","dest":"n1","body":{"message":8,"msg_id":4,"type":"broadcast"}}
2024/11/07 18:15:49 Sent {"src":"n1","dest":"n3","body":{"message":8,"msg_id":4,"type":"broadcast"}}
2024/11/07 18:15:49 Sent {"src":"n1","dest":"n0","body":{"message":8,"msg_id":4,"type":"broadcast"}}
2024/11/07 18:15:49 Sent {"src":"n1","dest":"n4","body":{"message":8,"msg_id":4,"type":"broadcast"}}
2024/11/07 18:15:49 Received {n1 n1 {"message":8,"msg_id":4,"type":"broadcast"}}
2024/11/07 18:15:49 Received {n0 n1 {"message":8,"msg_id":4,"type":"broadcast"}}
2024/11/07 18:15:49 Received {n3 n1 {"message":8,"msg_id":4,"type":"broadcast"}}
2024/11/07 18:15:49 Received {n4 n1 {"message":8,"msg_id":4,"type":"broadcast"}}
2024/11/07 18:15:49 Received {n3 n1 {"message":9,"msg_id":4,"type":"broadcast"}}
2024/11/07 18:15:49 Sent {"src":"n1","dest":"n3","body":{"in_reply_to":4,"type":"broadcast_ok"}}
2024/11/07 18:15:49 Sent {"src":"n1","dest":"n4","body":{"message":9,"msg_id":4,"type":"broadcast"}}
2024/11/07 18:15:49 Sent {"src":"n1","dest":"n0","body":{"message":9,"msg_id":4,"type":"broadcast"}}
2024/11/07 18:15:49 Sent {"src":"n1","dest":"n2","body":{"message":9,"msg_id":4,"type":"broadcast"}}
2024/11/07 18:15:49 Sent {"src":"n1","dest":"n1","body":{"message":9,"msg_id":4,"type":"broadcast"}}
2024/11/07 18:15:49 Received {n4 n1 {"message":9,"msg_id":4,"type":"broadcast"}}
2024/11/07 18:15:49 Received {n0 n1 {"message":9,"msg_id":4,"type":"broadcast"}}
2024/11/07 18:15:49 Received {n2 n1 {"message":9,"msg_id":4,"type":"broadcast"}}
2024/11/07 18:15:49 Received {n1 n1 {"message":9,"msg_id":4,"type":"broadcast"}}
2024/11/07 18:15:49 Received {n4 n1 {"message":10,"msg_id":4,"type":"broadcast"}}
2024/11/07 18:15:49 Sent {"src":"n1","dest":"n1","body":{"message":10,"msg_id":4,"type":"broadcast"}}
2024/11/07 18:15:49 Sent {"src":"n1","dest":"n0","body":{"message":10,"msg_id":4,"type":"broadcast"}}
2024/11/07 18:15:49 Sent {"src":"n1","dest":"n4","body":{"in_reply_to":4,"type":"broadcast_ok"}}
2024/11/07 18:15:49 Sent {"src":"n1","dest":"n3","body":{"message":10,"msg_id":4,"type":"broadcast"}}
2024/11/07 18:15:49 Sent {"src":"n1","dest":"n2","body":{"message":10,"msg_id":4,"type":"broadcast"}}
2024/11/07 18:15:49 Received {n1 n1 {"message":10,"msg_id":4,"type":"broadcast"}}
2024/11/07 18:15:49 Received {n3 n1 {"message":10,"msg_id":4,"type":"broadcast"}}
2024/11/07 18:15:49 Received {n2 n1 {"message":10,"msg_id":4,"type":"broadcast"}}
2024/11/07 18:15:49 Received {n0 n1 {"message":10,"msg_id":4,"type":"broadcast"}}
2024/11/07 18:15:49 Received {n0 n1 {"message":11,"msg_id":9,"type":"broadcast"}}
2024/11/07 18:15:49 Sent {"src":"n1","dest":"n0","body":{"in_reply_to":9,"type":"broadcast_ok"}}
2024/11/07 18:15:49 Sent {"src":"n1","dest":"n4","body":{"message":11,"msg_id":9,"type":"broadcast"}}
2024/11/07 18:15:49 Sent {"src":"n1","dest":"n2","body":{"message":11,"msg_id":9,"type":"broadcast"}}
2024/11/07 18:15:49 Sent {"src":"n1","dest":"n3","body":{"message":11,"msg_id":9,"type":"broadcast"}}
2024/11/07 18:15:49 Sent {"src":"n1","dest":"n1","body":{"message":11,"msg_id":9,"type":"broadcast"}}
2024/11/07 18:15:49 Received {n4 n1 {"message":11,"msg_id":9,"type":"broadcast"}}
2024/11/07 18:15:49 Received {n2 n1 {"message":11,"msg_id":9,"type":"broadcast"}}
2024/11/07 18:15:49 Received {n1 n1 {"message":11,"msg_id":9,"type":"broadcast"}}
2024/11/07 18:15:49 Received {n3 n1 {"message":11,"msg_id":9,"type":"broadcast"}}
2024/11/07 18:15:49 Received {c11 n1 {"type":"broadcast","message":12,"msg_id":5}}
2024/11/07 18:15:49 Sent {"src":"n1","dest":"c11","body":{"in_reply_to":5,"type":"broadcast_ok"}}
2024/11/07 18:15:49 Sent {"src":"n1","dest":"n4","body":{"message":12,"msg_id":5,"type":"broadcast"}}
2024/11/07 18:15:49 Sent {"src":"n1","dest":"n0","body":{"message":12,"msg_id":5,"type":"broadcast"}}
2024/11/07 18:15:49 Sent {"src":"n1","dest":"n3","body":{"message":12,"msg_id":5,"type":"broadcast"}}
2024/11/07 18:15:49 Sent {"src":"n1","dest":"n1","body":{"message":12,"msg_id":5,"type":"broadcast"}}
2024/11/07 18:15:49 Sent {"src":"n1","dest":"n2","body":{"message":12,"msg_id":5,"type":"broadcast"}}
2024/11/07 18:15:49 Received {n1 n1 {"message":12,"msg_id":5,"type":"broadcast"}}
2024/11/07 18:15:49 Received {n4 n1 {"in_reply_to":5,"type":"broadcast_ok"}}
2024/11/07 18:15:49 Ignoring reply to 5 with no callback
2024/11/07 18:15:49 Received {n3 n1 {"in_reply_to":5,"type":"broadcast_ok"}}
2024/11/07 18:15:49 Ignoring reply to 5 with no callback
2024/11/07 18:15:49 Received {n2 n1 {"in_reply_to":5,"type":"broadcast_ok"}}
2024/11/07 18:15:49 Ignoring reply to 5 with no callback
2024/11/07 18:15:49 Received {n0 n1 {"in_reply_to":5,"type":"broadcast_ok"}}
2024/11/07 18:15:49 Ignoring reply to 5 with no callback
2024/11/07 18:15:49 Received {n2 n1 {"message":13,"msg_id":5,"type":"broadcast"}}
2024/11/07 18:15:49 Sent {"src":"n1","dest":"n2","body":{"in_reply_to":5,"type":"broadcast_ok"}}
2024/11/07 18:15:49 Sent {"src":"n1","dest":"n4","body":{"message":13,"msg_id":5,"type":"broadcast"}}
2024/11/07 18:15:49 Sent {"src":"n1","dest":"n0","body":{"message":13,"msg_id":5,"type":"broadcast"}}
2024/11/07 18:15:49 Sent {"src":"n1","dest":"n1","body":{"message":13,"msg_id":5,"type":"broadcast"}}
2024/11/07 18:15:49 Sent {"src":"n1","dest":"n3","body":{"message":13,"msg_id":5,"type":"broadcast"}}
2024/11/07 18:15:49 Received {n1 n1 {"message":13,"msg_id":5,"type":"broadcast"}}
2024/11/07 18:15:49 Received {n4 n1 {"message":13,"msg_id":5,"type":"broadcast"}}
2024/11/07 18:15:49 Received {n3 n1 {"message":13,"msg_id":5,"type":"broadcast"}}
2024/11/07 18:15:49 Received {n0 n1 {"message":13,"msg_id":5,"type":"broadcast"}}
2024/11/07 18:15:49 Received {n3 n1 {"message":14,"msg_id":5,"type":"broadcast"}}
2024/11/07 18:15:49 Sent {"src":"n1","dest":"n3","body":{"in_reply_to":5,"type":"broadcast_ok"}}
2024/11/07 18:15:49 Sent {"src":"n1","dest":"n4","body":{"message":14,"msg_id":5,"type":"broadcast"}}
2024/11/07 18:15:49 Sent {"src":"n1","dest":"n0","body":{"message":14,"msg_id":5,"type":"broadcast"}}
2024/11/07 18:15:49 Sent {"src":"n1","dest":"n1","body":{"message":14,"msg_id":5,"type":"broadcast"}}
2024/11/07 18:15:49 Sent {"src":"n1","dest":"n2","body":{"message":14,"msg_id":5,"type":"broadcast"}}
2024/11/07 18:15:49 Received {n2 n1 {"message":14,"msg_id":5,"type":"broadcast"}}
2024/11/07 18:15:49 Received {n1 n1 {"message":14,"msg_id":5,"type":"broadcast"}}
2024/11/07 18:15:49 Received {n4 n1 {"message":14,"msg_id":5,"type":"broadcast"}}
2024/11/07 18:15:49 Received {n0 n1 {"message":14,"msg_id":5,"type":"broadcast"}}
2024/11/07 18:15:50 Received {c11 n1 {"type":"read","msg_id":6}}
2024/11/07 18:15:50 Sent {"src":"n1","dest":"c11","body":{"in_reply_to":6,"messages":[11,0,4,9,10,1,5,6,7,13,14,2,3,8,12],"type":"read_ok"}}
2024/11/07 18:15:50 Received {n0 n1 {"message":15,"msg_id":10,"type":"broadcast"}}
2024/11/07 18:15:50 Sent {"src":"n1","dest":"n0","body":{"in_reply_to":10,"type":"broadcast_ok"}}
2024/11/07 18:15:50 Sent {"src":"n1","dest":"n2","body":{"message":15,"msg_id":10,"type":"broadcast"}}
2024/11/07 18:15:50 Sent {"src":"n1","dest":"n3","body":{"message":15,"msg_id":10,"type":"broadcast"}}
2024/11/07 18:15:50 Sent {"src":"n1","dest":"n4","body":{"message":15,"msg_id":10,"type":"broadcast"}}
2024/11/07 18:15:50 Sent {"src":"n1","dest":"n1","body":{"message":15,"msg_id":10,"type":"broadcast"}}
2024/11/07 18:15:50 Received {n2 n1 {"message":15,"msg_id":10,"type":"broadcast"}}
2024/11/07 18:15:50 Received {n4 n1 {"message":15,"msg_id":10,"type":"broadcast"}}
2024/11/07 18:15:50 Received {n1 n1 {"message":15,"msg_id":10,"type":"broadcast"}}
2024/11/07 18:15:50 Received {n3 n1 {"message":15,"msg_id":10,"type":"broadcast"}}
2024/11/07 18:15:50 Received {c11 n1 {"type":"read","msg_id":7}}
2024/11/07 18:15:50 Sent {"src":"n1","dest":"c11","body":{"in_reply_to":7,"messages":[0,4,9,10,11,1,5,6,7,15,13,14,2,3,8,12],"type":"read_ok"}}
2024/11/07 18:15:50 Received {n0 n1 {"message":16,"msg_id":11,"type":"broadcast"}}
2024/11/07 18:15:50 Sent {"src":"n1","dest":"n0","body":{"in_reply_to":11,"type":"broadcast_ok"}}
2024/11/07 18:15:50 Sent {"src":"n1","dest":"n4","body":{"message":16,"msg_id":11,"type":"broadcast"}}
2024/11/07 18:15:50 Sent {"src":"n1","dest":"n3","body":{"message":16,"msg_id":11,"type":"broadcast"}}
2024/11/07 18:15:50 Sent {"src":"n1","dest":"n1","body":{"message":16,"msg_id":11,"type":"broadcast"}}
2024/11/07 18:15:50 Sent {"src":"n1","dest":"n2","body":{"message":16,"msg_id":11,"type":"broadcast"}}
2024/11/07 18:15:50 Received {n1 n1 {"message":16,"msg_id":11,"type":"broadcast"}}
2024/11/07 18:15:50 Received {n3 n1 {"message":16,"msg_id":11,"type":"broadcast"}}
2024/11/07 18:15:50 Received {n4 n1 {"message":16,"msg_id":11,"type":"broadcast"}}
2024/11/07 18:15:50 Received {n2 n1 {"message":16,"msg_id":11,"type":"broadcast"}}
2024/11/07 18:15:50 Received {n0 n1 {"message":17,"msg_id":12,"type":"broadcast"}}
2024/11/07 18:15:50 Sent {"src":"n1","dest":"n0","body":{"in_reply_to":12,"type":"broadcast_ok"}}
2024/11/07 18:15:50 Sent {"src":"n1","dest":"n4","body":{"message":17,"msg_id":12,"type":"broadcast"}}
2024/11/07 18:15:50 Sent {"src":"n1","dest":"n3","body":{"message":17,"msg_id":12,"type":"broadcast"}}
2024/11/07 18:15:50 Sent {"src":"n1","dest":"n1","body":{"message":17,"msg_id":12,"type":"broadcast"}}
2024/11/07 18:15:50 Sent {"src":"n1","dest":"n2","body":{"message":17,"msg_id":12,"type":"broadcast"}}
2024/11/07 18:15:50 Received {n3 n1 {"message":17,"msg_id":12,"type":"broadcast"}}
2024/11/07 18:15:50 Received {n1 n1 {"message":17,"msg_id":12,"type":"broadcast"}}
2024/11/07 18:15:50 Received {n4 n1 {"message":17,"msg_id":12,"type":"broadcast"}}
2024/11/07 18:15:50 Received {n2 n1 {"message":17,"msg_id":12,"type":"broadcast"}}
2024/11/07 18:15:50 Received {c11 n1 {"type":"broadcast","message":18,"msg_id":8}}
2024/11/07 18:15:50 Sent {"src":"n1","dest":"c11","body":{"in_reply_to":8,"type":"broadcast_ok"}}
2024/11/07 18:15:50 Sent {"src":"n1","dest":"n1","body":{"message":18,"msg_id":8,"type":"broadcast"}}
2024/11/07 18:15:50 Sent {"src":"n1","dest":"n3","body":{"message":18,"msg_id":8,"type":"broadcast"}}
2024/11/07 18:15:50 Sent {"src":"n1","dest":"n4","body":{"message":18,"msg_id":8,"type":"broadcast"}}
2024/11/07 18:15:50 Sent {"src":"n1","dest":"n2","body":{"message":18,"msg_id":8,"type":"broadcast"}}
2024/11/07 18:15:50 Sent {"src":"n1","dest":"n0","body":{"message":18,"msg_id":8,"type":"broadcast"}}
2024/11/07 18:15:50 Received {n1 n1 {"message":18,"msg_id":8,"type":"broadcast"}}
2024/11/07 18:15:50 Received {n2 n1 {"in_reply_to":8,"type":"broadcast_ok"}}
2024/11/07 18:15:50 Ignoring reply to 8 with no callback
2024/11/07 18:15:50 Received {n3 n1 {"in_reply_to":8,"type":"broadcast_ok"}}
2024/11/07 18:15:50 Ignoring reply to 8 with no callback
2024/11/07 18:15:50 Received {n0 n1 {"in_reply_to":8,"type":"broadcast_ok"}}
2024/11/07 18:15:50 Ignoring reply to 8 with no callback
2024/11/07 18:15:50 Received {n4 n1 {"in_reply_to":8,"type":"broadcast_ok"}}
2024/11/07 18:15:50 Ignoring reply to 8 with no callback
2024/11/07 18:15:50 Received {n2 n1 {"message":19,"msg_id":7,"type":"broadcast"}}
2024/11/07 18:15:50 Sent {"src":"n1","dest":"n2","body":{"in_reply_to":7,"type":"broadcast_ok"}}
2024/11/07 18:15:50 Sent {"src":"n1","dest":"n4","body":{"message":19,"msg_id":7,"type":"broadcast"}}
2024/11/07 18:15:50 Sent {"src":"n1","dest":"n1","body":{"message":19,"msg_id":7,"type":"broadcast"}}
2024/11/07 18:15:50 Sent {"src":"n1","dest":"n3","body":{"message":19,"msg_id":7,"type":"broadcast"}}
2024/11/07 18:15:50 Sent {"src":"n1","dest":"n0","body":{"message":19,"msg_id":7,"type":"broadcast"}}
2024/11/07 18:15:50 Received {n1 n1 {"message":19,"msg_id":7,"type":"broadcast"}}
2024/11/07 18:15:50 Received {n3 n1 {"message":19,"msg_id":7,"type":"broadcast"}}
2024/11/07 18:15:50 Received {n4 n1 {"message":19,"msg_id":7,"type":"broadcast"}}
2024/11/07 18:15:50 Received {n0 n1 {"message":19,"msg_id":7,"type":"broadcast"}}
2024/11/07 18:15:51 Received {n4 n1 {"message":20,"msg_id":7,"type":"broadcast"}}
2024/11/07 18:15:51 Sent {"src":"n1","dest":"n4","body":{"in_reply_to":7,"type":"broadcast_ok"}}
2024/11/07 18:15:51 Sent {"src":"n1","dest":"n3","body":{"message":20,"msg_id":7,"type":"broadcast"}}
2024/11/07 18:15:51 Sent {"src":"n1","dest":"n2","body":{"message":20,"msg_id":7,"type":"broadcast"}}
2024/11/07 18:15:51 Sent {"src":"n1","dest":"n0","body":{"message":20,"msg_id":7,"type":"broadcast"}}
2024/11/07 18:15:51 Sent {"src":"n1","dest":"n1","body":{"message":20,"msg_id":7,"type":"broadcast"}}
2024/11/07 18:15:51 Received {n1 n1 {"message":20,"msg_id":7,"type":"broadcast"}}
2024/11/07 18:15:51 Received {n2 n1 {"message":20,"msg_id":7,"type":"broadcast"}}
2024/11/07 18:15:51 Received {n3 n1 {"message":20,"msg_id":7,"type":"broadcast"}}
2024/11/07 18:15:51 Received {n0 n1 {"message":20,"msg_id":7,"type":"broadcast"}}
2024/11/07 18:15:51 Received {n0 n1 {"message":21,"msg_id":13,"type":"broadcast"}}
2024/11/07 18:15:51 Sent {"src":"n1","dest":"n0","body":{"in_reply_to":13,"type":"broadcast_ok"}}
2024/11/07 18:15:51 Sent {"src":"n1","dest":"n4","body":{"message":21,"msg_id":13,"type":"broadcast"}}
2024/11/07 18:15:51 Sent {"src":"n1","dest":"n1","body":{"message":21,"msg_id":13,"type":"broadcast"}}
2024/11/07 18:15:51 Sent {"src":"n1","dest":"n2","body":{"message":21,"msg_id":13,"type":"broadcast"}}
2024/11/07 18:15:51 Sent {"src":"n1","dest":"n3","body":{"message":21,"msg_id":13,"type":"broadcast"}}
2024/11/07 18:15:51 Received {n4 n1 {"message":21,"msg_id":13,"type":"broadcast"}}
2024/11/07 18:15:51 Received {n2 n1 {"message":21,"msg_id":13,"type":"broadcast"}}
2024/11/07 18:15:51 Received {n1 n1 {"message":21,"msg_id":13,"type":"broadcast"}}
2024/11/07 18:15:51 Received {n3 n1 {"message":21,"msg_id":13,"type":"broadcast"}}
2024/11/07 18:15:51 Received {c11 n1 {"type":"broadcast","message":22,"msg_id":9}}
2024/11/07 18:15:51 Sent {"src":"n1","dest":"c11","body":{"in_reply_to":9,"type":"broadcast_ok"}}
2024/11/07 18:15:51 Sent {"src":"n1","dest":"n4","body":{"message":22,"msg_id":9,"type":"broadcast"}}
2024/11/07 18:15:51 Sent {"src":"n1","dest":"n3","body":{"message":22,"msg_id":9,"type":"broadcast"}}
2024/11/07 18:15:51 Sent {"src":"n1","dest":"n1","body":{"message":22,"msg_id":9,"type":"broadcast"}}
2024/11/07 18:15:51 Sent {"src":"n1","dest":"n2","body":{"message":22,"msg_id":9,"type":"broadcast"}}
2024/11/07 18:15:51 Sent {"src":"n1","dest":"n0","body":{"message":22,"msg_id":9,"type":"broadcast"}}
2024/11/07 18:15:51 Received {n1 n1 {"message":22,"msg_id":9,"type":"broadcast"}}
2024/11/07 18:15:51 Received {n2 n1 {"in_reply_to":9,"type":"broadcast_ok"}}
2024/11/07 18:15:51 Ignoring reply to 9 with no callback
2024/11/07 18:15:51 Received {n0 n1 {"in_reply_to":9,"type":"broadcast_ok"}}
2024/11/07 18:15:51 Ignoring reply to 9 with no callback
2024/11/07 18:15:51 Received {n4 n1 {"in_reply_to":9,"type":"broadcast_ok"}}
2024/11/07 18:15:51 Ignoring reply to 9 with no callback
2024/11/07 18:15:51 Received {n3 n1 {"in_reply_to":9,"type":"broadcast_ok"}}
2024/11/07 18:15:51 Ignoring reply to 9 with no callback
2024/11/07 18:15:52 Received {n0 n1 {"message":23,"msg_id":15,"type":"broadcast"}}
2024/11/07 18:15:52 Sent {"src":"n1","dest":"n0","body":{"in_reply_to":15,"type":"broadcast_ok"}}
2024/11/07 18:15:52 Sent {"src":"n1","dest":"n4","body":{"message":23,"msg_id":15,"type":"broadcast"}}
2024/11/07 18:15:52 Sent {"src":"n1","dest":"n1","body":{"message":23,"msg_id":15,"type":"broadcast"}}
2024/11/07 18:15:52 Sent {"src":"n1","dest":"n2","body":{"message":23,"msg_id":15,"type":"broadcast"}}
2024/11/07 18:15:52 Sent {"src":"n1","dest":"n3","body":{"message":23,"msg_id":15,"type":"broadcast"}}
2024/11/07 18:15:52 Received {n2 n1 {"message":23,"msg_id":15,"type":"broadcast"}}
2024/11/07 18:15:52 Received {n4 n1 {"message":23,"msg_id":15,"type":"broadcast"}}
2024/11/07 18:15:52 Received {n1 n1 {"message":23,"msg_id":15,"type":"broadcast"}}
2024/11/07 18:15:52 Received {n3 n1 {"message":23,"msg_id":15,"type":"broadcast"}}
2024/11/07 18:15:52 Received {c11 n1 {"type":"broadcast","message":24,"msg_id":10}}
2024/11/07 18:15:52 Sent {"src":"n1","dest":"c11","body":{"in_reply_to":10,"type":"broadcast_ok"}}
2024/11/07 18:15:52 Sent {"src":"n1","dest":"n4","body":{"message":24,"msg_id":10,"type":"broadcast"}}
2024/11/07 18:15:52 Sent {"src":"n1","dest":"n2","body":{"message":24,"msg_id":10,"type":"broadcast"}}
2024/11/07 18:15:52 Sent {"src":"n1","dest":"n1","body":{"message":24,"msg_id":10,"type":"broadcast"}}
2024/11/07 18:15:52 Sent {"src":"n1","dest":"n3","body":{"message":24,"msg_id":10,"type":"broadcast"}}
2024/11/07 18:15:52 Sent {"src":"n1","dest":"n0","body":{"message":24,"msg_id":10,"type":"broadcast"}}
2024/11/07 18:15:52 Received {n1 n1 {"message":24,"msg_id":10,"type":"broadcast"}}
2024/11/07 18:15:52 Received {n3 n1 {"in_reply_to":10,"type":"broadcast_ok"}}
2024/11/07 18:15:52 Ignoring reply to 10 with no callback
2024/11/07 18:15:52 Received {n2 n1 {"in_reply_to":10,"type":"broadcast_ok"}}
2024/11/07 18:15:52 Ignoring reply to 10 with no callback
2024/11/07 18:15:52 Received {n0 n1 {"in_reply_to":10,"type":"broadcast_ok"}}
2024/11/07 18:15:52 Ignoring reply to 10 with no callback
2024/11/07 18:15:52 Received {n4 n1 {"in_reply_to":10,"type":"broadcast_ok"}}
2024/11/07 18:15:52 Ignoring reply to 10 with no callback
2024/11/07 18:15:52 Received {n2 n1 {"message":25,"msg_id":9,"type":"broadcast"}}
2024/11/07 18:15:52 Sent {"src":"n1","dest":"n2","body":{"in_reply_to":9,"type":"broadcast_ok"}}
2024/11/07 18:15:52 Sent {"src":"n1","dest":"n4","body":{"message":25,"msg_id":9,"type":"broadcast"}}
2024/11/07 18:15:52 Sent {"src":"n1","dest":"n0","body":{"message":25,"msg_id":9,"type":"broadcast"}}
2024/11/07 18:15:52 Sent {"src":"n1","dest":"n1","body":{"message":25,"msg_id":9,"type":"broadcast"}}
2024/11/07 18:15:52 Sent {"src":"n1","dest":"n3","body":{"message":25,"msg_id":9,"type":"broadcast"}}
2024/11/07 18:15:52 Received {n0 n1 {"message":25,"msg_id":9,"type":"broadcast"}}
2024/11/07 18:15:52 Received {n1 n1 {"message":25,"msg_id":9,"type":"broadcast"}}
2024/11/07 18:15:52 Received {n3 n1 {"message":25,"msg_id":9,"type":"broadcast"}}
2024/11/07 18:15:52 Received {n4 n1 {"message":25,"msg_id":9,"type":"broadcast"}}
2024/11/07 18:15:52 Received {n0 n1 {"message":26,"msg_id":17,"type":"broadcast"}}
2024/11/07 18:15:52 Sent {"src":"n1","dest":"n0","body":{"in_reply_to":17,"type":"broadcast_ok"}}
2024/11/07 18:15:52 Sent {"src":"n1","dest":"n4","body":{"message":26,"msg_id":17,"type":"broadcast"}}
2024/11/07 18:15:52 Sent {"src":"n1","dest":"n1","body":{"message":26,"msg_id":17,"type":"broadcast"}}
2024/11/07 18:15:52 Sent {"src":"n1","dest":"n2","body":{"message":26,"msg_id":17,"type":"broadcast"}}
2024/11/07 18:15:52 Sent {"src":"n1","dest":"n3","body":{"message":26,"msg_id":17,"type":"broadcast"}}
2024/11/07 18:15:52 Received {n2 n1 {"message":26,"msg_id":17,"type":"broadcast"}}
2024/11/07 18:15:52 Received {n4 n1 {"message":26,"msg_id":17,"type":"broadcast"}}
2024/11/07 18:15:52 Received {n3 n1 {"message":26,"msg_id":17,"type":"broadcast"}}
2024/11/07 18:15:52 Received {n1 n1 {"message":26,"msg_id":17,"type":"broadcast"}}
2024/11/07 18:15:52 Received {c11 n1 {"type":"broadcast","message":27,"msg_id":11}}
2024/11/07 18:15:52 Sent {"src":"n1","dest":"c11","body":{"in_reply_to":11,"type":"broadcast_ok"}}
2024/11/07 18:15:52 Sent {"src":"n1","dest":"n4","body":{"message":27,"msg_id":11,"type":"broadcast"}}
2024/11/07 18:15:52 Sent {"src":"n1","dest":"n0","body":{"message":27,"msg_id":11,"type":"broadcast"}}
2024/11/07 18:15:52 Sent {"src":"n1","dest":"n3","body":{"message":27,"msg_id":11,"type":"broadcast"}}
2024/11/07 18:15:52 Sent {"src":"n1","dest":"n1","body":{"message":27,"msg_id":11,"type":"broadcast"}}
2024/11/07 18:15:52 Sent {"src":"n1","dest":"n2","body":{"message":27,"msg_id":11,"type":"broadcast"}}
2024/11/07 18:15:52 Received {n1 n1 {"message":27,"msg_id":11,"type":"broadcast"}}
2024/11/07 18:15:52 Received {n4 n1 {"in_reply_to":11,"type":"broadcast_ok"}}
2024/11/07 18:15:52 Ignoring reply to 11 with no callback
2024/11/07 18:15:52 Received {n2 n1 {"in_reply_to":11,"type":"broadcast_ok"}}
2024/11/07 18:15:52 Ignoring reply to 11 with no callback
2024/11/07 18:15:52 Received {n3 n1 {"in_reply_to":11,"type":"broadcast_ok"}}
2024/11/07 18:15:52 Ignoring reply to 11 with no callback
2024/11/07 18:15:52 Received {n0 n1 {"in_reply_to":11,"type":"broadcast_ok"}}
2024/11/07 18:15:52 Ignoring reply to 11 with no callback
2024/11/07 18:15:53 Received {n2 n1 {"message":28,"msg_id":10,"type":"broadcast"}}
2024/11/07 18:15:53 Sent {"src":"n1","dest":"n1","body":{"message":28,"msg_id":10,"type":"broadcast"}}
2024/11/07 18:15:53 Sent {"src":"n1","dest":"n0","body":{"message":28,"msg_id":10,"type":"broadcast"}}
2024/11/07 18:15:53 Sent {"src":"n1","dest":"n3","body":{"message":28,"msg_id":10,"type":"broadcast"}}
2024/11/07 18:15:53 Sent {"src":"n1","dest":"n4","body":{"message":28,"msg_id":10,"type":"broadcast"}}
2024/11/07 18:15:53 Sent {"src":"n1","dest":"n2","body":{"in_reply_to":10,"type":"broadcast_ok"}}
2024/11/07 18:15:53 Received {n4 n1 {"message":28,"msg_id":10,"type":"broadcast"}}
2024/11/07 18:15:53 Received {n1 n1 {"message":28,"msg_id":10,"type":"broadcast"}}
2024/11/07 18:15:53 Received {n3 n1 {"message":28,"msg_id":10,"type":"broadcast"}}
2024/11/07 18:15:53 Received {n0 n1 {"message":28,"msg_id":10,"type":"broadcast"}}
2024/11/07 18:15:53 Received {n3 n1 {"message":29,"msg_id":10,"type":"broadcast"}}
2024/11/07 18:15:53 Sent {"src":"n1","dest":"n3","body":{"in_reply_to":10,"type":"broadcast_ok"}}
2024/11/07 18:15:53 Sent {"src":"n1","dest":"n4","body":{"message":29,"msg_id":10,"type":"broadcast"}}
2024/11/07 18:15:53 Sent {"src":"n1","dest":"n0","body":{"message":29,"msg_id":10,"type":"broadcast"}}
2024/11/07 18:15:53 Sent {"src":"n1","dest":"n1","body":{"message":29,"msg_id":10,"type":"broadcast"}}
2024/11/07 18:15:53 Sent {"src":"n1","dest":"n2","body":{"message":29,"msg_id":10,"type":"broadcast"}}
2024/11/07 18:15:53 Received {n4 n1 {"message":29,"msg_id":10,"type":"broadcast"}}
2024/11/07 18:15:53 Received {n2 n1 {"message":29,"msg_id":10,"type":"broadcast"}}
2024/11/07 18:15:53 Received {n0 n1 {"message":29,"msg_id":10,"type":"broadcast"}}
2024/11/07 18:15:53 Received {n1 n1 {"message":29,"msg_id":10,"type":"broadcast"}}
2024/11/07 18:15:53 Received {c11 n1 {"type":"broadcast","message":30,"msg_id":12}}
2024/11/07 18:15:53 Sent {"src":"n1","dest":"c11","body":{"in_reply_to":12,"type":"broadcast_ok"}}
2024/11/07 18:15:53 Sent {"src":"n1","dest":"n4","body":{"message":30,"msg_id":12,"type":"broadcast"}}
2024/11/07 18:15:53 Sent {"src":"n1","dest":"n1","body":{"message":30,"msg_id":12,"type":"broadcast"}}
2024/11/07 18:15:53 Sent {"src":"n1","dest":"n2","body":{"message":30,"msg_id":12,"type":"broadcast"}}
2024/11/07 18:15:53 Sent {"src":"n1","dest":"n3","body":{"message":30,"msg_id":12,"type":"broadcast"}}
2024/11/07 18:15:53 Sent {"src":"n1","dest":"n0","body":{"message":30,"msg_id":12,"type":"broadcast"}}
2024/11/07 18:15:53 Received {n1 n1 {"message":30,"msg_id":12,"type":"broadcast"}}
2024/11/07 18:15:53 Received {n2 n1 {"in_reply_to":12,"type":"broadcast_ok"}}
2024/11/07 18:15:53 Ignoring reply to 12 with no callback
2024/11/07 18:15:53 Received {n0 n1 {"in_reply_to":12,"type":"broadcast_ok"}}
2024/11/07 18:15:53 Ignoring reply to 12 with no callback
2024/11/07 18:15:53 Received {n3 n1 {"in_reply_to":12,"type":"broadcast_ok"}}
2024/11/07 18:15:53 Ignoring reply to 12 with no callback
2024/11/07 18:15:53 Received {n4 n1 {"in_reply_to":12,"type":"broadcast_ok"}}
2024/11/07 18:15:53 Ignoring reply to 12 with no callback
2024/11/07 18:15:53 Received {n2 n1 {"message":31,"msg_id":11,"type":"broadcast"}}
2024/11/07 18:15:53 Sent {"src":"n1","dest":"n2","body":{"in_reply_to":11,"type":"broadcast_ok"}}
2024/11/07 18:15:53 Sent {"src":"n1","dest":"n4","body":{"message":31,"msg_id":11,"type":"broadcast"}}
2024/11/07 18:15:53 Sent {"src":"n1","dest":"n0","body":{"message":31,"msg_id":11,"type":"broadcast"}}
2024/11/07 18:15:53 Sent {"src":"n1","dest":"n1","body":{"message":31,"msg_id":11,"type":"broadcast"}}
2024/11/07 18:15:53 Sent {"src":"n1","dest":"n3","body":{"message":31,"msg_id":11,"type":"broadcast"}}
2024/11/07 18:15:53 Received {n0 n1 {"message":31,"msg_id":11,"type":"broadcast"}}
2024/11/07 18:15:53 Received {n4 n1 {"message":31,"msg_id":11,"type":"broadcast"}}
2024/11/07 18:15:53 Received {n1 n1 {"message":31,"msg_id":11,"type":"broadcast"}}
2024/11/07 18:15:53 Received {n3 n1 {"message":31,"msg_id":11,"type":"broadcast"}}
2024/11/07 18:15:53 Received {n3 n1 {"message":32,"msg_id":11,"type":"broadcast"}}
2024/11/07 18:15:53 Sent {"src":"n1","dest":"n3","body":{"in_reply_to":11,"type":"broadcast_ok"}}
2024/11/07 18:15:53 Sent {"src":"n1","dest":"n4","body":{"message":32,"msg_id":11,"type":"broadcast"}}
2024/11/07 18:15:53 Sent {"src":"n1","dest":"n0","body":{"message":32,"msg_id":11,"type":"broadcast"}}
2024/11/07 18:15:53 Sent {"src":"n1","dest":"n1","body":{"message":32,"msg_id":11,"type":"broadcast"}}
2024/11/07 18:15:53 Sent {"src":"n1","dest":"n2","body":{"message":32,"msg_id":11,"type":"broadcast"}}
2024/11/07 18:15:53 Received {n4 n1 {"message":32,"msg_id":11,"type":"broadcast"}}
2024/11/07 18:15:53 Received {n2 n1 {"message":32,"msg_id":11,"type":"broadcast"}}
2024/11/07 18:15:53 Received {n0 n1 {"message":32,"msg_id":11,"type":"broadcast"}}
2024/11/07 18:15:53 Received {n1 n1 {"message":32,"msg_id":11,"type":"broadcast"}}
2024/11/07 18:15:54 Received {n0 n1 {"message":33,"msg_id":21,"type":"broadcast"}}
2024/11/07 18:15:54 Sent {"src":"n1","dest":"n0","body":{"in_reply_to":21,"type":"broadcast_ok"}}
2024/11/07 18:15:54 Sent {"src":"n1","dest":"n4","body":{"message":33,"msg_id":21,"type":"broadcast"}}
2024/11/07 18:15:54 Sent {"src":"n1","dest":"n1","body":{"message":33,"msg_id":21,"type":"broadcast"}}
2024/11/07 18:15:54 Sent {"src":"n1","dest":"n2","body":{"message":33,"msg_id":21,"type":"broadcast"}}
2024/11/07 18:15:54 Sent {"src":"n1","dest":"n3","body":{"message":33,"msg_id":21,"type":"broadcast"}}
2024/11/07 18:15:54 Received {n4 n1 {"message":33,"msg_id":21,"type":"broadcast"}}
2024/11/07 18:15:54 Received {n1 n1 {"message":33,"msg_id":21,"type":"broadcast"}}
2024/11/07 18:15:54 Received {n2 n1 {"message":33,"msg_id":21,"type":"broadcast"}}
2024/11/07 18:15:54 Received {n3 n1 {"message":33,"msg_id":21,"type":"broadcast"}}
2024/11/07 18:15:54 Received {n0 n1 {"message":34,"msg_id":22,"type":"broadcast"}}
2024/11/07 18:15:54 Sent {"src":"n1","dest":"n0","body":{"in_reply_to":22,"type":"broadcast_ok"}}
2024/11/07 18:15:54 Sent {"src":"n1","dest":"n2","body":{"message":34,"msg_id":22,"type":"broadcast"}}
2024/11/07 18:15:54 Sent {"src":"n1","dest":"n3","body":{"message":34,"msg_id":22,"type":"broadcast"}}
2024/11/07 18:15:54 Sent {"src":"n1","dest":"n1","body":{"message":34,"msg_id":22,"type":"broadcast"}}
2024/11/07 18:15:54 Sent {"src":"n1","dest":"n4","body":{"message":34,"msg_id":22,"type":"broadcast"}}
2024/11/07 18:15:54 Received {n3 n1 {"message":34,"msg_id":22,"type":"broadcast"}}
2024/11/07 18:15:54 Received {n2 n1 {"message":34,"msg_id":22,"type":"broadcast"}}
2024/11/07 18:15:54 Received {n1 n1 {"message":34,"msg_id":22,"type":"broadcast"}}
2024/11/07 18:15:54 Received {n4 n1 {"message":34,"msg_id":22,"type":"broadcast"}}
2024/11/07 18:15:54 Received {c11 n1 {"type":"read","msg_id":13}}
2024/11/07 18:15:54 Sent {"src":"n1","dest":"c11","body":{"in_reply_to":13,"messages":[13,16,17,18,31,2,8,10,28,32,34,4,9,25,30,33,7,23,14,22,26,3,12,21,27,0,11,6,15,19,20,24,29,1,5],"type":"read_ok"}}
2024/11/07 18:15:54 Received {n3 n1 {"message":35,"msg_id":12,"type":"broadcast"}}
2024/11/07 18:15:54 Sent {"src":"n1","dest":"n3","body":{"in_reply_to":12,"type":"broadcast_ok"}}
2024/11/07 18:15:54 Sent {"src":"n1","dest":"n4","body":{"message":35,"msg_id":12,"type":"broadcast"}}
2024/11/07 18:15:54 Sent {"src":"n1","dest":"n0","body":{"message":35,"msg_id":12,"type":"broadcast"}}
2024/11/07 18:15:54 Sent {"src":"n1","dest":"n2","body":{"message":35,"msg_id":12,"type":"broadcast"}}
2024/11/07 18:15:54 Sent {"src":"n1","dest":"n1","body":{"message":35,"msg_id":12,"type":"broadcast"}}
2024/11/07 18:15:54 Received {n1 n1 {"message":35,"msg_id":12,"type":"broadcast"}}
2024/11/07 18:15:54 Received {n4 n1 {"message":35,"msg_id":12,"type":"broadcast"}}
2024/11/07 18:15:54 Received {n2 n1 {"message":35,"msg_id":12,"type":"broadcast"}}
2024/11/07 18:15:54 Received {n0 n1 {"message":35,"msg_id":12,"type":"broadcast"}}
2024/11/07 18:15:54 Received {n4 n1 {"message":36,"msg_id":12,"type":"broadcast"}}
2024/11/07 18:15:54 Sent {"src":"n1","dest":"n4","body":{"in_reply_to":12,"type":"broadcast_ok"}}
2024/11/07 18:15:54 Sent {"src":"n1","dest":"n3","body":{"message":36,"msg_id":12,"type":"broadcast"}}
2024/11/07 18:15:54 Sent {"src":"n1","dest":"n0","body":{"message":36,"msg_id":12,"type":"broadcast"}}
2024/11/07 18:15:54 Sent {"src":"n1","dest":"n1","body":{"message":36,"msg_id":12,"type":"broadcast"}}
2024/11/07 18:15:54 Sent {"src":"n1","dest":"n2","body":{"message":36,"msg_id":12,"type":"broadcast"}}
2024/11/07 18:15:54 Received {n3 n1 {"message":36,"msg_id":12,"type":"broadcast"}}
2024/11/07 18:15:54 Received {n0 n1 {"message":36,"msg_id":12,"type":"broadcast"}}
2024/11/07 18:15:54 Received {n2 n1 {"message":36,"msg_id":12,"type":"broadcast"}}
2024/11/07 18:15:54 Received {n1 n1 {"message":36,"msg_id":12,"type":"broadcast"}}
2024/11/07 18:15:54 Received {n0 n1 {"message":37,"msg_id":24,"type":"broadcast"}}
2024/11/07 18:15:54 Sent {"src":"n1","dest":"n0","body":{"in_reply_to":24,"type":"broadcast_ok"}}
2024/11/07 18:15:54 Sent {"src":"n1","dest":"n4","body":{"message":37,"msg_id":24,"type":"broadcast"}}
2024/11/07 18:15:54 Sent {"src":"n1","dest":"n1","body":{"message":37,"msg_id":24,"type":"broadcast"}}
2024/11/07 18:15:54 Sent {"src":"n1","dest":"n3","body":{"message":37,"msg_id":24,"type":"broadcast"}}
2024/11/07 18:15:54 Sent {"src":"n1","dest":"n2","body":{"message":37,"msg_id":24,"type":"broadcast"}}
2024/11/07 18:15:54 Received {n3 n1 {"message":37,"msg_id":24,"type":"broadcast"}}
2024/11/07 18:15:54 Received {n1 n1 {"message":37,"msg_id":24,"type":"broadcast"}}
2024/11/07 18:15:54 Received {n2 n1 {"message":37,"msg_id":24,"type":"broadcast"}}
2024/11/07 18:15:54 Received {n4 n1 {"message":37,"msg_id":24,"type":"broadcast"}}
2024/11/07 18:15:54 Received {c11 n1 {"type":"broadcast","message":38,"msg_id":14}}
2024/11/07 18:15:54 Sent {"src":"n1","dest":"c11","body":{"in_reply_to":14,"type":"broadcast_ok"}}
2024/11/07 18:15:54 Sent {"src":"n1","dest":"n0","body":{"message":38,"msg_id":14,"type":"broadcast"}}
2024/11/07 18:15:54 Sent {"src":"n1","dest":"n1","body":{"message":38,"msg_id":14,"type":"broadcast"}}
2024/11/07 18:15:54 Sent {"src":"n1","dest":"n2","body":{"message":38,"msg_id":14,"type":"broadcast"}}
2024/11/07 18:15:54 Sent {"src":"n1","dest":"n4","body":{"message":38,"msg_id":14,"type":"broadcast"}}
2024/11/07 18:15:54 Sent {"src":"n1","dest":"n3","body":{"message":38,"msg_id":14,"type":"broadcast"}}
2024/11/07 18:15:54 Received {n1 n1 {"message":38,"msg_id":14,"type":"broadcast"}}
2024/11/07 18:15:54 Received {n0 n1 {"in_reply_to":14,"type":"broadcast_ok"}}
2024/11/07 18:15:54 Ignoring reply to 14 with no callback
2024/11/07 18:15:54 Received {n2 n1 {"in_reply_to":14,"type":"broadcast_ok"}}
2024/11/07 18:15:54 Ignoring reply to 14 with no callback
2024/11/07 18:15:54 Received {n3 n1 {"message":38,"msg_id":14,"type":"broadcast"}}
2024/11/07 18:15:54 Received {n4 n1 {"in_reply_to":14,"type":"broadcast_ok"}}
2024/11/07 18:15:54 Ignoring reply to 14 with no callback
2024/11/07 18:15:55 Received {n4 n1 {"message":39,"msg_id":13,"type":"broadcast"}}
2024/11/07 18:15:55 Sent {"src":"n1","dest":"n4","body":{"in_reply_to":13,"type":"broadcast_ok"}}
2024/11/07 18:15:55 Sent {"src":"n1","dest":"n1","body":{"message":39,"msg_id":13,"type":"broadcast"}}
2024/11/07 18:15:55 Sent {"src":"n1","dest":"n0","body":{"message":39,"msg_id":13,"type":"broadcast"}}
2024/11/07 18:15:55 Sent {"src":"n1","dest":"n2","body":{"message":39,"msg_id":13,"type":"broadcast"}}
2024/11/07 18:15:55 Sent {"src":"n1","dest":"n3","body":{"message":39,"msg_id":13,"type":"broadcast"}}
2024/11/07 18:15:55 Received {n1 n1 {"message":39,"msg_id":13,"type":"broadcast"}}
2024/11/07 18:15:55 Received {n2 n1 {"message":39,"msg_id":13,"type":"broadcast"}}
2024/11/07 18:15:55 Received {n3 n1 {"message":39,"msg_id":13,"type":"broadcast"}}
2024/11/07 18:15:55 Received {n0 n1 {"message":39,"msg_id":13,"type":"broadcast"}}
2024/11/07 18:15:55 Received {n0 n1 {"message":40,"msg_id":26,"type":"broadcast"}}
2024/11/07 18:15:55 Sent {"src":"n1","dest":"n0","body":{"in_reply_to":26,"type":"broadcast_ok"}}
2024/11/07 18:15:55 Sent {"src":"n1","dest":"n2","body":{"message":40,"msg_id":26,"type":"broadcast"}}
2024/11/07 18:15:55 Sent {"src":"n1","dest":"n1","body":{"message":40,"msg_id":26,"type":"broadcast"}}
2024/11/07 18:15:55 Sent {"src":"n1","dest":"n4","body":{"message":40,"msg_id":26,"type":"broadcast"}}
2024/11/07 18:15:55 Sent {"src":"n1","dest":"n3","body":{"message":40,"msg_id":26,"type":"broadcast"}}
2024/11/07 18:15:55 Received {n1 n1 {"message":40,"msg_id":26,"type":"broadcast"}}
2024/11/07 18:15:55 Received {n4 n1 {"message":40,"msg_id":26,"type":"broadcast"}}
2024/11/07 18:15:55 Received {n3 n1 {"message":40,"msg_id":26,"type":"broadcast"}}
2024/11/07 18:15:55 Received {n2 n1 {"message":40,"msg_id":26,"type":"broadcast"}}
2024/11/07 18:15:55 Received {c11 n1 {"type":"read","msg_id":15}}
2024/11/07 18:15:55 Sent {"src":"n1","dest":"c11","body":{"in_reply_to":15,"messages":[13,31,38,2,8,16,17,18,34,36,4,9,10,28,32,40,7,23,25,30,33,14,37,3,12,22,26,39,0,11,21,27,35,20,24,29,1,5,6,15,19],"type":"read_ok"}}
2024/11/07 18:15:55 Received {n2 n1 {"message":41,"msg_id":14,"type":"broadcast"}}
2024/11/07 18:15:55 Sent {"src":"n1","dest":"n2","body":{"in_reply_to":14,"type":"broadcast_ok"}}
2024/11/07 18:15:55 Sent {"src":"n1","dest":"n4","body":{"message":41,"msg_id":14,"type":"broadcast"}}
2024/11/07 18:15:55 Sent {"src":"n1","dest":"n3","body":{"message":41,"msg_id":14,"type":"broadcast"}}
2024/11/07 18:15:55 Sent {"src":"n1","dest":"n0","body":{"message":41,"msg_id":14,"type":"broadcast"}}
2024/11/07 18:15:55 Sent {"src":"n1","dest":"n1","body":{"message":41,"msg_id":14,"type":"broadcast"}}
2024/11/07 18:15:55 Received {n4 n1 {"message":41,"msg_id":14,"type":"broadcast"}}
2024/11/07 18:15:55 Received {n1 n1 {"message":41,"msg_id":14,"type":"broadcast"}}
2024/11/07 18:15:55 Received {n3 n1 {"message":41,"msg_id":14,"type":"broadcast"}}
2024/11/07 18:15:55 Received {n0 n1 {"message":41,"msg_id":14,"type":"broadcast"}}
2024/11/07 18:15:55 Received {n4 n1 {"message":42,"msg_id":14,"type":"broadcast"}}
2024/11/07 18:15:55 Sent {"src":"n1","dest":"n4","body":{"in_reply_to":14,"type":"broadcast_ok"}}
2024/11/07 18:15:55 Sent {"src":"n1","dest":"n1","body":{"message":42,"msg_id":14,"type":"broadcast"}}
2024/11/07 18:15:55 Sent {"src":"n1","dest":"n3","body":{"message":42,"msg_id":14,"type":"broadcast"}}
2024/11/07 18:15:55 Sent {"src":"n1","dest":"n2","body":{"message":42,"msg_id":14,"type":"broadcast"}}
2024/11/07 18:15:55 Sent {"src":"n1","dest":"n0","body":{"message":42,"msg_id":14,"type":"broadcast"}}
2024/11/07 18:15:55 Received {n0 n1 {"message":42,"msg_id":14,"type":"broadcast"}}
2024/11/07 18:15:55 Received {n2 n1 {"message":42,"msg_id":14,"type":"broadcast"}}
2024/11/07 18:15:55 Received {n1 n1 {"message":42,"msg_id":14,"type":"broadcast"}}
2024/11/07 18:15:55 Received {n3 n1 {"message":42,"msg_id":14,"type":"broadcast"}}
2024/11/07 18:15:56 Received {n0 n1 {"message":43,"msg_id":27,"type":"broadcast"}}
2024/11/07 18:15:56 Sent {"src":"n1","dest":"n0","body":{"in_reply_to":27,"type":"broadcast_ok"}}
2024/11/07 18:15:56 Sent {"src":"n1","dest":"n2","body":{"message":43,"msg_id":27,"type":"broadcast"}}
2024/11/07 18:15:56 Sent {"src":"n1","dest":"n1","body":{"message":43,"msg_id":27,"type":"broadcast"}}
2024/11/07 18:15:56 Sent {"src":"n1","dest":"n3","body":{"message":43,"msg_id":27,"type":"broadcast"}}
2024/11/07 18:15:56 Sent {"src":"n1","dest":"n4","body":{"message":43,"msg_id":27,"type":"broadcast"}}
2024/11/07 18:15:56 Received {n3 n1 {"message":43,"msg_id":27,"type":"broadcast"}}
2024/11/07 18:15:56 Received {n1 n1 {"message":43,"msg_id":27,"type":"broadcast"}}
2024/11/07 18:15:56 Received {n2 n1 {"message":43,"msg_id":27,"type":"broadcast"}}
2024/11/07 18:15:56 Received {n4 n1 {"message":43,"msg_id":27,"type":"broadcast"}}
2024/11/07 18:15:56 Received {n0 n1 {"message":44,"msg_id":28,"type":"broadcast"}}
2024/11/07 18:15:56 Sent {"src":"n1","dest":"n0","body":{"in_reply_to":28,"type":"broadcast_ok"}}
2024/11/07 18:15:56 Sent {"src":"n1","dest":"n1","body":{"message":44,"msg_id":28,"type":"broadcast"}}
2024/11/07 18:15:56 Sent {"src":"n1","dest":"n2","body":{"message":44,"msg_id":28,"type":"broadcast"}}
2024/11/07 18:15:56 Sent {"src":"n1","dest":"n4","body":{"message":44,"msg_id":28,"type":"broadcast"}}
2024/11/07 18:15:56 Sent {"src":"n1","dest":"n3","body":{"message":44,"msg_id":28,"type":"broadcast"}}
2024/11/07 18:15:56 Received {n1 n1 {"message":44,"msg_id":28,"type":"broadcast"}}
2024/11/07 18:15:56 Received {n2 n1 {"message":44,"msg_id":28,"type":"broadcast"}}
2024/11/07 18:15:56 Received {n4 n1 {"message":44,"msg_id":28,"type":"broadcast"}}
2024/11/07 18:15:56 Received {n3 n1 {"message":44,"msg_id":28,"type":"broadcast"}}
2024/11/07 18:15:56 Received {c11 n1 {"type":"read","msg_id":16}}
2024/11/07 18:15:56 Sent {"src":"n1","dest":"c11","body":{"in_reply_to":16,"messages":[21,27,35,0,11,6,15,19,20,24,29,1,5,43,13,41,16,17,18,31,38,2,8,10,28,32,34,36,42,4,9,44,25,30,33,40,7,23,14,37,22,26,39,3,12],"type":"read_ok"}}
2024/11/07 18:15:56 Received {n3 n1 {"message":45,"msg_id":15,"type":"broadcast"}}
2024/11/07 18:15:56 Sent {"src":"n1","dest":"n3","body":{"in_reply_to":15,"type":"broadcast_ok"}}
2024/11/07 18:15:56 Sent {"src":"n1","dest":"n4","body":{"message":45,"msg_id":15,"type":"broadcast"}}
2024/11/07 18:15:56 Sent {"src":"n1","dest":"n0","body":{"message":45,"msg_id":15,"type":"broadcast"}}
2024/11/07 18:15:56 Sent {"src":"n1","dest":"n2","body":{"message":45,"msg_id":15,"type":"broadcast"}}
2024/11/07 18:15:56 Sent {"src":"n1","dest":"n1","body":{"message":45,"msg_id":15,"type":"broadcast"}}
2024/11/07 18:15:56 Received {n2 n1 {"message":45,"msg_id":15,"type":"broadcast"}}
2024/11/07 18:15:56 Received {n4 n1 {"message":45,"msg_id":15,"type":"broadcast"}}
2024/11/07 18:15:56 Received {n0 n1 {"message":45,"msg_id":15,"type":"broadcast"}}
2024/11/07 18:15:56 Received {n1 n1 {"message":45,"msg_id":15,"type":"broadcast"}}
2024/11/07 18:15:56 Received {n4 n1 {"message":46,"msg_id":15,"type":"broadcast"}}
2024/11/07 18:15:56 Sent {"src":"n1","dest":"n4","body":{"in_reply_to":15,"type":"broadcast_ok"}}
2024/11/07 18:15:56 Sent {"src":"n1","dest":"n1","body":{"message":46,"msg_id":15,"type":"broadcast"}}
2024/11/07 18:15:56 Sent {"src":"n1","dest":"n0","body":{"message":46,"msg_id":15,"type":"broadcast"}}
2024/11/07 18:15:56 Sent {"src":"n1","dest":"n2","body":{"message":46,"msg_id":15,"type":"broadcast"}}
2024/11/07 18:15:56 Sent {"src":"n1","dest":"n3","body":{"message":46,"msg_id":15,"type":"broadcast"}}
2024/11/07 18:15:56 Received {n1 n1 {"message":46,"msg_id":15,"type":"broadcast"}}
2024/11/07 18:15:56 Received {n2 n1 {"message":46,"msg_id":15,"type":"broadcast"}}
2024/11/07 18:15:56 Received {n3 n1 {"message":46,"msg_id":15,"type":"broadcast"}}
2024/11/07 18:15:56 Received {n0 n1 {"message":46,"msg_id":15,"type":"broadcast"}}
2024/11/07 18:15:56 Received {c11 n1 {"type":"broadcast","message":47,"msg_id":17}}
2024/11/07 18:15:56 Sent {"src":"n1","dest":"c11","body":{"in_reply_to":17,"type":"broadcast_ok"}}
2024/11/07 18:15:56 Sent {"src":"n1","dest":"n4","body":{"message":47,"msg_id":17,"type":"broadcast"}}
2024/11/07 18:15:56 Sent {"src":"n1","dest":"n0","body":{"message":47,"msg_id":17,"type":"broadcast"}}
2024/11/07 18:15:56 Sent {"src":"n1","dest":"n3","body":{"message":47,"msg_id":17,"type":"broadcast"}}
2024/11/07 18:15:56 Sent {"src":"n1","dest":"n1","body":{"message":47,"msg_id":17,"type":"broadcast"}}
2024/11/07 18:15:56 Sent {"src":"n1","dest":"n2","body":{"message":47,"msg_id":17,"type":"broadcast"}}
2024/11/07 18:15:56 Received {n1 n1 {"message":47,"msg_id":17,"type":"broadcast"}}
2024/11/07 18:15:56 Received {n3 n1 {"in_reply_to":17,"type":"broadcast_ok"}}
2024/11/07 18:15:56 Ignoring reply to 17 with no callback
2024/11/07 18:15:56 Received {n2 n1 {"in_reply_to":17,"type":"broadcast_ok"}}
2024/11/07 18:15:56 Ignoring reply to 17 with no callback
2024/11/07 18:15:56 Received {n4 n1 {"in_reply_to":17,"type":"broadcast_ok"}}
2024/11/07 18:15:56 Ignoring reply to 17 with no callback
2024/11/07 18:15:56 Received {n0 n1 {"in_reply_to":17,"type":"broadcast_ok"}}
2024/11/07 18:15:56 Ignoring reply to 17 with no callback
2024/11/07 18:15:57 Received {n2 n1 {"message":48,"msg_id":16,"type":"broadcast"}}
2024/11/07 18:15:57 Sent {"src":"n1","dest":"n2","body":{"in_reply_to":16,"type":"broadcast_ok"}}
2024/11/07 18:15:57 Sent {"src":"n1","dest":"n4","body":{"message":48,"msg_id":16,"type":"broadcast"}}
2024/11/07 18:15:57 Sent {"src":"n1","dest":"n0","body":{"message":48,"msg_id":16,"type":"broadcast"}}
2024/11/07 18:15:57 Sent {"src":"n1","dest":"n1","body":{"message":48,"msg_id":16,"type":"broadcast"}}
2024/11/07 18:15:57 Sent {"src":"n1","dest":"n3","body":{"message":48,"msg_id":16,"type":"broadcast"}}
2024/11/07 18:15:57 Received {n4 n1 {"message":48,"msg_id":16,"type":"broadcast"}}
2024/11/07 18:15:57 Received {n0 n1 {"message":48,"msg_id":16,"type":"broadcast"}}
2024/11/07 18:15:57 Received {n1 n1 {"message":48,"msg_id":16,"type":"broadcast"}}
2024/11/07 18:15:57 Received {n3 n1 {"message":48,"msg_id":16,"type":"broadcast"}}
2024/11/07 18:15:57 Received {n4 n1 {"message":49,"msg_id":16,"type":"broadcast"}}
2024/11/07 18:15:57 Sent {"src":"n1","dest":"n4","body":{"in_reply_to":16,"type":"broadcast_ok"}}
2024/11/07 18:15:57 Sent {"src":"n1","dest":"n3","body":{"message":49,"msg_id":16,"type":"broadcast"}}
2024/11/07 18:15:57 Sent {"src":"n1","dest":"n0","body":{"message":49,"msg_id":16,"type":"broadcast"}}
2024/11/07 18:15:57 Sent {"src":"n1","dest":"n1","body":{"message":49,"msg_id":16,"type":"broadcast"}}
2024/11/07 18:15:57 Sent {"src":"n1","dest":"n2","body":{"message":49,"msg_id":16,"type":"broadcast"}}
2024/11/07 18:15:57 Received {n3 n1 {"message":49,"msg_id":16,"type":"broadcast"}}
2024/11/07 18:15:57 Received {n2 n1 {"message":49,"msg_id":16,"type":"broadcast"}}
2024/11/07 18:15:57 Received {n0 n1 {"message":49,"msg_id":16,"type":"broadcast"}}
2024/11/07 18:15:57 Received {n1 n1 {"message":49,"msg_id":16,"type":"broadcast"}}
2024/11/07 18:15:57 Received {n0 n1 {"message":50,"msg_id":32,"type":"broadcast"}}
2024/11/07 18:15:57 Sent {"src":"n1","dest":"n0","body":{"in_reply_to":32,"type":"broadcast_ok"}}
2024/11/07 18:15:57 Sent {"src":"n1","dest":"n2","body":{"message":50,"msg_id":32,"type":"broadcast"}}
2024/11/07 18:15:57 Sent {"src":"n1","dest":"n3","body":{"message":50,"msg_id":32,"type":"broadcast"}}
2024/11/07 18:15:57 Sent {"src":"n1","dest":"n4","body":{"message":50,"msg_id":32,"type":"broadcast"}}
2024/11/07 18:15:57 Sent {"src":"n1","dest":"n1","body":{"message":50,"msg_id":32,"type":"broadcast"}}
2024/11/07 18:15:57 Received {n3 n1 {"message":50,"msg_id":32,"type":"broadcast"}}
2024/11/07 18:15:57 Received {n2 n1 {"message":50,"msg_id":32,"type":"broadcast"}}
2024/11/07 18:15:57 Received {n4 n1 {"message":50,"msg_id":32,"type":"broadcast"}}
2024/11/07 18:15:57 Received {n1 n1 {"message":50,"msg_id":32,"type":"broadcast"}}
2024/11/07 18:15:57 Received {c11 n1 {"type":"read","msg_id":18}}
2024/11/07 18:15:57 Sent {"src":"n1","dest":"c11","body":{"in_reply_to":18,"messages":[27,35,46,0,11,21,15,19,20,24,29,1,5,6,50,43,45,49,13,41,48,17,18,31,38,2,8,16,28,32,34,36,42,4,9,10,44,30,33,40,7,23,25,14,37,26,39,47,3,12,22],"type":"read_ok"}}
2024/11/07 18:15:57 Received {n2 n1 {"message":51,"msg_id":17,"type":"broadcast"}}
2024/11/07 18:15:57 Sent {"src":"n1","dest":"n2","body":{"in_reply_to":17,"type":"broadcast_ok"}}
2024/11/07 18:15:57 Sent {"src":"n1","dest":"n0","body":{"message":51,"msg_id":17,"type":"broadcast"}}
2024/11/07 18:15:57 Sent {"src":"n1","dest":"n3","body":{"message":51,"msg_id":17,"type":"broadcast"}}
2024/11/07 18:15:57 Sent {"src":"n1","dest":"n1","body":{"message":51,"msg_id":17,"type":"broadcast"}}
2024/11/07 18:15:57 Sent {"src":"n1","dest":"n4","body":{"message":51,"msg_id":17,"type":"broadcast"}}
2024/11/07 18:15:57 Received {n3 n1 {"message":51,"msg_id":17,"type":"broadcast"}}
2024/11/07 18:15:57 Received {n0 n1 {"message":51,"msg_id":17,"type":"broadcast"}}
2024/11/07 18:15:57 Received {n1 n1 {"message":51,"msg_id":17,"type":"broadcast"}}
2024/11/07 18:15:57 Received {n4 n1 {"message":51,"msg_id":17,"type":"broadcast"}}
2024/11/07 18:15:57 Received {n3 n1 {"message":52,"msg_id":17,"type":"broadcast"}}
2024/11/07 18:15:57 Sent {"src":"n1","dest":"n3","body":{"in_reply_to":17,"type":"broadcast_ok"}}
2024/11/07 18:15:57 Sent {"src":"n1","dest":"n4","body":{"message":52,"msg_id":17,"type":"broadcast"}}
2024/11/07 18:15:57 Sent {"src":"n1","dest":"n0","body":{"message":52,"msg_id":17,"type":"broadcast"}}
2024/11/07 18:15:57 Sent {"src":"n1","dest":"n2","body":{"message":52,"msg_id":17,"type":"broadcast"}}
2024/11/07 18:15:57 Sent {"src":"n1","dest":"n1","body":{"message":52,"msg_id":17,"type":"broadcast"}}
2024/11/07 18:15:57 Received {n0 n1 {"message":52,"msg_id":17,"type":"broadcast"}}
2024/11/07 18:15:57 Received {n4 n1 {"message":52,"msg_id":17,"type":"broadcast"}}
2024/11/07 18:15:57 Received {n2 n1 {"message":52,"msg_id":17,"type":"broadcast"}}
2024/11/07 18:15:57 Received {n1 n1 {"message":52,"msg_id":17,"type":"broadcast"}}
2024/11/07 18:15:58 Received {n4 n1 {"message":53,"msg_id":17,"type":"broadcast"}}
2024/11/07 18:15:58 Sent {"src":"n1","dest":"n4","body":{"in_reply_to":17,"type":"broadcast_ok"}}
2024/11/07 18:15:58 Sent {"src":"n1","dest":"n1","body":{"message":53,"msg_id":17,"type":"broadcast"}}
2024/11/07 18:15:58 Sent {"src":"n1","dest":"n3","body":{"message":53,"msg_id":17,"type":"broadcast"}}
2024/11/07 18:15:58 Sent {"src":"n1","dest":"n0","body":{"message":53,"msg_id":17,"type":"broadcast"}}
2024/11/07 18:15:58 Sent {"src":"n1","dest":"n2","body":{"message":53,"msg_id":17,"type":"broadcast"}}
2024/11/07 18:15:58 Received {n0 n1 {"message":53,"msg_id":17,"type":"broadcast"}}
2024/11/07 18:15:58 Received {n2 n1 {"message":53,"msg_id":17,"type":"broadcast"}}
2024/11/07 18:15:58 Received {n1 n1 {"message":53,"msg_id":17,"type":"broadcast"}}
2024/11/07 18:15:58 Received {n3 n1 {"message":53,"msg_id":17,"type":"broadcast"}}
2024/11/07 18:15:58 Received {n0 n1 {"message":54,"msg_id":33,"type":"broadcast"}}
2024/11/07 18:15:58 Sent {"src":"n1","dest":"n0","body":{"in_reply_to":33,"type":"broadcast_ok"}}
2024/11/07 18:15:58 Sent {"src":"n1","dest":"n4","body":{"message":54,"msg_id":33,"type":"broadcast"}}
2024/11/07 18:15:58 Sent {"src":"n1","dest":"n3","body":{"message":54,"msg_id":33,"type":"broadcast"}}
2024/11/07 18:15:58 Sent {"src":"n1","dest":"n1","body":{"message":54,"msg_id":33,"type":"broadcast"}}
2024/11/07 18:15:58 Sent {"src":"n1","dest":"n2","body":{"message":54,"msg_id":33,"type":"broadcast"}}
2024/11/07 18:15:58 Received {n4 n1 {"message":54,"msg_id":33,"type":"broadcast"}}
2024/11/07 18:15:58 Received {n3 n1 {"message":54,"msg_id":33,"type":"broadcast"}}
2024/11/07 18:15:58 Received {n1 n1 {"message":54,"msg_id":33,"type":"broadcast"}}
2024/11/07 18:15:58 Received {n2 n1 {"message":54,"msg_id":33,"type":"broadcast"}}
2024/11/07 18:15:58 Received {n0 n1 {"message":55,"msg_id":34,"type":"broadcast"}}
2024/11/07 18:15:58 Sent {"src":"n1","dest":"n0","body":{"in_reply_to":34,"type":"broadcast_ok"}}
2024/11/07 18:15:58 Sent {"src":"n1","dest":"n4","body":{"message":55,"msg_id":34,"type":"broadcast"}}
2024/11/07 18:15:58 Sent {"src":"n1","dest":"n1","body":{"message":55,"msg_id":34,"type":"broadcast"}}
2024/11/07 18:15:58 Sent {"src":"n1","dest":"n2","body":{"message":55,"msg_id":34,"type":"broadcast"}}
2024/11/07 18:15:58 Sent {"src":"n1","dest":"n3","body":{"message":55,"msg_id":34,"type":"broadcast"}}
2024/11/07 18:15:58 Received {n4 n1 {"message":55,"msg_id":34,"type":"broadcast"}}
2024/11/07 18:15:58 Received {n3 n1 {"message":55,"msg_id":34,"type":"broadcast"}}
2024/11/07 18:15:58 Received {n2 n1 {"message":55,"msg_id":34,"type":"broadcast"}}
2024/11/07 18:15:58 Received {n1 n1 {"message":55,"msg_id":34,"type":"broadcast"}}
2024/11/07 18:15:58 Received {c11 n1 {"type":"read","msg_id":19}}
2024/11/07 18:15:58 Sent {"src":"n1","dest":"c11","body":{"in_reply_to":19,"messages":[15,24,1,50,45,49,13,41,38,2,17,18,32,4,9,10,51,23,30,33,37,12,22,39,27,35,46,0,19,20,29,5,6,43,48,52,54,8,16,31,42,44,55,28,34,36,7,25,40,14,53,3,26,47,11,21],"type":"read_ok"}}
2024/11/07 18:15:58 Received {n2 n1 {"message":56,"msg_id":18,"type":"broadcast"}}
2024/11/07 18:15:58 Sent {"src":"n1","dest":"n2","body":{"in_reply_to":18,"type":"broadcast_ok"}}
2024/11/07 18:15:58 Sent {"src":"n1","dest":"n4","body":{"message":56,"msg_id":18,"type":"broadcast"}}
2024/11/07 18:15:58 Sent {"src":"n1","dest":"n1","body":{"message":56,"msg_id":18,"type":"broadcast"}}
2024/11/07 18:15:58 Sent {"src":"n1","dest":"n3","body":{"message":56,"msg_id":18,"type":"broadcast"}}
2024/11/07 18:15:58 Sent {"src":"n1","dest":"n0","body":{"message":56,"msg_id":18,"type":"broadcast"}}
2024/11/07 18:15:58 Received {n4 n1 {"message":56,"msg_id":18,"type":"broadcast"}}
2024/11/07 18:15:58 Received {n1 n1 {"message":56,"msg_id":18,"type":"broadcast"}}
2024/11/07 18:15:58 Received {n3 n1 {"message":56,"msg_id":18,"type":"broadcast"}}
2024/11/07 18:15:58 Received {n0 n1 {"message":56,"msg_id":18,"type":"broadcast"}}
2024/11/07 18:15:58 Received {n3 n1 {"message":57,"msg_id":18,"type":"broadcast"}}
2024/11/07 18:15:58 Sent {"src":"n1","dest":"n3","body":{"in_reply_to":18,"type":"broadcast_ok"}}
2024/11/07 18:15:58 Sent {"src":"n1","dest":"n4","body":{"message":57,"msg_id":18,"type":"broadcast"}}
2024/11/07 18:15:58 Sent {"src":"n1","dest":"n0","body":{"message":57,"msg_id":18,"type":"broadcast"}}
2024/11/07 18:15:58 Sent {"src":"n1","dest":"n1","body":{"message":57,"msg_id":18,"type":"broadcast"}}
2024/11/07 18:15:58 Sent {"src":"n1","dest":"n2","body":{"message":57,"msg_id":18,"type":"broadcast"}}
2024/11/07 18:15:58 Received {n0 n1 {"message":57,"msg_id":18,"type":"broadcast"}}
2024/11/07 18:15:58 Received {n1 n1 {"message":57,"msg_id":18,"type":"broadcast"}}
2024/11/07 18:15:58 Received {n2 n1 {"message":57,"msg_id":18,"type":"broadcast"}}
2024/11/07 18:15:58 Received {n4 n1 {"message":57,"msg_id":18,"type":"broadcast"}}
2024/11/07 18:15:58 Received {n4 n1 {"message":58,"msg_id":18,"type":"broadcast"}}
2024/11/07 18:15:58 Sent {"src":"n1","dest":"n4","body":{"in_reply_to":18,"type":"broadcast_ok"}}
2024/11/07 18:15:58 Sent {"src":"n1","dest":"n2","body":{"message":58,"msg_id":18,"type":"broadcast"}}
2024/11/07 18:15:58 Sent {"src":"n1","dest":"n0","body":{"message":58,"msg_id":18,"type":"broadcast"}}
2024/11/07 18:15:58 Sent {"src":"n1","dest":"n3","body":{"message":58,"msg_id":18,"type":"broadcast"}}
2024/11/07 18:15:58 Sent {"src":"n1","dest":"n1","body":{"message":58,"msg_id":18,"type":"broadcast"}}
2024/11/07 18:15:58 Received {n0 n1 {"message":58,"msg_id":18,"type":"broadcast"}}
2024/11/07 18:15:58 Received {n3 n1 {"message":58,"msg_id":18,"type":"broadcast"}}
2024/11/07 18:15:58 Received {n1 n1 {"message":58,"msg_id":18,"type":"broadcast"}}
2024/11/07 18:15:58 Received {n2 n1 {"message":58,"msg_id":18,"type":"broadcast"}}
2024/11/07 18:15:59 Received {n0 n1 {"message":59,"msg_id":36,"type":"broadcast"}}
2024/11/07 18:15:59 Sent {"src":"n1","dest":"n1","body":{"message":59,"msg_id":36,"type":"broadcast"}}
2024/11/07 18:15:59 Sent {"src":"n1","dest":"n0","body":{"in_reply_to":36,"type":"broadcast_ok"}}
2024/11/07 18:15:59 Sent {"src":"n1","dest":"n4","body":{"message":59,"msg_id":36,"type":"broadcast"}}
2024/11/07 18:15:59 Sent {"src":"n1","dest":"n2","body":{"message":59,"msg_id":36,"type":"broadcast"}}
2024/11/07 18:15:59 Sent {"src":"n1","dest":"n3","body":{"message":59,"msg_id":36,"type":"broadcast"}}
2024/11/07 18:15:59 Received {n3 n1 {"message":59,"msg_id":36,"type":"broadcast"}}
2024/11/07 18:15:59 Received {n1 n1 {"message":59,"msg_id":36,"type":"broadcast"}}
2024/11/07 18:15:59 Received {n4 n1 {"message":59,"msg_id":36,"type":"broadcast"}}
2024/11/07 18:15:59 Received {n2 n1 {"message":59,"msg_id":36,"type":"broadcast"}}
2024/11/07 18:15:59 Received {c11 n1 {"type":"broadcast","message":60,"msg_id":20}}
2024/11/07 18:15:59 Sent {"src":"n1","dest":"n4","body":{"message":60,"msg_id":20,"type":"broadcast"}}
2024/11/07 18:15:59 Sent {"src":"n1","dest":"n0","body":{"message":60,"msg_id":20,"type":"broadcast"}}
2024/11/07 18:15:59 Sent {"src":"n1","dest":"c11","body":{"in_reply_to":20,"type":"broadcast_ok"}}
2024/11/07 18:15:59 Sent {"src":"n1","dest":"n2","body":{"message":60,"msg_id":20,"type":"broadcast"}}
2024/11/07 18:15:59 Sent {"src":"n1","dest":"n1","body":{"message":60,"msg_id":20,"type":"broadcast"}}
2024/11/07 18:15:59 Sent {"src":"n1","dest":"n3","body":{"message":60,"msg_id":20,"type":"broadcast"}}
2024/11/07 18:15:59 Received {n1 n1 {"message":60,"msg_id":20,"type":"broadcast"}}
2024/11/07 18:15:59 Received {n0 n1 {"in_reply_to":20,"type":"broadcast_ok"}}
2024/11/07 18:15:59 Ignoring reply to 20 with no callback
2024/11/07 18:15:59 Received {n4 n1 {"in_reply_to":20,"type":"broadcast_ok"}}
2024/11/07 18:15:59 Ignoring reply to 20 with no callback
2024/11/07 18:15:59 Received {n3 n1 {"in_reply_to":20,"type":"broadcast_ok"}}
2024/11/07 18:15:59 Ignoring reply to 20 with no callback
2024/11/07 18:15:59 Received {n2 n1 {"in_reply_to":20,"type":"broadcast_ok"}}
2024/11/07 18:15:59 Ignoring reply to 20 with no callback
2024/11/07 18:15:59 Received {n3 n1 {"message":61,"msg_id":19,"type":"broadcast"}}
2024/11/07 18:15:59 Sent {"src":"n1","dest":"n3","body":{"in_reply_to":19,"type":"broadcast_ok"}}
2024/11/07 18:15:59 Sent {"src":"n1","dest":"n4","body":{"message":61,"msg_id":19,"type":"broadcast"}}
2024/11/07 18:15:59 Sent {"src":"n1","dest":"n1","body":{"message":61,"msg_id":19,"type":"broadcast"}}
2024/11/07 18:15:59 Sent {"src":"n1","dest":"n2","body":{"message":61,"msg_id":19,"type":"broadcast"}}
2024/11/07 18:15:59 Sent {"src":"n1","dest":"n0","body":{"message":61,"msg_id":19,"type":"broadcast"}}
2024/11/07 18:15:59 Received {n0 n1 {"message":61,"msg_id":19,"type":"broadcast"}}
2024/11/07 18:15:59 Received {n2 n1 {"message":61,"msg_id":19,"type":"broadcast"}}
2024/11/07 18:15:59 Received {n1 n1 {"message":61,"msg_id":19,"type":"broadcast"}}
2024/11/07 18:15:59 Received {n4 n1 {"message":61,"msg_id":19,"type":"broadcast"}}
2024/11/07 18:15:59 Received {n0 n1 {"message":62,"msg_id":37,"type":"broadcast"}}
2024/11/07 18:15:59 Sent {"src":"n1","dest":"n0","body":{"in_reply_to":37,"type":"broadcast_ok"}}
2024/11/07 18:15:59 Sent {"src":"n1","dest":"n4","body":{"message":62,"msg_id":37,"type":"broadcast"}}
2024/11/07 18:15:59 Sent {"src":"n1","dest":"n3","body":{"message":62,"msg_id":37,"type":"broadcast"}}
2024/11/07 18:15:59 Sent {"src":"n1","dest":"n2","body":{"message":62,"msg_id":37,"type":"broadcast"}}
2024/11/07 18:15:59 Sent {"src":"n1","dest":"n1","body":{"message":62,"msg_id":37,"type":"broadcast"}}
2024/11/07 18:15:59 Received {n3 n1 {"message":62,"msg_id":37,"type":"broadcast"}}
2024/11/07 18:15:59 Received {n4 n1 {"message":62,"msg_id":37,"type":"broadcast"}}
2024/11/07 18:15:59 Received {n1 n1 {"message":62,"msg_id":37,"type":"broadcast"}}
2024/11/07 18:15:59 Received {n2 n1 {"message":62,"msg_id":37,"type":"broadcast"}}
2024/11/07 18:15:59 Received {n0 n1 {"message":63,"msg_id":38,"type":"broadcast"}}
2024/11/07 18:15:59 Sent {"src":"n1","dest":"n0","body":{"in_reply_to":38,"type":"broadcast_ok"}}
2024/11/07 18:15:59 Sent {"src":"n1","dest":"n1","body":{"message":63,"msg_id":38,"type":"broadcast"}}
2024/11/07 18:15:59 Sent {"src":"n1","dest":"n2","body":{"message":63,"msg_id":38,"type":"broadcast"}}
2024/11/07 18:15:59 Sent {"src":"n1","dest":"n4","body":{"message":63,"msg_id":38,"type":"broadcast"}}
2024/11/07 18:15:59 Sent {"src":"n1","dest":"n3","body":{"message":63,"msg_id":38,"type":"broadcast"}}
2024/11/07 18:15:59 Received {n3 n1 {"message":63,"msg_id":38,"type":"broadcast"}}
2024/11/07 18:15:59 Received {n1 n1 {"message":63,"msg_id":38,"type":"broadcast"}}
2024/11/07 18:15:59 Received {n2 n1 {"message":63,"msg_id":38,"type":"broadcast"}}
2024/11/07 18:15:59 Received {n4 n1 {"message":63,"msg_id":38,"type":"broadcast"}}
2024/11/07 18:15:59 Received {c11 n1 {"type":"read","msg_id":21}}
2024/11/07 18:15:59 Sent {"src":"n1","dest":"c11","body":{"in_reply_to":21,"messages":[3,26,47,60,11,21,63,50,61,1,15,24,45,49,13,41,2,17,18,38,4,9,10,32,62,23,30,33,51,56,37,58,12,22,39,57,59,0,27,35,46,43,5,6,19,20,29,48,52,54,8,16,31,55,28,34,36,42,44,7,25,40,14,53],"type":"read_ok"}}
2024/11/07 18:15:59 Received {n2 n1 {"message":64,"msg_id":20,"type":"broadcast"}}
2024/11/07 18:15:59 Sent {"src":"n1","dest":"n2","body":{"in_reply_to":20,"type":"broadcast_ok"}}
2024/11/07 18:15:59 Sent {"src":"n1","dest":"n4","body":{"message":64,"msg_id":20,"type":"broadcast"}}
2024/11/07 18:15:59 Sent {"src":"n1","dest":"n0","body":{"message":64,"msg_id":20,"type":"broadcast"}}
2024/11/07 18:15:59 Sent {"src":"n1","dest":"n1","body":{"message":64,"msg_id":20,"type":"broadcast"}}
2024/11/07 18:15:59 Sent {"src":"n1","dest":"n3","body":{"message":64,"msg_id":20,"type":"broadcast"}}
2024/11/07 18:15:59 Received {n4 n1 {"message":64,"msg_id":20,"type":"broadcast"}}
2024/11/07 18:15:59 Received {n1 n1 {"message":64,"msg_id":20,"type":"broadcast"}}
2024/11/07 18:15:59 Received {n3 n1 {"message":64,"msg_id":20,"type":"broadcast"}}
2024/11/07 18:15:59 Received {n0 n1 {"message":64,"msg_id":20,"type":"broadcast"}}
2024/11/07 18:16:00 Received {n0 n1 {"message":65,"msg_id":39,"type":"broadcast"}}
2024/11/07 18:16:00 Sent {"src":"n1","dest":"n0","body":{"in_reply_to":39,"type":"broadcast_ok"}}
2024/11/07 18:16:00 Sent {"src":"n1","dest":"n2","body":{"message":65,"msg_id":39,"type":"broadcast"}}
2024/11/07 18:16:00 Sent {"src":"n1","dest":"n1","body":{"message":65,"msg_id":39,"type":"broadcast"}}
2024/11/07 18:16:00 Sent {"src":"n1","dest":"n4","body":{"message":65,"msg_id":39,"type":"broadcast"}}
2024/11/07 18:16:00 Sent {"src":"n1","dest":"n3","body":{"message":65,"msg_id":39,"type":"broadcast"}}
2024/11/07 18:16:00 Received {n4 n1 {"message":65,"msg_id":39,"type":"broadcast"}}
2024/11/07 18:16:00 Received {n1 n1 {"message":65,"msg_id":39,"type":"broadcast"}}
2024/11/07 18:16:00 Received {n3 n1 {"message":65,"msg_id":39,"type":"broadcast"}}
2024/11/07 18:16:00 Received {n2 n1 {"message":65,"msg_id":39,"type":"broadcast"}}
2024/11/07 18:16:00 Received {c11 n1 {"type":"broadcast","message":66,"msg_id":22}}
2024/11/07 18:16:00 Sent {"src":"n1","dest":"c11","body":{"in_reply_to":22,"type":"broadcast_ok"}}
2024/11/07 18:16:00 Sent {"src":"n1","dest":"n2","body":{"message":66,"msg_id":22,"type":"broadcast"}}
2024/11/07 18:16:00 Sent {"src":"n1","dest":"n4","body":{"message":66,"msg_id":22,"type":"broadcast"}}
2024/11/07 18:16:00 Sent {"src":"n1","dest":"n3","body":{"message":66,"msg_id":22,"type":"broadcast"}}
2024/11/07 18:16:00 Sent {"src":"n1","dest":"n1","body":{"message":66,"msg_id":22,"type":"broadcast"}}
2024/11/07 18:16:00 Sent {"src":"n1","dest":"n0","body":{"message":66,"msg_id":22,"type":"broadcast"}}
2024/11/07 18:16:00 Received {n1 n1 {"message":66,"msg_id":22,"type":"broadcast"}}
2024/11/07 18:16:00 Received {n3 n1 {"in_reply_to":22,"type":"broadcast_ok"}}
2024/11/07 18:16:00 Ignoring reply to 22 with no callback
2024/11/07 18:16:00 Received {n0 n1 {"in_reply_to":22,"type":"broadcast_ok"}}
2024/11/07 18:16:00 Ignoring reply to 22 with no callback
2024/11/07 18:16:00 Received {n2 n1 {"in_reply_to":22,"type":"broadcast_ok"}}
2024/11/07 18:16:00 Ignoring reply to 22 with no callback
2024/11/07 18:16:00 Received {n4 n1 {"in_reply_to":22,"type":"broadcast_ok"}}
2024/11/07 18:16:00 Ignoring reply to 22 with no callback
2024/11/07 18:16:00 Received {n0 n1 {"message":67,"msg_id":42,"type":"broadcast"}}
2024/11/07 18:16:00 Sent {"src":"n1","dest":"n0","body":{"in_reply_to":42,"type":"broadcast_ok"}}
2024/11/07 18:16:00 Sent {"src":"n1","dest":"n4","body":{"message":67,"msg_id":42,"type":"broadcast"}}
2024/11/07 18:16:00 Sent {"src":"n1","dest":"n1","body":{"message":67,"msg_id":42,"type":"broadcast"}}
2024/11/07 18:16:00 Sent {"src":"n1","dest":"n2","body":{"message":67,"msg_id":42,"type":"broadcast"}}
2024/11/07 18:16:00 Sent {"src":"n1","dest":"n3","body":{"message":67,"msg_id":42,"type":"broadcast"}}
2024/11/07 18:16:00 Received {n1 n1 {"message":67,"msg_id":42,"type":"broadcast"}}
2024/11/07 18:16:00 Received {n3 n1 {"message":67,"msg_id":42,"type":"broadcast"}}
2024/11/07 18:16:00 Received {n4 n1 {"message":67,"msg_id":42,"type":"broadcast"}}
2024/11/07 18:16:00 Received {n2 n1 {"message":67,"msg_id":42,"type":"broadcast"}}
2024/11/07 18:16:00 Received {c11 n1 {"type":"read","msg_id":23}}
2024/11/07 18:16:00 Sent {"src":"n1","dest":"c11","body":{"in_reply_to":23,"messages":[9,10,32,4,30,33,51,56,62,23,58,66,37,22,39,57,59,67,12,27,35,46,0,6,19,20,29,43,5,52,54,48,16,31,8,34,36,42,44,55,65,28,25,40,7,53,14,26,47,60,3,21,63,11,15,24,45,49,50,61,1,41,13,17,18,38,64,2],"type":"read_ok"}}
2024/11/07 18:16:00 Received {n4 n1 {"message":68,"msg_id":22,"type":"broadcast"}}
2024/11/07 18:16:00 Sent {"src":"n1","dest":"n4","body":{"in_reply_to":22,"type":"broadcast_ok"}}
2024/11/07 18:16:00 Sent {"src":"n1","dest":"n3","body":{"message":68,"msg_id":22,"type":"broadcast"}}
2024/11/07 18:16:00 Sent {"src":"n1","dest":"n1","body":{"message":68,"msg_id":22,"type":"broadcast"}}
2024/11/07 18:16:00 Sent {"src":"n1","dest":"n2","body":{"message":68,"msg_id":22,"type":"broadcast"}}
2024/11/07 18:16:00 Sent {"src":"n1","dest":"n0","body":{"message":68,"msg_id":22,"type":"broadcast"}}
2024/11/07 18:16:00 Received {n2 n1 {"message":68,"msg_id":22,"type":"broadcast"}}
2024/11/07 18:16:00 Received {n3 n1 {"message":68,"msg_id":22,"type":"broadcast"}}
2024/11/07 18:16:00 Received {n0 n1 {"message":68,"msg_id":22,"type":"broadcast"}}
2024/11/07 18:16:00 Received {n1 n1 {"message":68,"msg_id":22,"type":"broadcast"}}
2024/11/07 18:16:01 Received {n0 n1 {"message":69,"msg_id":44,"type":"broadcast"}}
2024/11/07 18:16:01 Sent {"src":"n1","dest":"n0","body":{"in_reply_to":44,"type":"broadcast_ok"}}
2024/11/07 18:16:01 Sent {"src":"n1","dest":"n4","body":{"message":69,"msg_id":44,"type":"broadcast"}}
2024/11/07 18:16:01 Sent {"src":"n1","dest":"n1","body":{"message":69,"msg_id":44,"type":"broadcast"}}
2024/11/07 18:16:01 Sent {"src":"n1","dest":"n2","body":{"message":69,"msg_id":44,"type":"broadcast"}}
2024/11/07 18:16:01 Sent {"src":"n1","dest":"n3","body":{"message":69,"msg_id":44,"type":"broadcast"}}
2024/11/07 18:16:01 Received {n1 n1 {"message":69,"msg_id":44,"type":"broadcast"}}
2024/11/07 18:16:01 Received {n3 n1 {"message":69,"msg_id":44,"type":"broadcast"}}
2024/11/07 18:16:01 Received {n2 n1 {"message":69,"msg_id":44,"type":"broadcast"}}
2024/11/07 18:16:01 Received {n4 n1 {"message":69,"msg_id":44,"type":"broadcast"}}
2024/11/07 18:16:01 Received {c11 n1 {"type":"read","msg_id":24}}
2024/11/07 18:16:01 Sent {"src":"n1","dest":"c11","body":{"in_reply_to":24,"messages":[2,17,18,38,64,4,9,10,32,23,30,33,51,56,62,37,58,66,12,22,39,57,59,67,0,27,35,46,5,6,19,20,29,43,48,52,54,8,16,31,28,34,36,42,44,55,65,7,25,40,14,53,68,69,3,26,47,60,11,21,63,1,15,24,45,49,50,61,13,41],"type":"read_ok"}}
2024/11/07 18:16:01 Received {n4 n1 {"message":70,"msg_id":23,"type":"broadcast"}}
2024/11/07 18:16:01 Sent {"src":"n1","dest":"n4","body":{"in_reply_to":23,"type":"broadcast_ok"}}
2024/11/07 18:16:01 Sent {"src":"n1","dest":"n1","body":{"message":70,"msg_id":23,"type":"broadcast"}}
2024/11/07 18:16:01 Sent {"src":"n1","dest":"n3","body":{"message":70,"msg_id":23,"type":"broadcast"}}
2024/11/07 18:16:01 Sent {"src":"n1","dest":"n2","body":{"message":70,"msg_id":23,"type":"broadcast"}}
2024/11/07 18:16:01 Sent {"src":"n1","dest":"n0","body":{"message":70,"msg_id":23,"type":"broadcast"}}
2024/11/07 18:16:01 Received {n1 n1 {"message":70,"msg_id":23,"type":"broadcast"}}
2024/11/07 18:16:01 Received {n3 n1 {"message":70,"msg_id":23,"type":"broadcast"}}
2024/11/07 18:16:01 Received {n2 n1 {"message":70,"msg_id":23,"type":"broadcast"}}
2024/11/07 18:16:01 Received {n0 n1 {"message":70,"msg_id":23,"type":"broadcast"}}
2024/11/07 18:16:01 Received {n0 n1 {"message":71,"msg_id":46,"type":"broadcast"}}
2024/11/07 18:16:01 Sent {"src":"n1","dest":"n0","body":{"in_reply_to":46,"type":"broadcast_ok"}}
2024/11/07 18:16:01 Sent {"src":"n1","dest":"n4","body":{"message":71,"msg_id":46,"type":"broadcast"}}
2024/11/07 18:16:01 Sent {"src":"n1","dest":"n1","body":{"message":71,"msg_id":46,"type":"broadcast"}}
2024/11/07 18:16:01 Sent {"src":"n1","dest":"n2","body":{"message":71,"msg_id":46,"type":"broadcast"}}
2024/11/07 18:16:01 Sent {"src":"n1","dest":"n3","body":{"message":71,"msg_id":46,"type":"broadcast"}}
2024/11/07 18:16:01 Received {n2 n1 {"message":71,"msg_id":46,"type":"broadcast"}}
2024/11/07 18:16:01 Received {n1 n1 {"message":71,"msg_id":46,"type":"broadcast"}}
2024/11/07 18:16:01 Received {n3 n1 {"message":71,"msg_id":46,"type":"broadcast"}}
2024/11/07 18:16:01 Received {n4 n1 {"message":71,"msg_id":46,"type":"broadcast"}}
2024/11/07 18:16:01 Received {c11 n1 {"type":"read","msg_id":25}}
2024/11/07 18:16:01 Sent {"src":"n1","dest":"c11","body":{"in_reply_to":25,"messages":[0,27,35,46,71,5,6,19,20,29,43,70,48,52,54,8,16,31,28,34,36,42,44,55,65,7,25,40,14,53,68,69,3,26,47,60,11,21,63,1,15,24,45,49,50,61,13,41,2,17,18,38,64,4,9,10,32,23,30,33,51,56,62,37,58,66,12,22,39,57,59,67],"type":"read_ok"}}
2024/11/07 18:16:02 Received {n2 n1 {"message":72,"msg_id":24,"type":"broadcast"}}
2024/11/07 18:16:02 Sent {"src":"n1","dest":"n2","body":{"in_reply_to":24,"type":"broadcast_ok"}}
2024/11/07 18:16:02 Sent {"src":"n1","dest":"n0","body":{"message":72,"msg_id":24,"type":"broadcast"}}
2024/11/07 18:16:02 Sent {"src":"n1","dest":"n3","body":{"message":72,"msg_id":24,"type":"broadcast"}}
2024/11/07 18:16:02 Sent {"src":"n1","dest":"n4","body":{"message":72,"msg_id":24,"type":"broadcast"}}
2024/11/07 18:16:02 Sent {"src":"n1","dest":"n1","body":{"message":72,"msg_id":24,"type":"broadcast"}}
2024/11/07 18:16:02 Received {n0 n1 {"message":72,"msg_id":24,"type":"broadcast"}}
2024/11/07 18:16:02 Received {n3 n1 {"message":72,"msg_id":24,"type":"broadcast"}}
2024/11/07 18:16:02 Received {n1 n1 {"message":72,"msg_id":24,"type":"broadcast"}}
2024/11/07 18:16:02 Received {n4 n1 {"message":72,"msg_id":24,"type":"broadcast"}}
2024/11/07 18:16:02 Received {n0 n1 {"message":73,"msg_id":48,"type":"broadcast"}}
2024/11/07 18:16:02 Sent {"src":"n1","dest":"n0","body":{"in_reply_to":48,"type":"broadcast_ok"}}
2024/11/07 18:16:02 Sent {"src":"n1","dest":"n4","body":{"message":73,"msg_id":48,"type":"broadcast"}}
2024/11/07 18:16:02 Sent {"src":"n1","dest":"n3","body":{"message":73,"msg_id":48,"type":"broadcast"}}
2024/11/07 18:16:02 Sent {"src":"n1","dest":"n1","body":{"message":73,"msg_id":48,"type":"broadcast"}}
2024/11/07 18:16:02 Sent {"src":"n1","dest":"n2","body":{"message":73,"msg_id":48,"type":"broadcast"}}
2024/11/07 18:16:02 Received {n1 n1 {"message":73,"msg_id":48,"type":"broadcast"}}
2024/11/07 18:16:02 Received {n4 n1 {"message":73,"msg_id":48,"type":"broadcast"}}
2024/11/07 18:16:02 Received {n3 n1 {"message":73,"msg_id":48,"type":"broadcast"}}
2024/11/07 18:16:02 Received {n2 n1 {"message":73,"msg_id":48,"type":"broadcast"}}
2024/11/07 18:16:02 Received {c11 n1 {"type":"read","msg_id":26}}
2024/11/07 18:16:02 Sent {"src":"n1","dest":"c11","body":{"in_reply_to":26,"messages":[21,63,11,15,24,45,49,50,61,1,41,13,17,18,38,64,2,9,10,32,4,30,33,51,56,62,23,58,66,37,22,39,57,59,67,12,27,35,46,71,0,6,19,20,29,43,70,72,5,52,54,48,16,31,8,34,36,42,44,55,65,28,25,40,73,7,53,68,69,14,26,47,60,3],"type":"read_ok"}}
2024/11/07 18:16:03 Received {n0 n1 {"message":74,"msg_id":49,"type":"broadcast"}}
2024/11/07 18:16:03 Sent {"src":"n1","dest":"n0","body":{"in_reply_to":49,"type":"broadcast_ok"}}
2024/11/07 18:16:03 Sent {"src":"n1","dest":"n1","body":{"message":74,"msg_id":49,"type":"broadcast"}}
2024/11/07 18:16:03 Sent {"src":"n1","dest":"n4","body":{"message":74,"msg_id":49,"type":"broadcast"}}
2024/11/07 18:16:03 Sent {"src":"n1","dest":"n2","body":{"message":74,"msg_id":49,"type":"broadcast"}}
2024/11/07 18:16:03 Sent {"src":"n1","dest":"n3","body":{"message":74,"msg_id":49,"type":"broadcast"}}
2024/11/07 18:16:03 Received {n1 n1 {"message":74,"msg_id":49,"type":"broadcast"}}
2024/11/07 18:16:03 Received {n4 n1 {"message":74,"msg_id":49,"type":"broadcast"}}
2024/11/07 18:16:03 Received {n2 n1 {"message":74,"msg_id":49,"type":"broadcast"}}
2024/11/07 18:16:03 Received {n3 n1 {"message":74,"msg_id":49,"type":"broadcast"}}
2024/11/07 18:16:03 Received {n0 n1 {"message":75,"msg_id":50,"type":"broadcast"}}
2024/11/07 18:16:03 Sent {"src":"n1","dest":"n0","body":{"in_reply_to":50,"type":"broadcast_ok"}}
2024/11/07 18:16:03 Sent {"src":"n1","dest":"n4","body":{"message":75,"msg_id":50,"type":"broadcast"}}
2024/11/07 18:16:03 Sent {"src":"n1","dest":"n1","body":{"message":75,"msg_id":50,"type":"broadcast"}}
2024/11/07 18:16:03 Sent {"src":"n1","dest":"n2","body":{"message":75,"msg_id":50,"type":"broadcast"}}
2024/11/07 18:16:03 Sent {"src":"n1","dest":"n3","body":{"message":75,"msg_id":50,"type":"broadcast"}}
2024/11/07 18:16:03 Received {n4 n1 {"message":75,"msg_id":50,"type":"broadcast"}}
2024/11/07 18:16:03 Received {n2 n1 {"message":75,"msg_id":50,"type":"broadcast"}}
2024/11/07 18:16:03 Received {n3 n1 {"message":75,"msg_id":50,"type":"broadcast"}}
2024/11/07 18:16:03 Received {n1 n1 {"message":75,"msg_id":50,"type":"broadcast"}}
2024/11/07 18:16:03 Received {c11 n1 {"type":"read","msg_id":27}}
2024/11/07 18:16:03 Sent {"src":"n1","dest":"c11","body":{"in_reply_to":27,"messages":[2,17,18,38,64,4,9,10,32,74,62,23,30,33,51,56,37,58,66,67,12,22,39,57,59,0,27,35,46,71,43,70,72,5,6,19,20,29,75,48,52,54,8,16,31,55,65,28,34,36,42,44,7,25,40,73,14,53,68,69,3,26,47,60,11,21,63,50,61,1,15,24,45,49,13,41],"type":"read_ok"}}
2024/11/07 18:16:04 Received {n0 n1 {"message":76,"msg_id":52,"type":"broadcast"}}
2024/11/07 18:16:04 Sent {"src":"n1","dest":"n0","body":{"in_reply_to":52,"type":"broadcast_ok"}}
2024/11/07 18:16:04 Sent {"src":"n1","dest":"n4","body":{"message":76,"msg_id":52,"type":"broadcast"}}
2024/11/07 18:16:04 Sent {"src":"n1","dest":"n3","body":{"message":76,"msg_id":52,"type":"broadcast"}}
2024/11/07 18:16:04 Sent {"src":"n1","dest":"n2","body":{"message":76,"msg_id":52,"type":"broadcast"}}
2024/11/07 18:16:04 Sent {"src":"n1","dest":"n1","body":{"message":76,"msg_id":52,"type":"broadcast"}}
2024/11/07 18:16:04 Received {n4 n1 {"message":76,"msg_id":52,"type":"broadcast"}}
2024/11/07 18:16:04 Received {n2 n1 {"message":76,"msg_id":52,"type":"broadcast"}}
2024/11/07 18:16:04 Received {n3 n1 {"message":76,"msg_id":52,"type":"broadcast"}}
2024/11/07 18:16:04 Received {n1 n1 {"message":76,"msg_id":52,"type":"broadcast"}}
2024/11/07 18:16:04 Received {c11 n1 {"type":"broadcast","message":77,"msg_id":28}}
2024/11/07 18:16:04 Sent {"src":"n1","dest":"n1","body":{"message":77,"msg_id":28,"type":"broadcast"}}
2024/11/07 18:16:04 Sent {"src":"n1","dest":"n0","body":{"message":77,"msg_id":28,"type":"broadcast"}}
2024/11/07 18:16:04 Sent {"src":"n1","dest":"c11","body":{"in_reply_to":28,"type":"broadcast_ok"}}
2024/11/07 18:16:04 Sent {"src":"n1","dest":"n2","body":{"message":77,"msg_id":28,"type":"broadcast"}}
2024/11/07 18:16:04 Sent {"src":"n1","dest":"n3","body":{"message":77,"msg_id":28,"type":"broadcast"}}
2024/11/07 18:16:04 Sent {"src":"n1","dest":"n4","body":{"message":77,"msg_id":28,"type":"broadcast"}}
2024/11/07 18:16:04 Received {n1 n1 {"message":77,"msg_id":28,"type":"broadcast"}}
2024/11/07 18:16:04 Received {n2 n1 {"in_reply_to":28,"type":"broadcast_ok"}}
2024/11/07 18:16:04 Ignoring reply to 28 with no callback
2024/11/07 18:16:04 Received {n3 n1 {"in_reply_to":28,"type":"broadcast_ok"}}
2024/11/07 18:16:04 Ignoring reply to 28 with no callback
2024/11/07 18:16:04 Received {n4 n1 {"in_reply_to":28,"type":"broadcast_ok"}}
2024/11/07 18:16:04 Ignoring reply to 28 with no callback
2024/11/07 18:16:04 Received {n0 n1 {"in_reply_to":28,"type":"broadcast_ok"}}
2024/11/07 18:16:04 Ignoring reply to 28 with no callback
2024/11/07 18:16:04 Received {n2 n1 {"message":78,"msg_id":27,"type":"broadcast"}}
2024/11/07 18:16:04 Sent {"src":"n1","dest":"n2","body":{"in_reply_to":27,"type":"broadcast_ok"}}
2024/11/07 18:16:04 Sent {"src":"n1","dest":"n4","body":{"message":78,"msg_id":27,"type":"broadcast"}}
2024/11/07 18:16:04 Sent {"src":"n1","dest":"n3","body":{"message":78,"msg_id":27,"type":"broadcast"}}
2024/11/07 18:16:04 Sent {"src":"n1","dest":"n0","body":{"message":78,"msg_id":27,"type":"broadcast"}}
2024/11/07 18:16:04 Sent {"src":"n1","dest":"n1","body":{"message":78,"msg_id":27,"type":"broadcast"}}
2024/11/07 18:16:04 Received {n3 n1 {"message":78,"msg_id":27,"type":"broadcast"}}
2024/11/07 18:16:04 Received {n4 n1 {"message":78,"msg_id":27,"type":"broadcast"}}
2024/11/07 18:16:04 Received {n0 n1 {"message":78,"msg_id":27,"type":"broadcast"}}
2024/11/07 18:16:04 Received {n1 n1 {"message":78,"msg_id":27,"type":"broadcast"}}
2024/11/07 18:16:04 Received {n0 n1 {"message":79,"msg_id":53,"type":"broadcast"}}
2024/11/07 18:16:04 Sent {"src":"n1","dest":"n2","body":{"message":79,"msg_id":53,"type":"broadcast"}}
2024/11/07 18:16:04 Sent {"src":"n1","dest":"n0","body":{"in_reply_to":53,"type":"broadcast_ok"}}
2024/11/07 18:16:04 Sent {"src":"n1","dest":"n3","body":{"message":79,"msg_id":53,"type":"broadcast"}}
2024/11/07 18:16:04 Sent {"src":"n1","dest":"n4","body":{"message":79,"msg_id":53,"type":"broadcast"}}
2024/11/07 18:16:04 Sent {"src":"n1","dest":"n1","body":{"message":79,"msg_id":53,"type":"broadcast"}}
2024/11/07 18:16:04 Received {n2 n1 {"message":79,"msg_id":53,"type":"broadcast"}}
2024/11/07 18:16:04 Received {n3 n1 {"message":79,"msg_id":53,"type":"broadcast"}}
2024/11/07 18:16:04 Received {n1 n1 {"message":79,"msg_id":53,"type":"broadcast"}}
2024/11/07 18:16:04 Received {n4 n1 {"message":79,"msg_id":53,"type":"broadcast"}}
2024/11/07 18:16:04 Received {c11 n1 {"type":"read","msg_id":29}}
2024/11/07 18:16:04 Sent {"src":"n1","dest":"c11","body":{"in_reply_to":29,"messages":[16,31,8,34,36,42,44,55,65,28,25,40,73,7,53,68,69,14,26,47,60,3,21,63,78,11,15,24,45,49,50,61,1,41,76,13,17,18,38,64,2,9,10,32,74,4,30,33,51,56,62,23,58,66,37,22,39,57,59,67,77,12,27,35,46,71,0,6,19,20,29,43,70,72,5,79,75,52,54,48],"type":"read_ok"}}
2024/11/07 18:16:04 Received {n3 n1 {"message":80,"msg_id":28,"type":"broadcast"}}
2024/11/07 18:16:04 Sent {"src":"n1","dest":"n3","body":{"in_reply_to":28,"type":"broadcast_ok"}}
2024/11/07 18:16:04 Sent {"src":"n1","dest":"n1","body":{"message":80,"msg_id":28,"type":"broadcast"}}
2024/11/07 18:16:04 Sent {"src":"n1","dest":"n4","body":{"message":80,"msg_id":28,"type":"broadcast"}}
2024/11/07 18:16:04 Sent {"src":"n1","dest":"n0","body":{"message":80,"msg_id":28,"type":"broadcast"}}
2024/11/07 18:16:04 Sent {"src":"n1","dest":"n2","body":{"message":80,"msg_id":28,"type":"broadcast"}}
2024/11/07 18:16:04 Received {n1 n1 {"message":80,"msg_id":28,"type":"broadcast"}}
2024/11/07 18:16:04 Received {n4 n1 {"message":80,"msg_id":28,"type":"broadcast"}}
2024/11/07 18:16:04 Received {n2 n1 {"message":80,"msg_id":28,"type":"broadcast"}}
2024/11/07 18:16:04 Received {n0 n1 {"message":80,"msg_id":28,"type":"broadcast"}}
2024/11/07 18:16:04 Received {n4 n1 {"message":81,"msg_id":28,"type":"broadcast"}}
2024/11/07 18:16:04 Sent {"src":"n1","dest":"n4","body":{"in_reply_to":28,"type":"broadcast_ok"}}
2024/11/07 18:16:04 Sent {"src":"n1","dest":"n2","body":{"message":81,"msg_id":28,"type":"broadcast"}}
2024/11/07 18:16:04 Sent {"src":"n1","dest":"n3","body":{"message":81,"msg_id":28,"type":"broadcast"}}
2024/11/07 18:16:04 Sent {"src":"n1","dest":"n0","body":{"message":81,"msg_id":28,"type":"broadcast"}}
2024/11/07 18:16:04 Sent {"src":"n1","dest":"n1","body":{"message":81,"msg_id":28,"type":"broadcast"}}
2024/11/07 18:16:04 Received {n2 n1 {"message":81,"msg_id":28,"type":"broadcast"}}
2024/11/07 18:16:04 Received {n3 n1 {"message":81,"msg_id":28,"type":"broadcast"}}
2024/11/07 18:16:04 Received {n0 n1 {"message":81,"msg_id":28,"type":"broadcast"}}
2024/11/07 18:16:04 Received {n1 n1 {"message":81,"msg_id":28,"type":"broadcast"}}
2024/11/07 18:16:04 Received {n0 n1 {"message":82,"msg_id":55,"type":"broadcast"}}
2024/11/07 18:16:04 Sent {"src":"n1","dest":"n0","body":{"in_reply_to":55,"type":"broadcast_ok"}}
2024/11/07 18:16:04 Sent {"src":"n1","dest":"n4","body":{"message":82,"msg_id":55,"type":"broadcast"}}
2024/11/07 18:16:04 Sent {"src":"n1","dest":"n1","body":{"message":82,"msg_id":55,"type":"broadcast"}}
2024/11/07 18:16:04 Sent {"src":"n1","dest":"n2","body":{"message":82,"msg_id":55,"type":"broadcast"}}
2024/11/07 18:16:04 Sent {"src":"n1","dest":"n3","body":{"message":82,"msg_id":55,"type":"broadcast"}}
2024/11/07 18:16:04 Received {n3 n1 {"message":82,"msg_id":55,"type":"broadcast"}}
2024/11/07 18:16:04 Received {n1 n1 {"message":82,"msg_id":55,"type":"broadcast"}}
2024/11/07 18:16:04 Received {n4 n1 {"message":82,"msg_id":55,"type":"broadcast"}}
2024/11/07 18:16:04 Received {n2 n1 {"message":82,"msg_id":55,"type":"broadcast"}}
2024/11/07 18:16:05 Received {c11 n1 {"type":"read","msg_id":30}}
2024/11/07 18:16:05 Sent {"src":"n1","dest":"c11","body":{"in_reply_to":30,"messages":[80,14,53,68,69,3,26,47,60,11,21,63,78,49,50,61,81,1,15,24,45,13,41,76,64,2,17,18,38,74,4,9,10,32,56,62,23,30,33,51,37,58,66,59,67,77,12,22,39,57,71,0,27,35,46,29,43,70,72,5,6,19,20,75,79,48,52,54,8,16,31,82,44,55,65,28,34,36,42,7,25,40,73],"type":"read_ok"}}
2024/11/07 18:16:05 Received {n4 n1 {"message":83,"msg_id":29,"type":"broadcast"}}
2024/11/07 18:16:05 Sent {"src":"n1","dest":"n4","body":{"in_reply_to":29,"type":"broadcast_ok"}}
2024/11/07 18:16:05 Sent {"src":"n1","dest":"n1","body":{"message":83,"msg_id":29,"type":"broadcast"}}
2024/11/07 18:16:05 Sent {"src":"n1","dest":"n2","body":{"message":83,"msg_id":29,"type":"broadcast"}}
2024/11/07 18:16:05 Sent {"src":"n1","dest":"n3","body":{"message":83,"msg_id":29,"type":"broadcast"}}
2024/11/07 18:16:05 Sent {"src":"n1","dest":"n0","body":{"message":83,"msg_id":29,"type":"broadcast"}}
2024/11/07 18:16:05 Received {n2 n1 {"message":83,"msg_id":29,"type":"broadcast"}}
2024/11/07 18:16:05 Received {n0 n1 {"message":83,"msg_id":29,"type":"broadcast"}}
2024/11/07 18:16:05 Received {n1 n1 {"message":83,"msg_id":29,"type":"broadcast"}}
2024/11/07 18:16:05 Received {n3 n1 {"message":83,"msg_id":29,"type":"broadcast"}}
2024/11/07 18:16:05 Received {n0 n1 {"message":84,"msg_id":57,"type":"broadcast"}}
2024/11/07 18:16:05 Sent {"src":"n1","dest":"n0","body":{"in_reply_to":57,"type":"broadcast_ok"}}
2024/11/07 18:16:05 Sent {"src":"n1","dest":"n2","body":{"message":84,"msg_id":57,"type":"broadcast"}}
2024/11/07 18:16:05 Sent {"src":"n1","dest":"n1","body":{"message":84,"msg_id":57,"type":"broadcast"}}
2024/11/07 18:16:05 Sent {"src":"n1","dest":"n4","body":{"message":84,"msg_id":57,"type":"broadcast"}}
2024/11/07 18:16:05 Sent {"src":"n1","dest":"n3","body":{"message":84,"msg_id":57,"type":"broadcast"}}
2024/11/07 18:16:05 Received {n1 n1 {"message":84,"msg_id":57,"type":"broadcast"}}
2024/11/07 18:16:05 Received {n4 n1 {"message":84,"msg_id":57,"type":"broadcast"}}
2024/11/07 18:16:05 Received {n3 n1 {"message":84,"msg_id":57,"type":"broadcast"}}
2024/11/07 18:16:05 Received {n2 n1 {"message":84,"msg_id":57,"type":"broadcast"}}
2024/11/07 18:16:05 Received {c11 n1 {"type":"broadcast","message":85,"msg_id":31}}
2024/11/07 18:16:05 Sent {"src":"n1","dest":"n4","body":{"message":85,"msg_id":31,"type":"broadcast"}}
2024/11/07 18:16:05 Sent {"src":"n1","dest":"c11","body":{"in_reply_to":31,"type":"broadcast_ok"}}
2024/11/07 18:16:05 Sent {"src":"n1","dest":"n1","body":{"message":85,"msg_id":31,"type":"broadcast"}}
2024/11/07 18:16:05 Sent {"src":"n1","dest":"n0","body":{"message":85,"msg_id":31,"type":"broadcast"}}
2024/11/07 18:16:05 Sent {"src":"n1","dest":"n2","body":{"message":85,"msg_id":31,"type":"broadcast"}}
2024/11/07 18:16:05 Sent {"src":"n1","dest":"n3","body":{"message":85,"msg_id":31,"type":"broadcast"}}
2024/11/07 18:16:05 Received {n1 n1 {"message":85,"msg_id":31,"type":"broadcast"}}
2024/11/07 18:16:05 Received {n4 n1 {"in_reply_to":31,"type":"broadcast_ok"}}
2024/11/07 18:16:05 Ignoring reply to 31 with no callback
2024/11/07 18:16:05 Received {n3 n1 {"in_reply_to":31,"type":"broadcast_ok"}}
2024/11/07 18:16:05 Ignoring reply to 31 with no callback
2024/11/07 18:16:05 Received {n2 n1 {"in_reply_to":31,"type":"broadcast_ok"}}
2024/11/07 18:16:05 Ignoring reply to 31 with no callback
2024/11/07 18:16:05 Received {n0 n1 {"in_reply_to":31,"type":"broadcast_ok"}}
2024/11/07 18:16:05 Ignoring reply to 31 with no callback
2024/11/07 18:16:06 Received {n2 n1 {"message":86,"msg_id":30,"type":"broadcast"}}
2024/11/07 18:16:06 Sent {"src":"n1","dest":"n1","body":{"message":86,"msg_id":30,"type":"broadcast"}}
2024/11/07 18:16:06 Sent {"src":"n1","dest":"n2","body":{"in_reply_to":30,"type":"broadcast_ok"}}
2024/11/07 18:16:06 Sent {"src":"n1","dest":"n0","body":{"message":86,"msg_id":30,"type":"broadcast"}}
2024/11/07 18:16:06 Sent {"src":"n1","dest":"n3","body":{"message":86,"msg_id":30,"type":"broadcast"}}
2024/11/07 18:16:06 Sent {"src":"n1","dest":"n4","body":{"message":86,"msg_id":30,"type":"broadcast"}}
2024/11/07 18:16:06 Received {n1 n1 {"message":86,"msg_id":30,"type":"broadcast"}}
2024/11/07 18:16:06 Received {n0 n1 {"message":86,"msg_id":30,"type":"broadcast"}}
2024/11/07 18:16:06 Received {n3 n1 {"message":86,"msg_id":30,"type":"broadcast"}}
2024/11/07 18:16:06 Received {n4 n1 {"message":86,"msg_id":30,"type":"broadcast"}}
2024/11/07 18:16:06 Received {n3 n1 {"message":87,"msg_id":30,"type":"broadcast"}}
2024/11/07 18:16:06 Sent {"src":"n1","dest":"n3","body":{"in_reply_to":30,"type":"broadcast_ok"}}
2024/11/07 18:16:06 Sent {"src":"n1","dest":"n4","body":{"message":87,"msg_id":30,"type":"broadcast"}}
2024/11/07 18:16:06 Sent {"src":"n1","dest":"n1","body":{"message":87,"msg_id":30,"type":"broadcast"}}
2024/11/07 18:16:06 Sent {"src":"n1","dest":"n0","body":{"message":87,"msg_id":30,"type":"broadcast"}}
2024/11/07 18:16:06 Sent {"src":"n1","dest":"n2","body":{"message":87,"msg_id":30,"type":"broadcast"}}
2024/11/07 18:16:06 Received {n1 n1 {"message":87,"msg_id":30,"type":"broadcast"}}
2024/11/07 18:16:06 Received {n4 n1 {"message":87,"msg_id":30,"type":"broadcast"}}
2024/11/07 18:16:06 Received {n0 n1 {"message":87,"msg_id":30,"type":"broadcast"}}
2024/11/07 18:16:06 Received {n2 n1 {"message":87,"msg_id":30,"type":"broadcast"}}
2024/11/07 18:16:06 Received {n4 n1 {"message":88,"msg_id":30,"type":"broadcast"}}
2024/11/07 18:16:06 Sent {"src":"n1","dest":"n4","body":{"in_reply_to":30,"type":"broadcast_ok"}}
2024/11/07 18:16:06 Sent {"src":"n1","dest":"n0","body":{"message":88,"msg_id":30,"type":"broadcast"}}
2024/11/07 18:16:06 Sent {"src":"n1","dest":"n2","body":{"message":88,"msg_id":30,"type":"broadcast"}}
2024/11/07 18:16:06 Sent {"src":"n1","dest":"n1","body":{"message":88,"msg_id":30,"type":"broadcast"}}
2024/11/07 18:16:06 Sent {"src":"n1","dest":"n3","body":{"message":88,"msg_id":30,"type":"broadcast"}}
2024/11/07 18:16:06 Received {n0 n1 {"message":88,"msg_id":30,"type":"broadcast"}}
2024/11/07 18:16:06 Received {n1 n1 {"message":88,"msg_id":30,"type":"broadcast"}}
2024/11/07 18:16:06 Received {n2 n1 {"message":88,"msg_id":30,"type":"broadcast"}}
2024/11/07 18:16:06 Received {n3 n1 {"message":88,"msg_id":30,"type":"broadcast"}}
2024/11/07 18:16:06 Received {c11 n1 {"type":"read","msg_id":32}}
2024/11/07 18:16:06 Sent {"src":"n1","dest":"c11","body":{"in_reply_to":32,"messages":[46,71,0,27,35,20,29,43,70,72,5,6,19,75,79,48,52,54,82,86,8,16,31,42,44,55,65,28,34,36,73,7,25,40,69,80,14,53,68,60,87,3,26,47,78,11,21,63,45,49,50,61,81,1,15,24,83,13,41,76,38,64,88,2,17,18,32,74,4,9,10,51,56,62,84,23,30,33,37,58,66,57,59,67,77,85,12,22,39],"type":"read_ok"}}
2024/11/07 18:16:06 Received {n2 n1 {"message":89,"msg_id":31,"type":"broadcast"}}
2024/11/07 18:16:06 Sent {"src":"n1","dest":"n2","body":{"in_reply_to":31,"type":"broadcast_ok"}}
2024/11/07 18:16:06 Sent {"src":"n1","dest":"n4","body":{"message":89,"msg_id":31,"type":"broadcast"}}
2024/11/07 18:16:06 Sent {"src":"n1","dest":"n3","body":{"message":89,"msg_id":31,"type":"broadcast"}}
2024/11/07 18:16:06 Sent {"src":"n1","dest":"n0","body":{"message":89,"msg_id":31,"type":"broadcast"}}
2024/11/07 18:16:06 Sent {"src":"n1","dest":"n1","body":{"message":89,"msg_id":31,"type":"broadcast"}}
2024/11/07 18:16:06 Received {n3 n1 {"message":89,"msg_id":31,"type":"broadcast"}}
2024/11/07 18:16:06 Received {n4 n1 {"message":89,"msg_id":31,"type":"broadcast"}}
2024/11/07 18:16:06 Received {n0 n1 {"message":89,"msg_id":31,"type":"broadcast"}}
2024/11/07 18:16:06 Received {n1 n1 {"message":89,"msg_id":31,"type":"broadcast"}}
2024/11/07 18:16:06 Received {n3 n1 {"message":90,"msg_id":31,"type":"broadcast"}}
2024/11/07 18:16:06 Sent {"src":"n1","dest":"n1","body":{"message":90,"msg_id":31,"type":"broadcast"}}
2024/11/07 18:16:06 Sent {"src":"n1","dest":"n3","body":{"in_reply_to":31,"type":"broadcast_ok"}}
2024/11/07 18:16:06 Sent {"src":"n1","dest":"n4","body":{"message":90,"msg_id":31,"type":"broadcast"}}
2024/11/07 18:16:06 Sent {"src":"n1","dest":"n0","body":{"message":90,"msg_id":31,"type":"broadcast"}}
2024/11/07 18:16:06 Sent {"src":"n1","dest":"n2","body":{"message":90,"msg_id":31,"type":"broadcast"}}
2024/11/07 18:16:06 Received {n4 n1 {"message":90,"msg_id":31,"type":"broadcast"}}
2024/11/07 18:16:06 Received {n1 n1 {"message":90,"msg_id":31,"type":"broadcast"}}
2024/11/07 18:16:06 Received {n0 n1 {"message":90,"msg_id":31,"type":"broadcast"}}
2024/11/07 18:16:06 Received {n2 n1 {"message":90,"msg_id":31,"type":"broadcast"}}
2024/11/07 18:16:06 Received {n0 n1 {"message":91,"msg_id":61,"type":"broadcast"}}
2024/11/07 18:16:06 Sent {"src":"n1","dest":"n0","body":{"in_reply_to":61,"type":"broadcast_ok"}}
2024/11/07 18:16:06 Sent {"src":"n1","dest":"n1","body":{"message":91,"msg_id":61,"type":"broadcast"}}
2024/11/07 18:16:06 Sent {"src":"n1","dest":"n2","body":{"message":91,"msg_id":61,"type":"broadcast"}}
2024/11/07 18:16:06 Sent {"src":"n1","dest":"n4","body":{"message":91,"msg_id":61,"type":"broadcast"}}
2024/11/07 18:16:06 Sent {"src":"n1","dest":"n3","body":{"message":91,"msg_id":61,"type":"broadcast"}}
2024/11/07 18:16:06 Received {n2 n1 {"message":91,"msg_id":61,"type":"broadcast"}}
2024/11/07 18:16:06 Received {n4 n1 {"message":91,"msg_id":61,"type":"broadcast"}}
2024/11/07 18:16:06 Received {n1 n1 {"message":91,"msg_id":61,"type":"broadcast"}}
2024/11/07 18:16:06 Received {n3 n1 {"message":91,"msg_id":61,"type":"broadcast"}}
2024/11/07 18:16:06 Received {n0 n1 {"message":92,"msg_id":62,"type":"broadcast"}}
2024/11/07 18:16:06 Sent {"src":"n1","dest":"n0","body":{"in_reply_to":62,"type":"broadcast_ok"}}
2024/11/07 18:16:06 Sent {"src":"n1","dest":"n4","body":{"message":92,"msg_id":62,"type":"broadcast"}}
2024/11/07 18:16:06 Sent {"src":"n1","dest":"n1","body":{"message":92,"msg_id":62,"type":"broadcast"}}
2024/11/07 18:16:06 Sent {"src":"n1","dest":"n2","body":{"message":92,"msg_id":62,"type":"broadcast"}}
2024/11/07 18:16:06 Sent {"src":"n1","dest":"n3","body":{"message":92,"msg_id":62,"type":"broadcast"}}
2024/11/07 18:16:06 Received {n2 n1 {"message":92,"msg_id":62,"type":"broadcast"}}
2024/11/07 18:16:06 Received {n1 n1 {"message":92,"msg_id":62,"type":"broadcast"}}
2024/11/07 18:16:06 Received {n4 n1 {"message":92,"msg_id":62,"type":"broadcast"}}
2024/11/07 18:16:06 Received {n3 n1 {"message":92,"msg_id":62,"type":"broadcast"}}
2024/11/07 18:16:06 Received {c11 n1 {"type":"broadcast","message":93,"msg_id":33}}
2024/11/07 18:16:06 Sent {"src":"n1","dest":"c11","body":{"in_reply_to":33,"type":"broadcast_ok"}}
2024/11/07 18:16:06 Sent {"src":"n1","dest":"n1","body":{"message":93,"msg_id":33,"type":"broadcast"}}
2024/11/07 18:16:06 Sent {"src":"n1","dest":"n4","body":{"message":93,"msg_id":33,"type":"broadcast"}}
2024/11/07 18:16:06 Sent {"src":"n1","dest":"n2","body":{"message":93,"msg_id":33,"type":"broadcast"}}
2024/11/07 18:16:06 Sent {"src":"n1","dest":"n3","body":{"message":93,"msg_id":33,"type":"broadcast"}}
2024/11/07 18:16:06 Sent {"src":"n1","dest":"n0","body":{"message":93,"msg_id":33,"type":"broadcast"}}
2024/11/07 18:16:06 Received {n1 n1 {"message":93,"msg_id":33,"type":"broadcast"}}
2024/11/07 18:16:06 Received {n4 n1 {"in_reply_to":33,"type":"broadcast_ok"}}
2024/11/07 18:16:06 Ignoring reply to 33 with no callback
2024/11/07 18:16:06 Received {n2 n1 {"in_reply_to":33,"type":"broadcast_ok"}}
2024/11/07 18:16:06 Ignoring reply to 33 with no callback
2024/11/07 18:16:06 Received {n3 n1 {"in_reply_to":33,"type":"broadcast_ok"}}
2024/11/07 18:16:06 Ignoring reply to 33 with no callback
2024/11/07 18:16:06 Received {n0 n1 {"in_reply_to":33,"type":"broadcast_ok"}}
2024/11/07 18:16:06 Ignoring reply to 33 with no callback
2024/11/07 18:16:16 Received {c11 n1 {"type":"read","msg_id":34}}
2024/11/07 18:16:16 Sent {"src":"n1","dest":"c11","body":{"in_reply_to":34,"messages":[44,55,65,28,34,36,42,92,7,25,40,73,80,14,53,68,69,87,3,26,47,60,11,21,63,78,49,50,61,81,1,15,24,45,89,13,41,76,83,64,88,2,17,18,38,74,93,4,9,10,32,56,62,84,23,30,33,51,37,58,66,91,59,67,77,85,12,22,39,57,90,71,0,27,35,46,29,43,70,72,5,6,19,20,75,79,48,52,54,86,8,16,31,82],"type":"read_ok"}}
