2024/11/07 18:15:47 Received {c4 n3 {"type":"init","node_id":"n3","node_ids":["n0","n1","n2","n3","n4"],"msg_id":1}}
2024/11/07 18:15:47 Node n3 initialized
2024/11/07 18:15:47 Sent {"src":"n3","dest":"c4","body":{"in_reply_to":1,"type":"init_ok"}}
2024/11/07 18:15:47 Received {c9 n3 {"type":"topology","topology":{"n0":["n3","n1"],"n1":["n4","n2","n0"],"n2":["n1"],"n3":["n0","n4"],"n4":["n1","n3"]},"msg_id":1}}
2024/11/07 18:15:47 Sent {"src":"n3","dest":"c9","body":{"in_reply_to":1,"type":"topology_ok"}}
2024/11/07 18:15:47 Received {n1 n3 {"message":0,"msg_id":1,"type":"broadcast"}}
2024/11/07 18:15:47 Sent {"src":"n3","dest":"n2","body":{"message":0,"msg_id":1,"type":"broadcast"}}
2024/11/07 18:15:47 Sent {"src":"n3","dest":"n3","body":{"message":0,"msg_id":1,"type":"broadcast"}}
2024/11/07 18:15:47 Sent {"src":"n3","dest":"n0","body":{"message":0,"msg_id":1,"type":"broadcast"}}
2024/11/07 18:15:47 Sent {"src":"n3","dest":"n1","body":{"in_reply_to":1,"type":"broadcast_ok"}}
2024/11/07 18:15:47 Sent {"src":"n3","dest":"n4","body":{"message":0,"msg_id":1,"type":"broadcast"}}
2024/11/07 18:15:47 Received {n2 n3 {"message":0,"msg_id":1,"type":"broadcast"}}
2024/11/07 18:15:47 Received {n3 n3 {"message":0,"msg_id":1,"type":"broadcast"}}
2024/11/07 18:15:47 Received {n4 n3 {"message":0,"msg_id":1,"type":"broadcast"}}
2024/11/07 18:15:47 Received {n0 n3 {"message":0,"msg_id":1,"type":"broadcast"}}
2024/11/07 18:15:47 Received {c13 n3 {"type":"read","msg_id":1}}
2024/11/07 18:15:47 Sent {"src":"n3","dest":"c13","body":{"in_reply_to":1,"messages":[0],"type":"read_ok"}}
2024/11/07 18:15:47 Received {n1 n3 {"message":1,"msg_id":2,"type":"broadcast"}}
2024/11/07 18:15:47 Sent {"src":"n3","dest":"n1","body":{"in_reply_to":2,"type":"broadcast_ok"}}
2024/11/07 18:15:47 Sent {"src":"n3","dest":"n2","body":{"message":1,"msg_id":2,"type":"broadcast"}}
2024/11/07 18:15:47 Sent {"src":"n3","dest":"n0","body":{"message":1,"msg_id":2,"type":"broadcast"}}
2024/11/07 18:15:47 Sent {"src":"n3","dest":"n3","body":{"message":1,"msg_id":2,"type":"broadcast"}}
2024/11/07 18:15:47 Sent {"src":"n3","dest":"n4","body":{"message":1,"msg_id":2,"type":"broadcast"}}
2024/11/07 18:15:47 Received {n3 n3 {"message":1,"msg_id":2,"type":"broadcast"}}
2024/11/07 18:15:47 Received {n0 n3 {"message":1,"msg_id":2,"type":"broadcast"}}
2024/11/07 18:15:47 Received {n4 n3 {"message":1,"msg_id":2,"type":"broadcast"}}
2024/11/07 18:15:47 Received {n2 n3 {"message":1,"msg_id":2,"type":"broadcast"}}
2024/11/07 18:15:48 Received {c13 n3 {"type":"read","msg_id":2}}
2024/11/07 18:15:48 Sent {"src":"n3","dest":"c13","body":{"in_reply_to":2,"messages":[0,1],"type":"read_ok"}}
2024/11/07 18:15:48 Received {n0 n3 {"message":2,"msg_id":4,"type":"broadcast"}}
2024/11/07 18:15:48 Sent {"src":"n3","dest":"n0","body":{"in_reply_to":4,"type":"broadcast_ok"}}
2024/11/07 18:15:48 Sent {"src":"n3","dest":"n2","body":{"message":2,"msg_id":4,"type":"broadcast"}}
2024/11/07 18:15:48 Sent {"src":"n3","dest":"n4","body":{"message":2,"msg_id":4,"type":"broadcast"}}
2024/11/07 18:15:48 Sent {"src":"n3","dest":"n1","body":{"message":2,"msg_id":4,"type":"broadcast"}}
2024/11/07 18:15:48 Sent {"src":"n3","dest":"n3","body":{"message":2,"msg_id":4,"type":"broadcast"}}
2024/11/07 18:15:48 Received {n4 n3 {"message":2,"msg_id":4,"type":"broadcast"}}
2024/11/07 18:15:48 Received {n2 n3 {"message":2,"msg_id":4,"type":"broadcast"}}
2024/11/07 18:15:48 Received {n3 n3 {"message":2,"msg_id":4,"type":"broadcast"}}
2024/11/07 18:15:48 Received {n1 n3 {"message":2,"msg_id":4,"type":"broadcast"}}
2024/11/07 18:15:48 Received {n0 n3 {"message":3,"msg_id":5,"type":"broadcast"}}
2024/11/07 18:15:48 Sent {"src":"n3","dest":"n2","body":{"message":3,"msg_id":5,"type":"broadcast"}}
2024/11/07 18:15:48 Sent {"src":"n3","dest":"n0","body":{"in_reply_to":5,"type":"broadcast_ok"}}
2024/11/07 18:15:48 Sent {"src":"n3","dest":"n4","body":{"message":3,"msg_id":5,"type":"broadcast"}}
2024/11/07 18:15:48 Sent {"src":"n3","dest":"n1","body":{"message":3,"msg_id":5,"type":"broadcast"}}
2024/11/07 18:15:48 Sent {"src":"n3","dest":"n3","body":{"message":3,"msg_id":5,"type":"broadcast"}}
2024/11/07 18:15:48 Received {n4 n3 {"message":3,"msg_id":5,"type":"broadcast"}}
2024/11/07 18:15:48 Received {n1 n3 {"message":3,"msg_id":5,"type":"broadcast"}}
2024/11/07 18:15:48 Received {n3 n3 {"message":3,"msg_id":5,"type":"broadcast"}}
2024/11/07 18:15:48 Received {n2 n3 {"message":3,"msg_id":5,"type":"broadcast"}}
2024/11/07 18:15:48 Received {n2 n3 {"message":4,"msg_id":3,"type":"broadcast"}}
2024/11/07 18:15:48 Sent {"src":"n3","dest":"n2","body":{"in_reply_to":3,"type":"broadcast_ok"}}
2024/11/07 18:15:48 Sent {"src":"n3","dest":"n4","body":{"message":4,"msg_id":3,"type":"broadcast"}}
2024/11/07 18:15:48 Sent {"src":"n3","dest":"n0","body":{"message":4,"msg_id":3,"type":"broadcast"}}
2024/11/07 18:15:48 Sent {"src":"n3","dest":"n1","body":{"message":4,"msg_id":3,"type":"broadcast"}}
2024/11/07 18:15:48 Sent {"src":"n3","dest":"n3","body":{"message":4,"msg_id":3,"type":"broadcast"}}
2024/11/07 18:15:48 Received {n0 n3 {"message":4,"msg_id":3,"type":"broadcast"}}
2024/11/07 18:15:48 Received {n3 n3 {"message":4,"msg_id":3,"type":"broadcast"}}
2024/11/07 18:15:48 Received {n4 n3 {"message":4,"msg_id":3,"type":"broadcast"}}
2024/11/07 18:15:48 Received {n1 n3 {"message":4,"msg_id":3,"type":"broadcast"}}
2024/11/07 18:15:48 Received {c13 n3 {"type":"read","msg_id":3}}
2024/11/07 18:15:48 Sent {"src":"n3","dest":"c13","body":{"in_reply_to":3,"messages":[0,1,2,3,4],"type":"read_ok"}}
2024/11/07 18:15:48 Received {n4 n3 {"message":5,"msg_id":3,"type":"broadcast"}}
2024/11/07 18:15:48 Sent {"src":"n3","dest":"n0","body":{"message":5,"msg_id":3,"type":"broadcast"}}
2024/11/07 18:15:48 Sent {"src":"n3","dest":"n1","body":{"message":5,"msg_id":3,"type":"broadcast"}}
2024/11/07 18:15:48 Sent {"src":"n3","dest":"n2","body":{"message":5,"msg_id":3,"type":"broadcast"}}
2024/11/07 18:15:48 Sent {"src":"n3","dest":"n4","body":{"in_reply_to":3,"type":"broadcast_ok"}}
2024/11/07 18:15:48 Sent {"src":"n3","dest":"n3","body":{"message":5,"msg_id":3,"type":"broadcast"}}
2024/11/07 18:15:48 Received {n2 n3 {"message":5,"msg_id":3,"type":"broadcast"}}
2024/11/07 18:15:48 Received {n1 n3 {"message":5,"msg_id":3,"type":"broadcast"}}
2024/11/07 18:15:48 Received {n0 n3 {"message":5,"msg_id":3,"type":"broadcast"}}
2024/11/07 18:15:48 Received {n3 n3 {"message":5,"msg_id":3,"type":"broadcast"}}
2024/11/07 18:15:48 Received {n0 n3 {"message":6,"msg_id":7,"type":"broadcast"}}
2024/11/07 18:15:48 Sent {"src":"n3","dest":"n0","body":{"in_reply_to":7,"type":"broadcast_ok"}}
2024/11/07 18:15:48 Sent {"src":"n3","dest":"n4","body":{"message":6,"msg_id":7,"type":"broadcast"}}
2024/11/07 18:15:48 Sent {"src":"n3","dest":"n1","body":{"message":6,"msg_id":7,"type":"broadcast"}}
2024/11/07 18:15:48 Sent {"src":"n3","dest":"n2","body":{"message":6,"msg_id":7,"type":"broadcast"}}
2024/11/07 18:15:48 Sent {"src":"n3","dest":"n3","body":{"message":6,"msg_id":7,"type":"broadcast"}}
2024/11/07 18:15:48 Received {n2 n3 {"message":6,"msg_id":7,"type":"broadcast"}}
2024/11/07 18:15:48 Received {n4 n3 {"message":6,"msg_id":7,"type":"broadcast"}}
2024/11/07 18:15:48 Received {n1 n3 {"message":6,"msg_id":7,"type":"broadcast"}}
2024/11/07 18:15:48 Received {n3 n3 {"message":6,"msg_id":7,"type":"broadcast"}}
2024/11/07 18:15:48 Received {n1 n3 {"message":7,"msg_id":4,"type":"broadcast"}}
2024/11/07 18:15:48 Sent {"src":"n3","dest":"n1","body":{"in_reply_to":4,"type":"broadcast_ok"}}
2024/11/07 18:15:48 Sent {"src":"n3","dest":"n4","body":{"message":7,"msg_id":4,"type":"broadcast"}}
2024/11/07 18:15:48 Sent {"src":"n3","dest":"n0","body":{"message":7,"msg_id":4,"type":"broadcast"}}
2024/11/07 18:15:48 Sent {"src":"n3","dest":"n2","body":{"message":7,"msg_id":4,"type":"broadcast"}}
2024/11/07 18:15:48 Sent {"src":"n3","dest":"n3","body":{"message":7,"msg_id":4,"type":"broadcast"}}
2024/11/07 18:15:48 Received {n0 n3 {"message":7,"msg_id":4,"type":"broadcast"}}
2024/11/07 18:15:48 Received {n4 n3 {"message":7,"msg_id":4,"type":"broadcast"}}
2024/11/07 18:15:48 Received {n3 n3 {"message":7,"msg_id":4,"type":"broadcast"}}
2024/11/07 18:15:48 Received {n2 n3 {"message":7,"msg_id":4,"type":"broadcast"}}
2024/11/07 18:15:49 Received {n2 n3 {"message":8,"msg_id":4,"type":"broadcast"}}
2024/11/07 18:15:49 Sent {"src":"n3","dest":"n2","body":{"in_reply_to":4,"type":"broadcast_ok"}}
2024/11/07 18:15:49 Sent {"src":"n3","dest":"n4","body":{"message":8,"msg_id":4,"type":"broadcast"}}
2024/11/07 18:15:49 Sent {"src":"n3","dest":"n0","body":{"message":8,"msg_id":4,"type":"broadcast"}}
2024/11/07 18:15:49 Sent {"src":"n3","dest":"n1","body":{"message":8,"msg_id":4,"type":"broadcast"}}
2024/11/07 18:15:49 Sent {"src":"n3","dest":"n3","body":{"message":8,"msg_id":4,"type":"broadcast"}}
2024/11/07 18:15:49 Received {n1 n3 {"message":8,"msg_id":4,"type":"broadcast"}}
2024/11/07 18:15:49 Received {n0 n3 {"message":8,"msg_id":4,"type":"broadcast"}}
2024/11/07 18:15:49 Received {n3 n3 {"message":8,"msg_id":4,"type":"broadcast"}}
2024/11/07 18:15:49 Received {n4 n3 {"message":8,"msg_id":4,"type":"broadcast"}}
2024/11/07 18:15:49 Received {c13 n3 {"type":"broadcast","message":9,"msg_id":4}}
2024/11/07 18:15:49 Sent {"src":"n3","dest":"c13","body":{"in_reply_to":4,"type":"broadcast_ok"}}
2024/11/07 18:15:49 Sent {"src":"n3","dest":"n4","body":{"message":9,"msg_id":4,"type":"broadcast"}}
2024/11/07 18:15:49 Sent {"src":"n3","dest":"n1","body":{"message":9,"msg_id":4,"type":"broadcast"}}
2024/11/07 18:15:49 Sent {"src":"n3","dest":"n2","body":{"message":9,"msg_id":4,"type":"broadcast"}}
2024/11/07 18:15:49 Sent {"src":"n3","dest":"n3","body":{"message":9,"msg_id":4,"type":"broadcast"}}
2024/11/07 18:15:49 Sent {"src":"n3","dest":"n0","body":{"message":9,"msg_id":4,"type":"broadcast"}}
2024/11/07 18:15:49 Received {n3 n3 {"message":9,"msg_id":4,"type":"broadcast"}}
2024/11/07 18:15:49 Received {n4 n3 {"in_reply_to":4,"type":"broadcast_ok"}}
2024/11/07 18:15:49 Ignoring reply to 4 with no callback
2024/11/07 18:15:49 Received {n1 n3 {"in_reply_to":4,"type":"broadcast_ok"}}
2024/11/07 18:15:49 Ignoring reply to 4 with no callback
2024/11/07 18:15:49 Received {n0 n3 {"in_reply_to":4,"type":"broadcast_ok"}}
2024/11/07 18:15:49 Ignoring reply to 4 with no callback
2024/11/07 18:15:49 Received {n2 n3 {"in_reply_to":4,"type":"broadcast_ok"}}
2024/11/07 18:15:49 Ignoring reply to 4 with no callback
2024/11/07 18:15:49 Received {n4 n3 {"message":10,"msg_id":4,"type":"broadcast"}}
2024/11/07 18:15:49 Sent {"src":"n3","dest":"n4","body":{"in_reply_to":4,"type":"broadcast_ok"}}
2024/11/07 18:15:49 Sent {"src":"n3","dest":"n1","body":{"message":10,"msg_id":4,"type":"broadcast"}}
2024/11/07 18:15:49 Sent {"src":"n3","dest":"n2","body":{"message":10,"msg_id":4,"type":"broadcast"}}
2024/11/07 18:15:49 Sent {"src":"n3","dest":"n3","body":{"message":10,"msg_id":4,"type":"broadcast"}}
2024/11/07 18:15:49 Sent {"src":"n3","dest":"n0","body":{"message":10,"msg_id":4,"type":"broadcast"}}
2024/11/07 18:15:49 Received {n1 n3 {"message":10,"msg_id":4,"type":"broadcast"}}
2024/11/07 18:15:49 Received {n0 n3 {"message":10,"msg_id":4,"type":"broadcast"}}
2024/11/07 18:15:49 Received {n2 n3 {"message":10,"msg_id":4,"type":"broadcast"}}
2024/11/07 18:15:49 Received {n3 n3 {"message":10,"msg_id":4,"type":"broadcast"}}
2024/11/07 18:15:49 Received {n0 n3 {"message":11,"msg_id":9,"type":"broadcast"}}
2024/11/07 18:15:49 Sent {"src":"n3","dest":"n0","body":{"in_reply_to":9,"type":"broadcast_ok"}}
2024/11/07 18:15:49 Sent {"src":"n3","dest":"n4","body":{"message":11,"msg_id":9,"type":"broadcast"}}
2024/11/07 18:15:49 Sent {"src":"n3","dest":"n1","body":{"message":11,"msg_id":9,"type":"broadcast"}}
2024/11/07 18:15:49 Sent {"src":"n3","dest":"n2","body":{"message":11,"msg_id":9,"type":"broadcast"}}
2024/11/07 18:15:49 Sent {"src":"n3","dest":"n3","body":{"message":11,"msg_id":9,"type":"broadcast"}}
2024/11/07 18:15:49 Received {n1 n3 {"message":11,"msg_id":9,"type":"broadcast"}}
2024/11/07 18:15:49 Received {n4 n3 {"message":11,"msg_id":9,"type":"broadcast"}}
2024/11/07 18:15:49 Received {n2 n3 {"message":11,"msg_id":9,"type":"broadcast"}}
2024/11/07 18:15:49 Received {n3 n3 {"message":11,"msg_id":9,"type":"broadcast"}}
2024/11/07 18:15:49 Received {n1 n3 {"message":12,"msg_id":5,"type":"broadcast"}}
2024/11/07 18:15:49 Sent {"src":"n3","dest":"n1","body":{"in_reply_to":5,"type":"broadcast_ok"}}
2024/11/07 18:15:49 Sent {"src":"n3","dest":"n4","body":{"message":12,"msg_id":5,"type":"broadcast"}}
2024/11/07 18:15:49 Sent {"src":"n3","dest":"n0","body":{"message":12,"msg_id":5,"type":"broadcast"}}
2024/11/07 18:15:49 Sent {"src":"n3","dest":"n2","body":{"message":12,"msg_id":5,"type":"broadcast"}}
2024/11/07 18:15:49 Sent {"src":"n3","dest":"n3","body":{"message":12,"msg_id":5,"type":"broadcast"}}
2024/11/07 18:15:49 Received {n3 n3 {"message":12,"msg_id":5,"type":"broadcast"}}
2024/11/07 18:15:49 Received {n4 n3 {"message":12,"msg_id":5,"type":"broadcast"}}
2024/11/07 18:15:49 Received {n2 n3 {"message":12,"msg_id":5,"type":"broadcast"}}
2024/11/07 18:15:49 Received {n0 n3 {"message":12,"msg_id":5,"type":"broadcast"}}
2024/11/07 18:15:49 Received {n2 n3 {"message":13,"msg_id":5,"type":"broadcast"}}
2024/11/07 18:15:49 Sent {"src":"n3","dest":"n3","body":{"message":13,"msg_id":5,"type":"broadcast"}}
2024/11/07 18:15:49 Sent {"src":"n3","dest":"n0","body":{"message":13,"msg_id":5,"type":"broadcast"}}
2024/11/07 18:15:49 Sent {"src":"n3","dest":"n1","body":{"message":13,"msg_id":5,"type":"broadcast"}}
2024/11/07 18:15:49 Sent {"src":"n3","dest":"n4","body":{"message":13,"msg_id":5,"type":"broadcast"}}
2024/11/07 18:15:49 Sent {"src":"n3","dest":"n2","body":{"in_reply_to":5,"type":"broadcast_ok"}}
2024/11/07 18:15:49 Received {n3 n3 {"message":13,"msg_id":5,"type":"broadcast"}}
2024/11/07 18:15:49 Received {n4 n3 {"message":13,"msg_id":5,"type":"broadcast"}}
2024/11/07 18:15:49 Received {n1 n3 {"message":13,"msg_id":5,"type":"broadcast"}}
2024/11/07 18:15:49 Received {n0 n3 {"message":13,"msg_id":5,"type":"broadcast"}}
2024/11/07 18:15:49 Received {c13 n3 {"type":"broadcast","message":14,"msg_id":5}}
2024/11/07 18:15:49 Sent {"src":"n3","dest":"c13","body":{"in_reply_to":5,"type":"broadcast_ok"}}
2024/11/07 18:15:49 Sent {"src":"n3","dest":"n4","body":{"message":14,"msg_id":5,"type":"broadcast"}}
2024/11/07 18:15:49 Sent {"src":"n3","dest":"n3","body":{"message":14,"msg_id":5,"type":"broadcast"}}
2024/11/07 18:15:49 Sent {"src":"n3","dest":"n1","body":{"message":14,"msg_id":5,"type":"broadcast"}}
2024/11/07 18:15:49 Sent {"src":"n3","dest":"n0","body":{"message":14,"msg_id":5,"type":"broadcast"}}
2024/11/07 18:15:49 Sent {"src":"n3","dest":"n2","body":{"message":14,"msg_id":5,"type":"broadcast"}}
2024/11/07 18:15:49 Received {n3 n3 {"message":14,"msg_id":5,"type":"broadcast"}}
2024/11/07 18:15:49 Received {n1 n3 {"in_reply_to":5,"type":"broadcast_ok"}}
2024/11/07 18:15:49 Ignoring reply to 5 with no callback
2024/11/07 18:15:49 Received {n4 n3 {"in_reply_to":5,"type":"broadcast_ok"}}
2024/11/07 18:15:49 Ignoring reply to 5 with no callback
2024/11/07 18:15:49 Received {n0 n3 {"in_reply_to":5,"type":"broadcast_ok"}}
2024/11/07 18:15:49 Ignoring reply to 5 with no callback
2024/11/07 18:15:49 Received {n2 n3 {"in_reply_to":5,"type":"broadcast_ok"}}
2024/11/07 18:15:49 Ignoring reply to 5 with no callback
2024/11/07 18:15:50 Received {n0 n3 {"message":15,"msg_id":10,"type":"broadcast"}}
2024/11/07 18:15:50 Sent {"src":"n3","dest":"n0","body":{"in_reply_to":10,"type":"broadcast_ok"}}
2024/11/07 18:15:50 Sent {"src":"n3","dest":"n2","body":{"message":15,"msg_id":10,"type":"broadcast"}}
2024/11/07 18:15:50 Sent {"src":"n3","dest":"n3","body":{"message":15,"msg_id":10,"type":"broadcast"}}
2024/11/07 18:15:50 Sent {"src":"n3","dest":"n1","body":{"message":15,"msg_id":10,"type":"broadcast"}}
2024/11/07 18:15:50 Sent {"src":"n3","dest":"n4","body":{"message":15,"msg_id":10,"type":"broadcast"}}
2024/11/07 18:15:50 Received {n2 n3 {"message":15,"msg_id":10,"type":"broadcast"}}
2024/11/07 18:15:50 Received {n4 n3 {"message":15,"msg_id":10,"type":"broadcast"}}
2024/11/07 18:15:50 Received {n1 n3 {"message":15,"msg_id":10,"type":"broadcast"}}
2024/11/07 18:15:50 Received {n3 n3 {"message":15,"msg_id":10,"type":"broadcast"}}
2024/11/07 18:15:50 Received {c13 n3 {"type":"read","msg_id":6}}
2024/11/07 18:15:50 Sent {"src":"n3","dest":"c13","body":{"in_reply_to":6,"messages":[2,4,7,8,13,14,0,3,9,11,12,1,5,6,10,15],"type":"read_ok"}}
2024/11/07 18:15:50 Received {n0 n3 {"message":16,"msg_id":11,"type":"broadcast"}}
2024/11/07 18:15:50 Sent {"src":"n3","dest":"n0","body":{"in_reply_to":11,"type":"broadcast_ok"}}
2024/11/07 18:15:50 Sent {"src":"n3","dest":"n4","body":{"message":16,"msg_id":11,"type":"broadcast"}}
2024/11/07 18:15:50 Sent {"src":"n3","dest":"n1","body":{"message":16,"msg_id":11,"type":"broadcast"}}
2024/11/07 18:15:50 Sent {"src":"n3","dest":"n2","body":{"message":16,"msg_id":11,"type":"broadcast"}}
2024/11/07 18:15:50 Sent {"src":"n3","dest":"n3","body":{"message":16,"msg_id":11,"type":"broadcast"}}
2024/11/07 18:15:50 Received {n1 n3 {"message":16,"msg_id":11,"type":"broadcast"}}
2024/11/07 18:15:50 Received {n4 n3 {"message":16,"msg_id":11,"type":"broadcast"}}
2024/11/07 18:15:50 Received {n3 n3 {"message":16,"msg_id":11,"type":"broadcast"}}
2024/11/07 18:15:50 Received {n2 n3 {"message":16,"msg_id":11,"type":"broadcast"}}
2024/11/07 18:15:50 Received {n0 n3 {"message":17,"msg_id":12,"type":"broadcast"}}
2024/11/07 18:15:50 Sent {"src":"n3","dest":"n0","body":{"in_reply_to":12,"type":"broadcast_ok"}}
2024/11/07 18:15:50 Sent {"src":"n3","dest":"n2","body":{"message":17,"msg_id":12,"type":"broadcast"}}
2024/11/07 18:15:50 Sent {"src":"n3","dest":"n4","body":{"message":17,"msg_id":12,"type":"broadcast"}}
2024/11/07 18:15:50 Sent {"src":"n3","dest":"n3","body":{"message":17,"msg_id":12,"type":"broadcast"}}
2024/11/07 18:15:50 Sent {"src":"n3","dest":"n1","body":{"message":17,"msg_id":12,"type":"broadcast"}}
2024/11/07 18:15:50 Received {n3 n3 {"message":17,"msg_id":12,"type":"broadcast"}}
2024/11/07 18:15:50 Received {n1 n3 {"message":17,"msg_id":12,"type":"broadcast"}}
2024/11/07 18:15:50 Received {n4 n3 {"message":17,"msg_id":12,"type":"broadcast"}}
2024/11/07 18:15:50 Received {n2 n3 {"message":17,"msg_id":12,"type":"broadcast"}}
2024/11/07 18:15:50 Received {n1 n3 {"message":18,"msg_id":8,"type":"broadcast"}}
2024/11/07 18:15:50 Sent {"src":"n3","dest":"n1","body":{"in_reply_to":8,"type":"broadcast_ok"}}
2024/11/07 18:15:50 Sent {"src":"n3","dest":"n4","body":{"message":18,"msg_id":8,"type":"broadcast"}}
2024/11/07 18:15:50 Sent {"src":"n3","dest":"n0","body":{"message":18,"msg_id":8,"type":"broadcast"}}
2024/11/07 18:15:50 Sent {"src":"n3","dest":"n3","body":{"message":18,"msg_id":8,"type":"broadcast"}}
2024/11/07 18:15:50 Sent {"src":"n3","dest":"n2","body":{"message":18,"msg_id":8,"type":"broadcast"}}
2024/11/07 18:15:50 Received {n4 n3 {"message":18,"msg_id":8,"type":"broadcast"}}
2024/11/07 18:15:50 Received {n3 n3 {"message":18,"msg_id":8,"type":"broadcast"}}
2024/11/07 18:15:50 Received {n2 n3 {"message":18,"msg_id":8,"type":"broadcast"}}
2024/11/07 18:15:50 Received {n0 n3 {"message":18,"msg_id":8,"type":"broadcast"}}
2024/11/07 18:15:50 Received {n2 n3 {"message":19,"msg_id":7,"type":"broadcast"}}
2024/11/07 18:15:50 Sent {"src":"n3","dest":"n2","body":{"in_reply_to":7,"type":"broadcast_ok"}}
2024/11/07 18:15:50 Sent {"src":"n3","dest":"n4","body":{"message":19,"msg_id":7,"type":"broadcast"}}
2024/11/07 18:15:50 Sent {"src":"n3","dest":"n0","body":{"message":19,"msg_id":7,"type":"broadcast"}}
2024/11/07 18:15:50 Sent {"src":"n3","dest":"n1","body":{"message":19,"msg_id":7,"type":"broadcast"}}
2024/11/07 18:15:50 Sent {"src":"n3","dest":"n3","body":{"message":19,"msg_id":7,"type":"broadcast"}}
2024/11/07 18:15:50 Received {n3 n3 {"message":19,"msg_id":7,"type":"broadcast"}}
2024/11/07 18:15:50 Received {n1 n3 {"message":19,"msg_id":7,"type":"broadcast"}}
2024/11/07 18:15:50 Received {n4 n3 {"message":19,"msg_id":7,"type":"broadcast"}}
2024/11/07 18:15:50 Received {n0 n3 {"message":19,"msg_id":7,"type":"broadcast"}}
2024/11/07 18:15:50 Received {c13 n3 {"type":"read","msg_id":7}}
2024/11/07 18:15:50 Sent {"src":"n3","dest":"c13","body":{"in_reply_to":7,"messages":[2,4,7,8,13,14,17,18,0,3,9,11,12,16,19,1,5,6,10,15],"type":"read_ok"}}
2024/11/07 18:15:51 Received {n4 n3 {"message":20,"msg_id":7,"type":"broadcast"}}
2024/11/07 18:15:51 Sent {"src":"n3","dest":"n4","body":{"in_reply_to":7,"type":"broadcast_ok"}}
2024/11/07 18:15:51 Sent {"src":"n3","dest":"n1","body":{"message":20,"msg_id":7,"type":"broadcast"}}
2024/11/07 18:15:51 Sent {"src":"n3","dest":"n3","body":{"message":20,"msg_id":7,"type":"broadcast"}}
2024/11/07 18:15:51 Sent {"src":"n3","dest":"n0","body":{"message":20,"msg_id":7,"type":"broadcast"}}
2024/11/07 18:15:51 Sent {"src":"n3","dest":"n2","body":{"message":20,"msg_id":7,"type":"broadcast"}}
2024/11/07 18:15:51 Received {n1 n3 {"message":20,"msg_id":7,"type":"broadcast"}}
2024/11/07 18:15:51 Received {n0 n3 {"message":20,"msg_id":7,"type":"broadcast"}}
2024/11/07 18:15:51 Received {n3 n3 {"message":20,"msg_id":7,"type":"broadcast"}}
2024/11/07 18:15:51 Received {n2 n3 {"message":20,"msg_id":7,"type":"broadcast"}}
2024/11/07 18:15:51 Received {n0 n3 {"message":21,"msg_id":13,"type":"broadcast"}}
2024/11/07 18:15:51 Sent {"src":"n3","dest":"n0","body":{"in_reply_to":13,"type":"broadcast_ok"}}
2024/11/07 18:15:51 Sent {"src":"n3","dest":"n4","body":{"message":21,"msg_id":13,"type":"broadcast"}}
2024/11/07 18:15:51 Sent {"src":"n3","dest":"n1","body":{"message":21,"msg_id":13,"type":"broadcast"}}
2024/11/07 18:15:51 Sent {"src":"n3","dest":"n2","body":{"message":21,"msg_id":13,"type":"broadcast"}}
2024/11/07 18:15:51 Sent {"src":"n3","dest":"n3","body":{"message":21,"msg_id":13,"type":"broadcast"}}
2024/11/07 18:15:51 Received {n4 n3 {"message":21,"msg_id":13,"type":"broadcast"}}
2024/11/07 18:15:51 Received {n2 n3 {"message":21,"msg_id":13,"type":"broadcast"}}
2024/11/07 18:15:51 Received {n1 n3 {"message":21,"msg_id":13,"type":"broadcast"}}
2024/11/07 18:15:51 Received {n3 n3 {"message":21,"msg_id":13,"type":"broadcast"}}
2024/11/07 18:15:51 Received {n1 n3 {"message":22,"msg_id":9,"type":"broadcast"}}
2024/11/07 18:15:51 Sent {"src":"n3","dest":"n1","body":{"in_reply_to":9,"type":"broadcast_ok"}}
2024/11/07 18:15:51 Sent {"src":"n3","dest":"n4","body":{"message":22,"msg_id":9,"type":"broadcast"}}
2024/11/07 18:15:51 Sent {"src":"n3","dest":"n0","body":{"message":22,"msg_id":9,"type":"broadcast"}}
2024/11/07 18:15:51 Sent {"src":"n3","dest":"n2","body":{"message":22,"msg_id":9,"type":"broadcast"}}
2024/11/07 18:15:51 Sent {"src":"n3","dest":"n3","body":{"message":22,"msg_id":9,"type":"broadcast"}}
2024/11/07 18:15:51 Received {n0 n3 {"message":22,"msg_id":9,"type":"broadcast"}}
2024/11/07 18:15:51 Received {n4 n3 {"message":22,"msg_id":9,"type":"broadcast"}}
2024/11/07 18:15:51 Received {n2 n3 {"message":22,"msg_id":9,"type":"broadcast"}}
2024/11/07 18:15:51 Received {n3 n3 {"message":22,"msg_id":9,"type":"broadcast"}}
2024/11/07 18:15:51 Received {c13 n3 {"type":"read","msg_id":8}}
2024/11/07 18:15:51 Sent {"src":"n3","dest":"c13","body":{"in_reply_to":8,"messages":[20,8,13,14,17,18,16,19,0,3,9,11,12,1,5,6,10,15,2,4,7,21,22],"type":"read_ok"}}
2024/11/07 18:15:52 Received {n0 n3 {"message":23,"msg_id":15,"type":"broadcast"}}
2024/11/07 18:15:52 Sent {"src":"n3","dest":"n4","body":{"message":23,"msg_id":15,"type":"broadcast"}}
2024/11/07 18:15:52 Sent {"src":"n3","dest":"n1","body":{"message":23,"msg_id":15,"type":"broadcast"}}
2024/11/07 18:15:52 Sent {"src":"n3","dest":"n2","body":{"message":23,"msg_id":15,"type":"broadcast"}}
2024/11/07 18:15:52 Sent {"src":"n3","dest":"n3","body":{"message":23,"msg_id":15,"type":"broadcast"}}
2024/11/07 18:15:52 Sent {"src":"n3","dest":"n0","body":{"in_reply_to":15,"type":"broadcast_ok"}}
2024/11/07 18:15:52 Received {n2 n3 {"message":23,"msg_id":15,"type":"broadcast"}}
2024/11/07 18:15:52 Received {n4 n3 {"message":23,"msg_id":15,"type":"broadcast"}}
2024/11/07 18:15:52 Received {n1 n3 {"message":23,"msg_id":15,"type":"broadcast"}}
2024/11/07 18:15:52 Received {n3 n3 {"message":23,"msg_id":15,"type":"broadcast"}}
2024/11/07 18:15:52 Received {n1 n3 {"message":24,"msg_id":10,"type":"broadcast"}}
2024/11/07 18:15:52 Sent {"src":"n3","dest":"n1","body":{"in_reply_to":10,"type":"broadcast_ok"}}
2024/11/07 18:15:52 Sent {"src":"n3","dest":"n2","body":{"message":24,"msg_id":10,"type":"broadcast"}}
2024/11/07 18:15:52 Sent {"src":"n3","dest":"n4","body":{"message":24,"msg_id":10,"type":"broadcast"}}
2024/11/07 18:15:52 Sent {"src":"n3","dest":"n3","body":{"message":24,"msg_id":10,"type":"broadcast"}}
2024/11/07 18:15:52 Sent {"src":"n3","dest":"n0","body":{"message":24,"msg_id":10,"type":"broadcast"}}
2024/11/07 18:15:52 Received {n4 n3 {"message":24,"msg_id":10,"type":"broadcast"}}
2024/11/07 18:15:52 Received {n2 n3 {"message":24,"msg_id":10,"type":"broadcast"}}
2024/11/07 18:15:52 Received {n3 n3 {"message":24,"msg_id":10,"type":"broadcast"}}
2024/11/07 18:15:52 Received {n0 n3 {"message":24,"msg_id":10,"type":"broadcast"}}
2024/11/07 18:15:52 Received {n2 n3 {"message":25,"msg_id":9,"type":"broadcast"}}
2024/11/07 18:15:52 Sent {"src":"n3","dest":"n2","body":{"in_reply_to":9,"type":"broadcast_ok"}}
2024/11/07 18:15:52 Sent {"src":"n3","dest":"n1","body":{"message":25,"msg_id":9,"type":"broadcast"}}
2024/11/07 18:15:52 Sent {"src":"n3","dest":"n4","body":{"message":25,"msg_id":9,"type":"broadcast"}}
2024/11/07 18:15:52 Sent {"src":"n3","dest":"n3","body":{"message":25,"msg_id":9,"type":"broadcast"}}
2024/11/07 18:15:52 Sent {"src":"n3","dest":"n0","body":{"message":25,"msg_id":9,"type":"broadcast"}}
2024/11/07 18:15:52 Received {n0 n3 {"message":25,"msg_id":9,"type":"broadcast"}}
2024/11/07 18:15:52 Received {n1 n3 {"message":25,"msg_id":9,"type":"broadcast"}}
2024/11/07 18:15:52 Received {n3 n3 {"message":25,"msg_id":9,"type":"broadcast"}}
2024/11/07 18:15:52 Received {n4 n3 {"message":25,"msg_id":9,"type":"broadcast"}}
2024/11/07 18:15:52 Received {c13 n3 {"type":"read","msg_id":9}}
2024/11/07 18:15:52 Sent {"src":"n3","dest":"c13","body":{"in_reply_to":9,"messages":[11,12,16,19,0,3,9,10,15,1,5,6,21,22,24,25,2,4,7,17,18,20,23,8,13,14],"type":"read_ok"}}
2024/11/07 18:15:52 Received {n0 n3 {"message":26,"msg_id":17,"type":"broadcast"}}
2024/11/07 18:15:52 Sent {"src":"n3","dest":"n0","body":{"in_reply_to":17,"type":"broadcast_ok"}}
2024/11/07 18:15:52 Sent {"src":"n3","dest":"n4","body":{"message":26,"msg_id":17,"type":"broadcast"}}
2024/11/07 18:15:52 Sent {"src":"n3","dest":"n3","body":{"message":26,"msg_id":17,"type":"broadcast"}}
2024/11/07 18:15:52 Sent {"src":"n3","dest":"n2","body":{"message":26,"msg_id":17,"type":"broadcast"}}
2024/11/07 18:15:52 Sent {"src":"n3","dest":"n1","body":{"message":26,"msg_id":17,"type":"broadcast"}}
2024/11/07 18:15:52 Received {n2 n3 {"message":26,"msg_id":17,"type":"broadcast"}}
2024/11/07 18:15:52 Received {n3 n3 {"message":26,"msg_id":17,"type":"broadcast"}}
2024/11/07 18:15:52 Received {n4 n3 {"message":26,"msg_id":17,"type":"broadcast"}}
2024/11/07 18:15:52 Received {n1 n3 {"message":26,"msg_id":17,"type":"broadcast"}}
2024/11/07 18:15:52 Received {n1 n3 {"message":27,"msg_id":11,"type":"broadcast"}}
2024/11/07 18:15:52 Sent {"src":"n3","dest":"n1","body":{"in_reply_to":11,"type":"broadcast_ok"}}
2024/11/07 18:15:52 Sent {"src":"n3","dest":"n4","body":{"message":27,"msg_id":11,"type":"broadcast"}}
2024/11/07 18:15:52 Sent {"src":"n3","dest":"n0","body":{"message":27,"msg_id":11,"type":"broadcast"}}
2024/11/07 18:15:52 Sent {"src":"n3","dest":"n2","body":{"message":27,"msg_id":11,"type":"broadcast"}}
2024/11/07 18:15:52 Sent {"src":"n3","dest":"n3","body":{"message":27,"msg_id":11,"type":"broadcast"}}
2024/11/07 18:15:52 Received {n4 n3 {"message":27,"msg_id":11,"type":"broadcast"}}
2024/11/07 18:15:52 Received {n2 n3 {"message":27,"msg_id":11,"type":"broadcast"}}
2024/11/07 18:15:52 Received {n3 n3 {"message":27,"msg_id":11,"type":"broadcast"}}
2024/11/07 18:15:52 Received {n0 n3 {"message":27,"msg_id":11,"type":"broadcast"}}
2024/11/07 18:15:53 Received {n2 n3 {"message":28,"msg_id":10,"type":"broadcast"}}
2024/11/07 18:15:53 Sent {"src":"n3","dest":"n2","body":{"in_reply_to":10,"type":"broadcast_ok"}}
2024/11/07 18:15:53 Sent {"src":"n3","dest":"n4","body":{"message":28,"msg_id":10,"type":"broadcast"}}
2024/11/07 18:15:53 Sent {"src":"n3","dest":"n0","body":{"message":28,"msg_id":10,"type":"broadcast"}}
2024/11/07 18:15:53 Sent {"src":"n3","dest":"n3","body":{"message":28,"msg_id":10,"type":"broadcast"}}
2024/11/07 18:15:53 Sent {"src":"n3","dest":"n1","body":{"message":28,"msg_id":10,"type":"broadcast"}}
2024/11/07 18:15:53 Received {n4 n3 {"message":28,"msg_id":10,"type":"broadcast"}}
2024/11/07 18:15:53 Received {n1 n3 {"message":28,"msg_id":10,"type":"broadcast"}}
2024/11/07 18:15:53 Received {n3 n3 {"message":28,"msg_id":10,"type":"broadcast"}}
2024/11/07 18:15:53 Received {n0 n3 {"message":28,"msg_id":10,"type":"broadcast"}}
2024/11/07 18:15:53 Received {c13 n3 {"type":"broadcast","message":29,"msg_id":10}}
2024/11/07 18:15:53 Sent {"src":"n3","dest":"c13","body":{"in_reply_to":10,"type":"broadcast_ok"}}
2024/11/07 18:15:53 Sent {"src":"n3","dest":"n1","body":{"message":29,"msg_id":10,"type":"broadcast"}}
2024/11/07 18:15:53 Sent {"src":"n3","dest":"n2","body":{"message":29,"msg_id":10,"type":"broadcast"}}
2024/11/07 18:15:53 Sent {"src":"n3","dest":"n0","body":{"message":29,"msg_id":10,"type":"broadcast"}}
2024/11/07 18:15:53 Sent {"src":"n3","dest":"n4","body":{"message":29,"msg_id":10,"type":"broadcast"}}
2024/11/07 18:15:53 Sent {"src":"n3","dest":"n3","body":{"message":29,"msg_id":10,"type":"broadcast"}}
2024/11/07 18:15:53 Received {n3 n3 {"message":29,"msg_id":10,"type":"broadcast"}}
2024/11/07 18:15:53 Received {n4 n3 {"in_reply_to":10,"type":"broadcast_ok"}}
2024/11/07 18:15:53 Ignoring reply to 10 with no callback
2024/11/07 18:15:53 Received {n2 n3 {"in_reply_to":10,"type":"broadcast_ok"}}
2024/11/07 18:15:53 Ignoring reply to 10 with no callback
2024/11/07 18:15:53 Received {n0 n3 {"in_reply_to":10,"type":"broadcast_ok"}}
2024/11/07 18:15:53 Ignoring reply to 10 with no callback
2024/11/07 18:15:53 Received {n1 n3 {"in_reply_to":10,"type":"broadcast_ok"}}
2024/11/07 18:15:53 Ignoring reply to 10 with no callback
2024/11/07 18:15:53 Received {n1 n3 {"message":30,"msg_id":12,"type":"broadcast"}}
2024/11/07 18:15:53 Sent {"src":"n3","dest":"n1","body":{"in_reply_to":12,"type":"broadcast_ok"}}
2024/11/07 18:15:53 Sent {"src":"n3","dest":"n4","body":{"message":30,"msg_id":12,"type":"broadcast"}}
2024/11/07 18:15:53 Sent {"src":"n3","dest":"n0","body":{"message":30,"msg_id":12,"type":"broadcast"}}
2024/11/07 18:15:53 Sent {"src":"n3","dest":"n2","body":{"message":30,"msg_id":12,"type":"broadcast"}}
2024/11/07 18:15:53 Sent {"src":"n3","dest":"n3","body":{"message":30,"msg_id":12,"type":"broadcast"}}
2024/11/07 18:15:53 Received {n2 n3 {"message":30,"msg_id":12,"type":"broadcast"}}
2024/11/07 18:15:53 Received {n0 n3 {"message":30,"msg_id":12,"type":"broadcast"}}
2024/11/07 18:15:53 Received {n3 n3 {"message":30,"msg_id":12,"type":"broadcast"}}
2024/11/07 18:15:53 Received {n4 n3 {"message":30,"msg_id":12,"type":"broadcast"}}
2024/11/07 18:15:53 Received {n2 n3 {"message":31,"msg_id":11,"type":"broadcast"}}
2024/11/07 18:15:53 Sent {"src":"n3","dest":"n2","body":{"in_reply_to":11,"type":"broadcast_ok"}}
2024/11/07 18:15:53 Sent {"src":"n3","dest":"n4","body":{"message":31,"msg_id":11,"type":"broadcast"}}
2024/11/07 18:15:53 Sent {"src":"n3","dest":"n0","body":{"message":31,"msg_id":11,"type":"broadcast"}}
2024/11/07 18:15:53 Sent {"src":"n3","dest":"n1","body":{"message":31,"msg_id":11,"type":"broadcast"}}
2024/11/07 18:15:53 Sent {"src":"n3","dest":"n3","body":{"message":31,"msg_id":11,"type":"broadcast"}}
2024/11/07 18:15:53 Received {n0 n3 {"message":31,"msg_id":11,"type":"broadcast"}}
2024/11/07 18:15:53 Received {n4 n3 {"message":31,"msg_id":11,"type":"broadcast"}}
2024/11/07 18:15:53 Received {n1 n3 {"message":31,"msg_id":11,"type":"broadcast"}}
2024/11/07 18:15:53 Received {n3 n3 {"message":31,"msg_id":11,"type":"broadcast"}}
2024/11/07 18:15:53 Received {c13 n3 {"type":"broadcast","message":32,"msg_id":11}}
2024/11/07 18:15:53 Sent {"src":"n3","dest":"c13","body":{"in_reply_to":11,"type":"broadcast_ok"}}
2024/11/07 18:15:53 Sent {"src":"n3","dest":"n0","body":{"message":32,"msg_id":11,"type":"broadcast"}}
2024/11/07 18:15:53 Sent {"src":"n3","dest":"n3","body":{"message":32,"msg_id":11,"type":"broadcast"}}
2024/11/07 18:15:53 Sent {"src":"n3","dest":"n2","body":{"message":32,"msg_id":11,"type":"broadcast"}}
2024/11/07 18:15:53 Sent {"src":"n3","dest":"n4","body":{"message":32,"msg_id":11,"type":"broadcast"}}
2024/11/07 18:15:53 Sent {"src":"n3","dest":"n1","body":{"message":32,"msg_id":11,"type":"broadcast"}}
2024/11/07 18:15:53 Received {n3 n3 {"message":32,"msg_id":11,"type":"broadcast"}}
2024/11/07 18:15:53 Received {n4 n3 {"in_reply_to":11,"type":"broadcast_ok"}}
2024/11/07 18:15:53 Ignoring reply to 11 with no callback
2024/11/07 18:15:53 Received {n2 n3 {"in_reply_to":11,"type":"broadcast_ok"}}
2024/11/07 18:15:53 Ignoring reply to 11 with no callback
2024/11/07 18:15:53 Received {n0 n3 {"in_reply_to":11,"type":"broadcast_ok"}}
2024/11/07 18:15:53 Ignoring reply to 11 with no callback
2024/11/07 18:15:53 Received {n1 n3 {"in_reply_to":11,"type":"broadcast_ok"}}
2024/11/07 18:15:53 Ignoring reply to 11 with no callback
2024/11/07 18:15:54 Received {n0 n3 {"message":33,"msg_id":21,"type":"broadcast"}}
2024/11/07 18:15:54 Received {n4 n3 {"message":33,"msg_id":21,"type":"broadcast"}}
2024/11/07 18:15:54 Sent {"src":"n3","dest":"n4","body":{"in_reply_to":21,"type":"broadcast_ok"}}
2024/11/07 18:15:54 Sent {"src":"n3","dest":"n0","body":{"message":33,"msg_id":21,"type":"broadcast"}}
2024/11/07 18:15:54 Sent {"src":"n3","dest":"n3","body":{"message":33,"msg_id":21,"type":"broadcast"}}
2024/11/07 18:15:54 Sent {"src":"n3","dest":"n1","body":{"message":33,"msg_id":21,"type":"broadcast"}}
2024/11/07 18:15:54 Sent {"src":"n3","dest":"n2","body":{"message":33,"msg_id":21,"type":"broadcast"}}
2024/11/07 18:15:54 Received {n1 n3 {"message":33,"msg_id":21,"type":"broadcast"}}
2024/11/07 18:15:54 Received {n2 n3 {"message":33,"msg_id":21,"type":"broadcast"}}
2024/11/07 18:15:54 Received {n3 n3 {"message":33,"msg_id":21,"type":"broadcast"}}
2024/11/07 18:15:54 Received {n0 n3 {"message":34,"msg_id":22,"type":"broadcast"}}
2024/11/07 18:15:54 Sent {"src":"n3","dest":"n0","body":{"in_reply_to":22,"type":"broadcast_ok"}}
2024/11/07 18:15:54 Sent {"src":"n3","dest":"n2","body":{"message":34,"msg_id":22,"type":"broadcast"}}
2024/11/07 18:15:54 Sent {"src":"n3","dest":"n1","body":{"message":34,"msg_id":22,"type":"broadcast"}}
2024/11/07 18:15:54 Sent {"src":"n3","dest":"n4","body":{"message":34,"msg_id":22,"type":"broadcast"}}
2024/11/07 18:15:54 Sent {"src":"n3","dest":"n3","body":{"message":34,"msg_id":22,"type":"broadcast"}}
2024/11/07 18:15:54 Received {n3 n3 {"message":34,"msg_id":22,"type":"broadcast"}}
2024/11/07 18:15:54 Received {n1 n3 {"message":34,"msg_id":22,"type":"broadcast"}}
2024/11/07 18:15:54 Received {n2 n3 {"message":34,"msg_id":22,"type":"broadcast"}}
2024/11/07 18:15:54 Received {n4 n3 {"in_reply_to":22,"type":"broadcast_ok"}}
2024/11/07 18:15:54 Ignoring reply to 22 with no callback
2024/11/07 18:15:54 Received {c13 n3 {"type":"broadcast","message":35,"msg_id":12}}
2024/11/07 18:15:54 Sent {"src":"n3","dest":"c13","body":{"in_reply_to":12,"type":"broadcast_ok"}}
2024/11/07 18:15:54 Sent {"src":"n3","dest":"n1","body":{"message":35,"msg_id":12,"type":"broadcast"}}
2024/11/07 18:15:54 Sent {"src":"n3","dest":"n4","body":{"message":35,"msg_id":12,"type":"broadcast"}}
2024/11/07 18:15:54 Sent {"src":"n3","dest":"n2","body":{"message":35,"msg_id":12,"type":"broadcast"}}
2024/11/07 18:15:54 Sent {"src":"n3","dest":"n0","body":{"message":35,"msg_id":12,"type":"broadcast"}}
2024/11/07 18:15:54 Sent {"src":"n3","dest":"n3","body":{"message":35,"msg_id":12,"type":"broadcast"}}
2024/11/07 18:15:54 Received {n3 n3 {"message":35,"msg_id":12,"type":"broadcast"}}
2024/11/07 18:15:54 Received {n1 n3 {"in_reply_to":12,"type":"broadcast_ok"}}
2024/11/07 18:15:54 Ignoring reply to 12 with no callback
2024/11/07 18:15:54 Received {n4 n3 {"in_reply_to":12,"type":"broadcast_ok"}}
2024/11/07 18:15:54 Ignoring reply to 12 with no callback
2024/11/07 18:15:54 Received {n2 n3 {"in_reply_to":12,"type":"broadcast_ok"}}
2024/11/07 18:15:54 Ignoring reply to 12 with no callback
2024/11/07 18:15:54 Received {n0 n3 {"in_reply_to":12,"type":"broadcast_ok"}}
2024/11/07 18:15:54 Ignoring reply to 12 with no callback
2024/11/07 18:15:54 Received {n4 n3 {"message":36,"msg_id":12,"type":"broadcast"}}
2024/11/07 18:15:54 Sent {"src":"n3","dest":"n4","body":{"in_reply_to":12,"type":"broadcast_ok"}}
2024/11/07 18:15:54 Sent {"src":"n3","dest":"n3","body":{"message":36,"msg_id":12,"type":"broadcast"}}
2024/11/07 18:15:54 Sent {"src":"n3","dest":"n0","body":{"message":36,"msg_id":12,"type":"broadcast"}}
2024/11/07 18:15:54 Sent {"src":"n3","dest":"n1","body":{"message":36,"msg_id":12,"type":"broadcast"}}
2024/11/07 18:15:54 Sent {"src":"n3","dest":"n2","body":{"message":36,"msg_id":12,"type":"broadcast"}}
2024/11/07 18:15:54 Received {n0 n3 {"message":36,"msg_id":12,"type":"broadcast"}}
2024/11/07 18:15:54 Received {n3 n3 {"message":36,"msg_id":12,"type":"broadcast"}}
2024/11/07 18:15:54 Received {n2 n3 {"message":36,"msg_id":12,"type":"broadcast"}}
2024/11/07 18:15:54 Received {n1 n3 {"message":36,"msg_id":12,"type":"broadcast"}}
2024/11/07 18:15:54 Received {n0 n3 {"message":37,"msg_id":24,"type":"broadcast"}}
2024/11/07 18:15:54 Sent {"src":"n3","dest":"n2","body":{"message":37,"msg_id":24,"type":"broadcast"}}
2024/11/07 18:15:54 Sent {"src":"n3","dest":"n1","body":{"message":37,"msg_id":24,"type":"broadcast"}}
2024/11/07 18:15:54 Sent {"src":"n3","dest":"n3","body":{"message":37,"msg_id":24,"type":"broadcast"}}
2024/11/07 18:15:54 Sent {"src":"n3","dest":"n0","body":{"in_reply_to":24,"type":"broadcast_ok"}}
2024/11/07 18:15:54 Sent {"src":"n3","dest":"n4","body":{"message":37,"msg_id":24,"type":"broadcast"}}
2024/11/07 18:15:54 Received {n3 n3 {"message":37,"msg_id":24,"type":"broadcast"}}
2024/11/07 18:15:54 Received {n1 n3 {"message":37,"msg_id":24,"type":"broadcast"}}
2024/11/07 18:15:54 Received {n2 n3 {"message":37,"msg_id":24,"type":"broadcast"}}
2024/11/07 18:15:54 Received {n4 n3 {"message":37,"msg_id":24,"type":"broadcast"}}
2024/11/07 18:15:54 Received {n1 n3 {"message":38,"msg_id":14,"type":"broadcast"}}
2024/11/07 18:15:54 Received {n0 n3 {"message":38,"msg_id":14,"type":"broadcast"}}
2024/11/07 18:15:54 Sent {"src":"n3","dest":"n0","body":{"in_reply_to":14,"type":"broadcast_ok"}}
2024/11/07 18:15:54 Sent {"src":"n3","dest":"n4","body":{"message":38,"msg_id":14,"type":"broadcast"}}
2024/11/07 18:15:54 Sent {"src":"n3","dest":"n1","body":{"message":38,"msg_id":14,"type":"broadcast"}}
2024/11/07 18:15:54 Sent {"src":"n3","dest":"n2","body":{"message":38,"msg_id":14,"type":"broadcast"}}
2024/11/07 18:15:54 Received {n2 n3 {"message":38,"msg_id":14,"type":"broadcast"}}
2024/11/07 18:15:54 Sent {"src":"n3","dest":"n3","body":{"message":38,"msg_id":14,"type":"broadcast"}}
2024/11/07 18:15:54 Received {n3 n3 {"message":38,"msg_id":14,"type":"broadcast"}}
2024/11/07 18:15:54 Received {n4 n3 {"message":38,"msg_id":14,"type":"broadcast"}}
2024/11/07 18:15:55 Received {c13 n3 {"type":"read","msg_id":13}}
2024/11/07 18:15:55 Sent {"src":"n3","dest":"c13","body":{"in_reply_to":13,"messages":[32,1,5,6,15,27,29,30,35,4,7,22,24,25,31,14,18,20,23,26,11,12,19,33,10,37,38,2,21,28,34,36,8,13,17,0,3,9,16],"type":"read_ok"}}
2024/11/07 18:15:55 Received {n4 n3 {"message":39,"msg_id":13,"type":"broadcast"}}
2024/11/07 18:15:55 Sent {"src":"n3","dest":"n4","body":{"in_reply_to":13,"type":"broadcast_ok"}}
2024/11/07 18:15:55 Sent {"src":"n3","dest":"n2","body":{"message":39,"msg_id":13,"type":"broadcast"}}
2024/11/07 18:15:55 Sent {"src":"n3","dest":"n3","body":{"message":39,"msg_id":13,"type":"broadcast"}}
2024/11/07 18:15:55 Sent {"src":"n3","dest":"n0","body":{"message":39,"msg_id":13,"type":"broadcast"}}
2024/11/07 18:15:55 Sent {"src":"n3","dest":"n1","body":{"message":39,"msg_id":13,"type":"broadcast"}}
2024/11/07 18:15:55 Received {n1 n3 {"message":39,"msg_id":13,"type":"broadcast"}}
2024/11/07 18:15:55 Received {n2 n3 {"message":39,"msg_id":13,"type":"broadcast"}}
2024/11/07 18:15:55 Received {n3 n3 {"message":39,"msg_id":13,"type":"broadcast"}}
2024/11/07 18:15:55 Received {n0 n3 {"message":39,"msg_id":13,"type":"broadcast"}}
2024/11/07 18:15:55 Received {n0 n3 {"message":40,"msg_id":26,"type":"broadcast"}}
2024/11/07 18:15:55 Sent {"src":"n3","dest":"n2","body":{"message":40,"msg_id":26,"type":"broadcast"}}
2024/11/07 18:15:55 Sent {"src":"n3","dest":"n1","body":{"message":40,"msg_id":26,"type":"broadcast"}}
2024/11/07 18:15:55 Sent {"src":"n3","dest":"n3","body":{"message":40,"msg_id":26,"type":"broadcast"}}
2024/11/07 18:15:55 Sent {"src":"n3","dest":"n0","body":{"in_reply_to":26,"type":"broadcast_ok"}}
2024/11/07 18:15:55 Sent {"src":"n3","dest":"n4","body":{"message":40,"msg_id":26,"type":"broadcast"}}
2024/11/07 18:15:55 Received {n4 n3 {"message":40,"msg_id":26,"type":"broadcast"}}
2024/11/07 18:15:55 Received {n1 n3 {"message":40,"msg_id":26,"type":"broadcast"}}
2024/11/07 18:15:55 Received {n3 n3 {"message":40,"msg_id":26,"type":"broadcast"}}
2024/11/07 18:15:55 Received {n2 n3 {"message":40,"msg_id":26,"type":"broadcast"}}
2024/11/07 18:15:55 Received {n2 n3 {"message":41,"msg_id":14,"type":"broadcast"}}
2024/11/07 18:15:55 Sent {"src":"n3","dest":"n2","body":{"in_reply_to":14,"type":"broadcast_ok"}}
2024/11/07 18:15:55 Sent {"src":"n3","dest":"n3","body":{"message":41,"msg_id":14,"type":"broadcast"}}
2024/11/07 18:15:55 Sent {"src":"n3","dest":"n0","body":{"message":41,"msg_id":14,"type":"broadcast"}}
2024/11/07 18:15:55 Sent {"src":"n3","dest":"n1","body":{"message":41,"msg_id":14,"type":"broadcast"}}
2024/11/07 18:15:55 Sent {"src":"n3","dest":"n4","body":{"message":41,"msg_id":14,"type":"broadcast"}}
2024/11/07 18:15:55 Received {n1 n3 {"message":41,"msg_id":14,"type":"broadcast"}}
2024/11/07 18:15:55 Received {n4 n3 {"message":41,"msg_id":14,"type":"broadcast"}}
2024/11/07 18:15:55 Received {n3 n3 {"message":41,"msg_id":14,"type":"broadcast"}}
2024/11/07 18:15:55 Received {n0 n3 {"message":41,"msg_id":14,"type":"broadcast"}}
2024/11/07 18:15:55 Received {c13 n3 {"type":"read","msg_id":14}}
2024/11/07 18:15:55 Sent {"src":"n3","dest":"c13","body":{"in_reply_to":14,"messages":[41,0,3,9,16,27,32,1,5,6,15,25,29,30,35,4,7,22,24,26,31,14,18,20,23,39,11,12,19,33,10,40,36,37,38,2,21,28,34,8,13,17],"type":"read_ok"}}
2024/11/07 18:15:55 Received {n4 n3 {"message":42,"msg_id":14,"type":"broadcast"}}
2024/11/07 18:15:55 Sent {"src":"n3","dest":"n4","body":{"in_reply_to":14,"type":"broadcast_ok"}}
2024/11/07 18:15:55 Received {n0 n3 {"message":42,"msg_id":14,"type":"broadcast"}}
2024/11/07 18:15:55 Sent {"src":"n3","dest":"n3","body":{"message":42,"msg_id":14,"type":"broadcast"}}
2024/11/07 18:15:55 Sent {"src":"n3","dest":"n0","body":{"message":42,"msg_id":14,"type":"broadcast"}}
2024/11/07 18:15:55 Sent {"src":"n3","dest":"n1","body":{"message":42,"msg_id":14,"type":"broadcast"}}
2024/11/07 18:15:55 Sent {"src":"n3","dest":"n2","body":{"message":42,"msg_id":14,"type":"broadcast"}}
2024/11/07 18:15:55 Received {n2 n3 {"message":42,"msg_id":14,"type":"broadcast"}}
2024/11/07 18:15:55 Received {n1 n3 {"message":42,"msg_id":14,"type":"broadcast"}}
2024/11/07 18:15:55 Received {n3 n3 {"message":42,"msg_id":14,"type":"broadcast"}}
2024/11/07 18:15:56 Received {n0 n3 {"message":43,"msg_id":27,"type":"broadcast"}}
2024/11/07 18:15:56 Sent {"src":"n3","dest":"n0","body":{"in_reply_to":27,"type":"broadcast_ok"}}
2024/11/07 18:15:56 Sent {"src":"n3","dest":"n3","body":{"message":43,"msg_id":27,"type":"broadcast"}}
2024/11/07 18:15:56 Sent {"src":"n3","dest":"n1","body":{"message":43,"msg_id":27,"type":"broadcast"}}
2024/11/07 18:15:56 Sent {"src":"n3","dest":"n2","body":{"message":43,"msg_id":27,"type":"broadcast"}}
2024/11/07 18:15:56 Sent {"src":"n3","dest":"n4","body":{"message":43,"msg_id":27,"type":"broadcast"}}
2024/11/07 18:15:56 Received {n2 n3 {"message":43,"msg_id":27,"type":"broadcast"}}
2024/11/07 18:15:56 Received {n3 n3 {"message":43,"msg_id":27,"type":"broadcast"}}
2024/11/07 18:15:56 Received {n1 n3 {"message":43,"msg_id":27,"type":"broadcast"}}
2024/11/07 18:15:56 Received {n4 n3 {"message":43,"msg_id":27,"type":"broadcast"}}
2024/11/07 18:15:56 Received {n0 n3 {"message":44,"msg_id":28,"type":"broadcast"}}
2024/11/07 18:15:56 Sent {"src":"n3","dest":"n0","body":{"in_reply_to":28,"type":"broadcast_ok"}}
2024/11/07 18:15:56 Sent {"src":"n3","dest":"n2","body":{"message":44,"msg_id":28,"type":"broadcast"}}
2024/11/07 18:15:56 Sent {"src":"n3","dest":"n1","body":{"message":44,"msg_id":28,"type":"broadcast"}}
2024/11/07 18:15:56 Sent {"src":"n3","dest":"n3","body":{"message":44,"msg_id":28,"type":"broadcast"}}
2024/11/07 18:15:56 Sent {"src":"n3","dest":"n4","body":{"message":44,"msg_id":28,"type":"broadcast"}}
2024/11/07 18:15:56 Received {n1 n3 {"message":44,"msg_id":28,"type":"broadcast"}}
2024/11/07 18:15:56 Received {n2 n3 {"message":44,"msg_id":28,"type":"broadcast"}}
2024/11/07 18:15:56 Received {n4 n3 {"message":44,"msg_id":28,"type":"broadcast"}}
2024/11/07 18:15:56 Received {n3 n3 {"message":44,"msg_id":28,"type":"broadcast"}}
2024/11/07 18:15:56 Received {c13 n3 {"type":"broadcast","message":45,"msg_id":15}}
2024/11/07 18:15:56 Sent {"src":"n3","dest":"c13","body":{"in_reply_to":15,"type":"broadcast_ok"}}
2024/11/07 18:15:56 Sent {"src":"n3","dest":"n1","body":{"message":45,"msg_id":15,"type":"broadcast"}}
2024/11/07 18:15:56 Sent {"src":"n3","dest":"n0","body":{"message":45,"msg_id":15,"type":"broadcast"}}
2024/11/07 18:15:56 Sent {"src":"n3","dest":"n4","body":{"message":45,"msg_id":15,"type":"broadcast"}}
2024/11/07 18:15:56 Sent {"src":"n3","dest":"n3","body":{"message":45,"msg_id":15,"type":"broadcast"}}
2024/11/07 18:15:56 Sent {"src":"n3","dest":"n2","body":{"message":45,"msg_id":15,"type":"broadcast"}}
2024/11/07 18:15:56 Received {n3 n3 {"message":45,"msg_id":15,"type":"broadcast"}}
2024/11/07 18:15:56 Received {n2 n3 {"in_reply_to":15,"type":"broadcast_ok"}}
2024/11/07 18:15:56 Ignoring reply to 15 with no callback
2024/11/07 18:15:56 Received {n1 n3 {"in_reply_to":15,"type":"broadcast_ok"}}
2024/11/07 18:15:56 Ignoring reply to 15 with no callback
2024/11/07 18:15:56 Received {n4 n3 {"in_reply_to":15,"type":"broadcast_ok"}}
2024/11/07 18:15:56 Ignoring reply to 15 with no callback
2024/11/07 18:15:56 Received {n0 n3 {"in_reply_to":15,"type":"broadcast_ok"}}
2024/11/07 18:15:56 Ignoring reply to 15 with no callback
2024/11/07 18:15:56 Received {n4 n3 {"message":46,"msg_id":15,"type":"broadcast"}}
2024/11/07 18:15:56 Sent {"src":"n3","dest":"n4","body":{"in_reply_to":15,"type":"broadcast_ok"}}
2024/11/07 18:15:56 Sent {"src":"n3","dest":"n3","body":{"message":46,"msg_id":15,"type":"broadcast"}}
2024/11/07 18:15:56 Sent {"src":"n3","dest":"n1","body":{"message":46,"msg_id":15,"type":"broadcast"}}
2024/11/07 18:15:56 Sent {"src":"n3","dest":"n0","body":{"message":46,"msg_id":15,"type":"broadcast"}}
2024/11/07 18:15:56 Sent {"src":"n3","dest":"n2","body":{"message":46,"msg_id":15,"type":"broadcast"}}
2024/11/07 18:15:56 Received {n2 n3 {"message":46,"msg_id":15,"type":"broadcast"}}
2024/11/07 18:15:56 Received {n1 n3 {"message":46,"msg_id":15,"type":"broadcast"}}
2024/11/07 18:15:56 Received {n3 n3 {"message":46,"msg_id":15,"type":"broadcast"}}
2024/11/07 18:15:56 Received {n0 n3 {"message":46,"msg_id":15,"type":"broadcast"}}
2024/11/07 18:15:56 Received {n1 n3 {"message":47,"msg_id":17,"type":"broadcast"}}
2024/11/07 18:15:56 Sent {"src":"n3","dest":"n1","body":{"in_reply_to":17,"type":"broadcast_ok"}}
2024/11/07 18:15:56 Sent {"src":"n3","dest":"n2","body":{"message":47,"msg_id":17,"type":"broadcast"}}
2024/11/07 18:15:56 Sent {"src":"n3","dest":"n0","body":{"message":47,"msg_id":17,"type":"broadcast"}}
2024/11/07 18:15:56 Sent {"src":"n3","dest":"n3","body":{"message":47,"msg_id":17,"type":"broadcast"}}
2024/11/07 18:15:56 Sent {"src":"n3","dest":"n4","body":{"message":47,"msg_id":17,"type":"broadcast"}}
2024/11/07 18:15:56 Received {n2 n3 {"message":47,"msg_id":17,"type":"broadcast"}}
2024/11/07 18:15:56 Received {n3 n3 {"message":47,"msg_id":17,"type":"broadcast"}}
2024/11/07 18:15:56 Received {n0 n3 {"message":47,"msg_id":17,"type":"broadcast"}}
2024/11/07 18:15:56 Received {n4 n3 {"message":47,"msg_id":17,"type":"broadcast"}}
2024/11/07 18:15:57 Received {n2 n3 {"message":48,"msg_id":16,"type":"broadcast"}}
2024/11/07 18:15:57 Sent {"src":"n3","dest":"n2","body":{"in_reply_to":16,"type":"broadcast_ok"}}
2024/11/07 18:15:57 Sent {"src":"n3","dest":"n0","body":{"message":48,"msg_id":16,"type":"broadcast"}}
2024/11/07 18:15:57 Sent {"src":"n3","dest":"n1","body":{"message":48,"msg_id":16,"type":"broadcast"}}
2024/11/07 18:15:57 Sent {"src":"n3","dest":"n3","body":{"message":48,"msg_id":16,"type":"broadcast"}}
2024/11/07 18:15:57 Sent {"src":"n3","dest":"n4","body":{"message":48,"msg_id":16,"type":"broadcast"}}
2024/11/07 18:15:57 Received {n4 n3 {"message":48,"msg_id":16,"type":"broadcast"}}
2024/11/07 18:15:57 Received {n0 n3 {"message":48,"msg_id":16,"type":"broadcast"}}
2024/11/07 18:15:57 Received {n1 n3 {"message":48,"msg_id":16,"type":"broadcast"}}
2024/11/07 18:15:57 Received {n3 n3 {"message":48,"msg_id":16,"type":"broadcast"}}
2024/11/07 18:15:57 Received {c13 n3 {"type":"read","msg_id":16}}
2024/11/07 18:15:57 Sent {"src":"n3","dest":"c13","body":{"in_reply_to":16,"messages":[5,6,15,27,32,46,1,7,22,24,25,29,30,35,4,18,20,23,26,31,43,48,14,12,19,33,39,44,11,40,45,10,21,28,34,36,37,38,42,2,13,17,8,3,9,16,41,47,0],"type":"read_ok"}}
2024/11/07 18:15:57 Received {n4 n3 {"message":49,"msg_id":16,"type":"broadcast"}}
2024/11/07 18:15:57 Sent {"src":"n3","dest":"n4","body":{"in_reply_to":16,"type":"broadcast_ok"}}
2024/11/07 18:15:57 Sent {"src":"n3","dest":"n3","body":{"message":49,"msg_id":16,"type":"broadcast"}}
2024/11/07 18:15:57 Sent {"src":"n3","dest":"n2","body":{"message":49,"msg_id":16,"type":"broadcast"}}
2024/11/07 18:15:57 Sent {"src":"n3","dest":"n1","body":{"message":49,"msg_id":16,"type":"broadcast"}}
2024/11/07 18:15:57 Sent {"src":"n3","dest":"n0","body":{"message":49,"msg_id":16,"type":"broadcast"}}
2024/11/07 18:15:57 Received {n3 n3 {"message":49,"msg_id":16,"type":"broadcast"}}
2024/11/07 18:15:57 Received {n2 n3 {"message":49,"msg_id":16,"type":"broadcast"}}
2024/11/07 18:15:57 Received {n0 n3 {"message":49,"msg_id":16,"type":"broadcast"}}
2024/11/07 18:15:57 Received {n1 n3 {"message":49,"msg_id":16,"type":"broadcast"}}
2024/11/07 18:15:57 Received {n0 n3 {"message":50,"msg_id":32,"type":"broadcast"}}
2024/11/07 18:15:57 Sent {"src":"n3","dest":"n0","body":{"in_reply_to":32,"type":"broadcast_ok"}}
2024/11/07 18:15:57 Sent {"src":"n3","dest":"n4","body":{"message":50,"msg_id":32,"type":"broadcast"}}
2024/11/07 18:15:57 Sent {"src":"n3","dest":"n1","body":{"message":50,"msg_id":32,"type":"broadcast"}}
2024/11/07 18:15:57 Sent {"src":"n3","dest":"n2","body":{"message":50,"msg_id":32,"type":"broadcast"}}
2024/11/07 18:15:57 Sent {"src":"n3","dest":"n3","body":{"message":50,"msg_id":32,"type":"broadcast"}}
2024/11/07 18:15:57 Received {n3 n3 {"message":50,"msg_id":32,"type":"broadcast"}}
2024/11/07 18:15:57 Received {n2 n3 {"message":50,"msg_id":32,"type":"broadcast"}}
2024/11/07 18:15:57 Received {n4 n3 {"message":50,"msg_id":32,"type":"broadcast"}}
2024/11/07 18:15:57 Received {n1 n3 {"message":50,"msg_id":32,"type":"broadcast"}}
2024/11/07 18:15:57 Received {n2 n3 {"message":51,"msg_id":17,"type":"broadcast"}}
2024/11/07 18:15:57 Sent {"src":"n3","dest":"n1","body":{"message":51,"msg_id":17,"type":"broadcast"}}
2024/11/07 18:15:57 Sent {"src":"n3","dest":"n0","body":{"message":51,"msg_id":17,"type":"broadcast"}}
2024/11/07 18:15:57 Sent {"src":"n3","dest":"n3","body":{"message":51,"msg_id":17,"type":"broadcast"}}
2024/11/07 18:15:57 Sent {"src":"n3","dest":"n2","body":{"in_reply_to":17,"type":"broadcast_ok"}}
2024/11/07 18:15:57 Sent {"src":"n3","dest":"n4","body":{"message":51,"msg_id":17,"type":"broadcast"}}
2024/11/07 18:15:57 Received {n3 n3 {"message":51,"msg_id":17,"type":"broadcast"}}
2024/11/07 18:15:57 Received {n1 n3 {"message":51,"msg_id":17,"type":"broadcast"}}
2024/11/07 18:15:57 Received {n0 n3 {"message":51,"msg_id":17,"type":"broadcast"}}
2024/11/07 18:15:57 Received {n4 n3 {"message":51,"msg_id":17,"type":"broadcast"}}
2024/11/07 18:15:57 Received {c13 n3 {"type":"broadcast","message":52,"msg_id":17}}
2024/11/07 18:15:57 Sent {"src":"n3","dest":"c13","body":{"in_reply_to":17,"type":"broadcast_ok"}}
2024/11/07 18:15:57 Sent {"src":"n3","dest":"n4","body":{"message":52,"msg_id":17,"type":"broadcast"}}
2024/11/07 18:15:57 Sent {"src":"n3","dest":"n0","body":{"message":52,"msg_id":17,"type":"broadcast"}}
2024/11/07 18:15:57 Sent {"src":"n3","dest":"n3","body":{"message":52,"msg_id":17,"type":"broadcast"}}
2024/11/07 18:15:57 Sent {"src":"n3","dest":"n2","body":{"message":52,"msg_id":17,"type":"broadcast"}}
2024/11/07 18:15:57 Sent {"src":"n3","dest":"n1","body":{"message":52,"msg_id":17,"type":"broadcast"}}
2024/11/07 18:15:57 Received {n3 n3 {"message":52,"msg_id":17,"type":"broadcast"}}
2024/11/07 18:15:57 Received {n0 n3 {"in_reply_to":17,"type":"broadcast_ok"}}
2024/11/07 18:15:57 Ignoring reply to 17 with no callback
2024/11/07 18:15:57 Received {n4 n3 {"in_reply_to":17,"type":"broadcast_ok"}}
2024/11/07 18:15:57 Ignoring reply to 17 with no callback
2024/11/07 18:15:57 Received {n2 n3 {"in_reply_to":17,"type":"broadcast_ok"}}
2024/11/07 18:15:57 Ignoring reply to 17 with no callback
2024/11/07 18:15:57 Received {n1 n3 {"in_reply_to":17,"type":"broadcast_ok"}}
2024/11/07 18:15:57 Ignoring reply to 17 with no callback
2024/11/07 18:15:58 Received {n4 n3 {"message":53,"msg_id":17,"type":"broadcast"}}
2024/11/07 18:15:58 Sent {"src":"n3","dest":"n4","body":{"in_reply_to":17,"type":"broadcast_ok"}}
2024/11/07 18:15:58 Sent {"src":"n3","dest":"n3","body":{"message":53,"msg_id":17,"type":"broadcast"}}
2024/11/07 18:15:58 Sent {"src":"n3","dest":"n0","body":{"message":53,"msg_id":17,"type":"broadcast"}}
2024/11/07 18:15:58 Sent {"src":"n3","dest":"n1","body":{"message":53,"msg_id":17,"type":"broadcast"}}
2024/11/07 18:15:58 Sent {"src":"n3","dest":"n2","body":{"message":53,"msg_id":17,"type":"broadcast"}}
2024/11/07 18:15:58 Received {n2 n3 {"message":53,"msg_id":17,"type":"broadcast"}}
2024/11/07 18:15:58 Received {n0 n3 {"message":53,"msg_id":17,"type":"broadcast"}}
2024/11/07 18:15:58 Received {n1 n3 {"message":53,"msg_id":17,"type":"broadcast"}}
2024/11/07 18:15:58 Received {n3 n3 {"message":53,"msg_id":17,"type":"broadcast"}}
2024/11/07 18:15:58 Received {n0 n3 {"message":54,"msg_id":33,"type":"broadcast"}}
2024/11/07 18:15:58 Sent {"src":"n3","dest":"n0","body":{"in_reply_to":33,"type":"broadcast_ok"}}
2024/11/07 18:15:58 Sent {"src":"n3","dest":"n4","body":{"message":54,"msg_id":33,"type":"broadcast"}}
2024/11/07 18:15:58 Sent {"src":"n3","dest":"n1","body":{"message":54,"msg_id":33,"type":"broadcast"}}
2024/11/07 18:15:58 Sent {"src":"n3","dest":"n2","body":{"message":54,"msg_id":33,"type":"broadcast"}}
2024/11/07 18:15:58 Sent {"src":"n3","dest":"n3","body":{"message":54,"msg_id":33,"type":"broadcast"}}
2024/11/07 18:15:58 Received {n1 n3 {"message":54,"msg_id":33,"type":"broadcast"}}
2024/11/07 18:15:58 Received {n3 n3 {"message":54,"msg_id":33,"type":"broadcast"}}
2024/11/07 18:15:58 Received {n4 n3 {"message":54,"msg_id":33,"type":"broadcast"}}
2024/11/07 18:15:58 Received {n2 n3 {"message":54,"msg_id":33,"type":"broadcast"}}
2024/11/07 18:15:58 Received {n0 n3 {"message":55,"msg_id":34,"type":"broadcast"}}
2024/11/07 18:15:58 Sent {"src":"n3","dest":"n0","body":{"in_reply_to":34,"type":"broadcast_ok"}}
2024/11/07 18:15:58 Sent {"src":"n3","dest":"n4","body":{"message":55,"msg_id":34,"type":"broadcast"}}
2024/11/07 18:15:58 Sent {"src":"n3","dest":"n2","body":{"message":55,"msg_id":34,"type":"broadcast"}}
2024/11/07 18:15:58 Sent {"src":"n3","dest":"n1","body":{"message":55,"msg_id":34,"type":"broadcast"}}
2024/11/07 18:15:58 Sent {"src":"n3","dest":"n3","body":{"message":55,"msg_id":34,"type":"broadcast"}}
2024/11/07 18:15:58 Received {n4 n3 {"message":55,"msg_id":34,"type":"broadcast"}}
2024/11/07 18:15:58 Received {n3 n3 {"message":55,"msg_id":34,"type":"broadcast"}}
2024/11/07 18:15:58 Received {n2 n3 {"message":55,"msg_id":34,"type":"broadcast"}}
2024/11/07 18:15:58 Received {n1 n3 {"message":55,"msg_id":34,"type":"broadcast"}}
2024/11/07 18:15:58 Received {n2 n3 {"message":56,"msg_id":18,"type":"broadcast"}}
2024/11/07 18:15:58 Sent {"src":"n3","dest":"n2","body":{"in_reply_to":18,"type":"broadcast_ok"}}
2024/11/07 18:15:58 Sent {"src":"n3","dest":"n1","body":{"message":56,"msg_id":18,"type":"broadcast"}}
2024/11/07 18:15:58 Sent {"src":"n3","dest":"n4","body":{"message":56,"msg_id":18,"type":"broadcast"}}
2024/11/07 18:15:58 Sent {"src":"n3","dest":"n3","body":{"message":56,"msg_id":18,"type":"broadcast"}}
2024/11/07 18:15:58 Sent {"src":"n3","dest":"n0","body":{"message":56,"msg_id":18,"type":"broadcast"}}
2024/11/07 18:15:58 Received {n4 n3 {"message":56,"msg_id":18,"type":"broadcast"}}
2024/11/07 18:15:58 Received {n1 n3 {"message":56,"msg_id":18,"type":"broadcast"}}
2024/11/07 18:15:58 Received {n3 n3 {"message":56,"msg_id":18,"type":"broadcast"}}
2024/11/07 18:15:58 Received {n0 n3 {"message":56,"msg_id":18,"type":"broadcast"}}
2024/11/07 18:15:58 Received {c13 n3 {"type":"broadcast","message":57,"msg_id":18}}
2024/11/07 18:15:58 Sent {"src":"n3","dest":"n1","body":{"message":57,"msg_id":18,"type":"broadcast"}}
2024/11/07 18:15:58 Sent {"src":"n3","dest":"c13","body":{"in_reply_to":18,"type":"broadcast_ok"}}
2024/11/07 18:15:58 Sent {"src":"n3","dest":"n0","body":{"message":57,"msg_id":18,"type":"broadcast"}}
2024/11/07 18:15:58 Sent {"src":"n3","dest":"n2","body":{"message":57,"msg_id":18,"type":"broadcast"}}
2024/11/07 18:15:58 Sent {"src":"n3","dest":"n4","body":{"message":57,"msg_id":18,"type":"broadcast"}}
2024/11/07 18:15:58 Sent {"src":"n3","dest":"n3","body":{"message":57,"msg_id":18,"type":"broadcast"}}
2024/11/07 18:15:58 Received {n3 n3 {"message":57,"msg_id":18,"type":"broadcast"}}
2024/11/07 18:15:58 Received {n0 n3 {"in_reply_to":18,"type":"broadcast_ok"}}
2024/11/07 18:15:58 Ignoring reply to 18 with no callback
2024/11/07 18:15:58 Received {n1 n3 {"in_reply_to":18,"type":"broadcast_ok"}}
2024/11/07 18:15:58 Ignoring reply to 18 with no callback
2024/11/07 18:15:58 Received {n2 n3 {"in_reply_to":18,"type":"broadcast_ok"}}
2024/11/07 18:15:58 Ignoring reply to 18 with no callback
2024/11/07 18:15:58 Received {n4 n3 {"message":57,"msg_id":18,"type":"broadcast"}}
2024/11/07 18:15:58 Received {n4 n3 {"message":58,"msg_id":18,"type":"broadcast"}}
2024/11/07 18:15:58 Sent {"src":"n3","dest":"n4","body":{"in_reply_to":18,"type":"broadcast_ok"}}
2024/11/07 18:15:58 Sent {"src":"n3","dest":"n3","body":{"message":58,"msg_id":18,"type":"broadcast"}}
2024/11/07 18:15:58 Sent {"src":"n3","dest":"n0","body":{"message":58,"msg_id":18,"type":"broadcast"}}
2024/11/07 18:15:58 Sent {"src":"n3","dest":"n2","body":{"message":58,"msg_id":18,"type":"broadcast"}}
2024/11/07 18:15:58 Sent {"src":"n3","dest":"n1","body":{"message":58,"msg_id":18,"type":"broadcast"}}
2024/11/07 18:15:58 Received {n3 n3 {"message":58,"msg_id":18,"type":"broadcast"}}
2024/11/07 18:15:58 Received {n1 n3 {"message":58,"msg_id":18,"type":"broadcast"}}
2024/11/07 18:15:58 Received {n0 n3 {"message":58,"msg_id":18,"type":"broadcast"}}
2024/11/07 18:15:58 Received {n2 n3 {"message":58,"msg_id":18,"type":"broadcast"}}
2024/11/07 18:15:59 Received {n0 n3 {"message":59,"msg_id":36,"type":"broadcast"}}
2024/11/07 18:15:59 Sent {"src":"n3","dest":"n0","body":{"in_reply_to":36,"type":"broadcast_ok"}}
2024/11/07 18:15:59 Sent {"src":"n3","dest":"n4","body":{"message":59,"msg_id":36,"type":"broadcast"}}
2024/11/07 18:15:59 Sent {"src":"n3","dest":"n1","body":{"message":59,"msg_id":36,"type":"broadcast"}}
2024/11/07 18:15:59 Sent {"src":"n3","dest":"n2","body":{"message":59,"msg_id":36,"type":"broadcast"}}
2024/11/07 18:15:59 Sent {"src":"n3","dest":"n3","body":{"message":59,"msg_id":36,"type":"broadcast"}}
2024/11/07 18:15:59 Received {n4 n3 {"message":59,"msg_id":36,"type":"broadcast"}}
2024/11/07 18:15:59 Received {n3 n3 {"message":59,"msg_id":36,"type":"broadcast"}}
2024/11/07 18:15:59 Received {n2 n3 {"message":59,"msg_id":36,"type":"broadcast"}}
2024/11/07 18:15:59 Received {n1 n3 {"message":59,"msg_id":36,"type":"broadcast"}}
2024/11/07 18:15:59 Received {n1 n3 {"message":60,"msg_id":20,"type":"broadcast"}}
2024/11/07 18:15:59 Sent {"src":"n3","dest":"n1","body":{"in_reply_to":20,"type":"broadcast_ok"}}
2024/11/07 18:15:59 Sent {"src":"n3","dest":"n0","body":{"message":60,"msg_id":20,"type":"broadcast"}}
2024/11/07 18:15:59 Sent {"src":"n3","dest":"n2","body":{"message":60,"msg_id":20,"type":"broadcast"}}
2024/11/07 18:15:59 Sent {"src":"n3","dest":"n4","body":{"message":60,"msg_id":20,"type":"broadcast"}}
2024/11/07 18:15:59 Sent {"src":"n3","dest":"n3","body":{"message":60,"msg_id":20,"type":"broadcast"}}
2024/11/07 18:15:59 Received {n0 n3 {"message":60,"msg_id":20,"type":"broadcast"}}
2024/11/07 18:15:59 Received {n2 n3 {"message":60,"msg_id":20,"type":"broadcast"}}
2024/11/07 18:15:59 Received {n4 n3 {"message":60,"msg_id":20,"type":"broadcast"}}
2024/11/07 18:15:59 Received {n3 n3 {"message":60,"msg_id":20,"type":"broadcast"}}
2024/11/07 18:15:59 Received {c13 n3 {"type":"broadcast","message":61,"msg_id":19}}
2024/11/07 18:15:59 Sent {"src":"n3","dest":"c13","body":{"in_reply_to":19,"type":"broadcast_ok"}}
2024/11/07 18:15:59 Sent {"src":"n3","dest":"n4","body":{"message":61,"msg_id":19,"type":"broadcast"}}
2024/11/07 18:15:59 Sent {"src":"n3","dest":"n1","body":{"message":61,"msg_id":19,"type":"broadcast"}}
2024/11/07 18:15:59 Sent {"src":"n3","dest":"n0","body":{"message":61,"msg_id":19,"type":"broadcast"}}
2024/11/07 18:15:59 Sent {"src":"n3","dest":"n2","body":{"message":61,"msg_id":19,"type":"broadcast"}}
2024/11/07 18:15:59 Sent {"src":"n3","dest":"n3","body":{"message":61,"msg_id":19,"type":"broadcast"}}
2024/11/07 18:15:59 Received {n3 n3 {"message":61,"msg_id":19,"type":"broadcast"}}
2024/11/07 18:15:59 Received {n0 n3 {"in_reply_to":19,"type":"broadcast_ok"}}
2024/11/07 18:15:59 Ignoring reply to 19 with no callback
2024/11/07 18:15:59 Received {n2 n3 {"in_reply_to":19,"type":"broadcast_ok"}}
2024/11/07 18:15:59 Ignoring reply to 19 with no callback
2024/11/07 18:15:59 Received {n4 n3 {"in_reply_to":19,"type":"broadcast_ok"}}
2024/11/07 18:15:59 Ignoring reply to 19 with no callback
2024/11/07 18:15:59 Received {n1 n3 {"in_reply_to":19,"type":"broadcast_ok"}}
2024/11/07 18:15:59 Ignoring reply to 19 with no callback
2024/11/07 18:15:59 Received {n0 n3 {"message":62,"msg_id":37,"type":"broadcast"}}
2024/11/07 18:15:59 Sent {"src":"n3","dest":"n0","body":{"in_reply_to":37,"type":"broadcast_ok"}}
2024/11/07 18:15:59 Sent {"src":"n3","dest":"n4","body":{"message":62,"msg_id":37,"type":"broadcast"}}
2024/11/07 18:15:59 Sent {"src":"n3","dest":"n2","body":{"message":62,"msg_id":37,"type":"broadcast"}}
2024/11/07 18:15:59 Sent {"src":"n3","dest":"n3","body":{"message":62,"msg_id":37,"type":"broadcast"}}
2024/11/07 18:15:59 Sent {"src":"n3","dest":"n1","body":{"message":62,"msg_id":37,"type":"broadcast"}}
2024/11/07 18:15:59 Received {n1 n3 {"message":62,"msg_id":37,"type":"broadcast"}}
2024/11/07 18:15:59 Received {n3 n3 {"message":62,"msg_id":37,"type":"broadcast"}}
2024/11/07 18:15:59 Received {n4 n3 {"message":62,"msg_id":37,"type":"broadcast"}}
2024/11/07 18:15:59 Received {n2 n3 {"in_reply_to":37,"type":"broadcast_ok"}}
2024/11/07 18:15:59 Ignoring reply to 37 with no callback
2024/11/07 18:15:59 Received {n0 n3 {"message":63,"msg_id":38,"type":"broadcast"}}
2024/11/07 18:15:59 Sent {"src":"n3","dest":"n0","body":{"in_reply_to":38,"type":"broadcast_ok"}}
2024/11/07 18:15:59 Sent {"src":"n3","dest":"n1","body":{"message":63,"msg_id":38,"type":"broadcast"}}
2024/11/07 18:15:59 Sent {"src":"n3","dest":"n2","body":{"message":63,"msg_id":38,"type":"broadcast"}}
2024/11/07 18:15:59 Sent {"src":"n3","dest":"n4","body":{"message":63,"msg_id":38,"type":"broadcast"}}
2024/11/07 18:15:59 Sent {"src":"n3","dest":"n3","body":{"message":63,"msg_id":38,"type":"broadcast"}}
2024/11/07 18:15:59 Received {n2 n3 {"message":63,"msg_id":38,"type":"broadcast"}}
2024/11/07 18:15:59 Received {n3 n3 {"message":63,"msg_id":38,"type":"broadcast"}}
2024/11/07 18:15:59 Received {n4 n3 {"message":63,"msg_id":38,"type":"broadcast"}}
2024/11/07 18:15:59 Received {n1 n3 {"message":63,"msg_id":38,"type":"broadcast"}}
2024/11/07 18:15:59 Received {n2 n3 {"message":64,"msg_id":20,"type":"broadcast"}}
2024/11/07 18:15:59 Sent {"src":"n3","dest":"n2","body":{"in_reply_to":20,"type":"broadcast_ok"}}
2024/11/07 18:15:59 Sent {"src":"n3","dest":"n4","body":{"message":64,"msg_id":20,"type":"broadcast"}}
2024/11/07 18:15:59 Sent {"src":"n3","dest":"n0","body":{"message":64,"msg_id":20,"type":"broadcast"}}
2024/11/07 18:15:59 Sent {"src":"n3","dest":"n1","body":{"message":64,"msg_id":20,"type":"broadcast"}}
2024/11/07 18:15:59 Sent {"src":"n3","dest":"n3","body":{"message":64,"msg_id":20,"type":"broadcast"}}
2024/11/07 18:15:59 Received {n4 n3 {"message":64,"msg_id":20,"type":"broadcast"}}
2024/11/07 18:15:59 Received {n1 n3 {"message":64,"msg_id":20,"type":"broadcast"}}
2024/11/07 18:15:59 Received {n3 n3 {"message":64,"msg_id":20,"type":"broadcast"}}
2024/11/07 18:15:59 Received {n0 n3 {"message":64,"msg_id":20,"type":"broadcast"}}
2024/11/07 18:15:59 Received {c13 n3 {"type":"read","msg_id":20}}
2024/11/07 18:15:59 Sent {"src":"n3","dest":"c13","body":{"in_reply_to":20,"messages":[23,31,53,60,14,18,20,64,11,33,39,54,10,40,51,36,21,28,34,13,17,47,58,0,9,41,46,62,5,6,15,29,30,57,7,24,25,26,43,48,56,12,19,44,45,42,59,63,2,37,38,8,49,55,3,16,50,1,27,32,52,61,4,22,35],"type":"read_ok"}}
2024/11/07 18:16:00 Received {n0 n3 {"message":65,"msg_id":39,"type":"broadcast"}}
2024/11/07 18:16:00 Sent {"src":"n3","dest":"n0","body":{"in_reply_to":39,"type":"broadcast_ok"}}
2024/11/07 18:16:00 Sent {"src":"n3","dest":"n4","body":{"message":65,"msg_id":39,"type":"broadcast"}}
2024/11/07 18:16:00 Sent {"src":"n3","dest":"n2","body":{"message":65,"msg_id":39,"type":"broadcast"}}
2024/11/07 18:16:00 Sent {"src":"n3","dest":"n3","body":{"message":65,"msg_id":39,"type":"broadcast"}}
2024/11/07 18:16:00 Sent {"src":"n3","dest":"n1","body":{"message":65,"msg_id":39,"type":"broadcast"}}
2024/11/07 18:16:00 Received {n4 n3 {"message":65,"msg_id":39,"type":"broadcast"}}
2024/11/07 18:16:00 Received {n3 n3 {"message":65,"msg_id":39,"type":"broadcast"}}
2024/11/07 18:16:00 Received {n1 n3 {"message":65,"msg_id":39,"type":"broadcast"}}
2024/11/07 18:16:00 Received {n2 n3 {"message":65,"msg_id":39,"type":"broadcast"}}
2024/11/07 18:16:00 Received {n1 n3 {"message":66,"msg_id":22,"type":"broadcast"}}
2024/11/07 18:16:00 Sent {"src":"n3","dest":"n1","body":{"in_reply_to":22,"type":"broadcast_ok"}}
2024/11/07 18:16:00 Sent {"src":"n3","dest":"n0","body":{"message":66,"msg_id":22,"type":"broadcast"}}
2024/11/07 18:16:00 Sent {"src":"n3","dest":"n2","body":{"message":66,"msg_id":22,"type":"broadcast"}}
2024/11/07 18:16:00 Sent {"src":"n3","dest":"n4","body":{"message":66,"msg_id":22,"type":"broadcast"}}
2024/11/07 18:16:00 Sent {"src":"n3","dest":"n3","body":{"message":66,"msg_id":22,"type":"broadcast"}}
2024/11/07 18:16:00 Received {n3 n3 {"message":66,"msg_id":22,"type":"broadcast"}}
2024/11/07 18:16:00 Received {n4 n3 {"message":66,"msg_id":22,"type":"broadcast"}}
2024/11/07 18:16:00 Received {n0 n3 {"message":66,"msg_id":22,"type":"broadcast"}}
2024/11/07 18:16:00 Received {n2 n3 {"message":66,"msg_id":22,"type":"broadcast"}}
2024/11/07 18:16:00 Received {c13 n3 {"type":"read","msg_id":21}}
2024/11/07 18:16:00 Sent {"src":"n3","dest":"c13","body":{"in_reply_to":21,"messages":[52,61,4,22,35,23,31,53,60,14,18,20,64,11,33,39,54,10,40,51,36,21,28,34,13,17,47,58,0,9,41,46,62,5,6,15,29,30,57,65,7,24,25,66,26,43,48,56,12,19,44,45,42,59,63,2,37,38,8,49,55,3,16,50,1,27,32],"type":"read_ok"}}
2024/11/07 18:16:00 Received {n0 n3 {"message":67,"msg_id":42,"type":"broadcast"}}
2024/11/07 18:16:00 Sent {"src":"n3","dest":"n0","body":{"in_reply_to":42,"type":"broadcast_ok"}}
2024/11/07 18:16:00 Sent {"src":"n3","dest":"n4","body":{"message":67,"msg_id":42,"type":"broadcast"}}
2024/11/07 18:16:00 Sent {"src":"n3","dest":"n1","body":{"message":67,"msg_id":42,"type":"broadcast"}}
2024/11/07 18:16:00 Sent {"src":"n3","dest":"n2","body":{"message":67,"msg_id":42,"type":"broadcast"}}
2024/11/07 18:16:00 Sent {"src":"n3","dest":"n3","body":{"message":67,"msg_id":42,"type":"broadcast"}}
2024/11/07 18:16:00 Received {n1 n3 {"message":67,"msg_id":42,"type":"broadcast"}}
2024/11/07 18:16:00 Received {n3 n3 {"message":67,"msg_id":42,"type":"broadcast"}}
2024/11/07 18:16:00 Received {n4 n3 {"message":67,"msg_id":42,"type":"broadcast"}}
2024/11/07 18:16:00 Received {n2 n3 {"message":67,"msg_id":42,"type":"broadcast"}}
2024/11/07 18:16:00 Received {c13 n3 {"type":"read","msg_id":22}}
2024/11/07 18:16:00 Sent {"src":"n3","dest":"c13","body":{"in_reply_to":22,"messages":[13,17,0,9,41,47,58,5,6,15,46,62,57,65,67,7,24,25,29,30,26,43,48,66,12,19,44,56,45,63,2,37,38,42,59,8,49,55,3,16,1,27,32,50,4,22,35,52,61,53,60,14,18,20,23,31,11,33,39,64,10,40,51,54,21,28,34,36],"type":"read_ok"}}
2024/11/07 18:16:00 Received {n4 n3 {"message":68,"msg_id":22,"type":"broadcast"}}
2024/11/07 18:16:00 Sent {"src":"n3","dest":"n4","body":{"in_reply_to":22,"type":"broadcast_ok"}}
2024/11/07 18:16:00 Sent {"src":"n3","dest":"n3","body":{"message":68,"msg_id":22,"type":"broadcast"}}
2024/11/07 18:16:00 Sent {"src":"n3","dest":"n0","body":{"message":68,"msg_id":22,"type":"broadcast"}}
2024/11/07 18:16:00 Sent {"src":"n3","dest":"n1","body":{"message":68,"msg_id":22,"type":"broadcast"}}
2024/11/07 18:16:00 Sent {"src":"n3","dest":"n2","body":{"message":68,"msg_id":22,"type":"broadcast"}}
2024/11/07 18:16:00 Received {n2 n3 {"message":68,"msg_id":22,"type":"broadcast"}}
2024/11/07 18:16:00 Received {n3 n3 {"message":68,"msg_id":22,"type":"broadcast"}}
2024/11/07 18:16:00 Received {n0 n3 {"message":68,"msg_id":22,"type":"broadcast"}}
2024/11/07 18:16:00 Received {n1 n3 {"message":68,"msg_id":22,"type":"broadcast"}}
2024/11/07 18:16:01 Received {n0 n3 {"message":69,"msg_id":44,"type":"broadcast"}}
2024/11/07 18:16:01 Sent {"src":"n3","dest":"n0","body":{"in_reply_to":44,"type":"broadcast_ok"}}
2024/11/07 18:16:01 Sent {"src":"n3","dest":"n4","body":{"message":69,"msg_id":44,"type":"broadcast"}}
2024/11/07 18:16:01 Sent {"src":"n3","dest":"n1","body":{"message":69,"msg_id":44,"type":"broadcast"}}
2024/11/07 18:16:01 Sent {"src":"n3","dest":"n2","body":{"message":69,"msg_id":44,"type":"broadcast"}}
2024/11/07 18:16:01 Sent {"src":"n3","dest":"n3","body":{"message":69,"msg_id":44,"type":"broadcast"}}
2024/11/07 18:16:01 Received {n2 n3 {"message":69,"msg_id":44,"type":"broadcast"}}
2024/11/07 18:16:01 Received {n1 n3 {"message":69,"msg_id":44,"type":"broadcast"}}
2024/11/07 18:16:01 Received {n4 n3 {"message":69,"msg_id":44,"type":"broadcast"}}
2024/11/07 18:16:01 Received {n3 n3 {"message":69,"msg_id":44,"type":"broadcast"}}
2024/11/07 18:16:01 Received {c13 n3 {"type":"read","msg_id":23}}
2024/11/07 18:16:01 Sent {"src":"n3","dest":"c13","body":{"in_reply_to":23,"messages":[30,57,65,67,7,24,25,29,26,43,48,66,12,19,44,56,45,59,63,2,37,38,42,8,49,55,3,16,1,27,32,50,61,4,22,35,52,31,53,60,14,18,20,23,11,33,39,64,10,40,51,54,21,28,34,36,13,17,68,58,0,9,41,47,62,69,5,6,15,46],"type":"read_ok"}}
2024/11/07 18:16:01 Received {n4 n3 {"message":70,"msg_id":23,"type":"broadcast"}}
2024/11/07 18:16:01 Sent {"src":"n3","dest":"n4","body":{"in_reply_to":23,"type":"broadcast_ok"}}
2024/11/07 18:16:01 Sent {"src":"n3","dest":"n3","body":{"message":70,"msg_id":23,"type":"broadcast"}}
2024/11/07 18:16:01 Sent {"src":"n3","dest":"n2","body":{"message":70,"msg_id":23,"type":"broadcast"}}
2024/11/07 18:16:01 Sent {"src":"n3","dest":"n1","body":{"message":70,"msg_id":23,"type":"broadcast"}}
2024/11/07 18:16:01 Sent {"src":"n3","dest":"n0","body":{"message":70,"msg_id":23,"type":"broadcast"}}
2024/11/07 18:16:01 Received {n2 n3 {"message":70,"msg_id":23,"type":"broadcast"}}
2024/11/07 18:16:01 Received {n1 n3 {"message":70,"msg_id":23,"type":"broadcast"}}
2024/11/07 18:16:01 Received {n3 n3 {"message":70,"msg_id":23,"type":"broadcast"}}
2024/11/07 18:16:01 Received {n0 n3 {"message":70,"msg_id":23,"type":"broadcast"}}
2024/11/07 18:16:01 Received {n0 n3 {"message":71,"msg_id":46,"type":"broadcast"}}
2024/11/07 18:16:01 Sent {"src":"n3","dest":"n0","body":{"in_reply_to":46,"type":"broadcast_ok"}}
2024/11/07 18:16:01 Sent {"src":"n3","dest":"n4","body":{"message":71,"msg_id":46,"type":"broadcast"}}
2024/11/07 18:16:01 Sent {"src":"n3","dest":"n1","body":{"message":71,"msg_id":46,"type":"broadcast"}}
2024/11/07 18:16:01 Sent {"src":"n3","dest":"n2","body":{"message":71,"msg_id":46,"type":"broadcast"}}
2024/11/07 18:16:01 Sent {"src":"n3","dest":"n3","body":{"message":71,"msg_id":46,"type":"broadcast"}}
2024/11/07 18:16:01 Received {n2 n3 {"message":71,"msg_id":46,"type":"broadcast"}}
2024/11/07 18:16:01 Received {n1 n3 {"message":71,"msg_id":46,"type":"broadcast"}}
2024/11/07 18:16:01 Received {n4 n3 {"message":71,"msg_id":46,"type":"broadcast"}}
2024/11/07 18:16:01 Received {n3 n3 {"message":71,"msg_id":46,"type":"broadcast"}}
2024/11/07 18:16:02 Received {n2 n3 {"message":72,"msg_id":24,"type":"broadcast"}}
2024/11/07 18:16:02 Sent {"src":"n3","dest":"n2","body":{"in_reply_to":24,"type":"broadcast_ok"}}
2024/11/07 18:16:02 Sent {"src":"n3","dest":"n4","body":{"message":72,"msg_id":24,"type":"broadcast"}}
2024/11/07 18:16:02 Sent {"src":"n3","dest":"n0","body":{"message":72,"msg_id":24,"type":"broadcast"}}
2024/11/07 18:16:02 Sent {"src":"n3","dest":"n1","body":{"message":72,"msg_id":24,"type":"broadcast"}}
2024/11/07 18:16:02 Sent {"src":"n3","dest":"n3","body":{"message":72,"msg_id":24,"type":"broadcast"}}
2024/11/07 18:16:02 Received {n0 n3 {"message":72,"msg_id":24,"type":"broadcast"}}
2024/11/07 18:16:02 Received {n1 n3 {"message":72,"msg_id":24,"type":"broadcast"}}
2024/11/07 18:16:02 Received {n3 n3 {"message":72,"msg_id":24,"type":"broadcast"}}
2024/11/07 18:16:02 Received {n4 n3 {"message":72,"msg_id":24,"type":"broadcast"}}
2024/11/07 18:16:02 Received {c13 n3 {"type":"read","msg_id":24}}
2024/11/07 18:16:02 Sent {"src":"n3","dest":"c13","body":{"in_reply_to":24,"messages":[8,49,55,3,16,50,1,27,32,52,61,4,22,35,23,31,53,60,14,18,20,64,11,33,39,54,10,40,51,36,21,28,34,13,17,68,47,58,0,9,41,46,62,69,72,5,6,15,29,30,57,65,67,7,24,25,70,66,26,43,48,56,12,19,44,45,42,59,63,71,2,37,38],"type":"read_ok"}}
2024/11/07 18:16:02 Received {n0 n3 {"message":73,"msg_id":48,"type":"broadcast"}}
2024/11/07 18:16:02 Sent {"src":"n3","dest":"n0","body":{"in_reply_to":48,"type":"broadcast_ok"}}
2024/11/07 18:16:02 Sent {"src":"n3","dest":"n4","body":{"message":73,"msg_id":48,"type":"broadcast"}}
2024/11/07 18:16:02 Sent {"src":"n3","dest":"n3","body":{"message":73,"msg_id":48,"type":"broadcast"}}
2024/11/07 18:16:02 Sent {"src":"n3","dest":"n1","body":{"message":73,"msg_id":48,"type":"broadcast"}}
2024/11/07 18:16:02 Sent {"src":"n3","dest":"n2","body":{"message":73,"msg_id":48,"type":"broadcast"}}
2024/11/07 18:16:02 Received {n1 n3 {"message":73,"msg_id":48,"type":"broadcast"}}
2024/11/07 18:16:02 Received {n3 n3 {"message":73,"msg_id":48,"type":"broadcast"}}
2024/11/07 18:16:02 Received {n4 n3 {"message":73,"msg_id":48,"type":"broadcast"}}
2024/11/07 18:16:02 Received {n2 n3 {"message":73,"msg_id":48,"type":"broadcast"}}
2024/11/07 18:16:02 Received {c13 n3 {"type":"read","msg_id":25}}
2024/11/07 18:16:02 Sent {"src":"n3","dest":"c13","body":{"in_reply_to":25,"messages":[45,2,37,38,42,59,63,71,8,49,55,3,16,1,27,32,50,4,22,35,52,61,14,18,20,23,31,53,60,11,33,39,64,10,40,51,54,21,28,34,36,73,13,17,68,0,9,41,47,58,5,6,15,46,62,69,72,7,24,25,29,30,57,65,67,70,26,43,48,66,12,19,44,56],"type":"read_ok"}}
2024/11/07 18:16:03 Received {n0 n3 {"message":74,"msg_id":49,"type":"broadcast"}}
2024/11/07 18:16:03 Sent {"src":"n3","dest":"n0","body":{"in_reply_to":49,"type":"broadcast_ok"}}
2024/11/07 18:16:03 Sent {"src":"n3","dest":"n2","body":{"message":74,"msg_id":49,"type":"broadcast"}}
2024/11/07 18:16:03 Sent {"src":"n3","dest":"n1","body":{"message":74,"msg_id":49,"type":"broadcast"}}
2024/11/07 18:16:03 Sent {"src":"n3","dest":"n4","body":{"message":74,"msg_id":49,"type":"broadcast"}}
2024/11/07 18:16:03 Sent {"src":"n3","dest":"n3","body":{"message":74,"msg_id":49,"type":"broadcast"}}
2024/11/07 18:16:03 Received {n1 n3 {"message":74,"msg_id":49,"type":"broadcast"}}
2024/11/07 18:16:03 Received {n4 n3 {"message":74,"msg_id":49,"type":"broadcast"}}
2024/11/07 18:16:03 Received {n2 n3 {"message":74,"msg_id":49,"type":"broadcast"}}
2024/11/07 18:16:03 Received {n3 n3 {"message":74,"msg_id":49,"type":"broadcast"}}
2024/11/07 18:16:03 Received {n0 n3 {"message":75,"msg_id":50,"type":"broadcast"}}
2024/11/07 18:16:03 Sent {"src":"n3","dest":"n0","body":{"in_reply_to":50,"type":"broadcast_ok"}}
2024/11/07 18:16:03 Sent {"src":"n3","dest":"n4","body":{"message":75,"msg_id":50,"type":"broadcast"}}
2024/11/07 18:16:03 Sent {"src":"n3","dest":"n3","body":{"message":75,"msg_id":50,"type":"broadcast"}}
2024/11/07 18:16:03 Sent {"src":"n3","dest":"n2","body":{"message":75,"msg_id":50,"type":"broadcast"}}
2024/11/07 18:16:03 Sent {"src":"n3","dest":"n1","body":{"message":75,"msg_id":50,"type":"broadcast"}}
2024/11/07 18:16:03 Received {n3 n3 {"message":75,"msg_id":50,"type":"broadcast"}}
2024/11/07 18:16:03 Received {n2 n3 {"message":75,"msg_id":50,"type":"broadcast"}}
2024/11/07 18:16:03 Received {n4 n3 {"message":75,"msg_id":50,"type":"broadcast"}}
2024/11/07 18:16:03 Received {n1 n3 {"message":75,"msg_id":50,"type":"broadcast"}}
2024/11/07 18:16:03 Received {c13 n3 {"type":"read","msg_id":26}}
2024/11/07 18:16:03 Sent {"src":"n3","dest":"c13","body":{"in_reply_to":26,"messages":[71,2,37,38,42,59,63,8,49,55,3,16,1,27,32,50,4,22,35,52,61,60,75,14,18,20,23,31,53,11,33,39,64,10,40,51,54,74,21,28,34,36,73,13,17,68,0,9,41,47,58,72,5,6,15,46,62,69,65,67,7,24,25,29,30,57,70,26,43,48,66,12,19,44,56,45],"type":"read_ok"}}
2024/11/07 18:16:04 Received {n0 n3 {"message":76,"msg_id":52,"type":"broadcast"}}
2024/11/07 18:16:04 Sent {"src":"n3","dest":"n0","body":{"in_reply_to":52,"type":"broadcast_ok"}}
2024/11/07 18:16:04 Sent {"src":"n3","dest":"n2","body":{"message":76,"msg_id":52,"type":"broadcast"}}
2024/11/07 18:16:04 Sent {"src":"n3","dest":"n4","body":{"message":76,"msg_id":52,"type":"broadcast"}}
2024/11/07 18:16:04 Sent {"src":"n3","dest":"n1","body":{"message":76,"msg_id":52,"type":"broadcast"}}
2024/11/07 18:16:04 Sent {"src":"n3","dest":"n3","body":{"message":76,"msg_id":52,"type":"broadcast"}}
2024/11/07 18:16:04 Received {n2 n3 {"message":76,"msg_id":52,"type":"broadcast"}}
2024/11/07 18:16:04 Received {n4 n3 {"message":76,"msg_id":52,"type":"broadcast"}}
2024/11/07 18:16:04 Received {n3 n3 {"message":76,"msg_id":52,"type":"broadcast"}}
2024/11/07 18:16:04 Received {n1 n3 {"message":76,"msg_id":52,"type":"broadcast"}}
2024/11/07 18:16:04 Received {n1 n3 {"message":77,"msg_id":28,"type":"broadcast"}}
2024/11/07 18:16:04 Sent {"src":"n3","dest":"n1","body":{"in_reply_to":28,"type":"broadcast_ok"}}
2024/11/07 18:16:04 Sent {"src":"n3","dest":"n4","body":{"message":77,"msg_id":28,"type":"broadcast"}}
2024/11/07 18:16:04 Sent {"src":"n3","dest":"n0","body":{"message":77,"msg_id":28,"type":"broadcast"}}
2024/11/07 18:16:04 Sent {"src":"n3","dest":"n2","body":{"message":77,"msg_id":28,"type":"broadcast"}}
2024/11/07 18:16:04 Sent {"src":"n3","dest":"n3","body":{"message":77,"msg_id":28,"type":"broadcast"}}
2024/11/07 18:16:04 Received {n2 n3 {"message":77,"msg_id":28,"type":"broadcast"}}
2024/11/07 18:16:04 Received {n3 n3 {"message":77,"msg_id":28,"type":"broadcast"}}
2024/11/07 18:16:04 Received {n0 n3 {"message":77,"msg_id":28,"type":"broadcast"}}
2024/11/07 18:16:04 Received {n4 n3 {"message":77,"msg_id":28,"type":"broadcast"}}
2024/11/07 18:16:04 Received {n2 n3 {"message":78,"msg_id":27,"type":"broadcast"}}
2024/11/07 18:16:04 Sent {"src":"n3","dest":"n2","body":{"in_reply_to":27,"type":"broadcast_ok"}}
2024/11/07 18:16:04 Sent {"src":"n3","dest":"n1","body":{"message":78,"msg_id":27,"type":"broadcast"}}
2024/11/07 18:16:04 Sent {"src":"n3","dest":"n3","body":{"message":78,"msg_id":27,"type":"broadcast"}}
2024/11/07 18:16:04 Sent {"src":"n3","dest":"n4","body":{"message":78,"msg_id":27,"type":"broadcast"}}
2024/11/07 18:16:04 Sent {"src":"n3","dest":"n0","body":{"message":78,"msg_id":27,"type":"broadcast"}}
2024/11/07 18:16:04 Received {n3 n3 {"message":78,"msg_id":27,"type":"broadcast"}}
2024/11/07 18:16:04 Received {n1 n3 {"message":78,"msg_id":27,"type":"broadcast"}}
2024/11/07 18:16:04 Received {n4 n3 {"message":78,"msg_id":27,"type":"broadcast"}}
2024/11/07 18:16:04 Received {n0 n3 {"message":78,"msg_id":27,"type":"broadcast"}}
2024/11/07 18:16:04 Received {c13 n3 {"type":"read","msg_id":27}}
2024/11/07 18:16:04 Sent {"src":"n3","dest":"c13","body":{"in_reply_to":27,"messages":[75,14,18,20,23,31,53,60,77,11,33,39,64,10,40,51,54,74,21,28,34,36,73,13,17,68,0,9,41,47,58,5,6,15,46,62,69,72,67,7,24,25,29,30,57,65,70,76,26,43,48,66,12,19,44,56,45,2,37,38,42,59,63,71,8,49,55,3,16,78,1,27,32,50,4,22,35,52,61],"type":"read_ok"}}
2024/11/07 18:16:04 Received {n0 n3 {"message":79,"msg_id":53,"type":"broadcast"}}
2024/11/07 18:16:04 Sent {"src":"n3","dest":"n0","body":{"in_reply_to":53,"type":"broadcast_ok"}}
2024/11/07 18:16:04 Sent {"src":"n3","dest":"n4","body":{"message":79,"msg_id":53,"type":"broadcast"}}
2024/11/07 18:16:04 Sent {"src":"n3","dest":"n1","body":{"message":79,"msg_id":53,"type":"broadcast"}}
2024/11/07 18:16:04 Sent {"src":"n3","dest":"n2","body":{"message":79,"msg_id":53,"type":"broadcast"}}
2024/11/07 18:16:04 Sent {"src":"n3","dest":"n3","body":{"message":79,"msg_id":53,"type":"broadcast"}}
2024/11/07 18:16:04 Received {n2 n3 {"message":79,"msg_id":53,"type":"broadcast"}}
2024/11/07 18:16:04 Received {n1 n3 {"message":79,"msg_id":53,"type":"broadcast"}}
2024/11/07 18:16:04 Received {n3 n3 {"message":79,"msg_id":53,"type":"broadcast"}}
2024/11/07 18:16:04 Received {n4 n3 {"message":79,"msg_id":53,"type":"broadcast"}}
2024/11/07 18:16:04 Received {c13 n3 {"type":"broadcast","message":80,"msg_id":28}}
2024/11/07 18:16:04 Sent {"src":"n3","dest":"c13","body":{"in_reply_to":28,"type":"broadcast_ok"}}
2024/11/07 18:16:04 Sent {"src":"n3","dest":"n4","body":{"message":80,"msg_id":28,"type":"broadcast"}}
2024/11/07 18:16:04 Sent {"src":"n3","dest":"n0","body":{"message":80,"msg_id":28,"type":"broadcast"}}
2024/11/07 18:16:04 Sent {"src":"n3","dest":"n1","body":{"message":80,"msg_id":28,"type":"broadcast"}}
2024/11/07 18:16:04 Sent {"src":"n3","dest":"n2","body":{"message":80,"msg_id":28,"type":"broadcast"}}
2024/11/07 18:16:04 Sent {"src":"n3","dest":"n3","body":{"message":80,"msg_id":28,"type":"broadcast"}}
2024/11/07 18:16:04 Received {n3 n3 {"message":80,"msg_id":28,"type":"broadcast"}}
2024/11/07 18:16:04 Received {n4 n3 {"in_reply_to":28,"type":"broadcast_ok"}}
2024/11/07 18:16:04 Ignoring reply to 28 with no callback
2024/11/07 18:16:04 Received {n1 n3 {"in_reply_to":28,"type":"broadcast_ok"}}
2024/11/07 18:16:04 Ignoring reply to 28 with no callback
2024/11/07 18:16:04 Received {n0 n3 {"in_reply_to":28,"type":"broadcast_ok"}}
2024/11/07 18:16:04 Ignoring reply to 28 with no callback
2024/11/07 18:16:04 Received {n2 n3 {"in_reply_to":28,"type":"broadcast_ok"}}
2024/11/07 18:16:04 Ignoring reply to 28 with no callback
2024/11/07 18:16:04 Received {n4 n3 {"message":81,"msg_id":28,"type":"broadcast"}}
2024/11/07 18:16:04 Sent {"src":"n3","dest":"n4","body":{"in_reply_to":28,"type":"broadcast_ok"}}
2024/11/07 18:16:04 Sent {"src":"n3","dest":"n3","body":{"message":81,"msg_id":28,"type":"broadcast"}}
2024/11/07 18:16:04 Sent {"src":"n3","dest":"n1","body":{"message":81,"msg_id":28,"type":"broadcast"}}
2024/11/07 18:16:04 Sent {"src":"n3","dest":"n2","body":{"message":81,"msg_id":28,"type":"broadcast"}}
2024/11/07 18:16:04 Sent {"src":"n3","dest":"n0","body":{"message":81,"msg_id":28,"type":"broadcast"}}
2024/11/07 18:16:04 Received {n2 n3 {"message":81,"msg_id":28,"type":"broadcast"}}
2024/11/07 18:16:04 Received {n3 n3 {"message":81,"msg_id":28,"type":"broadcast"}}
2024/11/07 18:16:04 Received {n1 n3 {"message":81,"msg_id":28,"type":"broadcast"}}
2024/11/07 18:16:04 Received {n0 n3 {"message":81,"msg_id":28,"type":"broadcast"}}
2024/11/07 18:16:04 Received {n0 n3 {"message":82,"msg_id":55,"type":"broadcast"}}
2024/11/07 18:16:04 Sent {"src":"n3","dest":"n2","body":{"message":82,"msg_id":55,"type":"broadcast"}}
2024/11/07 18:16:04 Sent {"src":"n3","dest":"n1","body":{"message":82,"msg_id":55,"type":"broadcast"}}
2024/11/07 18:16:04 Sent {"src":"n3","dest":"n3","body":{"message":82,"msg_id":55,"type":"broadcast"}}
2024/11/07 18:16:04 Sent {"src":"n3","dest":"n4","body":{"message":82,"msg_id":55,"type":"broadcast"}}
2024/11/07 18:16:04 Sent {"src":"n3","dest":"n0","body":{"in_reply_to":55,"type":"broadcast_ok"}}
2024/11/07 18:16:04 Received {n3 n3 {"message":82,"msg_id":55,"type":"broadcast"}}
2024/11/07 18:16:04 Received {n1 n3 {"message":82,"msg_id":55,"type":"broadcast"}}
2024/11/07 18:16:04 Received {n4 n3 {"message":82,"msg_id":55,"type":"broadcast"}}
2024/11/07 18:16:04 Received {n2 n3 {"message":82,"msg_id":55,"type":"broadcast"}}
2024/11/07 18:16:05 Received {c13 n3 {"type":"read","msg_id":29}}
2024/11/07 18:16:05 Sent {"src":"n3","dest":"c13","body":{"in_reply_to":29,"messages":[65,67,7,24,25,29,30,57,70,76,26,43,48,66,12,19,44,56,45,79,71,2,37,38,42,59,63,8,49,55,3,16,78,1,27,32,50,4,22,35,52,61,60,75,14,18,20,23,31,53,77,80,81,11,33,39,64,10,40,51,54,74,21,28,34,36,73,13,17,68,0,9,41,47,58,72,82,5,6,15,46,62,69],"type":"read_ok"}}
2024/11/07 18:16:05 Received {n4 n3 {"message":83,"msg_id":29,"type":"broadcast"}}
2024/11/07 18:16:05 Sent {"src":"n3","dest":"n4","body":{"in_reply_to":29,"type":"broadcast_ok"}}
2024/11/07 18:16:05 Sent {"src":"n3","dest":"n0","body":{"message":83,"msg_id":29,"type":"broadcast"}}
2024/11/07 18:16:05 Sent {"src":"n3","dest":"n1","body":{"message":83,"msg_id":29,"type":"broadcast"}}
2024/11/07 18:16:05 Sent {"src":"n3","dest":"n2","body":{"message":83,"msg_id":29,"type":"broadcast"}}
2024/11/07 18:16:05 Sent {"src":"n3","dest":"n3","body":{"message":83,"msg_id":29,"type":"broadcast"}}
2024/11/07 18:16:05 Received {n0 n3 {"message":83,"msg_id":29,"type":"broadcast"}}
2024/11/07 18:16:05 Received {n2 n3 {"message":83,"msg_id":29,"type":"broadcast"}}
2024/11/07 18:16:05 Received {n1 n3 {"message":83,"msg_id":29,"type":"broadcast"}}
2024/11/07 18:16:05 Received {n3 n3 {"message":83,"msg_id":29,"type":"broadcast"}}
2024/11/07 18:16:05 Received {n0 n3 {"message":84,"msg_id":57,"type":"broadcast"}}
2024/11/07 18:16:05 Sent {"src":"n3","dest":"n0","body":{"in_reply_to":57,"type":"broadcast_ok"}}
2024/11/07 18:16:05 Sent {"src":"n3","dest":"n4","body":{"message":84,"msg_id":57,"type":"broadcast"}}
2024/11/07 18:16:05 Sent {"src":"n3","dest":"n1","body":{"message":84,"msg_id":57,"type":"broadcast"}}
2024/11/07 18:16:05 Sent {"src":"n3","dest":"n2","body":{"message":84,"msg_id":57,"type":"broadcast"}}
2024/11/07 18:16:05 Sent {"src":"n3","dest":"n3","body":{"message":84,"msg_id":57,"type":"broadcast"}}
2024/11/07 18:16:05 Received {n1 n3 {"message":84,"msg_id":57,"type":"broadcast"}}
2024/11/07 18:16:05 Received {n4 n3 {"message":84,"msg_id":57,"type":"broadcast"}}
2024/11/07 18:16:05 Received {n2 n3 {"message":84,"msg_id":57,"type":"broadcast"}}
2024/11/07 18:16:05 Received {n3 n3 {"message":84,"msg_id":57,"type":"broadcast"}}
2024/11/07 18:16:05 Received {n1 n3 {"message":85,"msg_id":31,"type":"broadcast"}}
2024/11/07 18:16:05 Sent {"src":"n3","dest":"n1","body":{"in_reply_to":31,"type":"broadcast_ok"}}
2024/11/07 18:16:05 Sent {"src":"n3","dest":"n4","body":{"message":85,"msg_id":31,"type":"broadcast"}}
2024/11/07 18:16:05 Sent {"src":"n3","dest":"n0","body":{"message":85,"msg_id":31,"type":"broadcast"}}
2024/11/07 18:16:05 Sent {"src":"n3","dest":"n3","body":{"message":85,"msg_id":31,"type":"broadcast"}}
2024/11/07 18:16:05 Sent {"src":"n3","dest":"n2","body":{"message":85,"msg_id":31,"type":"broadcast"}}
2024/11/07 18:16:05 Received {n3 n3 {"message":85,"msg_id":31,"type":"broadcast"}}
2024/11/07 18:16:05 Received {n4 n3 {"message":85,"msg_id":31,"type":"broadcast"}}
2024/11/07 18:16:05 Received {n2 n3 {"message":85,"msg_id":31,"type":"broadcast"}}
2024/11/07 18:16:05 Received {n0 n3 {"message":85,"msg_id":31,"type":"broadcast"}}
2024/11/07 18:16:06 Received {n2 n3 {"message":86,"msg_id":30,"type":"broadcast"}}
2024/11/07 18:16:06 Sent {"src":"n3","dest":"n2","body":{"in_reply_to":30,"type":"broadcast_ok"}}
2024/11/07 18:16:06 Sent {"src":"n3","dest":"n4","body":{"message":86,"msg_id":30,"type":"broadcast"}}
2024/11/07 18:16:06 Sent {"src":"n3","dest":"n0","body":{"message":86,"msg_id":30,"type":"broadcast"}}
2024/11/07 18:16:06 Sent {"src":"n3","dest":"n1","body":{"message":86,"msg_id":30,"type":"broadcast"}}
2024/11/07 18:16:06 Sent {"src":"n3","dest":"n3","body":{"message":86,"msg_id":30,"type":"broadcast"}}
2024/11/07 18:16:06 Received {n1 n3 {"message":86,"msg_id":30,"type":"broadcast"}}
2024/11/07 18:16:06 Received {n0 n3 {"message":86,"msg_id":30,"type":"broadcast"}}
2024/11/07 18:16:06 Received {n3 n3 {"message":86,"msg_id":30,"type":"broadcast"}}
2024/11/07 18:16:06 Received {n4 n3 {"message":86,"msg_id":30,"type":"broadcast"}}
2024/11/07 18:16:06 Received {c13 n3 {"type":"broadcast","message":87,"msg_id":30}}
2024/11/07 18:16:06 Sent {"src":"n3","dest":"n1","body":{"message":87,"msg_id":30,"type":"broadcast"}}
2024/11/07 18:16:06 Sent {"src":"n3","dest":"c13","body":{"in_reply_to":30,"type":"broadcast_ok"}}
2024/11/07 18:16:06 Sent {"src":"n3","dest":"n0","body":{"message":87,"msg_id":30,"type":"broadcast"}}
2024/11/07 18:16:06 Sent {"src":"n3","dest":"n4","body":{"message":87,"msg_id":30,"type":"broadcast"}}
2024/11/07 18:16:06 Sent {"src":"n3","dest":"n2","body":{"message":87,"msg_id":30,"type":"broadcast"}}
2024/11/07 18:16:06 Sent {"src":"n3","dest":"n3","body":{"message":87,"msg_id":30,"type":"broadcast"}}
2024/11/07 18:16:06 Received {n3 n3 {"message":87,"msg_id":30,"type":"broadcast"}}
2024/11/07 18:16:06 Received {n1 n3 {"in_reply_to":30,"type":"broadcast_ok"}}
2024/11/07 18:16:06 Ignoring reply to 30 with no callback
2024/11/07 18:16:06 Received {n4 n3 {"in_reply_to":30,"type":"broadcast_ok"}}
2024/11/07 18:16:06 Ignoring reply to 30 with no callback
2024/11/07 18:16:06 Received {n0 n3 {"in_reply_to":30,"type":"broadcast_ok"}}
2024/11/07 18:16:06 Ignoring reply to 30 with no callback
2024/11/07 18:16:06 Received {n2 n3 {"in_reply_to":30,"type":"broadcast_ok"}}
2024/11/07 18:16:06 Ignoring reply to 30 with no callback
2024/11/07 18:16:06 Received {n4 n3 {"message":88,"msg_id":30,"type":"broadcast"}}
2024/11/07 18:16:06 Sent {"src":"n3","dest":"n4","body":{"in_reply_to":30,"type":"broadcast_ok"}}
2024/11/07 18:16:06 Sent {"src":"n3","dest":"n3","body":{"message":88,"msg_id":30,"type":"broadcast"}}
2024/11/07 18:16:06 Sent {"src":"n3","dest":"n0","body":{"message":88,"msg_id":30,"type":"broadcast"}}
2024/11/07 18:16:06 Sent {"src":"n3","dest":"n1","body":{"message":88,"msg_id":30,"type":"broadcast"}}
2024/11/07 18:16:06 Sent {"src":"n3","dest":"n2","body":{"message":88,"msg_id":30,"type":"broadcast"}}
2024/11/07 18:16:06 Received {n1 n3 {"message":88,"msg_id":30,"type":"broadcast"}}
2024/11/07 18:16:06 Received {n0 n3 {"message":88,"msg_id":30,"type":"broadcast"}}
2024/11/07 18:16:06 Received {n2 n3 {"message":88,"msg_id":30,"type":"broadcast"}}
2024/11/07 18:16:06 Received {n3 n3 {"message":88,"msg_id":30,"type":"broadcast"}}
2024/11/07 18:16:06 Received {n2 n3 {"message":89,"msg_id":31,"type":"broadcast"}}
2024/11/07 18:16:06 Sent {"src":"n3","dest":"n2","body":{"in_reply_to":31,"type":"broadcast_ok"}}
2024/11/07 18:16:06 Sent {"src":"n3","dest":"n4","body":{"message":89,"msg_id":31,"type":"broadcast"}}
2024/11/07 18:16:06 Sent {"src":"n3","dest":"n0","body":{"message":89,"msg_id":31,"type":"broadcast"}}
2024/11/07 18:16:06 Sent {"src":"n3","dest":"n1","body":{"message":89,"msg_id":31,"type":"broadcast"}}
2024/11/07 18:16:06 Sent {"src":"n3","dest":"n3","body":{"message":89,"msg_id":31,"type":"broadcast"}}
2024/11/07 18:16:06 Received {n3 n3 {"message":89,"msg_id":31,"type":"broadcast"}}
2024/11/07 18:16:06 Received {n0 n3 {"message":89,"msg_id":31,"type":"broadcast"}}
2024/11/07 18:16:06 Received {n1 n3 {"message":89,"msg_id":31,"type":"broadcast"}}
2024/11/07 18:16:06 Received {n4 n3 {"message":89,"msg_id":31,"type":"broadcast"}}
2024/11/07 18:16:06 Received {c13 n3 {"type":"broadcast","message":90,"msg_id":31}}
2024/11/07 18:16:06 Sent {"src":"n3","dest":"c13","body":{"in_reply_to":31,"type":"broadcast_ok"}}
2024/11/07 18:16:06 Sent {"src":"n3","dest":"n1","body":{"message":90,"msg_id":31,"type":"broadcast"}}
2024/11/07 18:16:06 Sent {"src":"n3","dest":"n0","body":{"message":90,"msg_id":31,"type":"broadcast"}}
2024/11/07 18:16:06 Sent {"src":"n3","dest":"n3","body":{"message":90,"msg_id":31,"type":"broadcast"}}
2024/11/07 18:16:06 Sent {"src":"n3","dest":"n2","body":{"message":90,"msg_id":31,"type":"broadcast"}}
2024/11/07 18:16:06 Sent {"src":"n3","dest":"n4","body":{"message":90,"msg_id":31,"type":"broadcast"}}
2024/11/07 18:16:06 Received {n3 n3 {"message":90,"msg_id":31,"type":"broadcast"}}
2024/11/07 18:16:06 Received {n4 n3 {"in_reply_to":31,"type":"broadcast_ok"}}
2024/11/07 18:16:06 Ignoring reply to 31 with no callback
2024/11/07 18:16:06 Received {n1 n3 {"in_reply_to":31,"type":"broadcast_ok"}}
2024/11/07 18:16:06 Ignoring reply to 31 with no callback
2024/11/07 18:16:06 Received {n0 n3 {"in_reply_to":31,"type":"broadcast_ok"}}
2024/11/07 18:16:06 Ignoring reply to 31 with no callback
2024/11/07 18:16:06 Received {n2 n3 {"in_reply_to":31,"type":"broadcast_ok"}}
2024/11/07 18:16:06 Ignoring reply to 31 with no callback
2024/11/07 18:16:06 Received {n0 n3 {"message":91,"msg_id":61,"type":"broadcast"}}
2024/11/07 18:16:06 Sent {"src":"n3","dest":"n0","body":{"in_reply_to":61,"type":"broadcast_ok"}}
2024/11/07 18:16:06 Sent {"src":"n3","dest":"n2","body":{"message":91,"msg_id":61,"type":"broadcast"}}
2024/11/07 18:16:06 Sent {"src":"n3","dest":"n4","body":{"message":91,"msg_id":61,"type":"broadcast"}}
2024/11/07 18:16:06 Sent {"src":"n3","dest":"n1","body":{"message":91,"msg_id":61,"type":"broadcast"}}
2024/11/07 18:16:06 Sent {"src":"n3","dest":"n3","body":{"message":91,"msg_id":61,"type":"broadcast"}}
2024/11/07 18:16:06 Received {n2 n3 {"message":91,"msg_id":61,"type":"broadcast"}}
2024/11/07 18:16:06 Received {n4 n3 {"message":91,"msg_id":61,"type":"broadcast"}}
2024/11/07 18:16:06 Received {n1 n3 {"message":91,"msg_id":61,"type":"broadcast"}}
2024/11/07 18:16:06 Received {n3 n3 {"message":91,"msg_id":61,"type":"broadcast"}}
2024/11/07 18:16:06 Received {n0 n3 {"message":92,"msg_id":62,"type":"broadcast"}}
2024/11/07 18:16:06 Sent {"src":"n3","dest":"n0","body":{"in_reply_to":62,"type":"broadcast_ok"}}
2024/11/07 18:16:06 Sent {"src":"n3","dest":"n4","body":{"message":92,"msg_id":62,"type":"broadcast"}}
2024/11/07 18:16:06 Sent {"src":"n3","dest":"n1","body":{"message":92,"msg_id":62,"type":"broadcast"}}
2024/11/07 18:16:06 Sent {"src":"n3","dest":"n2","body":{"message":92,"msg_id":62,"type":"broadcast"}}
2024/11/07 18:16:06 Sent {"src":"n3","dest":"n3","body":{"message":92,"msg_id":62,"type":"broadcast"}}
2024/11/07 18:16:06 Received {n4 n3 {"message":92,"msg_id":62,"type":"broadcast"}}
2024/11/07 18:16:06 Received {n2 n3 {"message":92,"msg_id":62,"type":"broadcast"}}
2024/11/07 18:16:06 Received {n1 n3 {"message":92,"msg_id":62,"type":"broadcast"}}
2024/11/07 18:16:06 Received {n3 n3 {"message":92,"msg_id":62,"type":"broadcast"}}
2024/11/07 18:16:06 Received {n1 n3 {"message":93,"msg_id":33,"type":"broadcast"}}
2024/11/07 18:16:06 Sent {"src":"n3","dest":"n1","body":{"in_reply_to":33,"type":"broadcast_ok"}}
2024/11/07 18:16:06 Sent {"src":"n3","dest":"n4","body":{"message":93,"msg_id":33,"type":"broadcast"}}
2024/11/07 18:16:06 Sent {"src":"n3","dest":"n0","body":{"message":93,"msg_id":33,"type":"broadcast"}}
2024/11/07 18:16:06 Sent {"src":"n3","dest":"n2","body":{"message":93,"msg_id":33,"type":"broadcast"}}
2024/11/07 18:16:06 Sent {"src":"n3","dest":"n3","body":{"message":93,"msg_id":33,"type":"broadcast"}}
2024/11/07 18:16:06 Received {n2 n3 {"message":93,"msg_id":33,"type":"broadcast"}}
2024/11/07 18:16:06 Received {n4 n3 {"message":93,"msg_id":33,"type":"broadcast"}}
2024/11/07 18:16:06 Received {n0 n3 {"message":93,"msg_id":33,"type":"broadcast"}}
2024/11/07 18:16:06 Received {n3 n3 {"message":93,"msg_id":33,"type":"broadcast"}}
2024/11/07 18:16:16 Received {c13 n3 {"type":"read","msg_id":32}}
2024/11/07 18:16:16 Sent {"src":"n3","dest":"c13","body":{"in_reply_to":32,"messages":[88,11,33,39,64,74,86,10,40,51,54,73,83,21,28,34,36,13,17,68,58,0,9,41,47,62,69,72,82,5,6,15,46,30,57,65,67,7,24,25,29,70,76,84,91,26,43,48,66,85,92,93,12,19,44,56,45,79,89,90,59,63,71,2,37,38,42,8,49,55,3,16,78,87,1,27,32,50,61,4,22,35,52,31,53,60,75,14,18,20,23,77,80,81],"type":"read_ok"}}
