2024/12/26 17:33:41 Received {c3 n1 {"type":"init","node_id":"n1","node_ids":["n0","n1","n2","n3","n4"],"msg_id":1}}
2024/12/26 17:33:41 Node n1 initialized
2024/12/26 17:33:41 Sent {"src":"n1","dest":"c3","body":{"in_reply_to":1,"type":"init_ok"}}
2024/12/26 17:33:41 Received {c5 n1 {"type":"topology","topology":{"n0":["n3","n1"],"n1":["n4","n2","n0"],"n2":["n1"],"n3":["n0","n4"],"n4":["n1","n3"]},"msg_id":1}}
2024/12/26 17:33:41 Sent {"src":"n1","dest":"c5","body":{"in_reply_to":1,"type":"topology_ok"}}
2024/12/26 17:33:41 Received {n0 n1 {"message":0,"msg_id":1,"type":"broadcast"}}
2024/12/26 17:33:41 Sent {"src":"n1","dest":"n0","body":{"in_reply_to":1,"type":"broadcast_ok"}}
2024/12/26 17:33:41 Sent {"src":"n1","dest":"n4","body":{"message":0,"msg_id":1,"type":"broadcast"}}
2024/12/26 17:33:41 Sent {"src":"n1","dest":"n1","body":{"message":0,"msg_id":1,"type":"broadcast"}}
2024/12/26 17:33:41 Sent {"src":"n1","dest":"n2","body":{"message":0,"msg_id":1,"type":"broadcast"}}
2024/12/26 17:33:41 Sent {"src":"n1","dest":"n3","body":{"message":0,"msg_id":1,"type":"broadcast"}}
2024/12/26 17:33:41 Received {n3 n1 {"message":0,"msg_id":1,"type":"broadcast"}}
2024/12/26 17:33:41 Received {n1 n1 {"message":0,"msg_id":1,"type":"broadcast"}}
2024/12/26 17:33:41 Received {n4 n1 {"message":0,"msg_id":1,"type":"broadcast"}}
2024/12/26 17:33:41 Received {n2 n1 {"message":0,"msg_id":1,"type":"broadcast"}}
2024/12/26 17:33:41 Received {c11 n1 {"type":"broadcast","message":1,"msg_id":1}}
2024/12/26 17:33:41 Sent {"src":"n1","dest":"c11","body":{"in_reply_to":1,"type":"broadcast_ok"}}
2024/12/26 17:33:41 Sent {"src":"n1","dest":"n4","body":{"message":1,"msg_id":1,"type":"broadcast"}}
2024/12/26 17:33:41 Sent {"src":"n1","dest":"n0","body":{"message":1,"msg_id":1,"type":"broadcast"}}
2024/12/26 17:33:41 Sent {"src":"n1","dest":"n1","body":{"message":1,"msg_id":1,"type":"broadcast"}}
2024/12/26 17:33:41 Sent {"src":"n1","dest":"n2","body":{"message":1,"msg_id":1,"type":"broadcast"}}
2024/12/26 17:33:41 Sent {"src":"n1","dest":"n3","body":{"message":1,"msg_id":1,"type":"broadcast"}}
2024/12/26 17:33:41 Received {n1 n1 {"message":1,"msg_id":1,"type":"broadcast"}}
2024/12/26 17:33:41 Received {n4 n1 {"in_reply_to":1,"type":"broadcast_ok"}}
2024/12/26 17:33:41 Ignoring reply to 1 with no callback
2024/12/26 17:33:41 Received {n0 n1 {"in_reply_to":1,"type":"broadcast_ok"}}
2024/12/26 17:33:41 Ignoring reply to 1 with no callback
2024/12/26 17:33:41 Received {n2 n1 {"in_reply_to":1,"type":"broadcast_ok"}}
2024/12/26 17:33:41 Ignoring reply to 1 with no callback
2024/12/26 17:33:41 Received {n3 n1 {"in_reply_to":1,"type":"broadcast_ok"}}
2024/12/26 17:33:41 Ignoring reply to 1 with no callback
2024/12/26 17:33:41 Received {n2 n1 {"message":2,"msg_id":1,"type":"broadcast"}}
2024/12/26 17:33:41 Sent {"src":"n1","dest":"n2","body":{"in_reply_to":1,"type":"broadcast_ok"}}
2024/12/26 17:33:41 Sent {"src":"n1","dest":"n4","body":{"message":2,"msg_id":1,"type":"broadcast"}}
2024/12/26 17:33:41 Sent {"src":"n1","dest":"n1","body":{"message":2,"msg_id":1,"type":"broadcast"}}
2024/12/26 17:33:41 Sent {"src":"n1","dest":"n3","body":{"message":2,"msg_id":1,"type":"broadcast"}}
2024/12/26 17:33:41 Sent {"src":"n1","dest":"n0","body":{"message":2,"msg_id":1,"type":"broadcast"}}
2024/12/26 17:33:41 Received {n4 n1 {"message":2,"msg_id":1,"type":"broadcast"}}
2024/12/26 17:33:41 Received {n0 n1 {"message":2,"msg_id":1,"type":"broadcast"}}
2024/12/26 17:33:41 Received {n1 n1 {"message":2,"msg_id":1,"type":"broadcast"}}
2024/12/26 17:33:41 Received {n3 n1 {"message":2,"msg_id":1,"type":"broadcast"}}
2024/12/26 17:33:42 Received {n0 n1 {"message":3,"msg_id":3,"type":"broadcast"}}
2024/12/26 17:33:42 Sent {"src":"n1","dest":"n3","body":{"message":3,"msg_id":3,"type":"broadcast"}}
2024/12/26 17:33:42 Sent {"src":"n1","dest":"n2","body":{"message":3,"msg_id":3,"type":"broadcast"}}
2024/12/26 17:33:42 Sent {"src":"n1","dest":"n0","body":{"in_reply_to":3,"type":"broadcast_ok"}}
2024/12/26 17:33:42 Sent {"src":"n1","dest":"n4","body":{"message":3,"msg_id":3,"type":"broadcast"}}
2024/12/26 17:33:42 Sent {"src":"n1","dest":"n1","body":{"message":3,"msg_id":3,"type":"broadcast"}}
2024/12/26 17:33:42 Received {n3 n1 {"in_reply_to":3,"type":"broadcast_ok"}}
2024/12/26 17:33:42 Ignoring reply to 3 with no callback
2024/12/26 17:33:42 Received {n1 n1 {"message":3,"msg_id":3,"type":"broadcast"}}
2024/12/26 17:33:42 Received {n2 n1 {"message":3,"msg_id":3,"type":"broadcast"}}
2024/12/26 17:33:42 Received {n4 n1 {"message":3,"msg_id":3,"type":"broadcast"}}
2024/12/26 17:33:42 Received {c11 n1 {"type":"broadcast","message":4,"msg_id":2}}
2024/12/26 17:33:42 Sent {"src":"n1","dest":"c11","body":{"in_reply_to":2,"type":"broadcast_ok"}}
2024/12/26 17:33:42 Sent {"src":"n1","dest":"n1","body":{"message":4,"msg_id":2,"type":"broadcast"}}
2024/12/26 17:33:42 Sent {"src":"n1","dest":"n0","body":{"message":4,"msg_id":2,"type":"broadcast"}}
2024/12/26 17:33:42 Sent {"src":"n1","dest":"n4","body":{"message":4,"msg_id":2,"type":"broadcast"}}
2024/12/26 17:33:42 Sent {"src":"n1","dest":"n2","body":{"message":4,"msg_id":2,"type":"broadcast"}}
2024/12/26 17:33:42 Sent {"src":"n1","dest":"n3","body":{"message":4,"msg_id":2,"type":"broadcast"}}
2024/12/26 17:33:42 Received {n1 n1 {"message":4,"msg_id":2,"type":"broadcast"}}
2024/12/26 17:33:42 Received {n0 n1 {"in_reply_to":2,"type":"broadcast_ok"}}
2024/12/26 17:33:42 Ignoring reply to 2 with no callback
2024/12/26 17:33:42 Received {n4 n1 {"in_reply_to":2,"type":"broadcast_ok"}}
2024/12/26 17:33:42 Ignoring reply to 2 with no callback
2024/12/26 17:33:42 Received {n2 n1 {"in_reply_to":2,"type":"broadcast_ok"}}
2024/12/26 17:33:42 Ignoring reply to 2 with no callback
2024/12/26 17:33:42 Received {n3 n1 {"in_reply_to":2,"type":"broadcast_ok"}}
2024/12/26 17:33:42 Ignoring reply to 2 with no callback
2024/12/26 17:33:42 Received {c11 n1 {"type":"read","msg_id":3}}
2024/12/26 17:33:42 Sent {"src":"n1","dest":"c11","body":{"in_reply_to":3,"messages":[1,2,3,4,0],"type":"read_ok"}}
2024/12/26 17:33:42 Received {n2 n1 {"message":5,"msg_id":3,"type":"broadcast"}}
2024/12/26 17:33:42 Sent {"src":"n1","dest":"n2","body":{"in_reply_to":3,"type":"broadcast_ok"}}
2024/12/26 17:33:42 Sent {"src":"n1","dest":"n1","body":{"message":5,"msg_id":3,"type":"broadcast"}}
2024/12/26 17:33:42 Sent {"src":"n1","dest":"n0","body":{"message":5,"msg_id":3,"type":"broadcast"}}
2024/12/26 17:33:42 Sent {"src":"n1","dest":"n3","body":{"message":5,"msg_id":3,"type":"broadcast"}}
2024/12/26 17:33:42 Sent {"src":"n1","dest":"n4","body":{"message":5,"msg_id":3,"type":"broadcast"}}
2024/12/26 17:33:42 Received {n1 n1 {"message":5,"msg_id":3,"type":"broadcast"}}
2024/12/26 17:33:42 Received {n3 n1 {"message":5,"msg_id":3,"type":"broadcast"}}
2024/12/26 17:33:42 Received {n0 n1 {"message":5,"msg_id":3,"type":"broadcast"}}
2024/12/26 17:33:42 Received {n4 n1 {"message":5,"msg_id":3,"type":"broadcast"}}
2024/12/26 17:33:42 Received {n3 n1 {"message":6,"msg_id":3,"type":"broadcast"}}
2024/12/26 17:33:42 Sent {"src":"n1","dest":"n3","body":{"in_reply_to":3,"type":"broadcast_ok"}}
2024/12/26 17:33:42 Sent {"src":"n1","dest":"n4","body":{"message":6,"msg_id":3,"type":"broadcast"}}
2024/12/26 17:33:42 Sent {"src":"n1","dest":"n0","body":{"message":6,"msg_id":3,"type":"broadcast"}}
2024/12/26 17:33:42 Sent {"src":"n1","dest":"n1","body":{"message":6,"msg_id":3,"type":"broadcast"}}
2024/12/26 17:33:42 Sent {"src":"n1","dest":"n2","body":{"message":6,"msg_id":3,"type":"broadcast"}}
2024/12/26 17:33:42 Received {n2 n1 {"message":6,"msg_id":3,"type":"broadcast"}}
2024/12/26 17:33:42 Received {n4 n1 {"message":6,"msg_id":3,"type":"broadcast"}}
2024/12/26 17:33:42 Received {n1 n1 {"message":6,"msg_id":3,"type":"broadcast"}}
2024/12/26 17:33:42 Received {n0 n1 {"message":6,"msg_id":3,"type":"broadcast"}}
2024/12/26 17:33:43 Received {c11 n1 {"type":"read","msg_id":4}}
2024/12/26 17:33:43 Sent {"src":"n1","dest":"c11","body":{"in_reply_to":4,"messages":[6,0,1,2,3,4,5],"type":"read_ok"}}
2024/12/26 17:33:43 Received {n4 n1 {"message":7,"msg_id":4,"type":"broadcast"}}
2024/12/26 17:33:43 Sent {"src":"n1","dest":"n4","body":{"in_reply_to":4,"type":"broadcast_ok"}}
2024/12/26 17:33:43 Sent {"src":"n1","dest":"n3","body":{"message":7,"msg_id":4,"type":"broadcast"}}
2024/12/26 17:33:43 Sent {"src":"n1","dest":"n2","body":{"message":7,"msg_id":4,"type":"broadcast"}}
2024/12/26 17:33:43 Sent {"src":"n1","dest":"n1","body":{"message":7,"msg_id":4,"type":"broadcast"}}
2024/12/26 17:33:43 Sent {"src":"n1","dest":"n0","body":{"message":7,"msg_id":4,"type":"broadcast"}}
2024/12/26 17:33:43 Received {n3 n1 {"message":7,"msg_id":4,"type":"broadcast"}}
2024/12/26 17:33:43 Received {n1 n1 {"message":7,"msg_id":4,"type":"broadcast"}}
2024/12/26 17:33:43 Received {n0 n1 {"message":7,"msg_id":4,"type":"broadcast"}}
2024/12/26 17:33:43 Received {n2 n1 {"message":7,"msg_id":4,"type":"broadcast"}}
2024/12/26 17:33:43 Received {n0 n1 {"message":8,"msg_id":8,"type":"broadcast"}}
2024/12/26 17:33:43 Sent {"src":"n1","dest":"n0","body":{"in_reply_to":8,"type":"broadcast_ok"}}
2024/12/26 17:33:43 Sent {"src":"n1","dest":"n2","body":{"message":8,"msg_id":8,"type":"broadcast"}}
2024/12/26 17:33:43 Sent {"src":"n1","dest":"n4","body":{"message":8,"msg_id":8,"type":"broadcast"}}
2024/12/26 17:33:43 Sent {"src":"n1","dest":"n1","body":{"message":8,"msg_id":8,"type":"broadcast"}}
2024/12/26 17:33:43 Sent {"src":"n1","dest":"n3","body":{"message":8,"msg_id":8,"type":"broadcast"}}
2024/12/26 17:33:43 Received {n4 n1 {"message":8,"msg_id":8,"type":"broadcast"}}
2024/12/26 17:33:43 Received {n3 n1 {"message":8,"msg_id":8,"type":"broadcast"}}
2024/12/26 17:33:43 Received {n2 n1 {"message":8,"msg_id":8,"type":"broadcast"}}
2024/12/26 17:33:43 Received {n1 n1 {"message":8,"msg_id":8,"type":"broadcast"}}
2024/12/26 17:33:43 Received {n0 n1 {"message":9,"msg_id":9,"type":"broadcast"}}
2024/12/26 17:33:43 Sent {"src":"n1","dest":"n0","body":{"in_reply_to":9,"type":"broadcast_ok"}}
2024/12/26 17:33:43 Sent {"src":"n1","dest":"n1","body":{"message":9,"msg_id":9,"type":"broadcast"}}
2024/12/26 17:33:43 Sent {"src":"n1","dest":"n4","body":{"message":9,"msg_id":9,"type":"broadcast"}}
2024/12/26 17:33:43 Sent {"src":"n1","dest":"n3","body":{"message":9,"msg_id":9,"type":"broadcast"}}
2024/12/26 17:33:43 Sent {"src":"n1","dest":"n2","body":{"message":9,"msg_id":9,"type":"broadcast"}}
2024/12/26 17:33:43 Received {n1 n1 {"message":9,"msg_id":9,"type":"broadcast"}}
2024/12/26 17:33:43 Received {n2 n1 {"message":9,"msg_id":9,"type":"broadcast"}}
2024/12/26 17:33:43 Received {n3 n1 {"message":9,"msg_id":9,"type":"broadcast"}}
2024/12/26 17:33:43 Received {n4 n1 {"message":9,"msg_id":9,"type":"broadcast"}}
2024/12/26 17:33:43 Received {c11 n1 {"type":"read","msg_id":5}}
2024/12/26 17:33:43 Sent {"src":"n1","dest":"c11","body":{"in_reply_to":5,"messages":[1,3,9,0,2,4,5,6,7,8],"type":"read_ok"}}
2024/12/26 17:33:43 Received {n3 n1 {"message":10,"msg_id":5,"type":"broadcast"}}
2024/12/26 17:33:43 Sent {"src":"n1","dest":"n3","body":{"in_reply_to":5,"type":"broadcast_ok"}}
2024/12/26 17:33:43 Sent {"src":"n1","dest":"n1","body":{"message":10,"msg_id":5,"type":"broadcast"}}
2024/12/26 17:33:43 Sent {"src":"n1","dest":"n0","body":{"message":10,"msg_id":5,"type":"broadcast"}}
2024/12/26 17:33:43 Sent {"src":"n1","dest":"n4","body":{"message":10,"msg_id":5,"type":"broadcast"}}
2024/12/26 17:33:43 Sent {"src":"n1","dest":"n2","body":{"message":10,"msg_id":5,"type":"broadcast"}}
2024/12/26 17:33:43 Received {n2 n1 {"message":10,"msg_id":5,"type":"broadcast"}}
2024/12/26 17:33:43 Received {n0 n1 {"message":10,"msg_id":5,"type":"broadcast"}}
2024/12/26 17:33:43 Received {n1 n1 {"message":10,"msg_id":5,"type":"broadcast"}}
2024/12/26 17:33:44 Received {n4 n1 {"message":10,"msg_id":5,"type":"broadcast"}}
2024/12/26 17:33:44 Received {n0 n1 {"message":11,"msg_id":10,"type":"broadcast"}}
2024/12/26 17:33:44 Sent {"src":"n1","dest":"n0","body":{"in_reply_to":10,"type":"broadcast_ok"}}
2024/12/26 17:33:44 Sent {"src":"n1","dest":"n2","body":{"message":11,"msg_id":10,"type":"broadcast"}}
2024/12/26 17:33:44 Sent {"src":"n1","dest":"n3","body":{"message":11,"msg_id":10,"type":"broadcast"}}
2024/12/26 17:33:44 Sent {"src":"n1","dest":"n1","body":{"message":11,"msg_id":10,"type":"broadcast"}}
2024/12/26 17:33:44 Sent {"src":"n1","dest":"n4","body":{"message":11,"msg_id":10,"type":"broadcast"}}
2024/12/26 17:33:44 Received {n4 n1 {"message":11,"msg_id":10,"type":"broadcast"}}
2024/12/26 17:33:44 Received {n1 n1 {"message":11,"msg_id":10,"type":"broadcast"}}
2024/12/26 17:33:44 Received {n2 n1 {"message":11,"msg_id":10,"type":"broadcast"}}
2024/12/26 17:33:44 Received {n3 n1 {"message":11,"msg_id":10,"type":"broadcast"}}
2024/12/26 17:33:44 Received {c11 n1 {"type":"broadcast","message":12,"msg_id":6}}
2024/12/26 17:33:44 Sent {"src":"n1","dest":"c11","body":{"in_reply_to":6,"type":"broadcast_ok"}}
2024/12/26 17:33:44 Sent {"src":"n1","dest":"n1","body":{"message":12,"msg_id":6,"type":"broadcast"}}
2024/12/26 17:33:44 Sent {"src":"n1","dest":"n3","body":{"message":12,"msg_id":6,"type":"broadcast"}}
2024/12/26 17:33:44 Sent {"src":"n1","dest":"n4","body":{"message":12,"msg_id":6,"type":"broadcast"}}
2024/12/26 17:33:44 Sent {"src":"n1","dest":"n2","body":{"message":12,"msg_id":6,"type":"broadcast"}}
2024/12/26 17:33:44 Sent {"src":"n1","dest":"n0","body":{"message":12,"msg_id":6,"type":"broadcast"}}
2024/12/26 17:33:44 Received {n1 n1 {"message":12,"msg_id":6,"type":"broadcast"}}
2024/12/26 17:33:44 Received {n4 n1 {"in_reply_to":6,"type":"broadcast_ok"}}
2024/12/26 17:33:44 Ignoring reply to 6 with no callback
2024/12/26 17:33:44 Received {n3 n1 {"in_reply_to":6,"type":"broadcast_ok"}}
2024/12/26 17:33:44 Ignoring reply to 6 with no callback
2024/12/26 17:33:44 Received {n0 n1 {"in_reply_to":6,"type":"broadcast_ok"}}
2024/12/26 17:33:44 Ignoring reply to 6 with no callback
2024/12/26 17:33:44 Received {n2 n1 {"in_reply_to":6,"type":"broadcast_ok"}}
2024/12/26 17:33:44 Ignoring reply to 6 with no callback
2024/12/26 17:33:44 Received {n0 n1 {"message":13,"msg_id":12,"type":"broadcast"}}
2024/12/26 17:33:44 Sent {"src":"n1","dest":"n0","body":{"in_reply_to":12,"type":"broadcast_ok"}}
2024/12/26 17:33:44 Sent {"src":"n1","dest":"n2","body":{"message":13,"msg_id":12,"type":"broadcast"}}
2024/12/26 17:33:44 Sent {"src":"n1","dest":"n1","body":{"message":13,"msg_id":12,"type":"broadcast"}}
2024/12/26 17:33:44 Sent {"src":"n1","dest":"n4","body":{"message":13,"msg_id":12,"type":"broadcast"}}
2024/12/26 17:33:44 Sent {"src":"n1","dest":"n3","body":{"message":13,"msg_id":12,"type":"broadcast"}}
2024/12/26 17:33:44 Received {n3 n1 {"message":13,"msg_id":12,"type":"broadcast"}}
2024/12/26 17:33:44 Received {n2 n1 {"message":13,"msg_id":12,"type":"broadcast"}}
2024/12/26 17:33:44 Received {n1 n1 {"message":13,"msg_id":12,"type":"broadcast"}}
2024/12/26 17:33:44 Received {n4 n1 {"in_reply_to":12,"type":"broadcast_ok"}}
2024/12/26 17:33:44 Ignoring reply to 12 with no callback
2024/12/26 17:33:44 Received {n0 n1 {"message":14,"msg_id":13,"type":"broadcast"}}
2024/12/26 17:33:44 Sent {"src":"n1","dest":"n0","body":{"in_reply_to":13,"type":"broadcast_ok"}}
2024/12/26 17:33:44 Sent {"src":"n1","dest":"n3","body":{"message":14,"msg_id":13,"type":"broadcast"}}
2024/12/26 17:33:44 Sent {"src":"n1","dest":"n1","body":{"message":14,"msg_id":13,"type":"broadcast"}}
2024/12/26 17:33:44 Sent {"src":"n1","dest":"n2","body":{"message":14,"msg_id":13,"type":"broadcast"}}
2024/12/26 17:33:44 Sent {"src":"n1","dest":"n4","body":{"message":14,"msg_id":13,"type":"broadcast"}}
2024/12/26 17:33:44 Received {n1 n1 {"message":14,"msg_id":13,"type":"broadcast"}}
2024/12/26 17:33:44 Received {n3 n1 {"message":14,"msg_id":13,"type":"broadcast"}}
2024/12/26 17:33:44 Received {n4 n1 {"message":14,"msg_id":13,"type":"broadcast"}}
2024/12/26 17:33:44 Received {n2 n1 {"message":14,"msg_id":13,"type":"broadcast"}}
2024/12/26 17:33:44 Received {c11 n1 {"type":"broadcast","message":15,"msg_id":7}}
2024/12/26 17:33:44 Sent {"src":"n1","dest":"c11","body":{"in_reply_to":7,"type":"broadcast_ok"}}
2024/12/26 17:33:44 Sent {"src":"n1","dest":"n1","body":{"message":15,"msg_id":7,"type":"broadcast"}}
2024/12/26 17:33:44 Sent {"src":"n1","dest":"n2","body":{"message":15,"msg_id":7,"type":"broadcast"}}
2024/12/26 17:33:44 Sent {"src":"n1","dest":"n0","body":{"message":15,"msg_id":7,"type":"broadcast"}}
2024/12/26 17:33:44 Sent {"src":"n1","dest":"n3","body":{"message":15,"msg_id":7,"type":"broadcast"}}
2024/12/26 17:33:44 Sent {"src":"n1","dest":"n4","body":{"message":15,"msg_id":7,"type":"broadcast"}}
2024/12/26 17:33:44 Received {n1 n1 {"message":15,"msg_id":7,"type":"broadcast"}}
2024/12/26 17:33:44 Received {n2 n1 {"in_reply_to":7,"type":"broadcast_ok"}}
2024/12/26 17:33:44 Ignoring reply to 7 with no callback
2024/12/26 17:33:44 Received {n0 n1 {"in_reply_to":7,"type":"broadcast_ok"}}
2024/12/26 17:33:44 Ignoring reply to 7 with no callback
2024/12/26 17:33:44 Received {n4 n1 {"in_reply_to":7,"type":"broadcast_ok"}}
2024/12/26 17:33:44 Ignoring reply to 7 with no callback
2024/12/26 17:33:44 Received {n3 n1 {"in_reply_to":7,"type":"broadcast_ok"}}
2024/12/26 17:33:44 Ignoring reply to 7 with no callback
2024/12/26 17:33:45 Received {n2 n1 {"message":16,"msg_id":7,"type":"broadcast"}}
2024/12/26 17:33:45 Sent {"src":"n1","dest":"n2","body":{"in_reply_to":7,"type":"broadcast_ok"}}
2024/12/26 17:33:45 Sent {"src":"n1","dest":"n1","body":{"message":16,"msg_id":7,"type":"broadcast"}}
2024/12/26 17:33:45 Sent {"src":"n1","dest":"n4","body":{"message":16,"msg_id":7,"type":"broadcast"}}
2024/12/26 17:33:45 Sent {"src":"n1","dest":"n0","body":{"message":16,"msg_id":7,"type":"broadcast"}}
2024/12/26 17:33:45 Sent {"src":"n1","dest":"n3","body":{"message":16,"msg_id":7,"type":"broadcast"}}
2024/12/26 17:33:45 Received {n4 n1 {"message":16,"msg_id":7,"type":"broadcast"}}
2024/12/26 17:33:45 Received {n1 n1 {"message":16,"msg_id":7,"type":"broadcast"}}
2024/12/26 17:33:45 Received {n3 n1 {"message":16,"msg_id":7,"type":"broadcast"}}
2024/12/26 17:33:45 Received {n0 n1 {"message":16,"msg_id":7,"type":"broadcast"}}
2024/12/26 17:33:45 Received {n4 n1 {"message":17,"msg_id":7,"type":"broadcast"}}
2024/12/26 17:33:45 Sent {"src":"n1","dest":"n4","body":{"in_reply_to":7,"type":"broadcast_ok"}}
2024/12/26 17:33:45 Sent {"src":"n1","dest":"n1","body":{"message":17,"msg_id":7,"type":"broadcast"}}
2024/12/26 17:33:45 Sent {"src":"n1","dest":"n3","body":{"message":17,"msg_id":7,"type":"broadcast"}}
2024/12/26 17:33:45 Sent {"src":"n1","dest":"n0","body":{"message":17,"msg_id":7,"type":"broadcast"}}
2024/12/26 17:33:45 Sent {"src":"n1","dest":"n2","body":{"message":17,"msg_id":7,"type":"broadcast"}}
2024/12/26 17:33:45 Received {n1 n1 {"message":17,"msg_id":7,"type":"broadcast"}}
2024/12/26 17:33:45 Received {n2 n1 {"message":17,"msg_id":7,"type":"broadcast"}}
2024/12/26 17:33:45 Received {n0 n1 {"message":17,"msg_id":7,"type":"broadcast"}}
2024/12/26 17:33:45 Received {n3 n1 {"message":17,"msg_id":7,"type":"broadcast"}}
2024/12/26 17:33:45 Received {c11 n1 {"type":"broadcast","message":18,"msg_id":8}}
2024/12/26 17:33:45 Sent {"src":"n1","dest":"c11","body":{"in_reply_to":8,"type":"broadcast_ok"}}
2024/12/26 17:33:45 Sent {"src":"n1","dest":"n2","body":{"message":18,"msg_id":8,"type":"broadcast"}}
2024/12/26 17:33:45 Sent {"src":"n1","dest":"n1","body":{"message":18,"msg_id":8,"type":"broadcast"}}
2024/12/26 17:33:45 Sent {"src":"n1","dest":"n3","body":{"message":18,"msg_id":8,"type":"broadcast"}}
2024/12/26 17:33:45 Sent {"src":"n1","dest":"n0","body":{"message":18,"msg_id":8,"type":"broadcast"}}
2024/12/26 17:33:45 Sent {"src":"n1","dest":"n4","body":{"message":18,"msg_id":8,"type":"broadcast"}}
2024/12/26 17:33:45 Received {n1 n1 {"message":18,"msg_id":8,"type":"broadcast"}}
2024/12/26 17:33:45 Received {n3 n1 {"in_reply_to":8,"type":"broadcast_ok"}}
2024/12/26 17:33:45 Ignoring reply to 8 with no callback
2024/12/26 17:33:45 Received {n2 n1 {"in_reply_to":8,"type":"broadcast_ok"}}
2024/12/26 17:33:45 Ignoring reply to 8 with no callback
2024/12/26 17:33:45 Received {n0 n1 {"in_reply_to":8,"type":"broadcast_ok"}}
2024/12/26 17:33:45 Ignoring reply to 8 with no callback
2024/12/26 17:33:45 Received {n4 n1 {"in_reply_to":8,"type":"broadcast_ok"}}
2024/12/26 17:33:45 Ignoring reply to 8 with no callback
2024/12/26 17:33:45 Received {n3 n1 {"message":19,"msg_id":8,"type":"broadcast"}}
2024/12/26 17:33:45 Sent {"src":"n1","dest":"n3","body":{"in_reply_to":8,"type":"broadcast_ok"}}
2024/12/26 17:33:45 Sent {"src":"n1","dest":"n4","body":{"message":19,"msg_id":8,"type":"broadcast"}}
2024/12/26 17:33:45 Sent {"src":"n1","dest":"n2","body":{"message":19,"msg_id":8,"type":"broadcast"}}
2024/12/26 17:33:45 Sent {"src":"n1","dest":"n1","body":{"message":19,"msg_id":8,"type":"broadcast"}}
2024/12/26 17:33:45 Sent {"src":"n1","dest":"n0","body":{"message":19,"msg_id":8,"type":"broadcast"}}
2024/12/26 17:33:45 Received {n4 n1 {"message":19,"msg_id":8,"type":"broadcast"}}
2024/12/26 17:33:45 Received {n0 n1 {"message":19,"msg_id":8,"type":"broadcast"}}
2024/12/26 17:33:45 Received {n1 n1 {"message":19,"msg_id":8,"type":"broadcast"}}
2024/12/26 17:33:45 Received {n2 n1 {"message":19,"msg_id":8,"type":"broadcast"}}
2024/12/26 17:33:46 Received {n0 n1 {"message":20,"msg_id":16,"type":"broadcast"}}
2024/12/26 17:33:46 Sent {"src":"n1","dest":"n0","body":{"in_reply_to":16,"type":"broadcast_ok"}}
2024/12/26 17:33:46 Sent {"src":"n1","dest":"n4","body":{"message":20,"msg_id":16,"type":"broadcast"}}
2024/12/26 17:33:46 Sent {"src":"n1","dest":"n1","body":{"message":20,"msg_id":16,"type":"broadcast"}}
2024/12/26 17:33:46 Sent {"src":"n1","dest":"n2","body":{"message":20,"msg_id":16,"type":"broadcast"}}
2024/12/26 17:33:46 Sent {"src":"n1","dest":"n3","body":{"message":20,"msg_id":16,"type":"broadcast"}}
2024/12/26 17:33:46 Received {n4 n1 {"message":20,"msg_id":16,"type":"broadcast"}}
2024/12/26 17:33:46 Received {n2 n1 {"message":20,"msg_id":16,"type":"broadcast"}}
2024/12/26 17:33:46 Received {n3 n1 {"message":20,"msg_id":16,"type":"broadcast"}}
2024/12/26 17:33:46 Received {n1 n1 {"message":20,"msg_id":16,"type":"broadcast"}}
2024/12/26 17:33:46 Received {n0 n1 {"message":21,"msg_id":17,"type":"broadcast"}}
2024/12/26 17:33:46 Sent {"src":"n1","dest":"n0","body":{"in_reply_to":17,"type":"broadcast_ok"}}
2024/12/26 17:33:46 Sent {"src":"n1","dest":"n2","body":{"message":21,"msg_id":17,"type":"broadcast"}}
2024/12/26 17:33:46 Sent {"src":"n1","dest":"n4","body":{"message":21,"msg_id":17,"type":"broadcast"}}
2024/12/26 17:33:46 Sent {"src":"n1","dest":"n1","body":{"message":21,"msg_id":17,"type":"broadcast"}}
2024/12/26 17:33:46 Sent {"src":"n1","dest":"n3","body":{"message":21,"msg_id":17,"type":"broadcast"}}
2024/12/26 17:33:46 Received {n4 n1 {"message":21,"msg_id":17,"type":"broadcast"}}
2024/12/26 17:33:46 Received {n3 n1 {"message":21,"msg_id":17,"type":"broadcast"}}
2024/12/26 17:33:46 Received {n1 n1 {"message":21,"msg_id":17,"type":"broadcast"}}
2024/12/26 17:33:46 Received {n2 n1 {"message":21,"msg_id":17,"type":"broadcast"}}
2024/12/26 17:33:46 Received {c11 n1 {"type":"broadcast","message":22,"msg_id":9}}
2024/12/26 17:33:46 Sent {"src":"n1","dest":"c11","body":{"in_reply_to":9,"type":"broadcast_ok"}}
2024/12/26 17:33:46 Sent {"src":"n1","dest":"n2","body":{"message":22,"msg_id":9,"type":"broadcast"}}
2024/12/26 17:33:46 Sent {"src":"n1","dest":"n4","body":{"message":22,"msg_id":9,"type":"broadcast"}}
2024/12/26 17:33:46 Sent {"src":"n1","dest":"n3","body":{"message":22,"msg_id":9,"type":"broadcast"}}
2024/12/26 17:33:46 Sent {"src":"n1","dest":"n1","body":{"message":22,"msg_id":9,"type":"broadcast"}}
2024/12/26 17:33:46 Sent {"src":"n1","dest":"n0","body":{"message":22,"msg_id":9,"type":"broadcast"}}
2024/12/26 17:33:46 Received {n1 n1 {"message":22,"msg_id":9,"type":"broadcast"}}
2024/12/26 17:33:46 Received {n4 n1 {"in_reply_to":9,"type":"broadcast_ok"}}
2024/12/26 17:33:46 Ignoring reply to 9 with no callback
2024/12/26 17:33:46 Received {n2 n1 {"in_reply_to":9,"type":"broadcast_ok"}}
2024/12/26 17:33:46 Ignoring reply to 9 with no callback
2024/12/26 17:33:46 Received {n3 n1 {"in_reply_to":9,"type":"broadcast_ok"}}
2024/12/26 17:33:46 Ignoring reply to 9 with no callback
2024/12/26 17:33:46 Received {n0 n1 {"in_reply_to":9,"type":"broadcast_ok"}}
2024/12/26 17:33:46 Ignoring reply to 9 with no callback
2024/12/26 17:33:46 Received {n0 n1 {"message":23,"msg_id":18,"type":"broadcast"}}
2024/12/26 17:33:46 Sent {"src":"n1","dest":"n0","body":{"in_reply_to":18,"type":"broadcast_ok"}}
2024/12/26 17:33:46 Sent {"src":"n1","dest":"n2","body":{"message":23,"msg_id":18,"type":"broadcast"}}
2024/12/26 17:33:46 Sent {"src":"n1","dest":"n4","body":{"message":23,"msg_id":18,"type":"broadcast"}}
2024/12/26 17:33:46 Sent {"src":"n1","dest":"n3","body":{"message":23,"msg_id":18,"type":"broadcast"}}
2024/12/26 17:33:46 Sent {"src":"n1","dest":"n1","body":{"message":23,"msg_id":18,"type":"broadcast"}}
2024/12/26 17:33:46 Received {n3 n1 {"message":23,"msg_id":18,"type":"broadcast"}}
2024/12/26 17:33:46 Received {n2 n1 {"message":23,"msg_id":18,"type":"broadcast"}}
2024/12/26 17:33:46 Received {n4 n1 {"message":23,"msg_id":18,"type":"broadcast"}}
2024/12/26 17:33:46 Received {n1 n1 {"message":23,"msg_id":18,"type":"broadcast"}}
2024/12/26 17:33:46 Received {n0 n1 {"message":24,"msg_id":19,"type":"broadcast"}}
2024/12/26 17:33:46 Sent {"src":"n1","dest":"n0","body":{"in_reply_to":19,"type":"broadcast_ok"}}
2024/12/26 17:33:46 Sent {"src":"n1","dest":"n4","body":{"message":24,"msg_id":19,"type":"broadcast"}}
2024/12/26 17:33:46 Sent {"src":"n1","dest":"n2","body":{"message":24,"msg_id":19,"type":"broadcast"}}
2024/12/26 17:33:46 Sent {"src":"n1","dest":"n3","body":{"message":24,"msg_id":19,"type":"broadcast"}}
2024/12/26 17:33:46 Sent {"src":"n1","dest":"n1","body":{"message":24,"msg_id":19,"type":"broadcast"}}
2024/12/26 17:33:46 Received {n2 n1 {"message":24,"msg_id":19,"type":"broadcast"}}
2024/12/26 17:33:46 Received {n3 n1 {"message":24,"msg_id":19,"type":"broadcast"}}
2024/12/26 17:33:46 Received {n4 n1 {"message":24,"msg_id":19,"type":"broadcast"}}
2024/12/26 17:33:46 Received {n1 n1 {"message":24,"msg_id":19,"type":"broadcast"}}
2024/12/26 17:33:47 Received {c11 n1 {"type":"broadcast","message":25,"msg_id":10}}
2024/12/26 17:33:47 Sent {"src":"n1","dest":"c11","body":{"in_reply_to":10,"type":"broadcast_ok"}}
2024/12/26 17:33:47 Sent {"src":"n1","dest":"n0","body":{"message":25,"msg_id":10,"type":"broadcast"}}
2024/12/26 17:33:47 Sent {"src":"n1","dest":"n1","body":{"message":25,"msg_id":10,"type":"broadcast"}}
2024/12/26 17:33:47 Sent {"src":"n1","dest":"n2","body":{"message":25,"msg_id":10,"type":"broadcast"}}
2024/12/26 17:33:47 Sent {"src":"n1","dest":"n3","body":{"message":25,"msg_id":10,"type":"broadcast"}}
2024/12/26 17:33:47 Sent {"src":"n1","dest":"n4","body":{"message":25,"msg_id":10,"type":"broadcast"}}
2024/12/26 17:33:47 Received {n1 n1 {"message":25,"msg_id":10,"type":"broadcast"}}
2024/12/26 17:33:47 Received {n3 n1 {"in_reply_to":10,"type":"broadcast_ok"}}
2024/12/26 17:33:47 Ignoring reply to 10 with no callback
2024/12/26 17:33:47 Received {n0 n1 {"in_reply_to":10,"type":"broadcast_ok"}}
2024/12/26 17:33:47 Ignoring reply to 10 with no callback
2024/12/26 17:33:47 Received {n2 n1 {"in_reply_to":10,"type":"broadcast_ok"}}
2024/12/26 17:33:47 Ignoring reply to 10 with no callback
2024/12/26 17:33:47 Received {n4 n1 {"in_reply_to":10,"type":"broadcast_ok"}}
2024/12/26 17:33:47 Ignoring reply to 10 with no callback
2024/12/26 17:33:47 Received {n2 n1 {"message":26,"msg_id":10,"type":"broadcast"}}
2024/12/26 17:33:47 Sent {"src":"n1","dest":"n2","body":{"in_reply_to":10,"type":"broadcast_ok"}}
2024/12/26 17:33:47 Sent {"src":"n1","dest":"n4","body":{"message":26,"msg_id":10,"type":"broadcast"}}
2024/12/26 17:33:47 Sent {"src":"n1","dest":"n0","body":{"message":26,"msg_id":10,"type":"broadcast"}}
2024/12/26 17:33:47 Sent {"src":"n1","dest":"n1","body":{"message":26,"msg_id":10,"type":"broadcast"}}
2024/12/26 17:33:47 Sent {"src":"n1","dest":"n3","body":{"message":26,"msg_id":10,"type":"broadcast"}}
2024/12/26 17:33:47 Received {n0 n1 {"message":26,"msg_id":10,"type":"broadcast"}}
2024/12/26 17:33:47 Received {n4 n1 {"message":26,"msg_id":10,"type":"broadcast"}}
2024/12/26 17:33:47 Received {n1 n1 {"message":26,"msg_id":10,"type":"broadcast"}}
2024/12/26 17:33:47 Received {n3 n1 {"message":26,"msg_id":10,"type":"broadcast"}}
2024/12/26 17:33:47 Received {n0 n1 {"message":27,"msg_id":20,"type":"broadcast"}}
2024/12/26 17:33:47 Sent {"src":"n1","dest":"n0","body":{"in_reply_to":20,"type":"broadcast_ok"}}
2024/12/26 17:33:47 Sent {"src":"n1","dest":"n2","body":{"message":27,"msg_id":20,"type":"broadcast"}}
2024/12/26 17:33:47 Sent {"src":"n1","dest":"n1","body":{"message":27,"msg_id":20,"type":"broadcast"}}
2024/12/26 17:33:47 Sent {"src":"n1","dest":"n4","body":{"message":27,"msg_id":20,"type":"broadcast"}}
2024/12/26 17:33:47 Sent {"src":"n1","dest":"n3","body":{"message":27,"msg_id":20,"type":"broadcast"}}
2024/12/26 17:33:47 Received {n1 n1 {"message":27,"msg_id":20,"type":"broadcast"}}
2024/12/26 17:33:47 Received {n2 n1 {"message":27,"msg_id":20,"type":"broadcast"}}
2024/12/26 17:33:47 Received {n4 n1 {"message":27,"msg_id":20,"type":"broadcast"}}
2024/12/26 17:33:47 Received {n3 n1 {"message":27,"msg_id":20,"type":"broadcast"}}
2024/12/26 17:33:47 Received {n0 n1 {"message":28,"msg_id":21,"type":"broadcast"}}
2024/12/26 17:33:47 Sent {"src":"n1","dest":"n0","body":{"in_reply_to":21,"type":"broadcast_ok"}}
2024/12/26 17:33:47 Sent {"src":"n1","dest":"n2","body":{"message":28,"msg_id":21,"type":"broadcast"}}
2024/12/26 17:33:47 Sent {"src":"n1","dest":"n1","body":{"message":28,"msg_id":21,"type":"broadcast"}}
2024/12/26 17:33:47 Sent {"src":"n1","dest":"n3","body":{"message":28,"msg_id":21,"type":"broadcast"}}
2024/12/26 17:33:47 Sent {"src":"n1","dest":"n4","body":{"message":28,"msg_id":21,"type":"broadcast"}}
2024/12/26 17:33:47 Received {n2 n1 {"message":28,"msg_id":21,"type":"broadcast"}}
2024/12/26 17:33:47 Received {n4 n1 {"message":28,"msg_id":21,"type":"broadcast"}}
2024/12/26 17:33:47 Received {n3 n1 {"message":28,"msg_id":21,"type":"broadcast"}}
2024/12/26 17:33:47 Received {n1 n1 {"message":28,"msg_id":21,"type":"broadcast"}}
2024/12/26 17:33:47 Received {c11 n1 {"type":"broadcast","message":29,"msg_id":11}}
2024/12/26 17:33:47 Sent {"src":"n1","dest":"c11","body":{"in_reply_to":11,"type":"broadcast_ok"}}
2024/12/26 17:33:47 Sent {"src":"n1","dest":"n4","body":{"message":29,"msg_id":11,"type":"broadcast"}}
2024/12/26 17:33:47 Sent {"src":"n1","dest":"n1","body":{"message":29,"msg_id":11,"type":"broadcast"}}
2024/12/26 17:33:47 Sent {"src":"n1","dest":"n2","body":{"message":29,"msg_id":11,"type":"broadcast"}}
2024/12/26 17:33:47 Sent {"src":"n1","dest":"n0","body":{"message":29,"msg_id":11,"type":"broadcast"}}
2024/12/26 17:33:47 Sent {"src":"n1","dest":"n3","body":{"message":29,"msg_id":11,"type":"broadcast"}}
2024/12/26 17:33:47 Received {n1 n1 {"message":29,"msg_id":11,"type":"broadcast"}}
2024/12/26 17:33:47 Received {n3 n1 {"in_reply_to":11,"type":"broadcast_ok"}}
2024/12/26 17:33:47 Ignoring reply to 11 with no callback
2024/12/26 17:33:47 Received {n0 n1 {"in_reply_to":11,"type":"broadcast_ok"}}
2024/12/26 17:33:47 Ignoring reply to 11 with no callback
2024/12/26 17:33:47 Received {n2 n1 {"in_reply_to":11,"type":"broadcast_ok"}}
2024/12/26 17:33:47 Ignoring reply to 11 with no callback
2024/12/26 17:33:47 Received {n4 n1 {"in_reply_to":11,"type":"broadcast_ok"}}
2024/12/26 17:33:47 Ignoring reply to 11 with no callback
2024/12/26 17:33:47 Received {n4 n1 {"message":30,"msg_id":11,"type":"broadcast"}}
2024/12/26 17:33:47 Sent {"src":"n1","dest":"n4","body":{"in_reply_to":11,"type":"broadcast_ok"}}
2024/12/26 17:33:47 Sent {"src":"n1","dest":"n3","body":{"message":30,"msg_id":11,"type":"broadcast"}}
2024/12/26 17:33:47 Sent {"src":"n1","dest":"n0","body":{"message":30,"msg_id":11,"type":"broadcast"}}
2024/12/26 17:33:47 Sent {"src":"n1","dest":"n1","body":{"message":30,"msg_id":11,"type":"broadcast"}}
2024/12/26 17:33:47 Sent {"src":"n1","dest":"n2","body":{"message":30,"msg_id":11,"type":"broadcast"}}
2024/12/26 17:33:47 Received {n3 n1 {"message":30,"msg_id":11,"type":"broadcast"}}
2024/12/26 17:33:47 Received {n1 n1 {"message":30,"msg_id":11,"type":"broadcast"}}
2024/12/26 17:33:47 Received {n2 n1 {"message":30,"msg_id":11,"type":"broadcast"}}
2024/12/26 17:33:47 Received {n0 n1 {"message":30,"msg_id":11,"type":"broadcast"}}
2024/12/26 17:33:47 Received {n0 n1 {"message":31,"msg_id":22,"type":"broadcast"}}
2024/12/26 17:33:47 Sent {"src":"n1","dest":"n0","body":{"in_reply_to":22,"type":"broadcast_ok"}}
2024/12/26 17:33:47 Sent {"src":"n1","dest":"n1","body":{"message":31,"msg_id":22,"type":"broadcast"}}
2024/12/26 17:33:47 Sent {"src":"n1","dest":"n2","body":{"message":31,"msg_id":22,"type":"broadcast"}}
2024/12/26 17:33:47 Sent {"src":"n1","dest":"n3","body":{"message":31,"msg_id":22,"type":"broadcast"}}
2024/12/26 17:33:47 Sent {"src":"n1","dest":"n4","body":{"message":31,"msg_id":22,"type":"broadcast"}}
2024/12/26 17:33:47 Received {n1 n1 {"message":31,"msg_id":22,"type":"broadcast"}}
2024/12/26 17:33:47 Received {n3 n1 {"message":31,"msg_id":22,"type":"broadcast"}}
2024/12/26 17:33:47 Received {n2 n1 {"message":31,"msg_id":22,"type":"broadcast"}}
2024/12/26 17:33:47 Received {n4 n1 {"message":31,"msg_id":22,"type":"broadcast"}}
2024/12/26 17:33:47 Received {n0 n1 {"message":32,"msg_id":23,"type":"broadcast"}}
2024/12/26 17:33:47 Sent {"src":"n1","dest":"n0","body":{"in_reply_to":23,"type":"broadcast_ok"}}
2024/12/26 17:33:47 Sent {"src":"n1","dest":"n4","body":{"message":32,"msg_id":23,"type":"broadcast"}}
2024/12/26 17:33:47 Sent {"src":"n1","dest":"n1","body":{"message":32,"msg_id":23,"type":"broadcast"}}
2024/12/26 17:33:47 Sent {"src":"n1","dest":"n2","body":{"message":32,"msg_id":23,"type":"broadcast"}}
2024/12/26 17:33:47 Sent {"src":"n1","dest":"n3","body":{"message":32,"msg_id":23,"type":"broadcast"}}
2024/12/26 17:33:47 Received {n2 n1 {"message":32,"msg_id":23,"type":"broadcast"}}
2024/12/26 17:33:47 Received {n1 n1 {"message":32,"msg_id":23,"type":"broadcast"}}
2024/12/26 17:33:47 Received {n4 n1 {"message":32,"msg_id":23,"type":"broadcast"}}
2024/12/26 17:33:47 Received {n3 n1 {"message":32,"msg_id":23,"type":"broadcast"}}
2024/12/26 17:33:48 Received {c11 n1 {"type":"broadcast","message":33,"msg_id":12}}
2024/12/26 17:33:48 Sent {"src":"n1","dest":"n4","body":{"message":33,"msg_id":12,"type":"broadcast"}}
2024/12/26 17:33:48 Sent {"src":"n1","dest":"n0","body":{"message":33,"msg_id":12,"type":"broadcast"}}
2024/12/26 17:33:48 Sent {"src":"n1","dest":"n1","body":{"message":33,"msg_id":12,"type":"broadcast"}}
2024/12/26 17:33:48 Sent {"src":"n1","dest":"n2","body":{"message":33,"msg_id":12,"type":"broadcast"}}
2024/12/26 17:33:48 Sent {"src":"n1","dest":"c11","body":{"in_reply_to":12,"type":"broadcast_ok"}}
2024/12/26 17:33:48 Sent {"src":"n1","dest":"n3","body":{"message":33,"msg_id":12,"type":"broadcast"}}
2024/12/26 17:33:48 Received {n1 n1 {"message":33,"msg_id":12,"type":"broadcast"}}
2024/12/26 17:33:48 Received {n4 n1 {"in_reply_to":12,"type":"broadcast_ok"}}
2024/12/26 17:33:48 Ignoring reply to 12 with no callback
2024/12/26 17:33:48 Received {n2 n1 {"in_reply_to":12,"type":"broadcast_ok"}}
2024/12/26 17:33:48 Ignoring reply to 12 with no callback
2024/12/26 17:33:48 Received {n3 n1 {"in_reply_to":12,"type":"broadcast_ok"}}
2024/12/26 17:33:48 Ignoring reply to 12 with no callback
2024/12/26 17:33:48 Received {n0 n1 {"in_reply_to":12,"type":"broadcast_ok"}}
2024/12/26 17:33:48 Ignoring reply to 12 with no callback
2024/12/26 17:33:48 Received {n2 n1 {"message":34,"msg_id":12,"type":"broadcast"}}
2024/12/26 17:33:48 Sent {"src":"n1","dest":"n2","body":{"in_reply_to":12,"type":"broadcast_ok"}}
2024/12/26 17:33:48 Sent {"src":"n1","dest":"n0","body":{"message":34,"msg_id":12,"type":"broadcast"}}
2024/12/26 17:33:48 Sent {"src":"n1","dest":"n1","body":{"message":34,"msg_id":12,"type":"broadcast"}}
2024/12/26 17:33:48 Sent {"src":"n1","dest":"n3","body":{"message":34,"msg_id":12,"type":"broadcast"}}
2024/12/26 17:33:48 Sent {"src":"n1","dest":"n4","body":{"message":34,"msg_id":12,"type":"broadcast"}}
2024/12/26 17:33:48 Received {n0 n1 {"message":34,"msg_id":12,"type":"broadcast"}}
2024/12/26 17:33:48 Received {n1 n1 {"message":34,"msg_id":12,"type":"broadcast"}}
2024/12/26 17:33:48 Received {n4 n1 {"message":34,"msg_id":12,"type":"broadcast"}}
2024/12/26 17:33:48 Received {n3 n1 {"message":34,"msg_id":12,"type":"broadcast"}}
2024/12/26 17:33:48 Received {n3 n1 {"message":35,"msg_id":12,"type":"broadcast"}}
2024/12/26 17:33:48 Sent {"src":"n1","dest":"n3","body":{"in_reply_to":12,"type":"broadcast_ok"}}
2024/12/26 17:33:48 Sent {"src":"n1","dest":"n1","body":{"message":35,"msg_id":12,"type":"broadcast"}}
2024/12/26 17:33:48 Sent {"src":"n1","dest":"n4","body":{"message":35,"msg_id":12,"type":"broadcast"}}
2024/12/26 17:33:48 Sent {"src":"n1","dest":"n2","body":{"message":35,"msg_id":12,"type":"broadcast"}}
2024/12/26 17:33:48 Sent {"src":"n1","dest":"n0","body":{"message":35,"msg_id":12,"type":"broadcast"}}
2024/12/26 17:33:48 Received {n1 n1 {"message":35,"msg_id":12,"type":"broadcast"}}
2024/12/26 17:33:48 Received {n2 n1 {"message":35,"msg_id":12,"type":"broadcast"}}
2024/12/26 17:33:48 Received {n0 n1 {"message":35,"msg_id":12,"type":"broadcast"}}
2024/12/26 17:33:48 Received {n4 n1 {"message":35,"msg_id":12,"type":"broadcast"}}
2024/12/26 17:33:48 Received {n4 n1 {"message":36,"msg_id":12,"type":"broadcast"}}
2024/12/26 17:33:48 Sent {"src":"n1","dest":"n4","body":{"in_reply_to":12,"type":"broadcast_ok"}}
2024/12/26 17:33:48 Sent {"src":"n1","dest":"n2","body":{"message":36,"msg_id":12,"type":"broadcast"}}
2024/12/26 17:33:48 Sent {"src":"n1","dest":"n1","body":{"message":36,"msg_id":12,"type":"broadcast"}}
2024/12/26 17:33:48 Sent {"src":"n1","dest":"n0","body":{"message":36,"msg_id":12,"type":"broadcast"}}
2024/12/26 17:33:48 Sent {"src":"n1","dest":"n3","body":{"message":36,"msg_id":12,"type":"broadcast"}}
2024/12/26 17:33:48 Received {n1 n1 {"message":36,"msg_id":12,"type":"broadcast"}}
2024/12/26 17:33:48 Received {n2 n1 {"message":36,"msg_id":12,"type":"broadcast"}}
2024/12/26 17:33:48 Received {n3 n1 {"message":36,"msg_id":12,"type":"broadcast"}}
2024/12/26 17:33:48 Received {n0 n1 {"message":36,"msg_id":12,"type":"broadcast"}}
2024/12/26 17:33:48 Received {c11 n1 {"type":"broadcast","message":37,"msg_id":13}}
2024/12/26 17:33:48 Sent {"src":"n1","dest":"c11","body":{"in_reply_to":13,"type":"broadcast_ok"}}
2024/12/26 17:33:48 Sent {"src":"n1","dest":"n4","body":{"message":37,"msg_id":13,"type":"broadcast"}}
2024/12/26 17:33:48 Sent {"src":"n1","dest":"n2","body":{"message":37,"msg_id":13,"type":"broadcast"}}
2024/12/26 17:33:48 Sent {"src":"n1","dest":"n3","body":{"message":37,"msg_id":13,"type":"broadcast"}}
2024/12/26 17:33:48 Sent {"src":"n1","dest":"n0","body":{"message":37,"msg_id":13,"type":"broadcast"}}
2024/12/26 17:33:48 Sent {"src":"n1","dest":"n1","body":{"message":37,"msg_id":13,"type":"broadcast"}}
2024/12/26 17:33:48 Received {n1 n1 {"message":37,"msg_id":13,"type":"broadcast"}}
2024/12/26 17:33:48 Received {n4 n1 {"in_reply_to":13,"type":"broadcast_ok"}}
2024/12/26 17:33:48 Ignoring reply to 13 with no callback
2024/12/26 17:33:48 Received {n2 n1 {"in_reply_to":13,"type":"broadcast_ok"}}
2024/12/26 17:33:48 Ignoring reply to 13 with no callback
2024/12/26 17:33:48 Received {n3 n1 {"in_reply_to":13,"type":"broadcast_ok"}}
2024/12/26 17:33:48 Ignoring reply to 13 with no callback
2024/12/26 17:33:48 Received {n0 n1 {"in_reply_to":13,"type":"broadcast_ok"}}
2024/12/26 17:33:48 Ignoring reply to 13 with no callback
2024/12/26 17:33:48 Received {n2 n1 {"message":38,"msg_id":13,"type":"broadcast"}}
2024/12/26 17:33:48 Sent {"src":"n1","dest":"n2","body":{"in_reply_to":13,"type":"broadcast_ok"}}
2024/12/26 17:33:48 Sent {"src":"n1","dest":"n0","body":{"message":38,"msg_id":13,"type":"broadcast"}}
2024/12/26 17:33:48 Sent {"src":"n1","dest":"n1","body":{"message":38,"msg_id":13,"type":"broadcast"}}
2024/12/26 17:33:48 Sent {"src":"n1","dest":"n3","body":{"message":38,"msg_id":13,"type":"broadcast"}}
2024/12/26 17:33:48 Sent {"src":"n1","dest":"n4","body":{"message":38,"msg_id":13,"type":"broadcast"}}
2024/12/26 17:33:48 Received {n0 n1 {"message":38,"msg_id":13,"type":"broadcast"}}
2024/12/26 17:33:48 Received {n1 n1 {"message":38,"msg_id":13,"type":"broadcast"}}
2024/12/26 17:33:48 Received {n4 n1 {"message":38,"msg_id":13,"type":"broadcast"}}
2024/12/26 17:33:48 Received {n3 n1 {"message":38,"msg_id":13,"type":"broadcast"}}
2024/12/26 17:33:49 Received {n0 n1 {"message":39,"msg_id":27,"type":"broadcast"}}
2024/12/26 17:33:49 Sent {"src":"n1","dest":"n0","body":{"in_reply_to":27,"type":"broadcast_ok"}}
2024/12/26 17:33:49 Sent {"src":"n1","dest":"n2","body":{"message":39,"msg_id":27,"type":"broadcast"}}
2024/12/26 17:33:49 Sent {"src":"n1","dest":"n3","body":{"message":39,"msg_id":27,"type":"broadcast"}}
2024/12/26 17:33:49 Sent {"src":"n1","dest":"n4","body":{"message":39,"msg_id":27,"type":"broadcast"}}
2024/12/26 17:33:49 Sent {"src":"n1","dest":"n1","body":{"message":39,"msg_id":27,"type":"broadcast"}}
2024/12/26 17:33:49 Received {n4 n1 {"message":39,"msg_id":27,"type":"broadcast"}}
2024/12/26 17:33:49 Received {n2 n1 {"message":39,"msg_id":27,"type":"broadcast"}}
2024/12/26 17:33:49 Received {n3 n1 {"message":39,"msg_id":27,"type":"broadcast"}}
2024/12/26 17:33:49 Received {n1 n1 {"message":39,"msg_id":27,"type":"broadcast"}}
2024/12/26 17:33:49 Received {c11 n1 {"type":"read","msg_id":14}}
2024/12/26 17:33:49 Sent {"src":"n1","dest":"c11","body":{"in_reply_to":14,"messages":[30,32,4,11,16,12,14,15,26,31,5,10,25,38,3,22,8,9,19,27,39,2,6,36,20,29,17,34,35,0,7,18,21,23,24,28,33,1,13,37],"type":"read_ok"}}
2024/12/26 17:33:49 Received {n4 n1 {"message":40,"msg_id":14,"type":"broadcast"}}
2024/12/26 17:33:49 Sent {"src":"n1","dest":"n4","body":{"in_reply_to":14,"type":"broadcast_ok"}}
2024/12/26 17:33:49 Sent {"src":"n1","dest":"n0","body":{"message":40,"msg_id":14,"type":"broadcast"}}
2024/12/26 17:33:49 Sent {"src":"n1","dest":"n1","body":{"message":40,"msg_id":14,"type":"broadcast"}}
2024/12/26 17:33:49 Sent {"src":"n1","dest":"n2","body":{"message":40,"msg_id":14,"type":"broadcast"}}
2024/12/26 17:33:49 Sent {"src":"n1","dest":"n3","body":{"message":40,"msg_id":14,"type":"broadcast"}}
2024/12/26 17:33:49 Received {n3 n1 {"message":40,"msg_id":14,"type":"broadcast"}}
2024/12/26 17:33:49 Received {n0 n1 {"message":40,"msg_id":14,"type":"broadcast"}}
2024/12/26 17:33:49 Received {n1 n1 {"message":40,"msg_id":14,"type":"broadcast"}}
2024/12/26 17:33:49 Received {n2 n1 {"message":40,"msg_id":14,"type":"broadcast"}}
2024/12/26 17:33:49 Received {n0 n1 {"message":41,"msg_id":28,"type":"broadcast"}}
2024/12/26 17:33:49 Sent {"src":"n1","dest":"n0","body":{"in_reply_to":28,"type":"broadcast_ok"}}
2024/12/26 17:33:49 Sent {"src":"n1","dest":"n4","body":{"message":41,"msg_id":28,"type":"broadcast"}}
2024/12/26 17:33:49 Sent {"src":"n1","dest":"n1","body":{"message":41,"msg_id":28,"type":"broadcast"}}
2024/12/26 17:33:49 Sent {"src":"n1","dest":"n2","body":{"message":41,"msg_id":28,"type":"broadcast"}}
2024/12/26 17:33:49 Sent {"src":"n1","dest":"n3","body":{"message":41,"msg_id":28,"type":"broadcast"}}
2024/12/26 17:33:49 Received {n3 n1 {"message":41,"msg_id":28,"type":"broadcast"}}
2024/12/26 17:33:49 Received {n2 n1 {"message":41,"msg_id":28,"type":"broadcast"}}
2024/12/26 17:33:49 Received {n4 n1 {"message":41,"msg_id":28,"type":"broadcast"}}
2024/12/26 17:33:49 Received {n1 n1 {"message":41,"msg_id":28,"type":"broadcast"}}
2024/12/26 17:33:49 Received {n0 n1 {"message":42,"msg_id":29,"type":"broadcast"}}
2024/12/26 17:33:49 Sent {"src":"n1","dest":"n0","body":{"in_reply_to":29,"type":"broadcast_ok"}}
2024/12/26 17:33:49 Sent {"src":"n1","dest":"n4","body":{"message":42,"msg_id":29,"type":"broadcast"}}
2024/12/26 17:33:49 Sent {"src":"n1","dest":"n1","body":{"message":42,"msg_id":29,"type":"broadcast"}}
2024/12/26 17:33:49 Sent {"src":"n1","dest":"n2","body":{"message":42,"msg_id":29,"type":"broadcast"}}
2024/12/26 17:33:49 Sent {"src":"n1","dest":"n3","body":{"message":42,"msg_id":29,"type":"broadcast"}}
2024/12/26 17:33:49 Received {n1 n1 {"message":42,"msg_id":29,"type":"broadcast"}}
2024/12/26 17:33:49 Received {n2 n1 {"message":42,"msg_id":29,"type":"broadcast"}}
2024/12/26 17:33:49 Received {n4 n1 {"message":42,"msg_id":29,"type":"broadcast"}}
2024/12/26 17:33:49 Received {n3 n1 {"message":42,"msg_id":29,"type":"broadcast"}}
2024/12/26 17:33:49 Received {c11 n1 {"type":"broadcast","message":43,"msg_id":15}}
2024/12/26 17:33:49 Sent {"src":"n1","dest":"c11","body":{"in_reply_to":15,"type":"broadcast_ok"}}
2024/12/26 17:33:49 Sent {"src":"n1","dest":"n4","body":{"message":43,"msg_id":15,"type":"broadcast"}}
2024/12/26 17:33:49 Sent {"src":"n1","dest":"n1","body":{"message":43,"msg_id":15,"type":"broadcast"}}
2024/12/26 17:33:49 Sent {"src":"n1","dest":"n2","body":{"message":43,"msg_id":15,"type":"broadcast"}}
2024/12/26 17:33:49 Sent {"src":"n1","dest":"n3","body":{"message":43,"msg_id":15,"type":"broadcast"}}
2024/12/26 17:33:49 Sent {"src":"n1","dest":"n0","body":{"message":43,"msg_id":15,"type":"broadcast"}}
2024/12/26 17:33:49 Received {n1 n1 {"message":43,"msg_id":15,"type":"broadcast"}}
2024/12/26 17:33:49 Received {n4 n1 {"in_reply_to":15,"type":"broadcast_ok"}}
2024/12/26 17:33:49 Ignoring reply to 15 with no callback
2024/12/26 17:33:49 Received {n3 n1 {"in_reply_to":15,"type":"broadcast_ok"}}
2024/12/26 17:33:49 Ignoring reply to 15 with no callback
2024/12/26 17:33:49 Received {n0 n1 {"in_reply_to":15,"type":"broadcast_ok"}}
2024/12/26 17:33:49 Ignoring reply to 15 with no callback
2024/12/26 17:33:49 Received {n2 n1 {"in_reply_to":15,"type":"broadcast_ok"}}
2024/12/26 17:33:49 Ignoring reply to 15 with no callback
2024/12/26 17:33:49 Received {n2 n1 {"message":44,"msg_id":15,"type":"broadcast"}}
2024/12/26 17:33:49 Sent {"src":"n1","dest":"n2","body":{"in_reply_to":15,"type":"broadcast_ok"}}
2024/12/26 17:33:49 Sent {"src":"n1","dest":"n4","body":{"message":44,"msg_id":15,"type":"broadcast"}}
2024/12/26 17:33:49 Sent {"src":"n1","dest":"n1","body":{"message":44,"msg_id":15,"type":"broadcast"}}
2024/12/26 17:33:49 Sent {"src":"n1","dest":"n3","body":{"message":44,"msg_id":15,"type":"broadcast"}}
2024/12/26 17:33:49 Sent {"src":"n1","dest":"n0","body":{"message":44,"msg_id":15,"type":"broadcast"}}
2024/12/26 17:33:49 Received {n3 n1 {"message":44,"msg_id":15,"type":"broadcast"}}
2024/12/26 17:33:49 Received {n4 n1 {"message":44,"msg_id":15,"type":"broadcast"}}
2024/12/26 17:33:49 Received {n0 n1 {"message":44,"msg_id":15,"type":"broadcast"}}
2024/12/26 17:33:49 Received {n1 n1 {"message":44,"msg_id":15,"type":"broadcast"}}
2024/12/26 17:33:50 Received {n0 n1 {"message":45,"msg_id":30,"type":"broadcast"}}
2024/12/26 17:33:50 Sent {"src":"n1","dest":"n0","body":{"in_reply_to":30,"type":"broadcast_ok"}}
2024/12/26 17:33:50 Sent {"src":"n1","dest":"n4","body":{"message":45,"msg_id":30,"type":"broadcast"}}
2024/12/26 17:33:50 Sent {"src":"n1","dest":"n1","body":{"message":45,"msg_id":30,"type":"broadcast"}}
2024/12/26 17:33:50 Sent {"src":"n1","dest":"n2","body":{"message":45,"msg_id":30,"type":"broadcast"}}
2024/12/26 17:33:50 Sent {"src":"n1","dest":"n3","body":{"message":45,"msg_id":30,"type":"broadcast"}}
2024/12/26 17:33:50 Received {n3 n1 {"message":45,"msg_id":30,"type":"broadcast"}}
2024/12/26 17:33:50 Received {n2 n1 {"message":45,"msg_id":30,"type":"broadcast"}}
2024/12/26 17:33:50 Received {n1 n1 {"message":45,"msg_id":30,"type":"broadcast"}}
2024/12/26 17:33:50 Received {n4 n1 {"message":45,"msg_id":30,"type":"broadcast"}}
2024/12/26 17:33:50 Received {n0 n1 {"message":46,"msg_id":31,"type":"broadcast"}}
2024/12/26 17:33:50 Sent {"src":"n1","dest":"n0","body":{"in_reply_to":31,"type":"broadcast_ok"}}
2024/12/26 17:33:50 Sent {"src":"n1","dest":"n2","body":{"message":46,"msg_id":31,"type":"broadcast"}}
2024/12/26 17:33:50 Sent {"src":"n1","dest":"n4","body":{"message":46,"msg_id":31,"type":"broadcast"}}
2024/12/26 17:33:50 Sent {"src":"n1","dest":"n3","body":{"message":46,"msg_id":31,"type":"broadcast"}}
2024/12/26 17:33:50 Sent {"src":"n1","dest":"n1","body":{"message":46,"msg_id":31,"type":"broadcast"}}
2024/12/26 17:33:50 Received {n3 n1 {"message":46,"msg_id":31,"type":"broadcast"}}
2024/12/26 17:33:50 Received {n2 n1 {"message":46,"msg_id":31,"type":"broadcast"}}
2024/12/26 17:33:50 Received {n1 n1 {"message":46,"msg_id":31,"type":"broadcast"}}
2024/12/26 17:33:50 Received {n4 n1 {"message":46,"msg_id":31,"type":"broadcast"}}
2024/12/26 17:33:50 Received {c11 n1 {"type":"read","msg_id":16}}
2024/12/26 17:33:50 Sent {"src":"n1","dest":"c11","body":{"in_reply_to":16,"messages":[14,15,26,31,41,5,10,12,46,38,40,3,22,25,9,19,27,39,45,2,6,8,20,29,36,34,35,43,0,7,17,21,23,24,28,33,1,13,18,37,42,44,32,4,11,30,16],"type":"read_ok"}}
2024/12/26 17:33:50 Received {n4 n1 {"message":47,"msg_id":16,"type":"broadcast"}}
2024/12/26 17:33:50 Sent {"src":"n1","dest":"n4","body":{"in_reply_to":16,"type":"broadcast_ok"}}
2024/12/26 17:33:50 Sent {"src":"n1","dest":"n1","body":{"message":47,"msg_id":16,"type":"broadcast"}}
2024/12/26 17:33:50 Sent {"src":"n1","dest":"n3","body":{"message":47,"msg_id":16,"type":"broadcast"}}
2024/12/26 17:33:50 Sent {"src":"n1","dest":"n0","body":{"message":47,"msg_id":16,"type":"broadcast"}}
2024/12/26 17:33:50 Sent {"src":"n1","dest":"n2","body":{"message":47,"msg_id":16,"type":"broadcast"}}
2024/12/26 17:33:50 Received {n1 n1 {"message":47,"msg_id":16,"type":"broadcast"}}
2024/12/26 17:33:50 Received {n0 n1 {"message":47,"msg_id":16,"type":"broadcast"}}
2024/12/26 17:33:50 Received {n3 n1 {"message":47,"msg_id":16,"type":"broadcast"}}
2024/12/26 17:33:50 Received {n2 n1 {"message":47,"msg_id":16,"type":"broadcast"}}
2024/12/26 17:33:51 Received {n0 n1 {"message":48,"msg_id":32,"type":"broadcast"}}
2024/12/26 17:33:51 Sent {"src":"n1","dest":"n0","body":{"in_reply_to":32,"type":"broadcast_ok"}}
2024/12/26 17:33:51 Sent {"src":"n1","dest":"n2","body":{"message":48,"msg_id":32,"type":"broadcast"}}
2024/12/26 17:33:51 Sent {"src":"n1","dest":"n3","body":{"message":48,"msg_id":32,"type":"broadcast"}}
2024/12/26 17:33:51 Sent {"src":"n1","dest":"n4","body":{"message":48,"msg_id":32,"type":"broadcast"}}
2024/12/26 17:33:51 Sent {"src":"n1","dest":"n1","body":{"message":48,"msg_id":32,"type":"broadcast"}}
2024/12/26 17:33:51 Received {n3 n1 {"message":48,"msg_id":32,"type":"broadcast"}}
2024/12/26 17:33:51 Received {n4 n1 {"message":48,"msg_id":32,"type":"broadcast"}}
2024/12/26 17:33:51 Received {n2 n1 {"message":48,"msg_id":32,"type":"broadcast"}}
2024/12/26 17:33:51 Received {n1 n1 {"message":48,"msg_id":32,"type":"broadcast"}}
2024/12/26 17:33:51 Received {n0 n1 {"message":49,"msg_id":33,"type":"broadcast"}}
2024/12/26 17:33:51 Sent {"src":"n1","dest":"n0","body":{"in_reply_to":33,"type":"broadcast_ok"}}
2024/12/26 17:33:51 Sent {"src":"n1","dest":"n4","body":{"message":49,"msg_id":33,"type":"broadcast"}}
2024/12/26 17:33:51 Sent {"src":"n1","dest":"n1","body":{"message":49,"msg_id":33,"type":"broadcast"}}
2024/12/26 17:33:51 Sent {"src":"n1","dest":"n2","body":{"message":49,"msg_id":33,"type":"broadcast"}}
2024/12/26 17:33:51 Sent {"src":"n1","dest":"n3","body":{"message":49,"msg_id":33,"type":"broadcast"}}
2024/12/26 17:33:51 Received {n1 n1 {"message":49,"msg_id":33,"type":"broadcast"}}
2024/12/26 17:33:51 Received {n2 n1 {"message":49,"msg_id":33,"type":"broadcast"}}
2024/12/26 17:33:51 Received {n3 n1 {"message":49,"msg_id":33,"type":"broadcast"}}
2024/12/26 17:33:51 Received {n4 n1 {"message":49,"msg_id":33,"type":"broadcast"}}
2024/12/26 17:33:51 Received {c11 n1 {"type":"read","msg_id":17}}
2024/12/26 17:33:51 Sent {"src":"n1","dest":"c11","body":{"in_reply_to":17,"messages":[5,10,12,14,15,26,31,41,46,3,22,25,38,40,2,6,8,9,19,27,39,45,47,20,29,36,48,0,7,17,34,35,43,1,13,18,21,23,24,28,33,37,42,44,4,11,30,32,16,49],"type":"read_ok"}}
2024/12/26 17:33:51 Received {n3 n1 {"message":50,"msg_id":17,"type":"broadcast"}}
2024/12/26 17:33:51 Sent {"src":"n1","dest":"n3","body":{"in_reply_to":17,"type":"broadcast_ok"}}
2024/12/26 17:33:51 Sent {"src":"n1","dest":"n4","body":{"message":50,"msg_id":17,"type":"broadcast"}}
2024/12/26 17:33:51 Sent {"src":"n1","dest":"n1","body":{"message":50,"msg_id":17,"type":"broadcast"}}
2024/12/26 17:33:51 Sent {"src":"n1","dest":"n2","body":{"message":50,"msg_id":17,"type":"broadcast"}}
2024/12/26 17:33:51 Received {n2 n1 {"message":50,"msg_id":17,"type":"broadcast"}}
2024/12/26 17:33:51 Received {n0 n1 {"message":50,"msg_id":17,"type":"broadcast"}}
2024/12/26 17:33:51 Sent {"src":"n1","dest":"n0","body":{"message":50,"msg_id":17,"type":"broadcast"}}
2024/12/26 17:33:51 Received {n1 n1 {"message":50,"msg_id":17,"type":"broadcast"}}
2024/12/26 17:33:51 Received {n4 n1 {"message":50,"msg_id":17,"type":"broadcast"}}
2024/12/26 17:33:51 Received {c11 n1 {"type":"broadcast","message":51,"msg_id":18}}
2024/12/26 17:33:51 Sent {"src":"n1","dest":"c11","body":{"in_reply_to":18,"type":"broadcast_ok"}}
2024/12/26 17:33:51 Sent {"src":"n1","dest":"n1","body":{"message":51,"msg_id":18,"type":"broadcast"}}
2024/12/26 17:33:51 Sent {"src":"n1","dest":"n3","body":{"message":51,"msg_id":18,"type":"broadcast"}}
2024/12/26 17:33:51 Sent {"src":"n1","dest":"n4","body":{"message":51,"msg_id":18,"type":"broadcast"}}
2024/12/26 17:33:51 Sent {"src":"n1","dest":"n0","body":{"message":51,"msg_id":18,"type":"broadcast"}}
2024/12/26 17:33:51 Sent {"src":"n1","dest":"n2","body":{"message":51,"msg_id":18,"type":"broadcast"}}
2024/12/26 17:33:51 Received {n1 n1 {"message":51,"msg_id":18,"type":"broadcast"}}
2024/12/26 17:33:51 Received {n3 n1 {"in_reply_to":18,"type":"broadcast_ok"}}
2024/12/26 17:33:51 Ignoring reply to 18 with no callback
2024/12/26 17:33:51 Received {n0 n1 {"in_reply_to":18,"type":"broadcast_ok"}}
2024/12/26 17:33:51 Ignoring reply to 18 with no callback
2024/12/26 17:33:51 Received {n2 n1 {"in_reply_to":18,"type":"broadcast_ok"}}
2024/12/26 17:33:51 Ignoring reply to 18 with no callback
2024/12/26 17:33:51 Received {n4 n1 {"in_reply_to":18,"type":"broadcast_ok"}}
2024/12/26 17:33:51 Ignoring reply to 18 with no callback
2024/12/26 17:33:52 Received {n3 n1 {"message":52,"msg_id":18,"type":"broadcast"}}
2024/12/26 17:33:52 Sent {"src":"n1","dest":"n3","body":{"in_reply_to":18,"type":"broadcast_ok"}}
2024/12/26 17:33:52 Sent {"src":"n1","dest":"n4","body":{"message":52,"msg_id":18,"type":"broadcast"}}
2024/12/26 17:33:52 Sent {"src":"n1","dest":"n0","body":{"message":52,"msg_id":18,"type":"broadcast"}}
2024/12/26 17:33:52 Sent {"src":"n1","dest":"n1","body":{"message":52,"msg_id":18,"type":"broadcast"}}
2024/12/26 17:33:52 Sent {"src":"n1","dest":"n2","body":{"message":52,"msg_id":18,"type":"broadcast"}}
2024/12/26 17:33:52 Received {n4 n1 {"message":52,"msg_id":18,"type":"broadcast"}}
2024/12/26 17:33:52 Received {n0 n1 {"message":52,"msg_id":18,"type":"broadcast"}}
2024/12/26 17:33:52 Received {n2 n1 {"message":52,"msg_id":18,"type":"broadcast"}}
2024/12/26 17:33:52 Received {n1 n1 {"message":52,"msg_id":18,"type":"broadcast"}}
2024/12/26 17:33:52 Received {n0 n1 {"message":53,"msg_id":37,"type":"broadcast"}}
2024/12/26 17:33:52 Sent {"src":"n1","dest":"n0","body":{"in_reply_to":37,"type":"broadcast_ok"}}
2024/12/26 17:33:52 Sent {"src":"n1","dest":"n3","body":{"message":53,"msg_id":37,"type":"broadcast"}}
2024/12/26 17:33:52 Sent {"src":"n1","dest":"n4","body":{"message":53,"msg_id":37,"type":"broadcast"}}
2024/12/26 17:33:52 Sent {"src":"n1","dest":"n1","body":{"message":53,"msg_id":37,"type":"broadcast"}}
2024/12/26 17:33:52 Sent {"src":"n1","dest":"n2","body":{"message":53,"msg_id":37,"type":"broadcast"}}
2024/12/26 17:33:52 Received {n4 n1 {"message":53,"msg_id":37,"type":"broadcast"}}
2024/12/26 17:33:52 Received {n3 n1 {"message":53,"msg_id":37,"type":"broadcast"}}
2024/12/26 17:33:52 Received {n1 n1 {"message":53,"msg_id":37,"type":"broadcast"}}
2024/12/26 17:33:52 Received {n2 n1 {"message":53,"msg_id":37,"type":"broadcast"}}
2024/12/26 17:33:52 Received {c11 n1 {"type":"read","msg_id":19}}
2024/12/26 17:33:52 Sent {"src":"n1","dest":"c11","body":{"in_reply_to":19,"messages":[29,36,48,43,0,7,17,51,53,1,24,37,32,15,31,22,25,45,52,2,8,19,20,34,35,23,28,33,42,44,13,18,21,4,11,30,16,49,14,26,41,5,10,12,46,38,40,3,39,47,50,6,9,27],"type":"read_ok"}}
2024/12/26 17:33:52 Received {n2 n1 {"message":54,"msg_id":19,"type":"broadcast"}}
2024/12/26 17:33:52 Sent {"src":"n1","dest":"n2","body":{"in_reply_to":19,"type":"broadcast_ok"}}
2024/12/26 17:33:52 Sent {"src":"n1","dest":"n4","body":{"message":54,"msg_id":19,"type":"broadcast"}}
2024/12/26 17:33:52 Sent {"src":"n1","dest":"n0","body":{"message":54,"msg_id":19,"type":"broadcast"}}
2024/12/26 17:33:52 Sent {"src":"n1","dest":"n1","body":{"message":54,"msg_id":19,"type":"broadcast"}}
2024/12/26 17:33:52 Sent {"src":"n1","dest":"n3","body":{"message":54,"msg_id":19,"type":"broadcast"}}
2024/12/26 17:33:52 Received {n3 n1 {"message":54,"msg_id":19,"type":"broadcast"}}
2024/12/26 17:33:52 Received {n0 n1 {"message":54,"msg_id":19,"type":"broadcast"}}
2024/12/26 17:33:52 Received {n1 n1 {"message":54,"msg_id":19,"type":"broadcast"}}
2024/12/26 17:33:52 Received {n4 n1 {"message":54,"msg_id":19,"type":"broadcast"}}
2024/12/26 17:33:53 Received {c11 n1 {"type":"read","msg_id":20}}
2024/12/26 17:33:53 Sent {"src":"n1","dest":"c11","body":{"in_reply_to":20,"messages":[38,40,3,27,39,47,50,54,6,9,48,29,36,17,43,0,7,37,51,53,1,24,32,15,31,25,22,19,45,52,2,8,20,34,35,21,23,28,33,42,44,13,18,30,4,11,16,49,12,14,26,41,5,10,46],"type":"read_ok"}}
2024/12/26 17:33:53 Received {n2 n1 {"message":55,"msg_id":20,"type":"broadcast"}}
2024/12/26 17:33:53 Sent {"src":"n1","dest":"n2","body":{"in_reply_to":20,"type":"broadcast_ok"}}
2024/12/26 17:33:53 Sent {"src":"n1","dest":"n1","body":{"message":55,"msg_id":20,"type":"broadcast"}}
2024/12/26 17:33:53 Sent {"src":"n1","dest":"n0","body":{"message":55,"msg_id":20,"type":"broadcast"}}
2024/12/26 17:33:53 Sent {"src":"n1","dest":"n3","body":{"message":55,"msg_id":20,"type":"broadcast"}}
2024/12/26 17:33:53 Sent {"src":"n1","dest":"n4","body":{"message":55,"msg_id":20,"type":"broadcast"}}
2024/12/26 17:33:53 Received {n0 n1 {"message":55,"msg_id":20,"type":"broadcast"}}
2024/12/26 17:33:53 Received {n4 n1 {"message":55,"msg_id":20,"type":"broadcast"}}
2024/12/26 17:33:53 Received {n3 n1 {"message":55,"msg_id":20,"type":"broadcast"}}
2024/12/26 17:33:53 Received {n1 n1 {"message":55,"msg_id":20,"type":"broadcast"}}
2024/12/26 17:33:53 Received {n3 n1 {"message":56,"msg_id":20,"type":"broadcast"}}
2024/12/26 17:33:53 Sent {"src":"n1","dest":"n3","body":{"in_reply_to":20,"type":"broadcast_ok"}}
2024/12/26 17:33:53 Sent {"src":"n1","dest":"n1","body":{"message":56,"msg_id":20,"type":"broadcast"}}
2024/12/26 17:33:53 Sent {"src":"n1","dest":"n4","body":{"message":56,"msg_id":20,"type":"broadcast"}}
2024/12/26 17:33:53 Sent {"src":"n1","dest":"n0","body":{"message":56,"msg_id":20,"type":"broadcast"}}
2024/12/26 17:33:53 Sent {"src":"n1","dest":"n2","body":{"message":56,"msg_id":20,"type":"broadcast"}}
2024/12/26 17:33:53 Received {n4 n1 {"message":56,"msg_id":20,"type":"broadcast"}}
2024/12/26 17:33:53 Received {n1 n1 {"message":56,"msg_id":20,"type":"broadcast"}}
2024/12/26 17:33:53 Received {n0 n1 {"message":56,"msg_id":20,"type":"broadcast"}}
2024/12/26 17:33:53 Received {n2 n1 {"message":56,"msg_id":20,"type":"broadcast"}}
2024/12/26 17:33:53 Received {n4 n1 {"message":57,"msg_id":20,"type":"broadcast"}}
2024/12/26 17:33:53 Sent {"src":"n1","dest":"n4","body":{"in_reply_to":20,"type":"broadcast_ok"}}
2024/12/26 17:33:53 Sent {"src":"n1","dest":"n3","body":{"message":57,"msg_id":20,"type":"broadcast"}}
2024/12/26 17:33:53 Sent {"src":"n1","dest":"n0","body":{"message":57,"msg_id":20,"type":"broadcast"}}
2024/12/26 17:33:53 Sent {"src":"n1","dest":"n1","body":{"message":57,"msg_id":20,"type":"broadcast"}}
2024/12/26 17:33:53 Sent {"src":"n1","dest":"n2","body":{"message":57,"msg_id":20,"type":"broadcast"}}
2024/12/26 17:33:53 Received {n3 n1 {"message":57,"msg_id":20,"type":"broadcast"}}
2024/12/26 17:33:53 Received {n1 n1 {"message":57,"msg_id":20,"type":"broadcast"}}
2024/12/26 17:33:53 Received {n0 n1 {"message":57,"msg_id":20,"type":"broadcast"}}
2024/12/26 17:33:53 Received {n2 n1 {"message":57,"msg_id":20,"type":"broadcast"}}
2024/12/26 17:33:53 Received {n0 n1 {"message":58,"msg_id":41,"type":"broadcast"}}
2024/12/26 17:33:53 Sent {"src":"n1","dest":"n0","body":{"in_reply_to":41,"type":"broadcast_ok"}}
2024/12/26 17:33:53 Sent {"src":"n1","dest":"n1","body":{"message":58,"msg_id":41,"type":"broadcast"}}
2024/12/26 17:33:53 Sent {"src":"n1","dest":"n2","body":{"message":58,"msg_id":41,"type":"broadcast"}}
2024/12/26 17:33:53 Sent {"src":"n1","dest":"n4","body":{"message":58,"msg_id":41,"type":"broadcast"}}
2024/12/26 17:33:53 Sent {"src":"n1","dest":"n3","body":{"message":58,"msg_id":41,"type":"broadcast"}}
2024/12/26 17:33:53 Received {n1 n1 {"message":58,"msg_id":41,"type":"broadcast"}}
2024/12/26 17:33:53 Received {n3 n1 {"message":58,"msg_id":41,"type":"broadcast"}}
2024/12/26 17:33:53 Received {n2 n1 {"message":58,"msg_id":41,"type":"broadcast"}}
2024/12/26 17:33:53 Received {n4 n1 {"message":58,"msg_id":41,"type":"broadcast"}}
2024/12/26 17:33:53 Received {c11 n1 {"type":"read","msg_id":21}}
2024/12/26 17:33:53 Sent {"src":"n1","dest":"c11","body":{"in_reply_to":21,"messages":[21,23,28,33,42,44,13,18,30,4,11,16,49,12,14,26,41,46,57,5,10,40,56,58,3,38,27,39,47,50,54,6,9,48,29,36,17,43,0,7,37,51,53,1,24,32,15,31,55,22,25,19,45,52,2,8,20,34,35],"type":"read_ok"}}
2024/12/26 17:33:54 Received {n4 n1 {"message":59,"msg_id":21,"type":"broadcast"}}
2024/12/26 17:33:54 Sent {"src":"n1","dest":"n4","body":{"in_reply_to":21,"type":"broadcast_ok"}}
2024/12/26 17:33:54 Sent {"src":"n1","dest":"n0","body":{"message":59,"msg_id":21,"type":"broadcast"}}
2024/12/26 17:33:54 Sent {"src":"n1","dest":"n1","body":{"message":59,"msg_id":21,"type":"broadcast"}}
2024/12/26 17:33:54 Sent {"src":"n1","dest":"n3","body":{"message":59,"msg_id":21,"type":"broadcast"}}
2024/12/26 17:33:54 Sent {"src":"n1","dest":"n2","body":{"message":59,"msg_id":21,"type":"broadcast"}}
2024/12/26 17:33:54 Received {n3 n1 {"message":59,"msg_id":21,"type":"broadcast"}}
2024/12/26 17:33:54 Received {n0 n1 {"message":59,"msg_id":21,"type":"broadcast"}}
2024/12/26 17:33:54 Received {n1 n1 {"message":59,"msg_id":21,"type":"broadcast"}}
2024/12/26 17:33:54 Received {n2 n1 {"message":59,"msg_id":21,"type":"broadcast"}}
2024/12/26 17:33:54 Received {c11 n1 {"type":"broadcast","message":60,"msg_id":22}}
2024/12/26 17:33:54 Sent {"src":"n1","dest":"c11","body":{"in_reply_to":22,"type":"broadcast_ok"}}
2024/12/26 17:33:54 Sent {"src":"n1","dest":"n4","body":{"message":60,"msg_id":22,"type":"broadcast"}}
2024/12/26 17:33:54 Sent {"src":"n1","dest":"n2","body":{"message":60,"msg_id":22,"type":"broadcast"}}
2024/12/26 17:33:54 Sent {"src":"n1","dest":"n1","body":{"message":60,"msg_id":22,"type":"broadcast"}}
2024/12/26 17:33:54 Sent {"src":"n1","dest":"n0","body":{"message":60,"msg_id":22,"type":"broadcast"}}
2024/12/26 17:33:54 Sent {"src":"n1","dest":"n3","body":{"message":60,"msg_id":22,"type":"broadcast"}}
2024/12/26 17:33:54 Received {n1 n1 {"message":60,"msg_id":22,"type":"broadcast"}}
2024/12/26 17:33:54 Received {n2 n1 {"in_reply_to":22,"type":"broadcast_ok"}}
2024/12/26 17:33:54 Ignoring reply to 22 with no callback
2024/12/26 17:33:54 Received {n4 n1 {"in_reply_to":22,"type":"broadcast_ok"}}
2024/12/26 17:33:54 Ignoring reply to 22 with no callback
2024/12/26 17:33:54 Received {n0 n1 {"in_reply_to":22,"type":"broadcast_ok"}}
2024/12/26 17:33:54 Ignoring reply to 22 with no callback
2024/12/26 17:33:54 Received {n3 n1 {"in_reply_to":22,"type":"broadcast_ok"}}
2024/12/26 17:33:54 Ignoring reply to 22 with no callback
2024/12/26 17:33:54 Received {n2 n1 {"message":61,"msg_id":22,"type":"broadcast"}}
2024/12/26 17:33:54 Sent {"src":"n1","dest":"n2","body":{"in_reply_to":22,"type":"broadcast_ok"}}
2024/12/26 17:33:54 Sent {"src":"n1","dest":"n4","body":{"message":61,"msg_id":22,"type":"broadcast"}}
2024/12/26 17:33:54 Sent {"src":"n1","dest":"n1","body":{"message":61,"msg_id":22,"type":"broadcast"}}
2024/12/26 17:33:54 Sent {"src":"n1","dest":"n3","body":{"message":61,"msg_id":22,"type":"broadcast"}}
2024/12/26 17:33:54 Sent {"src":"n1","dest":"n0","body":{"message":61,"msg_id":22,"type":"broadcast"}}
2024/12/26 17:33:54 Received {n1 n1 {"message":61,"msg_id":22,"type":"broadcast"}}
2024/12/26 17:33:54 Received {n4 n1 {"message":61,"msg_id":22,"type":"broadcast"}}
2024/12/26 17:33:54 Received {n0 n1 {"message":61,"msg_id":22,"type":"broadcast"}}
2024/12/26 17:33:54 Received {n3 n1 {"message":61,"msg_id":22,"type":"broadcast"}}
2024/12/26 17:33:54 Received {n3 n1 {"message":62,"msg_id":22,"type":"broadcast"}}
2024/12/26 17:33:54 Sent {"src":"n1","dest":"n3","body":{"in_reply_to":22,"type":"broadcast_ok"}}
2024/12/26 17:33:54 Sent {"src":"n1","dest":"n4","body":{"message":62,"msg_id":22,"type":"broadcast"}}
2024/12/26 17:33:54 Sent {"src":"n1","dest":"n0","body":{"message":62,"msg_id":22,"type":"broadcast"}}
2024/12/26 17:33:54 Sent {"src":"n1","dest":"n1","body":{"message":62,"msg_id":22,"type":"broadcast"}}
2024/12/26 17:33:54 Sent {"src":"n1","dest":"n2","body":{"message":62,"msg_id":22,"type":"broadcast"}}
2024/12/26 17:33:54 Received {n2 n1 {"message":62,"msg_id":22,"type":"broadcast"}}
2024/12/26 17:33:54 Received {n4 n1 {"message":62,"msg_id":22,"type":"broadcast"}}
2024/12/26 17:33:54 Received {n1 n1 {"message":62,"msg_id":22,"type":"broadcast"}}
2024/12/26 17:33:54 Received {n0 n1 {"message":62,"msg_id":22,"type":"broadcast"}}
2024/12/26 17:33:54 Received {c11 n1 {"type":"read","msg_id":23}}
2024/12/26 17:33:54 Sent {"src":"n1","dest":"c11","body":{"in_reply_to":23,"messages":[62,59,31,15,25,55,22,8,19,45,52,2,20,35,34,18,21,23,28,33,42,44,13,11,30,61,4,49,60,16,10,12,14,26,41,46,57,5,38,40,56,58,3,9,27,39,47,50,54,6,36,48,29,7,17,43,0,24,37,51,53,1,32],"type":"read_ok"}}
2024/12/26 17:33:54 Received {n2 n1 {"message":63,"msg_id":23,"type":"broadcast"}}
2024/12/26 17:33:54 Sent {"src":"n1","dest":"n2","body":{"in_reply_to":23,"type":"broadcast_ok"}}
2024/12/26 17:33:54 Sent {"src":"n1","dest":"n1","body":{"message":63,"msg_id":23,"type":"broadcast"}}
2024/12/26 17:33:54 Sent {"src":"n1","dest":"n4","body":{"message":63,"msg_id":23,"type":"broadcast"}}
2024/12/26 17:33:54 Sent {"src":"n1","dest":"n0","body":{"message":63,"msg_id":23,"type":"broadcast"}}
2024/12/26 17:33:54 Sent {"src":"n1","dest":"n3","body":{"message":63,"msg_id":23,"type":"broadcast"}}
2024/12/26 17:33:54 Received {n1 n1 {"message":63,"msg_id":23,"type":"broadcast"}}
2024/12/26 17:33:54 Received {n0 n1 {"message":63,"msg_id":23,"type":"broadcast"}}
2024/12/26 17:33:54 Received {n4 n1 {"message":63,"msg_id":23,"type":"broadcast"}}
2024/12/26 17:33:54 Received {n3 n1 {"message":63,"msg_id":23,"type":"broadcast"}}
2024/12/26 17:33:55 Received {n4 n1 {"message":64,"msg_id":23,"type":"broadcast"}}
2024/12/26 17:33:55 Sent {"src":"n1","dest":"n4","body":{"in_reply_to":23,"type":"broadcast_ok"}}
2024/12/26 17:33:55 Sent {"src":"n1","dest":"n3","body":{"message":64,"msg_id":23,"type":"broadcast"}}
2024/12/26 17:33:55 Sent {"src":"n1","dest":"n0","body":{"message":64,"msg_id":23,"type":"broadcast"}}
2024/12/26 17:33:55 Sent {"src":"n1","dest":"n1","body":{"message":64,"msg_id":23,"type":"broadcast"}}
2024/12/26 17:33:55 Sent {"src":"n1","dest":"n2","body":{"message":64,"msg_id":23,"type":"broadcast"}}
2024/12/26 17:33:55 Received {n2 n1 {"message":64,"msg_id":23,"type":"broadcast"}}
2024/12/26 17:33:55 Received {n1 n1 {"message":64,"msg_id":23,"type":"broadcast"}}
2024/12/26 17:33:55 Received {n0 n1 {"message":64,"msg_id":23,"type":"broadcast"}}
2024/12/26 17:33:55 Received {n3 n1 {"message":64,"msg_id":23,"type":"broadcast"}}
2024/12/26 17:33:55 Received {c11 n1 {"type":"broadcast","message":65,"msg_id":24}}
2024/12/26 17:33:55 Sent {"src":"n1","dest":"c11","body":{"in_reply_to":24,"type":"broadcast_ok"}}
2024/12/26 17:33:55 Sent {"src":"n1","dest":"n1","body":{"message":65,"msg_id":24,"type":"broadcast"}}
2024/12/26 17:33:55 Sent {"src":"n1","dest":"n2","body":{"message":65,"msg_id":24,"type":"broadcast"}}
2024/12/26 17:33:55 Sent {"src":"n1","dest":"n3","body":{"message":65,"msg_id":24,"type":"broadcast"}}
2024/12/26 17:33:55 Sent {"src":"n1","dest":"n4","body":{"message":65,"msg_id":24,"type":"broadcast"}}
2024/12/26 17:33:55 Sent {"src":"n1","dest":"n0","body":{"message":65,"msg_id":24,"type":"broadcast"}}
2024/12/26 17:33:55 Received {n1 n1 {"message":65,"msg_id":24,"type":"broadcast"}}
2024/12/26 17:33:55 Received {n2 n1 {"in_reply_to":24,"type":"broadcast_ok"}}
2024/12/26 17:33:55 Ignoring reply to 24 with no callback
2024/12/26 17:33:55 Received {n0 n1 {"in_reply_to":24,"type":"broadcast_ok"}}
2024/12/26 17:33:55 Ignoring reply to 24 with no callback
2024/12/26 17:33:55 Received {n3 n1 {"in_reply_to":24,"type":"broadcast_ok"}}
2024/12/26 17:33:55 Ignoring reply to 24 with no callback
2024/12/26 17:33:55 Received {n4 n1 {"in_reply_to":24,"type":"broadcast_ok"}}
2024/12/26 17:33:55 Ignoring reply to 24 with no callback
2024/12/26 17:33:55 Received {n3 n1 {"message":66,"msg_id":24,"type":"broadcast"}}
2024/12/26 17:33:55 Sent {"src":"n1","dest":"n3","body":{"in_reply_to":24,"type":"broadcast_ok"}}
2024/12/26 17:33:55 Sent {"src":"n1","dest":"n0","body":{"message":66,"msg_id":24,"type":"broadcast"}}
2024/12/26 17:33:55 Sent {"src":"n1","dest":"n1","body":{"message":66,"msg_id":24,"type":"broadcast"}}
2024/12/26 17:33:55 Sent {"src":"n1","dest":"n4","body":{"message":66,"msg_id":24,"type":"broadcast"}}
2024/12/26 17:33:55 Sent {"src":"n1","dest":"n2","body":{"message":66,"msg_id":24,"type":"broadcast"}}
2024/12/26 17:33:55 Received {n4 n1 {"message":66,"msg_id":24,"type":"broadcast"}}
2024/12/26 17:33:55 Received {n1 n1 {"message":66,"msg_id":24,"type":"broadcast"}}
2024/12/26 17:33:55 Received {n2 n1 {"message":66,"msg_id":24,"type":"broadcast"}}
2024/12/26 17:33:55 Received {n0 n1 {"message":66,"msg_id":24,"type":"broadcast"}}
2024/12/26 17:33:55 Received {n4 n1 {"message":67,"msg_id":24,"type":"broadcast"}}
2024/12/26 17:33:55 Sent {"src":"n1","dest":"n4","body":{"in_reply_to":24,"type":"broadcast_ok"}}
2024/12/26 17:33:55 Sent {"src":"n1","dest":"n3","body":{"message":67,"msg_id":24,"type":"broadcast"}}
2024/12/26 17:33:55 Sent {"src":"n1","dest":"n0","body":{"message":67,"msg_id":24,"type":"broadcast"}}
2024/12/26 17:33:55 Sent {"src":"n1","dest":"n1","body":{"message":67,"msg_id":24,"type":"broadcast"}}
2024/12/26 17:33:55 Sent {"src":"n1","dest":"n2","body":{"message":67,"msg_id":24,"type":"broadcast"}}
2024/12/26 17:33:55 Received {n0 n1 {"message":67,"msg_id":24,"type":"broadcast"}}
2024/12/26 17:33:55 Received {n3 n1 {"message":67,"msg_id":24,"type":"broadcast"}}
2024/12/26 17:33:55 Received {n2 n1 {"message":67,"msg_id":24,"type":"broadcast"}}
2024/12/26 17:33:55 Received {n1 n1 {"message":67,"msg_id":24,"type":"broadcast"}}
2024/12/26 17:33:55 Received {c11 n1 {"type":"broadcast","message":68,"msg_id":25}}
2024/12/26 17:33:55 Sent {"src":"n1","dest":"c11","body":{"in_reply_to":25,"type":"broadcast_ok"}}
2024/12/26 17:33:55 Sent {"src":"n1","dest":"n0","body":{"message":68,"msg_id":25,"type":"broadcast"}}
2024/12/26 17:33:55 Sent {"src":"n1","dest":"n2","body":{"message":68,"msg_id":25,"type":"broadcast"}}
2024/12/26 17:33:55 Sent {"src":"n1","dest":"n1","body":{"message":68,"msg_id":25,"type":"broadcast"}}
2024/12/26 17:33:55 Sent {"src":"n1","dest":"n4","body":{"message":68,"msg_id":25,"type":"broadcast"}}
2024/12/26 17:33:55 Sent {"src":"n1","dest":"n3","body":{"message":68,"msg_id":25,"type":"broadcast"}}
2024/12/26 17:33:55 Received {n0 n1 {"in_reply_to":25,"type":"broadcast_ok"}}
2024/12/26 17:33:55 Ignoring reply to 25 with no callback
2024/12/26 17:33:55 Received {n1 n1 {"message":68,"msg_id":25,"type":"broadcast"}}
2024/12/26 17:33:55 Received {n2 n1 {"message":68,"msg_id":25,"type":"broadcast"}}
2024/12/26 17:33:55 Received {n3 n1 {"message":68,"msg_id":25,"type":"broadcast"}}
2024/12/26 17:33:55 Received {n4 n1 {"message":68,"msg_id":25,"type":"broadcast"}}
2024/12/26 17:33:56 Received {n2 n1 {"message":69,"msg_id":25,"type":"broadcast"}}
2024/12/26 17:33:56 Sent {"src":"n1","dest":"n2","body":{"in_reply_to":25,"type":"broadcast_ok"}}
2024/12/26 17:33:56 Sent {"src":"n1","dest":"n4","body":{"message":69,"msg_id":25,"type":"broadcast"}}
2024/12/26 17:33:56 Sent {"src":"n1","dest":"n0","body":{"message":69,"msg_id":25,"type":"broadcast"}}
2024/12/26 17:33:56 Sent {"src":"n1","dest":"n3","body":{"message":69,"msg_id":25,"type":"broadcast"}}
2024/12/26 17:33:56 Sent {"src":"n1","dest":"n1","body":{"message":69,"msg_id":25,"type":"broadcast"}}
2024/12/26 17:33:56 Received {n4 n1 {"message":69,"msg_id":25,"type":"broadcast"}}
2024/12/26 17:33:56 Received {n0 n1 {"message":69,"msg_id":25,"type":"broadcast"}}
2024/12/26 17:33:56 Received {n1 n1 {"message":69,"msg_id":25,"type":"broadcast"}}
2024/12/26 17:33:56 Received {n3 n1 {"message":69,"msg_id":25,"type":"broadcast"}}
2024/12/26 17:33:56 Received {c11 n1 {"type":"read","msg_id":26}}
2024/12/26 17:33:56 Sent {"src":"n1","dest":"c11","body":{"in_reply_to":26,"messages":[0,7,17,43,1,24,37,51,53,32,59,62,66,67,69,15,31,22,25,55,2,8,19,45,52,20,64,34,35,33,42,44,13,18,21,23,28,4,11,30,61,16,49,60,68,41,46,57,5,10,12,14,26,3,38,40,56,58,50,54,63,6,9,27,39,47,65,29,36,48],"type":"read_ok"}}
2024/12/26 17:33:56 Received {n2 n1 {"message":70,"msg_id":26,"type":"broadcast"}}
2024/12/26 17:33:56 Sent {"src":"n1","dest":"n2","body":{"in_reply_to":26,"type":"broadcast_ok"}}
2024/12/26 17:33:56 Sent {"src":"n1","dest":"n4","body":{"message":70,"msg_id":26,"type":"broadcast"}}
2024/12/26 17:33:56 Sent {"src":"n1","dest":"n1","body":{"message":70,"msg_id":26,"type":"broadcast"}}
2024/12/26 17:33:56 Sent {"src":"n1","dest":"n0","body":{"message":70,"msg_id":26,"type":"broadcast"}}
2024/12/26 17:33:56 Sent {"src":"n1","dest":"n3","body":{"message":70,"msg_id":26,"type":"broadcast"}}
2024/12/26 17:33:56 Received {n1 n1 {"message":70,"msg_id":26,"type":"broadcast"}}
2024/12/26 17:33:56 Received {n4 n1 {"message":70,"msg_id":26,"type":"broadcast"}}
2024/12/26 17:33:56 Received {n0 n1 {"message":70,"msg_id":26,"type":"broadcast"}}
2024/12/26 17:33:56 Received {n3 n1 {"message":70,"msg_id":26,"type":"broadcast"}}
2024/12/26 17:33:56 Received {n3 n1 {"message":71,"msg_id":26,"type":"broadcast"}}
2024/12/26 17:33:56 Sent {"src":"n1","dest":"n4","body":{"message":71,"msg_id":26,"type":"broadcast"}}
2024/12/26 17:33:56 Sent {"src":"n1","dest":"n1","body":{"message":71,"msg_id":26,"type":"broadcast"}}
2024/12/26 17:33:56 Sent {"src":"n1","dest":"n2","body":{"message":71,"msg_id":26,"type":"broadcast"}}
2024/12/26 17:33:56 Sent {"src":"n1","dest":"n0","body":{"message":71,"msg_id":26,"type":"broadcast"}}
2024/12/26 17:33:56 Sent {"src":"n1","dest":"n3","body":{"in_reply_to":26,"type":"broadcast_ok"}}
2024/12/26 17:33:56 Received {n1 n1 {"message":71,"msg_id":26,"type":"broadcast"}}
2024/12/26 17:33:56 Received {n4 n1 {"message":71,"msg_id":26,"type":"broadcast"}}
2024/12/26 17:33:56 Received {n0 n1 {"message":71,"msg_id":26,"type":"broadcast"}}
2024/12/26 17:33:56 Received {n2 n1 {"message":71,"msg_id":26,"type":"broadcast"}}
2024/12/26 17:33:56 Received {n4 n1 {"message":72,"msg_id":26,"type":"broadcast"}}
2024/12/26 17:33:56 Sent {"src":"n1","dest":"n4","body":{"in_reply_to":26,"type":"broadcast_ok"}}
2024/12/26 17:33:56 Sent {"src":"n1","dest":"n1","body":{"message":72,"msg_id":26,"type":"broadcast"}}
2024/12/26 17:33:56 Sent {"src":"n1","dest":"n3","body":{"message":72,"msg_id":26,"type":"broadcast"}}
2024/12/26 17:33:56 Sent {"src":"n1","dest":"n2","body":{"message":72,"msg_id":26,"type":"broadcast"}}
2024/12/26 17:33:56 Sent {"src":"n1","dest":"n0","body":{"message":72,"msg_id":26,"type":"broadcast"}}
2024/12/26 17:33:56 Received {n1 n1 {"message":72,"msg_id":26,"type":"broadcast"}}
2024/12/26 17:33:56 Received {n3 n1 {"message":72,"msg_id":26,"type":"broadcast"}}
2024/12/26 17:33:56 Received {n0 n1 {"message":72,"msg_id":26,"type":"broadcast"}}
2024/12/26 17:33:56 Received {n2 n1 {"message":72,"msg_id":26,"type":"broadcast"}}
2024/12/26 17:33:57 Received {c11 n1 {"type":"broadcast","message":73,"msg_id":27}}
2024/12/26 17:33:57 Sent {"src":"n1","dest":"c11","body":{"in_reply_to":27,"type":"broadcast_ok"}}
2024/12/26 17:33:57 Sent {"src":"n1","dest":"n2","body":{"message":73,"msg_id":27,"type":"broadcast"}}
2024/12/26 17:33:57 Sent {"src":"n1","dest":"n0","body":{"message":73,"msg_id":27,"type":"broadcast"}}
2024/12/26 17:33:57 Sent {"src":"n1","dest":"n1","body":{"message":73,"msg_id":27,"type":"broadcast"}}
2024/12/26 17:33:57 Sent {"src":"n1","dest":"n4","body":{"message":73,"msg_id":27,"type":"broadcast"}}
2024/12/26 17:33:57 Sent {"src":"n1","dest":"n3","body":{"message":73,"msg_id":27,"type":"broadcast"}}
2024/12/26 17:33:57 Received {n1 n1 {"message":73,"msg_id":27,"type":"broadcast"}}
2024/12/26 17:33:57 Received {n2 n1 {"in_reply_to":27,"type":"broadcast_ok"}}
2024/12/26 17:33:57 Ignoring reply to 27 with no callback
2024/12/26 17:33:57 Received {n0 n1 {"in_reply_to":27,"type":"broadcast_ok"}}
2024/12/26 17:33:57 Ignoring reply to 27 with no callback
2024/12/26 17:33:57 Received {n4 n1 {"in_reply_to":27,"type":"broadcast_ok"}}
2024/12/26 17:33:57 Ignoring reply to 27 with no callback
2024/12/26 17:33:57 Received {n3 n1 {"in_reply_to":27,"type":"broadcast_ok"}}
2024/12/26 17:33:57 Ignoring reply to 27 with no callback
2024/12/26 17:33:57 Received {n0 n1 {"message":74,"msg_id":54,"type":"broadcast"}}
2024/12/26 17:33:57 Sent {"src":"n1","dest":"n3","body":{"message":74,"msg_id":54,"type":"broadcast"}}
2024/12/26 17:33:57 Sent {"src":"n1","dest":"n0","body":{"in_reply_to":54,"type":"broadcast_ok"}}
2024/12/26 17:33:57 Sent {"src":"n1","dest":"n4","body":{"message":74,"msg_id":54,"type":"broadcast"}}
2024/12/26 17:33:57 Sent {"src":"n1","dest":"n1","body":{"message":74,"msg_id":54,"type":"broadcast"}}
2024/12/26 17:33:57 Sent {"src":"n1","dest":"n2","body":{"message":74,"msg_id":54,"type":"broadcast"}}
2024/12/26 17:33:57 Received {n4 n1 {"message":74,"msg_id":54,"type":"broadcast"}}
2024/12/26 17:33:57 Received {n2 n1 {"message":74,"msg_id":54,"type":"broadcast"}}
2024/12/26 17:33:57 Received {n3 n1 {"message":74,"msg_id":54,"type":"broadcast"}}
2024/12/26 17:33:57 Received {n1 n1 {"message":74,"msg_id":54,"type":"broadcast"}}
2024/12/26 17:33:57 Received {c11 n1 {"type":"read","msg_id":28}}
2024/12/26 17:33:57 Sent {"src":"n1","dest":"c11","body":{"in_reply_to":28,"messages":[34,35,28,33,42,44,13,18,21,23,73,4,11,30,61,74,16,49,60,68,26,41,46,57,5,10,12,14,58,3,38,40,56,47,50,54,63,6,9,27,39,65,71,29,36,48,72,70,0,7,17,43,53,1,24,37,51,32,69,59,62,66,67,15,31,22,25,55,52,2,8,19,45,20,64],"type":"read_ok"}}
2024/12/26 17:33:57 Received {n2 n1 {"message":75,"msg_id":28,"type":"broadcast"}}
2024/12/26 17:33:57 Sent {"src":"n1","dest":"n2","body":{"in_reply_to":28,"type":"broadcast_ok"}}
2024/12/26 17:33:57 Sent {"src":"n1","dest":"n4","body":{"message":75,"msg_id":28,"type":"broadcast"}}
2024/12/26 17:33:57 Sent {"src":"n1","dest":"n3","body":{"message":75,"msg_id":28,"type":"broadcast"}}
2024/12/26 17:33:57 Sent {"src":"n1","dest":"n0","body":{"message":75,"msg_id":28,"type":"broadcast"}}
2024/12/26 17:33:57 Sent {"src":"n1","dest":"n1","body":{"message":75,"msg_id":28,"type":"broadcast"}}
2024/12/26 17:33:57 Received {n1 n1 {"message":75,"msg_id":28,"type":"broadcast"}}
2024/12/26 17:33:57 Received {n4 n1 {"message":75,"msg_id":28,"type":"broadcast"}}
2024/12/26 17:33:57 Received {n3 n1 {"message":75,"msg_id":28,"type":"broadcast"}}
2024/12/26 17:33:57 Received {n0 n1 {"message":75,"msg_id":28,"type":"broadcast"}}
2024/12/26 17:33:58 Received {n4 n1 {"message":76,"msg_id":28,"type":"broadcast"}}
2024/12/26 17:33:58 Sent {"src":"n1","dest":"n4","body":{"in_reply_to":28,"type":"broadcast_ok"}}
2024/12/26 17:33:58 Sent {"src":"n1","dest":"n3","body":{"message":76,"msg_id":28,"type":"broadcast"}}
2024/12/26 17:33:58 Sent {"src":"n1","dest":"n0","body":{"message":76,"msg_id":28,"type":"broadcast"}}
2024/12/26 17:33:58 Sent {"src":"n1","dest":"n1","body":{"message":76,"msg_id":28,"type":"broadcast"}}
2024/12/26 17:33:58 Sent {"src":"n1","dest":"n2","body":{"message":76,"msg_id":28,"type":"broadcast"}}
2024/12/26 17:33:58 Received {n1 n1 {"message":76,"msg_id":28,"type":"broadcast"}}
2024/12/26 17:33:58 Received {n0 n1 {"message":76,"msg_id":28,"type":"broadcast"}}
2024/12/26 17:33:58 Received {n3 n1 {"message":76,"msg_id":28,"type":"broadcast"}}
2024/12/26 17:33:58 Received {n2 n1 {"message":76,"msg_id":28,"type":"broadcast"}}
2024/12/26 17:33:58 Received {n0 n1 {"message":77,"msg_id":56,"type":"broadcast"}}
2024/12/26 17:33:58 Received {n4 n1 {"message":77,"msg_id":56,"type":"broadcast"}}
2024/12/26 17:33:58 Sent {"src":"n1","dest":"n0","body":{"in_reply_to":56,"type":"broadcast_ok"}}
2024/12/26 17:33:58 Sent {"src":"n1","dest":"n4","body":{"message":77,"msg_id":56,"type":"broadcast"}}
2024/12/26 17:33:58 Sent {"src":"n1","dest":"n1","body":{"message":77,"msg_id":56,"type":"broadcast"}}
2024/12/26 17:33:58 Sent {"src":"n1","dest":"n2","body":{"message":77,"msg_id":56,"type":"broadcast"}}
2024/12/26 17:33:58 Sent {"src":"n1","dest":"n3","body":{"message":77,"msg_id":56,"type":"broadcast"}}
2024/12/26 17:33:58 Received {n2 n1 {"message":77,"msg_id":56,"type":"broadcast"}}
2024/12/26 17:33:58 Received {n3 n1 {"message":77,"msg_id":56,"type":"broadcast"}}
2024/12/26 17:33:58 Received {n1 n1 {"message":77,"msg_id":56,"type":"broadcast"}}
2024/12/26 17:33:58 Received {n0 n1 {"message":78,"msg_id":57,"type":"broadcast"}}
2024/12/26 17:33:58 Sent {"src":"n1","dest":"n0","body":{"in_reply_to":57,"type":"broadcast_ok"}}
2024/12/26 17:33:58 Sent {"src":"n1","dest":"n4","body":{"message":78,"msg_id":57,"type":"broadcast"}}
2024/12/26 17:33:58 Sent {"src":"n1","dest":"n1","body":{"message":78,"msg_id":57,"type":"broadcast"}}
2024/12/26 17:33:58 Sent {"src":"n1","dest":"n2","body":{"message":78,"msg_id":57,"type":"broadcast"}}
2024/12/26 17:33:58 Sent {"src":"n1","dest":"n3","body":{"message":78,"msg_id":57,"type":"broadcast"}}
2024/12/26 17:33:58 Received {n4 n1 {"message":78,"msg_id":57,"type":"broadcast"}}
2024/12/26 17:33:58 Received {n1 n1 {"message":78,"msg_id":57,"type":"broadcast"}}
2024/12/26 17:33:58 Received {n2 n1 {"message":78,"msg_id":57,"type":"broadcast"}}
2024/12/26 17:33:58 Received {c11 n1 {"type":"read","msg_id":29}}
2024/12/26 17:33:58 Sent {"src":"n1","dest":"c11","body":{"in_reply_to":29,"messages":[67,69,59,62,66,15,31,78,22,25,55,45,52,2,8,19,20,64,34,35,75,23,28,33,42,44,13,18,21,61,73,4,11,30,68,74,16,49,60,14,26,41,46,57,5,10,12,56,58,3,38,40,39,47,50,54,63,6,9,27,65,71,72,29,36,48,43,70,0,7,17,51,53,1,24,37,32,76,77],"type":"read_ok"}}
2024/12/26 17:33:58 Received {n3 n1 {"message":78,"msg_id":57,"type":"broadcast"}}
2024/12/26 17:33:58 Received {n2 n1 {"message":79,"msg_id":29,"type":"broadcast"}}
2024/12/26 17:33:58 Sent {"src":"n1","dest":"n2","body":{"in_reply_to":29,"type":"broadcast_ok"}}
2024/12/26 17:33:58 Sent {"src":"n1","dest":"n0","body":{"message":79,"msg_id":29,"type":"broadcast"}}
2024/12/26 17:33:58 Sent {"src":"n1","dest":"n1","body":{"message":79,"msg_id":29,"type":"broadcast"}}
2024/12/26 17:33:58 Sent {"src":"n1","dest":"n3","body":{"message":79,"msg_id":29,"type":"broadcast"}}
2024/12/26 17:33:58 Received {n1 n1 {"message":79,"msg_id":29,"type":"broadcast"}}
2024/12/26 17:33:58 Received {n3 n1 {"message":79,"msg_id":29,"type":"broadcast"}}
2024/12/26 17:33:58 Received {n4 n1 {"message":79,"msg_id":29,"type":"broadcast"}}
2024/12/26 17:33:58 Sent {"src":"n1","dest":"n4","body":{"message":79,"msg_id":29,"type":"broadcast"}}
2024/12/26 17:33:58 Received {n0 n1 {"message":79,"msg_id":29,"type":"broadcast"}}
2024/12/26 17:33:58 Received {n0 n1 {"message":80,"msg_id":59,"type":"broadcast"}}
2024/12/26 17:33:58 Sent {"src":"n1","dest":"n0","body":{"in_reply_to":59,"type":"broadcast_ok"}}
2024/12/26 17:33:58 Sent {"src":"n1","dest":"n2","body":{"message":80,"msg_id":59,"type":"broadcast"}}
2024/12/26 17:33:58 Sent {"src":"n1","dest":"n4","body":{"message":80,"msg_id":59,"type":"broadcast"}}
2024/12/26 17:33:58 Sent {"src":"n1","dest":"n3","body":{"message":80,"msg_id":59,"type":"broadcast"}}
2024/12/26 17:33:58 Sent {"src":"n1","dest":"n1","body":{"message":80,"msg_id":59,"type":"broadcast"}}
2024/12/26 17:33:58 Received {n3 n1 {"message":80,"msg_id":59,"type":"broadcast"}}
2024/12/26 17:33:58 Received {n4 n1 {"message":80,"msg_id":59,"type":"broadcast"}}
2024/12/26 17:33:58 Received {n1 n1 {"message":80,"msg_id":59,"type":"broadcast"}}
2024/12/26 17:33:58 Received {n2 n1 {"message":80,"msg_id":59,"type":"broadcast"}}
2024/12/26 17:33:59 Received {c11 n1 {"type":"read","msg_id":30}}
2024/12/26 17:33:59 Sent {"src":"n1","dest":"c11","body":{"in_reply_to":30,"messages":[75,34,35,21,23,28,33,42,44,13,18,30,61,73,4,11,60,68,74,16,49,12,14,26,41,46,57,5,10,40,56,58,3,38,27,39,47,50,54,63,6,9,65,71,48,72,29,36,17,43,70,0,7,37,51,53,1,24,77,32,76,66,67,69,59,62,15,31,55,78,22,25,19,45,52,79,2,8,80,20,64],"type":"read_ok"}}
2024/12/26 17:33:59 Received {n3 n1 {"message":81,"msg_id":30,"type":"broadcast"}}
2024/12/26 17:33:59 Sent {"src":"n1","dest":"n3","body":{"in_reply_to":30,"type":"broadcast_ok"}}
2024/12/26 17:33:59 Sent {"src":"n1","dest":"n1","body":{"message":81,"msg_id":30,"type":"broadcast"}}
2024/12/26 17:33:59 Sent {"src":"n1","dest":"n0","body":{"message":81,"msg_id":30,"type":"broadcast"}}
2024/12/26 17:33:59 Sent {"src":"n1","dest":"n4","body":{"message":81,"msg_id":30,"type":"broadcast"}}
2024/12/26 17:33:59 Sent {"src":"n1","dest":"n2","body":{"message":81,"msg_id":30,"type":"broadcast"}}
2024/12/26 17:33:59 Received {n1 n1 {"message":81,"msg_id":30,"type":"broadcast"}}
2024/12/26 17:33:59 Received {n0 n1 {"message":81,"msg_id":30,"type":"broadcast"}}
2024/12/26 17:33:59 Received {n4 n1 {"message":81,"msg_id":30,"type":"broadcast"}}
2024/12/26 17:33:59 Received {n2 n1 {"message":81,"msg_id":30,"type":"broadcast"}}
2024/12/26 17:33:59 Received {n4 n1 {"message":82,"msg_id":30,"type":"broadcast"}}
2024/12/26 17:33:59 Sent {"src":"n1","dest":"n4","body":{"in_reply_to":30,"type":"broadcast_ok"}}
2024/12/26 17:33:59 Sent {"src":"n1","dest":"n2","body":{"message":82,"msg_id":30,"type":"broadcast"}}
2024/12/26 17:33:59 Sent {"src":"n1","dest":"n3","body":{"message":82,"msg_id":30,"type":"broadcast"}}
2024/12/26 17:33:59 Sent {"src":"n1","dest":"n0","body":{"message":82,"msg_id":30,"type":"broadcast"}}
2024/12/26 17:33:59 Sent {"src":"n1","dest":"n1","body":{"message":82,"msg_id":30,"type":"broadcast"}}
2024/12/26 17:33:59 Received {n2 n1 {"message":82,"msg_id":30,"type":"broadcast"}}
2024/12/26 17:33:59 Received {n0 n1 {"message":82,"msg_id":30,"type":"broadcast"}}
2024/12/26 17:33:59 Received {n1 n1 {"message":82,"msg_id":30,"type":"broadcast"}}
2024/12/26 17:33:59 Received {n3 n1 {"message":82,"msg_id":30,"type":"broadcast"}}
2024/12/26 17:33:59 Received {n0 n1 {"message":83,"msg_id":60,"type":"broadcast"}}
2024/12/26 17:33:59 Sent {"src":"n1","dest":"n0","body":{"in_reply_to":60,"type":"broadcast_ok"}}
2024/12/26 17:33:59 Sent {"src":"n1","dest":"n2","body":{"message":83,"msg_id":60,"type":"broadcast"}}
2024/12/26 17:33:59 Sent {"src":"n1","dest":"n3","body":{"message":83,"msg_id":60,"type":"broadcast"}}
2024/12/26 17:33:59 Sent {"src":"n1","dest":"n1","body":{"message":83,"msg_id":60,"type":"broadcast"}}
2024/12/26 17:33:59 Sent {"src":"n1","dest":"n4","body":{"message":83,"msg_id":60,"type":"broadcast"}}
2024/12/26 17:33:59 Received {n4 n1 {"message":83,"msg_id":60,"type":"broadcast"}}
2024/12/26 17:33:59 Received {n1 n1 {"message":83,"msg_id":60,"type":"broadcast"}}
2024/12/26 17:33:59 Received {n3 n1 {"message":83,"msg_id":60,"type":"broadcast"}}
2024/12/26 17:33:59 Received {n2 n1 {"message":83,"msg_id":60,"type":"broadcast"}}
2024/12/26 17:33:59 Received {n0 n1 {"message":84,"msg_id":61,"type":"broadcast"}}
2024/12/26 17:33:59 Sent {"src":"n1","dest":"n0","body":{"in_reply_to":61,"type":"broadcast_ok"}}
2024/12/26 17:33:59 Sent {"src":"n1","dest":"n4","body":{"message":84,"msg_id":61,"type":"broadcast"}}
2024/12/26 17:33:59 Sent {"src":"n1","dest":"n1","body":{"message":84,"msg_id":61,"type":"broadcast"}}
2024/12/26 17:33:59 Sent {"src":"n1","dest":"n2","body":{"message":84,"msg_id":61,"type":"broadcast"}}
2024/12/26 17:33:59 Sent {"src":"n1","dest":"n3","body":{"message":84,"msg_id":61,"type":"broadcast"}}
2024/12/26 17:33:59 Received {n2 n1 {"message":84,"msg_id":61,"type":"broadcast"}}
2024/12/26 17:33:59 Received {n1 n1 {"message":84,"msg_id":61,"type":"broadcast"}}
2024/12/26 17:33:59 Received {n3 n1 {"message":84,"msg_id":61,"type":"broadcast"}}
2024/12/26 17:33:59 Received {n4 n1 {"message":84,"msg_id":61,"type":"broadcast"}}
2024/12/26 17:33:59 Received {c11 n1 {"type":"read","msg_id":31}}
2024/12/26 17:33:59 Sent {"src":"n1","dest":"c11","body":{"in_reply_to":31,"messages":[23,28,33,42,44,13,18,21,84,61,73,83,4,11,30,68,74,16,49,60,14,26,41,46,57,5,10,12,56,58,3,38,40,39,47,50,54,63,6,9,27,65,71,72,29,36,48,43,70,0,7,17,51,53,1,24,37,81,32,76,77,67,69,59,62,66,15,31,78,22,25,55,45,52,79,82,2,8,19,20,64,80,34,35,75],"type":"read_ok"}}
2024/12/26 17:34:00 Received {c11 n1 {"type":"broadcast","message":85,"msg_id":32}}
2024/12/26 17:34:00 Sent {"src":"n1","dest":"c11","body":{"in_reply_to":32,"type":"broadcast_ok"}}
2024/12/26 17:34:00 Sent {"src":"n1","dest":"n4","body":{"message":85,"msg_id":32,"type":"broadcast"}}
2024/12/26 17:34:00 Sent {"src":"n1","dest":"n1","body":{"message":85,"msg_id":32,"type":"broadcast"}}
2024/12/26 17:34:00 Sent {"src":"n1","dest":"n0","body":{"message":85,"msg_id":32,"type":"broadcast"}}
2024/12/26 17:34:00 Sent {"src":"n1","dest":"n3","body":{"message":85,"msg_id":32,"type":"broadcast"}}
2024/12/26 17:34:00 Sent {"src":"n1","dest":"n2","body":{"message":85,"msg_id":32,"type":"broadcast"}}
2024/12/26 17:34:00 Received {n1 n1 {"message":85,"msg_id":32,"type":"broadcast"}}
2024/12/26 17:34:00 Received {n3 n1 {"in_reply_to":32,"type":"broadcast_ok"}}
2024/12/26 17:34:00 Ignoring reply to 32 with no callback
2024/12/26 17:34:00 Received {n4 n1 {"in_reply_to":32,"type":"broadcast_ok"}}
2024/12/26 17:34:00 Ignoring reply to 32 with no callback
2024/12/26 17:34:00 Received {n0 n1 {"in_reply_to":32,"type":"broadcast_ok"}}
2024/12/26 17:34:00 Ignoring reply to 32 with no callback
2024/12/26 17:34:00 Received {n2 n1 {"in_reply_to":32,"type":"broadcast_ok"}}
2024/12/26 17:34:00 Ignoring reply to 32 with no callback
2024/12/26 17:34:00 Received {n3 n1 {"message":86,"msg_id":32,"type":"broadcast"}}
2024/12/26 17:34:00 Sent {"src":"n1","dest":"n3","body":{"in_reply_to":32,"type":"broadcast_ok"}}
2024/12/26 17:34:00 Sent {"src":"n1","dest":"n4","body":{"message":86,"msg_id":32,"type":"broadcast"}}
2024/12/26 17:34:00 Sent {"src":"n1","dest":"n0","body":{"message":86,"msg_id":32,"type":"broadcast"}}
2024/12/26 17:34:00 Sent {"src":"n1","dest":"n1","body":{"message":86,"msg_id":32,"type":"broadcast"}}
2024/12/26 17:34:00 Sent {"src":"n1","dest":"n2","body":{"message":86,"msg_id":32,"type":"broadcast"}}
2024/12/26 17:34:00 Received {n2 n1 {"message":86,"msg_id":32,"type":"broadcast"}}
2024/12/26 17:34:00 Received {n0 n1 {"message":86,"msg_id":32,"type":"broadcast"}}
2024/12/26 17:34:00 Received {n1 n1 {"message":86,"msg_id":32,"type":"broadcast"}}
2024/12/26 17:34:00 Received {n4 n1 {"message":86,"msg_id":32,"type":"broadcast"}}
2024/12/26 17:34:00 Received {n0 n1 {"message":87,"msg_id":64,"type":"broadcast"}}
2024/12/26 17:34:00 Sent {"src":"n1","dest":"n0","body":{"in_reply_to":64,"type":"broadcast_ok"}}
2024/12/26 17:34:00 Sent {"src":"n1","dest":"n1","body":{"message":87,"msg_id":64,"type":"broadcast"}}
2024/12/26 17:34:00 Sent {"src":"n1","dest":"n2","body":{"message":87,"msg_id":64,"type":"broadcast"}}
2024/12/26 17:34:00 Sent {"src":"n1","dest":"n3","body":{"message":87,"msg_id":64,"type":"broadcast"}}
2024/12/26 17:34:00 Sent {"src":"n1","dest":"n4","body":{"message":87,"msg_id":64,"type":"broadcast"}}
2024/12/26 17:34:00 Received {n1 n1 {"message":87,"msg_id":64,"type":"broadcast"}}
2024/12/26 17:34:00 Received {n4 n1 {"message":87,"msg_id":64,"type":"broadcast"}}
2024/12/26 17:34:00 Received {n3 n1 {"message":87,"msg_id":64,"type":"broadcast"}}
2024/12/26 17:34:00 Received {n2 n1 {"message":87,"msg_id":64,"type":"broadcast"}}
2024/12/26 17:34:00 Received {n0 n1 {"message":88,"msg_id":65,"type":"broadcast"}}
2024/12/26 17:34:00 Sent {"src":"n1","dest":"n0","body":{"in_reply_to":65,"type":"broadcast_ok"}}
2024/12/26 17:34:00 Sent {"src":"n1","dest":"n2","body":{"message":88,"msg_id":65,"type":"broadcast"}}
2024/12/26 17:34:00 Sent {"src":"n1","dest":"n4","body":{"message":88,"msg_id":65,"type":"broadcast"}}
2024/12/26 17:34:00 Sent {"src":"n1","dest":"n1","body":{"message":88,"msg_id":65,"type":"broadcast"}}
2024/12/26 17:34:00 Sent {"src":"n1","dest":"n3","body":{"message":88,"msg_id":65,"type":"broadcast"}}
2024/12/26 17:34:00 Received {n1 n1 {"message":88,"msg_id":65,"type":"broadcast"}}
2024/12/26 17:34:00 Received {n4 n1 {"message":88,"msg_id":65,"type":"broadcast"}}
2024/12/26 17:34:00 Received {n2 n1 {"message":88,"msg_id":65,"type":"broadcast"}}
2024/12/26 17:34:00 Received {n3 n1 {"message":88,"msg_id":65,"type":"broadcast"}}
2024/12/26 17:34:00 Received {c11 n1 {"type":"read","msg_id":33}}
2024/12/26 17:34:00 Sent {"src":"n1","dest":"c11","body":{"in_reply_to":33,"messages":[83,4,11,30,61,73,16,49,60,68,74,41,46,57,5,10,12,14,26,85,3,38,40,56,58,50,54,63,6,9,27,39,47,65,71,29,36,48,72,87,0,7,17,43,70,1,24,37,51,53,32,76,77,81,59,62,66,67,69,15,31,22,25,55,78,79,82,88,2,8,19,45,52,20,64,80,86,34,35,75,33,42,44,13,18,21,23,28,84],"type":"read_ok"}}
2024/12/26 17:34:00 Received {n3 n1 {"message":89,"msg_id":33,"type":"broadcast"}}
2024/12/26 17:34:00 Sent {"src":"n1","dest":"n3","body":{"in_reply_to":33,"type":"broadcast_ok"}}
2024/12/26 17:34:00 Sent {"src":"n1","dest":"n4","body":{"message":89,"msg_id":33,"type":"broadcast"}}
2024/12/26 17:34:00 Sent {"src":"n1","dest":"n2","body":{"message":89,"msg_id":33,"type":"broadcast"}}
2024/12/26 17:34:00 Sent {"src":"n1","dest":"n0","body":{"message":89,"msg_id":33,"type":"broadcast"}}
2024/12/26 17:34:00 Sent {"src":"n1","dest":"n1","body":{"message":89,"msg_id":33,"type":"broadcast"}}
2024/12/26 17:34:00 Received {n4 n1 {"message":89,"msg_id":33,"type":"broadcast"}}
2024/12/26 17:34:00 Received {n1 n1 {"message":89,"msg_id":33,"type":"broadcast"}}
2024/12/26 17:34:00 Received {n0 n1 {"message":89,"msg_id":33,"type":"broadcast"}}
2024/12/26 17:34:00 Received {n2 n1 {"message":89,"msg_id":33,"type":"broadcast"}}
2024/12/26 17:34:01 Received {n0 n1 {"message":90,"msg_id":66,"type":"broadcast"}}
2024/12/26 17:34:01 Sent {"src":"n1","dest":"n0","body":{"in_reply_to":66,"type":"broadcast_ok"}}
2024/12/26 17:34:01 Sent {"src":"n1","dest":"n4","body":{"message":90,"msg_id":66,"type":"broadcast"}}
2024/12/26 17:34:01 Sent {"src":"n1","dest":"n1","body":{"message":90,"msg_id":66,"type":"broadcast"}}
2024/12/26 17:34:01 Sent {"src":"n1","dest":"n2","body":{"message":90,"msg_id":66,"type":"broadcast"}}
2024/12/26 17:34:01 Sent {"src":"n1","dest":"n3","body":{"message":90,"msg_id":66,"type":"broadcast"}}
2024/12/26 17:34:01 Received {n4 n1 {"message":90,"msg_id":66,"type":"broadcast"}}
2024/12/26 17:34:01 Received {n1 n1 {"message":90,"msg_id":66,"type":"broadcast"}}
2024/12/26 17:34:01 Received {n3 n1 {"message":90,"msg_id":66,"type":"broadcast"}}
2024/12/26 17:34:01 Received {n2 n1 {"message":90,"msg_id":66,"type":"broadcast"}}
2024/12/26 17:34:01 Received {n0 n1 {"message":91,"msg_id":67,"type":"broadcast"}}
2024/12/26 17:34:01 Sent {"src":"n1","dest":"n0","body":{"in_reply_to":67,"type":"broadcast_ok"}}
2024/12/26 17:34:01 Sent {"src":"n1","dest":"n4","body":{"message":91,"msg_id":67,"type":"broadcast"}}
2024/12/26 17:34:01 Sent {"src":"n1","dest":"n1","body":{"message":91,"msg_id":67,"type":"broadcast"}}
2024/12/26 17:34:01 Sent {"src":"n1","dest":"n2","body":{"message":91,"msg_id":67,"type":"broadcast"}}
2024/12/26 17:34:01 Sent {"src":"n1","dest":"n3","body":{"message":91,"msg_id":67,"type":"broadcast"}}
2024/12/26 17:34:01 Received {n2 n1 {"message":91,"msg_id":67,"type":"broadcast"}}
2024/12/26 17:34:01 Received {n1 n1 {"message":91,"msg_id":67,"type":"broadcast"}}
2024/12/26 17:34:01 Received {n3 n1 {"message":91,"msg_id":67,"type":"broadcast"}}
2024/12/26 17:34:01 Received {n4 n1 {"message":91,"msg_id":67,"type":"broadcast"}}
2024/12/26 17:34:01 Received {c11 n1 {"type":"broadcast","message":92,"msg_id":34}}
2024/12/26 17:34:01 Sent {"src":"n1","dest":"n1","body":{"message":92,"msg_id":34,"type":"broadcast"}}
2024/12/26 17:34:01 Sent {"src":"n1","dest":"c11","body":{"in_reply_to":34,"type":"broadcast_ok"}}
2024/12/26 17:34:01 Sent {"src":"n1","dest":"n4","body":{"message":92,"msg_id":34,"type":"broadcast"}}
2024/12/26 17:34:01 Sent {"src":"n1","dest":"n0","body":{"message":92,"msg_id":34,"type":"broadcast"}}
2024/12/26 17:34:01 Sent {"src":"n1","dest":"n3","body":{"message":92,"msg_id":34,"type":"broadcast"}}
2024/12/26 17:34:01 Sent {"src":"n1","dest":"n2","body":{"message":92,"msg_id":34,"type":"broadcast"}}
2024/12/26 17:34:01 Received {n1 n1 {"message":92,"msg_id":34,"type":"broadcast"}}
2024/12/26 17:34:01 Received {n3 n1 {"in_reply_to":34,"type":"broadcast_ok"}}
2024/12/26 17:34:01 Ignoring reply to 34 with no callback
2024/12/26 17:34:01 Received {n2 n1 {"in_reply_to":34,"type":"broadcast_ok"}}
2024/12/26 17:34:01 Ignoring reply to 34 with no callback
2024/12/26 17:34:01 Received {n0 n1 {"in_reply_to":34,"type":"broadcast_ok"}}
2024/12/26 17:34:01 Ignoring reply to 34 with no callback
2024/12/26 17:34:01 Received {n4 n1 {"in_reply_to":34,"type":"broadcast_ok"}}
2024/12/26 17:34:01 Ignoring reply to 34 with no callback
2024/12/26 17:34:01 Received {n2 n1 {"message":93,"msg_id":34,"type":"broadcast"}}
2024/12/26 17:34:01 Sent {"src":"n1","dest":"n2","body":{"in_reply_to":34,"type":"broadcast_ok"}}
2024/12/26 17:34:01 Sent {"src":"n1","dest":"n0","body":{"message":93,"msg_id":34,"type":"broadcast"}}
2024/12/26 17:34:01 Sent {"src":"n1","dest":"n1","body":{"message":93,"msg_id":34,"type":"broadcast"}}
2024/12/26 17:34:01 Sent {"src":"n1","dest":"n4","body":{"message":93,"msg_id":34,"type":"broadcast"}}
2024/12/26 17:34:01 Sent {"src":"n1","dest":"n3","body":{"message":93,"msg_id":34,"type":"broadcast"}}
2024/12/26 17:34:01 Received {n4 n1 {"message":93,"msg_id":34,"type":"broadcast"}}
2024/12/26 17:34:01 Received {n0 n1 {"message":93,"msg_id":34,"type":"broadcast"}}
2024/12/26 17:34:01 Received {n3 n1 {"message":93,"msg_id":34,"type":"broadcast"}}
2024/12/26 17:34:01 Received {n1 n1 {"message":93,"msg_id":34,"type":"broadcast"}}
2024/12/26 17:34:11 Received {c11 n1 {"type":"read","msg_id":35}}
2024/12/26 17:34:11 Sent {"src":"n1","dest":"c11","body":{"in_reply_to":35,"messages":[32,76,77,81,59,62,66,67,69,15,31,89,22,25,55,78,82,88,2,8,19,45,52,79,90,20,64,80,86,34,35,75,42,44,13,18,21,23,28,33,84,93,4,11,30,61,73,83,16,49,60,68,74,46,57,5,10,12,14,26,41,85,91,3,38,40,56,58,54,63,6,9,27,39,47,50,65,71,29,36,48,72,92,0,7,17,43,70,87,1,24,37,51,53],"type":"read_ok"}}
