2024/12/26 17:33:41 Received {c2 n2 {"type":"init","node_id":"n2","node_ids":["n0","n1","n2","n3","n4"],"msg_id":1}}
2024/12/26 17:33:41 Node n2 initialized
2024/12/26 17:33:41 Sent {"src":"n2","dest":"c2","body":{"in_reply_to":1,"type":"init_ok"}}
2024/12/26 17:33:41 Received {c7 n2 {"type":"topology","topology":{"n0":["n3","n1"],"n1":["n4","n2","n0"],"n2":["n1"],"n3":["n0","n4"],"n4":["n1","n3"]},"msg_id":1}}
2024/12/26 17:33:41 Sent {"src":"n2","dest":"c7","body":{"in_reply_to":1,"type":"topology_ok"}}
2024/12/26 17:33:41 Received {n0 n2 {"message":0,"msg_id":1,"type":"broadcast"}}
2024/12/26 17:33:41 Sent {"src":"n2","dest":"n0","body":{"in_reply_to":1,"type":"broadcast_ok"}}
2024/12/26 17:33:41 Sent {"src":"n2","dest":"n4","body":{"message":0,"msg_id":1,"type":"broadcast"}}
2024/12/26 17:33:41 Sent {"src":"n2","dest":"n1","body":{"message":0,"msg_id":1,"type":"broadcast"}}
2024/12/26 17:33:41 Sent {"src":"n2","dest":"n2","body":{"message":0,"msg_id":1,"type":"broadcast"}}
2024/12/26 17:33:41 Sent {"src":"n2","dest":"n3","body":{"message":0,"msg_id":1,"type":"broadcast"}}
2024/12/26 17:33:41 Received {n4 n2 {"message":0,"msg_id":1,"type":"broadcast"}}
2024/12/26 17:33:41 Received {n1 n2 {"message":0,"msg_id":1,"type":"broadcast"}}
2024/12/26 17:33:41 Received {n3 n2 {"message":0,"msg_id":1,"type":"broadcast"}}
2024/12/26 17:33:41 Received {n2 n2 {"message":0,"msg_id":1,"type":"broadcast"}}
2024/12/26 17:33:41 Received {n1 n2 {"message":1,"msg_id":1,"type":"broadcast"}}
2024/12/26 17:33:41 Sent {"src":"n2","dest":"n1","body":{"in_reply_to":1,"type":"broadcast_ok"}}
2024/12/26 17:33:41 Sent {"src":"n2","dest":"n2","body":{"message":1,"msg_id":1,"type":"broadcast"}}
2024/12/26 17:33:41 Sent {"src":"n2","dest":"n4","body":{"message":1,"msg_id":1,"type":"broadcast"}}
2024/12/26 17:33:41 Sent {"src":"n2","dest":"n3","body":{"message":1,"msg_id":1,"type":"broadcast"}}
2024/12/26 17:33:41 Sent {"src":"n2","dest":"n0","body":{"message":1,"msg_id":1,"type":"broadcast"}}
2024/12/26 17:33:41 Received {n4 n2 {"message":1,"msg_id":1,"type":"broadcast"}}
2024/12/26 17:33:41 Received {n0 n2 {"message":1,"msg_id":1,"type":"broadcast"}}
2024/12/26 17:33:41 Received {n2 n2 {"message":1,"msg_id":1,"type":"broadcast"}}
2024/12/26 17:33:41 Received {n3 n2 {"message":1,"msg_id":1,"type":"broadcast"}}
2024/12/26 17:33:41 Received {c12 n2 {"type":"broadcast","message":2,"msg_id":1}}
2024/12/26 17:33:41 Sent {"src":"n2","dest":"c12","body":{"in_reply_to":1,"type":"broadcast_ok"}}
2024/12/26 17:33:41 Sent {"src":"n2","dest":"n4","body":{"message":2,"msg_id":1,"type":"broadcast"}}
2024/12/26 17:33:41 Sent {"src":"n2","dest":"n1","body":{"message":2,"msg_id":1,"type":"broadcast"}}
2024/12/26 17:33:41 Sent {"src":"n2","dest":"n0","body":{"message":2,"msg_id":1,"type":"broadcast"}}
2024/12/26 17:33:41 Sent {"src":"n2","dest":"n2","body":{"message":2,"msg_id":1,"type":"broadcast"}}
2024/12/26 17:33:41 Sent {"src":"n2","dest":"n3","body":{"message":2,"msg_id":1,"type":"broadcast"}}
2024/12/26 17:33:41 Received {n2 n2 {"message":2,"msg_id":1,"type":"broadcast"}}
2024/12/26 17:33:41 Received {n4 n2 {"in_reply_to":1,"type":"broadcast_ok"}}
2024/12/26 17:33:41 Ignoring reply to 1 with no callback
2024/12/26 17:33:41 Received {n1 n2 {"in_reply_to":1,"type":"broadcast_ok"}}
2024/12/26 17:33:41 Ignoring reply to 1 with no callback
2024/12/26 17:33:41 Received {n0 n2 {"in_reply_to":1,"type":"broadcast_ok"}}
2024/12/26 17:33:41 Ignoring reply to 1 with no callback
2024/12/26 17:33:41 Received {n3 n2 {"in_reply_to":1,"type":"broadcast_ok"}}
2024/12/26 17:33:41 Ignoring reply to 1 with no callback
2024/12/26 17:33:42 Received {n0 n2 {"message":3,"msg_id":3,"type":"broadcast"}}
2024/12/26 17:33:42 Sent {"src":"n2","dest":"n0","body":{"in_reply_to":3,"type":"broadcast_ok"}}
2024/12/26 17:33:42 Sent {"src":"n2","dest":"n4","body":{"message":3,"msg_id":3,"type":"broadcast"}}
2024/12/26 17:33:42 Sent {"src":"n2","dest":"n3","body":{"message":3,"msg_id":3,"type":"broadcast"}}
2024/12/26 17:33:42 Sent {"src":"n2","dest":"n1","body":{"message":3,"msg_id":3,"type":"broadcast"}}
2024/12/26 17:33:42 Sent {"src":"n2","dest":"n2","body":{"message":3,"msg_id":3,"type":"broadcast"}}
2024/12/26 17:33:42 Received {n1 n2 {"message":3,"msg_id":3,"type":"broadcast"}}
2024/12/26 17:33:42 Received {n4 n2 {"message":3,"msg_id":3,"type":"broadcast"}}
2024/12/26 17:33:42 Received {n2 n2 {"message":3,"msg_id":3,"type":"broadcast"}}
2024/12/26 17:33:42 Received {n3 n2 {"message":3,"msg_id":3,"type":"broadcast"}}
2024/12/26 17:33:42 Received {n1 n2 {"message":4,"msg_id":2,"type":"broadcast"}}
2024/12/26 17:33:42 Sent {"src":"n2","dest":"n1","body":{"in_reply_to":2,"type":"broadcast_ok"}}
2024/12/26 17:33:42 Sent {"src":"n2","dest":"n2","body":{"message":4,"msg_id":2,"type":"broadcast"}}
2024/12/26 17:33:42 Sent {"src":"n2","dest":"n0","body":{"message":4,"msg_id":2,"type":"broadcast"}}
2024/12/26 17:33:42 Sent {"src":"n2","dest":"n3","body":{"message":4,"msg_id":2,"type":"broadcast"}}
2024/12/26 17:33:42 Sent {"src":"n2","dest":"n4","body":{"message":4,"msg_id":2,"type":"broadcast"}}
2024/12/26 17:33:42 Received {n0 n2 {"message":4,"msg_id":2,"type":"broadcast"}}
2024/12/26 17:33:42 Received {n2 n2 {"message":4,"msg_id":2,"type":"broadcast"}}
2024/12/26 17:33:42 Received {n4 n2 {"message":4,"msg_id":2,"type":"broadcast"}}
2024/12/26 17:33:42 Received {n3 n2 {"message":4,"msg_id":2,"type":"broadcast"}}
2024/12/26 17:33:42 Received {c12 n2 {"type":"read","msg_id":2}}
2024/12/26 17:33:42 Sent {"src":"n2","dest":"c12","body":{"in_reply_to":2,"messages":[0,1,2,3,4],"type":"read_ok"}}
2024/12/26 17:33:42 Received {c12 n2 {"type":"broadcast","message":5,"msg_id":3}}
2024/12/26 17:33:42 Sent {"src":"n2","dest":"c12","body":{"in_reply_to":3,"type":"broadcast_ok"}}
2024/12/26 17:33:42 Sent {"src":"n2","dest":"n1","body":{"message":5,"msg_id":3,"type":"broadcast"}}
2024/12/26 17:33:42 Sent {"src":"n2","dest":"n2","body":{"message":5,"msg_id":3,"type":"broadcast"}}
2024/12/26 17:33:42 Sent {"src":"n2","dest":"n4","body":{"message":5,"msg_id":3,"type":"broadcast"}}
2024/12/26 17:33:42 Sent {"src":"n2","dest":"n3","body":{"message":5,"msg_id":3,"type":"broadcast"}}
2024/12/26 17:33:42 Sent {"src":"n2","dest":"n0","body":{"message":5,"msg_id":3,"type":"broadcast"}}
2024/12/26 17:33:42 Received {n2 n2 {"message":5,"msg_id":3,"type":"broadcast"}}
2024/12/26 17:33:42 Received {n1 n2 {"in_reply_to":3,"type":"broadcast_ok"}}
2024/12/26 17:33:42 Ignoring reply to 3 with no callback
2024/12/26 17:33:42 Received {n4 n2 {"in_reply_to":3,"type":"broadcast_ok"}}
2024/12/26 17:33:42 Ignoring reply to 3 with no callback
2024/12/26 17:33:42 Received {n0 n2 {"in_reply_to":3,"type":"broadcast_ok"}}
2024/12/26 17:33:42 Ignoring reply to 3 with no callback
2024/12/26 17:33:42 Received {n3 n2 {"in_reply_to":3,"type":"broadcast_ok"}}
2024/12/26 17:33:42 Ignoring reply to 3 with no callback
2024/12/26 17:33:42 Received {n3 n2 {"message":6,"msg_id":3,"type":"broadcast"}}
2024/12/26 17:33:42 Sent {"src":"n2","dest":"n3","body":{"in_reply_to":3,"type":"broadcast_ok"}}
2024/12/26 17:33:42 Sent {"src":"n2","dest":"n4","body":{"message":6,"msg_id":3,"type":"broadcast"}}
2024/12/26 17:33:42 Sent {"src":"n2","dest":"n0","body":{"message":6,"msg_id":3,"type":"broadcast"}}
2024/12/26 17:33:42 Sent {"src":"n2","dest":"n1","body":{"message":6,"msg_id":3,"type":"broadcast"}}
2024/12/26 17:33:42 Sent {"src":"n2","dest":"n2","body":{"message":6,"msg_id":3,"type":"broadcast"}}
2024/12/26 17:33:42 Received {n4 n2 {"message":6,"msg_id":3,"type":"broadcast"}}
2024/12/26 17:33:42 Received {n2 n2 {"message":6,"msg_id":3,"type":"broadcast"}}
2024/12/26 17:33:42 Received {n1 n2 {"message":6,"msg_id":3,"type":"broadcast"}}
2024/12/26 17:33:42 Received {n0 n2 {"message":6,"msg_id":3,"type":"broadcast"}}
2024/12/26 17:33:43 Received {c12 n2 {"type":"read","msg_id":4}}
2024/12/26 17:33:43 Sent {"src":"n2","dest":"c12","body":{"in_reply_to":4,"messages":[4,5,6,0,1,2,3],"type":"read_ok"}}
2024/12/26 17:33:43 Received {n4 n2 {"message":7,"msg_id":4,"type":"broadcast"}}
2024/12/26 17:33:43 Sent {"src":"n2","dest":"n4","body":{"in_reply_to":4,"type":"broadcast_ok"}}
2024/12/26 17:33:43 Sent {"src":"n2","dest":"n3","body":{"message":7,"msg_id":4,"type":"broadcast"}}
2024/12/26 17:33:43 Sent {"src":"n2","dest":"n2","body":{"message":7,"msg_id":4,"type":"broadcast"}}
2024/12/26 17:33:43 Sent {"src":"n2","dest":"n1","body":{"message":7,"msg_id":4,"type":"broadcast"}}
2024/12/26 17:33:43 Sent {"src":"n2","dest":"n0","body":{"message":7,"msg_id":4,"type":"broadcast"}}
2024/12/26 17:33:43 Received {n1 n2 {"message":7,"msg_id":4,"type":"broadcast"}}
2024/12/26 17:33:43 Received {n3 n2 {"message":7,"msg_id":4,"type":"broadcast"}}
2024/12/26 17:33:43 Received {n2 n2 {"message":7,"msg_id":4,"type":"broadcast"}}
2024/12/26 17:33:43 Received {n0 n2 {"message":7,"msg_id":4,"type":"broadcast"}}
2024/12/26 17:33:43 Received {n0 n2 {"message":8,"msg_id":8,"type":"broadcast"}}
2024/12/26 17:33:43 Sent {"src":"n2","dest":"n0","body":{"in_reply_to":8,"type":"broadcast_ok"}}
2024/12/26 17:33:43 Sent {"src":"n2","dest":"n2","body":{"message":8,"msg_id":8,"type":"broadcast"}}
2024/12/26 17:33:43 Sent {"src":"n2","dest":"n4","body":{"message":8,"msg_id":8,"type":"broadcast"}}
2024/12/26 17:33:43 Sent {"src":"n2","dest":"n3","body":{"message":8,"msg_id":8,"type":"broadcast"}}
2024/12/26 17:33:43 Sent {"src":"n2","dest":"n1","body":{"message":8,"msg_id":8,"type":"broadcast"}}
2024/12/26 17:33:43 Received {n2 n2 {"message":8,"msg_id":8,"type":"broadcast"}}
2024/12/26 17:33:43 Received {n3 n2 {"message":8,"msg_id":8,"type":"broadcast"}}
2024/12/26 17:33:43 Received {n1 n2 {"message":8,"msg_id":8,"type":"broadcast"}}
2024/12/26 17:33:43 Received {n4 n2 {"message":8,"msg_id":8,"type":"broadcast"}}
2024/12/26 17:33:43 Received {n0 n2 {"message":9,"msg_id":9,"type":"broadcast"}}
2024/12/26 17:33:43 Sent {"src":"n2","dest":"n0","body":{"in_reply_to":9,"type":"broadcast_ok"}}
2024/12/26 17:33:43 Sent {"src":"n2","dest":"n3","body":{"message":9,"msg_id":9,"type":"broadcast"}}
2024/12/26 17:33:43 Sent {"src":"n2","dest":"n1","body":{"message":9,"msg_id":9,"type":"broadcast"}}
2024/12/26 17:33:43 Sent {"src":"n2","dest":"n2","body":{"message":9,"msg_id":9,"type":"broadcast"}}
2024/12/26 17:33:43 Sent {"src":"n2","dest":"n4","body":{"message":9,"msg_id":9,"type":"broadcast"}}
2024/12/26 17:33:43 Received {n2 n2 {"message":9,"msg_id":9,"type":"broadcast"}}
2024/12/26 17:33:43 Received {n3 n2 {"message":9,"msg_id":9,"type":"broadcast"}}
2024/12/26 17:33:43 Received {n4 n2 {"message":9,"msg_id":9,"type":"broadcast"}}
2024/12/26 17:33:43 Received {n1 n2 {"message":9,"msg_id":9,"type":"broadcast"}}
2024/12/26 17:33:43 Received {c12 n2 {"type":"read","msg_id":5}}
2024/12/26 17:33:43 Sent {"src":"n2","dest":"c12","body":{"in_reply_to":5,"messages":[2,5,6,0,1,7,8,9,3,4],"type":"read_ok"}}
2024/12/26 17:33:43 Received {n3 n2 {"message":10,"msg_id":5,"type":"broadcast"}}
2024/12/26 17:33:43 Sent {"src":"n2","dest":"n1","body":{"message":10,"msg_id":5,"type":"broadcast"}}
2024/12/26 17:33:43 Sent {"src":"n2","dest":"n0","body":{"message":10,"msg_id":5,"type":"broadcast"}}
2024/12/26 17:33:43 Sent {"src":"n2","dest":"n2","body":{"message":10,"msg_id":5,"type":"broadcast"}}
2024/12/26 17:33:43 Sent {"src":"n2","dest":"n3","body":{"in_reply_to":5,"type":"broadcast_ok"}}
2024/12/26 17:33:43 Sent {"src":"n2","dest":"n4","body":{"message":10,"msg_id":5,"type":"broadcast"}}
2024/12/26 17:33:43 Received {n0 n2 {"message":10,"msg_id":5,"type":"broadcast"}}
2024/12/26 17:33:43 Received {n2 n2 {"message":10,"msg_id":5,"type":"broadcast"}}
2024/12/26 17:33:44 Received {n4 n2 {"message":10,"msg_id":5,"type":"broadcast"}}
2024/12/26 17:33:44 Received {n1 n2 {"message":10,"msg_id":5,"type":"broadcast"}}
2024/12/26 17:33:44 Received {n0 n2 {"message":11,"msg_id":10,"type":"broadcast"}}
2024/12/26 17:33:44 Sent {"src":"n2","dest":"n0","body":{"in_reply_to":10,"type":"broadcast_ok"}}
2024/12/26 17:33:44 Sent {"src":"n2","dest":"n4","body":{"message":11,"msg_id":10,"type":"broadcast"}}
2024/12/26 17:33:44 Sent {"src":"n2","dest":"n1","body":{"message":11,"msg_id":10,"type":"broadcast"}}
2024/12/26 17:33:44 Sent {"src":"n2","dest":"n2","body":{"message":11,"msg_id":10,"type":"broadcast"}}
2024/12/26 17:33:44 Sent {"src":"n2","dest":"n3","body":{"message":11,"msg_id":10,"type":"broadcast"}}
2024/12/26 17:33:44 Received {n1 n2 {"message":11,"msg_id":10,"type":"broadcast"}}
2024/12/26 17:33:44 Received {n3 n2 {"message":11,"msg_id":10,"type":"broadcast"}}
2024/12/26 17:33:44 Received {n4 n2 {"message":11,"msg_id":10,"type":"broadcast"}}
2024/12/26 17:33:44 Received {n2 n2 {"message":11,"msg_id":10,"type":"broadcast"}}
2024/12/26 17:33:44 Received {n1 n2 {"message":12,"msg_id":6,"type":"broadcast"}}
2024/12/26 17:33:44 Sent {"src":"n2","dest":"n1","body":{"in_reply_to":6,"type":"broadcast_ok"}}
2024/12/26 17:33:44 Sent {"src":"n2","dest":"n4","body":{"message":12,"msg_id":6,"type":"broadcast"}}
2024/12/26 17:33:44 Sent {"src":"n2","dest":"n2","body":{"message":12,"msg_id":6,"type":"broadcast"}}
2024/12/26 17:33:44 Sent {"src":"n2","dest":"n0","body":{"message":12,"msg_id":6,"type":"broadcast"}}
2024/12/26 17:33:44 Sent {"src":"n2","dest":"n3","body":{"message":12,"msg_id":6,"type":"broadcast"}}
2024/12/26 17:33:44 Received {n4 n2 {"message":12,"msg_id":6,"type":"broadcast"}}
2024/12/26 17:33:44 Received {n0 n2 {"message":12,"msg_id":6,"type":"broadcast"}}
2024/12/26 17:33:44 Received {n2 n2 {"message":12,"msg_id":6,"type":"broadcast"}}
2024/12/26 17:33:44 Received {n3 n2 {"message":12,"msg_id":6,"type":"broadcast"}}
2024/12/26 17:33:44 Received {c12 n2 {"type":"read","msg_id":6}}
2024/12/26 17:33:44 Sent {"src":"n2","dest":"c12","body":{"in_reply_to":6,"messages":[1,2,5,6,12,0,4,7,8,9,10,11,3],"type":"read_ok"}}
2024/12/26 17:33:44 Received {n0 n2 {"message":13,"msg_id":12,"type":"broadcast"}}
2024/12/26 17:33:44 Sent {"src":"n2","dest":"n0","body":{"in_reply_to":12,"type":"broadcast_ok"}}
2024/12/26 17:33:44 Sent {"src":"n2","dest":"n4","body":{"message":13,"msg_id":12,"type":"broadcast"}}
2024/12/26 17:33:44 Sent {"src":"n2","dest":"n1","body":{"message":13,"msg_id":12,"type":"broadcast"}}
2024/12/26 17:33:44 Sent {"src":"n2","dest":"n2","body":{"message":13,"msg_id":12,"type":"broadcast"}}
2024/12/26 17:33:44 Sent {"src":"n2","dest":"n3","body":{"message":13,"msg_id":12,"type":"broadcast"}}
2024/12/26 17:33:44 Received {n2 n2 {"message":13,"msg_id":12,"type":"broadcast"}}
2024/12/26 17:33:44 Received {n1 n2 {"message":13,"msg_id":12,"type":"broadcast"}}
2024/12/26 17:33:44 Received {n3 n2 {"message":13,"msg_id":12,"type":"broadcast"}}
2024/12/26 17:33:44 Received {n4 n2 {"message":13,"msg_id":12,"type":"broadcast"}}
2024/12/26 17:33:44 Received {n0 n2 {"message":14,"msg_id":13,"type":"broadcast"}}
2024/12/26 17:33:44 Sent {"src":"n2","dest":"n0","body":{"in_reply_to":13,"type":"broadcast_ok"}}
2024/12/26 17:33:44 Sent {"src":"n2","dest":"n4","body":{"message":14,"msg_id":13,"type":"broadcast"}}
2024/12/26 17:33:44 Sent {"src":"n2","dest":"n1","body":{"message":14,"msg_id":13,"type":"broadcast"}}
2024/12/26 17:33:44 Sent {"src":"n2","dest":"n2","body":{"message":14,"msg_id":13,"type":"broadcast"}}
2024/12/26 17:33:44 Sent {"src":"n2","dest":"n3","body":{"message":14,"msg_id":13,"type":"broadcast"}}
2024/12/26 17:33:44 Received {n3 n2 {"message":14,"msg_id":13,"type":"broadcast"}}
2024/12/26 17:33:44 Received {n1 n2 {"message":14,"msg_id":13,"type":"broadcast"}}
2024/12/26 17:33:44 Received {n4 n2 {"message":14,"msg_id":13,"type":"broadcast"}}
2024/12/26 17:33:44 Received {n2 n2 {"message":14,"msg_id":13,"type":"broadcast"}}
2024/12/26 17:33:44 Received {n1 n2 {"message":15,"msg_id":7,"type":"broadcast"}}
2024/12/26 17:33:44 Sent {"src":"n2","dest":"n1","body":{"in_reply_to":7,"type":"broadcast_ok"}}
2024/12/26 17:33:44 Sent {"src":"n2","dest":"n4","body":{"message":15,"msg_id":7,"type":"broadcast"}}
2024/12/26 17:33:44 Sent {"src":"n2","dest":"n3","body":{"message":15,"msg_id":7,"type":"broadcast"}}
2024/12/26 17:33:44 Sent {"src":"n2","dest":"n0","body":{"message":15,"msg_id":7,"type":"broadcast"}}
2024/12/26 17:33:44 Sent {"src":"n2","dest":"n2","body":{"message":15,"msg_id":7,"type":"broadcast"}}
2024/12/26 17:33:44 Received {n3 n2 {"message":15,"msg_id":7,"type":"broadcast"}}
2024/12/26 17:33:44 Received {n2 n2 {"message":15,"msg_id":7,"type":"broadcast"}}
2024/12/26 17:33:44 Received {n0 n2 {"message":15,"msg_id":7,"type":"broadcast"}}
2024/12/26 17:33:44 Received {n4 n2 {"message":15,"msg_id":7,"type":"broadcast"}}
2024/12/26 17:33:45 Received {c12 n2 {"type":"broadcast","message":16,"msg_id":7}}
2024/12/26 17:33:45 Sent {"src":"n2","dest":"c12","body":{"in_reply_to":7,"type":"broadcast_ok"}}
2024/12/26 17:33:45 Sent {"src":"n2","dest":"n4","body":{"message":16,"msg_id":7,"type":"broadcast"}}
2024/12/26 17:33:45 Sent {"src":"n2","dest":"n2","body":{"message":16,"msg_id":7,"type":"broadcast"}}
2024/12/26 17:33:45 Sent {"src":"n2","dest":"n1","body":{"message":16,"msg_id":7,"type":"broadcast"}}
2024/12/26 17:33:45 Sent {"src":"n2","dest":"n3","body":{"message":16,"msg_id":7,"type":"broadcast"}}
2024/12/26 17:33:45 Sent {"src":"n2","dest":"n0","body":{"message":16,"msg_id":7,"type":"broadcast"}}
2024/12/26 17:33:45 Received {n2 n2 {"message":16,"msg_id":7,"type":"broadcast"}}
2024/12/26 17:33:45 Received {n4 n2 {"in_reply_to":7,"type":"broadcast_ok"}}
2024/12/26 17:33:45 Ignoring reply to 7 with no callback
2024/12/26 17:33:45 Received {n0 n2 {"in_reply_to":7,"type":"broadcast_ok"}}
2024/12/26 17:33:45 Ignoring reply to 7 with no callback
2024/12/26 17:33:45 Received {n3 n2 {"in_reply_to":7,"type":"broadcast_ok"}}
2024/12/26 17:33:45 Ignoring reply to 7 with no callback
2024/12/26 17:33:45 Received {n1 n2 {"in_reply_to":7,"type":"broadcast_ok"}}
2024/12/26 17:33:45 Ignoring reply to 7 with no callback
2024/12/26 17:33:45 Received {n4 n2 {"message":17,"msg_id":7,"type":"broadcast"}}
2024/12/26 17:33:45 Sent {"src":"n2","dest":"n4","body":{"in_reply_to":7,"type":"broadcast_ok"}}
2024/12/26 17:33:45 Sent {"src":"n2","dest":"n1","body":{"message":17,"msg_id":7,"type":"broadcast"}}
2024/12/26 17:33:45 Sent {"src":"n2","dest":"n0","body":{"message":17,"msg_id":7,"type":"broadcast"}}
2024/12/26 17:33:45 Sent {"src":"n2","dest":"n2","body":{"message":17,"msg_id":7,"type":"broadcast"}}
2024/12/26 17:33:45 Sent {"src":"n2","dest":"n3","body":{"message":17,"msg_id":7,"type":"broadcast"}}
2024/12/26 17:33:45 Received {n2 n2 {"message":17,"msg_id":7,"type":"broadcast"}}
2024/12/26 17:33:45 Received {n1 n2 {"message":17,"msg_id":7,"type":"broadcast"}}
2024/12/26 17:33:45 Received {n0 n2 {"message":17,"msg_id":7,"type":"broadcast"}}
2024/12/26 17:33:45 Received {n3 n2 {"message":17,"msg_id":7,"type":"broadcast"}}
2024/12/26 17:33:45 Received {n1 n2 {"message":18,"msg_id":8,"type":"broadcast"}}
2024/12/26 17:33:45 Sent {"src":"n2","dest":"n1","body":{"in_reply_to":8,"type":"broadcast_ok"}}
2024/12/26 17:33:45 Sent {"src":"n2","dest":"n4","body":{"message":18,"msg_id":8,"type":"broadcast"}}
2024/12/26 17:33:45 Sent {"src":"n2","dest":"n0","body":{"message":18,"msg_id":8,"type":"broadcast"}}
2024/12/26 17:33:45 Sent {"src":"n2","dest":"n2","body":{"message":18,"msg_id":8,"type":"broadcast"}}
2024/12/26 17:33:45 Sent {"src":"n2","dest":"n3","body":{"message":18,"msg_id":8,"type":"broadcast"}}
2024/12/26 17:33:45 Received {n0 n2 {"message":18,"msg_id":8,"type":"broadcast"}}
2024/12/26 17:33:45 Received {n3 n2 {"message":18,"msg_id":8,"type":"broadcast"}}
2024/12/26 17:33:45 Received {n2 n2 {"message":18,"msg_id":8,"type":"broadcast"}}
2024/12/26 17:33:45 Received {n4 n2 {"message":18,"msg_id":8,"type":"broadcast"}}
2024/12/26 17:33:45 Received {c12 n2 {"type":"read","msg_id":8}}
2024/12/26 17:33:45 Sent {"src":"n2","dest":"c12","body":{"in_reply_to":8,"messages":[3,4,11,15,16,17,6,12,7,8,9,10,18,0,1,2,5,13,14],"type":"read_ok"}}
2024/12/26 17:33:45 Received {n3 n2 {"message":19,"msg_id":8,"type":"broadcast"}}
2024/12/26 17:33:45 Sent {"src":"n2","dest":"n3","body":{"in_reply_to":8,"type":"broadcast_ok"}}
2024/12/26 17:33:45 Sent {"src":"n2","dest":"n4","body":{"message":19,"msg_id":8,"type":"broadcast"}}
2024/12/26 17:33:45 Sent {"src":"n2","dest":"n0","body":{"message":19,"msg_id":8,"type":"broadcast"}}
2024/12/26 17:33:45 Sent {"src":"n2","dest":"n1","body":{"message":19,"msg_id":8,"type":"broadcast"}}
2024/12/26 17:33:45 Sent {"src":"n2","dest":"n2","body":{"message":19,"msg_id":8,"type":"broadcast"}}
2024/12/26 17:33:45 Received {n1 n2 {"message":19,"msg_id":8,"type":"broadcast"}}
2024/12/26 17:33:45 Received {n4 n2 {"message":19,"msg_id":8,"type":"broadcast"}}
2024/12/26 17:33:45 Received {n0 n2 {"message":19,"msg_id":8,"type":"broadcast"}}
2024/12/26 17:33:45 Received {n2 n2 {"message":19,"msg_id":8,"type":"broadcast"}}
2024/12/26 17:33:46 Received {n0 n2 {"message":20,"msg_id":16,"type":"broadcast"}}
2024/12/26 17:33:46 Sent {"src":"n2","dest":"n0","body":{"in_reply_to":16,"type":"broadcast_ok"}}
2024/12/26 17:33:46 Sent {"src":"n2","dest":"n4","body":{"message":20,"msg_id":16,"type":"broadcast"}}
2024/12/26 17:33:46 Sent {"src":"n2","dest":"n1","body":{"message":20,"msg_id":16,"type":"broadcast"}}
2024/12/26 17:33:46 Sent {"src":"n2","dest":"n2","body":{"message":20,"msg_id":16,"type":"broadcast"}}
2024/12/26 17:33:46 Sent {"src":"n2","dest":"n3","body":{"message":20,"msg_id":16,"type":"broadcast"}}
2024/12/26 17:33:46 Received {n4 n2 {"message":20,"msg_id":16,"type":"broadcast"}}
2024/12/26 17:33:46 Received {n2 n2 {"message":20,"msg_id":16,"type":"broadcast"}}
2024/12/26 17:33:46 Received {n3 n2 {"message":20,"msg_id":16,"type":"broadcast"}}
2024/12/26 17:33:46 Received {n1 n2 {"message":20,"msg_id":16,"type":"broadcast"}}
2024/12/26 17:33:46 Received {n0 n2 {"message":21,"msg_id":17,"type":"broadcast"}}
2024/12/26 17:33:46 Sent {"src":"n2","dest":"n0","body":{"in_reply_to":17,"type":"broadcast_ok"}}
2024/12/26 17:33:46 Sent {"src":"n2","dest":"n2","body":{"message":21,"msg_id":17,"type":"broadcast"}}
2024/12/26 17:33:46 Sent {"src":"n2","dest":"n3","body":{"message":21,"msg_id":17,"type":"broadcast"}}
2024/12/26 17:33:46 Sent {"src":"n2","dest":"n4","body":{"message":21,"msg_id":17,"type":"broadcast"}}
2024/12/26 17:33:46 Sent {"src":"n2","dest":"n1","body":{"message":21,"msg_id":17,"type":"broadcast"}}
2024/12/26 17:33:46 Received {n2 n2 {"message":21,"msg_id":17,"type":"broadcast"}}
2024/12/26 17:33:46 Received {n1 n2 {"message":21,"msg_id":17,"type":"broadcast"}}
2024/12/26 17:33:46 Received {n4 n2 {"message":21,"msg_id":17,"type":"broadcast"}}
2024/12/26 17:33:46 Received {n3 n2 {"message":21,"msg_id":17,"type":"broadcast"}}
2024/12/26 17:33:46 Received {n1 n2 {"message":22,"msg_id":9,"type":"broadcast"}}
2024/12/26 17:33:46 Sent {"src":"n2","dest":"n1","body":{"in_reply_to":9,"type":"broadcast_ok"}}
2024/12/26 17:33:46 Sent {"src":"n2","dest":"n4","body":{"message":22,"msg_id":9,"type":"broadcast"}}
2024/12/26 17:33:46 Sent {"src":"n2","dest":"n0","body":{"message":22,"msg_id":9,"type":"broadcast"}}
2024/12/26 17:33:46 Sent {"src":"n2","dest":"n2","body":{"message":22,"msg_id":9,"type":"broadcast"}}
2024/12/26 17:33:46 Sent {"src":"n2","dest":"n3","body":{"message":22,"msg_id":9,"type":"broadcast"}}
2024/12/26 17:33:46 Received {n4 n2 {"message":22,"msg_id":9,"type":"broadcast"}}
2024/12/26 17:33:46 Received {n2 n2 {"message":22,"msg_id":9,"type":"broadcast"}}
2024/12/26 17:33:46 Received {n3 n2 {"message":22,"msg_id":9,"type":"broadcast"}}
2024/12/26 17:33:46 Received {n0 n2 {"message":22,"msg_id":9,"type":"broadcast"}}
2024/12/26 17:33:46 Received {c12 n2 {"type":"read","msg_id":9}}
2024/12/26 17:33:46 Sent {"src":"n2","dest":"c12","body":{"in_reply_to":9,"messages":[1,2,5,13,14,0,4,11,15,16,17,20,3,12,21,22,6,8,9,10,18,19,7],"type":"read_ok"}}
2024/12/26 17:33:46 Received {n0 n2 {"message":23,"msg_id":18,"type":"broadcast"}}
2024/12/26 17:33:46 Sent {"src":"n2","dest":"n0","body":{"in_reply_to":18,"type":"broadcast_ok"}}
2024/12/26 17:33:46 Sent {"src":"n2","dest":"n4","body":{"message":23,"msg_id":18,"type":"broadcast"}}
2024/12/26 17:33:46 Sent {"src":"n2","dest":"n1","body":{"message":23,"msg_id":18,"type":"broadcast"}}
2024/12/26 17:33:46 Sent {"src":"n2","dest":"n2","body":{"message":23,"msg_id":18,"type":"broadcast"}}
2024/12/26 17:33:46 Sent {"src":"n2","dest":"n3","body":{"message":23,"msg_id":18,"type":"broadcast"}}
2024/12/26 17:33:46 Received {n1 n2 {"message":23,"msg_id":18,"type":"broadcast"}}
2024/12/26 17:33:46 Received {n3 n2 {"message":23,"msg_id":18,"type":"broadcast"}}
2024/12/26 17:33:46 Received {n2 n2 {"message":23,"msg_id":18,"type":"broadcast"}}
2024/12/26 17:33:46 Received {n4 n2 {"message":23,"msg_id":18,"type":"broadcast"}}
2024/12/26 17:33:46 Received {n0 n2 {"message":24,"msg_id":19,"type":"broadcast"}}
2024/12/26 17:33:46 Sent {"src":"n2","dest":"n0","body":{"in_reply_to":19,"type":"broadcast_ok"}}
2024/12/26 17:33:46 Sent {"src":"n2","dest":"n2","body":{"message":24,"msg_id":19,"type":"broadcast"}}
2024/12/26 17:33:46 Sent {"src":"n2","dest":"n1","body":{"message":24,"msg_id":19,"type":"broadcast"}}
2024/12/26 17:33:46 Sent {"src":"n2","dest":"n3","body":{"message":24,"msg_id":19,"type":"broadcast"}}
2024/12/26 17:33:46 Sent {"src":"n2","dest":"n4","body":{"message":24,"msg_id":19,"type":"broadcast"}}
2024/12/26 17:33:46 Received {n2 n2 {"message":24,"msg_id":19,"type":"broadcast"}}
2024/12/26 17:33:46 Received {n4 n2 {"message":24,"msg_id":19,"type":"broadcast"}}
2024/12/26 17:33:46 Received {n3 n2 {"message":24,"msg_id":19,"type":"broadcast"}}
2024/12/26 17:33:46 Received {n1 n2 {"message":24,"msg_id":19,"type":"broadcast"}}
2024/12/26 17:33:47 Received {n1 n2 {"message":25,"msg_id":10,"type":"broadcast"}}
2024/12/26 17:33:47 Sent {"src":"n2","dest":"n1","body":{"in_reply_to":10,"type":"broadcast_ok"}}
2024/12/26 17:33:47 Sent {"src":"n2","dest":"n4","body":{"message":25,"msg_id":10,"type":"broadcast"}}
2024/12/26 17:33:47 Sent {"src":"n2","dest":"n3","body":{"message":25,"msg_id":10,"type":"broadcast"}}
2024/12/26 17:33:47 Sent {"src":"n2","dest":"n0","body":{"message":25,"msg_id":10,"type":"broadcast"}}
2024/12/26 17:33:47 Sent {"src":"n2","dest":"n2","body":{"message":25,"msg_id":10,"type":"broadcast"}}
2024/12/26 17:33:47 Received {c12 n2 {"type":"broadcast","message":26,"msg_id":10}}
2024/12/26 17:33:47 Sent {"src":"n2","dest":"c12","body":{"in_reply_to":10,"type":"broadcast_ok"}}
2024/12/26 17:33:47 Sent {"src":"n2","dest":"n4","body":{"message":26,"msg_id":10,"type":"broadcast"}}
2024/12/26 17:33:47 Sent {"src":"n2","dest":"n0","body":{"message":26,"msg_id":10,"type":"broadcast"}}
2024/12/26 17:33:47 Sent {"src":"n2","dest":"n1","body":{"message":26,"msg_id":10,"type":"broadcast"}}
2024/12/26 17:33:47 Sent {"src":"n2","dest":"n2","body":{"message":26,"msg_id":10,"type":"broadcast"}}
2024/12/26 17:33:47 Sent {"src":"n2","dest":"n3","body":{"message":26,"msg_id":10,"type":"broadcast"}}
2024/12/26 17:33:47 Received {n3 n2 {"message":25,"msg_id":10,"type":"broadcast"}}
2024/12/26 17:33:47 Received {n0 n2 {"message":25,"msg_id":10,"type":"broadcast"}}
2024/12/26 17:33:47 Received {n2 n2 {"message":25,"msg_id":10,"type":"broadcast"}}
2024/12/26 17:33:47 Received {n4 n2 {"message":25,"msg_id":10,"type":"broadcast"}}
2024/12/26 17:33:47 Received {n2 n2 {"message":26,"msg_id":10,"type":"broadcast"}}
2024/12/26 17:33:47 Received {n4 n2 {"in_reply_to":10,"type":"broadcast_ok"}}
2024/12/26 17:33:47 Ignoring reply to 10 with no callback
2024/12/26 17:33:47 Received {n0 n2 {"in_reply_to":10,"type":"broadcast_ok"}}
2024/12/26 17:33:47 Ignoring reply to 10 with no callback
2024/12/26 17:33:47 Received {n1 n2 {"in_reply_to":10,"type":"broadcast_ok"}}
2024/12/26 17:33:47 Ignoring reply to 10 with no callback
2024/12/26 17:33:47 Received {n3 n2 {"in_reply_to":10,"type":"broadcast_ok"}}
2024/12/26 17:33:47 Ignoring reply to 10 with no callback
2024/12/26 17:33:47 Received {n0 n2 {"message":27,"msg_id":20,"type":"broadcast"}}
2024/12/26 17:33:47 Sent {"src":"n2","dest":"n0","body":{"in_reply_to":20,"type":"broadcast_ok"}}
2024/12/26 17:33:47 Sent {"src":"n2","dest":"n4","body":{"message":27,"msg_id":20,"type":"broadcast"}}
2024/12/26 17:33:47 Sent {"src":"n2","dest":"n2","body":{"message":27,"msg_id":20,"type":"broadcast"}}
2024/12/26 17:33:47 Sent {"src":"n2","dest":"n3","body":{"message":27,"msg_id":20,"type":"broadcast"}}
2024/12/26 17:33:47 Sent {"src":"n2","dest":"n1","body":{"message":27,"msg_id":20,"type":"broadcast"}}
2024/12/26 17:33:47 Received {n1 n2 {"message":27,"msg_id":20,"type":"broadcast"}}
2024/12/26 17:33:47 Received {n2 n2 {"message":27,"msg_id":20,"type":"broadcast"}}
2024/12/26 17:33:47 Received {n3 n2 {"message":27,"msg_id":20,"type":"broadcast"}}
2024/12/26 17:33:47 Received {n4 n2 {"message":27,"msg_id":20,"type":"broadcast"}}
2024/12/26 17:33:47 Received {n0 n2 {"message":28,"msg_id":21,"type":"broadcast"}}
2024/12/26 17:33:47 Sent {"src":"n2","dest":"n0","body":{"in_reply_to":21,"type":"broadcast_ok"}}
2024/12/26 17:33:47 Sent {"src":"n2","dest":"n4","body":{"message":28,"msg_id":21,"type":"broadcast"}}
2024/12/26 17:33:47 Sent {"src":"n2","dest":"n1","body":{"message":28,"msg_id":21,"type":"broadcast"}}
2024/12/26 17:33:47 Sent {"src":"n2","dest":"n2","body":{"message":28,"msg_id":21,"type":"broadcast"}}
2024/12/26 17:33:47 Sent {"src":"n2","dest":"n3","body":{"message":28,"msg_id":21,"type":"broadcast"}}
2024/12/26 17:33:47 Received {n2 n2 {"message":28,"msg_id":21,"type":"broadcast"}}
2024/12/26 17:33:47 Received {n4 n2 {"message":28,"msg_id":21,"type":"broadcast"}}
2024/12/26 17:33:47 Received {n1 n2 {"message":28,"msg_id":21,"type":"broadcast"}}
2024/12/26 17:33:47 Received {n3 n2 {"message":28,"msg_id":21,"type":"broadcast"}}
2024/12/26 17:33:47 Received {n1 n2 {"message":29,"msg_id":11,"type":"broadcast"}}
2024/12/26 17:33:47 Sent {"src":"n2","dest":"n1","body":{"in_reply_to":11,"type":"broadcast_ok"}}
2024/12/26 17:33:47 Sent {"src":"n2","dest":"n2","body":{"message":29,"msg_id":11,"type":"broadcast"}}
2024/12/26 17:33:47 Sent {"src":"n2","dest":"n4","body":{"message":29,"msg_id":11,"type":"broadcast"}}
2024/12/26 17:33:47 Sent {"src":"n2","dest":"n3","body":{"message":29,"msg_id":11,"type":"broadcast"}}
2024/12/26 17:33:47 Sent {"src":"n2","dest":"n0","body":{"message":29,"msg_id":11,"type":"broadcast"}}
2024/12/26 17:33:47 Received {n2 n2 {"message":29,"msg_id":11,"type":"broadcast"}}
2024/12/26 17:33:47 Received {n3 n2 {"message":29,"msg_id":11,"type":"broadcast"}}
2024/12/26 17:33:47 Received {n4 n2 {"message":29,"msg_id":11,"type":"broadcast"}}
2024/12/26 17:33:47 Received {n0 n2 {"message":29,"msg_id":11,"type":"broadcast"}}
2024/12/26 17:33:47 Received {c12 n2 {"type":"read","msg_id":11}}
2024/12/26 17:33:47 Sent {"src":"n2","dest":"c12","body":{"in_reply_to":11,"messages":[5,13,14,1,11,15,17,29,4,21,28,12,10,26,8,2,27,0,16,20,24,3,22,6,9,18,19,23,25,7],"type":"read_ok"}}
2024/12/26 17:33:47 Received {n4 n2 {"message":30,"msg_id":11,"type":"broadcast"}}
2024/12/26 17:33:47 Sent {"src":"n2","dest":"n4","body":{"in_reply_to":11,"type":"broadcast_ok"}}
2024/12/26 17:33:47 Sent {"src":"n2","dest":"n3","body":{"message":30,"msg_id":11,"type":"broadcast"}}
2024/12/26 17:33:47 Sent {"src":"n2","dest":"n2","body":{"message":30,"msg_id":11,"type":"broadcast"}}
2024/12/26 17:33:47 Sent {"src":"n2","dest":"n0","body":{"message":30,"msg_id":11,"type":"broadcast"}}
2024/12/26 17:33:47 Sent {"src":"n2","dest":"n1","body":{"message":30,"msg_id":11,"type":"broadcast"}}
2024/12/26 17:33:47 Received {n3 n2 {"message":30,"msg_id":11,"type":"broadcast"}}
2024/12/26 17:33:47 Received {n1 n2 {"message":30,"msg_id":11,"type":"broadcast"}}
2024/12/26 17:33:47 Received {n2 n2 {"message":30,"msg_id":11,"type":"broadcast"}}
2024/12/26 17:33:47 Received {n0 n2 {"message":30,"msg_id":11,"type":"broadcast"}}
2024/12/26 17:33:47 Received {n0 n2 {"message":31,"msg_id":22,"type":"broadcast"}}
2024/12/26 17:33:47 Sent {"src":"n2","dest":"n0","body":{"in_reply_to":22,"type":"broadcast_ok"}}
2024/12/26 17:33:47 Sent {"src":"n2","dest":"n2","body":{"message":31,"msg_id":22,"type":"broadcast"}}
2024/12/26 17:33:47 Sent {"src":"n2","dest":"n1","body":{"message":31,"msg_id":22,"type":"broadcast"}}
2024/12/26 17:33:47 Sent {"src":"n2","dest":"n3","body":{"message":31,"msg_id":22,"type":"broadcast"}}
2024/12/26 17:33:47 Sent {"src":"n2","dest":"n4","body":{"message":31,"msg_id":22,"type":"broadcast"}}
2024/12/26 17:33:47 Received {n1 n2 {"message":31,"msg_id":22,"type":"broadcast"}}
2024/12/26 17:33:47 Received {n2 n2 {"message":31,"msg_id":22,"type":"broadcast"}}
2024/12/26 17:33:47 Received {n3 n2 {"message":31,"msg_id":22,"type":"broadcast"}}
2024/12/26 17:33:47 Received {n4 n2 {"message":31,"msg_id":22,"type":"broadcast"}}
2024/12/26 17:33:47 Received {n0 n2 {"message":32,"msg_id":23,"type":"broadcast"}}
2024/12/26 17:33:47 Sent {"src":"n2","dest":"n0","body":{"in_reply_to":23,"type":"broadcast_ok"}}
2024/12/26 17:33:47 Sent {"src":"n2","dest":"n4","body":{"message":32,"msg_id":23,"type":"broadcast"}}
2024/12/26 17:33:47 Sent {"src":"n2","dest":"n1","body":{"message":32,"msg_id":23,"type":"broadcast"}}
2024/12/26 17:33:47 Sent {"src":"n2","dest":"n2","body":{"message":32,"msg_id":23,"type":"broadcast"}}
2024/12/26 17:33:47 Sent {"src":"n2","dest":"n3","body":{"message":32,"msg_id":23,"type":"broadcast"}}
2024/12/26 17:33:47 Received {n3 n2 {"message":32,"msg_id":23,"type":"broadcast"}}
2024/12/26 17:33:47 Received {n2 n2 {"message":32,"msg_id":23,"type":"broadcast"}}
2024/12/26 17:33:47 Received {n1 n2 {"message":32,"msg_id":23,"type":"broadcast"}}
2024/12/26 17:33:47 Received {n4 n2 {"message":32,"msg_id":23,"type":"broadcast"}}
2024/12/26 17:33:48 Received {n1 n2 {"message":33,"msg_id":12,"type":"broadcast"}}
2024/12/26 17:33:48 Sent {"src":"n2","dest":"n1","body":{"in_reply_to":12,"type":"broadcast_ok"}}
2024/12/26 17:33:48 Sent {"src":"n2","dest":"n4","body":{"message":33,"msg_id":12,"type":"broadcast"}}
2024/12/26 17:33:48 Sent {"src":"n2","dest":"n3","body":{"message":33,"msg_id":12,"type":"broadcast"}}
2024/12/26 17:33:48 Sent {"src":"n2","dest":"n0","body":{"message":33,"msg_id":12,"type":"broadcast"}}
2024/12/26 17:33:48 Sent {"src":"n2","dest":"n2","body":{"message":33,"msg_id":12,"type":"broadcast"}}
2024/12/26 17:33:48 Received {n2 n2 {"message":33,"msg_id":12,"type":"broadcast"}}
2024/12/26 17:33:48 Received {n4 n2 {"message":33,"msg_id":12,"type":"broadcast"}}
2024/12/26 17:33:48 Received {n0 n2 {"message":33,"msg_id":12,"type":"broadcast"}}
2024/12/26 17:33:48 Received {n3 n2 {"message":33,"msg_id":12,"type":"broadcast"}}
2024/12/26 17:33:48 Received {c12 n2 {"type":"broadcast","message":34,"msg_id":12}}
2024/12/26 17:33:48 Sent {"src":"n2","dest":"c12","body":{"in_reply_to":12,"type":"broadcast_ok"}}
2024/12/26 17:33:48 Sent {"src":"n2","dest":"n1","body":{"message":34,"msg_id":12,"type":"broadcast"}}
2024/12/26 17:33:48 Sent {"src":"n2","dest":"n4","body":{"message":34,"msg_id":12,"type":"broadcast"}}
2024/12/26 17:33:48 Sent {"src":"n2","dest":"n2","body":{"message":34,"msg_id":12,"type":"broadcast"}}
2024/12/26 17:33:48 Sent {"src":"n2","dest":"n0","body":{"message":34,"msg_id":12,"type":"broadcast"}}
2024/12/26 17:33:48 Sent {"src":"n2","dest":"n3","body":{"message":34,"msg_id":12,"type":"broadcast"}}
2024/12/26 17:33:48 Received {n2 n2 {"message":34,"msg_id":12,"type":"broadcast"}}
2024/12/26 17:33:48 Received {n3 n2 {"in_reply_to":12,"type":"broadcast_ok"}}
2024/12/26 17:33:48 Ignoring reply to 12 with no callback
2024/12/26 17:33:48 Received {n1 n2 {"in_reply_to":12,"type":"broadcast_ok"}}
2024/12/26 17:33:48 Ignoring reply to 12 with no callback
2024/12/26 17:33:48 Received {n4 n2 {"in_reply_to":12,"type":"broadcast_ok"}}
2024/12/26 17:33:48 Ignoring reply to 12 with no callback
2024/12/26 17:33:48 Received {n0 n2 {"in_reply_to":12,"type":"broadcast_ok"}}
2024/12/26 17:33:48 Ignoring reply to 12 with no callback
2024/12/26 17:33:48 Received {n3 n2 {"message":35,"msg_id":12,"type":"broadcast"}}
2024/12/26 17:33:48 Sent {"src":"n2","dest":"n1","body":{"message":35,"msg_id":12,"type":"broadcast"}}
2024/12/26 17:33:48 Sent {"src":"n2","dest":"n4","body":{"message":35,"msg_id":12,"type":"broadcast"}}
2024/12/26 17:33:48 Sent {"src":"n2","dest":"n3","body":{"in_reply_to":12,"type":"broadcast_ok"}}
2024/12/26 17:33:48 Sent {"src":"n2","dest":"n2","body":{"message":35,"msg_id":12,"type":"broadcast"}}
2024/12/26 17:33:48 Sent {"src":"n2","dest":"n0","body":{"message":35,"msg_id":12,"type":"broadcast"}}
2024/12/26 17:33:48 Received {n0 n2 {"message":35,"msg_id":12,"type":"broadcast"}}
2024/12/26 17:33:48 Received {n1 n2 {"message":35,"msg_id":12,"type":"broadcast"}}
2024/12/26 17:33:48 Received {n2 n2 {"message":35,"msg_id":12,"type":"broadcast"}}
2024/12/26 17:33:48 Received {n4 n2 {"message":35,"msg_id":12,"type":"broadcast"}}
2024/12/26 17:33:48 Received {n4 n2 {"message":36,"msg_id":12,"type":"broadcast"}}
2024/12/26 17:33:48 Sent {"src":"n2","dest":"n4","body":{"in_reply_to":12,"type":"broadcast_ok"}}
2024/12/26 17:33:48 Sent {"src":"n2","dest":"n3","body":{"message":36,"msg_id":12,"type":"broadcast"}}
2024/12/26 17:33:48 Sent {"src":"n2","dest":"n0","body":{"message":36,"msg_id":12,"type":"broadcast"}}
2024/12/26 17:33:48 Sent {"src":"n2","dest":"n1","body":{"message":36,"msg_id":12,"type":"broadcast"}}
2024/12/26 17:33:48 Sent {"src":"n2","dest":"n2","body":{"message":36,"msg_id":12,"type":"broadcast"}}
2024/12/26 17:33:48 Received {n1 n2 {"message":36,"msg_id":12,"type":"broadcast"}}
2024/12/26 17:33:48 Received {n2 n2 {"message":36,"msg_id":12,"type":"broadcast"}}
2024/12/26 17:33:48 Received {n3 n2 {"message":36,"msg_id":12,"type":"broadcast"}}
2024/12/26 17:33:48 Received {n0 n2 {"message":36,"msg_id":12,"type":"broadcast"}}
2024/12/26 17:33:48 Received {n1 n2 {"message":37,"msg_id":13,"type":"broadcast"}}
2024/12/26 17:33:48 Sent {"src":"n2","dest":"n2","body":{"message":37,"msg_id":13,"type":"broadcast"}}
2024/12/26 17:33:48 Sent {"src":"n2","dest":"n1","body":{"in_reply_to":13,"type":"broadcast_ok"}}
2024/12/26 17:33:48 Sent {"src":"n2","dest":"n4","body":{"message":37,"msg_id":13,"type":"broadcast"}}
2024/12/26 17:33:48 Sent {"src":"n2","dest":"n0","body":{"message":37,"msg_id":13,"type":"broadcast"}}
2024/12/26 17:33:48 Sent {"src":"n2","dest":"n3","body":{"message":37,"msg_id":13,"type":"broadcast"}}
2024/12/26 17:33:48 Received {n2 n2 {"message":37,"msg_id":13,"type":"broadcast"}}
2024/12/26 17:33:48 Received {n4 n2 {"message":37,"msg_id":13,"type":"broadcast"}}
2024/12/26 17:33:48 Received {n3 n2 {"message":37,"msg_id":13,"type":"broadcast"}}
2024/12/26 17:33:48 Received {n0 n2 {"message":37,"msg_id":13,"type":"broadcast"}}
2024/12/26 17:33:48 Received {c12 n2 {"type":"broadcast","message":38,"msg_id":13}}
2024/12/26 17:33:48 Sent {"src":"n2","dest":"c12","body":{"in_reply_to":13,"type":"broadcast_ok"}}
2024/12/26 17:33:48 Sent {"src":"n2","dest":"n0","body":{"message":38,"msg_id":13,"type":"broadcast"}}
2024/12/26 17:33:48 Sent {"src":"n2","dest":"n2","body":{"message":38,"msg_id":13,"type":"broadcast"}}
2024/12/26 17:33:48 Sent {"src":"n2","dest":"n1","body":{"message":38,"msg_id":13,"type":"broadcast"}}
2024/12/26 17:33:48 Sent {"src":"n2","dest":"n3","body":{"message":38,"msg_id":13,"type":"broadcast"}}
2024/12/26 17:33:48 Sent {"src":"n2","dest":"n4","body":{"message":38,"msg_id":13,"type":"broadcast"}}
2024/12/26 17:33:48 Received {n2 n2 {"message":38,"msg_id":13,"type":"broadcast"}}
2024/12/26 17:33:48 Received {n0 n2 {"in_reply_to":13,"type":"broadcast_ok"}}
2024/12/26 17:33:48 Ignoring reply to 13 with no callback
2024/12/26 17:33:48 Received {n1 n2 {"in_reply_to":13,"type":"broadcast_ok"}}
2024/12/26 17:33:48 Ignoring reply to 13 with no callback
2024/12/26 17:33:48 Received {n4 n2 {"in_reply_to":13,"type":"broadcast_ok"}}
2024/12/26 17:33:48 Ignoring reply to 13 with no callback
2024/12/26 17:33:48 Received {n3 n2 {"in_reply_to":13,"type":"broadcast_ok"}}
2024/12/26 17:33:48 Ignoring reply to 13 with no callback
2024/12/26 17:33:49 Received {n0 n2 {"message":39,"msg_id":27,"type":"broadcast"}}
2024/12/26 17:33:49 Sent {"src":"n2","dest":"n0","body":{"in_reply_to":27,"type":"broadcast_ok"}}
2024/12/26 17:33:49 Sent {"src":"n2","dest":"n2","body":{"message":39,"msg_id":27,"type":"broadcast"}}
2024/12/26 17:33:49 Sent {"src":"n2","dest":"n1","body":{"message":39,"msg_id":27,"type":"broadcast"}}
2024/12/26 17:33:49 Sent {"src":"n2","dest":"n4","body":{"message":39,"msg_id":27,"type":"broadcast"}}
2024/12/26 17:33:49 Sent {"src":"n2","dest":"n3","body":{"message":39,"msg_id":27,"type":"broadcast"}}
2024/12/26 17:33:49 Received {n2 n2 {"message":39,"msg_id":27,"type":"broadcast"}}
2024/12/26 17:33:49 Received {n4 n2 {"message":39,"msg_id":27,"type":"broadcast"}}
2024/12/26 17:33:49 Received {n1 n2 {"message":39,"msg_id":27,"type":"broadcast"}}
2024/12/26 17:33:49 Received {n3 n2 {"message":39,"msg_id":27,"type":"broadcast"}}
2024/12/26 17:33:49 Received {c12 n2 {"type":"read","msg_id":14}}
2024/12/26 17:33:49 Sent {"src":"n2","dest":"c12","body":{"in_reply_to":14,"messages":[6,22,38,7,9,18,19,23,25,1,5,13,14,32,37,39,4,11,15,17,29,31,33,12,21,28,30,34,8,10,26,35,0,2,27,3,16,20,24,36],"type":"read_ok"}}
2024/12/26 17:33:49 Received {n4 n2 {"message":40,"msg_id":14,"type":"broadcast"}}
2024/12/26 17:33:49 Sent {"src":"n2","dest":"n4","body":{"in_reply_to":14,"type":"broadcast_ok"}}
2024/12/26 17:33:49 Sent {"src":"n2","dest":"n3","body":{"message":40,"msg_id":14,"type":"broadcast"}}
2024/12/26 17:33:49 Sent {"src":"n2","dest":"n0","body":{"message":40,"msg_id":14,"type":"broadcast"}}
2024/12/26 17:33:49 Sent {"src":"n2","dest":"n1","body":{"message":40,"msg_id":14,"type":"broadcast"}}
2024/12/26 17:33:49 Sent {"src":"n2","dest":"n2","body":{"message":40,"msg_id":14,"type":"broadcast"}}
2024/12/26 17:33:49 Received {n0 n2 {"message":40,"msg_id":14,"type":"broadcast"}}
2024/12/26 17:33:49 Received {n3 n2 {"message":40,"msg_id":14,"type":"broadcast"}}
2024/12/26 17:33:49 Received {n1 n2 {"message":40,"msg_id":14,"type":"broadcast"}}
2024/12/26 17:33:49 Received {n2 n2 {"message":40,"msg_id":14,"type":"broadcast"}}
2024/12/26 17:33:49 Received {n0 n2 {"message":41,"msg_id":28,"type":"broadcast"}}
2024/12/26 17:33:49 Sent {"src":"n2","dest":"n0","body":{"in_reply_to":28,"type":"broadcast_ok"}}
2024/12/26 17:33:49 Sent {"src":"n2","dest":"n4","body":{"message":41,"msg_id":28,"type":"broadcast"}}
2024/12/26 17:33:49 Sent {"src":"n2","dest":"n3","body":{"message":41,"msg_id":28,"type":"broadcast"}}
2024/12/26 17:33:49 Sent {"src":"n2","dest":"n2","body":{"message":41,"msg_id":28,"type":"broadcast"}}
2024/12/26 17:33:49 Sent {"src":"n2","dest":"n1","body":{"message":41,"msg_id":28,"type":"broadcast"}}
2024/12/26 17:33:49 Received {n3 n2 {"message":41,"msg_id":28,"type":"broadcast"}}
2024/12/26 17:33:49 Received {n2 n2 {"message":41,"msg_id":28,"type":"broadcast"}}
2024/12/26 17:33:49 Received {n4 n2 {"message":41,"msg_id":28,"type":"broadcast"}}
2024/12/26 17:33:49 Received {n1 n2 {"message":41,"msg_id":28,"type":"broadcast"}}
2024/12/26 17:33:49 Received {n0 n2 {"message":42,"msg_id":29,"type":"broadcast"}}
2024/12/26 17:33:49 Sent {"src":"n2","dest":"n0","body":{"in_reply_to":29,"type":"broadcast_ok"}}
2024/12/26 17:33:49 Sent {"src":"n2","dest":"n2","body":{"message":42,"msg_id":29,"type":"broadcast"}}
2024/12/26 17:33:49 Sent {"src":"n2","dest":"n1","body":{"message":42,"msg_id":29,"type":"broadcast"}}
2024/12/26 17:33:49 Sent {"src":"n2","dest":"n3","body":{"message":42,"msg_id":29,"type":"broadcast"}}
2024/12/26 17:33:49 Sent {"src":"n2","dest":"n4","body":{"message":42,"msg_id":29,"type":"broadcast"}}
2024/12/26 17:33:49 Received {n2 n2 {"message":42,"msg_id":29,"type":"broadcast"}}
2024/12/26 17:33:49 Received {n3 n2 {"message":42,"msg_id":29,"type":"broadcast"}}
2024/12/26 17:33:49 Received {n1 n2 {"message":42,"msg_id":29,"type":"broadcast"}}
2024/12/26 17:33:49 Received {n4 n2 {"message":42,"msg_id":29,"type":"broadcast"}}
2024/12/26 17:33:49 Received {n1 n2 {"message":43,"msg_id":15,"type":"broadcast"}}
2024/12/26 17:33:49 Sent {"src":"n2","dest":"n4","body":{"message":43,"msg_id":15,"type":"broadcast"}}
2024/12/26 17:33:49 Sent {"src":"n2","dest":"n0","body":{"message":43,"msg_id":15,"type":"broadcast"}}
2024/12/26 17:33:49 Sent {"src":"n2","dest":"n1","body":{"in_reply_to":15,"type":"broadcast_ok"}}
2024/12/26 17:33:49 Sent {"src":"n2","dest":"n3","body":{"message":43,"msg_id":15,"type":"broadcast"}}
2024/12/26 17:33:49 Sent {"src":"n2","dest":"n2","body":{"message":43,"msg_id":15,"type":"broadcast"}}
2024/12/26 17:33:49 Received {n4 n2 {"message":43,"msg_id":15,"type":"broadcast"}}
2024/12/26 17:33:49 Received {n3 n2 {"message":43,"msg_id":15,"type":"broadcast"}}
2024/12/26 17:33:49 Received {n0 n2 {"message":43,"msg_id":15,"type":"broadcast"}}
2024/12/26 17:33:49 Received {n2 n2 {"message":43,"msg_id":15,"type":"broadcast"}}
2024/12/26 17:33:49 Received {c12 n2 {"type":"broadcast","message":44,"msg_id":15}}
2024/12/26 17:33:49 Sent {"src":"n2","dest":"c12","body":{"in_reply_to":15,"type":"broadcast_ok"}}
2024/12/26 17:33:49 Sent {"src":"n2","dest":"n2","body":{"message":44,"msg_id":15,"type":"broadcast"}}
2024/12/26 17:33:49 Sent {"src":"n2","dest":"n3","body":{"message":44,"msg_id":15,"type":"broadcast"}}
2024/12/26 17:33:49 Sent {"src":"n2","dest":"n4","body":{"message":44,"msg_id":15,"type":"broadcast"}}
2024/12/26 17:33:49 Sent {"src":"n2","dest":"n0","body":{"message":44,"msg_id":15,"type":"broadcast"}}
2024/12/26 17:33:49 Sent {"src":"n2","dest":"n1","body":{"message":44,"msg_id":15,"type":"broadcast"}}
2024/12/26 17:33:49 Received {n2 n2 {"message":44,"msg_id":15,"type":"broadcast"}}
2024/12/26 17:33:49 Received {n3 n2 {"in_reply_to":15,"type":"broadcast_ok"}}
2024/12/26 17:33:49 Ignoring reply to 15 with no callback
2024/12/26 17:33:49 Received {n4 n2 {"in_reply_to":15,"type":"broadcast_ok"}}
2024/12/26 17:33:49 Ignoring reply to 15 with no callback
2024/12/26 17:33:49 Received {n1 n2 {"in_reply_to":15,"type":"broadcast_ok"}}
2024/12/26 17:33:49 Ignoring reply to 15 with no callback
2024/12/26 17:33:49 Received {n0 n2 {"in_reply_to":15,"type":"broadcast_ok"}}
2024/12/26 17:33:49 Ignoring reply to 15 with no callback
2024/12/26 17:33:50 Received {n0 n2 {"message":45,"msg_id":30,"type":"broadcast"}}
2024/12/26 17:33:50 Sent {"src":"n2","dest":"n0","body":{"in_reply_to":30,"type":"broadcast_ok"}}
2024/12/26 17:33:50 Sent {"src":"n2","dest":"n4","body":{"message":45,"msg_id":30,"type":"broadcast"}}
2024/12/26 17:33:50 Sent {"src":"n2","dest":"n1","body":{"message":45,"msg_id":30,"type":"broadcast"}}
2024/12/26 17:33:50 Sent {"src":"n2","dest":"n2","body":{"message":45,"msg_id":30,"type":"broadcast"}}
2024/12/26 17:33:50 Sent {"src":"n2","dest":"n3","body":{"message":45,"msg_id":30,"type":"broadcast"}}
2024/12/26 17:33:50 Received {n3 n2 {"message":45,"msg_id":30,"type":"broadcast"}}
2024/12/26 17:33:50 Received {n2 n2 {"message":45,"msg_id":30,"type":"broadcast"}}
2024/12/26 17:33:50 Received {n1 n2 {"message":45,"msg_id":30,"type":"broadcast"}}
2024/12/26 17:33:50 Received {n4 n2 {"message":45,"msg_id":30,"type":"broadcast"}}
2024/12/26 17:33:50 Received {n0 n2 {"message":46,"msg_id":31,"type":"broadcast"}}
2024/12/26 17:33:50 Sent {"src":"n2","dest":"n0","body":{"in_reply_to":31,"type":"broadcast_ok"}}
2024/12/26 17:33:50 Sent {"src":"n2","dest":"n2","body":{"message":46,"msg_id":31,"type":"broadcast"}}
2024/12/26 17:33:50 Sent {"src":"n2","dest":"n1","body":{"message":46,"msg_id":31,"type":"broadcast"}}
2024/12/26 17:33:50 Sent {"src":"n2","dest":"n3","body":{"message":46,"msg_id":31,"type":"broadcast"}}
2024/12/26 17:33:50 Sent {"src":"n2","dest":"n4","body":{"message":46,"msg_id":31,"type":"broadcast"}}
2024/12/26 17:33:50 Received {n3 n2 {"message":46,"msg_id":31,"type":"broadcast"}}
2024/12/26 17:33:50 Received {n2 n2 {"message":46,"msg_id":31,"type":"broadcast"}}
2024/12/26 17:33:50 Received {n1 n2 {"message":46,"msg_id":31,"type":"broadcast"}}
2024/12/26 17:33:50 Received {n4 n2 {"message":46,"msg_id":31,"type":"broadcast"}}
2024/12/26 17:33:50 Received {c12 n2 {"type":"read","msg_id":16}}
2024/12/26 17:33:50 Sent {"src":"n2","dest":"c12","body":{"in_reply_to":16,"messages":[22,38,6,9,18,19,23,25,7,5,13,14,32,37,39,1,11,15,17,29,31,33,42,4,21,28,30,34,12,10,26,35,41,45,8,2,27,44,46,0,16,20,24,36,40,43,3],"type":"read_ok"}}
2024/12/26 17:33:50 Received {n4 n2 {"message":47,"msg_id":16,"type":"broadcast"}}
2024/12/26 17:33:50 Sent {"src":"n2","dest":"n4","body":{"in_reply_to":16,"type":"broadcast_ok"}}
2024/12/26 17:33:50 Sent {"src":"n2","dest":"n3","body":{"message":47,"msg_id":16,"type":"broadcast"}}
2024/12/26 17:33:50 Sent {"src":"n2","dest":"n0","body":{"message":47,"msg_id":16,"type":"broadcast"}}
2024/12/26 17:33:50 Sent {"src":"n2","dest":"n1","body":{"message":47,"msg_id":16,"type":"broadcast"}}
2024/12/26 17:33:50 Sent {"src":"n2","dest":"n2","body":{"message":47,"msg_id":16,"type":"broadcast"}}
2024/12/26 17:33:50 Received {n0 n2 {"message":47,"msg_id":16,"type":"broadcast"}}
2024/12/26 17:33:50 Received {n3 n2 {"message":47,"msg_id":16,"type":"broadcast"}}
2024/12/26 17:33:50 Received {n1 n2 {"message":47,"msg_id":16,"type":"broadcast"}}
2024/12/26 17:33:50 Received {n2 n2 {"message":47,"msg_id":16,"type":"broadcast"}}
2024/12/26 17:33:51 Received {n0 n2 {"message":48,"msg_id":32,"type":"broadcast"}}
2024/12/26 17:33:51 Sent {"src":"n2","dest":"n0","body":{"in_reply_to":32,"type":"broadcast_ok"}}
2024/12/26 17:33:51 Sent {"src":"n2","dest":"n4","body":{"message":48,"msg_id":32,"type":"broadcast"}}
2024/12/26 17:33:51 Sent {"src":"n2","dest":"n3","body":{"message":48,"msg_id":32,"type":"broadcast"}}
2024/12/26 17:33:51 Sent {"src":"n2","dest":"n2","body":{"message":48,"msg_id":32,"type":"broadcast"}}
2024/12/26 17:33:51 Sent {"src":"n2","dest":"n1","body":{"message":48,"msg_id":32,"type":"broadcast"}}
2024/12/26 17:33:51 Received {n1 n2 {"message":48,"msg_id":32,"type":"broadcast"}}
2024/12/26 17:33:51 Received {n3 n2 {"message":48,"msg_id":32,"type":"broadcast"}}
2024/12/26 17:33:51 Received {n2 n2 {"message":48,"msg_id":32,"type":"broadcast"}}
2024/12/26 17:33:51 Received {n4 n2 {"message":48,"msg_id":32,"type":"broadcast"}}
2024/12/26 17:33:51 Received {n0 n2 {"message":49,"msg_id":33,"type":"broadcast"}}
2024/12/26 17:33:51 Sent {"src":"n2","dest":"n0","body":{"in_reply_to":33,"type":"broadcast_ok"}}
2024/12/26 17:33:51 Sent {"src":"n2","dest":"n2","body":{"message":49,"msg_id":33,"type":"broadcast"}}
2024/12/26 17:33:51 Sent {"src":"n2","dest":"n1","body":{"message":49,"msg_id":33,"type":"broadcast"}}
2024/12/26 17:33:51 Sent {"src":"n2","dest":"n3","body":{"message":49,"msg_id":33,"type":"broadcast"}}
2024/12/26 17:33:51 Sent {"src":"n2","dest":"n4","body":{"message":49,"msg_id":33,"type":"broadcast"}}
2024/12/26 17:33:51 Received {n1 n2 {"message":49,"msg_id":33,"type":"broadcast"}}
2024/12/26 17:33:51 Received {n2 n2 {"message":49,"msg_id":33,"type":"broadcast"}}
2024/12/26 17:33:51 Received {n3 n2 {"message":49,"msg_id":33,"type":"broadcast"}}
2024/12/26 17:33:51 Received {n4 n2 {"message":49,"msg_id":33,"type":"broadcast"}}
2024/12/26 17:33:51 Received {c12 n2 {"type":"read","msg_id":17}}
2024/12/26 17:33:51 Sent {"src":"n2","dest":"c12","body":{"in_reply_to":17,"messages":[36,40,43,49,3,16,20,24,6,22,38,23,25,7,9,18,19,32,37,39,1,5,13,14,29,31,33,42,4,11,15,17,47,48,34,12,21,28,30,41,45,8,10,26,35,46,0,2,27,44],"type":"read_ok"}}
2024/12/26 17:33:51 Received {n3 n2 {"message":50,"msg_id":17,"type":"broadcast"}}
2024/12/26 17:33:51 Sent {"src":"n2","dest":"n3","body":{"in_reply_to":17,"type":"broadcast_ok"}}
2024/12/26 17:33:51 Sent {"src":"n2","dest":"n4","body":{"message":50,"msg_id":17,"type":"broadcast"}}
2024/12/26 17:33:51 Sent {"src":"n2","dest":"n1","body":{"message":50,"msg_id":17,"type":"broadcast"}}
2024/12/26 17:33:51 Sent {"src":"n2","dest":"n2","body":{"message":50,"msg_id":17,"type":"broadcast"}}
2024/12/26 17:33:51 Sent {"src":"n2","dest":"n0","body":{"message":50,"msg_id":17,"type":"broadcast"}}
2024/12/26 17:33:51 Received {n2 n2 {"message":50,"msg_id":17,"type":"broadcast"}}
2024/12/26 17:33:51 Received {n4 n2 {"message":50,"msg_id":17,"type":"broadcast"}}
2024/12/26 17:33:51 Received {n0 n2 {"message":50,"msg_id":17,"type":"broadcast"}}
2024/12/26 17:33:51 Received {n1 n2 {"message":50,"msg_id":17,"type":"broadcast"}}
2024/12/26 17:33:51 Received {n1 n2 {"message":51,"msg_id":18,"type":"broadcast"}}
2024/12/26 17:33:51 Sent {"src":"n2","dest":"n1","body":{"in_reply_to":18,"type":"broadcast_ok"}}
2024/12/26 17:33:51 Sent {"src":"n2","dest":"n4","body":{"message":51,"msg_id":18,"type":"broadcast"}}
2024/12/26 17:33:51 Sent {"src":"n2","dest":"n3","body":{"message":51,"msg_id":18,"type":"broadcast"}}
2024/12/26 17:33:51 Sent {"src":"n2","dest":"n2","body":{"message":51,"msg_id":18,"type":"broadcast"}}
2024/12/26 17:33:51 Sent {"src":"n2","dest":"n0","body":{"message":51,"msg_id":18,"type":"broadcast"}}
2024/12/26 17:33:51 Received {n4 n2 {"message":51,"msg_id":18,"type":"broadcast"}}
2024/12/26 17:33:51 Received {n3 n2 {"message":51,"msg_id":18,"type":"broadcast"}}
2024/12/26 17:33:51 Received {n0 n2 {"message":51,"msg_id":18,"type":"broadcast"}}
2024/12/26 17:33:51 Received {n2 n2 {"message":51,"msg_id":18,"type":"broadcast"}}
2024/12/26 17:33:52 Received {c12 n2 {"type":"read","msg_id":18}}
2024/12/26 17:33:52 Sent {"src":"n2","dest":"c12","body":{"in_reply_to":18,"messages":[15,17,29,31,33,42,4,11,47,48,28,30,34,12,21,26,35,41,45,50,8,10,27,44,46,0,2,20,24,36,40,43,49,3,16,38,51,6,22,18,19,23,25,7,9,13,14,32,37,39,1,5],"type":"read_ok"}}
2024/12/26 17:33:52 Received {n3 n2 {"message":52,"msg_id":18,"type":"broadcast"}}
2024/12/26 17:33:52 Sent {"src":"n2","dest":"n3","body":{"in_reply_to":18,"type":"broadcast_ok"}}
2024/12/26 17:33:52 Sent {"src":"n2","dest":"n4","body":{"message":52,"msg_id":18,"type":"broadcast"}}
2024/12/26 17:33:52 Sent {"src":"n2","dest":"n0","body":{"message":52,"msg_id":18,"type":"broadcast"}}
2024/12/26 17:33:52 Sent {"src":"n2","dest":"n1","body":{"message":52,"msg_id":18,"type":"broadcast"}}
2024/12/26 17:33:52 Sent {"src":"n2","dest":"n2","body":{"message":52,"msg_id":18,"type":"broadcast"}}
2024/12/26 17:33:52 Received {n4 n2 {"message":52,"msg_id":18,"type":"broadcast"}}
2024/12/26 17:33:52 Received {n0 n2 {"message":52,"msg_id":18,"type":"broadcast"}}
2024/12/26 17:33:52 Received {n2 n2 {"message":52,"msg_id":18,"type":"broadcast"}}
2024/12/26 17:33:52 Received {n1 n2 {"message":52,"msg_id":18,"type":"broadcast"}}
2024/12/26 17:33:52 Received {n0 n2 {"message":53,"msg_id":37,"type":"broadcast"}}
2024/12/26 17:33:52 Sent {"src":"n2","dest":"n0","body":{"in_reply_to":37,"type":"broadcast_ok"}}
2024/12/26 17:33:52 Sent {"src":"n2","dest":"n4","body":{"message":53,"msg_id":37,"type":"broadcast"}}
2024/12/26 17:33:52 Sent {"src":"n2","dest":"n3","body":{"message":53,"msg_id":37,"type":"broadcast"}}
2024/12/26 17:33:52 Sent {"src":"n2","dest":"n1","body":{"message":53,"msg_id":37,"type":"broadcast"}}
2024/12/26 17:33:52 Sent {"src":"n2","dest":"n2","body":{"message":53,"msg_id":37,"type":"broadcast"}}
2024/12/26 17:33:52 Received {n4 n2 {"message":53,"msg_id":37,"type":"broadcast"}}
2024/12/26 17:33:52 Received {n3 n2 {"message":53,"msg_id":37,"type":"broadcast"}}
2024/12/26 17:33:52 Received {n1 n2 {"message":53,"msg_id":37,"type":"broadcast"}}
2024/12/26 17:33:52 Received {n2 n2 {"message":53,"msg_id":37,"type":"broadcast"}}
2024/12/26 17:33:52 Received {c12 n2 {"type":"broadcast","message":54,"msg_id":19}}
2024/12/26 17:33:52 Sent {"src":"n2","dest":"c12","body":{"in_reply_to":19,"type":"broadcast_ok"}}
2024/12/26 17:33:52 Sent {"src":"n2","dest":"n2","body":{"message":54,"msg_id":19,"type":"broadcast"}}
2024/12/26 17:33:52 Sent {"src":"n2","dest":"n4","body":{"message":54,"msg_id":19,"type":"broadcast"}}
2024/12/26 17:33:52 Sent {"src":"n2","dest":"n1","body":{"message":54,"msg_id":19,"type":"broadcast"}}
2024/12/26 17:33:52 Sent {"src":"n2","dest":"n0","body":{"message":54,"msg_id":19,"type":"broadcast"}}
2024/12/26 17:33:52 Sent {"src":"n2","dest":"n3","body":{"message":54,"msg_id":19,"type":"broadcast"}}
2024/12/26 17:33:52 Received {n2 n2 {"message":54,"msg_id":19,"type":"broadcast"}}
2024/12/26 17:33:52 Received {n3 n2 {"in_reply_to":19,"type":"broadcast_ok"}}
2024/12/26 17:33:52 Ignoring reply to 19 with no callback
2024/12/26 17:33:52 Received {n1 n2 {"in_reply_to":19,"type":"broadcast_ok"}}
2024/12/26 17:33:52 Ignoring reply to 19 with no callback
2024/12/26 17:33:52 Received {n0 n2 {"in_reply_to":19,"type":"broadcast_ok"}}
2024/12/26 17:33:52 Ignoring reply to 19 with no callback
2024/12/26 17:33:52 Received {n4 n2 {"in_reply_to":19,"type":"broadcast_ok"}}
2024/12/26 17:33:52 Ignoring reply to 19 with no callback
2024/12/26 17:33:53 Received {c12 n2 {"type":"broadcast","message":55,"msg_id":20}}
2024/12/26 17:33:53 Sent {"src":"n2","dest":"c12","body":{"in_reply_to":20,"type":"broadcast_ok"}}
2024/12/26 17:33:53 Sent {"src":"n2","dest":"n0","body":{"message":55,"msg_id":20,"type":"broadcast"}}
2024/12/26 17:33:53 Sent {"src":"n2","dest":"n4","body":{"message":55,"msg_id":20,"type":"broadcast"}}
2024/12/26 17:33:53 Sent {"src":"n2","dest":"n3","body":{"message":55,"msg_id":20,"type":"broadcast"}}
2024/12/26 17:33:53 Sent {"src":"n2","dest":"n2","body":{"message":55,"msg_id":20,"type":"broadcast"}}
2024/12/26 17:33:53 Sent {"src":"n2","dest":"n1","body":{"message":55,"msg_id":20,"type":"broadcast"}}
2024/12/26 17:33:53 Received {n2 n2 {"message":55,"msg_id":20,"type":"broadcast"}}
2024/12/26 17:33:53 Received {n4 n2 {"in_reply_to":20,"type":"broadcast_ok"}}
2024/12/26 17:33:53 Ignoring reply to 20 with no callback
2024/12/26 17:33:53 Received {n3 n2 {"in_reply_to":20,"type":"broadcast_ok"}}
2024/12/26 17:33:53 Ignoring reply to 20 with no callback
2024/12/26 17:33:53 Received {n0 n2 {"in_reply_to":20,"type":"broadcast_ok"}}
2024/12/26 17:33:53 Ignoring reply to 20 with no callback
2024/12/26 17:33:53 Received {n1 n2 {"in_reply_to":20,"type":"broadcast_ok"}}
2024/12/26 17:33:53 Ignoring reply to 20 with no callback
2024/12/26 17:33:53 Received {n3 n2 {"message":56,"msg_id":20,"type":"broadcast"}}
2024/12/26 17:33:53 Sent {"src":"n2","dest":"n3","body":{"in_reply_to":20,"type":"broadcast_ok"}}
2024/12/26 17:33:53 Sent {"src":"n2","dest":"n4","body":{"message":56,"msg_id":20,"type":"broadcast"}}
2024/12/26 17:33:53 Sent {"src":"n2","dest":"n0","body":{"message":56,"msg_id":20,"type":"broadcast"}}
2024/12/26 17:33:53 Sent {"src":"n2","dest":"n2","body":{"message":56,"msg_id":20,"type":"broadcast"}}
2024/12/26 17:33:53 Sent {"src":"n2","dest":"n1","body":{"message":56,"msg_id":20,"type":"broadcast"}}
2024/12/26 17:33:53 Received {n4 n2 {"message":56,"msg_id":20,"type":"broadcast"}}
2024/12/26 17:33:53 Received {n0 n2 {"message":56,"msg_id":20,"type":"broadcast"}}
2024/12/26 17:33:53 Received {n2 n2 {"message":56,"msg_id":20,"type":"broadcast"}}
2024/12/26 17:33:53 Received {n1 n2 {"message":56,"msg_id":20,"type":"broadcast"}}
2024/12/26 17:33:53 Received {n4 n2 {"message":57,"msg_id":20,"type":"broadcast"}}
2024/12/26 17:33:53 Sent {"src":"n2","dest":"n4","body":{"in_reply_to":20,"type":"broadcast_ok"}}
2024/12/26 17:33:53 Sent {"src":"n2","dest":"n3","body":{"message":57,"msg_id":20,"type":"broadcast"}}
2024/12/26 17:33:53 Sent {"src":"n2","dest":"n2","body":{"message":57,"msg_id":20,"type":"broadcast"}}
2024/12/26 17:33:53 Sent {"src":"n2","dest":"n1","body":{"message":57,"msg_id":20,"type":"broadcast"}}
2024/12/26 17:33:53 Sent {"src":"n2","dest":"n0","body":{"message":57,"msg_id":20,"type":"broadcast"}}
2024/12/26 17:33:53 Received {n2 n2 {"message":57,"msg_id":20,"type":"broadcast"}}
2024/12/26 17:33:53 Received {n1 n2 {"message":57,"msg_id":20,"type":"broadcast"}}
2024/12/26 17:33:53 Received {n0 n2 {"message":57,"msg_id":20,"type":"broadcast"}}
2024/12/26 17:33:53 Received {n3 n2 {"message":57,"msg_id":20,"type":"broadcast"}}
2024/12/26 17:33:53 Received {n0 n2 {"message":58,"msg_id":41,"type":"broadcast"}}
2024/12/26 17:33:53 Sent {"src":"n2","dest":"n0","body":{"in_reply_to":41,"type":"broadcast_ok"}}
2024/12/26 17:33:53 Sent {"src":"n2","dest":"n4","body":{"message":58,"msg_id":41,"type":"broadcast"}}
2024/12/26 17:33:53 Sent {"src":"n2","dest":"n3","body":{"message":58,"msg_id":41,"type":"broadcast"}}
2024/12/26 17:33:53 Sent {"src":"n2","dest":"n2","body":{"message":58,"msg_id":41,"type":"broadcast"}}
2024/12/26 17:33:53 Sent {"src":"n2","dest":"n1","body":{"message":58,"msg_id":41,"type":"broadcast"}}
2024/12/26 17:33:53 Received {n3 n2 {"message":58,"msg_id":41,"type":"broadcast"}}
2024/12/26 17:33:53 Received {n1 n2 {"message":58,"msg_id":41,"type":"broadcast"}}
2024/12/26 17:33:53 Received {n2 n2 {"message":58,"msg_id":41,"type":"broadcast"}}
2024/12/26 17:33:53 Received {n4 n2 {"message":58,"msg_id":41,"type":"broadcast"}}
2024/12/26 17:33:53 Received {c12 n2 {"type":"read","msg_id":21}}
2024/12/26 17:33:53 Sent {"src":"n2","dest":"c12","body":{"in_reply_to":21,"messages":[35,41,56,26,2,27,44,46,0,36,40,43,49,3,55,6,9,23,7,5,32,1,11,15,17,31,47,48,4,21,30,34,54,12,10,45,50,52,53,8,20,24,57,16,38,51,22,19,25,18,14,37,39,58,13,33,42,29,28],"type":"read_ok"}}
2024/12/26 17:33:54 Received {n4 n2 {"message":59,"msg_id":21,"type":"broadcast"}}
2024/12/26 17:33:54 Sent {"src":"n2","dest":"n4","body":{"in_reply_to":21,"type":"broadcast_ok"}}
2024/12/26 17:33:54 Sent {"src":"n2","dest":"n3","body":{"message":59,"msg_id":21,"type":"broadcast"}}
2024/12/26 17:33:54 Sent {"src":"n2","dest":"n0","body":{"message":59,"msg_id":21,"type":"broadcast"}}
2024/12/26 17:33:54 Sent {"src":"n2","dest":"n2","body":{"message":59,"msg_id":21,"type":"broadcast"}}
2024/12/26 17:33:54 Sent {"src":"n2","dest":"n1","body":{"message":59,"msg_id":21,"type":"broadcast"}}
2024/12/26 17:33:54 Received {n3 n2 {"message":59,"msg_id":21,"type":"broadcast"}}
2024/12/26 17:33:54 Received {n2 n2 {"message":59,"msg_id":21,"type":"broadcast"}}
2024/12/26 17:33:54 Received {n0 n2 {"message":59,"msg_id":21,"type":"broadcast"}}
2024/12/26 17:33:54 Received {n1 n2 {"message":59,"msg_id":21,"type":"broadcast"}}
2024/12/26 17:33:54 Received {n1 n2 {"message":60,"msg_id":22,"type":"broadcast"}}
2024/12/26 17:33:54 Sent {"src":"n2","dest":"n1","body":{"in_reply_to":22,"type":"broadcast_ok"}}
2024/12/26 17:33:54 Sent {"src":"n2","dest":"n4","body":{"message":60,"msg_id":22,"type":"broadcast"}}
2024/12/26 17:33:54 Sent {"src":"n2","dest":"n3","body":{"message":60,"msg_id":22,"type":"broadcast"}}
2024/12/26 17:33:54 Sent {"src":"n2","dest":"n0","body":{"message":60,"msg_id":22,"type":"broadcast"}}
2024/12/26 17:33:54 Sent {"src":"n2","dest":"n2","body":{"message":60,"msg_id":22,"type":"broadcast"}}
2024/12/26 17:33:54 Received {n4 n2 {"message":60,"msg_id":22,"type":"broadcast"}}
2024/12/26 17:33:54 Received {n2 n2 {"message":60,"msg_id":22,"type":"broadcast"}}
2024/12/26 17:33:54 Received {n0 n2 {"message":60,"msg_id":22,"type":"broadcast"}}
2024/12/26 17:33:54 Received {n3 n2 {"message":60,"msg_id":22,"type":"broadcast"}}
2024/12/26 17:33:54 Received {c12 n2 {"type":"broadcast","message":61,"msg_id":22}}
2024/12/26 17:33:54 Sent {"src":"n2","dest":"c12","body":{"in_reply_to":22,"type":"broadcast_ok"}}
2024/12/26 17:33:54 Sent {"src":"n2","dest":"n1","body":{"message":61,"msg_id":22,"type":"broadcast"}}
2024/12/26 17:33:54 Sent {"src":"n2","dest":"n0","body":{"message":61,"msg_id":22,"type":"broadcast"}}
2024/12/26 17:33:54 Sent {"src":"n2","dest":"n4","body":{"message":61,"msg_id":22,"type":"broadcast"}}
2024/12/26 17:33:54 Sent {"src":"n2","dest":"n3","body":{"message":61,"msg_id":22,"type":"broadcast"}}
2024/12/26 17:33:54 Sent {"src":"n2","dest":"n2","body":{"message":61,"msg_id":22,"type":"broadcast"}}
2024/12/26 17:33:54 Received {n2 n2 {"message":61,"msg_id":22,"type":"broadcast"}}
2024/12/26 17:33:54 Received {n1 n2 {"in_reply_to":22,"type":"broadcast_ok"}}
2024/12/26 17:33:54 Ignoring reply to 22 with no callback
2024/12/26 17:33:54 Received {n0 n2 {"in_reply_to":22,"type":"broadcast_ok"}}
2024/12/26 17:33:54 Ignoring reply to 22 with no callback
2024/12/26 17:33:54 Received {n3 n2 {"in_reply_to":22,"type":"broadcast_ok"}}
2024/12/26 17:33:54 Ignoring reply to 22 with no callback
2024/12/26 17:33:54 Received {n4 n2 {"in_reply_to":22,"type":"broadcast_ok"}}
2024/12/26 17:33:54 Ignoring reply to 22 with no callback
2024/12/26 17:33:54 Received {n3 n2 {"message":62,"msg_id":22,"type":"broadcast"}}
2024/12/26 17:33:54 Sent {"src":"n2","dest":"n3","body":{"in_reply_to":22,"type":"broadcast_ok"}}
2024/12/26 17:33:54 Sent {"src":"n2","dest":"n4","body":{"message":62,"msg_id":22,"type":"broadcast"}}
2024/12/26 17:33:54 Sent {"src":"n2","dest":"n1","body":{"message":62,"msg_id":22,"type":"broadcast"}}
2024/12/26 17:33:54 Sent {"src":"n2","dest":"n0","body":{"message":62,"msg_id":22,"type":"broadcast"}}
2024/12/26 17:33:54 Sent {"src":"n2","dest":"n2","body":{"message":62,"msg_id":22,"type":"broadcast"}}
2024/12/26 17:33:54 Received {n2 n2 {"message":62,"msg_id":22,"type":"broadcast"}}
2024/12/26 17:33:54 Received {n0 n2 {"message":62,"msg_id":22,"type":"broadcast"}}
2024/12/26 17:33:54 Received {n4 n2 {"message":62,"msg_id":22,"type":"broadcast"}}
2024/12/26 17:33:54 Received {n1 n2 {"message":62,"msg_id":22,"type":"broadcast"}}
2024/12/26 17:33:54 Received {c12 n2 {"type":"broadcast","message":63,"msg_id":23}}
2024/12/26 17:33:54 Sent {"src":"n2","dest":"c12","body":{"in_reply_to":23,"type":"broadcast_ok"}}
2024/12/26 17:33:54 Sent {"src":"n2","dest":"n1","body":{"message":63,"msg_id":23,"type":"broadcast"}}
2024/12/26 17:33:54 Sent {"src":"n2","dest":"n4","body":{"message":63,"msg_id":23,"type":"broadcast"}}
2024/12/26 17:33:54 Sent {"src":"n2","dest":"n2","body":{"message":63,"msg_id":23,"type":"broadcast"}}
2024/12/26 17:33:54 Sent {"src":"n2","dest":"n3","body":{"message":63,"msg_id":23,"type":"broadcast"}}
2024/12/26 17:33:54 Sent {"src":"n2","dest":"n0","body":{"message":63,"msg_id":23,"type":"broadcast"}}
2024/12/26 17:33:54 Received {n2 n2 {"message":63,"msg_id":23,"type":"broadcast"}}
2024/12/26 17:33:54 Received {n1 n2 {"in_reply_to":23,"type":"broadcast_ok"}}
2024/12/26 17:33:54 Ignoring reply to 23 with no callback
2024/12/26 17:33:54 Received {n4 n2 {"in_reply_to":23,"type":"broadcast_ok"}}
2024/12/26 17:33:54 Ignoring reply to 23 with no callback
2024/12/26 17:33:54 Received {n3 n2 {"in_reply_to":23,"type":"broadcast_ok"}}
2024/12/26 17:33:54 Ignoring reply to 23 with no callback
2024/12/26 17:33:54 Received {n0 n2 {"in_reply_to":23,"type":"broadcast_ok"}}
2024/12/26 17:33:54 Ignoring reply to 23 with no callback
2024/12/26 17:33:55 Received {n4 n2 {"message":64,"msg_id":23,"type":"broadcast"}}
2024/12/26 17:33:55 Sent {"src":"n2","dest":"n4","body":{"in_reply_to":23,"type":"broadcast_ok"}}
2024/12/26 17:33:55 Sent {"src":"n2","dest":"n3","body":{"message":64,"msg_id":23,"type":"broadcast"}}
2024/12/26 17:33:55 Sent {"src":"n2","dest":"n0","body":{"message":64,"msg_id":23,"type":"broadcast"}}
2024/12/26 17:33:55 Sent {"src":"n2","dest":"n1","body":{"message":64,"msg_id":23,"type":"broadcast"}}
2024/12/26 17:33:55 Sent {"src":"n2","dest":"n2","body":{"message":64,"msg_id":23,"type":"broadcast"}}
2024/12/26 17:33:55 Received {n0 n2 {"message":64,"msg_id":23,"type":"broadcast"}}
2024/12/26 17:33:55 Received {n2 n2 {"message":64,"msg_id":23,"type":"broadcast"}}
2024/12/26 17:33:55 Received {n1 n2 {"message":64,"msg_id":23,"type":"broadcast"}}
2024/12/26 17:33:55 Received {n3 n2 {"message":64,"msg_id":23,"type":"broadcast"}}
2024/12/26 17:33:55 Received {n1 n2 {"message":65,"msg_id":24,"type":"broadcast"}}
2024/12/26 17:33:55 Sent {"src":"n2","dest":"n2","body":{"message":65,"msg_id":24,"type":"broadcast"}}
2024/12/26 17:33:55 Sent {"src":"n2","dest":"n3","body":{"message":65,"msg_id":24,"type":"broadcast"}}
2024/12/26 17:33:55 Sent {"src":"n2","dest":"n0","body":{"message":65,"msg_id":24,"type":"broadcast"}}
2024/12/26 17:33:55 Sent {"src":"n2","dest":"n1","body":{"in_reply_to":24,"type":"broadcast_ok"}}
2024/12/26 17:33:55 Sent {"src":"n2","dest":"n4","body":{"message":65,"msg_id":24,"type":"broadcast"}}
2024/12/26 17:33:55 Received {n2 n2 {"message":65,"msg_id":24,"type":"broadcast"}}
2024/12/26 17:33:55 Received {n0 n2 {"message":65,"msg_id":24,"type":"broadcast"}}
2024/12/26 17:33:55 Received {n3 n2 {"message":65,"msg_id":24,"type":"broadcast"}}
2024/12/26 17:33:55 Received {n4 n2 {"message":65,"msg_id":24,"type":"broadcast"}}
2024/12/26 17:33:55 Received {c12 n2 {"type":"read","msg_id":24}}
2024/12/26 17:33:55 Sent {"src":"n2","dest":"c12","body":{"in_reply_to":24,"messages":[59,16,20,24,57,22,38,51,18,19,25,63,13,14,37,39,58,29,33,42,28,26,35,41,56,0,2,27,44,46,65,3,36,40,43,49,62,6,55,61,7,9,23,1,5,32,60,48,4,11,15,17,31,47,12,21,30,34,54,64,8,10,45,50,52,53],"type":"read_ok"}}
2024/12/26 17:33:55 Received {n3 n2 {"message":66,"msg_id":24,"type":"broadcast"}}
2024/12/26 17:33:55 Sent {"src":"n2","dest":"n3","body":{"in_reply_to":24,"type":"broadcast_ok"}}
2024/12/26 17:33:55 Sent {"src":"n2","dest":"n4","body":{"message":66,"msg_id":24,"type":"broadcast"}}
2024/12/26 17:33:55 Sent {"src":"n2","dest":"n0","body":{"message":66,"msg_id":24,"type":"broadcast"}}
2024/12/26 17:33:55 Sent {"src":"n2","dest":"n1","body":{"message":66,"msg_id":24,"type":"broadcast"}}
2024/12/26 17:33:55 Sent {"src":"n2","dest":"n2","body":{"message":66,"msg_id":24,"type":"broadcast"}}
2024/12/26 17:33:55 Received {n4 n2 {"message":66,"msg_id":24,"type":"broadcast"}}
2024/12/26 17:33:55 Received {n0 n2 {"message":66,"msg_id":24,"type":"broadcast"}}
2024/12/26 17:33:55 Received {n1 n2 {"message":66,"msg_id":24,"type":"broadcast"}}
2024/12/26 17:33:55 Received {n2 n2 {"message":66,"msg_id":24,"type":"broadcast"}}
2024/12/26 17:33:55 Received {n4 n2 {"message":67,"msg_id":24,"type":"broadcast"}}
2024/12/26 17:33:55 Sent {"src":"n2","dest":"n4","body":{"in_reply_to":24,"type":"broadcast_ok"}}
2024/12/26 17:33:55 Sent {"src":"n2","dest":"n1","body":{"message":67,"msg_id":24,"type":"broadcast"}}
2024/12/26 17:33:55 Sent {"src":"n2","dest":"n3","body":{"message":67,"msg_id":24,"type":"broadcast"}}
2024/12/26 17:33:55 Sent {"src":"n2","dest":"n2","body":{"message":67,"msg_id":24,"type":"broadcast"}}
2024/12/26 17:33:55 Sent {"src":"n2","dest":"n0","body":{"message":67,"msg_id":24,"type":"broadcast"}}
2024/12/26 17:33:55 Received {n0 n2 {"message":67,"msg_id":24,"type":"broadcast"}}
2024/12/26 17:33:55 Received {n2 n2 {"message":67,"msg_id":24,"type":"broadcast"}}
2024/12/26 17:33:55 Received {n3 n2 {"message":67,"msg_id":24,"type":"broadcast"}}
2024/12/26 17:33:55 Received {n1 n2 {"message":67,"msg_id":24,"type":"broadcast"}}
2024/12/26 17:33:55 Received {n0 n2 {"message":68,"msg_id":25,"type":"broadcast"}}
2024/12/26 17:33:55 Received {n1 n2 {"message":68,"msg_id":25,"type":"broadcast"}}
2024/12/26 17:33:55 Sent {"src":"n2","dest":"n0","body":{"in_reply_to":25,"type":"broadcast_ok"}}
2024/12/26 17:33:55 Sent {"src":"n2","dest":"n3","body":{"message":68,"msg_id":25,"type":"broadcast"}}
2024/12/26 17:33:55 Sent {"src":"n2","dest":"n4","body":{"message":68,"msg_id":25,"type":"broadcast"}}
2024/12/26 17:33:55 Sent {"src":"n2","dest":"n1","body":{"message":68,"msg_id":25,"type":"broadcast"}}
2024/12/26 17:33:55 Sent {"src":"n2","dest":"n2","body":{"message":68,"msg_id":25,"type":"broadcast"}}
2024/12/26 17:33:55 Received {n2 n2 {"message":68,"msg_id":25,"type":"broadcast"}}
2024/12/26 17:33:55 Received {n4 n2 {"message":68,"msg_id":25,"type":"broadcast"}}
2024/12/26 17:33:55 Received {n3 n2 {"message":68,"msg_id":25,"type":"broadcast"}}
2024/12/26 17:33:56 Received {c12 n2 {"type":"broadcast","message":69,"msg_id":25}}
2024/12/26 17:33:56 Sent {"src":"n2","dest":"c12","body":{"in_reply_to":25,"type":"broadcast_ok"}}
2024/12/26 17:33:56 Sent {"src":"n2","dest":"n4","body":{"message":69,"msg_id":25,"type":"broadcast"}}
2024/12/26 17:33:56 Sent {"src":"n2","dest":"n1","body":{"message":69,"msg_id":25,"type":"broadcast"}}
2024/12/26 17:33:56 Sent {"src":"n2","dest":"n2","body":{"message":69,"msg_id":25,"type":"broadcast"}}
2024/12/26 17:33:56 Sent {"src":"n2","dest":"n3","body":{"message":69,"msg_id":25,"type":"broadcast"}}
2024/12/26 17:33:56 Sent {"src":"n2","dest":"n0","body":{"message":69,"msg_id":25,"type":"broadcast"}}
2024/12/26 17:33:56 Received {n2 n2 {"message":69,"msg_id":25,"type":"broadcast"}}
2024/12/26 17:33:56 Received {n4 n2 {"in_reply_to":25,"type":"broadcast_ok"}}
2024/12/26 17:33:56 Ignoring reply to 25 with no callback
2024/12/26 17:33:56 Received {n1 n2 {"in_reply_to":25,"type":"broadcast_ok"}}
2024/12/26 17:33:56 Ignoring reply to 25 with no callback
2024/12/26 17:33:56 Received {n0 n2 {"in_reply_to":25,"type":"broadcast_ok"}}
2024/12/26 17:33:56 Ignoring reply to 25 with no callback
2024/12/26 17:33:56 Received {n3 n2 {"in_reply_to":25,"type":"broadcast_ok"}}
2024/12/26 17:33:56 Ignoring reply to 25 with no callback
2024/12/26 17:33:56 Received {c12 n2 {"type":"broadcast","message":70,"msg_id":26}}
2024/12/26 17:33:56 Sent {"src":"n2","dest":"c12","body":{"in_reply_to":26,"type":"broadcast_ok"}}
2024/12/26 17:33:56 Sent {"src":"n2","dest":"n4","body":{"message":70,"msg_id":26,"type":"broadcast"}}
2024/12/26 17:33:56 Sent {"src":"n2","dest":"n1","body":{"message":70,"msg_id":26,"type":"broadcast"}}
2024/12/26 17:33:56 Sent {"src":"n2","dest":"n0","body":{"message":70,"msg_id":26,"type":"broadcast"}}
2024/12/26 17:33:56 Sent {"src":"n2","dest":"n2","body":{"message":70,"msg_id":26,"type":"broadcast"}}
2024/12/26 17:33:56 Sent {"src":"n2","dest":"n3","body":{"message":70,"msg_id":26,"type":"broadcast"}}
2024/12/26 17:33:56 Received {n2 n2 {"message":70,"msg_id":26,"type":"broadcast"}}
2024/12/26 17:33:56 Received {n1 n2 {"in_reply_to":26,"type":"broadcast_ok"}}
2024/12/26 17:33:56 Ignoring reply to 26 with no callback
2024/12/26 17:33:56 Received {n4 n2 {"in_reply_to":26,"type":"broadcast_ok"}}
2024/12/26 17:33:56 Ignoring reply to 26 with no callback
2024/12/26 17:33:56 Received {n0 n2 {"in_reply_to":26,"type":"broadcast_ok"}}
2024/12/26 17:33:56 Ignoring reply to 26 with no callback
2024/12/26 17:33:56 Received {n3 n2 {"in_reply_to":26,"type":"broadcast_ok"}}
2024/12/26 17:33:56 Ignoring reply to 26 with no callback
2024/12/26 17:33:56 Received {n3 n2 {"message":71,"msg_id":26,"type":"broadcast"}}
2024/12/26 17:33:56 Sent {"src":"n2","dest":"n3","body":{"in_reply_to":26,"type":"broadcast_ok"}}
2024/12/26 17:33:56 Sent {"src":"n2","dest":"n4","body":{"message":71,"msg_id":26,"type":"broadcast"}}
2024/12/26 17:33:56 Sent {"src":"n2","dest":"n0","body":{"message":71,"msg_id":26,"type":"broadcast"}}
2024/12/26 17:33:56 Sent {"src":"n2","dest":"n1","body":{"message":71,"msg_id":26,"type":"broadcast"}}
2024/12/26 17:33:56 Sent {"src":"n2","dest":"n2","body":{"message":71,"msg_id":26,"type":"broadcast"}}
2024/12/26 17:33:56 Received {n1 n2 {"message":71,"msg_id":26,"type":"broadcast"}}
2024/12/26 17:33:56 Received {n4 n2 {"message":71,"msg_id":26,"type":"broadcast"}}
2024/12/26 17:33:56 Received {n0 n2 {"message":71,"msg_id":26,"type":"broadcast"}}
2024/12/26 17:33:56 Received {n2 n2 {"message":71,"msg_id":26,"type":"broadcast"}}
2024/12/26 17:33:56 Received {n4 n2 {"message":72,"msg_id":26,"type":"broadcast"}}
2024/12/26 17:33:56 Sent {"src":"n2","dest":"n4","body":{"in_reply_to":26,"type":"broadcast_ok"}}
2024/12/26 17:33:56 Sent {"src":"n2","dest":"n1","body":{"message":72,"msg_id":26,"type":"broadcast"}}
2024/12/26 17:33:56 Sent {"src":"n2","dest":"n0","body":{"message":72,"msg_id":26,"type":"broadcast"}}
2024/12/26 17:33:56 Sent {"src":"n2","dest":"n2","body":{"message":72,"msg_id":26,"type":"broadcast"}}
2024/12/26 17:33:56 Sent {"src":"n2","dest":"n3","body":{"message":72,"msg_id":26,"type":"broadcast"}}
2024/12/26 17:33:56 Received {n1 n2 {"message":72,"msg_id":26,"type":"broadcast"}}
2024/12/26 17:33:56 Received {n3 n2 {"message":72,"msg_id":26,"type":"broadcast"}}
2024/12/26 17:33:56 Received {n0 n2 {"message":72,"msg_id":26,"type":"broadcast"}}
2024/12/26 17:33:56 Received {n2 n2 {"message":72,"msg_id":26,"type":"broadcast"}}
2024/12/26 17:33:57 Received {n1 n2 {"message":73,"msg_id":27,"type":"broadcast"}}
2024/12/26 17:33:57 Sent {"src":"n2","dest":"n1","body":{"in_reply_to":27,"type":"broadcast_ok"}}
2024/12/26 17:33:57 Sent {"src":"n2","dest":"n2","body":{"message":73,"msg_id":27,"type":"broadcast"}}
2024/12/26 17:33:57 Sent {"src":"n2","dest":"n3","body":{"message":73,"msg_id":27,"type":"broadcast"}}
2024/12/26 17:33:57 Sent {"src":"n2","dest":"n4","body":{"message":73,"msg_id":27,"type":"broadcast"}}
2024/12/26 17:33:57 Sent {"src":"n2","dest":"n0","body":{"message":73,"msg_id":27,"type":"broadcast"}}
2024/12/26 17:33:57 Received {n2 n2 {"message":73,"msg_id":27,"type":"broadcast"}}
2024/12/26 17:33:57 Received {n0 n2 {"message":73,"msg_id":27,"type":"broadcast"}}
2024/12/26 17:33:57 Received {n3 n2 {"message":73,"msg_id":27,"type":"broadcast"}}
2024/12/26 17:33:57 Received {n4 n2 {"message":73,"msg_id":27,"type":"broadcast"}}
2024/12/26 17:33:57 Received {c12 n2 {"type":"read","msg_id":27}}
2024/12/26 17:33:57 Sent {"src":"n2","dest":"c12","body":{"in_reply_to":27,"messages":[52,53,64,8,10,45,50,59,70,16,20,24,57,22,38,51,67,18,19,25,63,58,66,13,14,37,39,29,33,42,73,28,68,71,26,35,41,56,46,0,2,27,44,49,62,65,72,3,36,40,43,6,55,61,7,9,23,69,1,5,32,60,31,47,48,4,11,15,17,54,12,21,30,34],"type":"read_ok"}}
2024/12/26 17:33:57 Received {n0 n2 {"message":74,"msg_id":54,"type":"broadcast"}}
2024/12/26 17:33:57 Sent {"src":"n2","dest":"n0","body":{"in_reply_to":54,"type":"broadcast_ok"}}
2024/12/26 17:33:57 Sent {"src":"n2","dest":"n4","body":{"message":74,"msg_id":54,"type":"broadcast"}}
2024/12/26 17:33:57 Sent {"src":"n2","dest":"n1","body":{"message":74,"msg_id":54,"type":"broadcast"}}
2024/12/26 17:33:57 Sent {"src":"n2","dest":"n2","body":{"message":74,"msg_id":54,"type":"broadcast"}}
2024/12/26 17:33:57 Sent {"src":"n2","dest":"n3","body":{"message":74,"msg_id":54,"type":"broadcast"}}
2024/12/26 17:33:57 Received {n4 n2 {"message":74,"msg_id":54,"type":"broadcast"}}
2024/12/26 17:33:57 Received {n2 n2 {"message":74,"msg_id":54,"type":"broadcast"}}
2024/12/26 17:33:57 Received {n3 n2 {"message":74,"msg_id":54,"type":"broadcast"}}
2024/12/26 17:33:57 Received {n1 n2 {"message":74,"msg_id":54,"type":"broadcast"}}
2024/12/26 17:33:57 Received {c12 n2 {"type":"broadcast","message":75,"msg_id":28}}
2024/12/26 17:33:57 Sent {"src":"n2","dest":"c12","body":{"in_reply_to":28,"type":"broadcast_ok"}}
2024/12/26 17:33:57 Sent {"src":"n2","dest":"n4","body":{"message":75,"msg_id":28,"type":"broadcast"}}
2024/12/26 17:33:57 Sent {"src":"n2","dest":"n3","body":{"message":75,"msg_id":28,"type":"broadcast"}}
2024/12/26 17:33:57 Sent {"src":"n2","dest":"n1","body":{"message":75,"msg_id":28,"type":"broadcast"}}
2024/12/26 17:33:57 Sent {"src":"n2","dest":"n2","body":{"message":75,"msg_id":28,"type":"broadcast"}}
2024/12/26 17:33:57 Sent {"src":"n2","dest":"n0","body":{"message":75,"msg_id":28,"type":"broadcast"}}
2024/12/26 17:33:57 Received {n2 n2 {"message":75,"msg_id":28,"type":"broadcast"}}
2024/12/26 17:33:57 Received {n1 n2 {"in_reply_to":28,"type":"broadcast_ok"}}
2024/12/26 17:33:57 Ignoring reply to 28 with no callback
2024/12/26 17:33:57 Received {n3 n2 {"in_reply_to":28,"type":"broadcast_ok"}}
2024/12/26 17:33:57 Ignoring reply to 28 with no callback
2024/12/26 17:33:57 Received {n4 n2 {"in_reply_to":28,"type":"broadcast_ok"}}
2024/12/26 17:33:57 Ignoring reply to 28 with no callback
2024/12/26 17:33:57 Received {n0 n2 {"in_reply_to":28,"type":"broadcast_ok"}}
2024/12/26 17:33:57 Ignoring reply to 28 with no callback
2024/12/26 17:33:58 Received {n4 n2 {"message":76,"msg_id":28,"type":"broadcast"}}
2024/12/26 17:33:58 Sent {"src":"n2","dest":"n4","body":{"in_reply_to":28,"type":"broadcast_ok"}}
2024/12/26 17:33:58 Sent {"src":"n2","dest":"n3","body":{"message":76,"msg_id":28,"type":"broadcast"}}
2024/12/26 17:33:58 Sent {"src":"n2","dest":"n2","body":{"message":76,"msg_id":28,"type":"broadcast"}}
2024/12/26 17:33:58 Sent {"src":"n2","dest":"n0","body":{"message":76,"msg_id":28,"type":"broadcast"}}
2024/12/26 17:33:58 Sent {"src":"n2","dest":"n1","body":{"message":76,"msg_id":28,"type":"broadcast"}}
2024/12/26 17:33:58 Received {n2 n2 {"message":76,"msg_id":28,"type":"broadcast"}}
2024/12/26 17:33:58 Received {n0 n2 {"message":76,"msg_id":28,"type":"broadcast"}}
2024/12/26 17:33:58 Received {n3 n2 {"message":76,"msg_id":28,"type":"broadcast"}}
2024/12/26 17:33:58 Received {n1 n2 {"message":76,"msg_id":28,"type":"broadcast"}}
2024/12/26 17:33:58 Received {n0 n2 {"message":77,"msg_id":56,"type":"broadcast"}}
2024/12/26 17:33:58 Sent {"src":"n2","dest":"n2","body":{"message":77,"msg_id":56,"type":"broadcast"}}
2024/12/26 17:33:58 Sent {"src":"n2","dest":"n0","body":{"in_reply_to":56,"type":"broadcast_ok"}}
2024/12/26 17:33:58 Sent {"src":"n2","dest":"n4","body":{"message":77,"msg_id":56,"type":"broadcast"}}
2024/12/26 17:33:58 Sent {"src":"n2","dest":"n1","body":{"message":77,"msg_id":56,"type":"broadcast"}}
2024/12/26 17:33:58 Sent {"src":"n2","dest":"n3","body":{"message":77,"msg_id":56,"type":"broadcast"}}
2024/12/26 17:33:58 Received {n2 n2 {"message":77,"msg_id":56,"type":"broadcast"}}
2024/12/26 17:33:58 Received {n3 n2 {"message":77,"msg_id":56,"type":"broadcast"}}
2024/12/26 17:33:58 Received {n4 n2 {"message":77,"msg_id":56,"type":"broadcast"}}
2024/12/26 17:33:58 Received {n1 n2 {"message":77,"msg_id":56,"type":"broadcast"}}
2024/12/26 17:33:58 Received {n0 n2 {"message":78,"msg_id":57,"type":"broadcast"}}
2024/12/26 17:33:58 Sent {"src":"n2","dest":"n0","body":{"in_reply_to":57,"type":"broadcast_ok"}}
2024/12/26 17:33:58 Sent {"src":"n2","dest":"n4","body":{"message":78,"msg_id":57,"type":"broadcast"}}
2024/12/26 17:33:58 Sent {"src":"n2","dest":"n1","body":{"message":78,"msg_id":57,"type":"broadcast"}}
2024/12/26 17:33:58 Sent {"src":"n2","dest":"n2","body":{"message":78,"msg_id":57,"type":"broadcast"}}
2024/12/26 17:33:58 Sent {"src":"n2","dest":"n3","body":{"message":78,"msg_id":57,"type":"broadcast"}}
2024/12/26 17:33:58 Received {n4 n2 {"message":78,"msg_id":57,"type":"broadcast"}}
2024/12/26 17:33:58 Received {n1 n2 {"message":78,"msg_id":57,"type":"broadcast"}}
2024/12/26 17:33:58 Received {n2 n2 {"message":78,"msg_id":57,"type":"broadcast"}}
2024/12/26 17:33:58 Received {n3 n2 {"message":78,"msg_id":57,"type":"broadcast"}}
2024/12/26 17:33:58 Received {c12 n2 {"type":"broadcast","message":79,"msg_id":29}}
2024/12/26 17:33:58 Sent {"src":"n2","dest":"c12","body":{"in_reply_to":29,"type":"broadcast_ok"}}
2024/12/26 17:33:58 Sent {"src":"n2","dest":"n1","body":{"message":79,"msg_id":29,"type":"broadcast"}}
2024/12/26 17:33:58 Sent {"src":"n2","dest":"n2","body":{"message":79,"msg_id":29,"type":"broadcast"}}
2024/12/26 17:33:58 Sent {"src":"n2","dest":"n0","body":{"message":79,"msg_id":29,"type":"broadcast"}}
2024/12/26 17:33:58 Sent {"src":"n2","dest":"n3","body":{"message":79,"msg_id":29,"type":"broadcast"}}
2024/12/26 17:33:58 Sent {"src":"n2","dest":"n4","body":{"message":79,"msg_id":29,"type":"broadcast"}}
2024/12/26 17:33:58 Received {n2 n2 {"message":79,"msg_id":29,"type":"broadcast"}}
2024/12/26 17:33:58 Received {n1 n2 {"in_reply_to":29,"type":"broadcast_ok"}}
2024/12/26 17:33:58 Ignoring reply to 29 with no callback
2024/12/26 17:33:58 Received {n4 n2 {"in_reply_to":29,"type":"broadcast_ok"}}
2024/12/26 17:33:58 Ignoring reply to 29 with no callback
2024/12/26 17:33:58 Received {n3 n2 {"in_reply_to":29,"type":"broadcast_ok"}}
2024/12/26 17:33:58 Ignoring reply to 29 with no callback
2024/12/26 17:33:58 Received {n0 n2 {"in_reply_to":29,"type":"broadcast_ok"}}
2024/12/26 17:33:58 Ignoring reply to 29 with no callback
2024/12/26 17:33:58 Received {n0 n2 {"message":80,"msg_id":59,"type":"broadcast"}}
2024/12/26 17:33:58 Sent {"src":"n2","dest":"n0","body":{"in_reply_to":59,"type":"broadcast_ok"}}
2024/12/26 17:33:58 Sent {"src":"n2","dest":"n4","body":{"message":80,"msg_id":59,"type":"broadcast"}}
2024/12/26 17:33:58 Sent {"src":"n2","dest":"n3","body":{"message":80,"msg_id":59,"type":"broadcast"}}
2024/12/26 17:33:58 Sent {"src":"n2","dest":"n2","body":{"message":80,"msg_id":59,"type":"broadcast"}}
2024/12/26 17:33:58 Sent {"src":"n2","dest":"n1","body":{"message":80,"msg_id":59,"type":"broadcast"}}
2024/12/26 17:33:58 Received {n1 n2 {"message":80,"msg_id":59,"type":"broadcast"}}
2024/12/26 17:33:58 Received {n4 n2 {"message":80,"msg_id":59,"type":"broadcast"}}
2024/12/26 17:33:58 Received {n3 n2 {"message":80,"msg_id":59,"type":"broadcast"}}
2024/12/26 17:33:58 Received {n2 n2 {"message":80,"msg_id":59,"type":"broadcast"}}
2024/12/26 17:33:59 Received {c12 n2 {"type":"read","msg_id":30}}
2024/12/26 17:33:59 Sent {"src":"n2","dest":"c12","body":{"in_reply_to":30,"messages":[28,26,35,41,56,68,71,0,2,27,44,46,72,3,36,40,43,49,62,65,6,55,61,74,7,9,23,76,1,5,32,60,69,77,4,11,15,17,31,47,48,12,21,30,34,54,79,8,10,45,50,52,53,64,59,16,20,24,57,70,80,22,38,51,78,18,19,25,63,67,75,13,14,37,39,58,66,29,33,42,73],"type":"read_ok"}}
2024/12/26 17:33:59 Received {n3 n2 {"message":81,"msg_id":30,"type":"broadcast"}}
2024/12/26 17:33:59 Sent {"src":"n2","dest":"n3","body":{"in_reply_to":30,"type":"broadcast_ok"}}
2024/12/26 17:33:59 Sent {"src":"n2","dest":"n0","body":{"message":81,"msg_id":30,"type":"broadcast"}}
2024/12/26 17:33:59 Sent {"src":"n2","dest":"n4","body":{"message":81,"msg_id":30,"type":"broadcast"}}
2024/12/26 17:33:59 Sent {"src":"n2","dest":"n1","body":{"message":81,"msg_id":30,"type":"broadcast"}}
2024/12/26 17:33:59 Sent {"src":"n2","dest":"n2","body":{"message":81,"msg_id":30,"type":"broadcast"}}
2024/12/26 17:33:59 Received {n1 n2 {"message":81,"msg_id":30,"type":"broadcast"}}
2024/12/26 17:33:59 Received {n4 n2 {"message":81,"msg_id":30,"type":"broadcast"}}
2024/12/26 17:33:59 Received {n0 n2 {"message":81,"msg_id":30,"type":"broadcast"}}
2024/12/26 17:33:59 Received {n2 n2 {"message":81,"msg_id":30,"type":"broadcast"}}
2024/12/26 17:33:59 Received {n4 n2 {"message":82,"msg_id":30,"type":"broadcast"}}
2024/12/26 17:33:59 Sent {"src":"n2","dest":"n4","body":{"in_reply_to":30,"type":"broadcast_ok"}}
2024/12/26 17:33:59 Sent {"src":"n2","dest":"n3","body":{"message":82,"msg_id":30,"type":"broadcast"}}
2024/12/26 17:33:59 Sent {"src":"n2","dest":"n0","body":{"message":82,"msg_id":30,"type":"broadcast"}}
2024/12/26 17:33:59 Sent {"src":"n2","dest":"n1","body":{"message":82,"msg_id":30,"type":"broadcast"}}
2024/12/26 17:33:59 Sent {"src":"n2","dest":"n2","body":{"message":82,"msg_id":30,"type":"broadcast"}}
2024/12/26 17:33:59 Received {n0 n2 {"message":82,"msg_id":30,"type":"broadcast"}}
2024/12/26 17:33:59 Received {n2 n2 {"message":82,"msg_id":30,"type":"broadcast"}}
2024/12/26 17:33:59 Received {n1 n2 {"message":82,"msg_id":30,"type":"broadcast"}}
2024/12/26 17:33:59 Received {n3 n2 {"message":82,"msg_id":30,"type":"broadcast"}}
2024/12/26 17:33:59 Received {n0 n2 {"message":83,"msg_id":60,"type":"broadcast"}}
2024/12/26 17:33:59 Sent {"src":"n2","dest":"n2","body":{"message":83,"msg_id":60,"type":"broadcast"}}
2024/12/26 17:33:59 Sent {"src":"n2","dest":"n0","body":{"in_reply_to":60,"type":"broadcast_ok"}}
2024/12/26 17:33:59 Sent {"src":"n2","dest":"n4","body":{"message":83,"msg_id":60,"type":"broadcast"}}
2024/12/26 17:33:59 Sent {"src":"n2","dest":"n3","body":{"message":83,"msg_id":60,"type":"broadcast"}}
2024/12/26 17:33:59 Sent {"src":"n2","dest":"n1","body":{"message":83,"msg_id":60,"type":"broadcast"}}
2024/12/26 17:33:59 Received {n4 n2 {"message":83,"msg_id":60,"type":"broadcast"}}
2024/12/26 17:33:59 Received {n1 n2 {"message":83,"msg_id":60,"type":"broadcast"}}
2024/12/26 17:33:59 Received {n2 n2 {"message":83,"msg_id":60,"type":"broadcast"}}
2024/12/26 17:33:59 Received {n3 n2 {"message":83,"msg_id":60,"type":"broadcast"}}
2024/12/26 17:33:59 Received {n0 n2 {"message":84,"msg_id":61,"type":"broadcast"}}
2024/12/26 17:33:59 Sent {"src":"n2","dest":"n1","body":{"message":84,"msg_id":61,"type":"broadcast"}}
2024/12/26 17:33:59 Sent {"src":"n2","dest":"n2","body":{"message":84,"msg_id":61,"type":"broadcast"}}
2024/12/26 17:33:59 Sent {"src":"n2","dest":"n3","body":{"message":84,"msg_id":61,"type":"broadcast"}}
2024/12/26 17:33:59 Sent {"src":"n2","dest":"n4","body":{"message":84,"msg_id":61,"type":"broadcast"}}
2024/12/26 17:33:59 Received {n2 n2 {"message":84,"msg_id":61,"type":"broadcast"}}
2024/12/26 17:33:59 Received {n4 n2 {"message":84,"msg_id":61,"type":"broadcast"}}
2024/12/26 17:33:59 Received {n1 n2 {"message":84,"msg_id":61,"type":"broadcast"}}
2024/12/26 17:33:59 Received {n3 n2 {"message":84,"msg_id":61,"type":"broadcast"}}
2024/12/26 17:33:59 Sent {"src":"n2","dest":"n0","body":{"in_reply_to":61,"type":"broadcast_ok"}}
2024/12/26 17:33:59 Received {c12 n2 {"type":"read","msg_id":31}}
2024/12/26 17:33:59 Sent {"src":"n2","dest":"c12","body":{"in_reply_to":31,"messages":[10,45,50,52,53,64,79,8,82,59,20,24,57,70,80,16,38,51,78,22,19,25,63,67,75,18,14,37,39,58,66,13,33,42,73,29,84,28,35,41,56,68,71,26,2,27,44,46,0,36,40,43,49,62,65,72,3,81,55,61,74,6,9,23,76,7,5,32,60,69,1,11,15,17,31,47,48,77,4,83,21,30,34,54,12],"type":"read_ok"}}
2024/12/26 17:34:00 Received {n1 n2 {"message":85,"msg_id":32,"type":"broadcast"}}
2024/12/26 17:34:00 Sent {"src":"n2","dest":"n4","body":{"message":85,"msg_id":32,"type":"broadcast"}}
2024/12/26 17:34:00 Sent {"src":"n2","dest":"n0","body":{"message":85,"msg_id":32,"type":"broadcast"}}
2024/12/26 17:34:00 Sent {"src":"n2","dest":"n2","body":{"message":85,"msg_id":32,"type":"broadcast"}}
2024/12/26 17:34:00 Sent {"src":"n2","dest":"n3","body":{"message":85,"msg_id":32,"type":"broadcast"}}
2024/12/26 17:34:00 Sent {"src":"n2","dest":"n1","body":{"in_reply_to":32,"type":"broadcast_ok"}}
2024/12/26 17:34:00 Received {n3 n2 {"message":85,"msg_id":32,"type":"broadcast"}}
2024/12/26 17:34:00 Received {n4 n2 {"message":85,"msg_id":32,"type":"broadcast"}}
2024/12/26 17:34:00 Received {n0 n2 {"message":85,"msg_id":32,"type":"broadcast"}}
2024/12/26 17:34:00 Received {n2 n2 {"message":85,"msg_id":32,"type":"broadcast"}}
2024/12/26 17:34:00 Received {c12 n2 {"type":"read","msg_id":32}}
2024/12/26 17:34:00 Sent {"src":"n2","dest":"c12","body":{"in_reply_to":32,"messages":[48,77,4,11,15,17,31,47,83,12,21,30,34,54,64,79,8,10,45,50,52,53,59,82,16,20,24,57,70,80,22,38,51,78,18,19,25,63,67,75,13,14,37,39,58,66,29,33,42,73,28,84,26,35,41,56,68,71,0,2,27,44,46,65,72,3,36,40,43,49,62,81,6,55,61,74,7,9,23,76,1,5,32,60,69,85],"type":"read_ok"}}
2024/12/26 17:34:00 Received {n3 n2 {"message":86,"msg_id":32,"type":"broadcast"}}
2024/12/26 17:34:00 Sent {"src":"n2","dest":"n3","body":{"in_reply_to":32,"type":"broadcast_ok"}}
2024/12/26 17:34:00 Sent {"src":"n2","dest":"n1","body":{"message":86,"msg_id":32,"type":"broadcast"}}
2024/12/26 17:34:00 Sent {"src":"n2","dest":"n0","body":{"message":86,"msg_id":32,"type":"broadcast"}}
2024/12/26 17:34:00 Sent {"src":"n2","dest":"n2","body":{"message":86,"msg_id":32,"type":"broadcast"}}
2024/12/26 17:34:00 Sent {"src":"n2","dest":"n4","body":{"message":86,"msg_id":32,"type":"broadcast"}}
2024/12/26 17:34:00 Received {n0 n2 {"message":86,"msg_id":32,"type":"broadcast"}}
2024/12/26 17:34:00 Received {n2 n2 {"message":86,"msg_id":32,"type":"broadcast"}}
2024/12/26 17:34:00 Received {n1 n2 {"message":86,"msg_id":32,"type":"broadcast"}}
2024/12/26 17:34:00 Received {n4 n2 {"message":86,"msg_id":32,"type":"broadcast"}}
2024/12/26 17:34:00 Received {n0 n2 {"message":87,"msg_id":64,"type":"broadcast"}}
2024/12/26 17:34:00 Sent {"src":"n2","dest":"n0","body":{"in_reply_to":64,"type":"broadcast_ok"}}
2024/12/26 17:34:00 Sent {"src":"n2","dest":"n4","body":{"message":87,"msg_id":64,"type":"broadcast"}}
2024/12/26 17:34:00 Sent {"src":"n2","dest":"n2","body":{"message":87,"msg_id":64,"type":"broadcast"}}
2024/12/26 17:34:00 Sent {"src":"n2","dest":"n1","body":{"message":87,"msg_id":64,"type":"broadcast"}}
2024/12/26 17:34:00 Sent {"src":"n2","dest":"n3","body":{"message":87,"msg_id":64,"type":"broadcast"}}
2024/12/26 17:34:00 Received {n4 n2 {"message":87,"msg_id":64,"type":"broadcast"}}
2024/12/26 17:34:00 Received {n1 n2 {"message":87,"msg_id":64,"type":"broadcast"}}
2024/12/26 17:34:00 Received {n3 n2 {"message":87,"msg_id":64,"type":"broadcast"}}
2024/12/26 17:34:00 Received {n2 n2 {"message":87,"msg_id":64,"type":"broadcast"}}
2024/12/26 17:34:00 Received {n0 n2 {"message":88,"msg_id":65,"type":"broadcast"}}
2024/12/26 17:34:00 Sent {"src":"n2","dest":"n0","body":{"in_reply_to":65,"type":"broadcast_ok"}}
2024/12/26 17:34:00 Sent {"src":"n2","dest":"n1","body":{"message":88,"msg_id":65,"type":"broadcast"}}
2024/12/26 17:34:00 Sent {"src":"n2","dest":"n2","body":{"message":88,"msg_id":65,"type":"broadcast"}}
2024/12/26 17:34:00 Sent {"src":"n2","dest":"n3","body":{"message":88,"msg_id":65,"type":"broadcast"}}
2024/12/26 17:34:00 Sent {"src":"n2","dest":"n4","body":{"message":88,"msg_id":65,"type":"broadcast"}}
2024/12/26 17:34:00 Received {n1 n2 {"message":88,"msg_id":65,"type":"broadcast"}}
2024/12/26 17:34:00 Received {n4 n2 {"message":88,"msg_id":65,"type":"broadcast"}}
2024/12/26 17:34:00 Received {n2 n2 {"message":88,"msg_id":65,"type":"broadcast"}}
2024/12/26 17:34:00 Received {n3 n2 {"message":88,"msg_id":65,"type":"broadcast"}}
2024/12/26 17:34:00 Received {c12 n2 {"type":"read","msg_id":33}}
2024/12/26 17:34:00 Sent {"src":"n2","dest":"c12","body":{"in_reply_to":33,"messages":[11,15,17,31,47,48,77,4,83,21,30,34,54,12,10,45,50,52,53,64,79,8,82,87,59,20,24,57,70,80,16,38,51,78,22,19,25,63,67,75,18,14,37,39,58,66,13,33,42,73,29,84,28,35,41,56,68,71,26,2,27,44,46,86,0,36,40,43,49,62,65,72,3,81,55,61,74,88,6,9,23,76,7,5,32,60,69,85,1],"type":"read_ok"}}
2024/12/26 17:34:00 Received {n3 n2 {"message":89,"msg_id":33,"type":"broadcast"}}
2024/12/26 17:34:00 Sent {"src":"n2","dest":"n3","body":{"in_reply_to":33,"type":"broadcast_ok"}}
2024/12/26 17:34:00 Sent {"src":"n2","dest":"n2","body":{"message":89,"msg_id":33,"type":"broadcast"}}
2024/12/26 17:34:00 Sent {"src":"n2","dest":"n1","body":{"message":89,"msg_id":33,"type":"broadcast"}}
2024/12/26 17:34:00 Sent {"src":"n2","dest":"n0","body":{"message":89,"msg_id":33,"type":"broadcast"}}
2024/12/26 17:34:00 Sent {"src":"n2","dest":"n4","body":{"message":89,"msg_id":33,"type":"broadcast"}}
2024/12/26 17:34:00 Received {n1 n2 {"message":89,"msg_id":33,"type":"broadcast"}}
2024/12/26 17:34:00 Received {n4 n2 {"message":89,"msg_id":33,"type":"broadcast"}}
2024/12/26 17:34:00 Received {n0 n2 {"message":89,"msg_id":33,"type":"broadcast"}}
2024/12/26 17:34:00 Received {n2 n2 {"message":89,"msg_id":33,"type":"broadcast"}}
2024/12/26 17:34:01 Received {n0 n2 {"message":90,"msg_id":66,"type":"broadcast"}}
2024/12/26 17:34:01 Sent {"src":"n2","dest":"n0","body":{"in_reply_to":66,"type":"broadcast_ok"}}
2024/12/26 17:34:01 Sent {"src":"n2","dest":"n2","body":{"message":90,"msg_id":66,"type":"broadcast"}}
2024/12/26 17:34:01 Sent {"src":"n2","dest":"n3","body":{"message":90,"msg_id":66,"type":"broadcast"}}
2024/12/26 17:34:01 Sent {"src":"n2","dest":"n4","body":{"message":90,"msg_id":66,"type":"broadcast"}}
2024/12/26 17:34:01 Sent {"src":"n2","dest":"n1","body":{"message":90,"msg_id":66,"type":"broadcast"}}
2024/12/26 17:34:01 Received {n4 n2 {"message":90,"msg_id":66,"type":"broadcast"}}
2024/12/26 17:34:01 Received {n2 n2 {"message":90,"msg_id":66,"type":"broadcast"}}
2024/12/26 17:34:01 Received {n3 n2 {"message":90,"msg_id":66,"type":"broadcast"}}
2024/12/26 17:34:01 Received {n1 n2 {"message":90,"msg_id":66,"type":"broadcast"}}
2024/12/26 17:34:01 Received {n0 n2 {"message":91,"msg_id":67,"type":"broadcast"}}
2024/12/26 17:34:01 Sent {"src":"n2","dest":"n0","body":{"in_reply_to":67,"type":"broadcast_ok"}}
2024/12/26 17:34:01 Sent {"src":"n2","dest":"n1","body":{"message":91,"msg_id":67,"type":"broadcast"}}
2024/12/26 17:34:01 Sent {"src":"n2","dest":"n2","body":{"message":91,"msg_id":67,"type":"broadcast"}}
2024/12/26 17:34:01 Sent {"src":"n2","dest":"n3","body":{"message":91,"msg_id":67,"type":"broadcast"}}
2024/12/26 17:34:01 Sent {"src":"n2","dest":"n4","body":{"message":91,"msg_id":67,"type":"broadcast"}}
2024/12/26 17:34:01 Received {n2 n2 {"message":91,"msg_id":67,"type":"broadcast"}}
2024/12/26 17:34:01 Received {n3 n2 {"message":91,"msg_id":67,"type":"broadcast"}}
2024/12/26 17:34:01 Received {n4 n2 {"message":91,"msg_id":67,"type":"broadcast"}}
2024/12/26 17:34:01 Received {n1 n2 {"message":91,"msg_id":67,"type":"broadcast"}}
2024/12/26 17:34:01 Received {n1 n2 {"message":92,"msg_id":34,"type":"broadcast"}}
2024/12/26 17:34:01 Sent {"src":"n2","dest":"n1","body":{"in_reply_to":34,"type":"broadcast_ok"}}
2024/12/26 17:34:01 Sent {"src":"n2","dest":"n4","body":{"message":92,"msg_id":34,"type":"broadcast"}}
2024/12/26 17:34:01 Sent {"src":"n2","dest":"n0","body":{"message":92,"msg_id":34,"type":"broadcast"}}
2024/12/26 17:34:01 Sent {"src":"n2","dest":"n2","body":{"message":92,"msg_id":34,"type":"broadcast"}}
2024/12/26 17:34:01 Sent {"src":"n2","dest":"n3","body":{"message":92,"msg_id":34,"type":"broadcast"}}
2024/12/26 17:34:01 Received {n0 n2 {"message":92,"msg_id":34,"type":"broadcast"}}
2024/12/26 17:34:01 Received {n3 n2 {"message":92,"msg_id":34,"type":"broadcast"}}
2024/12/26 17:34:01 Received {n4 n2 {"message":92,"msg_id":34,"type":"broadcast"}}
2024/12/26 17:34:01 Received {n2 n2 {"message":92,"msg_id":34,"type":"broadcast"}}
2024/12/26 17:34:01 Received {c12 n2 {"type":"broadcast","message":93,"msg_id":34}}
2024/12/26 17:34:01 Sent {"src":"n2","dest":"c12","body":{"in_reply_to":34,"type":"broadcast_ok"}}
2024/12/26 17:34:01 Sent {"src":"n2","dest":"n1","body":{"message":93,"msg_id":34,"type":"broadcast"}}
2024/12/26 17:34:01 Sent {"src":"n2","dest":"n0","body":{"message":93,"msg_id":34,"type":"broadcast"}}
2024/12/26 17:34:01 Sent {"src":"n2","dest":"n2","body":{"message":93,"msg_id":34,"type":"broadcast"}}
2024/12/26 17:34:01 Sent {"src":"n2","dest":"n3","body":{"message":93,"msg_id":34,"type":"broadcast"}}
2024/12/26 17:34:01 Sent {"src":"n2","dest":"n4","body":{"message":93,"msg_id":34,"type":"broadcast"}}
2024/12/26 17:34:01 Received {n2 n2 {"message":93,"msg_id":34,"type":"broadcast"}}
2024/12/26 17:34:01 Received {n0 n2 {"in_reply_to":34,"type":"broadcast_ok"}}
2024/12/26 17:34:01 Ignoring reply to 34 with no callback
2024/12/26 17:34:01 Received {n3 n2 {"in_reply_to":34,"type":"broadcast_ok"}}
2024/12/26 17:34:01 Ignoring reply to 34 with no callback
2024/12/26 17:34:01 Received {n1 n2 {"in_reply_to":34,"type":"broadcast_ok"}}
2024/12/26 17:34:01 Ignoring reply to 34 with no callback
2024/12/26 17:34:01 Received {n4 n2 {"in_reply_to":34,"type":"broadcast_ok"}}
2024/12/26 17:34:01 Ignoring reply to 34 with no callback
2024/12/26 17:34:11 Received {c12 n2 {"type":"read","msg_id":35}}
2024/12/26 17:34:11 Sent {"src":"n2","dest":"c12","body":{"in_reply_to":35,"messages":[27,44,46,86,0,2,40,43,49,62,65,72,3,36,91,81,89,61,74,88,6,55,23,76,92,7,9,32,60,69,85,93,1,5,15,17,31,47,48,77,4,11,83,30,34,54,12,21,45,50,52,53,64,79,8,10,87,59,82,24,57,70,80,90,16,20,51,78,22,38,25,63,67,75,18,19,37,39,58,66,13,14,42,73,29,33,28,84,41,56,68,71,26,35],"type":"read_ok"}}
