2024/12/26 17:33:41 Received {c0 n3 {"type":"init","node_id":"n3","node_ids":["n0","n1","n2","n3","n4"],"msg_id":1}}
2024/12/26 17:33:41 Node n3 initialized
2024/12/26 17:33:41 Sent {"src":"n3","dest":"c0","body":{"in_reply_to":1,"type":"init_ok"}}
2024/12/26 17:33:41 Received {c8 n3 {"type":"topology","topology":{"n0":["n3","n1"],"n1":["n4","n2","n0"],"n2":["n1"],"n3":["n0","n4"],"n4":["n1","n3"]},"msg_id":1}}
2024/12/26 17:33:41 Sent {"src":"n3","dest":"c8","body":{"in_reply_to":1,"type":"topology_ok"}}
2024/12/26 17:33:41 Received {n0 n3 {"message":0,"msg_id":1,"type":"broadcast"}}
2024/12/26 17:33:41 Sent {"src":"n3","dest":"n0","body":{"in_reply_to":1,"type":"broadcast_ok"}}
2024/12/26 17:33:41 Sent {"src":"n3","dest":"n1","body":{"message":0,"msg_id":1,"type":"broadcast"}}
2024/12/26 17:33:41 Sent {"src":"n3","dest":"n4","body":{"message":0,"msg_id":1,"type":"broadcast"}}
2024/12/26 17:33:41 Sent {"src":"n3","dest":"n3","body":{"message":0,"msg_id":1,"type":"broadcast"}}
2024/12/26 17:33:41 Sent {"src":"n3","dest":"n2","body":{"message":0,"msg_id":1,"type":"broadcast"}}
2024/12/26 17:33:41 Received {n4 n3 {"message":0,"msg_id":1,"type":"broadcast"}}
2024/12/26 17:33:41 Received {n3 n3 {"message":0,"msg_id":1,"type":"broadcast"}}
2024/12/26 17:33:41 Received {n2 n3 {"message":0,"msg_id":1,"type":"broadcast"}}
2024/12/26 17:33:41 Received {n1 n3 {"message":0,"msg_id":1,"type":"broadcast"}}
2024/12/26 17:33:41 Received {n1 n3 {"message":1,"msg_id":1,"type":"broadcast"}}
2024/12/26 17:33:41 Sent {"src":"n3","dest":"n1","body":{"in_reply_to":1,"type":"broadcast_ok"}}
2024/12/26 17:33:41 Sent {"src":"n3","dest":"n4","body":{"message":1,"msg_id":1,"type":"broadcast"}}
2024/12/26 17:33:41 Sent {"src":"n3","dest":"n0","body":{"message":1,"msg_id":1,"type":"broadcast"}}
2024/12/26 17:33:41 Sent {"src":"n3","dest":"n2","body":{"message":1,"msg_id":1,"type":"broadcast"}}
2024/12/26 17:33:41 Sent {"src":"n3","dest":"n3","body":{"message":1,"msg_id":1,"type":"broadcast"}}
2024/12/26 17:33:41 Received {n0 n3 {"message":1,"msg_id":1,"type":"broadcast"}}
2024/12/26 17:33:41 Received {n4 n3 {"message":1,"msg_id":1,"type":"broadcast"}}
2024/12/26 17:33:41 Received {n2 n3 {"message":1,"msg_id":1,"type":"broadcast"}}
2024/12/26 17:33:41 Received {n3 n3 {"message":1,"msg_id":1,"type":"broadcast"}}
2024/12/26 17:33:41 Received {n2 n3 {"message":2,"msg_id":1,"type":"broadcast"}}
2024/12/26 17:33:41 Sent {"src":"n3","dest":"n2","body":{"in_reply_to":1,"type":"broadcast_ok"}}
2024/12/26 17:33:41 Sent {"src":"n3","dest":"n4","body":{"message":2,"msg_id":1,"type":"broadcast"}}
2024/12/26 17:33:41 Sent {"src":"n3","dest":"n0","body":{"message":2,"msg_id":1,"type":"broadcast"}}
2024/12/26 17:33:41 Sent {"src":"n3","dest":"n1","body":{"message":2,"msg_id":1,"type":"broadcast"}}
2024/12/26 17:33:41 Sent {"src":"n3","dest":"n3","body":{"message":2,"msg_id":1,"type":"broadcast"}}
2024/12/26 17:33:41 Received {n1 n3 {"message":2,"msg_id":1,"type":"broadcast"}}
2024/12/26 17:33:41 Received {n0 n3 {"message":2,"msg_id":1,"type":"broadcast"}}
2024/12/26 17:33:41 Received {n4 n3 {"message":2,"msg_id":1,"type":"broadcast"}}
2024/12/26 17:33:41 Received {n3 n3 {"message":2,"msg_id":1,"type":"broadcast"}}
2024/12/26 17:33:41 Received {c13 n3 {"type":"read","msg_id":1}}
2024/12/26 17:33:41 Sent {"src":"n3","dest":"c13","body":{"in_reply_to":1,"messages":[0,1,2],"type":"read_ok"}}
2024/12/26 17:33:42 Received {n1 n3 {"message":3,"msg_id":3,"type":"broadcast"}}
2024/12/26 17:33:42 Sent {"src":"n3","dest":"n1","body":{"in_reply_to":3,"type":"broadcast_ok"}}
2024/12/26 17:33:42 Sent {"src":"n3","dest":"n4","body":{"message":3,"msg_id":3,"type":"broadcast"}}
2024/12/26 17:33:42 Sent {"src":"n3","dest":"n0","body":{"message":3,"msg_id":3,"type":"broadcast"}}
2024/12/26 17:33:42 Sent {"src":"n3","dest":"n2","body":{"message":3,"msg_id":3,"type":"broadcast"}}
2024/12/26 17:33:42 Sent {"src":"n3","dest":"n3","body":{"message":3,"msg_id":3,"type":"broadcast"}}
2024/12/26 17:33:42 Received {n0 n3 {"message":3,"msg_id":3,"type":"broadcast"}}
2024/12/26 17:33:42 Received {n2 n3 {"message":3,"msg_id":3,"type":"broadcast"}}
2024/12/26 17:33:42 Received {n4 n3 {"message":3,"msg_id":3,"type":"broadcast"}}
2024/12/26 17:33:42 Received {n3 n3 {"message":3,"msg_id":3,"type":"broadcast"}}
2024/12/26 17:33:42 Received {n1 n3 {"message":4,"msg_id":2,"type":"broadcast"}}
2024/12/26 17:33:42 Sent {"src":"n3","dest":"n1","body":{"in_reply_to":2,"type":"broadcast_ok"}}
2024/12/26 17:33:42 Sent {"src":"n3","dest":"n4","body":{"message":4,"msg_id":2,"type":"broadcast"}}
2024/12/26 17:33:42 Sent {"src":"n3","dest":"n3","body":{"message":4,"msg_id":2,"type":"broadcast"}}
2024/12/26 17:33:42 Sent {"src":"n3","dest":"n0","body":{"message":4,"msg_id":2,"type":"broadcast"}}
2024/12/26 17:33:42 Sent {"src":"n3","dest":"n2","body":{"message":4,"msg_id":2,"type":"broadcast"}}
2024/12/26 17:33:42 Received {n0 n3 {"message":4,"msg_id":2,"type":"broadcast"}}
2024/12/26 17:33:42 Received {n4 n3 {"message":4,"msg_id":2,"type":"broadcast"}}
2024/12/26 17:33:42 Received {n2 n3 {"message":4,"msg_id":2,"type":"broadcast"}}
2024/12/26 17:33:42 Received {n3 n3 {"message":4,"msg_id":2,"type":"broadcast"}}
2024/12/26 17:33:42 Received {c13 n3 {"type":"read","msg_id":2}}
2024/12/26 17:33:42 Sent {"src":"n3","dest":"c13","body":{"in_reply_to":2,"messages":[0,1,2,3,4],"type":"read_ok"}}
2024/12/26 17:33:42 Received {n2 n3 {"message":5,"msg_id":3,"type":"broadcast"}}
2024/12/26 17:33:42 Sent {"src":"n3","dest":"n2","body":{"in_reply_to":3,"type":"broadcast_ok"}}
2024/12/26 17:33:42 Sent {"src":"n3","dest":"n4","body":{"message":5,"msg_id":3,"type":"broadcast"}}
2024/12/26 17:33:42 Sent {"src":"n3","dest":"n1","body":{"message":5,"msg_id":3,"type":"broadcast"}}
2024/12/26 17:33:42 Sent {"src":"n3","dest":"n0","body":{"message":5,"msg_id":3,"type":"broadcast"}}
2024/12/26 17:33:42 Sent {"src":"n3","dest":"n3","body":{"message":5,"msg_id":3,"type":"broadcast"}}
2024/12/26 17:33:42 Received {n1 n3 {"message":5,"msg_id":3,"type":"broadcast"}}
2024/12/26 17:33:42 Received {n4 n3 {"message":5,"msg_id":3,"type":"broadcast"}}
2024/12/26 17:33:42 Received {n3 n3 {"message":5,"msg_id":3,"type":"broadcast"}}
2024/12/26 17:33:42 Received {n0 n3 {"message":5,"msg_id":3,"type":"broadcast"}}
2024/12/26 17:33:42 Received {c13 n3 {"type":"broadcast","message":6,"msg_id":3}}
2024/12/26 17:33:42 Sent {"src":"n3","dest":"c13","body":{"in_reply_to":3,"type":"broadcast_ok"}}
2024/12/26 17:33:42 Sent {"src":"n3","dest":"n4","body":{"message":6,"msg_id":3,"type":"broadcast"}}
2024/12/26 17:33:42 Sent {"src":"n3","dest":"n2","body":{"message":6,"msg_id":3,"type":"broadcast"}}
2024/12/26 17:33:42 Sent {"src":"n3","dest":"n3","body":{"message":6,"msg_id":3,"type":"broadcast"}}
2024/12/26 17:33:42 Sent {"src":"n3","dest":"n0","body":{"message":6,"msg_id":3,"type":"broadcast"}}
2024/12/26 17:33:42 Sent {"src":"n3","dest":"n1","body":{"message":6,"msg_id":3,"type":"broadcast"}}
2024/12/26 17:33:42 Received {n3 n3 {"message":6,"msg_id":3,"type":"broadcast"}}
2024/12/26 17:33:42 Received {n2 n3 {"in_reply_to":3,"type":"broadcast_ok"}}
2024/12/26 17:33:42 Ignoring reply to 3 with no callback
2024/12/26 17:33:42 Received {n4 n3 {"in_reply_to":3,"type":"broadcast_ok"}}
2024/12/26 17:33:42 Ignoring reply to 3 with no callback
2024/12/26 17:33:42 Received {n1 n3 {"in_reply_to":3,"type":"broadcast_ok"}}
2024/12/26 17:33:42 Ignoring reply to 3 with no callback
2024/12/26 17:33:42 Received {n0 n3 {"in_reply_to":3,"type":"broadcast_ok"}}
2024/12/26 17:33:42 Ignoring reply to 3 with no callback
2024/12/26 17:33:43 Received {c13 n3 {"type":"read","msg_id":4}}
2024/12/26 17:33:43 Sent {"src":"n3","dest":"c13","body":{"in_reply_to":4,"messages":[4,5,6,0,1,2,3],"type":"read_ok"}}
2024/12/26 17:33:43 Received {n4 n3 {"message":7,"msg_id":4,"type":"broadcast"}}
2024/12/26 17:33:43 Sent {"src":"n3","dest":"n4","body":{"in_reply_to":4,"type":"broadcast_ok"}}
2024/12/26 17:33:43 Sent {"src":"n3","dest":"n3","body":{"message":7,"msg_id":4,"type":"broadcast"}}
2024/12/26 17:33:43 Sent {"src":"n3","dest":"n1","body":{"message":7,"msg_id":4,"type":"broadcast"}}
2024/12/26 17:33:43 Sent {"src":"n3","dest":"n2","body":{"message":7,"msg_id":4,"type":"broadcast"}}
2024/12/26 17:33:43 Sent {"src":"n3","dest":"n0","body":{"message":7,"msg_id":4,"type":"broadcast"}}
2024/12/26 17:33:43 Received {n1 n3 {"message":7,"msg_id":4,"type":"broadcast"}}
2024/12/26 17:33:43 Received {n3 n3 {"message":7,"msg_id":4,"type":"broadcast"}}
2024/12/26 17:33:43 Received {n0 n3 {"message":7,"msg_id":4,"type":"broadcast"}}
2024/12/26 17:33:43 Received {n2 n3 {"message":7,"msg_id":4,"type":"broadcast"}}
2024/12/26 17:33:43 Received {n0 n3 {"message":8,"msg_id":8,"type":"broadcast"}}
2024/12/26 17:33:43 Sent {"src":"n3","dest":"n0","body":{"in_reply_to":8,"type":"broadcast_ok"}}
2024/12/26 17:33:43 Sent {"src":"n3","dest":"n4","body":{"message":8,"msg_id":8,"type":"broadcast"}}
2024/12/26 17:33:43 Sent {"src":"n3","dest":"n1","body":{"message":8,"msg_id":8,"type":"broadcast"}}
2024/12/26 17:33:43 Sent {"src":"n3","dest":"n2","body":{"message":8,"msg_id":8,"type":"broadcast"}}
2024/12/26 17:33:43 Sent {"src":"n3","dest":"n3","body":{"message":8,"msg_id":8,"type":"broadcast"}}
2024/12/26 17:33:43 Received {n3 n3 {"message":8,"msg_id":8,"type":"broadcast"}}
2024/12/26 17:33:43 Received {n2 n3 {"message":8,"msg_id":8,"type":"broadcast"}}
2024/12/26 17:33:43 Received {n4 n3 {"message":8,"msg_id":8,"type":"broadcast"}}
2024/12/26 17:33:43 Received {n1 n3 {"message":8,"msg_id":8,"type":"broadcast"}}
2024/12/26 17:33:43 Received {n0 n3 {"message":9,"msg_id":9,"type":"broadcast"}}
2024/12/26 17:33:43 Sent {"src":"n3","dest":"n0","body":{"in_reply_to":9,"type":"broadcast_ok"}}
2024/12/26 17:33:43 Sent {"src":"n3","dest":"n4","body":{"message":9,"msg_id":9,"type":"broadcast"}}
2024/12/26 17:33:43 Sent {"src":"n3","dest":"n1","body":{"message":9,"msg_id":9,"type":"broadcast"}}
2024/12/26 17:33:43 Sent {"src":"n3","dest":"n2","body":{"message":9,"msg_id":9,"type":"broadcast"}}
2024/12/26 17:33:43 Sent {"src":"n3","dest":"n3","body":{"message":9,"msg_id":9,"type":"broadcast"}}
2024/12/26 17:33:43 Received {n2 n3 {"message":9,"msg_id":9,"type":"broadcast"}}
2024/12/26 17:33:43 Received {n4 n3 {"message":9,"msg_id":9,"type":"broadcast"}}
2024/12/26 17:33:43 Received {n1 n3 {"message":9,"msg_id":9,"type":"broadcast"}}
2024/12/26 17:33:43 Received {n3 n3 {"message":9,"msg_id":9,"type":"broadcast"}}
2024/12/26 17:33:43 Received {c13 n3 {"type":"broadcast","message":10,"msg_id":5}}
2024/12/26 17:33:43 Sent {"src":"n3","dest":"c13","body":{"in_reply_to":5,"type":"broadcast_ok"}}
2024/12/26 17:33:43 Sent {"src":"n3","dest":"n2","body":{"message":10,"msg_id":5,"type":"broadcast"}}
2024/12/26 17:33:43 Sent {"src":"n3","dest":"n0","body":{"message":10,"msg_id":5,"type":"broadcast"}}
2024/12/26 17:33:43 Sent {"src":"n3","dest":"n1","body":{"message":10,"msg_id":5,"type":"broadcast"}}
2024/12/26 17:33:43 Sent {"src":"n3","dest":"n3","body":{"message":10,"msg_id":5,"type":"broadcast"}}
2024/12/26 17:33:43 Sent {"src":"n3","dest":"n4","body":{"message":10,"msg_id":5,"type":"broadcast"}}
2024/12/26 17:33:43 Received {n3 n3 {"message":10,"msg_id":5,"type":"broadcast"}}
2024/12/26 17:33:43 Received {n0 n3 {"in_reply_to":5,"type":"broadcast_ok"}}
2024/12/26 17:33:43 Ignoring reply to 5 with no callback
2024/12/26 17:33:43 Received {n1 n3 {"in_reply_to":5,"type":"broadcast_ok"}}
2024/12/26 17:33:43 Ignoring reply to 5 with no callback
2024/12/26 17:33:43 Received {n4 n3 {"in_reply_to":5,"type":"broadcast_ok"}}
2024/12/26 17:33:44 Ignoring reply to 5 with no callback
2024/12/26 17:33:44 Received {n2 n3 {"in_reply_to":5,"type":"broadcast_ok"}}
2024/12/26 17:33:44 Ignoring reply to 5 with no callback
2024/12/26 17:33:44 Received {n0 n3 {"message":11,"msg_id":10,"type":"broadcast"}}
2024/12/26 17:33:44 Sent {"src":"n3","dest":"n0","body":{"in_reply_to":10,"type":"broadcast_ok"}}
2024/12/26 17:33:44 Sent {"src":"n3","dest":"n2","body":{"message":11,"msg_id":10,"type":"broadcast"}}
2024/12/26 17:33:44 Sent {"src":"n3","dest":"n4","body":{"message":11,"msg_id":10,"type":"broadcast"}}
2024/12/26 17:33:44 Sent {"src":"n3","dest":"n1","body":{"message":11,"msg_id":10,"type":"broadcast"}}
2024/12/26 17:33:44 Sent {"src":"n3","dest":"n3","body":{"message":11,"msg_id":10,"type":"broadcast"}}
2024/12/26 17:33:44 Received {n1 n3 {"message":11,"msg_id":10,"type":"broadcast"}}
2024/12/26 17:33:44 Received {n4 n3 {"message":11,"msg_id":10,"type":"broadcast"}}
2024/12/26 17:33:44 Received {n2 n3 {"message":11,"msg_id":10,"type":"broadcast"}}
2024/12/26 17:33:44 Received {n3 n3 {"message":11,"msg_id":10,"type":"broadcast"}}
2024/12/26 17:33:44 Received {n1 n3 {"message":12,"msg_id":6,"type":"broadcast"}}
2024/12/26 17:33:44 Sent {"src":"n3","dest":"n1","body":{"in_reply_to":6,"type":"broadcast_ok"}}
2024/12/26 17:33:44 Sent {"src":"n3","dest":"n0","body":{"message":12,"msg_id":6,"type":"broadcast"}}
2024/12/26 17:33:44 Sent {"src":"n3","dest":"n4","body":{"message":12,"msg_id":6,"type":"broadcast"}}
2024/12/26 17:33:44 Sent {"src":"n3","dest":"n2","body":{"message":12,"msg_id":6,"type":"broadcast"}}
2024/12/26 17:33:44 Sent {"src":"n3","dest":"n3","body":{"message":12,"msg_id":6,"type":"broadcast"}}
2024/12/26 17:33:44 Received {n4 n3 {"message":12,"msg_id":6,"type":"broadcast"}}
2024/12/26 17:33:44 Received {n0 n3 {"message":12,"msg_id":6,"type":"broadcast"}}
2024/12/26 17:33:44 Received {n3 n3 {"message":12,"msg_id":6,"type":"broadcast"}}
2024/12/26 17:33:44 Received {n2 n3 {"message":12,"msg_id":6,"type":"broadcast"}}
2024/12/26 17:33:44 Received {c13 n3 {"type":"read","msg_id":6}}
2024/12/26 17:33:44 Sent {"src":"n3","dest":"c13","body":{"in_reply_to":6,"messages":[10,11,0,5,3,4,6,7,8,9,1,2,12],"type":"read_ok"}}
2024/12/26 17:33:44 Received {n0 n3 {"message":13,"msg_id":12,"type":"broadcast"}}
2024/12/26 17:33:44 Sent {"src":"n3","dest":"n0","body":{"in_reply_to":12,"type":"broadcast_ok"}}
2024/12/26 17:33:44 Sent {"src":"n3","dest":"n4","body":{"message":13,"msg_id":12,"type":"broadcast"}}
2024/12/26 17:33:44 Sent {"src":"n3","dest":"n1","body":{"message":13,"msg_id":12,"type":"broadcast"}}
2024/12/26 17:33:44 Sent {"src":"n3","dest":"n2","body":{"message":13,"msg_id":12,"type":"broadcast"}}
2024/12/26 17:33:44 Sent {"src":"n3","dest":"n3","body":{"message":13,"msg_id":12,"type":"broadcast"}}
2024/12/26 17:33:44 Received {n2 n3 {"message":13,"msg_id":12,"type":"broadcast"}}
2024/12/26 17:33:44 Received {n1 n3 {"message":13,"msg_id":12,"type":"broadcast"}}
2024/12/26 17:33:44 Received {n3 n3 {"message":13,"msg_id":12,"type":"broadcast"}}
2024/12/26 17:33:44 Received {n4 n3 {"message":13,"msg_id":12,"type":"broadcast"}}
2024/12/26 17:33:44 Received {n0 n3 {"message":14,"msg_id":13,"type":"broadcast"}}
2024/12/26 17:33:44 Sent {"src":"n3","dest":"n0","body":{"in_reply_to":13,"type":"broadcast_ok"}}
2024/12/26 17:33:44 Sent {"src":"n3","dest":"n2","body":{"message":14,"msg_id":13,"type":"broadcast"}}
2024/12/26 17:33:44 Sent {"src":"n3","dest":"n4","body":{"message":14,"msg_id":13,"type":"broadcast"}}
2024/12/26 17:33:44 Sent {"src":"n3","dest":"n3","body":{"message":14,"msg_id":13,"type":"broadcast"}}
2024/12/26 17:33:44 Sent {"src":"n3","dest":"n1","body":{"message":14,"msg_id":13,"type":"broadcast"}}
2024/12/26 17:33:44 Received {n1 n3 {"message":14,"msg_id":13,"type":"broadcast"}}
2024/12/26 17:33:44 Received {n3 n3 {"message":14,"msg_id":13,"type":"broadcast"}}
2024/12/26 17:33:44 Received {n2 n3 {"message":14,"msg_id":13,"type":"broadcast"}}
2024/12/26 17:33:44 Received {n4 n3 {"message":14,"msg_id":13,"type":"broadcast"}}
2024/12/26 17:33:44 Received {n1 n3 {"message":15,"msg_id":7,"type":"broadcast"}}
2024/12/26 17:33:44 Sent {"src":"n3","dest":"n1","body":{"in_reply_to":7,"type":"broadcast_ok"}}
2024/12/26 17:33:44 Sent {"src":"n3","dest":"n2","body":{"message":15,"msg_id":7,"type":"broadcast"}}
2024/12/26 17:33:44 Sent {"src":"n3","dest":"n0","body":{"message":15,"msg_id":7,"type":"broadcast"}}
2024/12/26 17:33:44 Sent {"src":"n3","dest":"n3","body":{"message":15,"msg_id":7,"type":"broadcast"}}
2024/12/26 17:33:44 Sent {"src":"n3","dest":"n4","body":{"message":15,"msg_id":7,"type":"broadcast"}}
2024/12/26 17:33:44 Received {n2 n3 {"message":15,"msg_id":7,"type":"broadcast"}}
2024/12/26 17:33:44 Received {n4 n3 {"message":15,"msg_id":7,"type":"broadcast"}}
2024/12/26 17:33:44 Received {n0 n3 {"message":15,"msg_id":7,"type":"broadcast"}}
2024/12/26 17:33:44 Received {n3 n3 {"message":15,"msg_id":7,"type":"broadcast"}}
2024/12/26 17:33:45 Received {n2 n3 {"message":16,"msg_id":7,"type":"broadcast"}}
2024/12/26 17:33:45 Sent {"src":"n3","dest":"n2","body":{"in_reply_to":7,"type":"broadcast_ok"}}
2024/12/26 17:33:45 Sent {"src":"n3","dest":"n4","body":{"message":16,"msg_id":7,"type":"broadcast"}}
2024/12/26 17:33:45 Sent {"src":"n3","dest":"n0","body":{"message":16,"msg_id":7,"type":"broadcast"}}
2024/12/26 17:33:45 Sent {"src":"n3","dest":"n1","body":{"message":16,"msg_id":7,"type":"broadcast"}}
2024/12/26 17:33:45 Sent {"src":"n3","dest":"n3","body":{"message":16,"msg_id":7,"type":"broadcast"}}
2024/12/26 17:33:45 Received {n4 n3 {"message":16,"msg_id":7,"type":"broadcast"}}
2024/12/26 17:33:45 Received {n0 n3 {"message":16,"msg_id":7,"type":"broadcast"}}
2024/12/26 17:33:45 Received {n1 n3 {"message":16,"msg_id":7,"type":"broadcast"}}
2024/12/26 17:33:45 Received {n3 n3 {"message":16,"msg_id":7,"type":"broadcast"}}
2024/12/26 17:33:45 Received {c13 n3 {"type":"read","msg_id":7}}
2024/12/26 17:33:45 Sent {"src":"n3","dest":"c13","body":{"in_reply_to":7,"messages":[0,5,10,11,13,1,3,6,7,8,15,16,2,4,9,12,14],"type":"read_ok"}}
2024/12/26 17:33:45 Received {n4 n3 {"message":17,"msg_id":7,"type":"broadcast"}}
2024/12/26 17:33:45 Sent {"src":"n3","dest":"n3","body":{"message":17,"msg_id":7,"type":"broadcast"}}
2024/12/26 17:33:45 Sent {"src":"n3","dest":"n0","body":{"message":17,"msg_id":7,"type":"broadcast"}}
2024/12/26 17:33:45 Sent {"src":"n3","dest":"n1","body":{"message":17,"msg_id":7,"type":"broadcast"}}
2024/12/26 17:33:45 Sent {"src":"n3","dest":"n2","body":{"message":17,"msg_id":7,"type":"broadcast"}}
2024/12/26 17:33:45 Sent {"src":"n3","dest":"n4","body":{"in_reply_to":7,"type":"broadcast_ok"}}
2024/12/26 17:33:45 Received {n3 n3 {"message":17,"msg_id":7,"type":"broadcast"}}
2024/12/26 17:33:45 Received {n1 n3 {"message":17,"msg_id":7,"type":"broadcast"}}
2024/12/26 17:33:45 Received {n2 n3 {"message":17,"msg_id":7,"type":"broadcast"}}
2024/12/26 17:33:45 Received {n0 n3 {"message":17,"msg_id":7,"type":"broadcast"}}
2024/12/26 17:33:45 Received {n1 n3 {"message":18,"msg_id":8,"type":"broadcast"}}
2024/12/26 17:33:45 Sent {"src":"n3","dest":"n1","body":{"in_reply_to":8,"type":"broadcast_ok"}}
2024/12/26 17:33:45 Sent {"src":"n3","dest":"n2","body":{"message":18,"msg_id":8,"type":"broadcast"}}
2024/12/26 17:33:45 Sent {"src":"n3","dest":"n0","body":{"message":18,"msg_id":8,"type":"broadcast"}}
2024/12/26 17:33:45 Sent {"src":"n3","dest":"n3","body":{"message":18,"msg_id":8,"type":"broadcast"}}
2024/12/26 17:33:45 Sent {"src":"n3","dest":"n4","body":{"message":18,"msg_id":8,"type":"broadcast"}}
2024/12/26 17:33:45 Received {n2 n3 {"message":18,"msg_id":8,"type":"broadcast"}}
2024/12/26 17:33:45 Received {n3 n3 {"message":18,"msg_id":8,"type":"broadcast"}}
2024/12/26 17:33:45 Received {n4 n3 {"message":18,"msg_id":8,"type":"broadcast"}}
2024/12/26 17:33:45 Received {n0 n3 {"message":18,"msg_id":8,"type":"broadcast"}}
2024/12/26 17:33:45 Received {c13 n3 {"type":"broadcast","message":19,"msg_id":8}}
2024/12/26 17:33:45 Sent {"src":"n3","dest":"c13","body":{"in_reply_to":8,"type":"broadcast_ok"}}
2024/12/26 17:33:45 Sent {"src":"n3","dest":"n4","body":{"message":19,"msg_id":8,"type":"broadcast"}}
2024/12/26 17:33:45 Sent {"src":"n3","dest":"n0","body":{"message":19,"msg_id":8,"type":"broadcast"}}
2024/12/26 17:33:45 Sent {"src":"n3","dest":"n1","body":{"message":19,"msg_id":8,"type":"broadcast"}}
2024/12/26 17:33:45 Sent {"src":"n3","dest":"n2","body":{"message":19,"msg_id":8,"type":"broadcast"}}
2024/12/26 17:33:45 Sent {"src":"n3","dest":"n3","body":{"message":19,"msg_id":8,"type":"broadcast"}}
2024/12/26 17:33:45 Received {n3 n3 {"message":19,"msg_id":8,"type":"broadcast"}}
2024/12/26 17:33:45 Received {n4 n3 {"in_reply_to":8,"type":"broadcast_ok"}}
2024/12/26 17:33:45 Ignoring reply to 8 with no callback
2024/12/26 17:33:45 Received {n1 n3 {"in_reply_to":8,"type":"broadcast_ok"}}
2024/12/26 17:33:45 Ignoring reply to 8 with no callback
2024/12/26 17:33:45 Received {n0 n3 {"in_reply_to":8,"type":"broadcast_ok"}}
2024/12/26 17:33:45 Ignoring reply to 8 with no callback
2024/12/26 17:33:45 Received {n2 n3 {"in_reply_to":8,"type":"broadcast_ok"}}
2024/12/26 17:33:45 Ignoring reply to 8 with no callback
2024/12/26 17:33:46 Received {n0 n3 {"message":20,"msg_id":16,"type":"broadcast"}}
2024/12/26 17:33:46 Sent {"src":"n3","dest":"n0","body":{"in_reply_to":16,"type":"broadcast_ok"}}
2024/12/26 17:33:46 Sent {"src":"n3","dest":"n4","body":{"message":20,"msg_id":16,"type":"broadcast"}}
2024/12/26 17:33:46 Sent {"src":"n3","dest":"n1","body":{"message":20,"msg_id":16,"type":"broadcast"}}
2024/12/26 17:33:46 Sent {"src":"n3","dest":"n2","body":{"message":20,"msg_id":16,"type":"broadcast"}}
2024/12/26 17:33:46 Sent {"src":"n3","dest":"n3","body":{"message":20,"msg_id":16,"type":"broadcast"}}
2024/12/26 17:33:46 Received {n4 n3 {"message":20,"msg_id":16,"type":"broadcast"}}
2024/12/26 17:33:46 Received {n2 n3 {"message":20,"msg_id":16,"type":"broadcast"}}
2024/12/26 17:33:46 Received {n3 n3 {"message":20,"msg_id":16,"type":"broadcast"}}
2024/12/26 17:33:46 Received {n1 n3 {"message":20,"msg_id":16,"type":"broadcast"}}
2024/12/26 17:33:46 Received {n0 n3 {"message":21,"msg_id":17,"type":"broadcast"}}
2024/12/26 17:33:46 Sent {"src":"n3","dest":"n0","body":{"in_reply_to":17,"type":"broadcast_ok"}}
2024/12/26 17:33:46 Sent {"src":"n3","dest":"n4","body":{"message":21,"msg_id":17,"type":"broadcast"}}
2024/12/26 17:33:46 Sent {"src":"n3","dest":"n1","body":{"message":21,"msg_id":17,"type":"broadcast"}}
2024/12/26 17:33:46 Sent {"src":"n3","dest":"n3","body":{"message":21,"msg_id":17,"type":"broadcast"}}
2024/12/26 17:33:46 Sent {"src":"n3","dest":"n2","body":{"message":21,"msg_id":17,"type":"broadcast"}}
2024/12/26 17:33:46 Received {n3 n3 {"message":21,"msg_id":17,"type":"broadcast"}}
2024/12/26 17:33:46 Received {n2 n3 {"message":21,"msg_id":17,"type":"broadcast"}}
2024/12/26 17:33:46 Received {n4 n3 {"message":21,"msg_id":17,"type":"broadcast"}}
2024/12/26 17:33:46 Received {n1 n3 {"message":21,"msg_id":17,"type":"broadcast"}}
2024/12/26 17:33:46 Received {n1 n3 {"message":22,"msg_id":9,"type":"broadcast"}}
2024/12/26 17:33:46 Sent {"src":"n3","dest":"n1","body":{"in_reply_to":9,"type":"broadcast_ok"}}
2024/12/26 17:33:46 Sent {"src":"n3","dest":"n4","body":{"message":22,"msg_id":9,"type":"broadcast"}}
2024/12/26 17:33:46 Sent {"src":"n3","dest":"n0","body":{"message":22,"msg_id":9,"type":"broadcast"}}
2024/12/26 17:33:46 Sent {"src":"n3","dest":"n2","body":{"message":22,"msg_id":9,"type":"broadcast"}}
2024/12/26 17:33:46 Sent {"src":"n3","dest":"n3","body":{"message":22,"msg_id":9,"type":"broadcast"}}
2024/12/26 17:33:46 Received {n4 n3 {"message":22,"msg_id":9,"type":"broadcast"}}
2024/12/26 17:33:46 Received {n2 n3 {"message":22,"msg_id":9,"type":"broadcast"}}
2024/12/26 17:33:46 Received {n3 n3 {"message":22,"msg_id":9,"type":"broadcast"}}
2024/12/26 17:33:46 Received {n0 n3 {"message":22,"msg_id":9,"type":"broadcast"}}
2024/12/26 17:33:46 Received {c13 n3 {"type":"read","msg_id":9}}
2024/12/26 17:33:46 Sent {"src":"n3","dest":"c13","body":{"in_reply_to":9,"messages":[10,11,13,22,0,5,6,7,8,18,20,1,3,17,19,15,16,9,12,14,21,2,4],"type":"read_ok"}}
2024/12/26 17:33:46 Received {n0 n3 {"message":23,"msg_id":18,"type":"broadcast"}}
2024/12/26 17:33:46 Sent {"src":"n3","dest":"n0","body":{"in_reply_to":18,"type":"broadcast_ok"}}
2024/12/26 17:33:46 Sent {"src":"n3","dest":"n4","body":{"message":23,"msg_id":18,"type":"broadcast"}}
2024/12/26 17:33:46 Sent {"src":"n3","dest":"n1","body":{"message":23,"msg_id":18,"type":"broadcast"}}
2024/12/26 17:33:46 Sent {"src":"n3","dest":"n2","body":{"message":23,"msg_id":18,"type":"broadcast"}}
2024/12/26 17:33:46 Sent {"src":"n3","dest":"n3","body":{"message":23,"msg_id":18,"type":"broadcast"}}
2024/12/26 17:33:46 Received {n3 n3 {"message":23,"msg_id":18,"type":"broadcast"}}
2024/12/26 17:33:46 Received {n1 n3 {"message":23,"msg_id":18,"type":"broadcast"}}
2024/12/26 17:33:46 Received {n2 n3 {"message":23,"msg_id":18,"type":"broadcast"}}
2024/12/26 17:33:46 Received {n4 n3 {"message":23,"msg_id":18,"type":"broadcast"}}
2024/12/26 17:33:46 Received {n0 n3 {"message":24,"msg_id":19,"type":"broadcast"}}
2024/12/26 17:33:46 Sent {"src":"n3","dest":"n0","body":{"in_reply_to":19,"type":"broadcast_ok"}}
2024/12/26 17:33:46 Sent {"src":"n3","dest":"n4","body":{"message":24,"msg_id":19,"type":"broadcast"}}
2024/12/26 17:33:46 Sent {"src":"n3","dest":"n1","body":{"message":24,"msg_id":19,"type":"broadcast"}}
2024/12/26 17:33:46 Sent {"src":"n3","dest":"n2","body":{"message":24,"msg_id":19,"type":"broadcast"}}
2024/12/26 17:33:46 Sent {"src":"n3","dest":"n3","body":{"message":24,"msg_id":19,"type":"broadcast"}}
2024/12/26 17:33:46 Received {n2 n3 {"message":24,"msg_id":19,"type":"broadcast"}}
2024/12/26 17:33:46 Received {n4 n3 {"message":24,"msg_id":19,"type":"broadcast"}}
2024/12/26 17:33:46 Received {n3 n3 {"message":24,"msg_id":19,"type":"broadcast"}}
2024/12/26 17:33:46 Received {n1 n3 {"message":24,"msg_id":19,"type":"broadcast"}}
2024/12/26 17:33:47 Received {n1 n3 {"message":25,"msg_id":10,"type":"broadcast"}}
2024/12/26 17:33:47 Sent {"src":"n3","dest":"n1","body":{"in_reply_to":10,"type":"broadcast_ok"}}
2024/12/26 17:33:47 Sent {"src":"n3","dest":"n4","body":{"message":25,"msg_id":10,"type":"broadcast"}}
2024/12/26 17:33:47 Sent {"src":"n3","dest":"n3","body":{"message":25,"msg_id":10,"type":"broadcast"}}
2024/12/26 17:33:47 Sent {"src":"n3","dest":"n0","body":{"message":25,"msg_id":10,"type":"broadcast"}}
2024/12/26 17:33:47 Sent {"src":"n3","dest":"n2","body":{"message":25,"msg_id":10,"type":"broadcast"}}
2024/12/26 17:33:47 Received {n3 n3 {"message":25,"msg_id":10,"type":"broadcast"}}
2024/12/26 17:33:47 Received {n2 n3 {"message":25,"msg_id":10,"type":"broadcast"}}
2024/12/26 17:33:47 Received {n0 n3 {"message":25,"msg_id":10,"type":"broadcast"}}
2024/12/26 17:33:47 Received {n4 n3 {"message":25,"msg_id":10,"type":"broadcast"}}
2024/12/26 17:33:47 Received {n2 n3 {"message":26,"msg_id":10,"type":"broadcast"}}
2024/12/26 17:33:47 Sent {"src":"n3","dest":"n2","body":{"in_reply_to":10,"type":"broadcast_ok"}}
2024/12/26 17:33:47 Sent {"src":"n3","dest":"n0","body":{"message":26,"msg_id":10,"type":"broadcast"}}
2024/12/26 17:33:47 Sent {"src":"n3","dest":"n1","body":{"message":26,"msg_id":10,"type":"broadcast"}}
2024/12/26 17:33:47 Sent {"src":"n3","dest":"n4","body":{"message":26,"msg_id":10,"type":"broadcast"}}
2024/12/26 17:33:47 Sent {"src":"n3","dest":"n3","body":{"message":26,"msg_id":10,"type":"broadcast"}}
2024/12/26 17:33:47 Received {n1 n3 {"message":26,"msg_id":10,"type":"broadcast"}}
2024/12/26 17:33:47 Received {n4 n3 {"message":26,"msg_id":10,"type":"broadcast"}}
2024/12/26 17:33:47 Received {n0 n3 {"message":26,"msg_id":10,"type":"broadcast"}}
2024/12/26 17:33:47 Received {n3 n3 {"message":26,"msg_id":10,"type":"broadcast"}}
2024/12/26 17:33:47 Received {c13 n3 {"type":"read","msg_id":10}}
2024/12/26 17:33:47 Sent {"src":"n3","dest":"c13","body":{"in_reply_to":10,"messages":[21,23,2,4,9,0,5,10,13,20,24,1,3,7,16,17,14,12,11,22,25,26,8,18,6,15,19],"type":"read_ok"}}
2024/12/26 17:33:47 Received {n0 n3 {"message":27,"msg_id":20,"type":"broadcast"}}
2024/12/26 17:33:47 Sent {"src":"n3","dest":"n0","body":{"in_reply_to":20,"type":"broadcast_ok"}}
2024/12/26 17:33:47 Sent {"src":"n3","dest":"n4","body":{"message":27,"msg_id":20,"type":"broadcast"}}
2024/12/26 17:33:47 Sent {"src":"n3","dest":"n2","body":{"message":27,"msg_id":20,"type":"broadcast"}}
2024/12/26 17:33:47 Sent {"src":"n3","dest":"n3","body":{"message":27,"msg_id":20,"type":"broadcast"}}
2024/12/26 17:33:47 Sent {"src":"n3","dest":"n1","body":{"message":27,"msg_id":20,"type":"broadcast"}}
2024/12/26 17:33:47 Received {n2 n3 {"message":27,"msg_id":20,"type":"broadcast"}}
2024/12/26 17:33:47 Received {n1 n3 {"message":27,"msg_id":20,"type":"broadcast"}}
2024/12/26 17:33:47 Received {n4 n3 {"message":27,"msg_id":20,"type":"broadcast"}}
2024/12/26 17:33:47 Received {n3 n3 {"message":27,"msg_id":20,"type":"broadcast"}}
2024/12/26 17:33:47 Received {n0 n3 {"message":28,"msg_id":21,"type":"broadcast"}}
2024/12/26 17:33:47 Sent {"src":"n3","dest":"n0","body":{"in_reply_to":21,"type":"broadcast_ok"}}
2024/12/26 17:33:47 Sent {"src":"n3","dest":"n4","body":{"message":28,"msg_id":21,"type":"broadcast"}}
2024/12/26 17:33:47 Sent {"src":"n3","dest":"n1","body":{"message":28,"msg_id":21,"type":"broadcast"}}
2024/12/26 17:33:47 Sent {"src":"n3","dest":"n2","body":{"message":28,"msg_id":21,"type":"broadcast"}}
2024/12/26 17:33:47 Sent {"src":"n3","dest":"n3","body":{"message":28,"msg_id":21,"type":"broadcast"}}
2024/12/26 17:33:47 Received {n4 n3 {"message":28,"msg_id":21,"type":"broadcast"}}
2024/12/26 17:33:47 Received {n2 n3 {"message":28,"msg_id":21,"type":"broadcast"}}
2024/12/26 17:33:47 Received {n1 n3 {"message":28,"msg_id":21,"type":"broadcast"}}
2024/12/26 17:33:47 Received {n3 n3 {"message":28,"msg_id":21,"type":"broadcast"}}
2024/12/26 17:33:47 Received {n1 n3 {"message":29,"msg_id":11,"type":"broadcast"}}
2024/12/26 17:33:47 Sent {"src":"n3","dest":"n1","body":{"in_reply_to":11,"type":"broadcast_ok"}}
2024/12/26 17:33:47 Sent {"src":"n3","dest":"n2","body":{"message":29,"msg_id":11,"type":"broadcast"}}
2024/12/26 17:33:47 Sent {"src":"n3","dest":"n4","body":{"message":29,"msg_id":11,"type":"broadcast"}}
2024/12/26 17:33:47 Sent {"src":"n3","dest":"n3","body":{"message":29,"msg_id":11,"type":"broadcast"}}
2024/12/26 17:33:47 Sent {"src":"n3","dest":"n0","body":{"message":29,"msg_id":11,"type":"broadcast"}}
2024/12/26 17:33:47 Received {n2 n3 {"message":29,"msg_id":11,"type":"broadcast"}}
2024/12/26 17:33:47 Received {n3 n3 {"message":29,"msg_id":11,"type":"broadcast"}}
2024/12/26 17:33:47 Received {n4 n3 {"message":29,"msg_id":11,"type":"broadcast"}}
2024/12/26 17:33:47 Received {n0 n3 {"message":29,"msg_id":11,"type":"broadcast"}}
2024/12/26 17:33:47 Received {c13 n3 {"type":"read","msg_id":11}}
2024/12/26 17:33:47 Sent {"src":"n3","dest":"c13","body":{"in_reply_to":11,"messages":[0,5,10,13,24,1,3,7,20,16,17,12,14,11,22,25,26,6,8,18,27,15,19,23,28,29,2,4,9,21],"type":"read_ok"}}
2024/12/26 17:33:47 Received {n4 n3 {"message":30,"msg_id":11,"type":"broadcast"}}
2024/12/26 17:33:47 Sent {"src":"n3","dest":"n4","body":{"in_reply_to":11,"type":"broadcast_ok"}}
2024/12/26 17:33:47 Sent {"src":"n3","dest":"n1","body":{"message":30,"msg_id":11,"type":"broadcast"}}
2024/12/26 17:33:47 Sent {"src":"n3","dest":"n0","body":{"message":30,"msg_id":11,"type":"broadcast"}}
2024/12/26 17:33:47 Sent {"src":"n3","dest":"n2","body":{"message":30,"msg_id":11,"type":"broadcast"}}
2024/12/26 17:33:47 Sent {"src":"n3","dest":"n3","body":{"message":30,"msg_id":11,"type":"broadcast"}}
2024/12/26 17:33:47 Received {n1 n3 {"message":30,"msg_id":11,"type":"broadcast"}}
2024/12/26 17:33:47 Received {n2 n3 {"message":30,"msg_id":11,"type":"broadcast"}}
2024/12/26 17:33:47 Received {n3 n3 {"message":30,"msg_id":11,"type":"broadcast"}}
2024/12/26 17:33:47 Received {n0 n3 {"message":30,"msg_id":11,"type":"broadcast"}}
2024/12/26 17:33:47 Received {n0 n3 {"message":31,"msg_id":22,"type":"broadcast"}}
2024/12/26 17:33:47 Sent {"src":"n3","dest":"n0","body":{"in_reply_to":22,"type":"broadcast_ok"}}
2024/12/26 17:33:47 Sent {"src":"n3","dest":"n4","body":{"message":31,"msg_id":22,"type":"broadcast"}}
2024/12/26 17:33:47 Sent {"src":"n3","dest":"n1","body":{"message":31,"msg_id":22,"type":"broadcast"}}
2024/12/26 17:33:47 Sent {"src":"n3","dest":"n2","body":{"message":31,"msg_id":22,"type":"broadcast"}}
2024/12/26 17:33:47 Sent {"src":"n3","dest":"n3","body":{"message":31,"msg_id":22,"type":"broadcast"}}
2024/12/26 17:33:47 Received {n1 n3 {"message":31,"msg_id":22,"type":"broadcast"}}
2024/12/26 17:33:47 Received {n3 n3 {"message":31,"msg_id":22,"type":"broadcast"}}
2024/12/26 17:33:47 Received {n2 n3 {"message":31,"msg_id":22,"type":"broadcast"}}
2024/12/26 17:33:47 Received {n4 n3 {"message":31,"msg_id":22,"type":"broadcast"}}
2024/12/26 17:33:47 Received {n0 n3 {"message":32,"msg_id":23,"type":"broadcast"}}
2024/12/26 17:33:47 Sent {"src":"n3","dest":"n0","body":{"in_reply_to":23,"type":"broadcast_ok"}}
2024/12/26 17:33:47 Sent {"src":"n3","dest":"n4","body":{"message":32,"msg_id":23,"type":"broadcast"}}
2024/12/26 17:33:47 Sent {"src":"n3","dest":"n2","body":{"message":32,"msg_id":23,"type":"broadcast"}}
2024/12/26 17:33:47 Sent {"src":"n3","dest":"n1","body":{"message":32,"msg_id":23,"type":"broadcast"}}
2024/12/26 17:33:47 Sent {"src":"n3","dest":"n3","body":{"message":32,"msg_id":23,"type":"broadcast"}}
2024/12/26 17:33:47 Received {n1 n3 {"message":32,"msg_id":23,"type":"broadcast"}}
2024/12/26 17:33:47 Received {n2 n3 {"message":32,"msg_id":23,"type":"broadcast"}}
2024/12/26 17:33:47 Received {n4 n3 {"message":32,"msg_id":23,"type":"broadcast"}}
2024/12/26 17:33:47 Received {n3 n3 {"message":32,"msg_id":23,"type":"broadcast"}}
2024/12/26 17:33:48 Received {n1 n3 {"message":33,"msg_id":12,"type":"broadcast"}}
2024/12/26 17:33:48 Sent {"src":"n3","dest":"n1","body":{"in_reply_to":12,"type":"broadcast_ok"}}
2024/12/26 17:33:48 Sent {"src":"n3","dest":"n4","body":{"message":33,"msg_id":12,"type":"broadcast"}}
2024/12/26 17:33:48 Sent {"src":"n3","dest":"n0","body":{"message":33,"msg_id":12,"type":"broadcast"}}
2024/12/26 17:33:48 Sent {"src":"n3","dest":"n3","body":{"message":33,"msg_id":12,"type":"broadcast"}}
2024/12/26 17:33:48 Sent {"src":"n3","dest":"n2","body":{"message":33,"msg_id":12,"type":"broadcast"}}
2024/12/26 17:33:48 Received {n2 n3 {"message":33,"msg_id":12,"type":"broadcast"}}
2024/12/26 17:33:48 Received {n3 n3 {"message":33,"msg_id":12,"type":"broadcast"}}
2024/12/26 17:33:48 Received {n4 n3 {"message":33,"msg_id":12,"type":"broadcast"}}
2024/12/26 17:33:48 Received {n0 n3 {"message":33,"msg_id":12,"type":"broadcast"}}
2024/12/26 17:33:48 Received {n2 n3 {"message":34,"msg_id":12,"type":"broadcast"}}
2024/12/26 17:33:48 Sent {"src":"n3","dest":"n2","body":{"in_reply_to":12,"type":"broadcast_ok"}}
2024/12/26 17:33:48 Sent {"src":"n3","dest":"n4","body":{"message":34,"msg_id":12,"type":"broadcast"}}
2024/12/26 17:33:48 Sent {"src":"n3","dest":"n0","body":{"message":34,"msg_id":12,"type":"broadcast"}}
2024/12/26 17:33:48 Sent {"src":"n3","dest":"n1","body":{"message":34,"msg_id":12,"type":"broadcast"}}
2024/12/26 17:33:48 Sent {"src":"n3","dest":"n3","body":{"message":34,"msg_id":12,"type":"broadcast"}}
2024/12/26 17:33:48 Received {n1 n3 {"message":34,"msg_id":12,"type":"broadcast"}}
2024/12/26 17:33:48 Received {n4 n3 {"message":34,"msg_id":12,"type":"broadcast"}}
2024/12/26 17:33:48 Received {n0 n3 {"message":34,"msg_id":12,"type":"broadcast"}}
2024/12/26 17:33:48 Received {n3 n3 {"message":34,"msg_id":12,"type":"broadcast"}}
2024/12/26 17:33:48 Received {c13 n3 {"type":"broadcast","message":35,"msg_id":12}}
2024/12/26 17:33:48 Sent {"src":"n3","dest":"c13","body":{"in_reply_to":12,"type":"broadcast_ok"}}
2024/12/26 17:33:48 Sent {"src":"n3","dest":"n1","body":{"message":35,"msg_id":12,"type":"broadcast"}}
2024/12/26 17:33:48 Sent {"src":"n3","dest":"n0","body":{"message":35,"msg_id":12,"type":"broadcast"}}
2024/12/26 17:33:48 Sent {"src":"n3","dest":"n2","body":{"message":35,"msg_id":12,"type":"broadcast"}}
2024/12/26 17:33:48 Sent {"src":"n3","dest":"n3","body":{"message":35,"msg_id":12,"type":"broadcast"}}
2024/12/26 17:33:48 Sent {"src":"n3","dest":"n4","body":{"message":35,"msg_id":12,"type":"broadcast"}}
2024/12/26 17:33:48 Received {n3 n3 {"message":35,"msg_id":12,"type":"broadcast"}}
2024/12/26 17:33:48 Received {n0 n3 {"in_reply_to":12,"type":"broadcast_ok"}}
2024/12/26 17:33:48 Ignoring reply to 12 with no callback
2024/12/26 17:33:48 Received {n4 n3 {"in_reply_to":12,"type":"broadcast_ok"}}
2024/12/26 17:33:48 Ignoring reply to 12 with no callback
2024/12/26 17:33:48 Received {n1 n3 {"in_reply_to":12,"type":"broadcast_ok"}}
2024/12/26 17:33:48 Ignoring reply to 12 with no callback
2024/12/26 17:33:48 Received {n2 n3 {"in_reply_to":12,"type":"broadcast_ok"}}
2024/12/26 17:33:48 Ignoring reply to 12 with no callback
2024/12/26 17:33:48 Received {n4 n3 {"message":36,"msg_id":12,"type":"broadcast"}}
2024/12/26 17:33:48 Sent {"src":"n3","dest":"n4","body":{"in_reply_to":12,"type":"broadcast_ok"}}
2024/12/26 17:33:48 Sent {"src":"n3","dest":"n3","body":{"message":36,"msg_id":12,"type":"broadcast"}}
2024/12/26 17:33:48 Sent {"src":"n3","dest":"n0","body":{"message":36,"msg_id":12,"type":"broadcast"}}
2024/12/26 17:33:48 Sent {"src":"n3","dest":"n1","body":{"message":36,"msg_id":12,"type":"broadcast"}}
2024/12/26 17:33:48 Sent {"src":"n3","dest":"n2","body":{"message":36,"msg_id":12,"type":"broadcast"}}
2024/12/26 17:33:48 Received {n2 n3 {"message":36,"msg_id":12,"type":"broadcast"}}
2024/12/26 17:33:48 Received {n0 n3 {"message":36,"msg_id":12,"type":"broadcast"}}
2024/12/26 17:33:48 Received {n3 n3 {"message":36,"msg_id":12,"type":"broadcast"}}
2024/12/26 17:33:48 Received {n1 n3 {"message":36,"msg_id":12,"type":"broadcast"}}
2024/12/26 17:33:48 Received {n1 n3 {"message":37,"msg_id":13,"type":"broadcast"}}
2024/12/26 17:33:48 Sent {"src":"n3","dest":"n1","body":{"in_reply_to":13,"type":"broadcast_ok"}}
2024/12/26 17:33:48 Sent {"src":"n3","dest":"n4","body":{"message":37,"msg_id":13,"type":"broadcast"}}
2024/12/26 17:33:48 Sent {"src":"n3","dest":"n0","body":{"message":37,"msg_id":13,"type":"broadcast"}}
2024/12/26 17:33:48 Sent {"src":"n3","dest":"n2","body":{"message":37,"msg_id":13,"type":"broadcast"}}
2024/12/26 17:33:48 Sent {"src":"n3","dest":"n3","body":{"message":37,"msg_id":13,"type":"broadcast"}}
2024/12/26 17:33:48 Received {n4 n3 {"message":37,"msg_id":13,"type":"broadcast"}}
2024/12/26 17:33:48 Received {n2 n3 {"message":37,"msg_id":13,"type":"broadcast"}}
2024/12/26 17:33:48 Received {n0 n3 {"message":37,"msg_id":13,"type":"broadcast"}}
2024/12/26 17:33:48 Received {n3 n3 {"message":37,"msg_id":13,"type":"broadcast"}}
2024/12/26 17:33:48 Received {n2 n3 {"message":38,"msg_id":13,"type":"broadcast"}}
2024/12/26 17:33:48 Sent {"src":"n3","dest":"n2","body":{"in_reply_to":13,"type":"broadcast_ok"}}
2024/12/26 17:33:48 Sent {"src":"n3","dest":"n0","body":{"message":38,"msg_id":13,"type":"broadcast"}}
2024/12/26 17:33:48 Sent {"src":"n3","dest":"n3","body":{"message":38,"msg_id":13,"type":"broadcast"}}
2024/12/26 17:33:48 Sent {"src":"n3","dest":"n1","body":{"message":38,"msg_id":13,"type":"broadcast"}}
2024/12/26 17:33:48 Sent {"src":"n3","dest":"n4","body":{"message":38,"msg_id":13,"type":"broadcast"}}
2024/12/26 17:33:48 Received {n0 n3 {"message":38,"msg_id":13,"type":"broadcast"}}
2024/12/26 17:33:48 Received {n1 n3 {"message":38,"msg_id":13,"type":"broadcast"}}
2024/12/26 17:33:48 Received {n4 n3 {"message":38,"msg_id":13,"type":"broadcast"}}
2024/12/26 17:33:48 Received {n3 n3 {"message":38,"msg_id":13,"type":"broadcast"}}
2024/12/26 17:33:48 Received {c13 n3 {"type":"read","msg_id":13}}
2024/12/26 17:33:48 Sent {"src":"n3","dest":"c13","body":{"in_reply_to":13,"messages":[10,13,31,0,5,7,20,24,32,1,3,16,17,36,12,14,25,26,35,38,11,22,18,27,6,8,30,33,34,15,19,9,21,23,28,29,37,2,4],"type":"read_ok"}}
2024/12/26 17:33:49 Received {n0 n3 {"message":39,"msg_id":27,"type":"broadcast"}}
2024/12/26 17:33:49 Sent {"src":"n3","dest":"n0","body":{"in_reply_to":27,"type":"broadcast_ok"}}
2024/12/26 17:33:49 Sent {"src":"n3","dest":"n4","body":{"message":39,"msg_id":27,"type":"broadcast"}}
2024/12/26 17:33:49 Sent {"src":"n3","dest":"n1","body":{"message":39,"msg_id":27,"type":"broadcast"}}
2024/12/26 17:33:49 Sent {"src":"n3","dest":"n2","body":{"message":39,"msg_id":27,"type":"broadcast"}}
2024/12/26 17:33:49 Sent {"src":"n3","dest":"n3","body":{"message":39,"msg_id":27,"type":"broadcast"}}
2024/12/26 17:33:49 Received {n4 n3 {"message":39,"msg_id":27,"type":"broadcast"}}
2024/12/26 17:33:49 Received {n1 n3 {"message":39,"msg_id":27,"type":"broadcast"}}
2024/12/26 17:33:49 Received {n2 n3 {"message":39,"msg_id":27,"type":"broadcast"}}
2024/12/26 17:33:49 Received {n3 n3 {"message":39,"msg_id":27,"type":"broadcast"}}
2024/12/26 17:33:49 Received {c13 n3 {"type":"read","msg_id":14}}
2024/12/26 17:33:49 Sent {"src":"n3","dest":"c13","body":{"in_reply_to":14,"messages":[26,35,38,11,22,25,27,6,8,18,33,34,15,19,30,21,23,28,29,37,2,4,9,13,31,0,5,10,20,24,32,1,3,7,16,17,39,12,14,36],"type":"read_ok"}}
2024/12/26 17:33:49 Received {n4 n3 {"message":40,"msg_id":14,"type":"broadcast"}}
2024/12/26 17:33:49 Sent {"src":"n3","dest":"n4","body":{"in_reply_to":14,"type":"broadcast_ok"}}
2024/12/26 17:33:49 Sent {"src":"n3","dest":"n3","body":{"message":40,"msg_id":14,"type":"broadcast"}}
2024/12/26 17:33:49 Sent {"src":"n3","dest":"n1","body":{"message":40,"msg_id":14,"type":"broadcast"}}
2024/12/26 17:33:49 Sent {"src":"n3","dest":"n2","body":{"message":40,"msg_id":14,"type":"broadcast"}}
2024/12/26 17:33:49 Sent {"src":"n3","dest":"n0","body":{"message":40,"msg_id":14,"type":"broadcast"}}
2024/12/26 17:33:49 Received {n3 n3 {"message":40,"msg_id":14,"type":"broadcast"}}
2024/12/26 17:33:49 Received {n0 n3 {"message":40,"msg_id":14,"type":"broadcast"}}
2024/12/26 17:33:49 Received {n2 n3 {"message":40,"msg_id":14,"type":"broadcast"}}
2024/12/26 17:33:49 Received {n1 n3 {"message":40,"msg_id":14,"type":"broadcast"}}
2024/12/26 17:33:49 Received {n0 n3 {"message":41,"msg_id":28,"type":"broadcast"}}
2024/12/26 17:33:49 Sent {"src":"n3","dest":"n0","body":{"in_reply_to":28,"type":"broadcast_ok"}}
2024/12/26 17:33:49 Sent {"src":"n3","dest":"n4","body":{"message":41,"msg_id":28,"type":"broadcast"}}
2024/12/26 17:33:49 Sent {"src":"n3","dest":"n3","body":{"message":41,"msg_id":28,"type":"broadcast"}}
2024/12/26 17:33:49 Sent {"src":"n3","dest":"n1","body":{"message":41,"msg_id":28,"type":"broadcast"}}
2024/12/26 17:33:49 Sent {"src":"n3","dest":"n2","body":{"message":41,"msg_id":28,"type":"broadcast"}}
2024/12/26 17:33:49 Received {n3 n3 {"message":41,"msg_id":28,"type":"broadcast"}}
2024/12/26 17:33:49 Received {n2 n3 {"message":41,"msg_id":28,"type":"broadcast"}}
2024/12/26 17:33:49 Received {n4 n3 {"message":41,"msg_id":28,"type":"broadcast"}}
2024/12/26 17:33:49 Received {n1 n3 {"message":41,"msg_id":28,"type":"broadcast"}}
2024/12/26 17:33:49 Received {n0 n3 {"message":42,"msg_id":29,"type":"broadcast"}}
2024/12/26 17:33:49 Sent {"src":"n3","dest":"n0","body":{"in_reply_to":29,"type":"broadcast_ok"}}
2024/12/26 17:33:49 Sent {"src":"n3","dest":"n2","body":{"message":42,"msg_id":29,"type":"broadcast"}}
2024/12/26 17:33:49 Sent {"src":"n3","dest":"n1","body":{"message":42,"msg_id":29,"type":"broadcast"}}
2024/12/26 17:33:49 Sent {"src":"n3","dest":"n3","body":{"message":42,"msg_id":29,"type":"broadcast"}}
2024/12/26 17:33:49 Sent {"src":"n3","dest":"n4","body":{"message":42,"msg_id":29,"type":"broadcast"}}
2024/12/26 17:33:49 Received {n2 n3 {"message":42,"msg_id":29,"type":"broadcast"}}
2024/12/26 17:33:49 Received {n1 n3 {"message":42,"msg_id":29,"type":"broadcast"}}
2024/12/26 17:33:49 Received {n3 n3 {"message":42,"msg_id":29,"type":"broadcast"}}
2024/12/26 17:33:49 Received {n4 n3 {"message":42,"msg_id":29,"type":"broadcast"}}
2024/12/26 17:33:49 Received {n1 n3 {"message":43,"msg_id":15,"type":"broadcast"}}
2024/12/26 17:33:49 Sent {"src":"n3","dest":"n1","body":{"in_reply_to":15,"type":"broadcast_ok"}}
2024/12/26 17:33:49 Sent {"src":"n3","dest":"n4","body":{"message":43,"msg_id":15,"type":"broadcast"}}
2024/12/26 17:33:49 Sent {"src":"n3","dest":"n0","body":{"message":43,"msg_id":15,"type":"broadcast"}}
2024/12/26 17:33:49 Sent {"src":"n3","dest":"n2","body":{"message":43,"msg_id":15,"type":"broadcast"}}
2024/12/26 17:33:49 Sent {"src":"n3","dest":"n3","body":{"message":43,"msg_id":15,"type":"broadcast"}}
2024/12/26 17:33:49 Received {n4 n3 {"message":43,"msg_id":15,"type":"broadcast"}}
2024/12/26 17:33:49 Received {n0 n3 {"message":43,"msg_id":15,"type":"broadcast"}}
2024/12/26 17:33:49 Received {n2 n3 {"message":43,"msg_id":15,"type":"broadcast"}}
2024/12/26 17:33:49 Received {n3 n3 {"message":43,"msg_id":15,"type":"broadcast"}}
2024/12/26 17:33:49 Received {n2 n3 {"message":44,"msg_id":15,"type":"broadcast"}}
2024/12/26 17:33:49 Sent {"src":"n3","dest":"n2","body":{"in_reply_to":15,"type":"broadcast_ok"}}
2024/12/26 17:33:49 Sent {"src":"n3","dest":"n4","body":{"message":44,"msg_id":15,"type":"broadcast"}}
2024/12/26 17:33:49 Sent {"src":"n3","dest":"n0","body":{"message":44,"msg_id":15,"type":"broadcast"}}
2024/12/26 17:33:49 Sent {"src":"n3","dest":"n1","body":{"message":44,"msg_id":15,"type":"broadcast"}}
2024/12/26 17:33:49 Sent {"src":"n3","dest":"n3","body":{"message":44,"msg_id":15,"type":"broadcast"}}
2024/12/26 17:33:49 Received {n3 n3 {"message":44,"msg_id":15,"type":"broadcast"}}
2024/12/26 17:33:49 Received {n4 n3 {"message":44,"msg_id":15,"type":"broadcast"}}
2024/12/26 17:33:49 Received {n0 n3 {"message":44,"msg_id":15,"type":"broadcast"}}
2024/12/26 17:33:49 Received {n1 n3 {"message":44,"msg_id":15,"type":"broadcast"}}
2024/12/26 17:33:50 Received {c13 n3 {"type":"read","msg_id":15}}
2024/12/26 17:33:50 Sent {"src":"n3","dest":"c13","body":{"in_reply_to":15,"messages":[16,17,41,39,12,14,36,26,35,38,11,22,25,27,40,42,6,8,18,33,34,15,19,30,21,23,28,29,37,2,4,9,43,44,13,31,0,5,10,20,24,32,1,3,7],"type":"read_ok"}}
2024/12/26 17:33:50 Received {n0 n3 {"message":45,"msg_id":30,"type":"broadcast"}}
2024/12/26 17:33:50 Sent {"src":"n3","dest":"n0","body":{"in_reply_to":30,"type":"broadcast_ok"}}
2024/12/26 17:33:50 Sent {"src":"n3","dest":"n4","body":{"message":45,"msg_id":30,"type":"broadcast"}}
2024/12/26 17:33:50 Sent {"src":"n3","dest":"n1","body":{"message":45,"msg_id":30,"type":"broadcast"}}
2024/12/26 17:33:50 Sent {"src":"n3","dest":"n2","body":{"message":45,"msg_id":30,"type":"broadcast"}}
2024/12/26 17:33:50 Sent {"src":"n3","dest":"n3","body":{"message":45,"msg_id":30,"type":"broadcast"}}
2024/12/26 17:33:50 Received {n3 n3 {"message":45,"msg_id":30,"type":"broadcast"}}
2024/12/26 17:33:50 Received {n2 n3 {"message":45,"msg_id":30,"type":"broadcast"}}
2024/12/26 17:33:50 Received {n1 n3 {"message":45,"msg_id":30,"type":"broadcast"}}
2024/12/26 17:33:50 Received {n4 n3 {"message":45,"msg_id":30,"type":"broadcast"}}
2024/12/26 17:33:50 Received {n0 n3 {"message":46,"msg_id":31,"type":"broadcast"}}
2024/12/26 17:33:50 Sent {"src":"n3","dest":"n0","body":{"in_reply_to":31,"type":"broadcast_ok"}}
2024/12/26 17:33:50 Sent {"src":"n3","dest":"n2","body":{"message":46,"msg_id":31,"type":"broadcast"}}
2024/12/26 17:33:50 Sent {"src":"n3","dest":"n1","body":{"message":46,"msg_id":31,"type":"broadcast"}}
2024/12/26 17:33:50 Sent {"src":"n3","dest":"n3","body":{"message":46,"msg_id":31,"type":"broadcast"}}
2024/12/26 17:33:50 Sent {"src":"n3","dest":"n4","body":{"message":46,"msg_id":31,"type":"broadcast"}}
2024/12/26 17:33:50 Received {n3 n3 {"message":46,"msg_id":31,"type":"broadcast"}}
2024/12/26 17:33:50 Received {n2 n3 {"message":46,"msg_id":31,"type":"broadcast"}}
2024/12/26 17:33:50 Received {n1 n3 {"message":46,"msg_id":31,"type":"broadcast"}}
2024/12/26 17:33:50 Received {n4 n3 {"message":46,"msg_id":31,"type":"broadcast"}}
2024/12/26 17:33:50 Received {c13 n3 {"type":"read","msg_id":16}}
2024/12/26 17:33:50 Sent {"src":"n3","dest":"c13","body":{"in_reply_to":16,"messages":[22,25,26,35,38,11,8,18,27,40,42,6,19,30,33,34,45,15,4,9,21,23,28,29,37,2,44,43,5,10,13,31,0,3,7,20,24,32,1,17,41,16,14,36,39,46,12],"type":"read_ok"}}
2024/12/26 17:33:50 Received {n4 n3 {"message":47,"msg_id":16,"type":"broadcast"}}
2024/12/26 17:33:50 Sent {"src":"n3","dest":"n3","body":{"message":47,"msg_id":16,"type":"broadcast"}}
2024/12/26 17:33:50 Sent {"src":"n3","dest":"n0","body":{"message":47,"msg_id":16,"type":"broadcast"}}
2024/12/26 17:33:50 Sent {"src":"n3","dest":"n1","body":{"message":47,"msg_id":16,"type":"broadcast"}}
2024/12/26 17:33:50 Sent {"src":"n3","dest":"n2","body":{"message":47,"msg_id":16,"type":"broadcast"}}
2024/12/26 17:33:50 Sent {"src":"n3","dest":"n4","body":{"in_reply_to":16,"type":"broadcast_ok"}}
2024/12/26 17:33:50 Received {n3 n3 {"message":47,"msg_id":16,"type":"broadcast"}}
2024/12/26 17:33:50 Received {n0 n3 {"message":47,"msg_id":16,"type":"broadcast"}}
2024/12/26 17:33:50 Received {n1 n3 {"message":47,"msg_id":16,"type":"broadcast"}}
2024/12/26 17:33:50 Received {n2 n3 {"message":47,"msg_id":16,"type":"broadcast"}}
2024/12/26 17:33:51 Received {n0 n3 {"message":48,"msg_id":32,"type":"broadcast"}}
2024/12/26 17:33:51 Sent {"src":"n3","dest":"n0","body":{"in_reply_to":32,"type":"broadcast_ok"}}
2024/12/26 17:33:51 Sent {"src":"n3","dest":"n4","body":{"message":48,"msg_id":32,"type":"broadcast"}}
2024/12/26 17:33:51 Sent {"src":"n3","dest":"n3","body":{"message":48,"msg_id":32,"type":"broadcast"}}
2024/12/26 17:33:51 Sent {"src":"n3","dest":"n1","body":{"message":48,"msg_id":32,"type":"broadcast"}}
2024/12/26 17:33:51 Sent {"src":"n3","dest":"n2","body":{"message":48,"msg_id":32,"type":"broadcast"}}
2024/12/26 17:33:51 Received {n2 n3 {"message":48,"msg_id":32,"type":"broadcast"}}
2024/12/26 17:33:51 Received {n3 n3 {"message":48,"msg_id":32,"type":"broadcast"}}
2024/12/26 17:33:51 Received {n1 n3 {"message":48,"msg_id":32,"type":"broadcast"}}
2024/12/26 17:33:51 Received {n4 n3 {"message":48,"msg_id":32,"type":"broadcast"}}
2024/12/26 17:33:51 Received {n0 n3 {"message":49,"msg_id":33,"type":"broadcast"}}
2024/12/26 17:33:51 Sent {"src":"n3","dest":"n0","body":{"in_reply_to":33,"type":"broadcast_ok"}}
2024/12/26 17:33:51 Sent {"src":"n3","dest":"n3","body":{"message":49,"msg_id":33,"type":"broadcast"}}
2024/12/26 17:33:51 Sent {"src":"n3","dest":"n2","body":{"message":49,"msg_id":33,"type":"broadcast"}}
2024/12/26 17:33:51 Sent {"src":"n3","dest":"n1","body":{"message":49,"msg_id":33,"type":"broadcast"}}
2024/12/26 17:33:51 Sent {"src":"n3","dest":"n4","body":{"message":49,"msg_id":33,"type":"broadcast"}}
2024/12/26 17:33:51 Received {n3 n3 {"message":49,"msg_id":33,"type":"broadcast"}}
2024/12/26 17:33:51 Received {n1 n3 {"message":49,"msg_id":33,"type":"broadcast"}}
2024/12/26 17:33:51 Received {n2 n3 {"message":49,"msg_id":33,"type":"broadcast"}}
2024/12/26 17:33:51 Received {n4 n3 {"message":49,"msg_id":33,"type":"broadcast"}}
2024/12/26 17:33:51 Received {c13 n3 {"type":"broadcast","message":50,"msg_id":17}}
2024/12/26 17:33:51 Sent {"src":"n3","dest":"c13","body":{"in_reply_to":17,"type":"broadcast_ok"}}
2024/12/26 17:33:51 Sent {"src":"n3","dest":"n0","body":{"message":50,"msg_id":17,"type":"broadcast"}}
2024/12/26 17:33:51 Sent {"src":"n3","dest":"n1","body":{"message":50,"msg_id":17,"type":"broadcast"}}
2024/12/26 17:33:51 Sent {"src":"n3","dest":"n4","body":{"message":50,"msg_id":17,"type":"broadcast"}}
2024/12/26 17:33:51 Sent {"src":"n3","dest":"n3","body":{"message":50,"msg_id":17,"type":"broadcast"}}
2024/12/26 17:33:51 Sent {"src":"n3","dest":"n2","body":{"message":50,"msg_id":17,"type":"broadcast"}}
2024/12/26 17:33:51 Received {n3 n3 {"message":50,"msg_id":17,"type":"broadcast"}}
2024/12/26 17:33:51 Received {n0 n3 {"in_reply_to":17,"type":"broadcast_ok"}}
2024/12/26 17:33:51 Ignoring reply to 17 with no callback
2024/12/26 17:33:51 Received {n4 n3 {"in_reply_to":17,"type":"broadcast_ok"}}
2024/12/26 17:33:51 Ignoring reply to 17 with no callback
2024/12/26 17:33:51 Received {n1 n3 {"in_reply_to":17,"type":"broadcast_ok"}}
2024/12/26 17:33:51 Ignoring reply to 17 with no callback
2024/12/26 17:33:51 Received {n2 n3 {"in_reply_to":17,"type":"broadcast_ok"}}
2024/12/26 17:33:51 Ignoring reply to 17 with no callback
2024/12/26 17:33:51 Received {n1 n3 {"message":51,"msg_id":18,"type":"broadcast"}}
2024/12/26 17:33:51 Sent {"src":"n3","dest":"n1","body":{"in_reply_to":18,"type":"broadcast_ok"}}
2024/12/26 17:33:51 Sent {"src":"n3","dest":"n4","body":{"message":51,"msg_id":18,"type":"broadcast"}}
2024/12/26 17:33:51 Sent {"src":"n3","dest":"n2","body":{"message":51,"msg_id":18,"type":"broadcast"}}
2024/12/26 17:33:51 Sent {"src":"n3","dest":"n0","body":{"message":51,"msg_id":18,"type":"broadcast"}}
2024/12/26 17:33:51 Sent {"src":"n3","dest":"n3","body":{"message":51,"msg_id":18,"type":"broadcast"}}
2024/12/26 17:33:51 Received {n4 n3 {"message":51,"msg_id":18,"type":"broadcast"}}
2024/12/26 17:33:51 Received {n2 n3 {"message":51,"msg_id":18,"type":"broadcast"}}
2024/12/26 17:33:51 Received {n3 n3 {"message":51,"msg_id":18,"type":"broadcast"}}
2024/12/26 17:33:51 Received {n0 n3 {"message":51,"msg_id":18,"type":"broadcast"}}
2024/12/26 17:33:52 Received {c13 n3 {"type":"broadcast","message":52,"msg_id":18}}
2024/12/26 17:33:52 Sent {"src":"n3","dest":"c13","body":{"in_reply_to":18,"type":"broadcast_ok"}}
2024/12/26 17:33:52 Sent {"src":"n3","dest":"n4","body":{"message":52,"msg_id":18,"type":"broadcast"}}
2024/12/26 17:33:52 Sent {"src":"n3","dest":"n2","body":{"message":52,"msg_id":18,"type":"broadcast"}}
2024/12/26 17:33:52 Sent {"src":"n3","dest":"n1","body":{"message":52,"msg_id":18,"type":"broadcast"}}
2024/12/26 17:33:52 Sent {"src":"n3","dest":"n0","body":{"message":52,"msg_id":18,"type":"broadcast"}}
2024/12/26 17:33:52 Sent {"src":"n3","dest":"n3","body":{"message":52,"msg_id":18,"type":"broadcast"}}
2024/12/26 17:33:52 Received {n3 n3 {"message":52,"msg_id":18,"type":"broadcast"}}
2024/12/26 17:33:52 Received {n4 n3 {"in_reply_to":18,"type":"broadcast_ok"}}
2024/12/26 17:33:52 Ignoring reply to 18 with no callback
2024/12/26 17:33:52 Received {n2 n3 {"in_reply_to":18,"type":"broadcast_ok"}}
2024/12/26 17:33:52 Ignoring reply to 18 with no callback
2024/12/26 17:33:52 Received {n1 n3 {"in_reply_to":18,"type":"broadcast_ok"}}
2024/12/26 17:33:52 Ignoring reply to 18 with no callback
2024/12/26 17:33:52 Received {n0 n3 {"in_reply_to":18,"type":"broadcast_ok"}}
2024/12/26 17:33:52 Ignoring reply to 18 with no callback
2024/12/26 17:33:52 Received {n0 n3 {"message":53,"msg_id":37,"type":"broadcast"}}
2024/12/26 17:33:52 Sent {"src":"n3","dest":"n4","body":{"message":53,"msg_id":37,"type":"broadcast"}}
2024/12/26 17:33:52 Sent {"src":"n3","dest":"n2","body":{"message":53,"msg_id":37,"type":"broadcast"}}
2024/12/26 17:33:52 Sent {"src":"n3","dest":"n3","body":{"message":53,"msg_id":37,"type":"broadcast"}}
2024/12/26 17:33:52 Sent {"src":"n3","dest":"n1","body":{"message":53,"msg_id":37,"type":"broadcast"}}
2024/12/26 17:33:52 Sent {"src":"n3","dest":"n0","body":{"in_reply_to":37,"type":"broadcast_ok"}}
2024/12/26 17:33:52 Received {n1 n3 {"message":53,"msg_id":37,"type":"broadcast"}}
2024/12/26 17:33:52 Received {n3 n3 {"message":53,"msg_id":37,"type":"broadcast"}}
2024/12/26 17:33:52 Received {n4 n3 {"message":53,"msg_id":37,"type":"broadcast"}}
2024/12/26 17:33:52 Received {n2 n3 {"message":53,"msg_id":37,"type":"broadcast"}}
2024/12/26 17:33:52 Received {n2 n3 {"message":54,"msg_id":19,"type":"broadcast"}}
2024/12/26 17:33:52 Sent {"src":"n3","dest":"n2","body":{"in_reply_to":19,"type":"broadcast_ok"}}
2024/12/26 17:33:52 Sent {"src":"n3","dest":"n1","body":{"message":54,"msg_id":19,"type":"broadcast"}}
2024/12/26 17:33:52 Sent {"src":"n3","dest":"n4","body":{"message":54,"msg_id":19,"type":"broadcast"}}
2024/12/26 17:33:52 Sent {"src":"n3","dest":"n3","body":{"message":54,"msg_id":19,"type":"broadcast"}}
2024/12/26 17:33:52 Sent {"src":"n3","dest":"n0","body":{"message":54,"msg_id":19,"type":"broadcast"}}
2024/12/26 17:33:52 Received {n3 n3 {"message":54,"msg_id":19,"type":"broadcast"}}
2024/12/26 17:33:52 Received {n1 n3 {"message":54,"msg_id":19,"type":"broadcast"}}
2024/12/26 17:33:52 Received {n4 n3 {"message":54,"msg_id":19,"type":"broadcast"}}
2024/12/26 17:33:52 Received {n0 n3 {"message":54,"msg_id":19,"type":"broadcast"}}
2024/12/26 17:33:52 Received {c13 n3 {"type":"read","msg_id":19}}
2024/12/26 17:33:52 Sent {"src":"n3","dest":"c13","body":{"in_reply_to":19,"messages":[12,39,46,50,25,35,38,49,6,8,27,34,2,4,9,21,37,43,0,13,31,54,1,3,7,20,24,32,48,14,36,52,53,11,22,26,51,18,40,42,15,19,30,33,45,47,23,28,29,44,5,10,16,17,41],"type":"read_ok"}}
2024/12/26 17:33:53 Received {n2 n3 {"message":55,"msg_id":20,"type":"broadcast"}}
2024/12/26 17:33:53 Sent {"src":"n3","dest":"n2","body":{"in_reply_to":20,"type":"broadcast_ok"}}
2024/12/26 17:33:53 Sent {"src":"n3","dest":"n1","body":{"message":55,"msg_id":20,"type":"broadcast"}}
2024/12/26 17:33:53 Sent {"src":"n3","dest":"n4","body":{"message":55,"msg_id":20,"type":"broadcast"}}
2024/12/26 17:33:53 Sent {"src":"n3","dest":"n3","body":{"message":55,"msg_id":20,"type":"broadcast"}}
2024/12/26 17:33:53 Sent {"src":"n3","dest":"n0","body":{"message":55,"msg_id":20,"type":"broadcast"}}
2024/12/26 17:33:53 Received {n3 n3 {"message":55,"msg_id":20,"type":"broadcast"}}
2024/12/26 17:33:53 Received {n4 n3 {"message":55,"msg_id":20,"type":"broadcast"}}
2024/12/26 17:33:53 Received {n0 n3 {"message":55,"msg_id":20,"type":"broadcast"}}
2024/12/26 17:33:53 Received {n1 n3 {"message":55,"msg_id":20,"type":"broadcast"}}
2024/12/26 17:33:53 Received {c13 n3 {"type":"broadcast","message":56,"msg_id":20}}
2024/12/26 17:33:53 Sent {"src":"n3","dest":"c13","body":{"in_reply_to":20,"type":"broadcast_ok"}}
2024/12/26 17:33:53 Sent {"src":"n3","dest":"n0","body":{"message":56,"msg_id":20,"type":"broadcast"}}
2024/12/26 17:33:53 Sent {"src":"n3","dest":"n4","body":{"message":56,"msg_id":20,"type":"broadcast"}}
2024/12/26 17:33:53 Sent {"src":"n3","dest":"n1","body":{"message":56,"msg_id":20,"type":"broadcast"}}
2024/12/26 17:33:53 Sent {"src":"n3","dest":"n2","body":{"message":56,"msg_id":20,"type":"broadcast"}}
2024/12/26 17:33:53 Sent {"src":"n3","dest":"n3","body":{"message":56,"msg_id":20,"type":"broadcast"}}
2024/12/26 17:33:53 Received {n3 n3 {"message":56,"msg_id":20,"type":"broadcast"}}
2024/12/26 17:33:53 Received {n4 n3 {"in_reply_to":20,"type":"broadcast_ok"}}
2024/12/26 17:33:53 Ignoring reply to 20 with no callback
2024/12/26 17:33:53 Received {n1 n3 {"in_reply_to":20,"type":"broadcast_ok"}}
2024/12/26 17:33:53 Ignoring reply to 20 with no callback
2024/12/26 17:33:53 Received {n0 n3 {"in_reply_to":20,"type":"broadcast_ok"}}
2024/12/26 17:33:53 Ignoring reply to 20 with no callback
2024/12/26 17:33:53 Received {n2 n3 {"in_reply_to":20,"type":"broadcast_ok"}}
2024/12/26 17:33:53 Ignoring reply to 20 with no callback
2024/12/26 17:33:53 Received {n4 n3 {"message":57,"msg_id":20,"type":"broadcast"}}
2024/12/26 17:33:53 Sent {"src":"n3","dest":"n4","body":{"in_reply_to":20,"type":"broadcast_ok"}}
2024/12/26 17:33:53 Sent {"src":"n3","dest":"n1","body":{"message":57,"msg_id":20,"type":"broadcast"}}
2024/12/26 17:33:53 Sent {"src":"n3","dest":"n3","body":{"message":57,"msg_id":20,"type":"broadcast"}}
2024/12/26 17:33:53 Sent {"src":"n3","dest":"n0","body":{"message":57,"msg_id":20,"type":"broadcast"}}
2024/12/26 17:33:53 Sent {"src":"n3","dest":"n2","body":{"message":57,"msg_id":20,"type":"broadcast"}}
2024/12/26 17:33:53 Received {n0 n3 {"message":57,"msg_id":20,"type":"broadcast"}}
2024/12/26 17:33:53 Received {n1 n3 {"message":57,"msg_id":20,"type":"broadcast"}}
2024/12/26 17:33:53 Received {n2 n3 {"message":57,"msg_id":20,"type":"broadcast"}}
2024/12/26 17:33:53 Received {n3 n3 {"message":57,"msg_id":20,"type":"broadcast"}}
2024/12/26 17:33:53 Received {n0 n3 {"message":58,"msg_id":41,"type":"broadcast"}}
2024/12/26 17:33:53 Sent {"src":"n3","dest":"n0","body":{"in_reply_to":41,"type":"broadcast_ok"}}
2024/12/26 17:33:53 Sent {"src":"n3","dest":"n4","body":{"message":58,"msg_id":41,"type":"broadcast"}}
2024/12/26 17:33:53 Sent {"src":"n3","dest":"n2","body":{"message":58,"msg_id":41,"type":"broadcast"}}
2024/12/26 17:33:53 Sent {"src":"n3","dest":"n3","body":{"message":58,"msg_id":41,"type":"broadcast"}}
2024/12/26 17:33:53 Sent {"src":"n3","dest":"n1","body":{"message":58,"msg_id":41,"type":"broadcast"}}
2024/12/26 17:33:53 Received {n3 n3 {"message":58,"msg_id":41,"type":"broadcast"}}
2024/12/26 17:33:53 Received {n2 n3 {"message":58,"msg_id":41,"type":"broadcast"}}
2024/12/26 17:33:53 Received {n1 n3 {"message":58,"msg_id":41,"type":"broadcast"}}
2024/12/26 17:33:53 Received {n4 n3 {"message":58,"msg_id":41,"type":"broadcast"}}
2024/12/26 17:33:54 Received {c13 n3 {"type":"read","msg_id":21}}
2024/12/26 17:33:54 Sent {"src":"n3","dest":"c13","body":{"in_reply_to":21,"messages":[35,38,25,8,27,49,56,6,34,4,9,21,37,43,2,13,31,54,0,3,7,20,24,32,1,58,48,36,52,53,14,22,26,11,40,42,51,18,19,30,33,45,47,15,28,29,44,23,10,5,57,17,41,55,16,39,46,50,12],"type":"read_ok"}}
2024/12/26 17:33:54 Received {n4 n3 {"message":59,"msg_id":21,"type":"broadcast"}}
2024/12/26 17:33:54 Sent {"src":"n3","dest":"n4","body":{"in_reply_to":21,"type":"broadcast_ok"}}
2024/12/26 17:33:54 Sent {"src":"n3","dest":"n1","body":{"message":59,"msg_id":21,"type":"broadcast"}}
2024/12/26 17:33:54 Sent {"src":"n3","dest":"n2","body":{"message":59,"msg_id":21,"type":"broadcast"}}
2024/12/26 17:33:54 Sent {"src":"n3","dest":"n3","body":{"message":59,"msg_id":21,"type":"broadcast"}}
2024/12/26 17:33:54 Sent {"src":"n3","dest":"n0","body":{"message":59,"msg_id":21,"type":"broadcast"}}
2024/12/26 17:33:54 Received {n2 n3 {"message":59,"msg_id":21,"type":"broadcast"}}
2024/12/26 17:33:54 Received {n3 n3 {"message":59,"msg_id":21,"type":"broadcast"}}
2024/12/26 17:33:54 Received {n1 n3 {"message":59,"msg_id":21,"type":"broadcast"}}
2024/12/26 17:33:54 Received {n0 n3 {"message":59,"msg_id":21,"type":"broadcast"}}
2024/12/26 17:33:54 Received {n1 n3 {"message":60,"msg_id":22,"type":"broadcast"}}
2024/12/26 17:33:54 Received {n4 n3 {"message":60,"msg_id":22,"type":"broadcast"}}
2024/12/26 17:33:54 Received {n2 n3 {"message":60,"msg_id":22,"type":"broadcast"}}
2024/12/26 17:33:54 Sent {"src":"n3","dest":"n0","body":{"message":60,"msg_id":22,"type":"broadcast"}}
2024/12/26 17:33:54 Sent {"src":"n3","dest":"n1","body":{"in_reply_to":22,"type":"broadcast_ok"}}
2024/12/26 17:33:54 Sent {"src":"n3","dest":"n2","body":{"message":60,"msg_id":22,"type":"broadcast"}}
2024/12/26 17:33:54 Sent {"src":"n3","dest":"n4","body":{"message":60,"msg_id":22,"type":"broadcast"}}
2024/12/26 17:33:54 Sent {"src":"n3","dest":"n3","body":{"message":60,"msg_id":22,"type":"broadcast"}}
2024/12/26 17:33:54 Received {n0 n3 {"message":60,"msg_id":22,"type":"broadcast"}}
2024/12/26 17:33:54 Received {n3 n3 {"message":60,"msg_id":22,"type":"broadcast"}}
2024/12/26 17:33:54 Received {n2 n3 {"message":61,"msg_id":22,"type":"broadcast"}}
2024/12/26 17:33:54 Sent {"src":"n3","dest":"n2","body":{"in_reply_to":22,"type":"broadcast_ok"}}
2024/12/26 17:33:54 Sent {"src":"n3","dest":"n4","body":{"message":61,"msg_id":22,"type":"broadcast"}}
2024/12/26 17:33:54 Sent {"src":"n3","dest":"n0","body":{"message":61,"msg_id":22,"type":"broadcast"}}
2024/12/26 17:33:54 Sent {"src":"n3","dest":"n3","body":{"message":61,"msg_id":22,"type":"broadcast"}}
2024/12/26 17:33:54 Sent {"src":"n3","dest":"n1","body":{"message":61,"msg_id":22,"type":"broadcast"}}
2024/12/26 17:33:54 Received {n1 n3 {"message":61,"msg_id":22,"type":"broadcast"}}
2024/12/26 17:33:54 Received {n3 n3 {"message":61,"msg_id":22,"type":"broadcast"}}
2024/12/26 17:33:54 Received {n4 n3 {"message":61,"msg_id":22,"type":"broadcast"}}
2024/12/26 17:33:54 Received {n0 n3 {"message":61,"msg_id":22,"type":"broadcast"}}
2024/12/26 17:33:54 Received {c13 n3 {"type":"broadcast","message":62,"msg_id":22}}
2024/12/26 17:33:54 Sent {"src":"n3","dest":"c13","body":{"in_reply_to":22,"type":"broadcast_ok"}}
2024/12/26 17:33:54 Sent {"src":"n3","dest":"n2","body":{"message":62,"msg_id":22,"type":"broadcast"}}
2024/12/26 17:33:54 Sent {"src":"n3","dest":"n1","body":{"message":62,"msg_id":22,"type":"broadcast"}}
2024/12/26 17:33:54 Sent {"src":"n3","dest":"n0","body":{"message":62,"msg_id":22,"type":"broadcast"}}
2024/12/26 17:33:54 Sent {"src":"n3","dest":"n4","body":{"message":62,"msg_id":22,"type":"broadcast"}}
2024/12/26 17:33:54 Sent {"src":"n3","dest":"n3","body":{"message":62,"msg_id":22,"type":"broadcast"}}
2024/12/26 17:33:54 Received {n3 n3 {"message":62,"msg_id":22,"type":"broadcast"}}
2024/12/26 17:33:54 Received {n2 n3 {"in_reply_to":22,"type":"broadcast_ok"}}
2024/12/26 17:33:54 Ignoring reply to 22 with no callback
2024/12/26 17:33:54 Received {n0 n3 {"in_reply_to":22,"type":"broadcast_ok"}}
2024/12/26 17:33:54 Ignoring reply to 22 with no callback
2024/12/26 17:33:54 Received {n1 n3 {"in_reply_to":22,"type":"broadcast_ok"}}
2024/12/26 17:33:54 Ignoring reply to 22 with no callback
2024/12/26 17:33:54 Received {n4 n3 {"in_reply_to":22,"type":"broadcast_ok"}}
2024/12/26 17:33:54 Ignoring reply to 22 with no callback
2024/12/26 17:33:54 Received {n2 n3 {"message":63,"msg_id":23,"type":"broadcast"}}
2024/12/26 17:33:54 Sent {"src":"n3","dest":"n2","body":{"in_reply_to":23,"type":"broadcast_ok"}}
2024/12/26 17:33:54 Sent {"src":"n3","dest":"n4","body":{"message":63,"msg_id":23,"type":"broadcast"}}
2024/12/26 17:33:54 Sent {"src":"n3","dest":"n0","body":{"message":63,"msg_id":23,"type":"broadcast"}}
2024/12/26 17:33:54 Sent {"src":"n3","dest":"n1","body":{"message":63,"msg_id":23,"type":"broadcast"}}
2024/12/26 17:33:54 Sent {"src":"n3","dest":"n3","body":{"message":63,"msg_id":23,"type":"broadcast"}}
2024/12/26 17:33:54 Received {n1 n3 {"message":63,"msg_id":23,"type":"broadcast"}}
2024/12/26 17:33:54 Received {n4 n3 {"message":63,"msg_id":23,"type":"broadcast"}}
2024/12/26 17:33:54 Received {n0 n3 {"message":63,"msg_id":23,"type":"broadcast"}}
2024/12/26 17:33:54 Received {n3 n3 {"message":63,"msg_id":23,"type":"broadcast"}}
2024/12/26 17:33:54 Received {c13 n3 {"type":"read","msg_id":23}}
2024/12/26 17:33:54 Sent {"src":"n3","dest":"c13","body":{"in_reply_to":23,"messages":[57,60,16,17,41,55,12,39,46,50,61,63,25,35,38,6,8,27,49,56,34,2,4,9,21,37,43,0,13,31,54,59,62,1,3,7,20,24,32,48,58,14,36,52,53,11,22,26,18,40,42,51,15,19,30,33,45,47,23,28,29,44,5,10],"type":"read_ok"}}
2024/12/26 17:33:55 Received {n4 n3 {"message":64,"msg_id":23,"type":"broadcast"}}
2024/12/26 17:33:55 Sent {"src":"n3","dest":"n4","body":{"in_reply_to":23,"type":"broadcast_ok"}}
2024/12/26 17:33:55 Sent {"src":"n3","dest":"n2","body":{"message":64,"msg_id":23,"type":"broadcast"}}
2024/12/26 17:33:55 Sent {"src":"n3","dest":"n1","body":{"message":64,"msg_id":23,"type":"broadcast"}}
2024/12/26 17:33:55 Sent {"src":"n3","dest":"n0","body":{"message":64,"msg_id":23,"type":"broadcast"}}
2024/12/26 17:33:55 Sent {"src":"n3","dest":"n3","body":{"message":64,"msg_id":23,"type":"broadcast"}}
2024/12/26 17:33:55 Received {n1 n3 {"message":64,"msg_id":23,"type":"broadcast"}}
2024/12/26 17:33:55 Received {n2 n3 {"message":64,"msg_id":23,"type":"broadcast"}}
2024/12/26 17:33:55 Received {n0 n3 {"message":64,"msg_id":23,"type":"broadcast"}}
2024/12/26 17:33:55 Received {n3 n3 {"message":64,"msg_id":23,"type":"broadcast"}}
2024/12/26 17:33:55 Received {n1 n3 {"message":65,"msg_id":24,"type":"broadcast"}}
2024/12/26 17:33:55 Sent {"src":"n3","dest":"n1","body":{"in_reply_to":24,"type":"broadcast_ok"}}
2024/12/26 17:33:55 Sent {"src":"n3","dest":"n4","body":{"message":65,"msg_id":24,"type":"broadcast"}}
2024/12/26 17:33:55 Sent {"src":"n3","dest":"n0","body":{"message":65,"msg_id":24,"type":"broadcast"}}
2024/12/26 17:33:55 Sent {"src":"n3","dest":"n2","body":{"message":65,"msg_id":24,"type":"broadcast"}}
2024/12/26 17:33:55 Sent {"src":"n3","dest":"n3","body":{"message":65,"msg_id":24,"type":"broadcast"}}
2024/12/26 17:33:55 Received {n2 n3 {"message":65,"msg_id":24,"type":"broadcast"}}
2024/12/26 17:33:55 Received {n0 n3 {"message":65,"msg_id":24,"type":"broadcast"}}
2024/12/26 17:33:55 Received {n3 n3 {"message":65,"msg_id":24,"type":"broadcast"}}
2024/12/26 17:33:55 Received {n4 n3 {"message":65,"msg_id":24,"type":"broadcast"}}
2024/12/26 17:33:55 Received {c13 n3 {"type":"broadcast","message":66,"msg_id":24}}
2024/12/26 17:33:55 Sent {"src":"n3","dest":"c13","body":{"in_reply_to":24,"type":"broadcast_ok"}}
2024/12/26 17:33:55 Sent {"src":"n3","dest":"n1","body":{"message":66,"msg_id":24,"type":"broadcast"}}
2024/12/26 17:33:55 Sent {"src":"n3","dest":"n0","body":{"message":66,"msg_id":24,"type":"broadcast"}}
2024/12/26 17:33:55 Sent {"src":"n3","dest":"n2","body":{"message":66,"msg_id":24,"type":"broadcast"}}
2024/12/26 17:33:55 Sent {"src":"n3","dest":"n3","body":{"message":66,"msg_id":24,"type":"broadcast"}}
2024/12/26 17:33:55 Sent {"src":"n3","dest":"n4","body":{"message":66,"msg_id":24,"type":"broadcast"}}
2024/12/26 17:33:55 Received {n3 n3 {"message":66,"msg_id":24,"type":"broadcast"}}
2024/12/26 17:33:55 Received {n4 n3 {"in_reply_to":24,"type":"broadcast_ok"}}
2024/12/26 17:33:55 Ignoring reply to 24 with no callback
2024/12/26 17:33:55 Received {n0 n3 {"in_reply_to":24,"type":"broadcast_ok"}}
2024/12/26 17:33:55 Ignoring reply to 24 with no callback
2024/12/26 17:33:55 Received {n1 n3 {"in_reply_to":24,"type":"broadcast_ok"}}
2024/12/26 17:33:55 Ignoring reply to 24 with no callback
2024/12/26 17:33:55 Received {n2 n3 {"in_reply_to":24,"type":"broadcast_ok"}}
2024/12/26 17:33:55 Ignoring reply to 24 with no callback
2024/12/26 17:33:55 Received {n4 n3 {"message":67,"msg_id":24,"type":"broadcast"}}
2024/12/26 17:33:55 Sent {"src":"n3","dest":"n4","body":{"in_reply_to":24,"type":"broadcast_ok"}}
2024/12/26 17:33:55 Sent {"src":"n3","dest":"n3","body":{"message":67,"msg_id":24,"type":"broadcast"}}
2024/12/26 17:33:55 Sent {"src":"n3","dest":"n0","body":{"message":67,"msg_id":24,"type":"broadcast"}}
2024/12/26 17:33:55 Sent {"src":"n3","dest":"n1","body":{"message":67,"msg_id":24,"type":"broadcast"}}
2024/12/26 17:33:55 Sent {"src":"n3","dest":"n2","body":{"message":67,"msg_id":24,"type":"broadcast"}}
2024/12/26 17:33:55 Received {n0 n3 {"message":67,"msg_id":24,"type":"broadcast"}}
2024/12/26 17:33:55 Received {n3 n3 {"message":67,"msg_id":24,"type":"broadcast"}}
2024/12/26 17:33:55 Received {n1 n3 {"message":67,"msg_id":24,"type":"broadcast"}}
2024/12/26 17:33:55 Received {n2 n3 {"message":67,"msg_id":24,"type":"broadcast"}}
2024/12/26 17:33:55 Received {n0 n3 {"message":68,"msg_id":25,"type":"broadcast"}}
2024/12/26 17:33:55 Received {n1 n3 {"message":68,"msg_id":25,"type":"broadcast"}}
2024/12/26 17:33:55 Sent {"src":"n3","dest":"n0","body":{"in_reply_to":25,"type":"broadcast_ok"}}
2024/12/26 17:33:55 Sent {"src":"n3","dest":"n4","body":{"message":68,"msg_id":25,"type":"broadcast"}}
2024/12/26 17:33:55 Sent {"src":"n3","dest":"n2","body":{"message":68,"msg_id":25,"type":"broadcast"}}
2024/12/26 17:33:55 Sent {"src":"n3","dest":"n3","body":{"message":68,"msg_id":25,"type":"broadcast"}}
2024/12/26 17:33:55 Sent {"src":"n3","dest":"n1","body":{"message":68,"msg_id":25,"type":"broadcast"}}
2024/12/26 17:33:55 Received {n2 n3 {"message":68,"msg_id":25,"type":"broadcast"}}
2024/12/26 17:33:55 Received {n3 n3 {"message":68,"msg_id":25,"type":"broadcast"}}
2024/12/26 17:33:55 Received {n4 n3 {"message":68,"msg_id":25,"type":"broadcast"}}
2024/12/26 17:33:56 Received {n2 n3 {"message":69,"msg_id":25,"type":"broadcast"}}
2024/12/26 17:33:56 Sent {"src":"n3","dest":"n2","body":{"in_reply_to":25,"type":"broadcast_ok"}}
2024/12/26 17:33:56 Sent {"src":"n3","dest":"n4","body":{"message":69,"msg_id":25,"type":"broadcast"}}
2024/12/26 17:33:56 Sent {"src":"n3","dest":"n3","body":{"message":69,"msg_id":25,"type":"broadcast"}}
2024/12/26 17:33:56 Sent {"src":"n3","dest":"n1","body":{"message":69,"msg_id":25,"type":"broadcast"}}
2024/12/26 17:33:56 Sent {"src":"n3","dest":"n0","body":{"message":69,"msg_id":25,"type":"broadcast"}}
2024/12/26 17:33:56 Received {n0 n3 {"message":69,"msg_id":25,"type":"broadcast"}}
2024/12/26 17:33:56 Received {n1 n3 {"message":69,"msg_id":25,"type":"broadcast"}}
2024/12/26 17:33:56 Received {n4 n3 {"message":69,"msg_id":25,"type":"broadcast"}}
2024/12/26 17:33:56 Received {n3 n3 {"message":69,"msg_id":25,"type":"broadcast"}}
2024/12/26 17:33:56 Received {c13 n3 {"type":"read","msg_id":25}}
2024/12/26 17:33:56 Sent {"src":"n3","dest":"c13","body":{"in_reply_to":25,"messages":[36,52,53,14,22,26,68,11,40,42,51,64,65,18,19,30,33,45,47,69,15,28,29,44,23,10,5,60,57,17,41,55,16,39,46,50,61,63,12,35,38,66,67,25,8,27,49,56,6,34,4,9,21,37,43,2,13,31,54,59,62,0,3,7,20,24,32,1,58,48],"type":"read_ok"}}
2024/12/26 17:33:56 Received {n2 n3 {"message":70,"msg_id":26,"type":"broadcast"}}
2024/12/26 17:33:56 Sent {"src":"n3","dest":"n2","body":{"in_reply_to":26,"type":"broadcast_ok"}}
2024/12/26 17:33:56 Sent {"src":"n3","dest":"n4","body":{"message":70,"msg_id":26,"type":"broadcast"}}
2024/12/26 17:33:56 Sent {"src":"n3","dest":"n0","body":{"message":70,"msg_id":26,"type":"broadcast"}}
2024/12/26 17:33:56 Sent {"src":"n3","dest":"n1","body":{"message":70,"msg_id":26,"type":"broadcast"}}
2024/12/26 17:33:56 Sent {"src":"n3","dest":"n3","body":{"message":70,"msg_id":26,"type":"broadcast"}}
2024/12/26 17:33:56 Received {n1 n3 {"message":70,"msg_id":26,"type":"broadcast"}}
2024/12/26 17:33:56 Received {n4 n3 {"message":70,"msg_id":26,"type":"broadcast"}}
2024/12/26 17:33:56 Received {n0 n3 {"message":70,"msg_id":26,"type":"broadcast"}}
2024/12/26 17:33:56 Received {n3 n3 {"message":70,"msg_id":26,"type":"broadcast"}}
2024/12/26 17:33:56 Received {c13 n3 {"type":"broadcast","message":71,"msg_id":26}}
2024/12/26 17:33:56 Sent {"src":"n3","dest":"n1","body":{"message":71,"msg_id":26,"type":"broadcast"}}
2024/12/26 17:33:56 Sent {"src":"n3","dest":"c13","body":{"in_reply_to":26,"type":"broadcast_ok"}}
2024/12/26 17:33:56 Sent {"src":"n3","dest":"n4","body":{"message":71,"msg_id":26,"type":"broadcast"}}
2024/12/26 17:33:56 Sent {"src":"n3","dest":"n0","body":{"message":71,"msg_id":26,"type":"broadcast"}}
2024/12/26 17:33:56 Sent {"src":"n3","dest":"n2","body":{"message":71,"msg_id":26,"type":"broadcast"}}
2024/12/26 17:33:56 Sent {"src":"n3","dest":"n3","body":{"message":71,"msg_id":26,"type":"broadcast"}}
2024/12/26 17:33:56 Received {n3 n3 {"message":71,"msg_id":26,"type":"broadcast"}}
2024/12/26 17:33:56 Received {n4 n3 {"in_reply_to":26,"type":"broadcast_ok"}}
2024/12/26 17:33:56 Ignoring reply to 26 with no callback
2024/12/26 17:33:56 Received {n1 n3 {"in_reply_to":26,"type":"broadcast_ok"}}
2024/12/26 17:33:56 Ignoring reply to 26 with no callback
2024/12/26 17:33:56 Received {n2 n3 {"in_reply_to":26,"type":"broadcast_ok"}}
2024/12/26 17:33:56 Ignoring reply to 26 with no callback
2024/12/26 17:33:56 Received {n0 n3 {"in_reply_to":26,"type":"broadcast_ok"}}
2024/12/26 17:33:56 Ignoring reply to 26 with no callback
2024/12/26 17:33:56 Received {n4 n3 {"message":72,"msg_id":26,"type":"broadcast"}}
2024/12/26 17:33:56 Sent {"src":"n3","dest":"n1","body":{"message":72,"msg_id":26,"type":"broadcast"}}
2024/12/26 17:33:56 Sent {"src":"n3","dest":"n4","body":{"in_reply_to":26,"type":"broadcast_ok"}}
2024/12/26 17:33:56 Sent {"src":"n3","dest":"n2","body":{"message":72,"msg_id":26,"type":"broadcast"}}
2024/12/26 17:33:56 Sent {"src":"n3","dest":"n0","body":{"message":72,"msg_id":26,"type":"broadcast"}}
2024/12/26 17:33:56 Sent {"src":"n3","dest":"n3","body":{"message":72,"msg_id":26,"type":"broadcast"}}
2024/12/26 17:33:56 Received {n0 n3 {"message":72,"msg_id":26,"type":"broadcast"}}
2024/12/26 17:33:56 Received {n1 n3 {"message":72,"msg_id":26,"type":"broadcast"}}
2024/12/26 17:33:56 Received {n3 n3 {"message":72,"msg_id":26,"type":"broadcast"}}
2024/12/26 17:33:56 Received {n2 n3 {"message":72,"msg_id":26,"type":"broadcast"}}
2024/12/26 17:33:57 Received {n1 n3 {"message":73,"msg_id":27,"type":"broadcast"}}
2024/12/26 17:33:57 Sent {"src":"n3","dest":"n1","body":{"in_reply_to":27,"type":"broadcast_ok"}}
2024/12/26 17:33:57 Sent {"src":"n3","dest":"n2","body":{"message":73,"msg_id":27,"type":"broadcast"}}
2024/12/26 17:33:57 Sent {"src":"n3","dest":"n4","body":{"message":73,"msg_id":27,"type":"broadcast"}}
2024/12/26 17:33:57 Sent {"src":"n3","dest":"n3","body":{"message":73,"msg_id":27,"type":"broadcast"}}
2024/12/26 17:33:57 Sent {"src":"n3","dest":"n0","body":{"message":73,"msg_id":27,"type":"broadcast"}}
2024/12/26 17:33:57 Received {n2 n3 {"message":73,"msg_id":27,"type":"broadcast"}}
2024/12/26 17:33:57 Received {n0 n3 {"message":73,"msg_id":27,"type":"broadcast"}}
2024/12/26 17:33:57 Received {n4 n3 {"message":73,"msg_id":27,"type":"broadcast"}}
2024/12/26 17:33:57 Received {n3 n3 {"message":73,"msg_id":27,"type":"broadcast"}}
2024/12/26 17:33:57 Received {c13 n3 {"type":"read","msg_id":27}}
2024/12/26 17:33:57 Sent {"src":"n3","dest":"c13","body":{"in_reply_to":27,"messages":[23,28,29,44,5,10,70,57,60,72,16,17,41,55,12,39,46,50,61,63,71,25,35,38,66,67,6,8,27,49,56,34,2,4,9,21,37,43,0,13,31,54,59,62,1,3,7,20,24,32,48,58,14,36,52,53,11,22,26,68,18,40,42,51,64,65,73,15,19,30,33,45,47,69],"type":"read_ok"}}
2024/12/26 17:33:57 Received {n0 n3 {"message":74,"msg_id":54,"type":"broadcast"}}
2024/12/26 17:33:57 Sent {"src":"n3","dest":"n0","body":{"in_reply_to":54,"type":"broadcast_ok"}}
2024/12/26 17:33:57 Sent {"src":"n3","dest":"n4","body":{"message":74,"msg_id":54,"type":"broadcast"}}
2024/12/26 17:33:57 Sent {"src":"n3","dest":"n1","body":{"message":74,"msg_id":54,"type":"broadcast"}}
2024/12/26 17:33:57 Sent {"src":"n3","dest":"n2","body":{"message":74,"msg_id":54,"type":"broadcast"}}
2024/12/26 17:33:57 Sent {"src":"n3","dest":"n3","body":{"message":74,"msg_id":54,"type":"broadcast"}}
2024/12/26 17:33:57 Received {n4 n3 {"message":74,"msg_id":54,"type":"broadcast"}}
2024/12/26 17:33:57 Received {n1 n3 {"message":74,"msg_id":54,"type":"broadcast"}}
2024/12/26 17:33:57 Received {n2 n3 {"message":74,"msg_id":54,"type":"broadcast"}}
2024/12/26 17:33:57 Received {n3 n3 {"message":74,"msg_id":54,"type":"broadcast"}}
2024/12/26 17:33:57 Received {n2 n3 {"message":75,"msg_id":28,"type":"broadcast"}}
2024/12/26 17:33:57 Sent {"src":"n3","dest":"n2","body":{"in_reply_to":28,"type":"broadcast_ok"}}
2024/12/26 17:33:57 Sent {"src":"n3","dest":"n4","body":{"message":75,"msg_id":28,"type":"broadcast"}}
2024/12/26 17:33:57 Sent {"src":"n3","dest":"n0","body":{"message":75,"msg_id":28,"type":"broadcast"}}
2024/12/26 17:33:57 Sent {"src":"n3","dest":"n1","body":{"message":75,"msg_id":28,"type":"broadcast"}}
2024/12/26 17:33:57 Sent {"src":"n3","dest":"n3","body":{"message":75,"msg_id":28,"type":"broadcast"}}
2024/12/26 17:33:57 Received {n1 n3 {"message":75,"msg_id":28,"type":"broadcast"}}
2024/12/26 17:33:57 Received {n0 n3 {"message":75,"msg_id":28,"type":"broadcast"}}
2024/12/26 17:33:57 Received {n3 n3 {"message":75,"msg_id":28,"type":"broadcast"}}
2024/12/26 17:33:57 Received {n4 n3 {"message":75,"msg_id":28,"type":"broadcast"}}
2024/12/26 17:33:57 Received {c13 n3 {"type":"read","msg_id":28}}
2024/12/26 17:33:57 Sent {"src":"n3","dest":"c13","body":{"in_reply_to":28,"messages":[50,61,63,71,12,39,46,66,67,25,35,38,49,56,6,8,27,34,75,21,37,43,2,4,9,54,59,62,0,13,31,20,24,32,1,3,7,48,58,53,14,36,52,68,74,11,22,26,51,64,65,73,18,40,42,33,45,47,69,15,19,30,44,23,28,29,5,10,70,57,60,72,55,16,17,41],"type":"read_ok"}}
2024/12/26 17:33:58 Received {n4 n3 {"message":76,"msg_id":28,"type":"broadcast"}}
2024/12/26 17:33:58 Sent {"src":"n3","dest":"n4","body":{"in_reply_to":28,"type":"broadcast_ok"}}
2024/12/26 17:33:58 Sent {"src":"n3","dest":"n3","body":{"message":76,"msg_id":28,"type":"broadcast"}}
2024/12/26 17:33:58 Sent {"src":"n3","dest":"n0","body":{"message":76,"msg_id":28,"type":"broadcast"}}
2024/12/26 17:33:58 Sent {"src":"n3","dest":"n1","body":{"message":76,"msg_id":28,"type":"broadcast"}}
2024/12/26 17:33:58 Sent {"src":"n3","dest":"n2","body":{"message":76,"msg_id":28,"type":"broadcast"}}
2024/12/26 17:33:58 Received {n1 n3 {"message":76,"msg_id":28,"type":"broadcast"}}
2024/12/26 17:33:58 Received {n0 n3 {"message":76,"msg_id":28,"type":"broadcast"}}
2024/12/26 17:33:58 Received {n3 n3 {"message":76,"msg_id":28,"type":"broadcast"}}
2024/12/26 17:33:58 Received {n2 n3 {"message":76,"msg_id":28,"type":"broadcast"}}
2024/12/26 17:33:58 Received {n0 n3 {"message":77,"msg_id":56,"type":"broadcast"}}
2024/12/26 17:33:58 Sent {"src":"n3","dest":"n0","body":{"in_reply_to":56,"type":"broadcast_ok"}}
2024/12/26 17:33:58 Sent {"src":"n3","dest":"n2","body":{"message":77,"msg_id":56,"type":"broadcast"}}
2024/12/26 17:33:58 Sent {"src":"n3","dest":"n4","body":{"message":77,"msg_id":56,"type":"broadcast"}}
2024/12/26 17:33:58 Sent {"src":"n3","dest":"n3","body":{"message":77,"msg_id":56,"type":"broadcast"}}
2024/12/26 17:33:58 Sent {"src":"n3","dest":"n1","body":{"message":77,"msg_id":56,"type":"broadcast"}}
2024/12/26 17:33:58 Received {n4 n3 {"message":77,"msg_id":56,"type":"broadcast"}}
2024/12/26 17:33:58 Received {n3 n3 {"message":77,"msg_id":56,"type":"broadcast"}}
2024/12/26 17:33:58 Received {n2 n3 {"message":77,"msg_id":56,"type":"broadcast"}}
2024/12/26 17:33:58 Received {n1 n3 {"message":77,"msg_id":56,"type":"broadcast"}}
2024/12/26 17:33:58 Received {n0 n3 {"message":78,"msg_id":57,"type":"broadcast"}}
2024/12/26 17:33:58 Received {n4 n3 {"message":78,"msg_id":57,"type":"broadcast"}}
2024/12/26 17:33:58 Received {n1 n3 {"message":78,"msg_id":57,"type":"broadcast"}}
2024/12/26 17:33:58 Sent {"src":"n3","dest":"n0","body":{"in_reply_to":57,"type":"broadcast_ok"}}
2024/12/26 17:33:58 Sent {"src":"n3","dest":"n4","body":{"message":78,"msg_id":57,"type":"broadcast"}}
2024/12/26 17:33:58 Sent {"src":"n3","dest":"n1","body":{"message":78,"msg_id":57,"type":"broadcast"}}
2024/12/26 17:33:58 Sent {"src":"n3","dest":"n2","body":{"message":78,"msg_id":57,"type":"broadcast"}}
2024/12/26 17:33:58 Sent {"src":"n3","dest":"n3","body":{"message":78,"msg_id":57,"type":"broadcast"}}
2024/12/26 17:33:58 Received {n2 n3 {"message":78,"msg_id":57,"type":"broadcast"}}
2024/12/26 17:33:58 Received {n3 n3 {"message":78,"msg_id":57,"type":"broadcast"}}
2024/12/26 17:33:58 Received {n2 n3 {"message":79,"msg_id":29,"type":"broadcast"}}
2024/12/26 17:33:58 Sent {"src":"n3","dest":"n2","body":{"in_reply_to":29,"type":"broadcast_ok"}}
2024/12/26 17:33:58 Sent {"src":"n3","dest":"n0","body":{"message":79,"msg_id":29,"type":"broadcast"}}
2024/12/26 17:33:58 Sent {"src":"n3","dest":"n1","body":{"message":79,"msg_id":29,"type":"broadcast"}}
2024/12/26 17:33:58 Sent {"src":"n3","dest":"n4","body":{"message":79,"msg_id":29,"type":"broadcast"}}
2024/12/26 17:33:58 Sent {"src":"n3","dest":"n3","body":{"message":79,"msg_id":29,"type":"broadcast"}}
2024/12/26 17:33:58 Received {n1 n3 {"message":79,"msg_id":29,"type":"broadcast"}}
2024/12/26 17:33:58 Received {n3 n3 {"message":79,"msg_id":29,"type":"broadcast"}}
2024/12/26 17:33:58 Received {n4 n3 {"message":79,"msg_id":29,"type":"broadcast"}}
2024/12/26 17:33:58 Received {n0 n3 {"message":79,"msg_id":29,"type":"broadcast"}}
2024/12/26 17:33:58 Received {c13 n3 {"type":"read","msg_id":29}}
2024/12/26 17:33:58 Sent {"src":"n3","dest":"c13","body":{"in_reply_to":29,"messages":[68,74,76,11,22,26,51,64,65,73,18,40,42,33,45,47,69,15,19,30,44,23,28,29,5,10,70,77,57,60,72,55,16,17,41,50,61,63,71,12,39,46,66,67,79,25,35,38,49,56,6,8,27,34,75,78,21,37,43,2,4,9,54,59,62,0,13,31,20,24,32,1,3,7,48,58,53,14,36,52],"type":"read_ok"}}
2024/12/26 17:33:58 Received {n0 n3 {"message":80,"msg_id":59,"type":"broadcast"}}
2024/12/26 17:33:58 Sent {"src":"n3","dest":"n0","body":{"in_reply_to":59,"type":"broadcast_ok"}}
2024/12/26 17:33:58 Sent {"src":"n3","dest":"n4","body":{"message":80,"msg_id":59,"type":"broadcast"}}
2024/12/26 17:33:58 Sent {"src":"n3","dest":"n2","body":{"message":80,"msg_id":59,"type":"broadcast"}}
2024/12/26 17:33:58 Sent {"src":"n3","dest":"n1","body":{"message":80,"msg_id":59,"type":"broadcast"}}
2024/12/26 17:33:58 Sent {"src":"n3","dest":"n3","body":{"message":80,"msg_id":59,"type":"broadcast"}}
2024/12/26 17:33:58 Received {n4 n3 {"message":80,"msg_id":59,"type":"broadcast"}}
2024/12/26 17:33:58 Received {n1 n3 {"message":80,"msg_id":59,"type":"broadcast"}}
2024/12/26 17:33:58 Received {n2 n3 {"message":80,"msg_id":59,"type":"broadcast"}}
2024/12/26 17:33:58 Received {n3 n3 {"message":80,"msg_id":59,"type":"broadcast"}}
2024/12/26 17:33:59 Received {c13 n3 {"type":"broadcast","message":81,"msg_id":30}}
2024/12/26 17:33:59 Sent {"src":"n3","dest":"c13","body":{"in_reply_to":30,"type":"broadcast_ok"}}
2024/12/26 17:33:59 Sent {"src":"n3","dest":"n4","body":{"message":81,"msg_id":30,"type":"broadcast"}}
2024/12/26 17:33:59 Sent {"src":"n3","dest":"n1","body":{"message":81,"msg_id":30,"type":"broadcast"}}
2024/12/26 17:33:59 Sent {"src":"n3","dest":"n2","body":{"message":81,"msg_id":30,"type":"broadcast"}}
2024/12/26 17:33:59 Sent {"src":"n3","dest":"n0","body":{"message":81,"msg_id":30,"type":"broadcast"}}
2024/12/26 17:33:59 Sent {"src":"n3","dest":"n3","body":{"message":81,"msg_id":30,"type":"broadcast"}}
2024/12/26 17:33:59 Received {n3 n3 {"message":81,"msg_id":30,"type":"broadcast"}}
2024/12/26 17:33:59 Received {n1 n3 {"in_reply_to":30,"type":"broadcast_ok"}}
2024/12/26 17:33:59 Ignoring reply to 30 with no callback
2024/12/26 17:33:59 Received {n4 n3 {"in_reply_to":30,"type":"broadcast_ok"}}
2024/12/26 17:33:59 Ignoring reply to 30 with no callback
2024/12/26 17:33:59 Received {n0 n3 {"in_reply_to":30,"type":"broadcast_ok"}}
2024/12/26 17:33:59 Ignoring reply to 30 with no callback
2024/12/26 17:33:59 Received {n2 n3 {"in_reply_to":30,"type":"broadcast_ok"}}
2024/12/26 17:33:59 Ignoring reply to 30 with no callback
2024/12/26 17:33:59 Received {n4 n3 {"message":82,"msg_id":30,"type":"broadcast"}}
2024/12/26 17:33:59 Sent {"src":"n3","dest":"n4","body":{"in_reply_to":30,"type":"broadcast_ok"}}
2024/12/26 17:33:59 Sent {"src":"n3","dest":"n2","body":{"message":82,"msg_id":30,"type":"broadcast"}}
2024/12/26 17:33:59 Sent {"src":"n3","dest":"n1","body":{"message":82,"msg_id":30,"type":"broadcast"}}
2024/12/26 17:33:59 Sent {"src":"n3","dest":"n0","body":{"message":82,"msg_id":30,"type":"broadcast"}}
2024/12/26 17:33:59 Sent {"src":"n3","dest":"n3","body":{"message":82,"msg_id":30,"type":"broadcast"}}
2024/12/26 17:33:59 Received {n2 n3 {"message":82,"msg_id":30,"type":"broadcast"}}
2024/12/26 17:33:59 Received {n0 n3 {"message":82,"msg_id":30,"type":"broadcast"}}
2024/12/26 17:33:59 Received {n1 n3 {"message":82,"msg_id":30,"type":"broadcast"}}
2024/12/26 17:33:59 Received {n3 n3 {"message":82,"msg_id":30,"type":"broadcast"}}
2024/12/26 17:33:59 Received {n0 n3 {"message":83,"msg_id":60,"type":"broadcast"}}
2024/12/26 17:33:59 Sent {"src":"n3","dest":"n0","body":{"in_reply_to":60,"type":"broadcast_ok"}}
2024/12/26 17:33:59 Sent {"src":"n3","dest":"n4","body":{"message":83,"msg_id":60,"type":"broadcast"}}
2024/12/26 17:33:59 Sent {"src":"n3","dest":"n3","body":{"message":83,"msg_id":60,"type":"broadcast"}}
2024/12/26 17:33:59 Sent {"src":"n3","dest":"n1","body":{"message":83,"msg_id":60,"type":"broadcast"}}
2024/12/26 17:33:59 Sent {"src":"n3","dest":"n2","body":{"message":83,"msg_id":60,"type":"broadcast"}}
2024/12/26 17:33:59 Received {n4 n3 {"message":83,"msg_id":60,"type":"broadcast"}}
2024/12/26 17:33:59 Received {n1 n3 {"message":83,"msg_id":60,"type":"broadcast"}}
2024/12/26 17:33:59 Received {n3 n3 {"message":83,"msg_id":60,"type":"broadcast"}}
2024/12/26 17:33:59 Received {n2 n3 {"message":83,"msg_id":60,"type":"broadcast"}}
2024/12/26 17:33:59 Received {n0 n3 {"message":84,"msg_id":61,"type":"broadcast"}}
2024/12/26 17:33:59 Sent {"src":"n3","dest":"n0","body":{"in_reply_to":61,"type":"broadcast_ok"}}
2024/12/26 17:33:59 Sent {"src":"n3","dest":"n4","body":{"message":84,"msg_id":61,"type":"broadcast"}}
2024/12/26 17:33:59 Sent {"src":"n3","dest":"n1","body":{"message":84,"msg_id":61,"type":"broadcast"}}
2024/12/26 17:33:59 Sent {"src":"n3","dest":"n3","body":{"message":84,"msg_id":61,"type":"broadcast"}}
2024/12/26 17:33:59 Sent {"src":"n3","dest":"n2","body":{"message":84,"msg_id":61,"type":"broadcast"}}
2024/12/26 17:33:59 Received {n4 n3 {"message":84,"msg_id":61,"type":"broadcast"}}
2024/12/26 17:33:59 Received {n3 n3 {"message":84,"msg_id":61,"type":"broadcast"}}
2024/12/26 17:33:59 Received {n2 n3 {"message":84,"msg_id":61,"type":"broadcast"}}
2024/12/26 17:33:59 Received {n1 n3 {"message":84,"msg_id":61,"type":"broadcast"}}
2024/12/26 17:33:59 Received {c13 n3 {"type":"read","msg_id":31}}
2024/12/26 17:33:59 Sent {"src":"n3","dest":"c13","body":{"in_reply_to":31,"messages":[36,52,53,14,22,26,68,74,76,11,40,42,51,64,65,73,18,19,30,33,45,47,69,15,28,29,44,23,10,70,84,5,60,72,77,81,57,17,41,55,83,16,39,46,50,61,63,71,12,35,38,66,67,79,25,8,27,49,56,6,75,78,34,4,9,21,37,43,80,2,13,31,54,59,62,0,3,7,20,24,32,1,58,82,48],"type":"read_ok"}}
2024/12/26 17:34:00 Received {n1 n3 {"message":85,"msg_id":32,"type":"broadcast"}}
2024/12/26 17:34:00 Sent {"src":"n3","dest":"n1","body":{"in_reply_to":32,"type":"broadcast_ok"}}
2024/12/26 17:34:00 Sent {"src":"n3","dest":"n2","body":{"message":85,"msg_id":32,"type":"broadcast"}}
2024/12/26 17:34:00 Sent {"src":"n3","dest":"n4","body":{"message":85,"msg_id":32,"type":"broadcast"}}
2024/12/26 17:34:00 Sent {"src":"n3","dest":"n3","body":{"message":85,"msg_id":32,"type":"broadcast"}}
2024/12/26 17:34:00 Sent {"src":"n3","dest":"n0","body":{"message":85,"msg_id":32,"type":"broadcast"}}
2024/12/26 17:34:00 Received {n4 n3 {"message":85,"msg_id":32,"type":"broadcast"}}
2024/12/26 17:34:00 Received {n3 n3 {"message":85,"msg_id":32,"type":"broadcast"}}
2024/12/26 17:34:00 Received {n0 n3 {"message":85,"msg_id":32,"type":"broadcast"}}
2024/12/26 17:34:00 Received {n2 n3 {"message":85,"msg_id":32,"type":"broadcast"}}
2024/12/26 17:34:00 Received {c13 n3 {"type":"broadcast","message":86,"msg_id":32}}
2024/12/26 17:34:00 Sent {"src":"n3","dest":"c13","body":{"in_reply_to":32,"type":"broadcast_ok"}}
2024/12/26 17:34:00 Sent {"src":"n3","dest":"n1","body":{"message":86,"msg_id":32,"type":"broadcast"}}
2024/12/26 17:34:00 Sent {"src":"n3","dest":"n0","body":{"message":86,"msg_id":32,"type":"broadcast"}}
2024/12/26 17:34:00 Sent {"src":"n3","dest":"n4","body":{"message":86,"msg_id":32,"type":"broadcast"}}
2024/12/26 17:34:00 Sent {"src":"n3","dest":"n3","body":{"message":86,"msg_id":32,"type":"broadcast"}}
2024/12/26 17:34:00 Sent {"src":"n3","dest":"n2","body":{"message":86,"msg_id":32,"type":"broadcast"}}
2024/12/26 17:34:00 Received {n3 n3 {"message":86,"msg_id":32,"type":"broadcast"}}
2024/12/26 17:34:00 Received {n1 n3 {"in_reply_to":32,"type":"broadcast_ok"}}
2024/12/26 17:34:00 Ignoring reply to 32 with no callback
2024/12/26 17:34:00 Received {n0 n3 {"in_reply_to":32,"type":"broadcast_ok"}}
2024/12/26 17:34:00 Ignoring reply to 32 with no callback
2024/12/26 17:34:00 Received {n2 n3 {"in_reply_to":32,"type":"broadcast_ok"}}
2024/12/26 17:34:00 Ignoring reply to 32 with no callback
2024/12/26 17:34:00 Received {n4 n3 {"in_reply_to":32,"type":"broadcast_ok"}}
2024/12/26 17:34:00 Ignoring reply to 32 with no callback
2024/12/26 17:34:00 Received {n0 n3 {"message":87,"msg_id":64,"type":"broadcast"}}
2024/12/26 17:34:00 Sent {"src":"n3","dest":"n0","body":{"in_reply_to":64,"type":"broadcast_ok"}}
2024/12/26 17:34:00 Sent {"src":"n3","dest":"n4","body":{"message":87,"msg_id":64,"type":"broadcast"}}
2024/12/26 17:34:00 Sent {"src":"n3","dest":"n2","body":{"message":87,"msg_id":64,"type":"broadcast"}}
2024/12/26 17:34:00 Sent {"src":"n3","dest":"n3","body":{"message":87,"msg_id":64,"type":"broadcast"}}
2024/12/26 17:34:00 Sent {"src":"n3","dest":"n1","body":{"message":87,"msg_id":64,"type":"broadcast"}}
2024/12/26 17:34:00 Received {n4 n3 {"message":87,"msg_id":64,"type":"broadcast"}}
2024/12/26 17:34:00 Received {n1 n3 {"message":87,"msg_id":64,"type":"broadcast"}}
2024/12/26 17:34:00 Received {n3 n3 {"message":87,"msg_id":64,"type":"broadcast"}}
2024/12/26 17:34:00 Received {n2 n3 {"message":87,"msg_id":64,"type":"broadcast"}}
2024/12/26 17:34:00 Received {n0 n3 {"message":88,"msg_id":65,"type":"broadcast"}}
2024/12/26 17:34:00 Sent {"src":"n3","dest":"n0","body":{"in_reply_to":65,"type":"broadcast_ok"}}
2024/12/26 17:34:00 Sent {"src":"n3","dest":"n4","body":{"message":88,"msg_id":65,"type":"broadcast"}}
2024/12/26 17:34:00 Sent {"src":"n3","dest":"n1","body":{"message":88,"msg_id":65,"type":"broadcast"}}
2024/12/26 17:34:00 Sent {"src":"n3","dest":"n2","body":{"message":88,"msg_id":65,"type":"broadcast"}}
2024/12/26 17:34:00 Sent {"src":"n3","dest":"n3","body":{"message":88,"msg_id":65,"type":"broadcast"}}
2024/12/26 17:34:00 Received {n1 n3 {"message":88,"msg_id":65,"type":"broadcast"}}
2024/12/26 17:34:00 Received {n4 n3 {"message":88,"msg_id":65,"type":"broadcast"}}
2024/12/26 17:34:00 Received {n2 n3 {"message":88,"msg_id":65,"type":"broadcast"}}
2024/12/26 17:34:00 Received {n3 n3 {"message":88,"msg_id":65,"type":"broadcast"}}
2024/12/26 17:34:00 Received {c13 n3 {"type":"broadcast","message":89,"msg_id":33}}
2024/12/26 17:34:00 Sent {"src":"n3","dest":"c13","body":{"in_reply_to":33,"type":"broadcast_ok"}}
2024/12/26 17:34:00 Sent {"src":"n3","dest":"n1","body":{"message":89,"msg_id":33,"type":"broadcast"}}
2024/12/26 17:34:00 Sent {"src":"n3","dest":"n4","body":{"message":89,"msg_id":33,"type":"broadcast"}}
2024/12/26 17:34:00 Sent {"src":"n3","dest":"n3","body":{"message":89,"msg_id":33,"type":"broadcast"}}
2024/12/26 17:34:00 Sent {"src":"n3","dest":"n2","body":{"message":89,"msg_id":33,"type":"broadcast"}}
2024/12/26 17:34:00 Sent {"src":"n3","dest":"n0","body":{"message":89,"msg_id":33,"type":"broadcast"}}
2024/12/26 17:34:00 Received {n3 n3 {"message":89,"msg_id":33,"type":"broadcast"}}
2024/12/26 17:34:00 Received {n1 n3 {"in_reply_to":33,"type":"broadcast_ok"}}
2024/12/26 17:34:00 Ignoring reply to 33 with no callback
2024/12/26 17:34:00 Received {n4 n3 {"in_reply_to":33,"type":"broadcast_ok"}}
2024/12/26 17:34:00 Ignoring reply to 33 with no callback
2024/12/26 17:34:00 Received {n0 n3 {"in_reply_to":33,"type":"broadcast_ok"}}
2024/12/26 17:34:00 Ignoring reply to 33 with no callback
2024/12/26 17:34:00 Received {n2 n3 {"in_reply_to":33,"type":"broadcast_ok"}}
2024/12/26 17:34:00 Ignoring reply to 33 with no callback
2024/12/26 17:34:01 Received {n0 n3 {"message":90,"msg_id":66,"type":"broadcast"}}
2024/12/26 17:34:01 Sent {"src":"n3","dest":"n0","body":{"in_reply_to":66,"type":"broadcast_ok"}}
2024/12/26 17:34:01 Sent {"src":"n3","dest":"n4","body":{"message":90,"msg_id":66,"type":"broadcast"}}
2024/12/26 17:34:01 Sent {"src":"n3","dest":"n1","body":{"message":90,"msg_id":66,"type":"broadcast"}}
2024/12/26 17:34:01 Sent {"src":"n3","dest":"n2","body":{"message":90,"msg_id":66,"type":"broadcast"}}
2024/12/26 17:34:01 Sent {"src":"n3","dest":"n3","body":{"message":90,"msg_id":66,"type":"broadcast"}}
2024/12/26 17:34:01 Received {n4 n3 {"message":90,"msg_id":66,"type":"broadcast"}}
2024/12/26 17:34:01 Received {n2 n3 {"message":90,"msg_id":66,"type":"broadcast"}}
2024/12/26 17:34:01 Received {n3 n3 {"message":90,"msg_id":66,"type":"broadcast"}}
2024/12/26 17:34:01 Received {n1 n3 {"message":90,"msg_id":66,"type":"broadcast"}}
2024/12/26 17:34:01 Received {n0 n3 {"message":91,"msg_id":67,"type":"broadcast"}}
2024/12/26 17:34:01 Sent {"src":"n3","dest":"n0","body":{"in_reply_to":67,"type":"broadcast_ok"}}
2024/12/26 17:34:01 Sent {"src":"n3","dest":"n2","body":{"message":91,"msg_id":67,"type":"broadcast"}}
2024/12/26 17:34:01 Sent {"src":"n3","dest":"n1","body":{"message":91,"msg_id":67,"type":"broadcast"}}
2024/12/26 17:34:01 Sent {"src":"n3","dest":"n3","body":{"message":91,"msg_id":67,"type":"broadcast"}}
2024/12/26 17:34:01 Sent {"src":"n3","dest":"n4","body":{"message":91,"msg_id":67,"type":"broadcast"}}
2024/12/26 17:34:01 Received {n2 n3 {"message":91,"msg_id":67,"type":"broadcast"}}
2024/12/26 17:34:01 Received {n3 n3 {"message":91,"msg_id":67,"type":"broadcast"}}
2024/12/26 17:34:01 Received {n1 n3 {"message":91,"msg_id":67,"type":"broadcast"}}
2024/12/26 17:34:01 Received {n4 n3 {"message":91,"msg_id":67,"type":"broadcast"}}
2024/12/26 17:34:01 Received {n1 n3 {"message":92,"msg_id":34,"type":"broadcast"}}
2024/12/26 17:34:01 Sent {"src":"n3","dest":"n1","body":{"in_reply_to":34,"type":"broadcast_ok"}}
2024/12/26 17:34:01 Sent {"src":"n3","dest":"n4","body":{"message":92,"msg_id":34,"type":"broadcast"}}
2024/12/26 17:34:01 Sent {"src":"n3","dest":"n2","body":{"message":92,"msg_id":34,"type":"broadcast"}}
2024/12/26 17:34:01 Sent {"src":"n3","dest":"n3","body":{"message":92,"msg_id":34,"type":"broadcast"}}
2024/12/26 17:34:01 Sent {"src":"n3","dest":"n0","body":{"message":92,"msg_id":34,"type":"broadcast"}}
2024/12/26 17:34:01 Received {n3 n3 {"message":92,"msg_id":34,"type":"broadcast"}}
2024/12/26 17:34:01 Received {n0 n3 {"message":92,"msg_id":34,"type":"broadcast"}}
2024/12/26 17:34:01 Received {n4 n3 {"message":92,"msg_id":34,"type":"broadcast"}}
2024/12/26 17:34:01 Received {n2 n3 {"message":92,"msg_id":34,"type":"broadcast"}}
2024/12/26 17:34:01 Received {n2 n3 {"message":93,"msg_id":34,"type":"broadcast"}}
2024/12/26 17:34:01 Sent {"src":"n3","dest":"n2","body":{"in_reply_to":34,"type":"broadcast_ok"}}
2024/12/26 17:34:01 Sent {"src":"n3","dest":"n1","body":{"message":93,"msg_id":34,"type":"broadcast"}}
2024/12/26 17:34:01 Sent {"src":"n3","dest":"n0","body":{"message":93,"msg_id":34,"type":"broadcast"}}
2024/12/26 17:34:01 Sent {"src":"n3","dest":"n3","body":{"message":93,"msg_id":34,"type":"broadcast"}}
2024/12/26 17:34:01 Sent {"src":"n3","dest":"n4","body":{"message":93,"msg_id":34,"type":"broadcast"}}
2024/12/26 17:34:01 Received {n4 n3 {"message":93,"msg_id":34,"type":"broadcast"}}
2024/12/26 17:34:01 Received {n0 n3 {"message":93,"msg_id":34,"type":"broadcast"}}
2024/12/26 17:34:01 Received {n3 n3 {"message":93,"msg_id":34,"type":"broadcast"}}
2024/12/26 17:34:01 Received {n1 n3 {"message":93,"msg_id":34,"type":"broadcast"}}
2024/12/26 17:34:01 Received {c13 n3 {"type":"read","msg_id":34}}
2024/12/26 17:34:01 Sent {"src":"n3","dest":"c13","body":{"in_reply_to":34,"messages":[65,73,85,18,40,42,51,64,86,47,69,91,15,19,30,33,45,23,28,29,44,5,10,70,84,57,60,72,77,81,16,17,41,55,83,63,71,12,39,46,50,61,79,25,35,38,66,67,6,8,27,49,56,34,75,78,43,80,89,2,4,9,21,37,62,0,13,31,54,59,32,87,92,1,3,7,20,24,48,58,82,14,36,52,53,76,88,90,11,22,26,68,74,93],"type":"read_ok"}}
2024/12/26 17:34:11 Received {c13 n3 {"type":"read","msg_id":35}}
2024/12/26 17:34:11 Sent {"src":"n3","dest":"c13","body":{"in_reply_to":35,"messages":[52,53,14,36,26,68,74,76,88,90,11,22,93,42,51,64,65,73,85,18,40,86,30,33,45,47,69,91,15,19,29,44,23,28,70,84,5,10,72,77,81,57,60,41,55,83,16,17,46,50,61,63,71,12,39,38,66,67,79,25,35,27,49,56,6,8,78,34,75,9,21,37,43,80,89,2,4,31,54,59,62,0,13,7,20,24,32,87,92,1,3,82,48,58],"type":"read_ok"}}
