2024/12/26 17:33:41 Received {c1 n4 {"type":"init","node_id":"n4","node_ids":["n0","n1","n2","n3","n4"],"msg_id":1}}
2024/12/26 17:33:41 Node n4 initialized
2024/12/26 17:33:41 Sent {"src":"n4","dest":"c1","body":{"in_reply_to":1,"type":"init_ok"}}
2024/12/26 17:33:41 Received {c9 n4 {"type":"topology","topology":{"n0":["n3","n1"],"n1":["n4","n2","n0"],"n2":["n1"],"n3":["n0","n4"],"n4":["n1","n3"]},"msg_id":1}}
2024/12/26 17:33:41 Sent {"src":"n4","dest":"c9","body":{"in_reply_to":1,"type":"topology_ok"}}
2024/12/26 17:33:41 Received {n0 n4 {"message":0,"msg_id":1,"type":"broadcast"}}
2024/12/26 17:33:41 Sent {"src":"n4","dest":"n0","body":{"in_reply_to":1,"type":"broadcast_ok"}}
2024/12/26 17:33:41 Sent {"src":"n4","dest":"n4","body":{"message":0,"msg_id":1,"type":"broadcast"}}
2024/12/26 17:33:41 Sent {"src":"n4","dest":"n2","body":{"message":0,"msg_id":1,"type":"broadcast"}}
2024/12/26 17:33:41 Sent {"src":"n4","dest":"n3","body":{"message":0,"msg_id":1,"type":"broadcast"}}
2024/12/26 17:33:41 Sent {"src":"n4","dest":"n1","body":{"message":0,"msg_id":1,"type":"broadcast"}}
2024/12/26 17:33:41 Received {n4 n4 {"message":0,"msg_id":1,"type":"broadcast"}}
2024/12/26 17:33:41 Received {n1 n4 {"message":0,"msg_id":1,"type":"broadcast"}}
2024/12/26 17:33:41 Received {n3 n4 {"message":0,"msg_id":1,"type":"broadcast"}}
2024/12/26 17:33:41 Received {n2 n4 {"message":0,"msg_id":1,"type":"broadcast"}}
2024/12/26 17:33:41 Received {n1 n4 {"message":1,"msg_id":1,"type":"broadcast"}}
2024/12/26 17:33:41 Sent {"src":"n4","dest":"n1","body":{"in_reply_to":1,"type":"broadcast_ok"}}
2024/12/26 17:33:41 Sent {"src":"n4","dest":"n2","body":{"message":1,"msg_id":1,"type":"broadcast"}}
2024/12/26 17:33:41 Sent {"src":"n4","dest":"n4","body":{"message":1,"msg_id":1,"type":"broadcast"}}
2024/12/26 17:33:41 Sent {"src":"n4","dest":"n0","body":{"message":1,"msg_id":1,"type":"broadcast"}}
2024/12/26 17:33:41 Sent {"src":"n4","dest":"n3","body":{"message":1,"msg_id":1,"type":"broadcast"}}
2024/12/26 17:33:41 Received {n4 n4 {"message":1,"msg_id":1,"type":"broadcast"}}
2024/12/26 17:33:41 Received {n0 n4 {"message":1,"msg_id":1,"type":"broadcast"}}
2024/12/26 17:33:41 Received {n3 n4 {"message":1,"msg_id":1,"type":"broadcast"}}
2024/12/26 17:33:41 Received {n2 n4 {"message":1,"msg_id":1,"type":"broadcast"}}
2024/12/26 17:33:41 Received {n2 n4 {"message":2,"msg_id":1,"type":"broadcast"}}
2024/12/26 17:33:41 Sent {"src":"n4","dest":"n2","body":{"in_reply_to":1,"type":"broadcast_ok"}}
2024/12/26 17:33:41 Sent {"src":"n4","dest":"n1","body":{"message":2,"msg_id":1,"type":"broadcast"}}
2024/12/26 17:33:41 Sent {"src":"n4","dest":"n4","body":{"message":2,"msg_id":1,"type":"broadcast"}}
2024/12/26 17:33:41 Sent {"src":"n4","dest":"n0","body":{"message":2,"msg_id":1,"type":"broadcast"}}
2024/12/26 17:33:41 Sent {"src":"n4","dest":"n3","body":{"message":2,"msg_id":1,"type":"broadcast"}}
2024/12/26 17:33:41 Received {n1 n4 {"message":2,"msg_id":1,"type":"broadcast"}}
2024/12/26 17:33:41 Received {n4 n4 {"message":2,"msg_id":1,"type":"broadcast"}}
2024/12/26 17:33:41 Received {n0 n4 {"message":2,"msg_id":1,"type":"broadcast"}}
2024/12/26 17:33:41 Received {n3 n4 {"message":2,"msg_id":1,"type":"broadcast"}}
2024/12/26 17:33:41 Received {c14 n4 {"type":"read","msg_id":1}}
2024/12/26 17:33:41 Sent {"src":"n4","dest":"c14","body":{"in_reply_to":1,"messages":[0,1,2],"type":"read_ok"}}
2024/12/26 17:33:42 Received {n0 n4 {"message":3,"msg_id":3,"type":"broadcast"}}
2024/12/26 17:33:42 Sent {"src":"n4","dest":"n0","body":{"in_reply_to":3,"type":"broadcast_ok"}}
2024/12/26 17:33:42 Sent {"src":"n4","dest":"n2","body":{"message":3,"msg_id":3,"type":"broadcast"}}
2024/12/26 17:33:42 Sent {"src":"n4","dest":"n4","body":{"message":3,"msg_id":3,"type":"broadcast"}}
2024/12/26 17:33:42 Sent {"src":"n4","dest":"n1","body":{"message":3,"msg_id":3,"type":"broadcast"}}
2024/12/26 17:33:42 Sent {"src":"n4","dest":"n3","body":{"message":3,"msg_id":3,"type":"broadcast"}}
2024/12/26 17:33:42 Received {n1 n4 {"message":3,"msg_id":3,"type":"broadcast"}}
2024/12/26 17:33:42 Received {n2 n4 {"message":3,"msg_id":3,"type":"broadcast"}}
2024/12/26 17:33:42 Received {n3 n4 {"message":3,"msg_id":3,"type":"broadcast"}}
2024/12/26 17:33:42 Received {n4 n4 {"message":3,"msg_id":3,"type":"broadcast"}}
2024/12/26 17:33:42 Received {n1 n4 {"message":4,"msg_id":2,"type":"broadcast"}}
2024/12/26 17:33:42 Sent {"src":"n4","dest":"n1","body":{"in_reply_to":2,"type":"broadcast_ok"}}
2024/12/26 17:33:42 Sent {"src":"n4","dest":"n2","body":{"message":4,"msg_id":2,"type":"broadcast"}}
2024/12/26 17:33:42 Sent {"src":"n4","dest":"n3","body":{"message":4,"msg_id":2,"type":"broadcast"}}
2024/12/26 17:33:42 Sent {"src":"n4","dest":"n4","body":{"message":4,"msg_id":2,"type":"broadcast"}}
2024/12/26 17:33:42 Sent {"src":"n4","dest":"n0","body":{"message":4,"msg_id":2,"type":"broadcast"}}
2024/12/26 17:33:42 Received {n0 n4 {"message":4,"msg_id":2,"type":"broadcast"}}
2024/12/26 17:33:42 Received {n3 n4 {"message":4,"msg_id":2,"type":"broadcast"}}
2024/12/26 17:33:42 Received {n4 n4 {"message":4,"msg_id":2,"type":"broadcast"}}
2024/12/26 17:33:42 Received {n2 n4 {"message":4,"msg_id":2,"type":"broadcast"}}
2024/12/26 17:33:42 Received {c14 n4 {"type":"read","msg_id":2}}
2024/12/26 17:33:42 Sent {"src":"n4","dest":"c14","body":{"in_reply_to":2,"messages":[1,2,3,4,0],"type":"read_ok"}}
2024/12/26 17:33:42 Received {n2 n4 {"message":5,"msg_id":3,"type":"broadcast"}}
2024/12/26 17:33:42 Sent {"src":"n4","dest":"n2","body":{"in_reply_to":3,"type":"broadcast_ok"}}
2024/12/26 17:33:42 Sent {"src":"n4","dest":"n0","body":{"message":5,"msg_id":3,"type":"broadcast"}}
2024/12/26 17:33:42 Sent {"src":"n4","dest":"n3","body":{"message":5,"msg_id":3,"type":"broadcast"}}
2024/12/26 17:33:42 Sent {"src":"n4","dest":"n4","body":{"message":5,"msg_id":3,"type":"broadcast"}}
2024/12/26 17:33:42 Sent {"src":"n4","dest":"n1","body":{"message":5,"msg_id":3,"type":"broadcast"}}
2024/12/26 17:33:42 Received {n0 n4 {"message":5,"msg_id":3,"type":"broadcast"}}
2024/12/26 17:33:42 Received {n3 n4 {"message":5,"msg_id":3,"type":"broadcast"}}
2024/12/26 17:33:42 Received {n1 n4 {"message":5,"msg_id":3,"type":"broadcast"}}
2024/12/26 17:33:42 Received {n4 n4 {"message":5,"msg_id":3,"type":"broadcast"}}
2024/12/26 17:33:42 Received {n3 n4 {"message":6,"msg_id":3,"type":"broadcast"}}
2024/12/26 17:33:42 Sent {"src":"n4","dest":"n3","body":{"in_reply_to":3,"type":"broadcast_ok"}}
2024/12/26 17:33:42 Sent {"src":"n4","dest":"n2","body":{"message":6,"msg_id":3,"type":"broadcast"}}
2024/12/26 17:33:42 Sent {"src":"n4","dest":"n4","body":{"message":6,"msg_id":3,"type":"broadcast"}}
2024/12/26 17:33:42 Sent {"src":"n4","dest":"n0","body":{"message":6,"msg_id":3,"type":"broadcast"}}
2024/12/26 17:33:42 Sent {"src":"n4","dest":"n1","body":{"message":6,"msg_id":3,"type":"broadcast"}}
2024/12/26 17:33:42 Received {n2 n4 {"message":6,"msg_id":3,"type":"broadcast"}}
2024/12/26 17:33:42 Received {n0 n4 {"message":6,"msg_id":3,"type":"broadcast"}}
2024/12/26 17:33:42 Received {n4 n4 {"message":6,"msg_id":3,"type":"broadcast"}}
2024/12/26 17:33:42 Received {n1 n4 {"message":6,"msg_id":3,"type":"broadcast"}}
2024/12/26 17:33:42 Received {c14 n4 {"type":"read","msg_id":3}}
2024/12/26 17:33:42 Sent {"src":"n4","dest":"c14","body":{"in_reply_to":3,"messages":[5,6,0,1,2,3,4],"type":"read_ok"}}
2024/12/26 17:33:43 Received {c14 n4 {"type":"broadcast","message":7,"msg_id":4}}
2024/12/26 17:33:43 Sent {"src":"n4","dest":"c14","body":{"in_reply_to":4,"type":"broadcast_ok"}}
2024/12/26 17:33:43 Sent {"src":"n4","dest":"n1","body":{"message":7,"msg_id":4,"type":"broadcast"}}
2024/12/26 17:33:43 Sent {"src":"n4","dest":"n3","body":{"message":7,"msg_id":4,"type":"broadcast"}}
2024/12/26 17:33:43 Sent {"src":"n4","dest":"n0","body":{"message":7,"msg_id":4,"type":"broadcast"}}
2024/12/26 17:33:43 Sent {"src":"n4","dest":"n4","body":{"message":7,"msg_id":4,"type":"broadcast"}}
2024/12/26 17:33:43 Sent {"src":"n4","dest":"n2","body":{"message":7,"msg_id":4,"type":"broadcast"}}
2024/12/26 17:33:43 Received {n4 n4 {"message":7,"msg_id":4,"type":"broadcast"}}
2024/12/26 17:33:43 Received {n1 n4 {"in_reply_to":4,"type":"broadcast_ok"}}
2024/12/26 17:33:43 Ignoring reply to 4 with no callback
2024/12/26 17:33:43 Received {n3 n4 {"in_reply_to":4,"type":"broadcast_ok"}}
2024/12/26 17:33:43 Ignoring reply to 4 with no callback
2024/12/26 17:33:43 Received {n0 n4 {"in_reply_to":4,"type":"broadcast_ok"}}
2024/12/26 17:33:43 Ignoring reply to 4 with no callback
2024/12/26 17:33:43 Received {n2 n4 {"in_reply_to":4,"type":"broadcast_ok"}}
2024/12/26 17:33:43 Ignoring reply to 4 with no callback
2024/12/26 17:33:43 Received {n0 n4 {"message":8,"msg_id":8,"type":"broadcast"}}
2024/12/26 17:33:43 Sent {"src":"n4","dest":"n0","body":{"in_reply_to":8,"type":"broadcast_ok"}}
2024/12/26 17:33:43 Sent {"src":"n4","dest":"n4","body":{"message":8,"msg_id":8,"type":"broadcast"}}
2024/12/26 17:33:43 Sent {"src":"n4","dest":"n1","body":{"message":8,"msg_id":8,"type":"broadcast"}}
2024/12/26 17:33:43 Sent {"src":"n4","dest":"n2","body":{"message":8,"msg_id":8,"type":"broadcast"}}
2024/12/26 17:33:43 Sent {"src":"n4","dest":"n3","body":{"message":8,"msg_id":8,"type":"broadcast"}}
2024/12/26 17:33:43 Received {n4 n4 {"message":8,"msg_id":8,"type":"broadcast"}}
2024/12/26 17:33:43 Received {n3 n4 {"message":8,"msg_id":8,"type":"broadcast"}}
2024/12/26 17:33:43 Received {n2 n4 {"message":8,"msg_id":8,"type":"broadcast"}}
2024/12/26 17:33:43 Received {n1 n4 {"message":8,"msg_id":8,"type":"broadcast"}}
2024/12/26 17:33:43 Received {n0 n4 {"message":9,"msg_id":9,"type":"broadcast"}}
2024/12/26 17:33:43 Sent {"src":"n4","dest":"n0","body":{"in_reply_to":9,"type":"broadcast_ok"}}
2024/12/26 17:33:43 Sent {"src":"n4","dest":"n4","body":{"message":9,"msg_id":9,"type":"broadcast"}}
2024/12/26 17:33:43 Sent {"src":"n4","dest":"n3","body":{"message":9,"msg_id":9,"type":"broadcast"}}
2024/12/26 17:33:43 Sent {"src":"n4","dest":"n1","body":{"message":9,"msg_id":9,"type":"broadcast"}}
2024/12/26 17:33:43 Sent {"src":"n4","dest":"n2","body":{"message":9,"msg_id":9,"type":"broadcast"}}
2024/12/26 17:33:43 Received {n4 n4 {"message":9,"msg_id":9,"type":"broadcast"}}
2024/12/26 17:33:43 Received {n3 n4 {"message":9,"msg_id":9,"type":"broadcast"}}
2024/12/26 17:33:43 Received {n1 n4 {"message":9,"msg_id":9,"type":"broadcast"}}
2024/12/26 17:33:43 Received {n2 n4 {"message":9,"msg_id":9,"type":"broadcast"}}
2024/12/26 17:33:43 Received {n3 n4 {"message":10,"msg_id":5,"type":"broadcast"}}
2024/12/26 17:33:43 Sent {"src":"n4","dest":"n3","body":{"in_reply_to":5,"type":"broadcast_ok"}}
2024/12/26 17:33:43 Sent {"src":"n4","dest":"n4","body":{"message":10,"msg_id":5,"type":"broadcast"}}
2024/12/26 17:33:43 Sent {"src":"n4","dest":"n2","body":{"message":10,"msg_id":5,"type":"broadcast"}}
2024/12/26 17:33:43 Sent {"src":"n4","dest":"n1","body":{"message":10,"msg_id":5,"type":"broadcast"}}
2024/12/26 17:33:43 Sent {"src":"n4","dest":"n0","body":{"message":10,"msg_id":5,"type":"broadcast"}}
2024/12/26 17:33:43 Received {n0 n4 {"message":10,"msg_id":5,"type":"broadcast"}}
2024/12/26 17:33:43 Received {n4 n4 {"message":10,"msg_id":5,"type":"broadcast"}}
2024/12/26 17:33:43 Received {n2 n4 {"message":10,"msg_id":5,"type":"broadcast"}}
2024/12/26 17:33:44 Received {n1 n4 {"message":10,"msg_id":5,"type":"broadcast"}}
2024/12/26 17:33:44 Received {c14 n4 {"type":"read","msg_id":5}}
2024/12/26 17:33:44 Sent {"src":"n4","dest":"c14","body":{"in_reply_to":5,"messages":[4,5,6,9,10,0,2,7,8,1,3],"type":"read_ok"}}
2024/12/26 17:33:44 Received {n0 n4 {"message":11,"msg_id":10,"type":"broadcast"}}
2024/12/26 17:33:44 Sent {"src":"n4","dest":"n0","body":{"in_reply_to":10,"type":"broadcast_ok"}}
2024/12/26 17:33:44 Sent {"src":"n4","dest":"n4","body":{"message":11,"msg_id":10,"type":"broadcast"}}
2024/12/26 17:33:44 Sent {"src":"n4","dest":"n1","body":{"message":11,"msg_id":10,"type":"broadcast"}}
2024/12/26 17:33:44 Sent {"src":"n4","dest":"n2","body":{"message":11,"msg_id":10,"type":"broadcast"}}
2024/12/26 17:33:44 Sent {"src":"n4","dest":"n3","body":{"message":11,"msg_id":10,"type":"broadcast"}}
2024/12/26 17:33:44 Received {n4 n4 {"message":11,"msg_id":10,"type":"broadcast"}}
2024/12/26 17:33:44 Received {n2 n4 {"message":11,"msg_id":10,"type":"broadcast"}}
2024/12/26 17:33:44 Received {n3 n4 {"message":11,"msg_id":10,"type":"broadcast"}}
2024/12/26 17:33:44 Received {n1 n4 {"message":11,"msg_id":10,"type":"broadcast"}}
2024/12/26 17:33:44 Received {n1 n4 {"message":12,"msg_id":6,"type":"broadcast"}}
2024/12/26 17:33:44 Sent {"src":"n4","dest":"n1","body":{"in_reply_to":6,"type":"broadcast_ok"}}
2024/12/26 17:33:44 Sent {"src":"n4","dest":"n0","body":{"message":12,"msg_id":6,"type":"broadcast"}}
2024/12/26 17:33:44 Sent {"src":"n4","dest":"n2","body":{"message":12,"msg_id":6,"type":"broadcast"}}
2024/12/26 17:33:44 Sent {"src":"n4","dest":"n3","body":{"message":12,"msg_id":6,"type":"broadcast"}}
2024/12/26 17:33:44 Sent {"src":"n4","dest":"n4","body":{"message":12,"msg_id":6,"type":"broadcast"}}
2024/12/26 17:33:44 Received {n2 n4 {"message":12,"msg_id":6,"type":"broadcast"}}
2024/12/26 17:33:44 Received {n0 n4 {"message":12,"msg_id":6,"type":"broadcast"}}
2024/12/26 17:33:44 Received {n3 n4 {"message":12,"msg_id":6,"type":"broadcast"}}
2024/12/26 17:33:44 Received {n4 n4 {"message":12,"msg_id":6,"type":"broadcast"}}
2024/12/26 17:33:44 Received {c14 n4 {"type":"read","msg_id":6}}
2024/12/26 17:33:44 Sent {"src":"n4","dest":"c14","body":{"in_reply_to":6,"messages":[1,3,7,8,11,0,2,4,5,6,9,10,12],"type":"read_ok"}}
2024/12/26 17:33:44 Received {n0 n4 {"message":13,"msg_id":12,"type":"broadcast"}}
2024/12/26 17:33:44 Received {n3 n4 {"message":13,"msg_id":12,"type":"broadcast"}}
2024/12/26 17:33:44 Received {n2 n4 {"message":13,"msg_id":12,"type":"broadcast"}}
2024/12/26 17:33:44 Received {n1 n4 {"message":13,"msg_id":12,"type":"broadcast"}}
2024/12/26 17:33:44 Sent {"src":"n4","dest":"n1","body":{"in_reply_to":12,"type":"broadcast_ok"}}
2024/12/26 17:33:44 Sent {"src":"n4","dest":"n4","body":{"message":13,"msg_id":12,"type":"broadcast"}}
2024/12/26 17:33:44 Sent {"src":"n4","dest":"n0","body":{"message":13,"msg_id":12,"type":"broadcast"}}
2024/12/26 17:33:44 Sent {"src":"n4","dest":"n2","body":{"message":13,"msg_id":12,"type":"broadcast"}}
2024/12/26 17:33:44 Sent {"src":"n4","dest":"n3","body":{"message":13,"msg_id":12,"type":"broadcast"}}
2024/12/26 17:33:44 Received {n4 n4 {"message":13,"msg_id":12,"type":"broadcast"}}
2024/12/26 17:33:44 Received {n0 n4 {"message":14,"msg_id":13,"type":"broadcast"}}
2024/12/26 17:33:44 Sent {"src":"n4","dest":"n0","body":{"in_reply_to":13,"type":"broadcast_ok"}}
2024/12/26 17:33:44 Sent {"src":"n4","dest":"n4","body":{"message":14,"msg_id":13,"type":"broadcast"}}
2024/12/26 17:33:44 Sent {"src":"n4","dest":"n1","body":{"message":14,"msg_id":13,"type":"broadcast"}}
2024/12/26 17:33:44 Sent {"src":"n4","dest":"n2","body":{"message":14,"msg_id":13,"type":"broadcast"}}
2024/12/26 17:33:44 Sent {"src":"n4","dest":"n3","body":{"message":14,"msg_id":13,"type":"broadcast"}}
2024/12/26 17:33:44 Received {n3 n4 {"message":14,"msg_id":13,"type":"broadcast"}}
2024/12/26 17:33:44 Received {n2 n4 {"message":14,"msg_id":13,"type":"broadcast"}}
2024/12/26 17:33:44 Received {n4 n4 {"message":14,"msg_id":13,"type":"broadcast"}}
2024/12/26 17:33:44 Received {n1 n4 {"message":14,"msg_id":13,"type":"broadcast"}}
2024/12/26 17:33:44 Received {n1 n4 {"message":15,"msg_id":7,"type":"broadcast"}}
2024/12/26 17:33:44 Sent {"src":"n4","dest":"n1","body":{"in_reply_to":7,"type":"broadcast_ok"}}
2024/12/26 17:33:44 Sent {"src":"n4","dest":"n4","body":{"message":15,"msg_id":7,"type":"broadcast"}}
2024/12/26 17:33:44 Sent {"src":"n4","dest":"n3","body":{"message":15,"msg_id":7,"type":"broadcast"}}
2024/12/26 17:33:44 Sent {"src":"n4","dest":"n2","body":{"message":15,"msg_id":7,"type":"broadcast"}}
2024/12/26 17:33:44 Sent {"src":"n4","dest":"n0","body":{"message":15,"msg_id":7,"type":"broadcast"}}
2024/12/26 17:33:44 Received {n2 n4 {"message":15,"msg_id":7,"type":"broadcast"}}
2024/12/26 17:33:44 Received {n0 n4 {"message":15,"msg_id":7,"type":"broadcast"}}
2024/12/26 17:33:44 Received {n4 n4 {"message":15,"msg_id":7,"type":"broadcast"}}
2024/12/26 17:33:44 Received {n3 n4 {"message":15,"msg_id":7,"type":"broadcast"}}
2024/12/26 17:33:45 Received {n2 n4 {"message":16,"msg_id":7,"type":"broadcast"}}
2024/12/26 17:33:45 Sent {"src":"n4","dest":"n2","body":{"in_reply_to":7,"type":"broadcast_ok"}}
2024/12/26 17:33:45 Sent {"src":"n4","dest":"n3","body":{"message":16,"msg_id":7,"type":"broadcast"}}
2024/12/26 17:33:45 Sent {"src":"n4","dest":"n0","body":{"message":16,"msg_id":7,"type":"broadcast"}}
2024/12/26 17:33:45 Sent {"src":"n4","dest":"n1","body":{"message":16,"msg_id":7,"type":"broadcast"}}
2024/12/26 17:33:45 Sent {"src":"n4","dest":"n4","body":{"message":16,"msg_id":7,"type":"broadcast"}}
2024/12/26 17:33:45 Received {n4 n4 {"message":16,"msg_id":7,"type":"broadcast"}}
2024/12/26 17:33:45 Received {n0 n4 {"message":16,"msg_id":7,"type":"broadcast"}}
2024/12/26 17:33:45 Received {n3 n4 {"message":16,"msg_id":7,"type":"broadcast"}}
2024/12/26 17:33:45 Received {n1 n4 {"message":16,"msg_id":7,"type":"broadcast"}}
2024/12/26 17:33:45 Received {c14 n4 {"type":"broadcast","message":17,"msg_id":7}}
2024/12/26 17:33:45 Sent {"src":"n4","dest":"c14","body":{"in_reply_to":7,"type":"broadcast_ok"}}
2024/12/26 17:33:45 Sent {"src":"n4","dest":"n4","body":{"message":17,"msg_id":7,"type":"broadcast"}}
2024/12/26 17:33:45 Sent {"src":"n4","dest":"n1","body":{"message":17,"msg_id":7,"type":"broadcast"}}
2024/12/26 17:33:45 Sent {"src":"n4","dest":"n3","body":{"message":17,"msg_id":7,"type":"broadcast"}}
2024/12/26 17:33:45 Sent {"src":"n4","dest":"n2","body":{"message":17,"msg_id":7,"type":"broadcast"}}
2024/12/26 17:33:45 Sent {"src":"n4","dest":"n0","body":{"message":17,"msg_id":7,"type":"broadcast"}}
2024/12/26 17:33:45 Received {n4 n4 {"message":17,"msg_id":7,"type":"broadcast"}}
2024/12/26 17:33:45 Received {n1 n4 {"in_reply_to":7,"type":"broadcast_ok"}}
2024/12/26 17:33:45 Ignoring reply to 7 with no callback
2024/12/26 17:33:45 Received {n2 n4 {"in_reply_to":7,"type":"broadcast_ok"}}
2024/12/26 17:33:45 Ignoring reply to 7 with no callback
2024/12/26 17:33:45 Received {n0 n4 {"in_reply_to":7,"type":"broadcast_ok"}}
2024/12/26 17:33:45 Ignoring reply to 7 with no callback
2024/12/26 17:33:45 Received {n3 n4 {"in_reply_to":7,"type":"broadcast_ok"}}
2024/12/26 17:33:45 Ignoring reply to 7 with no callback
2024/12/26 17:33:45 Received {n1 n4 {"message":18,"msg_id":8,"type":"broadcast"}}
2024/12/26 17:33:45 Sent {"src":"n4","dest":"n1","body":{"in_reply_to":8,"type":"broadcast_ok"}}
2024/12/26 17:33:45 Sent {"src":"n4","dest":"n4","body":{"message":18,"msg_id":8,"type":"broadcast"}}
2024/12/26 17:33:45 Sent {"src":"n4","dest":"n3","body":{"message":18,"msg_id":8,"type":"broadcast"}}
2024/12/26 17:33:45 Sent {"src":"n4","dest":"n0","body":{"message":18,"msg_id":8,"type":"broadcast"}}
2024/12/26 17:33:45 Sent {"src":"n4","dest":"n2","body":{"message":18,"msg_id":8,"type":"broadcast"}}
2024/12/26 17:33:45 Received {n2 n4 {"message":18,"msg_id":8,"type":"broadcast"}}
2024/12/26 17:33:45 Received {n0 n4 {"message":18,"msg_id":8,"type":"broadcast"}}
2024/12/26 17:33:45 Received {n4 n4 {"message":18,"msg_id":8,"type":"broadcast"}}
2024/12/26 17:33:45 Received {n3 n4 {"message":18,"msg_id":8,"type":"broadcast"}}
2024/12/26 17:33:45 Received {n3 n4 {"message":19,"msg_id":8,"type":"broadcast"}}
2024/12/26 17:33:45 Sent {"src":"n4","dest":"n3","body":{"in_reply_to":8,"type":"broadcast_ok"}}
2024/12/26 17:33:45 Sent {"src":"n4","dest":"n1","body":{"message":19,"msg_id":8,"type":"broadcast"}}
2024/12/26 17:33:45 Sent {"src":"n4","dest":"n0","body":{"message":19,"msg_id":8,"type":"broadcast"}}
2024/12/26 17:33:45 Sent {"src":"n4","dest":"n2","body":{"message":19,"msg_id":8,"type":"broadcast"}}
2024/12/26 17:33:45 Sent {"src":"n4","dest":"n4","body":{"message":19,"msg_id":8,"type":"broadcast"}}
2024/12/26 17:33:45 Received {n1 n4 {"message":19,"msg_id":8,"type":"broadcast"}}
2024/12/26 17:33:45 Received {n4 n4 {"message":19,"msg_id":8,"type":"broadcast"}}
2024/12/26 17:33:45 Received {n2 n4 {"message":19,"msg_id":8,"type":"broadcast"}}
2024/12/26 17:33:45 Received {n0 n4 {"message":19,"msg_id":8,"type":"broadcast"}}
2024/12/26 17:33:45 Received {c14 n4 {"type":"read","msg_id":8}}
2024/12/26 17:33:45 Sent {"src":"n4","dest":"c14","body":{"in_reply_to":8,"messages":[0,2,4,10,11,14,15,1,3,7,8,13,17,19,5,6,9,12,18,16],"type":"read_ok"}}
2024/12/26 17:33:46 Received {n0 n4 {"message":20,"msg_id":16,"type":"broadcast"}}
2024/12/26 17:33:46 Sent {"src":"n4","dest":"n0","body":{"in_reply_to":16,"type":"broadcast_ok"}}
2024/12/26 17:33:46 Sent {"src":"n4","dest":"n4","body":{"message":20,"msg_id":16,"type":"broadcast"}}
2024/12/26 17:33:46 Sent {"src":"n4","dest":"n1","body":{"message":20,"msg_id":16,"type":"broadcast"}}
2024/12/26 17:33:46 Sent {"src":"n4","dest":"n2","body":{"message":20,"msg_id":16,"type":"broadcast"}}
2024/12/26 17:33:46 Sent {"src":"n4","dest":"n3","body":{"message":20,"msg_id":16,"type":"broadcast"}}
2024/12/26 17:33:46 Received {n4 n4 {"message":20,"msg_id":16,"type":"broadcast"}}
2024/12/26 17:33:46 Received {n2 n4 {"message":20,"msg_id":16,"type":"broadcast"}}
2024/12/26 17:33:46 Received {n3 n4 {"message":20,"msg_id":16,"type":"broadcast"}}
2024/12/26 17:33:46 Received {n1 n4 {"message":20,"msg_id":16,"type":"broadcast"}}
2024/12/26 17:33:46 Received {n0 n4 {"message":21,"msg_id":17,"type":"broadcast"}}
2024/12/26 17:33:46 Sent {"src":"n4","dest":"n0","body":{"in_reply_to":17,"type":"broadcast_ok"}}
2024/12/26 17:33:46 Sent {"src":"n4","dest":"n4","body":{"message":21,"msg_id":17,"type":"broadcast"}}
2024/12/26 17:33:46 Sent {"src":"n4","dest":"n1","body":{"message":21,"msg_id":17,"type":"broadcast"}}
2024/12/26 17:33:46 Sent {"src":"n4","dest":"n2","body":{"message":21,"msg_id":17,"type":"broadcast"}}
2024/12/26 17:33:46 Sent {"src":"n4","dest":"n3","body":{"message":21,"msg_id":17,"type":"broadcast"}}
2024/12/26 17:33:46 Received {n4 n4 {"message":21,"msg_id":17,"type":"broadcast"}}
2024/12/26 17:33:46 Received {n3 n4 {"message":21,"msg_id":17,"type":"broadcast"}}
2024/12/26 17:33:46 Received {n1 n4 {"message":21,"msg_id":17,"type":"broadcast"}}
2024/12/26 17:33:46 Received {n2 n4 {"message":21,"msg_id":17,"type":"broadcast"}}
2024/12/26 17:33:46 Received {n1 n4 {"message":22,"msg_id":9,"type":"broadcast"}}
2024/12/26 17:33:46 Sent {"src":"n4","dest":"n1","body":{"in_reply_to":9,"type":"broadcast_ok"}}
2024/12/26 17:33:46 Sent {"src":"n4","dest":"n4","body":{"message":22,"msg_id":9,"type":"broadcast"}}
2024/12/26 17:33:46 Sent {"src":"n4","dest":"n0","body":{"message":22,"msg_id":9,"type":"broadcast"}}
2024/12/26 17:33:46 Sent {"src":"n4","dest":"n2","body":{"message":22,"msg_id":9,"type":"broadcast"}}
2024/12/26 17:33:46 Sent {"src":"n4","dest":"n3","body":{"message":22,"msg_id":9,"type":"broadcast"}}
2024/12/26 17:33:46 Received {n4 n4 {"message":22,"msg_id":9,"type":"broadcast"}}
2024/12/26 17:33:46 Received {n2 n4 {"message":22,"msg_id":9,"type":"broadcast"}}
2024/12/26 17:33:46 Received {n3 n4 {"message":22,"msg_id":9,"type":"broadcast"}}
2024/12/26 17:33:46 Received {n0 n4 {"message":22,"msg_id":9,"type":"broadcast"}}
2024/12/26 17:33:46 Received {c14 n4 {"type":"read","msg_id":9}}
2024/12/26 17:33:46 Sent {"src":"n4","dest":"c14","body":{"in_reply_to":9,"messages":[0,2,4,10,11,14,15,1,3,7,8,13,17,19,5,6,9,12,18,20,21,22,16],"type":"read_ok"}}
2024/12/26 17:33:46 Received {n0 n4 {"message":23,"msg_id":18,"type":"broadcast"}}
2024/12/26 17:33:46 Sent {"src":"n4","dest":"n0","body":{"in_reply_to":18,"type":"broadcast_ok"}}
2024/12/26 17:33:46 Sent {"src":"n4","dest":"n4","body":{"message":23,"msg_id":18,"type":"broadcast"}}
2024/12/26 17:33:46 Sent {"src":"n4","dest":"n1","body":{"message":23,"msg_id":18,"type":"broadcast"}}
2024/12/26 17:33:46 Sent {"src":"n4","dest":"n2","body":{"message":23,"msg_id":18,"type":"broadcast"}}
2024/12/26 17:33:46 Sent {"src":"n4","dest":"n3","body":{"message":23,"msg_id":18,"type":"broadcast"}}
2024/12/26 17:33:46 Received {n3 n4 {"message":23,"msg_id":18,"type":"broadcast"}}
2024/12/26 17:33:46 Received {n2 n4 {"message":23,"msg_id":18,"type":"broadcast"}}
2024/12/26 17:33:46 Received {n1 n4 {"message":23,"msg_id":18,"type":"broadcast"}}
2024/12/26 17:33:46 Received {n4 n4 {"message":23,"msg_id":18,"type":"broadcast"}}
2024/12/26 17:33:46 Received {n0 n4 {"message":24,"msg_id":19,"type":"broadcast"}}
2024/12/26 17:33:46 Sent {"src":"n4","dest":"n0","body":{"in_reply_to":19,"type":"broadcast_ok"}}
2024/12/26 17:33:46 Sent {"src":"n4","dest":"n2","body":{"message":24,"msg_id":19,"type":"broadcast"}}
2024/12/26 17:33:46 Sent {"src":"n4","dest":"n1","body":{"message":24,"msg_id":19,"type":"broadcast"}}
2024/12/26 17:33:46 Sent {"src":"n4","dest":"n3","body":{"message":24,"msg_id":19,"type":"broadcast"}}
2024/12/26 17:33:46 Sent {"src":"n4","dest":"n4","body":{"message":24,"msg_id":19,"type":"broadcast"}}
2024/12/26 17:33:46 Received {n3 n4 {"message":24,"msg_id":19,"type":"broadcast"}}
2024/12/26 17:33:46 Received {n2 n4 {"message":24,"msg_id":19,"type":"broadcast"}}
2024/12/26 17:33:46 Received {n4 n4 {"message":24,"msg_id":19,"type":"broadcast"}}
2024/12/26 17:33:46 Received {n1 n4 {"message":24,"msg_id":19,"type":"broadcast"}}
2024/12/26 17:33:47 Received {n1 n4 {"message":25,"msg_id":10,"type":"broadcast"}}
2024/12/26 17:33:47 Sent {"src":"n4","dest":"n1","body":{"in_reply_to":10,"type":"broadcast_ok"}}
2024/12/26 17:33:47 Sent {"src":"n4","dest":"n3","body":{"message":25,"msg_id":10,"type":"broadcast"}}
2024/12/26 17:33:47 Sent {"src":"n4","dest":"n4","body":{"message":25,"msg_id":10,"type":"broadcast"}}
2024/12/26 17:33:47 Sent {"src":"n4","dest":"n0","body":{"message":25,"msg_id":10,"type":"broadcast"}}
2024/12/26 17:33:47 Sent {"src":"n4","dest":"n2","body":{"message":25,"msg_id":10,"type":"broadcast"}}
2024/12/26 17:33:47 Received {n3 n4 {"message":25,"msg_id":10,"type":"broadcast"}}
2024/12/26 17:33:47 Received {n0 n4 {"message":25,"msg_id":10,"type":"broadcast"}}
2024/12/26 17:33:47 Received {n2 n4 {"message":25,"msg_id":10,"type":"broadcast"}}
2024/12/26 17:33:47 Received {n4 n4 {"message":25,"msg_id":10,"type":"broadcast"}}
2024/12/26 17:33:47 Received {n2 n4 {"message":26,"msg_id":10,"type":"broadcast"}}
2024/12/26 17:33:47 Sent {"src":"n4","dest":"n2","body":{"in_reply_to":10,"type":"broadcast_ok"}}
2024/12/26 17:33:47 Sent {"src":"n4","dest":"n4","body":{"message":26,"msg_id":10,"type":"broadcast"}}
2024/12/26 17:33:47 Sent {"src":"n4","dest":"n1","body":{"message":26,"msg_id":10,"type":"broadcast"}}
2024/12/26 17:33:47 Sent {"src":"n4","dest":"n3","body":{"message":26,"msg_id":10,"type":"broadcast"}}
2024/12/26 17:33:47 Sent {"src":"n4","dest":"n0","body":{"message":26,"msg_id":10,"type":"broadcast"}}
2024/12/26 17:33:47 Received {n4 n4 {"message":26,"msg_id":10,"type":"broadcast"}}
2024/12/26 17:33:47 Received {n1 n4 {"message":26,"msg_id":10,"type":"broadcast"}}
2024/12/26 17:33:47 Received {n0 n4 {"message":26,"msg_id":10,"type":"broadcast"}}
2024/12/26 17:33:47 Received {n3 n4 {"message":26,"msg_id":10,"type":"broadcast"}}
2024/12/26 17:33:47 Received {c14 n4 {"type":"read","msg_id":10}}
2024/12/26 17:33:47 Sent {"src":"n4","dest":"c14","body":{"in_reply_to":10,"messages":[8,24,20,21,9,12,16,4,10,11,15,0,2,7,13,17,19,26,1,3,18,22,23,5,6,25,14],"type":"read_ok"}}
2024/12/26 17:33:47 Received {n0 n4 {"message":27,"msg_id":20,"type":"broadcast"}}
2024/12/26 17:33:47 Sent {"src":"n4","dest":"n0","body":{"in_reply_to":20,"type":"broadcast_ok"}}
2024/12/26 17:33:47 Sent {"src":"n4","dest":"n4","body":{"message":27,"msg_id":20,"type":"broadcast"}}
2024/12/26 17:33:47 Sent {"src":"n4","dest":"n1","body":{"message":27,"msg_id":20,"type":"broadcast"}}
2024/12/26 17:33:47 Sent {"src":"n4","dest":"n3","body":{"message":27,"msg_id":20,"type":"broadcast"}}
2024/12/26 17:33:47 Sent {"src":"n4","dest":"n2","body":{"message":27,"msg_id":20,"type":"broadcast"}}
2024/12/26 17:33:47 Received {n2 n4 {"message":27,"msg_id":20,"type":"broadcast"}}
2024/12/26 17:33:47 Received {n1 n4 {"message":27,"msg_id":20,"type":"broadcast"}}
2024/12/26 17:33:47 Received {n3 n4 {"message":27,"msg_id":20,"type":"broadcast"}}
2024/12/26 17:33:47 Received {n4 n4 {"message":27,"msg_id":20,"type":"broadcast"}}
2024/12/26 17:33:47 Received {n0 n4 {"message":28,"msg_id":21,"type":"broadcast"}}
2024/12/26 17:33:47 Sent {"src":"n4","dest":"n0","body":{"in_reply_to":21,"type":"broadcast_ok"}}
2024/12/26 17:33:47 Sent {"src":"n4","dest":"n3","body":{"message":28,"msg_id":21,"type":"broadcast"}}
2024/12/26 17:33:47 Sent {"src":"n4","dest":"n4","body":{"message":28,"msg_id":21,"type":"broadcast"}}
2024/12/26 17:33:47 Sent {"src":"n4","dest":"n1","body":{"message":28,"msg_id":21,"type":"broadcast"}}
2024/12/26 17:33:47 Sent {"src":"n4","dest":"n2","body":{"message":28,"msg_id":21,"type":"broadcast"}}
2024/12/26 17:33:47 Received {n2 n4 {"message":28,"msg_id":21,"type":"broadcast"}}
2024/12/26 17:33:47 Received {n4 n4 {"message":28,"msg_id":21,"type":"broadcast"}}
2024/12/26 17:33:47 Received {n3 n4 {"message":28,"msg_id":21,"type":"broadcast"}}
2024/12/26 17:33:47 Received {n1 n4 {"message":28,"msg_id":21,"type":"broadcast"}}
2024/12/26 17:33:47 Received {n1 n4 {"message":29,"msg_id":11,"type":"broadcast"}}
2024/12/26 17:33:47 Sent {"src":"n4","dest":"n1","body":{"in_reply_to":11,"type":"broadcast_ok"}}
2024/12/26 17:33:47 Sent {"src":"n4","dest":"n4","body":{"message":29,"msg_id":11,"type":"broadcast"}}
2024/12/26 17:33:47 Sent {"src":"n4","dest":"n0","body":{"message":29,"msg_id":11,"type":"broadcast"}}
2024/12/26 17:33:47 Sent {"src":"n4","dest":"n2","body":{"message":29,"msg_id":11,"type":"broadcast"}}
2024/12/26 17:33:47 Sent {"src":"n4","dest":"n3","body":{"message":29,"msg_id":11,"type":"broadcast"}}
2024/12/26 17:33:47 Received {n0 n4 {"message":29,"msg_id":11,"type":"broadcast"}}
2024/12/26 17:33:47 Received {n2 n4 {"message":29,"msg_id":11,"type":"broadcast"}}
2024/12/26 17:33:47 Received {n4 n4 {"message":29,"msg_id":11,"type":"broadcast"}}
2024/12/26 17:33:47 Received {n3 n4 {"message":29,"msg_id":11,"type":"broadcast"}}
2024/12/26 17:33:47 Received {c14 n4 {"type":"broadcast","message":30,"msg_id":11}}
2024/12/26 17:33:47 Sent {"src":"n4","dest":"c14","body":{"in_reply_to":11,"type":"broadcast_ok"}}
2024/12/26 17:33:47 Sent {"src":"n4","dest":"n1","body":{"message":30,"msg_id":11,"type":"broadcast"}}
2024/12/26 17:33:47 Sent {"src":"n4","dest":"n4","body":{"message":30,"msg_id":11,"type":"broadcast"}}
2024/12/26 17:33:47 Sent {"src":"n4","dest":"n2","body":{"message":30,"msg_id":11,"type":"broadcast"}}
2024/12/26 17:33:47 Sent {"src":"n4","dest":"n3","body":{"message":30,"msg_id":11,"type":"broadcast"}}
2024/12/26 17:33:47 Sent {"src":"n4","dest":"n0","body":{"message":30,"msg_id":11,"type":"broadcast"}}
2024/12/26 17:33:47 Received {n4 n4 {"message":30,"msg_id":11,"type":"broadcast"}}
2024/12/26 17:33:47 Received {n1 n4 {"in_reply_to":11,"type":"broadcast_ok"}}
2024/12/26 17:33:47 Ignoring reply to 11 with no callback
2024/12/26 17:33:47 Received {n3 n4 {"in_reply_to":11,"type":"broadcast_ok"}}
2024/12/26 17:33:47 Ignoring reply to 11 with no callback
2024/12/26 17:33:47 Received {n2 n4 {"in_reply_to":11,"type":"broadcast_ok"}}
2024/12/26 17:33:47 Ignoring reply to 11 with no callback
2024/12/26 17:33:47 Received {n0 n4 {"in_reply_to":11,"type":"broadcast_ok"}}
2024/12/26 17:33:47 Ignoring reply to 11 with no callback
2024/12/26 17:33:47 Received {n0 n4 {"message":31,"msg_id":22,"type":"broadcast"}}
2024/12/26 17:33:47 Sent {"src":"n4","dest":"n0","body":{"in_reply_to":22,"type":"broadcast_ok"}}
2024/12/26 17:33:47 Sent {"src":"n4","dest":"n4","body":{"message":31,"msg_id":22,"type":"broadcast"}}
2024/12/26 17:33:47 Sent {"src":"n4","dest":"n3","body":{"message":31,"msg_id":22,"type":"broadcast"}}
2024/12/26 17:33:47 Sent {"src":"n4","dest":"n1","body":{"message":31,"msg_id":22,"type":"broadcast"}}
2024/12/26 17:33:47 Sent {"src":"n4","dest":"n2","body":{"message":31,"msg_id":22,"type":"broadcast"}}
2024/12/26 17:33:47 Received {n3 n4 {"message":31,"msg_id":22,"type":"broadcast"}}
2024/12/26 17:33:47 Received {n1 n4 {"message":31,"msg_id":22,"type":"broadcast"}}
2024/12/26 17:33:47 Received {n2 n4 {"message":31,"msg_id":22,"type":"broadcast"}}
2024/12/26 17:33:47 Received {n4 n4 {"message":31,"msg_id":22,"type":"broadcast"}}
2024/12/26 17:33:47 Received {n0 n4 {"message":32,"msg_id":23,"type":"broadcast"}}
2024/12/26 17:33:47 Sent {"src":"n4","dest":"n0","body":{"in_reply_to":23,"type":"broadcast_ok"}}
2024/12/26 17:33:47 Sent {"src":"n4","dest":"n4","body":{"message":32,"msg_id":23,"type":"broadcast"}}
2024/12/26 17:33:47 Sent {"src":"n4","dest":"n1","body":{"message":32,"msg_id":23,"type":"broadcast"}}
2024/12/26 17:33:47 Sent {"src":"n4","dest":"n2","body":{"message":32,"msg_id":23,"type":"broadcast"}}
2024/12/26 17:33:47 Sent {"src":"n4","dest":"n3","body":{"message":32,"msg_id":23,"type":"broadcast"}}
2024/12/26 17:33:47 Received {n2 n4 {"message":32,"msg_id":23,"type":"broadcast"}}
2024/12/26 17:33:47 Received {n1 n4 {"message":32,"msg_id":23,"type":"broadcast"}}
2024/12/26 17:33:47 Received {n4 n4 {"message":32,"msg_id":23,"type":"broadcast"}}
2024/12/26 17:33:47 Received {n3 n4 {"message":32,"msg_id":23,"type":"broadcast"}}
2024/12/26 17:33:48 Received {n1 n4 {"message":33,"msg_id":12,"type":"broadcast"}}
2024/12/26 17:33:48 Sent {"src":"n4","dest":"n1","body":{"in_reply_to":12,"type":"broadcast_ok"}}
2024/12/26 17:33:48 Sent {"src":"n4","dest":"n4","body":{"message":33,"msg_id":12,"type":"broadcast"}}
2024/12/26 17:33:48 Sent {"src":"n4","dest":"n0","body":{"message":33,"msg_id":12,"type":"broadcast"}}
2024/12/26 17:33:48 Sent {"src":"n4","dest":"n2","body":{"message":33,"msg_id":12,"type":"broadcast"}}
2024/12/26 17:33:48 Sent {"src":"n4","dest":"n3","body":{"message":33,"msg_id":12,"type":"broadcast"}}
2024/12/26 17:33:48 Received {n4 n4 {"message":33,"msg_id":12,"type":"broadcast"}}
2024/12/26 17:33:48 Received {n2 n4 {"message":33,"msg_id":12,"type":"broadcast"}}
2024/12/26 17:33:48 Received {n3 n4 {"message":33,"msg_id":12,"type":"broadcast"}}
2024/12/26 17:33:48 Received {n0 n4 {"message":33,"msg_id":12,"type":"broadcast"}}
2024/12/26 17:33:48 Received {n2 n4 {"message":34,"msg_id":12,"type":"broadcast"}}
2024/12/26 17:33:48 Sent {"src":"n4","dest":"n2","body":{"in_reply_to":12,"type":"broadcast_ok"}}
2024/12/26 17:33:48 Sent {"src":"n4","dest":"n1","body":{"message":34,"msg_id":12,"type":"broadcast"}}
2024/12/26 17:33:48 Sent {"src":"n4","dest":"n4","body":{"message":34,"msg_id":12,"type":"broadcast"}}
2024/12/26 17:33:48 Sent {"src":"n4","dest":"n3","body":{"message":34,"msg_id":12,"type":"broadcast"}}
2024/12/26 17:33:48 Sent {"src":"n4","dest":"n0","body":{"message":34,"msg_id":12,"type":"broadcast"}}
2024/12/26 17:33:48 Received {n3 n4 {"message":34,"msg_id":12,"type":"broadcast"}}
2024/12/26 17:33:48 Received {n1 n4 {"message":34,"msg_id":12,"type":"broadcast"}}
2024/12/26 17:33:48 Received {n4 n4 {"message":34,"msg_id":12,"type":"broadcast"}}
2024/12/26 17:33:48 Received {n0 n4 {"message":34,"msg_id":12,"type":"broadcast"}}
2024/12/26 17:33:48 Received {n3 n4 {"message":35,"msg_id":12,"type":"broadcast"}}
2024/12/26 17:33:48 Sent {"src":"n4","dest":"n3","body":{"in_reply_to":12,"type":"broadcast_ok"}}
2024/12/26 17:33:48 Sent {"src":"n4","dest":"n0","body":{"message":35,"msg_id":12,"type":"broadcast"}}
2024/12/26 17:33:48 Sent {"src":"n4","dest":"n4","body":{"message":35,"msg_id":12,"type":"broadcast"}}
2024/12/26 17:33:48 Sent {"src":"n4","dest":"n1","body":{"message":35,"msg_id":12,"type":"broadcast"}}
2024/12/26 17:33:48 Sent {"src":"n4","dest":"n2","body":{"message":35,"msg_id":12,"type":"broadcast"}}
2024/12/26 17:33:48 Received {n0 n4 {"message":35,"msg_id":12,"type":"broadcast"}}
2024/12/26 17:33:48 Received {n1 n4 {"message":35,"msg_id":12,"type":"broadcast"}}
2024/12/26 17:33:48 Received {n2 n4 {"message":35,"msg_id":12,"type":"broadcast"}}
2024/12/26 17:33:48 Received {n4 n4 {"message":35,"msg_id":12,"type":"broadcast"}}
2024/12/26 17:33:48 Received {c14 n4 {"type":"broadcast","message":36,"msg_id":12}}
2024/12/26 17:33:48 Sent {"src":"n4","dest":"c14","body":{"in_reply_to":12,"type":"broadcast_ok"}}
2024/12/26 17:33:48 Sent {"src":"n4","dest":"n0","body":{"message":36,"msg_id":12,"type":"broadcast"}}
2024/12/26 17:33:48 Sent {"src":"n4","dest":"n1","body":{"message":36,"msg_id":12,"type":"broadcast"}}
2024/12/26 17:33:48 Sent {"src":"n4","dest":"n4","body":{"message":36,"msg_id":12,"type":"broadcast"}}
2024/12/26 17:33:48 Sent {"src":"n4","dest":"n3","body":{"message":36,"msg_id":12,"type":"broadcast"}}
2024/12/26 17:33:48 Sent {"src":"n4","dest":"n2","body":{"message":36,"msg_id":12,"type":"broadcast"}}
2024/12/26 17:33:48 Received {n4 n4 {"message":36,"msg_id":12,"type":"broadcast"}}
2024/12/26 17:33:48 Received {n2 n4 {"in_reply_to":12,"type":"broadcast_ok"}}
2024/12/26 17:33:48 Ignoring reply to 12 with no callback
2024/12/26 17:33:48 Received {n1 n4 {"in_reply_to":12,"type":"broadcast_ok"}}
2024/12/26 17:33:48 Ignoring reply to 12 with no callback
2024/12/26 17:33:48 Received {n0 n4 {"in_reply_to":12,"type":"broadcast_ok"}}
2024/12/26 17:33:48 Ignoring reply to 12 with no callback
2024/12/26 17:33:48 Received {n3 n4 {"in_reply_to":12,"type":"broadcast_ok"}}
2024/12/26 17:33:48 Ignoring reply to 12 with no callback
2024/12/26 17:33:48 Received {n1 n4 {"message":37,"msg_id":13,"type":"broadcast"}}
2024/12/26 17:33:48 Sent {"src":"n4","dest":"n1","body":{"in_reply_to":13,"type":"broadcast_ok"}}
2024/12/26 17:33:48 Sent {"src":"n4","dest":"n4","body":{"message":37,"msg_id":13,"type":"broadcast"}}
2024/12/26 17:33:48 Sent {"src":"n4","dest":"n2","body":{"message":37,"msg_id":13,"type":"broadcast"}}
2024/12/26 17:33:48 Sent {"src":"n4","dest":"n3","body":{"message":37,"msg_id":13,"type":"broadcast"}}
2024/12/26 17:33:48 Sent {"src":"n4","dest":"n0","body":{"message":37,"msg_id":13,"type":"broadcast"}}
2024/12/26 17:33:48 Received {n4 n4 {"message":37,"msg_id":13,"type":"broadcast"}}
2024/12/26 17:33:48 Received {n2 n4 {"message":37,"msg_id":13,"type":"broadcast"}}
2024/12/26 17:33:48 Received {n3 n4 {"message":37,"msg_id":13,"type":"broadcast"}}
2024/12/26 17:33:48 Received {n0 n4 {"message":37,"msg_id":13,"type":"broadcast"}}
2024/12/26 17:33:48 Received {n2 n4 {"message":38,"msg_id":13,"type":"broadcast"}}
2024/12/26 17:33:48 Sent {"src":"n4","dest":"n2","body":{"in_reply_to":13,"type":"broadcast_ok"}}
2024/12/26 17:33:48 Sent {"src":"n4","dest":"n4","body":{"message":38,"msg_id":13,"type":"broadcast"}}
2024/12/26 17:33:48 Sent {"src":"n4","dest":"n3","body":{"message":38,"msg_id":13,"type":"broadcast"}}
2024/12/26 17:33:48 Sent {"src":"n4","dest":"n0","body":{"message":38,"msg_id":13,"type":"broadcast"}}
2024/12/26 17:33:48 Sent {"src":"n4","dest":"n1","body":{"message":38,"msg_id":13,"type":"broadcast"}}
2024/12/26 17:33:48 Received {n0 n4 {"message":38,"msg_id":13,"type":"broadcast"}}
2024/12/26 17:33:48 Received {n4 n4 {"message":38,"msg_id":13,"type":"broadcast"}}
2024/12/26 17:33:48 Received {n1 n4 {"message":38,"msg_id":13,"type":"broadcast"}}
2024/12/26 17:33:48 Received {n3 n4 {"message":38,"msg_id":13,"type":"broadcast"}}
2024/12/26 17:33:49 Received {c14 n4 {"type":"read","msg_id":13}}
2024/12/26 17:33:49 Sent {"src":"n4","dest":"c14","body":{"in_reply_to":13,"messages":[16,15,0,2,4,10,11,19,26,34,1,3,7,13,17,37,5,6,18,22,23,25,27,32,36,38,14,28,29,35,8,24,30,31,9,12,20,21,33],"type":"read_ok"}}
2024/12/26 17:33:49 Received {n0 n4 {"message":39,"msg_id":27,"type":"broadcast"}}
2024/12/26 17:33:49 Sent {"src":"n4","dest":"n4","body":{"message":39,"msg_id":27,"type":"broadcast"}}
2024/12/26 17:33:49 Sent {"src":"n4","dest":"n0","body":{"in_reply_to":27,"type":"broadcast_ok"}}
2024/12/26 17:33:49 Sent {"src":"n4","dest":"n2","body":{"message":39,"msg_id":27,"type":"broadcast"}}
2024/12/26 17:33:49 Sent {"src":"n4","dest":"n1","body":{"message":39,"msg_id":27,"type":"broadcast"}}
2024/12/26 17:33:49 Sent {"src":"n4","dest":"n3","body":{"message":39,"msg_id":27,"type":"broadcast"}}
2024/12/26 17:33:49 Received {n4 n4 {"message":39,"msg_id":27,"type":"broadcast"}}
2024/12/26 17:33:49 Received {n3 n4 {"message":39,"msg_id":27,"type":"broadcast"}}
2024/12/26 17:33:49 Received {n2 n4 {"message":39,"msg_id":27,"type":"broadcast"}}
2024/12/26 17:33:49 Received {n1 n4 {"message":39,"msg_id":27,"type":"broadcast"}}
2024/12/26 17:33:49 Received {c14 n4 {"type":"broadcast","message":40,"msg_id":14}}
2024/12/26 17:33:49 Sent {"src":"n4","dest":"c14","body":{"in_reply_to":14,"type":"broadcast_ok"}}
2024/12/26 17:33:49 Sent {"src":"n4","dest":"n4","body":{"message":40,"msg_id":14,"type":"broadcast"}}
2024/12/26 17:33:49 Sent {"src":"n4","dest":"n2","body":{"message":40,"msg_id":14,"type":"broadcast"}}
2024/12/26 17:33:49 Sent {"src":"n4","dest":"n1","body":{"message":40,"msg_id":14,"type":"broadcast"}}
2024/12/26 17:33:49 Sent {"src":"n4","dest":"n3","body":{"message":40,"msg_id":14,"type":"broadcast"}}
2024/12/26 17:33:49 Sent {"src":"n4","dest":"n0","body":{"message":40,"msg_id":14,"type":"broadcast"}}
2024/12/26 17:33:49 Received {n4 n4 {"message":40,"msg_id":14,"type":"broadcast"}}
2024/12/26 17:33:49 Received {n3 n4 {"in_reply_to":14,"type":"broadcast_ok"}}
2024/12/26 17:33:49 Ignoring reply to 14 with no callback
2024/12/26 17:33:49 Received {n2 n4 {"in_reply_to":14,"type":"broadcast_ok"}}
2024/12/26 17:33:49 Ignoring reply to 14 with no callback
2024/12/26 17:33:49 Received {n0 n4 {"in_reply_to":14,"type":"broadcast_ok"}}
2024/12/26 17:33:49 Ignoring reply to 14 with no callback
2024/12/26 17:33:49 Received {n1 n4 {"in_reply_to":14,"type":"broadcast_ok"}}
2024/12/26 17:33:49 Ignoring reply to 14 with no callback
2024/12/26 17:33:49 Received {n0 n4 {"message":41,"msg_id":28,"type":"broadcast"}}
2024/12/26 17:33:49 Sent {"src":"n4","dest":"n0","body":{"in_reply_to":28,"type":"broadcast_ok"}}
2024/12/26 17:33:49 Sent {"src":"n4","dest":"n2","body":{"message":41,"msg_id":28,"type":"broadcast"}}
2024/12/26 17:33:49 Sent {"src":"n4","dest":"n4","body":{"message":41,"msg_id":28,"type":"broadcast"}}
2024/12/26 17:33:49 Sent {"src":"n4","dest":"n3","body":{"message":41,"msg_id":28,"type":"broadcast"}}
2024/12/26 17:33:49 Sent {"src":"n4","dest":"n1","body":{"message":41,"msg_id":28,"type":"broadcast"}}
2024/12/26 17:33:49 Received {n3 n4 {"message":41,"msg_id":28,"type":"broadcast"}}
2024/12/26 17:33:49 Received {n2 n4 {"message":41,"msg_id":28,"type":"broadcast"}}
2024/12/26 17:33:49 Received {n1 n4 {"message":41,"msg_id":28,"type":"broadcast"}}
2024/12/26 17:33:49 Received {n4 n4 {"message":41,"msg_id":28,"type":"broadcast"}}
2024/12/26 17:33:49 Received {n0 n4 {"message":42,"msg_id":29,"type":"broadcast"}}
2024/12/26 17:33:49 Sent {"src":"n4","dest":"n0","body":{"in_reply_to":29,"type":"broadcast_ok"}}
2024/12/26 17:33:49 Sent {"src":"n4","dest":"n4","body":{"message":42,"msg_id":29,"type":"broadcast"}}
2024/12/26 17:33:49 Sent {"src":"n4","dest":"n1","body":{"message":42,"msg_id":29,"type":"broadcast"}}
2024/12/26 17:33:49 Sent {"src":"n4","dest":"n2","body":{"message":42,"msg_id":29,"type":"broadcast"}}
2024/12/26 17:33:49 Sent {"src":"n4","dest":"n3","body":{"message":42,"msg_id":29,"type":"broadcast"}}
2024/12/26 17:33:49 Received {n1 n4 {"message":42,"msg_id":29,"type":"broadcast"}}
2024/12/26 17:33:49 Received {n4 n4 {"message":42,"msg_id":29,"type":"broadcast"}}
2024/12/26 17:33:49 Received {n2 n4 {"message":42,"msg_id":29,"type":"broadcast"}}
2024/12/26 17:33:49 Received {n3 n4 {"message":42,"msg_id":29,"type":"broadcast"}}
2024/12/26 17:33:49 Received {n1 n4 {"message":43,"msg_id":15,"type":"broadcast"}}
2024/12/26 17:33:49 Sent {"src":"n4","dest":"n1","body":{"in_reply_to":15,"type":"broadcast_ok"}}
2024/12/26 17:33:49 Sent {"src":"n4","dest":"n2","body":{"message":43,"msg_id":15,"type":"broadcast"}}
2024/12/26 17:33:49 Sent {"src":"n4","dest":"n4","body":{"message":43,"msg_id":15,"type":"broadcast"}}
2024/12/26 17:33:49 Sent {"src":"n4","dest":"n3","body":{"message":43,"msg_id":15,"type":"broadcast"}}
2024/12/26 17:33:49 Sent {"src":"n4","dest":"n0","body":{"message":43,"msg_id":15,"type":"broadcast"}}
2024/12/26 17:33:49 Received {n2 n4 {"message":43,"msg_id":15,"type":"broadcast"}}
2024/12/26 17:33:49 Received {n4 n4 {"message":43,"msg_id":15,"type":"broadcast"}}
2024/12/26 17:33:49 Received {n3 n4 {"message":43,"msg_id":15,"type":"broadcast"}}
2024/12/26 17:33:49 Received {n0 n4 {"message":43,"msg_id":15,"type":"broadcast"}}
2024/12/26 17:33:49 Received {n2 n4 {"message":44,"msg_id":15,"type":"broadcast"}}
2024/12/26 17:33:49 Sent {"src":"n4","dest":"n2","body":{"in_reply_to":15,"type":"broadcast_ok"}}
2024/12/26 17:33:49 Sent {"src":"n4","dest":"n4","body":{"message":44,"msg_id":15,"type":"broadcast"}}
2024/12/26 17:33:49 Sent {"src":"n4","dest":"n0","body":{"message":44,"msg_id":15,"type":"broadcast"}}
2024/12/26 17:33:49 Sent {"src":"n4","dest":"n1","body":{"message":44,"msg_id":15,"type":"broadcast"}}
2024/12/26 17:33:49 Sent {"src":"n4","dest":"n3","body":{"message":44,"msg_id":15,"type":"broadcast"}}
2024/12/26 17:33:49 Received {n3 n4 {"message":44,"msg_id":15,"type":"broadcast"}}
2024/12/26 17:33:49 Received {n4 n4 {"message":44,"msg_id":15,"type":"broadcast"}}
2024/12/26 17:33:49 Received {n1 n4 {"message":44,"msg_id":15,"type":"broadcast"}}
2024/12/26 17:33:49 Received {n0 n4 {"message":44,"msg_id":15,"type":"broadcast"}}
2024/12/26 17:33:50 Received {c14 n4 {"type":"read","msg_id":15}}
2024/12/26 17:33:50 Sent {"src":"n4","dest":"c14","body":{"in_reply_to":15,"messages":[8,24,30,31,9,12,20,21,33,41,16,43,0,2,4,10,11,15,42,34,1,3,7,13,17,19,26,37,5,6,18,22,23,39,25,27,32,36,38,40,44,14,28,29,35],"type":"read_ok"}}
2024/12/26 17:33:50 Received {n0 n4 {"message":45,"msg_id":30,"type":"broadcast"}}
2024/12/26 17:33:50 Sent {"src":"n4","dest":"n0","body":{"in_reply_to":30,"type":"broadcast_ok"}}
2024/12/26 17:33:50 Sent {"src":"n4","dest":"n4","body":{"message":45,"msg_id":30,"type":"broadcast"}}
2024/12/26 17:33:50 Sent {"src":"n4","dest":"n1","body":{"message":45,"msg_id":30,"type":"broadcast"}}
2024/12/26 17:33:50 Sent {"src":"n4","dest":"n2","body":{"message":45,"msg_id":30,"type":"broadcast"}}
2024/12/26 17:33:50 Sent {"src":"n4","dest":"n3","body":{"message":45,"msg_id":30,"type":"broadcast"}}
2024/12/26 17:33:50 Received {n3 n4 {"message":45,"msg_id":30,"type":"broadcast"}}
2024/12/26 17:33:50 Received {n2 n4 {"message":45,"msg_id":30,"type":"broadcast"}}
2024/12/26 17:33:50 Received {n1 n4 {"message":45,"msg_id":30,"type":"broadcast"}}
2024/12/26 17:33:50 Received {n4 n4 {"message":45,"msg_id":30,"type":"broadcast"}}
2024/12/26 17:33:50 Received {n0 n4 {"message":46,"msg_id":31,"type":"broadcast"}}
2024/12/26 17:33:50 Sent {"src":"n4","dest":"n0","body":{"in_reply_to":31,"type":"broadcast_ok"}}
2024/12/26 17:33:50 Received {n3 n4 {"message":46,"msg_id":31,"type":"broadcast"}}
2024/12/26 17:33:50 Sent {"src":"n4","dest":"n4","body":{"message":46,"msg_id":31,"type":"broadcast"}}
2024/12/26 17:33:50 Received {n1 n4 {"message":46,"msg_id":31,"type":"broadcast"}}
2024/12/26 17:33:50 Received {n2 n4 {"message":46,"msg_id":31,"type":"broadcast"}}
2024/12/26 17:33:50 Sent {"src":"n4","dest":"n2","body":{"message":46,"msg_id":31,"type":"broadcast"}}
2024/12/26 17:33:50 Sent {"src":"n4","dest":"n3","body":{"message":46,"msg_id":31,"type":"broadcast"}}
2024/12/26 17:33:50 Sent {"src":"n4","dest":"n1","body":{"message":46,"msg_id":31,"type":"broadcast"}}
2024/12/26 17:33:50 Received {n4 n4 {"message":46,"msg_id":31,"type":"broadcast"}}
2024/12/26 17:33:50 Received {c14 n4 {"type":"broadcast","message":47,"msg_id":16}}
2024/12/26 17:33:50 Sent {"src":"n4","dest":"c14","body":{"in_reply_to":16,"type":"broadcast_ok"}}
2024/12/26 17:33:50 Sent {"src":"n4","dest":"n1","body":{"message":47,"msg_id":16,"type":"broadcast"}}
2024/12/26 17:33:50 Sent {"src":"n4","dest":"n4","body":{"message":47,"msg_id":16,"type":"broadcast"}}
2024/12/26 17:33:50 Sent {"src":"n4","dest":"n3","body":{"message":47,"msg_id":16,"type":"broadcast"}}
2024/12/26 17:33:50 Sent {"src":"n4","dest":"n2","body":{"message":47,"msg_id":16,"type":"broadcast"}}
2024/12/26 17:33:50 Sent {"src":"n4","dest":"n0","body":{"message":47,"msg_id":16,"type":"broadcast"}}
2024/12/26 17:33:50 Received {n4 n4 {"message":47,"msg_id":16,"type":"broadcast"}}
2024/12/26 17:33:50 Received {n1 n4 {"in_reply_to":16,"type":"broadcast_ok"}}
2024/12/26 17:33:50 Ignoring reply to 16 with no callback
2024/12/26 17:33:50 Received {n2 n4 {"in_reply_to":16,"type":"broadcast_ok"}}
2024/12/26 17:33:50 Ignoring reply to 16 with no callback
2024/12/26 17:33:50 Received {n0 n4 {"in_reply_to":16,"type":"broadcast_ok"}}
2024/12/26 17:33:50 Ignoring reply to 16 with no callback
2024/12/26 17:33:50 Received {n3 n4 {"in_reply_to":16,"type":"broadcast_ok"}}
2024/12/26 17:33:50 Ignoring reply to 16 with no callback
2024/12/26 17:33:51 Received {n0 n4 {"message":48,"msg_id":32,"type":"broadcast"}}
2024/12/26 17:33:51 Sent {"src":"n4","dest":"n0","body":{"in_reply_to":32,"type":"broadcast_ok"}}
2024/12/26 17:33:51 Sent {"src":"n4","dest":"n4","body":{"message":48,"msg_id":32,"type":"broadcast"}}
2024/12/26 17:33:51 Sent {"src":"n4","dest":"n1","body":{"message":48,"msg_id":32,"type":"broadcast"}}
2024/12/26 17:33:51 Sent {"src":"n4","dest":"n2","body":{"message":48,"msg_id":32,"type":"broadcast"}}
2024/12/26 17:33:51 Sent {"src":"n4","dest":"n3","body":{"message":48,"msg_id":32,"type":"broadcast"}}
2024/12/26 17:33:51 Received {n2 n4 {"message":48,"msg_id":32,"type":"broadcast"}}
2024/12/26 17:33:51 Received {n3 n4 {"message":48,"msg_id":32,"type":"broadcast"}}
2024/12/26 17:33:51 Received {n4 n4 {"message":48,"msg_id":32,"type":"broadcast"}}
2024/12/26 17:33:51 Received {n1 n4 {"message":48,"msg_id":32,"type":"broadcast"}}
2024/12/26 17:33:51 Received {n0 n4 {"message":49,"msg_id":33,"type":"broadcast"}}
2024/12/26 17:33:51 Sent {"src":"n4","dest":"n0","body":{"in_reply_to":33,"type":"broadcast_ok"}}
2024/12/26 17:33:51 Sent {"src":"n4","dest":"n4","body":{"message":49,"msg_id":33,"type":"broadcast"}}
2024/12/26 17:33:51 Sent {"src":"n4","dest":"n2","body":{"message":49,"msg_id":33,"type":"broadcast"}}
2024/12/26 17:33:51 Sent {"src":"n4","dest":"n1","body":{"message":49,"msg_id":33,"type":"broadcast"}}
2024/12/26 17:33:51 Sent {"src":"n4","dest":"n3","body":{"message":49,"msg_id":33,"type":"broadcast"}}
2024/12/26 17:33:51 Received {n1 n4 {"message":49,"msg_id":33,"type":"broadcast"}}
2024/12/26 17:33:51 Received {n4 n4 {"message":49,"msg_id":33,"type":"broadcast"}}
2024/12/26 17:33:51 Received {n3 n4 {"message":49,"msg_id":33,"type":"broadcast"}}
2024/12/26 17:33:51 Received {n2 n4 {"message":49,"msg_id":33,"type":"broadcast"}}
2024/12/26 17:33:51 Received {n3 n4 {"message":50,"msg_id":17,"type":"broadcast"}}
2024/12/26 17:33:51 Sent {"src":"n4","dest":"n3","body":{"in_reply_to":17,"type":"broadcast_ok"}}
2024/12/26 17:33:51 Sent {"src":"n4","dest":"n4","body":{"message":50,"msg_id":17,"type":"broadcast"}}
2024/12/26 17:33:51 Sent {"src":"n4","dest":"n2","body":{"message":50,"msg_id":17,"type":"broadcast"}}
2024/12/26 17:33:51 Sent {"src":"n4","dest":"n0","body":{"message":50,"msg_id":17,"type":"broadcast"}}
2024/12/26 17:33:51 Sent {"src":"n4","dest":"n1","body":{"message":50,"msg_id":17,"type":"broadcast"}}
2024/12/26 17:33:51 Received {n0 n4 {"message":50,"msg_id":17,"type":"broadcast"}}
2024/12/26 17:33:51 Received {n2 n4 {"message":50,"msg_id":17,"type":"broadcast"}}
2024/12/26 17:33:51 Received {n4 n4 {"message":50,"msg_id":17,"type":"broadcast"}}
2024/12/26 17:33:51 Received {n1 n4 {"message":50,"msg_id":17,"type":"broadcast"}}
2024/12/26 17:33:51 Received {c14 n4 {"type":"read","msg_id":17}}
2024/12/26 17:33:51 Sent {"src":"n4","dest":"c14","body":{"in_reply_to":17,"messages":[25,27,32,36,38,40,44,47,14,28,29,35,48,8,24,30,31,9,12,20,21,33,41,46,16,0,2,4,10,11,15,42,43,49,1,3,7,13,17,19,26,34,37,5,6,18,22,23,39,45,50],"type":"read_ok"}}
2024/12/26 17:33:51 Received {n1 n4 {"message":51,"msg_id":18,"type":"broadcast"}}
2024/12/26 17:33:51 Sent {"src":"n4","dest":"n4","body":{"message":51,"msg_id":18,"type":"broadcast"}}
2024/12/26 17:33:51 Sent {"src":"n4","dest":"n0","body":{"message":51,"msg_id":18,"type":"broadcast"}}
2024/12/26 17:33:51 Sent {"src":"n4","dest":"n2","body":{"message":51,"msg_id":18,"type":"broadcast"}}
2024/12/26 17:33:51 Sent {"src":"n4","dest":"n3","body":{"message":51,"msg_id":18,"type":"broadcast"}}
2024/12/26 17:33:51 Sent {"src":"n4","dest":"n1","body":{"in_reply_to":18,"type":"broadcast_ok"}}
2024/12/26 17:33:51 Received {n4 n4 {"message":51,"msg_id":18,"type":"broadcast"}}
2024/12/26 17:33:51 Received {n3 n4 {"message":51,"msg_id":18,"type":"broadcast"}}
2024/12/26 17:33:51 Received {n0 n4 {"message":51,"msg_id":18,"type":"broadcast"}}
2024/12/26 17:33:51 Received {n2 n4 {"message":51,"msg_id":18,"type":"broadcast"}}
2024/12/26 17:33:52 Received {n3 n4 {"message":52,"msg_id":18,"type":"broadcast"}}
2024/12/26 17:33:52 Sent {"src":"n4","dest":"n3","body":{"in_reply_to":18,"type":"broadcast_ok"}}
2024/12/26 17:33:52 Sent {"src":"n4","dest":"n4","body":{"message":52,"msg_id":18,"type":"broadcast"}}
2024/12/26 17:33:52 Sent {"src":"n4","dest":"n0","body":{"message":52,"msg_id":18,"type":"broadcast"}}
2024/12/26 17:33:52 Sent {"src":"n4","dest":"n1","body":{"message":52,"msg_id":18,"type":"broadcast"}}
2024/12/26 17:33:52 Sent {"src":"n4","dest":"n2","body":{"message":52,"msg_id":18,"type":"broadcast"}}
2024/12/26 17:33:52 Received {n4 n4 {"message":52,"msg_id":18,"type":"broadcast"}}
2024/12/26 17:33:52 Received {n0 n4 {"message":52,"msg_id":18,"type":"broadcast"}}
2024/12/26 17:33:52 Received {n2 n4 {"message":52,"msg_id":18,"type":"broadcast"}}
2024/12/26 17:33:52 Received {n1 n4 {"message":52,"msg_id":18,"type":"broadcast"}}
2024/12/26 17:33:52 Received {c14 n4 {"type":"read","msg_id":18}}
2024/12/26 17:33:52 Sent {"src":"n4","dest":"c14","body":{"in_reply_to":18,"messages":[7,13,26,34,5,18,22,23,25,27,36,38,35,24,30,31,9,12,20,33,41,46,43,4,10,11,15,49,1,3,17,19,37,45,50,6,39,44,47,32,40,14,28,29,48,8,51,21,52,16,42,0,2],"type":"read_ok"}}
2024/12/26 17:33:52 Received {n0 n4 {"message":53,"msg_id":37,"type":"broadcast"}}
2024/12/26 17:33:52 Sent {"src":"n4","dest":"n0","body":{"in_reply_to":37,"type":"broadcast_ok"}}
2024/12/26 17:33:52 Sent {"src":"n4","dest":"n2","body":{"message":53,"msg_id":37,"type":"broadcast"}}
2024/12/26 17:33:52 Sent {"src":"n4","dest":"n1","body":{"message":53,"msg_id":37,"type":"broadcast"}}
2024/12/26 17:33:52 Sent {"src":"n4","dest":"n3","body":{"message":53,"msg_id":37,"type":"broadcast"}}
2024/12/26 17:33:52 Sent {"src":"n4","dest":"n4","body":{"message":53,"msg_id":37,"type":"broadcast"}}
2024/12/26 17:33:52 Received {n3 n4 {"message":53,"msg_id":37,"type":"broadcast"}}
2024/12/26 17:33:52 Received {n1 n4 {"message":53,"msg_id":37,"type":"broadcast"}}
2024/12/26 17:33:52 Received {n4 n4 {"message":53,"msg_id":37,"type":"broadcast"}}
2024/12/26 17:33:52 Received {n2 n4 {"message":53,"msg_id":37,"type":"broadcast"}}
2024/12/26 17:33:52 Received {n2 n4 {"message":54,"msg_id":19,"type":"broadcast"}}
2024/12/26 17:33:52 Sent {"src":"n4","dest":"n4","body":{"message":54,"msg_id":19,"type":"broadcast"}}
2024/12/26 17:33:52 Sent {"src":"n4","dest":"n0","body":{"message":54,"msg_id":19,"type":"broadcast"}}
2024/12/26 17:33:52 Sent {"src":"n4","dest":"n1","body":{"message":54,"msg_id":19,"type":"broadcast"}}
2024/12/26 17:33:52 Sent {"src":"n4","dest":"n3","body":{"message":54,"msg_id":19,"type":"broadcast"}}
2024/12/26 17:33:52 Sent {"src":"n4","dest":"n2","body":{"in_reply_to":19,"type":"broadcast_ok"}}
2024/12/26 17:33:52 Received {n4 n4 {"message":54,"msg_id":19,"type":"broadcast"}}
2024/12/26 17:33:52 Received {n3 n4 {"message":54,"msg_id":19,"type":"broadcast"}}
2024/12/26 17:33:52 Received {n1 n4 {"message":54,"msg_id":19,"type":"broadcast"}}
2024/12/26 17:33:52 Received {n0 n4 {"message":54,"msg_id":19,"type":"broadcast"}}
2024/12/26 17:33:52 Received {c14 n4 {"type":"read","msg_id":19}}
2024/12/26 17:33:52 Sent {"src":"n4","dest":"c14","body":{"in_reply_to":19,"messages":[16,0,2,42,53,7,13,26,34,5,18,22,23,25,27,36,38,35,24,30,31,46,54,9,12,20,33,41,49,4,10,11,15,43,1,3,17,19,37,6,39,45,50,32,40,44,47,14,28,29,48,8,51,21,52],"type":"read_ok"}}
2024/12/26 17:33:53 Received {n2 n4 {"message":55,"msg_id":20,"type":"broadcast"}}
2024/12/26 17:33:53 Sent {"src":"n4","dest":"n2","body":{"in_reply_to":20,"type":"broadcast_ok"}}
2024/12/26 17:33:53 Sent {"src":"n4","dest":"n1","body":{"message":55,"msg_id":20,"type":"broadcast"}}
2024/12/26 17:33:53 Sent {"src":"n4","dest":"n0","body":{"message":55,"msg_id":20,"type":"broadcast"}}
2024/12/26 17:33:53 Sent {"src":"n4","dest":"n3","body":{"message":55,"msg_id":20,"type":"broadcast"}}
2024/12/26 17:33:53 Sent {"src":"n4","dest":"n4","body":{"message":55,"msg_id":20,"type":"broadcast"}}
2024/12/26 17:33:53 Received {n0 n4 {"message":55,"msg_id":20,"type":"broadcast"}}
2024/12/26 17:33:53 Received {n3 n4 {"message":55,"msg_id":20,"type":"broadcast"}}
2024/12/26 17:33:53 Received {n4 n4 {"message":55,"msg_id":20,"type":"broadcast"}}
2024/12/26 17:33:53 Received {n1 n4 {"message":55,"msg_id":20,"type":"broadcast"}}
2024/12/26 17:33:53 Received {n3 n4 {"message":56,"msg_id":20,"type":"broadcast"}}
2024/12/26 17:33:53 Sent {"src":"n4","dest":"n3","body":{"in_reply_to":20,"type":"broadcast_ok"}}
2024/12/26 17:33:53 Sent {"src":"n4","dest":"n4","body":{"message":56,"msg_id":20,"type":"broadcast"}}
2024/12/26 17:33:53 Sent {"src":"n4","dest":"n0","body":{"message":56,"msg_id":20,"type":"broadcast"}}
2024/12/26 17:33:53 Sent {"src":"n4","dest":"n1","body":{"message":56,"msg_id":20,"type":"broadcast"}}
2024/12/26 17:33:53 Sent {"src":"n4","dest":"n2","body":{"message":56,"msg_id":20,"type":"broadcast"}}
2024/12/26 17:33:53 Received {n4 n4 {"message":56,"msg_id":20,"type":"broadcast"}}
2024/12/26 17:33:53 Received {n0 n4 {"message":56,"msg_id":20,"type":"broadcast"}}
2024/12/26 17:33:53 Received {n2 n4 {"message":56,"msg_id":20,"type":"broadcast"}}
2024/12/26 17:33:53 Received {n1 n4 {"message":56,"msg_id":20,"type":"broadcast"}}
2024/12/26 17:33:53 Received {c14 n4 {"type":"broadcast","message":57,"msg_id":20}}
2024/12/26 17:33:53 Sent {"src":"n4","dest":"c14","body":{"in_reply_to":20,"type":"broadcast_ok"}}
2024/12/26 17:33:53 Sent {"src":"n4","dest":"n1","body":{"message":57,"msg_id":20,"type":"broadcast"}}
2024/12/26 17:33:53 Sent {"src":"n4","dest":"n2","body":{"message":57,"msg_id":20,"type":"broadcast"}}
2024/12/26 17:33:53 Sent {"src":"n4","dest":"n4","body":{"message":57,"msg_id":20,"type":"broadcast"}}
2024/12/26 17:33:53 Sent {"src":"n4","dest":"n3","body":{"message":57,"msg_id":20,"type":"broadcast"}}
2024/12/26 17:33:53 Sent {"src":"n4","dest":"n0","body":{"message":57,"msg_id":20,"type":"broadcast"}}
2024/12/26 17:33:53 Received {n4 n4 {"message":57,"msg_id":20,"type":"broadcast"}}
2024/12/26 17:33:53 Received {n0 n4 {"in_reply_to":20,"type":"broadcast_ok"}}
2024/12/26 17:33:53 Ignoring reply to 20 with no callback
2024/12/26 17:33:53 Received {n3 n4 {"in_reply_to":20,"type":"broadcast_ok"}}
2024/12/26 17:33:53 Ignoring reply to 20 with no callback
2024/12/26 17:33:53 Received {n1 n4 {"in_reply_to":20,"type":"broadcast_ok"}}
2024/12/26 17:33:53 Ignoring reply to 20 with no callback
2024/12/26 17:33:53 Received {n2 n4 {"in_reply_to":20,"type":"broadcast_ok"}}
2024/12/26 17:33:53 Ignoring reply to 20 with no callback
2024/12/26 17:33:53 Received {n0 n4 {"message":58,"msg_id":41,"type":"broadcast"}}
2024/12/26 17:33:53 Sent {"src":"n4","dest":"n0","body":{"in_reply_to":41,"type":"broadcast_ok"}}
2024/12/26 17:33:53 Sent {"src":"n4","dest":"n4","body":{"message":58,"msg_id":41,"type":"broadcast"}}
2024/12/26 17:33:53 Sent {"src":"n4","dest":"n2","body":{"message":58,"msg_id":41,"type":"broadcast"}}
2024/12/26 17:33:53 Sent {"src":"n4","dest":"n1","body":{"message":58,"msg_id":41,"type":"broadcast"}}
2024/12/26 17:33:53 Sent {"src":"n4","dest":"n3","body":{"message":58,"msg_id":41,"type":"broadcast"}}
2024/12/26 17:33:53 Received {n3 n4 {"message":58,"msg_id":41,"type":"broadcast"}}
2024/12/26 17:33:53 Received {n2 n4 {"message":58,"msg_id":41,"type":"broadcast"}}
2024/12/26 17:33:53 Received {n1 n4 {"message":58,"msg_id":41,"type":"broadcast"}}
2024/12/26 17:33:53 Received {n4 n4 {"message":58,"msg_id":41,"type":"broadcast"}}
2024/12/26 17:33:54 Received {c14 n4 {"type":"broadcast","message":59,"msg_id":21}}
2024/12/26 17:33:54 Sent {"src":"n4","dest":"c14","body":{"in_reply_to":21,"type":"broadcast_ok"}}
2024/12/26 17:33:54 Sent {"src":"n4","dest":"n0","body":{"message":59,"msg_id":21,"type":"broadcast"}}
2024/12/26 17:33:54 Sent {"src":"n4","dest":"n2","body":{"message":59,"msg_id":21,"type":"broadcast"}}
2024/12/26 17:33:54 Sent {"src":"n4","dest":"n4","body":{"message":59,"msg_id":21,"type":"broadcast"}}
2024/12/26 17:33:54 Sent {"src":"n4","dest":"n1","body":{"message":59,"msg_id":21,"type":"broadcast"}}
2024/12/26 17:33:54 Sent {"src":"n4","dest":"n3","body":{"message":59,"msg_id":21,"type":"broadcast"}}
2024/12/26 17:33:54 Received {n4 n4 {"message":59,"msg_id":21,"type":"broadcast"}}
2024/12/26 17:33:54 Received {n2 n4 {"in_reply_to":21,"type":"broadcast_ok"}}
2024/12/26 17:33:54 Ignoring reply to 21 with no callback
2024/12/26 17:33:54 Received {n3 n4 {"in_reply_to":21,"type":"broadcast_ok"}}
2024/12/26 17:33:54 Ignoring reply to 21 with no callback
2024/12/26 17:33:54 Received {n1 n4 {"in_reply_to":21,"type":"broadcast_ok"}}
2024/12/26 17:33:54 Ignoring reply to 21 with no callback
2024/12/26 17:33:54 Received {n0 n4 {"in_reply_to":21,"type":"broadcast_ok"}}
2024/12/26 17:33:54 Ignoring reply to 21 with no callback
2024/12/26 17:33:54 Received {n1 n4 {"message":60,"msg_id":22,"type":"broadcast"}}
2024/12/26 17:33:54 Sent {"src":"n4","dest":"n1","body":{"in_reply_to":22,"type":"broadcast_ok"}}
2024/12/26 17:33:54 Sent {"src":"n4","dest":"n4","body":{"message":60,"msg_id":22,"type":"broadcast"}}
2024/12/26 17:33:54 Sent {"src":"n4","dest":"n0","body":{"message":60,"msg_id":22,"type":"broadcast"}}
2024/12/26 17:33:54 Sent {"src":"n4","dest":"n2","body":{"message":60,"msg_id":22,"type":"broadcast"}}
2024/12/26 17:33:54 Sent {"src":"n4","dest":"n3","body":{"message":60,"msg_id":22,"type":"broadcast"}}
2024/12/26 17:33:54 Received {n4 n4 {"message":60,"msg_id":22,"type":"broadcast"}}
2024/12/26 17:33:54 Received {n2 n4 {"message":60,"msg_id":22,"type":"broadcast"}}
2024/12/26 17:33:54 Received {n0 n4 {"message":60,"msg_id":22,"type":"broadcast"}}
2024/12/26 17:33:54 Received {n3 n4 {"message":60,"msg_id":22,"type":"broadcast"}}
2024/12/26 17:33:54 Received {n2 n4 {"message":61,"msg_id":22,"type":"broadcast"}}
2024/12/26 17:33:54 Sent {"src":"n4","dest":"n2","body":{"in_reply_to":22,"type":"broadcast_ok"}}
2024/12/26 17:33:54 Sent {"src":"n4","dest":"n1","body":{"message":61,"msg_id":22,"type":"broadcast"}}
2024/12/26 17:33:54 Sent {"src":"n4","dest":"n0","body":{"message":61,"msg_id":22,"type":"broadcast"}}
2024/12/26 17:33:54 Sent {"src":"n4","dest":"n3","body":{"message":61,"msg_id":22,"type":"broadcast"}}
2024/12/26 17:33:54 Received {n1 n4 {"message":61,"msg_id":22,"type":"broadcast"}}
2024/12/26 17:33:54 Received {n0 n4 {"message":61,"msg_id":22,"type":"broadcast"}}
2024/12/26 17:33:54 Received {n3 n4 {"message":61,"msg_id":22,"type":"broadcast"}}
2024/12/26 17:33:54 Sent {"src":"n4","dest":"n4","body":{"message":61,"msg_id":22,"type":"broadcast"}}
2024/12/26 17:33:54 Received {n4 n4 {"message":61,"msg_id":22,"type":"broadcast"}}
2024/12/26 17:33:54 Received {n3 n4 {"message":62,"msg_id":22,"type":"broadcast"}}
2024/12/26 17:33:54 Sent {"src":"n4","dest":"n3","body":{"in_reply_to":22,"type":"broadcast_ok"}}
2024/12/26 17:33:54 Sent {"src":"n4","dest":"n1","body":{"message":62,"msg_id":22,"type":"broadcast"}}
2024/12/26 17:33:54 Sent {"src":"n4","dest":"n4","body":{"message":62,"msg_id":22,"type":"broadcast"}}
2024/12/26 17:33:54 Sent {"src":"n4","dest":"n0","body":{"message":62,"msg_id":22,"type":"broadcast"}}
2024/12/26 17:33:54 Sent {"src":"n4","dest":"n2","body":{"message":62,"msg_id":22,"type":"broadcast"}}
2024/12/26 17:33:54 Received {n2 n4 {"message":62,"msg_id":22,"type":"broadcast"}}
2024/12/26 17:33:54 Received {n0 n4 {"message":62,"msg_id":22,"type":"broadcast"}}
2024/12/26 17:33:54 Received {n1 n4 {"message":62,"msg_id":22,"type":"broadcast"}}
2024/12/26 17:33:54 Received {n4 n4 {"message":62,"msg_id":22,"type":"broadcast"}}
2024/12/26 17:33:54 Received {c14 n4 {"type":"read","msg_id":22}}
2024/12/26 17:33:54 Sent {"src":"n4","dest":"c14","body":{"in_reply_to":22,"messages":[16,53,0,2,42,34,56,59,60,7,13,26,23,5,18,22,38,25,27,36,35,61,24,30,31,33,41,46,54,9,12,20,57,15,43,49,62,4,10,11,19,37,1,3,17,50,58,6,39,45,47,32,40,44,48,14,28,29,8,51,21,52,55],"type":"read_ok"}}
2024/12/26 17:33:54 Received {n2 n4 {"message":63,"msg_id":23,"type":"broadcast"}}
2024/12/26 17:33:54 Sent {"src":"n4","dest":"n2","body":{"in_reply_to":23,"type":"broadcast_ok"}}
2024/12/26 17:33:54 Sent {"src":"n4","dest":"n4","body":{"message":63,"msg_id":23,"type":"broadcast"}}
2024/12/26 17:33:54 Sent {"src":"n4","dest":"n0","body":{"message":63,"msg_id":23,"type":"broadcast"}}
2024/12/26 17:33:54 Sent {"src":"n4","dest":"n1","body":{"message":63,"msg_id":23,"type":"broadcast"}}
2024/12/26 17:33:54 Sent {"src":"n4","dest":"n3","body":{"message":63,"msg_id":23,"type":"broadcast"}}
2024/12/26 17:33:54 Received {n1 n4 {"message":63,"msg_id":23,"type":"broadcast"}}
2024/12/26 17:33:54 Received {n4 n4 {"message":63,"msg_id":23,"type":"broadcast"}}
2024/12/26 17:33:54 Received {n3 n4 {"message":63,"msg_id":23,"type":"broadcast"}}
2024/12/26 17:33:54 Received {n0 n4 {"message":63,"msg_id":23,"type":"broadcast"}}
2024/12/26 17:33:55 Received {c14 n4 {"type":"broadcast","message":64,"msg_id":23}}
2024/12/26 17:33:55 Sent {"src":"n4","dest":"c14","body":{"in_reply_to":23,"type":"broadcast_ok"}}
2024/12/26 17:33:55 Sent {"src":"n4","dest":"n1","body":{"message":64,"msg_id":23,"type":"broadcast"}}
2024/12/26 17:33:55 Sent {"src":"n4","dest":"n2","body":{"message":64,"msg_id":23,"type":"broadcast"}}
2024/12/26 17:33:55 Sent {"src":"n4","dest":"n4","body":{"message":64,"msg_id":23,"type":"broadcast"}}
2024/12/26 17:33:55 Sent {"src":"n4","dest":"n0","body":{"message":64,"msg_id":23,"type":"broadcast"}}
2024/12/26 17:33:55 Sent {"src":"n4","dest":"n3","body":{"message":64,"msg_id":23,"type":"broadcast"}}
2024/12/26 17:33:55 Received {n4 n4 {"message":64,"msg_id":23,"type":"broadcast"}}
2024/12/26 17:33:55 Received {n1 n4 {"in_reply_to":23,"type":"broadcast_ok"}}
2024/12/26 17:33:55 Ignoring reply to 23 with no callback
2024/12/26 17:33:55 Received {n0 n4 {"in_reply_to":23,"type":"broadcast_ok"}}
2024/12/26 17:33:55 Ignoring reply to 23 with no callback
2024/12/26 17:33:55 Received {n2 n4 {"in_reply_to":23,"type":"broadcast_ok"}}
2024/12/26 17:33:55 Ignoring reply to 23 with no callback
2024/12/26 17:33:55 Received {n3 n4 {"in_reply_to":23,"type":"broadcast_ok"}}
2024/12/26 17:33:55 Ignoring reply to 23 with no callback
2024/12/26 17:33:55 Received {n1 n4 {"message":65,"msg_id":24,"type":"broadcast"}}
2024/12/26 17:33:55 Sent {"src":"n4","dest":"n4","body":{"message":65,"msg_id":24,"type":"broadcast"}}
2024/12/26 17:33:55 Sent {"src":"n4","dest":"n0","body":{"message":65,"msg_id":24,"type":"broadcast"}}
2024/12/26 17:33:55 Sent {"src":"n4","dest":"n2","body":{"message":65,"msg_id":24,"type":"broadcast"}}
2024/12/26 17:33:55 Sent {"src":"n4","dest":"n3","body":{"message":65,"msg_id":24,"type":"broadcast"}}
2024/12/26 17:33:55 Sent {"src":"n4","dest":"n1","body":{"in_reply_to":24,"type":"broadcast_ok"}}
2024/12/26 17:33:55 Received {n2 n4 {"message":65,"msg_id":24,"type":"broadcast"}}
2024/12/26 17:33:55 Received {n0 n4 {"message":65,"msg_id":24,"type":"broadcast"}}
2024/12/26 17:33:55 Received {n3 n4 {"message":65,"msg_id":24,"type":"broadcast"}}
2024/12/26 17:33:55 Received {n4 n4 {"message":65,"msg_id":24,"type":"broadcast"}}
2024/12/26 17:33:55 Received {n3 n4 {"message":66,"msg_id":24,"type":"broadcast"}}
2024/12/26 17:33:55 Sent {"src":"n4","dest":"n3","body":{"in_reply_to":24,"type":"broadcast_ok"}}
2024/12/26 17:33:55 Sent {"src":"n4","dest":"n4","body":{"message":66,"msg_id":24,"type":"broadcast"}}
2024/12/26 17:33:55 Sent {"src":"n4","dest":"n0","body":{"message":66,"msg_id":24,"type":"broadcast"}}
2024/12/26 17:33:55 Sent {"src":"n4","dest":"n1","body":{"message":66,"msg_id":24,"type":"broadcast"}}
2024/12/26 17:33:55 Sent {"src":"n4","dest":"n2","body":{"message":66,"msg_id":24,"type":"broadcast"}}
2024/12/26 17:33:55 Received {n4 n4 {"message":66,"msg_id":24,"type":"broadcast"}}
2024/12/26 17:33:55 Received {n0 n4 {"message":66,"msg_id":24,"type":"broadcast"}}
2024/12/26 17:33:55 Received {n2 n4 {"message":66,"msg_id":24,"type":"broadcast"}}
2024/12/26 17:33:55 Received {n1 n4 {"message":66,"msg_id":24,"type":"broadcast"}}
2024/12/26 17:33:55 Received {c14 n4 {"type":"broadcast","message":67,"msg_id":24}}
2024/12/26 17:33:55 Sent {"src":"n4","dest":"n4","body":{"message":67,"msg_id":24,"type":"broadcast"}}
2024/12/26 17:33:55 Sent {"src":"n4","dest":"n0","body":{"message":67,"msg_id":24,"type":"broadcast"}}
2024/12/26 17:33:55 Sent {"src":"n4","dest":"c14","body":{"in_reply_to":24,"type":"broadcast_ok"}}
2024/12/26 17:33:55 Sent {"src":"n4","dest":"n3","body":{"message":67,"msg_id":24,"type":"broadcast"}}
2024/12/26 17:33:55 Sent {"src":"n4","dest":"n2","body":{"message":67,"msg_id":24,"type":"broadcast"}}
2024/12/26 17:33:55 Sent {"src":"n4","dest":"n1","body":{"message":67,"msg_id":24,"type":"broadcast"}}
2024/12/26 17:33:55 Received {n4 n4 {"message":67,"msg_id":24,"type":"broadcast"}}
2024/12/26 17:33:55 Received {n0 n4 {"in_reply_to":24,"type":"broadcast_ok"}}
2024/12/26 17:33:55 Ignoring reply to 24 with no callback
2024/12/26 17:33:55 Received {n3 n4 {"in_reply_to":24,"type":"broadcast_ok"}}
2024/12/26 17:33:55 Ignoring reply to 24 with no callback
2024/12/26 17:33:55 Received {n2 n4 {"in_reply_to":24,"type":"broadcast_ok"}}
2024/12/26 17:33:55 Ignoring reply to 24 with no callback
2024/12/26 17:33:55 Received {n1 n4 {"in_reply_to":24,"type":"broadcast_ok"}}
2024/12/26 17:33:55 Ignoring reply to 24 with no callback
2024/12/26 17:33:55 Received {n0 n4 {"message":68,"msg_id":25,"type":"broadcast"}}
2024/12/26 17:33:55 Received {n1 n4 {"message":68,"msg_id":25,"type":"broadcast"}}
2024/12/26 17:33:55 Sent {"src":"n4","dest":"n0","body":{"in_reply_to":25,"type":"broadcast_ok"}}
2024/12/26 17:33:55 Sent {"src":"n4","dest":"n2","body":{"message":68,"msg_id":25,"type":"broadcast"}}
2024/12/26 17:33:55 Sent {"src":"n4","dest":"n4","body":{"message":68,"msg_id":25,"type":"broadcast"}}
2024/12/26 17:33:55 Sent {"src":"n4","dest":"n1","body":{"message":68,"msg_id":25,"type":"broadcast"}}
2024/12/26 17:33:55 Sent {"src":"n4","dest":"n3","body":{"message":68,"msg_id":25,"type":"broadcast"}}
2024/12/26 17:33:55 Received {n2 n4 {"message":68,"msg_id":25,"type":"broadcast"}}
2024/12/26 17:33:55 Received {n3 n4 {"message":68,"msg_id":25,"type":"broadcast"}}
2024/12/26 17:33:55 Received {n4 n4 {"message":68,"msg_id":25,"type":"broadcast"}}
2024/12/26 17:33:56 Received {n2 n4 {"message":69,"msg_id":25,"type":"broadcast"}}
2024/12/26 17:33:56 Sent {"src":"n4","dest":"n2","body":{"in_reply_to":25,"type":"broadcast_ok"}}
2024/12/26 17:33:56 Sent {"src":"n4","dest":"n1","body":{"message":69,"msg_id":25,"type":"broadcast"}}
2024/12/26 17:33:56 Sent {"src":"n4","dest":"n4","body":{"message":69,"msg_id":25,"type":"broadcast"}}
2024/12/26 17:33:56 Sent {"src":"n4","dest":"n0","body":{"message":69,"msg_id":25,"type":"broadcast"}}
2024/12/26 17:33:56 Sent {"src":"n4","dest":"n3","body":{"message":69,"msg_id":25,"type":"broadcast"}}
2024/12/26 17:33:56 Received {n1 n4 {"message":69,"msg_id":25,"type":"broadcast"}}
2024/12/26 17:33:56 Received {n0 n4 {"message":69,"msg_id":25,"type":"broadcast"}}
2024/12/26 17:33:56 Received {n4 n4 {"message":69,"msg_id":25,"type":"broadcast"}}
2024/12/26 17:33:56 Received {n3 n4 {"message":69,"msg_id":25,"type":"broadcast"}}
2024/12/26 17:33:56 Received {c14 n4 {"type":"read","msg_id":25}}
2024/12/26 17:33:56 Sent {"src":"n4","dest":"c14","body":{"in_reply_to":25,"messages":[65,57,10,11,15,43,49,62,4,3,17,19,37,1,39,45,50,58,66,6,40,44,47,32,28,29,48,69,14,51,64,8,52,55,21,16,2,42,53,67,0,13,26,34,56,59,60,7,18,22,23,5,27,36,38,68,25,63,35,30,31,61,24,12,20,33,41,46,54,9],"type":"read_ok"}}
2024/12/26 17:33:56 Received {n2 n4 {"message":70,"msg_id":26,"type":"broadcast"}}
2024/12/26 17:33:56 Sent {"src":"n4","dest":"n2","body":{"in_reply_to":26,"type":"broadcast_ok"}}
2024/12/26 17:33:56 Sent {"src":"n4","dest":"n1","body":{"message":70,"msg_id":26,"type":"broadcast"}}
2024/12/26 17:33:56 Sent {"src":"n4","dest":"n4","body":{"message":70,"msg_id":26,"type":"broadcast"}}
2024/12/26 17:33:56 Sent {"src":"n4","dest":"n3","body":{"message":70,"msg_id":26,"type":"broadcast"}}
2024/12/26 17:33:56 Sent {"src":"n4","dest":"n0","body":{"message":70,"msg_id":26,"type":"broadcast"}}
2024/12/26 17:33:56 Received {n1 n4 {"message":70,"msg_id":26,"type":"broadcast"}}
2024/12/26 17:33:56 Received {n0 n4 {"message":70,"msg_id":26,"type":"broadcast"}}
2024/12/26 17:33:56 Received {n4 n4 {"message":70,"msg_id":26,"type":"broadcast"}}
2024/12/26 17:33:56 Received {n3 n4 {"message":70,"msg_id":26,"type":"broadcast"}}
2024/12/26 17:33:56 Received {n3 n4 {"message":71,"msg_id":26,"type":"broadcast"}}
2024/12/26 17:33:56 Sent {"src":"n4","dest":"n3","body":{"in_reply_to":26,"type":"broadcast_ok"}}
2024/12/26 17:33:56 Sent {"src":"n4","dest":"n4","body":{"message":71,"msg_id":26,"type":"broadcast"}}
2024/12/26 17:33:56 Sent {"src":"n4","dest":"n0","body":{"message":71,"msg_id":26,"type":"broadcast"}}
2024/12/26 17:33:56 Sent {"src":"n4","dest":"n1","body":{"message":71,"msg_id":26,"type":"broadcast"}}
2024/12/26 17:33:56 Sent {"src":"n4","dest":"n2","body":{"message":71,"msg_id":26,"type":"broadcast"}}
2024/12/26 17:33:56 Received {n1 n4 {"message":71,"msg_id":26,"type":"broadcast"}}
2024/12/26 17:33:56 Received {n4 n4 {"message":71,"msg_id":26,"type":"broadcast"}}
2024/12/26 17:33:56 Received {n2 n4 {"message":71,"msg_id":26,"type":"broadcast"}}
2024/12/26 17:33:56 Received {n0 n4 {"message":71,"msg_id":26,"type":"broadcast"}}
2024/12/26 17:33:56 Received {c14 n4 {"type":"broadcast","message":72,"msg_id":26}}
2024/12/26 17:33:56 Sent {"src":"n4","dest":"c14","body":{"in_reply_to":26,"type":"broadcast_ok"}}
2024/12/26 17:33:56 Sent {"src":"n4","dest":"n1","body":{"message":72,"msg_id":26,"type":"broadcast"}}
2024/12/26 17:33:56 Sent {"src":"n4","dest":"n4","body":{"message":72,"msg_id":26,"type":"broadcast"}}
2024/12/26 17:33:56 Sent {"src":"n4","dest":"n0","body":{"message":72,"msg_id":26,"type":"broadcast"}}
2024/12/26 17:33:56 Sent {"src":"n4","dest":"n3","body":{"message":72,"msg_id":26,"type":"broadcast"}}
2024/12/26 17:33:56 Sent {"src":"n4","dest":"n2","body":{"message":72,"msg_id":26,"type":"broadcast"}}
2024/12/26 17:33:56 Received {n4 n4 {"message":72,"msg_id":26,"type":"broadcast"}}
2024/12/26 17:33:56 Received {n1 n4 {"in_reply_to":26,"type":"broadcast_ok"}}
2024/12/26 17:33:56 Ignoring reply to 26 with no callback
2024/12/26 17:33:56 Received {n0 n4 {"in_reply_to":26,"type":"broadcast_ok"}}
2024/12/26 17:33:56 Ignoring reply to 26 with no callback
2024/12/26 17:33:56 Received {n3 n4 {"in_reply_to":26,"type":"broadcast_ok"}}
2024/12/26 17:33:56 Ignoring reply to 26 with no callback
2024/12/26 17:33:56 Received {n2 n4 {"in_reply_to":26,"type":"broadcast_ok"}}
2024/12/26 17:33:56 Ignoring reply to 26 with no callback
2024/12/26 17:33:57 Received {n1 n4 {"message":73,"msg_id":27,"type":"broadcast"}}
2024/12/26 17:33:57 Sent {"src":"n4","dest":"n1","body":{"in_reply_to":27,"type":"broadcast_ok"}}
2024/12/26 17:33:57 Sent {"src":"n4","dest":"n4","body":{"message":73,"msg_id":27,"type":"broadcast"}}
2024/12/26 17:33:57 Sent {"src":"n4","dest":"n2","body":{"message":73,"msg_id":27,"type":"broadcast"}}
2024/12/26 17:33:57 Sent {"src":"n4","dest":"n3","body":{"message":73,"msg_id":27,"type":"broadcast"}}
2024/12/26 17:33:57 Sent {"src":"n4","dest":"n0","body":{"message":73,"msg_id":27,"type":"broadcast"}}
2024/12/26 17:33:57 Received {n0 n4 {"message":73,"msg_id":27,"type":"broadcast"}}
2024/12/26 17:33:57 Received {n2 n4 {"message":73,"msg_id":27,"type":"broadcast"}}
2024/12/26 17:33:57 Received {n4 n4 {"message":73,"msg_id":27,"type":"broadcast"}}
2024/12/26 17:33:57 Received {n3 n4 {"message":73,"msg_id":27,"type":"broadcast"}}
2024/12/26 17:33:57 Received {c14 n4 {"type":"read","msg_id":27}}
2024/12/26 17:33:57 Sent {"src":"n4","dest":"c14","body":{"in_reply_to":27,"messages":[57,65,4,10,11,15,43,49,62,1,3,17,19,37,73,6,39,45,50,58,66,32,40,44,47,70,14,28,29,48,69,71,8,51,64,21,52,55,16,0,2,42,53,67,7,13,26,34,56,59,60,5,18,22,23,72,25,27,36,38,68,35,63,24,30,31,61,9,12,20,33,41,46,54],"type":"read_ok"}}
2024/12/26 17:33:57 Received {n0 n4 {"message":74,"msg_id":54,"type":"broadcast"}}
2024/12/26 17:33:57 Sent {"src":"n4","dest":"n0","body":{"in_reply_to":54,"type":"broadcast_ok"}}
2024/12/26 17:33:57 Sent {"src":"n4","dest":"n2","body":{"message":74,"msg_id":54,"type":"broadcast"}}
2024/12/26 17:33:57 Sent {"src":"n4","dest":"n1","body":{"message":74,"msg_id":54,"type":"broadcast"}}
2024/12/26 17:33:57 Sent {"src":"n4","dest":"n4","body":{"message":74,"msg_id":54,"type":"broadcast"}}
2024/12/26 17:33:57 Sent {"src":"n4","dest":"n3","body":{"message":74,"msg_id":54,"type":"broadcast"}}
2024/12/26 17:33:57 Received {n4 n4 {"message":74,"msg_id":54,"type":"broadcast"}}
2024/12/26 17:33:57 Received {n2 n4 {"message":74,"msg_id":54,"type":"broadcast"}}
2024/12/26 17:33:57 Received {n3 n4 {"message":74,"msg_id":54,"type":"broadcast"}}
2024/12/26 17:33:57 Received {n1 n4 {"message":74,"msg_id":54,"type":"broadcast"}}
2024/12/26 17:33:57 Received {n2 n4 {"message":75,"msg_id":28,"type":"broadcast"}}
2024/12/26 17:33:57 Sent {"src":"n4","dest":"n2","body":{"in_reply_to":28,"type":"broadcast_ok"}}
2024/12/26 17:33:57 Sent {"src":"n4","dest":"n4","body":{"message":75,"msg_id":28,"type":"broadcast"}}
2024/12/26 17:33:57 Sent {"src":"n4","dest":"n1","body":{"message":75,"msg_id":28,"type":"broadcast"}}
2024/12/26 17:33:57 Sent {"src":"n4","dest":"n0","body":{"message":75,"msg_id":28,"type":"broadcast"}}
2024/12/26 17:33:57 Sent {"src":"n4","dest":"n3","body":{"message":75,"msg_id":28,"type":"broadcast"}}
2024/12/26 17:33:57 Received {n1 n4 {"message":75,"msg_id":28,"type":"broadcast"}}
2024/12/26 17:33:57 Received {n3 n4 {"message":75,"msg_id":28,"type":"broadcast"}}
2024/12/26 17:33:57 Received {n4 n4 {"message":75,"msg_id":28,"type":"broadcast"}}
2024/12/26 17:33:57 Received {n0 n4 {"message":75,"msg_id":28,"type":"broadcast"}}
2024/12/26 17:33:58 Received {c14 n4 {"type":"broadcast","message":76,"msg_id":28}}
2024/12/26 17:33:58 Sent {"src":"n4","dest":"c14","body":{"in_reply_to":28,"type":"broadcast_ok"}}
2024/12/26 17:33:58 Sent {"src":"n4","dest":"n1","body":{"message":76,"msg_id":28,"type":"broadcast"}}
2024/12/26 17:33:58 Sent {"src":"n4","dest":"n0","body":{"message":76,"msg_id":28,"type":"broadcast"}}
2024/12/26 17:33:58 Sent {"src":"n4","dest":"n2","body":{"message":76,"msg_id":28,"type":"broadcast"}}
2024/12/26 17:33:58 Sent {"src":"n4","dest":"n3","body":{"message":76,"msg_id":28,"type":"broadcast"}}
2024/12/26 17:33:58 Sent {"src":"n4","dest":"n4","body":{"message":76,"msg_id":28,"type":"broadcast"}}
2024/12/26 17:33:58 Received {n4 n4 {"message":76,"msg_id":28,"type":"broadcast"}}
2024/12/26 17:33:58 Received {n0 n4 {"in_reply_to":28,"type":"broadcast_ok"}}
2024/12/26 17:33:58 Ignoring reply to 28 with no callback
2024/12/26 17:33:58 Received {n1 n4 {"in_reply_to":28,"type":"broadcast_ok"}}
2024/12/26 17:33:58 Ignoring reply to 28 with no callback
2024/12/26 17:33:58 Received {n3 n4 {"in_reply_to":28,"type":"broadcast_ok"}}
2024/12/26 17:33:58 Ignoring reply to 28 with no callback
2024/12/26 17:33:58 Received {n2 n4 {"in_reply_to":28,"type":"broadcast_ok"}}
2024/12/26 17:33:58 Ignoring reply to 28 with no callback
2024/12/26 17:33:58 Received {n0 n4 {"message":77,"msg_id":56,"type":"broadcast"}}
2024/12/26 17:33:58 Sent {"src":"n4","dest":"n4","body":{"message":77,"msg_id":56,"type":"broadcast"}}
2024/12/26 17:33:58 Sent {"src":"n4","dest":"n1","body":{"message":77,"msg_id":56,"type":"broadcast"}}
2024/12/26 17:33:58 Sent {"src":"n4","dest":"n0","body":{"in_reply_to":56,"type":"broadcast_ok"}}
2024/12/26 17:33:58 Sent {"src":"n4","dest":"n3","body":{"message":77,"msg_id":56,"type":"broadcast"}}
2024/12/26 17:33:58 Sent {"src":"n4","dest":"n2","body":{"message":77,"msg_id":56,"type":"broadcast"}}
2024/12/26 17:33:58 Received {n4 n4 {"message":77,"msg_id":56,"type":"broadcast"}}
2024/12/26 17:33:58 Received {n3 n4 {"message":77,"msg_id":56,"type":"broadcast"}}
2024/12/26 17:33:58 Received {n2 n4 {"message":77,"msg_id":56,"type":"broadcast"}}
2024/12/26 17:33:58 Received {n1 n4 {"message":77,"msg_id":56,"type":"broadcast"}}
2024/12/26 17:33:58 Received {n0 n4 {"message":78,"msg_id":57,"type":"broadcast"}}
2024/12/26 17:33:58 Sent {"src":"n4","dest":"n0","body":{"in_reply_to":57,"type":"broadcast_ok"}}
2024/12/26 17:33:58 Sent {"src":"n4","dest":"n4","body":{"message":78,"msg_id":57,"type":"broadcast"}}
2024/12/26 17:33:58 Sent {"src":"n4","dest":"n1","body":{"message":78,"msg_id":57,"type":"broadcast"}}
2024/12/26 17:33:58 Sent {"src":"n4","dest":"n2","body":{"message":78,"msg_id":57,"type":"broadcast"}}
2024/12/26 17:33:58 Sent {"src":"n4","dest":"n3","body":{"message":78,"msg_id":57,"type":"broadcast"}}
2024/12/26 17:33:58 Received {n4 n4 {"message":78,"msg_id":57,"type":"broadcast"}}
2024/12/26 17:33:58 Received {n1 n4 {"message":78,"msg_id":57,"type":"broadcast"}}
2024/12/26 17:33:58 Received {n2 n4 {"message":78,"msg_id":57,"type":"broadcast"}}
2024/12/26 17:33:58 Received {n3 n4 {"message":78,"msg_id":57,"type":"broadcast"}}
2024/12/26 17:33:58 Received {n2 n4 {"message":79,"msg_id":29,"type":"broadcast"}}
2024/12/26 17:33:58 Sent {"src":"n4","dest":"n2","body":{"in_reply_to":29,"type":"broadcast_ok"}}
2024/12/26 17:33:58 Sent {"src":"n4","dest":"n4","body":{"message":79,"msg_id":29,"type":"broadcast"}}
2024/12/26 17:33:58 Sent {"src":"n4","dest":"n1","body":{"message":79,"msg_id":29,"type":"broadcast"}}
2024/12/26 17:33:58 Sent {"src":"n4","dest":"n0","body":{"message":79,"msg_id":29,"type":"broadcast"}}
2024/12/26 17:33:58 Sent {"src":"n4","dest":"n3","body":{"message":79,"msg_id":29,"type":"broadcast"}}
2024/12/26 17:33:58 Received {n4 n4 {"message":79,"msg_id":29,"type":"broadcast"}}
2024/12/26 17:33:58 Received {n3 n4 {"message":79,"msg_id":29,"type":"broadcast"}}
2024/12/26 17:33:58 Received {n0 n4 {"message":79,"msg_id":29,"type":"broadcast"}}
2024/12/26 17:33:58 Received {n1 n4 {"message":79,"msg_id":29,"type":"broadcast"}}
2024/12/26 17:33:58 Received {c14 n4 {"type":"read","msg_id":29}}
2024/12/26 17:33:58 Sent {"src":"n4","dest":"c14","body":{"in_reply_to":29,"messages":[51,64,8,52,55,76,21,16,2,42,53,67,0,13,26,34,56,59,60,7,18,22,23,72,5,27,36,38,68,25,63,35,30,31,61,75,24,12,20,33,41,46,54,74,9,65,78,57,10,11,15,43,49,62,4,3,17,19,37,73,1,39,45,50,58,66,79,6,40,44,47,70,32,28,29,48,69,71,77,14],"type":"read_ok"}}
2024/12/26 17:33:58 Received {n0 n4 {"message":80,"msg_id":59,"type":"broadcast"}}
2024/12/26 17:33:58 Sent {"src":"n4","dest":"n0","body":{"in_reply_to":59,"type":"broadcast_ok"}}
2024/12/26 17:33:58 Sent {"src":"n4","dest":"n2","body":{"message":80,"msg_id":59,"type":"broadcast"}}
2024/12/26 17:33:58 Sent {"src":"n4","dest":"n3","body":{"message":80,"msg_id":59,"type":"broadcast"}}
2024/12/26 17:33:58 Sent {"src":"n4","dest":"n1","body":{"message":80,"msg_id":59,"type":"broadcast"}}
2024/12/26 17:33:58 Sent {"src":"n4","dest":"n4","body":{"message":80,"msg_id":59,"type":"broadcast"}}
2024/12/26 17:33:58 Received {n3 n4 {"message":80,"msg_id":59,"type":"broadcast"}}
2024/12/26 17:33:58 Received {n1 n4 {"message":80,"msg_id":59,"type":"broadcast"}}
2024/12/26 17:33:58 Received {n2 n4 {"message":80,"msg_id":59,"type":"broadcast"}}
2024/12/26 17:33:58 Received {n4 n4 {"message":80,"msg_id":59,"type":"broadcast"}}
2024/12/26 17:33:59 Received {n3 n4 {"message":81,"msg_id":30,"type":"broadcast"}}
2024/12/26 17:33:59 Sent {"src":"n4","dest":"n3","body":{"in_reply_to":30,"type":"broadcast_ok"}}
2024/12/26 17:33:59 Sent {"src":"n4","dest":"n4","body":{"message":81,"msg_id":30,"type":"broadcast"}}
2024/12/26 17:33:59 Sent {"src":"n4","dest":"n0","body":{"message":81,"msg_id":30,"type":"broadcast"}}
2024/12/26 17:33:59 Sent {"src":"n4","dest":"n1","body":{"message":81,"msg_id":30,"type":"broadcast"}}
2024/12/26 17:33:59 Sent {"src":"n4","dest":"n2","body":{"message":81,"msg_id":30,"type":"broadcast"}}
2024/12/26 17:33:59 Received {n4 n4 {"message":81,"msg_id":30,"type":"broadcast"}}
2024/12/26 17:33:59 Received {n1 n4 {"message":81,"msg_id":30,"type":"broadcast"}}
2024/12/26 17:33:59 Received {n0 n4 {"message":81,"msg_id":30,"type":"broadcast"}}
2024/12/26 17:33:59 Received {n2 n4 {"message":81,"msg_id":30,"type":"broadcast"}}
2024/12/26 17:33:59 Received {c14 n4 {"type":"broadcast","message":82,"msg_id":30}}
2024/12/26 17:33:59 Sent {"src":"n4","dest":"c14","body":{"in_reply_to":30,"type":"broadcast_ok"}}
2024/12/26 17:33:59 Sent {"src":"n4","dest":"n2","body":{"message":82,"msg_id":30,"type":"broadcast"}}
2024/12/26 17:33:59 Sent {"src":"n4","dest":"n1","body":{"message":82,"msg_id":30,"type":"broadcast"}}
2024/12/26 17:33:59 Sent {"src":"n4","dest":"n0","body":{"message":82,"msg_id":30,"type":"broadcast"}}
2024/12/26 17:33:59 Sent {"src":"n4","dest":"n4","body":{"message":82,"msg_id":30,"type":"broadcast"}}
2024/12/26 17:33:59 Sent {"src":"n4","dest":"n3","body":{"message":82,"msg_id":30,"type":"broadcast"}}
2024/12/26 17:33:59 Received {n4 n4 {"message":82,"msg_id":30,"type":"broadcast"}}
2024/12/26 17:33:59 Received {n2 n4 {"in_reply_to":30,"type":"broadcast_ok"}}
2024/12/26 17:33:59 Ignoring reply to 30 with no callback
2024/12/26 17:33:59 Received {n0 n4 {"in_reply_to":30,"type":"broadcast_ok"}}
2024/12/26 17:33:59 Ignoring reply to 30 with no callback
2024/12/26 17:33:59 Received {n1 n4 {"in_reply_to":30,"type":"broadcast_ok"}}
2024/12/26 17:33:59 Ignoring reply to 30 with no callback
2024/12/26 17:33:59 Received {n3 n4 {"in_reply_to":30,"type":"broadcast_ok"}}
2024/12/26 17:33:59 Ignoring reply to 30 with no callback
2024/12/26 17:33:59 Received {n0 n4 {"message":83,"msg_id":60,"type":"broadcast"}}
2024/12/26 17:33:59 Sent {"src":"n4","dest":"n0","body":{"in_reply_to":60,"type":"broadcast_ok"}}
2024/12/26 17:33:59 Sent {"src":"n4","dest":"n2","body":{"message":83,"msg_id":60,"type":"broadcast"}}
2024/12/26 17:33:59 Sent {"src":"n4","dest":"n4","body":{"message":83,"msg_id":60,"type":"broadcast"}}
2024/12/26 17:33:59 Sent {"src":"n4","dest":"n1","body":{"message":83,"msg_id":60,"type":"broadcast"}}
2024/12/26 17:33:59 Sent {"src":"n4","dest":"n3","body":{"message":83,"msg_id":60,"type":"broadcast"}}
2024/12/26 17:33:59 Received {n4 n4 {"message":83,"msg_id":60,"type":"broadcast"}}
2024/12/26 17:33:59 Received {n3 n4 {"message":83,"msg_id":60,"type":"broadcast"}}
2024/12/26 17:33:59 Received {n1 n4 {"message":83,"msg_id":60,"type":"broadcast"}}
2024/12/26 17:33:59 Received {n2 n4 {"message":83,"msg_id":60,"type":"broadcast"}}
2024/12/26 17:33:59 Received {n0 n4 {"message":84,"msg_id":61,"type":"broadcast"}}
2024/12/26 17:33:59 Sent {"src":"n4","dest":"n0","body":{"in_reply_to":61,"type":"broadcast_ok"}}
2024/12/26 17:33:59 Sent {"src":"n4","dest":"n4","body":{"message":84,"msg_id":61,"type":"broadcast"}}
2024/12/26 17:33:59 Sent {"src":"n4","dest":"n3","body":{"message":84,"msg_id":61,"type":"broadcast"}}
2024/12/26 17:33:59 Sent {"src":"n4","dest":"n2","body":{"message":84,"msg_id":61,"type":"broadcast"}}
2024/12/26 17:33:59 Sent {"src":"n4","dest":"n1","body":{"message":84,"msg_id":61,"type":"broadcast"}}
2024/12/26 17:33:59 Received {n1 n4 {"message":84,"msg_id":61,"type":"broadcast"}}
2024/12/26 17:33:59 Received {n4 n4 {"message":84,"msg_id":61,"type":"broadcast"}}
2024/12/26 17:33:59 Received {n3 n4 {"message":84,"msg_id":61,"type":"broadcast"}}
2024/12/26 17:33:59 Received {n2 n4 {"message":84,"msg_id":61,"type":"broadcast"}}
2024/12/26 17:33:59 Received {c14 n4 {"type":"read","msg_id":31}}
2024/12/26 17:33:59 Sent {"src":"n4","dest":"c14","body":{"in_reply_to":31,"messages":[13,26,34,56,59,60,7,18,22,23,72,5,27,36,38,68,25,63,35,30,31,61,75,24,12,20,33,41,46,54,74,9,82,65,78,57,10,11,15,43,49,62,4,3,17,19,37,73,1,39,45,50,58,66,79,6,40,44,47,70,83,84,32,28,29,48,69,71,77,80,14,81,51,64,8,52,55,76,21,16,2,42,53,67,0],"type":"read_ok"}}
2024/12/26 17:34:00 Received {n1 n4 {"message":85,"msg_id":32,"type":"broadcast"}}
2024/12/26 17:34:00 Sent {"src":"n4","dest":"n1","body":{"in_reply_to":32,"type":"broadcast_ok"}}
2024/12/26 17:34:00 Sent {"src":"n4","dest":"n3","body":{"message":85,"msg_id":32,"type":"broadcast"}}
2024/12/26 17:34:00 Sent {"src":"n4","dest":"n2","body":{"message":85,"msg_id":32,"type":"broadcast"}}
2024/12/26 17:34:00 Sent {"src":"n4","dest":"n4","body":{"message":85,"msg_id":32,"type":"broadcast"}}
2024/12/26 17:34:00 Sent {"src":"n4","dest":"n0","body":{"message":85,"msg_id":32,"type":"broadcast"}}
2024/12/26 17:34:00 Received {n2 n4 {"message":85,"msg_id":32,"type":"broadcast"}}
2024/12/26 17:34:00 Received {n0 n4 {"message":85,"msg_id":32,"type":"broadcast"}}
2024/12/26 17:34:00 Received {n3 n4 {"message":85,"msg_id":32,"type":"broadcast"}}
2024/12/26 17:34:00 Received {n4 n4 {"message":85,"msg_id":32,"type":"broadcast"}}
2024/12/26 17:34:00 Received {n3 n4 {"message":86,"msg_id":32,"type":"broadcast"}}
2024/12/26 17:34:00 Sent {"src":"n4","dest":"n3","body":{"in_reply_to":32,"type":"broadcast_ok"}}
2024/12/26 17:34:00 Sent {"src":"n4","dest":"n4","body":{"message":86,"msg_id":32,"type":"broadcast"}}
2024/12/26 17:34:00 Sent {"src":"n4","dest":"n0","body":{"message":86,"msg_id":32,"type":"broadcast"}}
2024/12/26 17:34:00 Sent {"src":"n4","dest":"n2","body":{"message":86,"msg_id":32,"type":"broadcast"}}
2024/12/26 17:34:00 Sent {"src":"n4","dest":"n1","body":{"message":86,"msg_id":32,"type":"broadcast"}}
2024/12/26 17:34:00 Received {n0 n4 {"message":86,"msg_id":32,"type":"broadcast"}}
2024/12/26 17:34:00 Received {n1 n4 {"message":86,"msg_id":32,"type":"broadcast"}}
2024/12/26 17:34:00 Received {n4 n4 {"message":86,"msg_id":32,"type":"broadcast"}}
2024/12/26 17:34:00 Received {n2 n4 {"message":86,"msg_id":32,"type":"broadcast"}}
2024/12/26 17:34:00 Received {c14 n4 {"type":"read","msg_id":32}}
2024/12/26 17:34:00 Sent {"src":"n4","dest":"c14","body":{"in_reply_to":32,"messages":[63,35,30,31,61,75,24,12,20,33,41,46,54,74,9,82,65,78,57,10,11,15,43,49,62,4,3,17,19,37,73,1,39,45,50,58,66,79,6,40,44,47,70,83,84,32,28,29,48,69,71,77,80,14,81,51,64,8,52,55,76,86,21,16,2,42,53,67,85,0,13,26,34,56,59,60,7,18,22,23,72,5,27,36,38,68,25],"type":"read_ok"}}
2024/12/26 17:34:00 Received {n0 n4 {"message":87,"msg_id":64,"type":"broadcast"}}
2024/12/26 17:34:00 Sent {"src":"n4","dest":"n0","body":{"in_reply_to":64,"type":"broadcast_ok"}}
2024/12/26 17:34:00 Sent {"src":"n4","dest":"n4","body":{"message":87,"msg_id":64,"type":"broadcast"}}
2024/12/26 17:34:00 Sent {"src":"n4","dest":"n2","body":{"message":87,"msg_id":64,"type":"broadcast"}}
2024/12/26 17:34:00 Sent {"src":"n4","dest":"n3","body":{"message":87,"msg_id":64,"type":"broadcast"}}
2024/12/26 17:34:00 Sent {"src":"n4","dest":"n1","body":{"message":87,"msg_id":64,"type":"broadcast"}}
2024/12/26 17:34:00 Received {n4 n4 {"message":87,"msg_id":64,"type":"broadcast"}}
2024/12/26 17:34:00 Received {n3 n4 {"message":87,"msg_id":64,"type":"broadcast"}}
2024/12/26 17:34:00 Received {n2 n4 {"message":87,"msg_id":64,"type":"broadcast"}}
2024/12/26 17:34:00 Received {n1 n4 {"message":87,"msg_id":64,"type":"broadcast"}}
2024/12/26 17:34:00 Received {n0 n4 {"message":88,"msg_id":65,"type":"broadcast"}}
2024/12/26 17:34:00 Sent {"src":"n4","dest":"n0","body":{"in_reply_to":65,"type":"broadcast_ok"}}
2024/12/26 17:34:00 Sent {"src":"n4","dest":"n4","body":{"message":88,"msg_id":65,"type":"broadcast"}}
2024/12/26 17:34:00 Sent {"src":"n4","dest":"n2","body":{"message":88,"msg_id":65,"type":"broadcast"}}
2024/12/26 17:34:00 Sent {"src":"n4","dest":"n1","body":{"message":88,"msg_id":65,"type":"broadcast"}}
2024/12/26 17:34:00 Sent {"src":"n4","dest":"n3","body":{"message":88,"msg_id":65,"type":"broadcast"}}
2024/12/26 17:34:00 Received {n1 n4 {"message":88,"msg_id":65,"type":"broadcast"}}
2024/12/26 17:34:00 Received {n4 n4 {"message":88,"msg_id":65,"type":"broadcast"}}
2024/12/26 17:34:00 Received {n3 n4 {"message":88,"msg_id":65,"type":"broadcast"}}
2024/12/26 17:34:00 Received {n2 n4 {"message":88,"msg_id":65,"type":"broadcast"}}
2024/12/26 17:34:00 Received {n3 n4 {"message":89,"msg_id":33,"type":"broadcast"}}
2024/12/26 17:34:00 Sent {"src":"n4","dest":"n3","body":{"in_reply_to":33,"type":"broadcast_ok"}}
2024/12/26 17:34:00 Sent {"src":"n4","dest":"n4","body":{"message":89,"msg_id":33,"type":"broadcast"}}
2024/12/26 17:34:00 Sent {"src":"n4","dest":"n0","body":{"message":89,"msg_id":33,"type":"broadcast"}}
2024/12/26 17:34:00 Sent {"src":"n4","dest":"n1","body":{"message":89,"msg_id":33,"type":"broadcast"}}
2024/12/26 17:34:00 Sent {"src":"n4","dest":"n2","body":{"message":89,"msg_id":33,"type":"broadcast"}}
2024/12/26 17:34:00 Received {n1 n4 {"message":89,"msg_id":33,"type":"broadcast"}}
2024/12/26 17:34:00 Received {n4 n4 {"message":89,"msg_id":33,"type":"broadcast"}}
2024/12/26 17:34:00 Received {n0 n4 {"message":89,"msg_id":33,"type":"broadcast"}}
2024/12/26 17:34:00 Received {n2 n4 {"message":89,"msg_id":33,"type":"broadcast"}}
2024/12/26 17:34:00 Received {c14 n4 {"type":"read","msg_id":33}}
2024/12/26 17:34:00 Sent {"src":"n4","dest":"c14","body":{"in_reply_to":33,"messages":[60,7,13,26,34,56,59,5,18,22,23,72,25,27,36,38,68,35,63,24,30,31,61,75,89,54,74,9,12,20,33,41,46,82,57,65,78,62,4,10,11,15,43,49,1,3,17,19,37,73,79,6,39,45,50,58,66,84,32,40,44,47,70,83,77,80,14,28,29,48,69,71,81,8,51,64,87,88,21,52,55,76,86,16,0,2,42,53,67,85],"type":"read_ok"}}
2024/12/26 17:34:01 Received {n0 n4 {"message":90,"msg_id":66,"type":"broadcast"}}
2024/12/26 17:34:01 Sent {"src":"n4","dest":"n0","body":{"in_reply_to":66,"type":"broadcast_ok"}}
2024/12/26 17:34:01 Sent {"src":"n4","dest":"n2","body":{"message":90,"msg_id":66,"type":"broadcast"}}
2024/12/26 17:34:01 Sent {"src":"n4","dest":"n3","body":{"message":90,"msg_id":66,"type":"broadcast"}}
2024/12/26 17:34:01 Sent {"src":"n4","dest":"n4","body":{"message":90,"msg_id":66,"type":"broadcast"}}
2024/12/26 17:34:01 Sent {"src":"n4","dest":"n1","body":{"message":90,"msg_id":66,"type":"broadcast"}}
2024/12/26 17:34:01 Received {n4 n4 {"message":90,"msg_id":66,"type":"broadcast"}}
2024/12/26 17:34:01 Received {n3 n4 {"message":90,"msg_id":66,"type":"broadcast"}}
2024/12/26 17:34:01 Received {n1 n4 {"message":90,"msg_id":66,"type":"broadcast"}}
2024/12/26 17:34:01 Received {n2 n4 {"message":90,"msg_id":66,"type":"broadcast"}}
2024/12/26 17:34:01 Received {n0 n4 {"message":91,"msg_id":67,"type":"broadcast"}}
2024/12/26 17:34:01 Sent {"src":"n4","dest":"n0","body":{"in_reply_to":67,"type":"broadcast_ok"}}
2024/12/26 17:34:01 Sent {"src":"n4","dest":"n2","body":{"message":91,"msg_id":67,"type":"broadcast"}}
2024/12/26 17:34:01 Sent {"src":"n4","dest":"n4","body":{"message":91,"msg_id":67,"type":"broadcast"}}
2024/12/26 17:34:01 Sent {"src":"n4","dest":"n3","body":{"message":91,"msg_id":67,"type":"broadcast"}}
2024/12/26 17:34:01 Sent {"src":"n4","dest":"n1","body":{"message":91,"msg_id":67,"type":"broadcast"}}
2024/12/26 17:34:01 Received {n1 n4 {"message":91,"msg_id":67,"type":"broadcast"}}
2024/12/26 17:34:01 Received {n4 n4 {"message":91,"msg_id":67,"type":"broadcast"}}
2024/12/26 17:34:01 Received {n3 n4 {"message":91,"msg_id":67,"type":"broadcast"}}
2024/12/26 17:34:01 Received {n2 n4 {"message":91,"msg_id":67,"type":"broadcast"}}
2024/12/26 17:34:01 Received {n1 n4 {"message":92,"msg_id":34,"type":"broadcast"}}
2024/12/26 17:34:01 Sent {"src":"n4","dest":"n1","body":{"in_reply_to":34,"type":"broadcast_ok"}}
2024/12/26 17:34:01 Sent {"src":"n4","dest":"n2","body":{"message":92,"msg_id":34,"type":"broadcast"}}
2024/12/26 17:34:01 Sent {"src":"n4","dest":"n0","body":{"message":92,"msg_id":34,"type":"broadcast"}}
2024/12/26 17:34:01 Sent {"src":"n4","dest":"n3","body":{"message":92,"msg_id":34,"type":"broadcast"}}
2024/12/26 17:34:01 Sent {"src":"n4","dest":"n4","body":{"message":92,"msg_id":34,"type":"broadcast"}}
2024/12/26 17:34:01 Received {n3 n4 {"message":92,"msg_id":34,"type":"broadcast"}}
2024/12/26 17:34:01 Received {n2 n4 {"message":92,"msg_id":34,"type":"broadcast"}}
2024/12/26 17:34:01 Received {n0 n4 {"message":92,"msg_id":34,"type":"broadcast"}}
2024/12/26 17:34:01 Received {n4 n4 {"message":92,"msg_id":34,"type":"broadcast"}}
2024/12/26 17:34:01 Received {n2 n4 {"message":93,"msg_id":34,"type":"broadcast"}}
2024/12/26 17:34:01 Sent {"src":"n4","dest":"n4","body":{"message":93,"msg_id":34,"type":"broadcast"}}
2024/12/26 17:34:01 Sent {"src":"n4","dest":"n1","body":{"message":93,"msg_id":34,"type":"broadcast"}}
2024/12/26 17:34:01 Sent {"src":"n4","dest":"n3","body":{"message":93,"msg_id":34,"type":"broadcast"}}
2024/12/26 17:34:01 Sent {"src":"n4","dest":"n2","body":{"in_reply_to":34,"type":"broadcast_ok"}}
2024/12/26 17:34:01 Sent {"src":"n4","dest":"n0","body":{"message":93,"msg_id":34,"type":"broadcast"}}
2024/12/26 17:34:01 Received {n0 n4 {"message":93,"msg_id":34,"type":"broadcast"}}
2024/12/26 17:34:01 Received {n4 n4 {"message":93,"msg_id":34,"type":"broadcast"}}
2024/12/26 17:34:01 Received {n1 n4 {"message":93,"msg_id":34,"type":"broadcast"}}
2024/12/26 17:34:01 Received {n3 n4 {"message":93,"msg_id":34,"type":"broadcast"}}
2024/12/26 17:34:11 Received {c14 n4 {"type":"read","msg_id":34}}
2024/12/26 17:34:11 Sent {"src":"n4","dest":"c14","body":{"in_reply_to":34,"messages":[92,5,18,22,23,72,25,27,36,38,68,35,63,89,24,30,31,61,75,46,54,74,9,12,20,33,41,82,57,65,78,49,62,4,10,11,15,43,73,1,3,17,19,37,66,79,6,39,45,50,58,83,84,90,32,40,44,47,70,71,77,80,14,28,29,48,69,81,93,91,8,51,64,87,88,21,52,55,76,86,16,85,0,2,42,53,67,59,60,7,13,26,34,56],"type":"read_ok"}}
