2024-11-07 08:32:29,824{GMT}	INFO	[jepsen test runner] jepsen.core: Test version adefd404d61ca3b680b49c9e70ab92fa062be021 (plus uncommitted changes)
2024-11-07 08:32:29,825{GMT}	INFO	[jepsen test runner] jepsen.core: Command line:
lein run test -w broadcast --bin ./three/maelstrom-broadcast --node-count 1 --time-limit 20 --rate 10
2024-11-07 08:32:29,918{GMT}	INFO	[jepsen test runner] jepsen.core: Running test:
{:args []
 :remote
 #jepsen.control.retry.Remote{:remote #jepsen.control.scp.Remote{:cmd-remote #jepsen.control.sshj.SSHJRemote{:concurrency-limit 6,
                                                                                                             :conn-spec nil,
                                                                                                             :client nil,
                                                                                                             :semaphore nil},
                                                                 :conn-spec nil},
                              :conn nil}
 :log-net-send false
 :node-count 1
 :availability nil
 :max-txn-length 4
 :concurrency 1
 :db
 #object[maelstrom.db$db$reify__16142
         "0x472d201"
         "maelstrom.db$db$reify__16142@472d201"]
 :max-writes-per-key 16
 :leave-db-running? false
 :name "broadcast"
 :logging-json? false
 :start-time
 #object[org.joda.time.DateTime "0x33e09baf" "2024-11-07T08:32:29.800+05:30"]
 :nemesis-interval 10
 :net
 #object[maelstrom.net$jepsen_net$reify__15251
         "0x4c02f50"
         "maelstrom.net$jepsen_net$reify__15251@4c02f50"]
 :client
 #object[maelstrom.workload.broadcast$client$reify__16644
         "0x35852b6"
         "maelstrom.workload.broadcast$client$reify__16644@35852b6"]
 :barrier
 #object[java.util.concurrent.CyclicBarrier
         "0x27d6ff8c"
         "java.util.concurrent.CyclicBarrier@27d6ff8c"]
 :log-stderr false
 :pure-generators true
 :ssh {:dummy? true}
 :rate 10.0
 :checker
 #object[jepsen.checker$compose$reify__11881
         "0x105c253a"
         "jepsen.checker$compose$reify__11881@105c253a"]
 :argv
 ("test"
  "-w"
  "broadcast"
  "--bin"
  "./three/maelstrom-broadcast"
  "--node-count"
  "1"
  "--time-limit"
  "20"
  "--rate"
  "10")
 :nemesis
 (jepsen.nemesis.ReflCompose
  {:fm {:start-partition 0,
        :stop-partition 0,
        :kill 1,
        :start 1,
        :pause 1,
        :resume 1},
   :nemeses [#unprintable "jepsen.nemesis.combined$partition_nemesis$reify__16416@156322ce"
             #unprintable "jepsen.nemesis.combined$db_nemesis$reify__16397@546f0f36"]})
 :nodes ["n0"]
 :test-count 1
 :latency {:mean 0, :dist :constant}
 :bin "./three/maelstrom-broadcast"
 :generator
 ((jepsen.generator.Synchronize
   {:gen (jepsen.generator.TimeLimit
          {:limit 20000000000,
           :cutoff nil,
           :gen (jepsen.generator.Any
                 {:gens [(jepsen.generator.OnThreads
                          {:f #{:nemesis},
                           :context-filter #object[jepsen.generator.context$make_thread_filter$lazy_filter__9167
                                                   "0x19f72e12"
                                                   "jepsen.generator.context$make_thread_filter$lazy_filter__9167@19f72e12"],
                           :gen nil})
                         (jepsen.generator.OnThreads
                          {:f #jepsen.generator.context.AllBut{:element :nemesis},
                           :context-filter #object[jepsen.generator.context$make_thread_filter$lazy_filter__9167
                                                   "0x1ad4ff2a"
                                                   "jepsen.generator.context$make_thread_filter$lazy_filter__9167@1ad4ff2a"],
                           :gen (jepsen.generator.Stagger
                                 {:dt 200000000,
                                  :next-time nil,
                                  :gen (jepsen.generator.Mix
                                        {:i 1,
                                         :gens [({:f :broadcast, :value 0}
                                                 {:f :broadcast, :value 1}
                                                 {:f :broadcast, :value 2}
                                                 {:f :broadcast, :value 3}
                                                 {:f :broadcast, :value 4}
                                                 {:f :broadcast, :value 5}
                                                 {:f :broadcast, :value 6}
                                                 {:f :broadcast, :value 7}
                                                 ...)
                                                ({:f :read}
                                                 {:f :read}
                                                 {:f :read}
                                                 {:f :read}
                                                 {:f :read}
                                                 {:f :read}
                                                 {:f :read}
                                                 {:f :read}
                                                 ...)]})})})]})})})
  (jepsen.generator.Synchronize
   {:gen (jepsen.generator.OnThreads
          {:f #{:nemesis},
           :context-filter #object[jepsen.generator.context$make_thread_filter$lazy_filter__9167
                                   "0x207bf6d8"
                                   "jepsen.generator.context$make_thread_filter$lazy_filter__9167@207bf6d8"],
           :gen ()})})
  (jepsen.generator.Synchronize
   {:gen {:type :log, :value "Waiting for recovery..."}})
  (jepsen.generator.Synchronize {:gen {:type :sleep, :value 10}})
  (jepsen.generator.Synchronize
   {:gen (jepsen.generator.OnThreads
          {:f #jepsen.generator.context.AllBut{:element :nemesis},
           :context-filter #object[jepsen.generator.context$make_thread_filter$lazy_filter__9167
                                   "0x5cdb7b"
                                   "jepsen.generator.context$make_thread_filter$lazy_filter__9167@5cdb7b"],
           :gen (jepsen.generator.EachThread
                 {:fresh-gen {:f :read, :final? true},
                  :context-filters #object[clojure.core$promise$reify__8591
                                           "0x3dcc59f5"
                                           {:status :pending, :val nil}],
                  :gens {}})})}))
 :log-net-recv false
 :os
 #object[maelstrom.net$jepsen_os$reify__15254
         "0x16b1dee7"
         "maelstrom.net$jepsen_os$reify__15254@16b1dee7"]
 :time-limit 20
 :workload :broadcast
 :consistency-models [:strict-serializable]
 :topology :grid}

2024-11-07 08:32:30,833{GMT}	INFO	[jepsen node n0] maelstrom.net: Starting Maelstrom network
2024-11-07 08:32:30,834{GMT}	INFO	[jepsen test runner] jepsen.db: Tearing down DB
2024-11-07 08:32:30,835{GMT}	INFO	[jepsen test runner] jepsen.db: Setting up DB
2024-11-07 08:32:30,837{GMT}	INFO	[jepsen node n0] maelstrom.service: Starting services: (lin-kv lin-tso lww-kv seq-kv)
2024-11-07 08:32:30,839{GMT}	INFO	[jepsen node n0] maelstrom.db: Setting up n0
2024-11-07 08:32:30,839{GMT}	INFO	[jepsen node n0] maelstrom.process: launching ./three/maelstrom-broadcast []
2024-11-07 08:32:30,858{GMT}	INFO	[jepsen test runner] jepsen.core: Relative time begins now
2024-11-07 08:32:30,871{GMT}	INFO	[jepsen worker 0] jepsen.util: 0	:invoke	:read	nil
2024-11-07 08:32:30,874{GMT}	INFO	[jepsen worker 0] jepsen.util: 0	:ok	:read	nil
2024-11-07 08:32:30,984{GMT}	INFO	[jepsen worker 0] jepsen.util: 0	:invoke	:read	nil
2024-11-07 08:32:30,986{GMT}	INFO	[jepsen worker 0] jepsen.util: 0	:ok	:read	nil
2024-11-07 08:32:30,987{GMT}	INFO	[jepsen worker 0] jepsen.util: 0	:invoke	:read	nil
2024-11-07 08:32:30,990{GMT}	INFO	[jepsen worker 0] jepsen.util: 0	:ok	:read	nil
2024-11-07 08:32:30,990{GMT}	INFO	[jepsen worker 0] jepsen.util: 0	:invoke	:read	nil
2024-11-07 08:32:30,993{GMT}	INFO	[jepsen worker 0] jepsen.util: 0	:ok	:read	nil
2024-11-07 08:32:30,995{GMT}	INFO	[jepsen worker 0] jepsen.util: 0	:invoke	:read	nil
2024-11-07 08:32:30,997{GMT}	INFO	[jepsen worker 0] jepsen.util: 0	:ok	:read	nil
2024-11-07 08:32:31,168{GMT}	INFO	[jepsen worker 0] jepsen.util: 0	:invoke	:broadcast	0
2024-11-07 08:32:31,172{GMT}	INFO	[jepsen worker 0] jepsen.util: 0	:ok	:broadcast	0
2024-11-07 08:32:31,245{GMT}	INFO	[jepsen worker 0] jepsen.util: 0	:invoke	:broadcast	1
2024-11-07 08:32:31,248{GMT}	INFO	[jepsen worker 0] jepsen.util: 0	:ok	:broadcast	1
2024-11-07 08:32:31,268{GMT}	INFO	[jepsen worker 0] jepsen.util: 0	:invoke	:read	nil
2024-11-07 08:32:31,273{GMT}	INFO	[jepsen worker 0] jepsen.util: 0	:ok	:read	[0 1]
2024-11-07 08:32:31,277{GMT}	INFO	[jepsen worker 0] jepsen.util: 0	:invoke	:read	nil
2024-11-07 08:32:31,281{GMT}	INFO	[jepsen worker 0] jepsen.util: 0	:ok	:read	[0 1]
2024-11-07 08:32:31,405{GMT}	INFO	[jepsen worker 0] jepsen.util: 0	:invoke	:read	nil
2024-11-07 08:32:31,409{GMT}	INFO	[jepsen worker 0] jepsen.util: 0	:ok	:read	[0 1]
2024-11-07 08:32:31,414{GMT}	INFO	[jepsen worker 0] jepsen.util: 0	:invoke	:broadcast	2
2024-11-07 08:32:31,417{GMT}	INFO	[jepsen worker 0] jepsen.util: 0	:ok	:broadcast	2
2024-11-07 08:32:31,424{GMT}	INFO	[jepsen worker 0] jepsen.util: 0	:invoke	:read	nil
2024-11-07 08:32:31,428{GMT}	INFO	[jepsen worker 0] jepsen.util: 0	:ok	:read	[0 1 2]
2024-11-07 08:32:31,538{GMT}	INFO	[jepsen worker 0] jepsen.util: 0	:invoke	:broadcast	3
2024-11-07 08:32:31,542{GMT}	INFO	[jepsen worker 0] jepsen.util: 0	:ok	:broadcast	3
2024-11-07 08:32:31,729{GMT}	INFO	[jepsen worker 0] jepsen.util: 0	:invoke	:broadcast	4
2024-11-07 08:32:31,731{GMT}	INFO	[jepsen worker 0] jepsen.util: 0	:ok	:broadcast	4
2024-11-07 08:32:31,892{GMT}	INFO	[jepsen worker 0] jepsen.util: 0	:invoke	:read	nil
2024-11-07 08:32:31,894{GMT}	INFO	[jepsen worker 0] jepsen.util: 0	:ok	:read	[0 1 2 3 4]
2024-11-07 08:32:31,993{GMT}	INFO	[jepsen worker 0] jepsen.util: 0	:invoke	:broadcast	5
2024-11-07 08:32:31,995{GMT}	INFO	[jepsen worker 0] jepsen.util: 0	:ok	:broadcast	5
2024-11-07 08:32:32,177{GMT}	INFO	[jepsen worker 0] jepsen.util: 0	:invoke	:broadcast	6
2024-11-07 08:32:32,181{GMT}	INFO	[jepsen worker 0] jepsen.util: 0	:ok	:broadcast	6
2024-11-07 08:32:32,326{GMT}	INFO	[jepsen worker 0] jepsen.util: 0	:invoke	:read	nil
2024-11-07 08:32:32,331{GMT}	INFO	[jepsen worker 0] jepsen.util: 0	:ok	:read	[0 1 2 3 4 5 6]
2024-11-07 08:32:32,488{GMT}	INFO	[jepsen worker 0] jepsen.util: 0	:invoke	:read	nil
2024-11-07 08:32:32,493{GMT}	INFO	[jepsen worker 0] jepsen.util: 0	:ok	:read	[0 1 2 3 4 5 6]
2024-11-07 08:32:32,495{GMT}	INFO	[jepsen worker 0] jepsen.util: 0	:invoke	:broadcast	7
2024-11-07 08:32:32,498{GMT}	INFO	[jepsen worker 0] jepsen.util: 0	:ok	:broadcast	7
2024-11-07 08:32:32,545{GMT}	INFO	[jepsen worker 0] jepsen.util: 0	:invoke	:read	nil
2024-11-07 08:32:32,548{GMT}	INFO	[jepsen worker 0] jepsen.util: 0	:ok	:read	[0 1 2 3 4 5 6 7]
2024-11-07 08:32:32,736{GMT}	INFO	[jepsen worker 0] jepsen.util: 0	:invoke	:read	nil
2024-11-07 08:32:32,739{GMT}	INFO	[jepsen worker 0] jepsen.util: 0	:ok	:read	[0 1 2 3 4 5 6 7]
2024-11-07 08:32:32,856{GMT}	INFO	[jepsen worker 0] jepsen.util: 0	:invoke	:read	nil
2024-11-07 08:32:32,860{GMT}	INFO	[jepsen worker 0] jepsen.util: 0	:ok	:read	[0 1 2 3 4 5 6 7]
2024-11-07 08:32:32,941{GMT}	INFO	[jepsen worker 0] jepsen.util: 0	:invoke	:read	nil
2024-11-07 08:32:32,945{GMT}	INFO	[jepsen worker 0] jepsen.util: 0	:ok	:read	[0 1 2 3 4 5 6 7]
2024-11-07 08:32:33,013{GMT}	INFO	[jepsen worker 0] jepsen.util: 0	:invoke	:read	nil
2024-11-07 08:32:33,016{GMT}	INFO	[jepsen worker 0] jepsen.util: 0	:ok	:read	[0 1 2 3 4 5 6 7]
2024-11-07 08:32:33,066{GMT}	INFO	[jepsen worker 0] jepsen.util: 0	:invoke	:read	nil
2024-11-07 08:32:33,071{GMT}	INFO	[jepsen worker 0] jepsen.util: 0	:ok	:read	[0 1 2 3 4 5 6 7]
2024-11-07 08:32:33,079{GMT}	INFO	[jepsen worker 0] jepsen.util: 0	:invoke	:broadcast	8
2024-11-07 08:32:33,082{GMT}	INFO	[jepsen worker 0] jepsen.util: 0	:ok	:broadcast	8
2024-11-07 08:32:33,162{GMT}	INFO	[jepsen worker 0] jepsen.util: 0	:invoke	:broadcast	9
2024-11-07 08:32:33,166{GMT}	INFO	[jepsen worker 0] jepsen.util: 0	:ok	:broadcast	9
2024-11-07 08:32:33,282{GMT}	INFO	[jepsen worker 0] jepsen.util: 0	:invoke	:broadcast	10
2024-11-07 08:32:33,286{GMT}	INFO	[jepsen worker 0] jepsen.util: 0	:ok	:broadcast	10
2024-11-07 08:32:33,444{GMT}	INFO	[jepsen worker 0] jepsen.util: 0	:invoke	:read	nil
2024-11-07 08:32:33,447{GMT}	INFO	[jepsen worker 0] jepsen.util: 0	:ok	:read	[0 1 2 3 4 5 6 7 8 9 10]
2024-11-07 08:32:33,644{GMT}	INFO	[jepsen worker 0] jepsen.util: 0	:invoke	:read	nil
2024-11-07 08:32:33,648{GMT}	INFO	[jepsen worker 0] jepsen.util: 0	:ok	:read	[0 1 2 3 4 5 6 7 8 9 10]
2024-11-07 08:32:33,652{GMT}	INFO	[jepsen worker 0] jepsen.util: 0	:invoke	:read	nil
2024-11-07 08:32:33,654{GMT}	INFO	[jepsen worker 0] jepsen.util: 0	:ok	:read	[0 1 2 3 4 5 6 7 8 9 10]
2024-11-07 08:32:33,800{GMT}	INFO	[jepsen worker 0] jepsen.util: 0	:invoke	:read	nil
2024-11-07 08:32:33,803{GMT}	INFO	[jepsen worker 0] jepsen.util: 0	:ok	:read	[0 1 2 3 4 5 6 7 8 9 10]
2024-11-07 08:32:33,875{GMT}	INFO	[jepsen worker 0] jepsen.util: 0	:invoke	:read	nil
2024-11-07 08:32:33,878{GMT}	INFO	[jepsen worker 0] jepsen.util: 0	:ok	:read	[0 1 2 3 4 5 6 7 8 9 10]
2024-11-07 08:32:34,028{GMT}	INFO	[jepsen worker 0] jepsen.util: 0	:invoke	:read	nil
2024-11-07 08:32:34,031{GMT}	INFO	[jepsen worker 0] jepsen.util: 0	:ok	:read	[0 1 2 3 4 5 6 7 8 9 10]
2024-11-07 08:32:34,059{GMT}	INFO	[jepsen worker 0] jepsen.util: 0	:invoke	:broadcast	11
2024-11-07 08:32:34,062{GMT}	INFO	[jepsen worker 0] jepsen.util: 0	:ok	:broadcast	11
2024-11-07 08:32:34,200{GMT}	INFO	[jepsen worker 0] jepsen.util: 0	:invoke	:read	nil
2024-11-07 08:32:34,205{GMT}	INFO	[jepsen worker 0] jepsen.util: 0	:ok	:read	[0 1 2 3 4 5 6 7 8 9 10 11]
2024-11-07 08:32:34,267{GMT}	INFO	[jepsen worker 0] jepsen.util: 0	:invoke	:broadcast	12
2024-11-07 08:32:34,271{GMT}	INFO	[jepsen worker 0] jepsen.util: 0	:ok	:broadcast	12
2024-11-07 08:32:34,292{GMT}	INFO	[jepsen worker 0] jepsen.util: 0	:invoke	:broadcast	13
2024-11-07 08:32:34,295{GMT}	INFO	[jepsen worker 0] jepsen.util: 0	:ok	:broadcast	13
2024-11-07 08:32:34,371{GMT}	INFO	[jepsen worker 0] jepsen.util: 0	:invoke	:read	nil
2024-11-07 08:32:34,374{GMT}	INFO	[jepsen worker 0] jepsen.util: 0	:ok	:read	[0 1 2 3 4 5 6 7 8 9 10 11 12 13]
2024-11-07 08:32:34,532{GMT}	INFO	[jepsen worker 0] jepsen.util: 0	:invoke	:read	nil
2024-11-07 08:32:34,537{GMT}	INFO	[jepsen worker 0] jepsen.util: 0	:ok	:read	[0 1 2 3 4 5 6 7 8 9 10 11 12 13]
2024-11-07 08:32:34,577{GMT}	INFO	[jepsen worker 0] jepsen.util: 0	:invoke	:read	nil
2024-11-07 08:32:34,582{GMT}	INFO	[jepsen worker 0] jepsen.util: 0	:ok	:read	[0 1 2 3 4 5 6 7 8 9 10 11 12 13]
2024-11-07 08:32:34,714{GMT}	INFO	[jepsen worker 0] jepsen.util: 0	:invoke	:broadcast	14
2024-11-07 08:32:34,718{GMT}	INFO	[jepsen worker 0] jepsen.util: 0	:ok	:broadcast	14
2024-11-07 08:32:34,723{GMT}	INFO	[jepsen worker 0] jepsen.util: 0	:invoke	:read	nil
2024-11-07 08:32:34,726{GMT}	INFO	[jepsen worker 0] jepsen.util: 0	:ok	:read	[0 1 2 3 4 5 6 7 8 9 10 11 12 13 14]
2024-11-07 08:32:34,909{GMT}	INFO	[jepsen worker 0] jepsen.util: 0	:invoke	:read	nil
2024-11-07 08:32:34,913{GMT}	INFO	[jepsen worker 0] jepsen.util: 0	:ok	:read	[0 1 2 3 4 5 6 7 8 9 10 11 12 13 14]
2024-11-07 08:32:35,073{GMT}	INFO	[jepsen worker 0] jepsen.util: 0	:invoke	:broadcast	15
2024-11-07 08:32:35,076{GMT}	INFO	[jepsen worker 0] jepsen.util: 0	:ok	:broadcast	15
2024-11-07 08:32:35,120{GMT}	INFO	[jepsen worker 0] jepsen.util: 0	:invoke	:broadcast	16
2024-11-07 08:32:35,124{GMT}	INFO	[jepsen worker 0] jepsen.util: 0	:ok	:broadcast	16
2024-11-07 08:32:35,200{GMT}	INFO	[jepsen worker 0] jepsen.util: 0	:invoke	:read	nil
2024-11-07 08:32:35,205{GMT}	INFO	[jepsen worker 0] jepsen.util: 0	:ok	:read	[0 1 2 3 4 5 6 7 8 9 10 11 12 13 14 15 16]
2024-11-07 08:32:35,389{GMT}	INFO	[jepsen worker 0] jepsen.util: 0	:invoke	:broadcast	17
2024-11-07 08:32:35,392{GMT}	INFO	[jepsen worker 0] jepsen.util: 0	:ok	:broadcast	17
2024-11-07 08:32:35,495{GMT}	INFO	[jepsen worker 0] jepsen.util: 0	:invoke	:read	nil
2024-11-07 08:32:35,498{GMT}	INFO	[jepsen worker 0] jepsen.util: 0	:ok	:read	[0 1 2 3 4 5 6 7 8 9 10 11 12 13 14 15 16 17]
2024-11-07 08:32:35,570{GMT}	INFO	[jepsen worker 0] jepsen.util: 0	:invoke	:read	nil
2024-11-07 08:32:35,574{GMT}	INFO	[jepsen worker 0] jepsen.util: 0	:ok	:read	[0 1 2 3 4 5 6 7 8 9 10 11 12 13 14 15 16 17]
2024-11-07 08:32:35,599{GMT}	INFO	[jepsen worker 0] jepsen.util: 0	:invoke	:read	nil
2024-11-07 08:32:35,604{GMT}	INFO	[jepsen worker 0] jepsen.util: 0	:ok	:read	[0 1 2 3 4 5 6 7 8 9 10 11 12 13 14 15 16 17]
2024-11-07 08:32:35,605{GMT}	INFO	[jepsen worker 0] jepsen.util: 0	:invoke	:read	nil
2024-11-07 08:32:35,609{GMT}	INFO	[jepsen worker 0] jepsen.util: 0	:ok	:read	[0 1 2 3 4 5 6 7 8 9 10 11 12 13 14 15 16 17]
2024-11-07 08:32:35,626{GMT}	INFO	[jepsen worker 0] jepsen.util: 0	:invoke	:broadcast	18
2024-11-07 08:32:35,630{GMT}	INFO	[jepsen worker 0] jepsen.util: 0	:ok	:broadcast	18
2024-11-07 08:32:35,731{GMT}	INFO	[jepsen worker 0] jepsen.util: 0	:invoke	:broadcast	19
2024-11-07 08:32:35,734{GMT}	INFO	[jepsen worker 0] jepsen.util: 0	:ok	:broadcast	19
2024-11-07 08:32:35,734{GMT}	INFO	[jepsen worker 0] jepsen.util: 0	:invoke	:read	nil
2024-11-07 08:32:35,736{GMT}	INFO	[jepsen worker 0] jepsen.util: 0	:ok	:read	[0 1 2 3 4 5 6 7 8 9 10 11 12 13 14 15 16 17 18 19]
2024-11-07 08:32:35,894{GMT}	INFO	[jepsen worker 0] jepsen.util: 0	:invoke	:broadcast	20
2024-11-07 08:32:35,897{GMT}	INFO	[jepsen worker 0] jepsen.util: 0	:ok	:broadcast	20
2024-11-07 08:32:36,062{GMT}	INFO	[jepsen worker 0] jepsen.util: 0	:invoke	:broadcast	21
2024-11-07 08:32:36,065{GMT}	INFO	[jepsen worker 0] jepsen.util: 0	:ok	:broadcast	21
2024-11-07 08:32:36,092{GMT}	INFO	[jepsen worker 0] jepsen.util: 0	:invoke	:read	nil
2024-11-07 08:32:36,096{GMT}	INFO	[jepsen worker 0] jepsen.util: 0	:ok	:read	[0 1 2 3 4 5 6 7 8 9 10 11 12 13 14 15 16 17 18 19 20 21]
2024-11-07 08:32:36,233{GMT}	INFO	[jepsen worker 0] jepsen.util: 0	:invoke	:broadcast	22
2024-11-07 08:32:36,236{GMT}	INFO	[jepsen worker 0] jepsen.util: 0	:ok	:broadcast	22
2024-11-07 08:32:36,393{GMT}	INFO	[jepsen worker 0] jepsen.util: 0	:invoke	:read	nil
2024-11-07 08:32:36,397{GMT}	INFO	[jepsen worker 0] jepsen.util: 0	:ok	:read	[0 1 2 3 4 5 6 7 8 9 10 11 12 13 14 15 16 17 18 19 20 21 22]
2024-11-07 08:32:36,460{GMT}	INFO	[jepsen worker 0] jepsen.util: 0	:invoke	:read	nil
2024-11-07 08:32:36,464{GMT}	INFO	[jepsen worker 0] jepsen.util: 0	:ok	:read	[0 1 2 3 4 5 6 7 8 9 10 11 12 13 14 15 16 17 18 19 20 21 22]
2024-11-07 08:32:36,639{GMT}	INFO	[jepsen worker 0] jepsen.util: 0	:invoke	:read	nil
2024-11-07 08:32:36,642{GMT}	INFO	[jepsen worker 0] jepsen.util: 0	:ok	:read	[0 1 2 3 4 5 6 7 8 9 10 11 12 13 14 15 16 17 18 19 20 21 22]
2024-11-07 08:32:36,746{GMT}	INFO	[jepsen worker 0] jepsen.util: 0	:invoke	:read	nil
2024-11-07 08:32:36,750{GMT}	INFO	[jepsen worker 0] jepsen.util: 0	:ok	:read	[0 1 2 3 4 5 6 7 8 9 10 11 12 13 14 15 16 17 18 19 20 21 22]
2024-11-07 08:32:36,935{GMT}	INFO	[jepsen worker 0] jepsen.util: 0	:invoke	:read	nil
2024-11-07 08:32:36,939{GMT}	INFO	[jepsen worker 0] jepsen.util: 0	:ok	:read	[0 1 2 3 4 5 6 7 8 9 10 11 12 13 14 15 16 17 18 19 20 21 22]
2024-11-07 08:32:37,002{GMT}	INFO	[jepsen worker 0] jepsen.util: 0	:invoke	:broadcast	23
2024-11-07 08:32:37,004{GMT}	INFO	[jepsen worker 0] jepsen.util: 0	:ok	:broadcast	23
2024-11-07 08:32:37,139{GMT}	INFO	[jepsen worker 0] jepsen.util: 0	:invoke	:read	nil
2024-11-07 08:32:37,142{GMT}	INFO	[jepsen worker 0] jepsen.util: 0	:ok	:read	[0 1 2 3 4 5 6 7 8 9 10 11 12 13 14 15 16 17 18 19 20 21 22 23]
2024-11-07 08:32:37,319{GMT}	INFO	[jepsen worker 0] jepsen.util: 0	:invoke	:read	nil
2024-11-07 08:32:37,323{GMT}	INFO	[jepsen worker 0] jepsen.util: 0	:ok	:read	[0 1 2 3 4 5 6 7 8 9 10 11 12 13 14 15 16 17 18 19 20 21 22 23]
2024-11-07 08:32:37,350{GMT}	INFO	[jepsen worker 0] jepsen.util: 0	:invoke	:read	nil
2024-11-07 08:32:37,352{GMT}	INFO	[jepsen worker 0] jepsen.util: 0	:ok	:read	[0 1 2 3 4 5 6 7 8 9 10 11 12 13 14 15 16 17 18 19 20 21 22 23]
2024-11-07 08:32:37,397{GMT}	INFO	[jepsen worker 0] jepsen.util: 0	:invoke	:broadcast	24
2024-11-07 08:32:37,400{GMT}	INFO	[jepsen worker 0] jepsen.util: 0	:ok	:broadcast	24
2024-11-07 08:32:37,458{GMT}	INFO	[jepsen worker 0] jepsen.util: 0	:invoke	:read	nil
2024-11-07 08:32:37,461{GMT}	INFO	[jepsen worker 0] jepsen.util: 0	:ok	:read	[0 1 2 3 4 5 6 7 8 9 10 11 12 13 14 15 16 17 18 19 20 21 22 23 24]
2024-11-07 08:32:37,598{GMT}	INFO	[jepsen worker 0] jepsen.util: 0	:invoke	:broadcast	25
2024-11-07 08:32:37,601{GMT}	INFO	[jepsen worker 0] jepsen.util: 0	:ok	:broadcast	25
2024-11-07 08:32:37,623{GMT}	INFO	[jepsen worker 0] jepsen.util: 0	:invoke	:broadcast	26
2024-11-07 08:32:37,626{GMT}	INFO	[jepsen worker 0] jepsen.util: 0	:ok	:broadcast	26
2024-11-07 08:32:37,713{GMT}	INFO	[jepsen worker 0] jepsen.util: 0	:invoke	:read	nil
2024-11-07 08:32:37,716{GMT}	INFO	[jepsen worker 0] jepsen.util: 0	:ok	:read	[0 1 2 3 4 5 6 7 8 9 10 11 12 13 14 15 16 17 18 19 20 21 22 23 24 25 26]
2024-11-07 08:32:37,747{GMT}	INFO	[jepsen worker 0] jepsen.util: 0	:invoke	:read	nil
2024-11-07 08:32:37,751{GMT}	INFO	[jepsen worker 0] jepsen.util: 0	:ok	:read	[0 1 2 3 4 5 6 7 8 9 10 11 12 13 14 15 16 17 18 19 20 21 22 23 24 25 26]
2024-11-07 08:32:37,751{GMT}	INFO	[jepsen worker 0] jepsen.util: 0	:invoke	:read	nil
2024-11-07 08:32:37,754{GMT}	INFO	[jepsen worker 0] jepsen.util: 0	:ok	:read	[0 1 2 3 4 5 6 7 8 9 10 11 12 13 14 15 16 17 18 19 20 21 22 23 24 25 26]
2024-11-07 08:32:37,849{GMT}	INFO	[jepsen worker 0] jepsen.util: 0	:invoke	:read	nil
2024-11-07 08:32:37,853{GMT}	INFO	[jepsen worker 0] jepsen.util: 0	:ok	:read	[0 1 2 3 4 5 6 7 8 9 10 11 12 13 14 15 16 17 18 19 20 21 22 23 24 25 26]
2024-11-07 08:32:38,045{GMT}	INFO	[jepsen worker 0] jepsen.util: 0	:invoke	:read	nil
2024-11-07 08:32:38,049{GMT}	INFO	[jepsen worker 0] jepsen.util: 0	:ok	:read	[0 1 2 3 4 5 6 7 8 9 10 11 12 13 14 15 16 17 18 19 20 21 22 23 24 25 26]
2024-11-07 08:32:38,149{GMT}	INFO	[jepsen worker 0] jepsen.util: 0	:invoke	:read	nil
2024-11-07 08:32:38,153{GMT}	INFO	[jepsen worker 0] jepsen.util: 0	:ok	:read	[0 1 2 3 4 5 6 7 8 9 10 11 12 13 14 15 16 17 18 19 20 21 22 23 24 25 26]
2024-11-07 08:32:38,323{GMT}	INFO	[jepsen worker 0] jepsen.util: 0	:invoke	:broadcast	27
2024-11-07 08:32:38,326{GMT}	INFO	[jepsen worker 0] jepsen.util: 0	:ok	:broadcast	27
2024-11-07 08:32:38,444{GMT}	INFO	[jepsen worker 0] jepsen.util: 0	:invoke	:broadcast	28
2024-11-07 08:32:38,448{GMT}	INFO	[jepsen worker 0] jepsen.util: 0	:ok	:broadcast	28
2024-11-07 08:32:38,565{GMT}	INFO	[jepsen worker 0] jepsen.util: 0	:invoke	:read	nil
2024-11-07 08:32:38,568{GMT}	INFO	[jepsen worker 0] jepsen.util: 0	:ok	:read	[0 1 2 3 4 5 6 7 8 9 10 11 12 13 14 15 16 17 18 19 20 21 22 23 24 25 26 27 28]
2024-11-07 08:32:38,758{GMT}	INFO	[jepsen worker 0] jepsen.util: 0	:invoke	:read	nil
2024-11-07 08:32:38,761{GMT}	INFO	[jepsen worker 0] jepsen.util: 0	:ok	:read	[0 1 2 3 4 5 6 7 8 9 10 11 12 13 14 15 16 17 18 19 20 21 22 23 24 25 26 27 28]
2024-11-07 08:32:38,774{GMT}	INFO	[jepsen worker 0] jepsen.util: 0	:invoke	:read	nil
2024-11-07 08:32:38,778{GMT}	INFO	[jepsen worker 0] jepsen.util: 0	:ok	:read	[0 1 2 3 4 5 6 7 8 9 10 11 12 13 14 15 16 17 18 19 20 21 22 23 24 25 26 27 28]
2024-11-07 08:32:38,784{GMT}	INFO	[jepsen worker 0] jepsen.util: 0	:invoke	:read	nil
2024-11-07 08:32:38,788{GMT}	INFO	[jepsen worker 0] jepsen.util: 0	:ok	:read	[0 1 2 3 4 5 6 7 8 9 10 11 12 13 14 15 16 17 18 19 20 21 22 23 24 25 26 27 28]
2024-11-07 08:32:38,962{GMT}	INFO	[jepsen worker 0] jepsen.util: 0	:invoke	:read	nil
2024-11-07 08:32:38,965{GMT}	INFO	[jepsen worker 0] jepsen.util: 0	:ok	:read	[0 1 2 3 4 5 6 7 8 9 10 11 12 13 14 15 16 17 18 19 20 21 22 23 24 25 26 27 28]
2024-11-07 08:32:39,015{GMT}	INFO	[jepsen worker 0] jepsen.util: 0	:invoke	:read	nil
2024-11-07 08:32:39,018{GMT}	INFO	[jepsen worker 0] jepsen.util: 0	:ok	:read	[0 1 2 3 4 5 6 7 8 9 10 11 12 13 14 15 16 17 18 19 20 21 22 23 24 25 26 27 28]
2024-11-07 08:32:39,116{GMT}	INFO	[jepsen worker 0] jepsen.util: 0	:invoke	:read	nil
2024-11-07 08:32:39,120{GMT}	INFO	[jepsen worker 0] jepsen.util: 0	:ok	:read	[0 1 2 3 4 5 6 7 8 9 10 11 12 13 14 15 16 17 18 19 20 21 22 23 24 25 26 27 28]
2024-11-07 08:32:39,205{GMT}	INFO	[jepsen worker 0] jepsen.util: 0	:invoke	:broadcast	29
2024-11-07 08:32:39,207{GMT}	INFO	[jepsen worker 0] jepsen.util: 0	:ok	:broadcast	29
2024-11-07 08:32:39,309{GMT}	INFO	[jepsen worker 0] jepsen.util: 0	:invoke	:read	nil
2024-11-07 08:32:39,312{GMT}	INFO	[jepsen worker 0] jepsen.util: 0	:ok	:read	[0 1 2 3 4 5 6 7 8 9 10 11 12 13 14 15 16 17 18 19 20 21 22 23 24 25 26 27 28 29]
2024-11-07 08:32:39,495{GMT}	INFO	[jepsen worker 0] jepsen.util: 0	:invoke	:broadcast	30
2024-11-07 08:32:39,498{GMT}	INFO	[jepsen worker 0] jepsen.util: 0	:ok	:broadcast	30
2024-11-07 08:32:39,545{GMT}	INFO	[jepsen worker 0] jepsen.util: 0	:invoke	:broadcast	31
2024-11-07 08:32:39,548{GMT}	INFO	[jepsen worker 0] jepsen.util: 0	:ok	:broadcast	31
2024-11-07 08:32:39,591{GMT}	INFO	[jepsen worker 0] jepsen.util: 0	:invoke	:broadcast	32
2024-11-07 08:32:39,593{GMT}	INFO	[jepsen worker 0] jepsen.util: 0	:ok	:broadcast	32
2024-11-07 08:32:39,621{GMT}	INFO	[jepsen worker 0] jepsen.util: 0	:invoke	:read	nil
2024-11-07 08:32:39,625{GMT}	INFO	[jepsen worker 0] jepsen.util: 0	:ok	:read	[0 1 2 3 4 5 6 7 8 9 10 11 12 13 14 15 16 17 18 19 20 21 22 23 24 25 26 27 28 29 30 31 32]
2024-11-07 08:32:39,714{GMT}	INFO	[jepsen worker 0] jepsen.util: 0	:invoke	:broadcast	33
2024-11-07 08:32:39,718{GMT}	INFO	[jepsen worker 0] jepsen.util: 0	:ok	:broadcast	33
2024-11-07 08:32:39,860{GMT}	INFO	[jepsen worker 0] jepsen.util: 0	:invoke	:broadcast	34
2024-11-07 08:32:39,863{GMT}	INFO	[jepsen worker 0] jepsen.util: 0	:ok	:broadcast	34
2024-11-07 08:32:39,965{GMT}	INFO	[jepsen worker 0] jepsen.util: 0	:invoke	:broadcast	35
2024-11-07 08:32:39,966{GMT}	INFO	[jepsen worker 0] jepsen.util: 0	:ok	:broadcast	35
2024-11-07 08:32:40,144{GMT}	INFO	[jepsen worker 0] jepsen.util: 0	:invoke	:read	nil
2024-11-07 08:32:40,147{GMT}	INFO	[jepsen worker 0] jepsen.util: 0	:ok	:read	[0 1 2 3 4 5 6 7 8 9 10 11 12 13 14 15 16 17 18 19 20 21 22 23 24 25 26 27 28 29 30 31 32 33 34 35]
2024-11-07 08:32:40,295{GMT}	INFO	[jepsen worker 0] jepsen.util: 0	:invoke	:broadcast	36
2024-11-07 08:32:40,298{GMT}	INFO	[jepsen worker 0] jepsen.util: 0	:ok	:broadcast	36
2024-11-07 08:32:40,328{GMT}	INFO	[jepsen worker 0] jepsen.util: 0	:invoke	:broadcast	37
2024-11-07 08:32:40,331{GMT}	INFO	[jepsen worker 0] jepsen.util: 0	:ok	:broadcast	37
2024-11-07 08:32:40,455{GMT}	INFO	[jepsen worker 0] jepsen.util: 0	:invoke	:broadcast	38
2024-11-07 08:32:40,458{GMT}	INFO	[jepsen worker 0] jepsen.util: 0	:ok	:broadcast	38
2024-11-07 08:32:40,621{GMT}	INFO	[jepsen worker 0] jepsen.util: 0	:invoke	:broadcast	39
2024-11-07 08:32:40,624{GMT}	INFO	[jepsen worker 0] jepsen.util: 0	:ok	:broadcast	39
2024-11-07 08:32:40,693{GMT}	INFO	[jepsen worker 0] jepsen.util: 0	:invoke	:broadcast	40
2024-11-07 08:32:40,695{GMT}	INFO	[jepsen worker 0] jepsen.util: 0	:ok	:broadcast	40
2024-11-07 08:32:40,695{GMT}	INFO	[jepsen worker 0] jepsen.util: 0	:invoke	:broadcast	41
2024-11-07 08:32:40,697{GMT}	INFO	[jepsen worker 0] jepsen.util: 0	:ok	:broadcast	41
2024-11-07 08:32:40,752{GMT}	INFO	[jepsen worker 0] jepsen.util: 0	:invoke	:broadcast	42
2024-11-07 08:32:40,755{GMT}	INFO	[jepsen worker 0] jepsen.util: 0	:ok	:broadcast	42
2024-11-07 08:32:40,880{GMT}	INFO	[jepsen worker 0] jepsen.util: 0	:invoke	:read	nil
2024-11-07 08:32:40,883{GMT}	INFO	[jepsen worker 0] jepsen.util: 0	:ok	:read	[0 1 2 3 4 5 6 7 8 9 10 11 12 13 14 15 16 17 18 19 20 21 22 23 24 25 26 27 28 29 30 31 32 33 34 35 36 37 38 39 40 41 42]
2024-11-07 08:32:41,014{GMT}	INFO	[jepsen worker 0] jepsen.util: 0	:invoke	:read	nil
2024-11-07 08:32:41,017{GMT}	INFO	[jepsen worker 0] jepsen.util: 0	:ok	:read	[0 1 2 3 4 5 6 7 8 9 10 11 12 13 14 15 16 17 18 19 20 21 22 23 24 25 26 27 28 29 30 31 32 33 34 35 36 37 38 39 40 41 42]
2024-11-07 08:32:41,148{GMT}	INFO	[jepsen worker 0] jepsen.util: 0	:invoke	:read	nil
2024-11-07 08:32:41,152{GMT}	INFO	[jepsen worker 0] jepsen.util: 0	:ok	:read	[0 1 2 3 4 5 6 7 8 9 10 11 12 13 14 15 16 17 18 19 20 21 22 23 24 25 26 27 28 29 30 31 32 33 34 35 36 37 38 39 40 41 42]
2024-11-07 08:32:41,343{GMT}	INFO	[jepsen worker 0] jepsen.util: 0	:invoke	:read	nil
2024-11-07 08:32:41,346{GMT}	INFO	[jepsen worker 0] jepsen.util: 0	:ok	:read	[0 1 2 3 4 5 6 7 8 9 10 11 12 13 14 15 16 17 18 19 20 21 22 23 24 25 26 27 28 29 30 31 32 33 34 35 36 37 38 39 40 41 42]
2024-11-07 08:32:41,475{GMT}	INFO	[jepsen worker 0] jepsen.util: 0	:invoke	:read	nil
2024-11-07 08:32:41,478{GMT}	INFO	[jepsen worker 0] jepsen.util: 0	:ok	:read	[0 1 2 3 4 5 6 7 8 9 10 11 12 13 14 15 16 17 18 19 20 21 22 23 24 25 26 27 28 29 30 31 32 33 34 35 36 37 38 39 40 41 42]
2024-11-07 08:32:41,651{GMT}	INFO	[jepsen worker 0] jepsen.util: 0	:invoke	:read	nil
2024-11-07 08:32:41,654{GMT}	INFO	[jepsen worker 0] jepsen.util: 0	:ok	:read	[0 1 2 3 4 5 6 7 8 9 10 11 12 13 14 15 16 17 18 19 20 21 22 23 24 25 26 27 28 29 30 31 32 33 34 35 36 37 38 39 40 41 42]
2024-11-07 08:32:41,708{GMT}	INFO	[jepsen worker 0] jepsen.util: 0	:invoke	:broadcast	43
2024-11-07 08:32:41,711{GMT}	INFO	[jepsen worker 0] jepsen.util: 0	:ok	:broadcast	43
2024-11-07 08:32:41,891{GMT}	INFO	[jepsen worker 0] jepsen.util: 0	:invoke	:read	nil
2024-11-07 08:32:41,894{GMT}	INFO	[jepsen worker 0] jepsen.util: 0	:ok	:read	[0 1 2 3 4 5 6 7 8 9 10 11 12 13 14 15 16 17 18 19 20 21 22 23 24 25 26 27 28 29 30 31 32 33 34 35 36 37 38 39 40 41 42 43]
2024-11-07 08:32:42,000{GMT}	INFO	[jepsen worker 0] jepsen.util: 0	:invoke	:read	nil
2024-11-07 08:32:42,003{GMT}	INFO	[jepsen worker 0] jepsen.util: 0	:ok	:read	[0 1 2 3 4 5 6 7 8 9 10 11 12 13 14 15 16 17 18 19 20 21 22 23 24 25 26 27 28 29 30 31 32 33 34 35 36 37 38 39 40 41 42 43]
2024-11-07 08:32:42,006{GMT}	INFO	[jepsen worker 0] jepsen.util: 0	:invoke	:read	nil
2024-11-07 08:32:42,009{GMT}	INFO	[jepsen worker 0] jepsen.util: 0	:ok	:read	[0 1 2 3 4 5 6 7 8 9 10 11 12 13 14 15 16 17 18 19 20 21 22 23 24 25 26 27 28 29 30 31 32 33 34 35 36 37 38 39 40 41 42 43]
2024-11-07 08:32:42,082{GMT}	INFO	[jepsen worker 0] jepsen.util: 0	:invoke	:read	nil
2024-11-07 08:32:42,086{GMT}	INFO	[jepsen worker 0] jepsen.util: 0	:ok	:read	[0 1 2 3 4 5 6 7 8 9 10 11 12 13 14 15 16 17 18 19 20 21 22 23 24 25 26 27 28 29 30 31 32 33 34 35 36 37 38 39 40 41 42 43]
2024-11-07 08:32:42,187{GMT}	INFO	[jepsen worker 0] jepsen.util: 0	:invoke	:read	nil
2024-11-07 08:32:42,190{GMT}	INFO	[jepsen worker 0] jepsen.util: 0	:ok	:read	[0 1 2 3 4 5 6 7 8 9 10 11 12 13 14 15 16 17 18 19 20 21 22 23 24 25 26 27 28 29 30 31 32 33 34 35 36 37 38 39 40 41 42 43]
2024-11-07 08:32:42,382{GMT}	INFO	[jepsen worker 0] jepsen.util: 0	:invoke	:broadcast	44
2024-11-07 08:32:42,384{GMT}	INFO	[jepsen worker 0] jepsen.util: 0	:ok	:broadcast	44
2024-11-07 08:32:42,532{GMT}	INFO	[jepsen worker 0] jepsen.util: 0	:invoke	:broadcast	45
2024-11-07 08:32:42,535{GMT}	INFO	[jepsen worker 0] jepsen.util: 0	:ok	:broadcast	45
2024-11-07 08:32:42,649{GMT}	INFO	[jepsen worker 0] jepsen.util: 0	:invoke	:broadcast	46
2024-11-07 08:32:42,652{GMT}	INFO	[jepsen worker 0] jepsen.util: 0	:ok	:broadcast	46
2024-11-07 08:32:42,726{GMT}	INFO	[jepsen worker 0] jepsen.util: 0	:invoke	:broadcast	47
2024-11-07 08:32:42,729{GMT}	INFO	[jepsen worker 0] jepsen.util: 0	:ok	:broadcast	47
2024-11-07 08:32:42,802{GMT}	INFO	[jepsen worker 0] jepsen.util: 0	:invoke	:read	nil
2024-11-07 08:32:42,805{GMT}	INFO	[jepsen worker 0] jepsen.util: 0	:ok	:read	[0 1 2 3 4 5 6 7 8 9 10 11 12 13 14 15 16 17 18 19 20 21 22 23 24 25 26 27 28 29 30 31 32 33 34 35 36 37 38 39 40 41 42 43 44 45 46 47]
2024-11-07 08:32:42,952{GMT}	INFO	[jepsen worker 0] jepsen.util: 0	:invoke	:read	nil
2024-11-07 08:32:42,957{GMT}	INFO	[jepsen worker 0] jepsen.util: 0	:ok	:read	[0 1 2 3 4 5 6 7 8 9 10 11 12 13 14 15 16 17 18 19 20 21 22 23 24 25 26 27 28 29 30 31 32 33 34 35 36 37 38 39 40 41 42 43 44 45 46 47]
2024-11-07 08:32:43,128{GMT}	INFO	[jepsen worker 0] jepsen.util: 0	:invoke	:read	nil
2024-11-07 08:32:43,132{GMT}	INFO	[jepsen worker 0] jepsen.util: 0	:ok	:read	[0 1 2 3 4 5 6 7 8 9 10 11 12 13 14 15 16 17 18 19 20 21 22 23 24 25 26 27 28 29 30 31 32 33 34 35 36 37 38 39 40 41 42 43 44 45 46 47]
2024-11-07 08:32:43,227{GMT}	INFO	[jepsen worker 0] jepsen.util: 0	:invoke	:broadcast	48
2024-11-07 08:32:43,230{GMT}	INFO	[jepsen worker 0] jepsen.util: 0	:ok	:broadcast	48
2024-11-07 08:32:43,423{GMT}	INFO	[jepsen worker 0] jepsen.util: 0	:invoke	:broadcast	49
2024-11-07 08:32:43,426{GMT}	INFO	[jepsen worker 0] jepsen.util: 0	:ok	:broadcast	49
2024-11-07 08:32:43,469{GMT}	INFO	[jepsen worker 0] jepsen.util: 0	:invoke	:read	nil
2024-11-07 08:32:43,473{GMT}	INFO	[jepsen worker 0] jepsen.util: 0	:ok	:read	[0 1 2 3 4 5 6 7 8 9 10 11 12 13 14 15 16 17 18 19 20 21 22 23 24 25 26 27 28 29 30 31 32 33 34 35 36 37 38 39 40 41 42 43 44 45 46 47 48 49]
2024-11-07 08:32:43,505{GMT}	INFO	[jepsen worker 0] jepsen.util: 0	:invoke	:read	nil
2024-11-07 08:32:43,511{GMT}	INFO	[jepsen worker 0] jepsen.util: 0	:ok	:read	[0 1 2 3 4 5 6 7 8 9 10 11 12 13 14 15 16 17 18 19 20 21 22 23 24 25 26 27 28 29 30 31 32 33 34 35 36 37 38 39 40 41 42 43 44 45 46 47 48 49]
2024-11-07 08:32:43,621{GMT}	INFO	[jepsen worker 0] jepsen.util: 0	:invoke	:broadcast	50
2024-11-07 08:32:43,623{GMT}	INFO	[jepsen worker 0] jepsen.util: 0	:ok	:broadcast	50
2024-11-07 08:32:43,765{GMT}	INFO	[jepsen worker 0] jepsen.util: 0	:invoke	:read	nil
2024-11-07 08:32:43,769{GMT}	INFO	[jepsen worker 0] jepsen.util: 0	:ok	:read	[0 1 2 3 4 5 6 7 8 9 10 11 12 13 14 15 16 17 18 19 20 21 22 23 24 25 26 27 28 29 30 31 32 33 34 35 36 37 38 39 40 41 42 43 44 45 46 47 48 49 50]
2024-11-07 08:32:43,888{GMT}	INFO	[jepsen worker 0] jepsen.util: 0	:invoke	:broadcast	51
2024-11-07 08:32:43,891{GMT}	INFO	[jepsen worker 0] jepsen.util: 0	:ok	:broadcast	51
2024-11-07 08:32:43,902{GMT}	INFO	[jepsen worker 0] jepsen.util: 0	:invoke	:broadcast	52
2024-11-07 08:32:43,904{GMT}	INFO	[jepsen worker 0] jepsen.util: 0	:ok	:broadcast	52
2024-11-07 08:32:43,941{GMT}	INFO	[jepsen worker 0] jepsen.util: 0	:invoke	:broadcast	53
2024-11-07 08:32:43,943{GMT}	INFO	[jepsen worker 0] jepsen.util: 0	:ok	:broadcast	53
2024-11-07 08:32:44,125{GMT}	INFO	[jepsen worker 0] jepsen.util: 0	:invoke	:broadcast	54
2024-11-07 08:32:44,128{GMT}	INFO	[jepsen worker 0] jepsen.util: 0	:ok	:broadcast	54
2024-11-07 08:32:44,296{GMT}	INFO	[jepsen worker 0] jepsen.util: 0	:invoke	:read	nil
2024-11-07 08:32:44,299{GMT}	INFO	[jepsen worker 0] jepsen.util: 0	:ok	:read	[0 1 2 3 4 5 6 7 8 9 10 11 12 13 14 15 16 17 18 19 20 21 22 23 24 25 26 27 28 29 30 31 32 33 34 35 36 37 38 39 40 41 42 43 44 45 46 47 48 49 50 51 52 53 54]
2024-11-07 08:32:44,480{GMT}	INFO	[jepsen worker 0] jepsen.util: 0	:invoke	:read	nil
2024-11-07 08:32:44,483{GMT}	INFO	[jepsen worker 0] jepsen.util: 0	:ok	:read	[0 1 2 3 4 5 6 7 8 9 10 11 12 13 14 15 16 17 18 19 20 21 22 23 24 25 26 27 28 29 30 31 32 33 34 35 36 37 38 39 40 41 42 43 44 45 46 47 48 49 50 51 52 53 54]
2024-11-07 08:32:44,547{GMT}	INFO	[jepsen worker 0] jepsen.util: 0	:invoke	:broadcast	55
2024-11-07 08:32:44,550{GMT}	INFO	[jepsen worker 0] jepsen.util: 0	:ok	:broadcast	55
2024-11-07 08:32:44,669{GMT}	INFO	[jepsen worker 0] jepsen.util: 0	:invoke	:read	nil
2024-11-07 08:32:44,672{GMT}	INFO	[jepsen worker 0] jepsen.util: 0	:ok	:read	[0 1 2 3 4 5 6 7 8 9 10 11 12 13 14 15 16 17 18 19 20 21 22 23 24 25 26 27 28 29 30 31 32 33 34 35 36 37 38 39 40 41 42 43 44 45 46 47 48 49 50 51 52 53 54 55]
2024-11-07 08:32:44,678{GMT}	INFO	[jepsen worker 0] jepsen.util: 0	:invoke	:read	nil
2024-11-07 08:32:44,681{GMT}	INFO	[jepsen worker 0] jepsen.util: 0	:ok	:read	[0 1 2 3 4 5 6 7 8 9 10 11 12 13 14 15 16 17 18 19 20 21 22 23 24 25 26 27 28 29 30 31 32 33 34 35 36 37 38 39 40 41 42 43 44 45 46 47 48 49 50 51 52 53 54 55]
2024-11-07 08:32:44,797{GMT}	INFO	[jepsen worker 0] jepsen.util: 0	:invoke	:broadcast	56
2024-11-07 08:32:44,799{GMT}	INFO	[jepsen worker 0] jepsen.util: 0	:ok	:broadcast	56
2024-11-07 08:32:44,935{GMT}	INFO	[jepsen worker 0] jepsen.util: 0	:invoke	:broadcast	57
2024-11-07 08:32:44,937{GMT}	INFO	[jepsen worker 0] jepsen.util: 0	:ok	:broadcast	57
2024-11-07 08:32:45,001{GMT}	INFO	[jepsen worker 0] jepsen.util: 0	:invoke	:read	nil
2024-11-07 08:32:45,004{GMT}	INFO	[jepsen worker 0] jepsen.util: 0	:ok	:read	[0 1 2 3 4 5 6 7 8 9 10 11 12 13 14 15 16 17 18 19 20 21 22 23 24 25 26 27 28 29 30 31 32 33 34 35 36 37 38 39 40 41 42 43 44 45 46 47 48 49 50 51 52 53 54 55 56 57]
2024-11-07 08:32:45,012{GMT}	INFO	[jepsen worker 0] jepsen.util: 0	:invoke	:broadcast	58
2024-11-07 08:32:45,014{GMT}	INFO	[jepsen worker 0] jepsen.util: 0	:ok	:broadcast	58
2024-11-07 08:32:45,127{GMT}	INFO	[jepsen worker 0] jepsen.util: 0	:invoke	:read	nil
2024-11-07 08:32:45,130{GMT}	INFO	[jepsen worker 0] jepsen.util: 0	:ok	:read	[0 1 2 3 4 5 6 7 8 9 10 11 12 13 14 15 16 17 18 19 20 21 22 23 24 25 26 27 28 29 30 31 32 33 34 35 36 37 38 39 40 41 42 43 44 45 46 47 48 49 50 51 52 53 54 55 56 57 58]
2024-11-07 08:32:45,251{GMT}	INFO	[jepsen worker 0] jepsen.util: 0	:invoke	:broadcast	59
2024-11-07 08:32:45,254{GMT}	INFO	[jepsen worker 0] jepsen.util: 0	:ok	:broadcast	59
2024-11-07 08:32:45,311{GMT}	INFO	[jepsen worker 0] jepsen.util: 0	:invoke	:read	nil
2024-11-07 08:32:45,314{GMT}	INFO	[jepsen worker 0] jepsen.util: 0	:ok	:read	[0 1 2 3 4 5 6 7 8 9 10 11 12 13 14 15 16 17 18 19 20 21 22 23 24 25 26 27 28 29 30 31 32 33 34 35 36 37 38 39 40 41 42 43 44 45 46 47 48 49 50 51 52 53 54 55 56 57 58 59]
2024-11-07 08:32:45,361{GMT}	INFO	[jepsen worker 0] jepsen.util: 0	:invoke	:broadcast	60
2024-11-07 08:32:45,362{GMT}	INFO	[jepsen worker 0] jepsen.util: 0	:ok	:broadcast	60
2024-11-07 08:32:45,369{GMT}	INFO	[jepsen worker 0] jepsen.util: 0	:invoke	:broadcast	61
2024-11-07 08:32:45,370{GMT}	INFO	[jepsen worker 0] jepsen.util: 0	:ok	:broadcast	61
2024-11-07 08:32:45,548{GMT}	INFO	[jepsen worker 0] jepsen.util: 0	:invoke	:read	nil
2024-11-07 08:32:45,552{GMT}	INFO	[jepsen worker 0] jepsen.util: 0	:ok	:read	[0 1 2 3 4 5 6 7 8 9 10 11 12 13 14 15 16 17 18 19 20 21 22 23 24 25 26 27 28 29 30 31 32 33 34 35 36 37 38 39 40 41 42 43 44 45 46 47 48 49 50 51 52 53 54 55 56 57 58 59 60 61]
2024-11-07 08:32:45,726{GMT}	INFO	[jepsen worker 0] jepsen.util: 0	:invoke	:broadcast	62
2024-11-07 08:32:45,729{GMT}	INFO	[jepsen worker 0] jepsen.util: 0	:ok	:broadcast	62
2024-11-07 08:32:45,756{GMT}	INFO	[jepsen worker 0] jepsen.util: 0	:invoke	:read	nil
2024-11-07 08:32:45,759{GMT}	INFO	[jepsen worker 0] jepsen.util: 0	:ok	:read	[0 1 2 3 4 5 6 7 8 9 10 11 12 13 14 15 16 17 18 19 20 21 22 23 24 25 26 27 28 29 30 31 32 33 34 35 36 37 38 39 40 41 42 43 44 45 46 47 48 49 50 51 52 53 54 55 56 57 58 59 60 61 62]
2024-11-07 08:32:45,774{GMT}	INFO	[jepsen worker 0] jepsen.util: 0	:invoke	:broadcast	63
2024-11-07 08:32:45,777{GMT}	INFO	[jepsen worker 0] jepsen.util: 0	:ok	:broadcast	63
2024-11-07 08:32:45,934{GMT}	INFO	[jepsen worker 0] jepsen.util: 0	:invoke	:broadcast	64
2024-11-07 08:32:45,937{GMT}	INFO	[jepsen worker 0] jepsen.util: 0	:ok	:broadcast	64
2024-11-07 08:32:46,111{GMT}	INFO	[jepsen worker 0] jepsen.util: 0	:invoke	:broadcast	65
2024-11-07 08:32:46,113{GMT}	INFO	[jepsen worker 0] jepsen.util: 0	:ok	:broadcast	65
2024-11-07 08:32:46,149{GMT}	INFO	[jepsen worker 0] jepsen.util: 0	:invoke	:broadcast	66
2024-11-07 08:32:46,151{GMT}	INFO	[jepsen worker 0] jepsen.util: 0	:ok	:broadcast	66
2024-11-07 08:32:46,153{GMT}	INFO	[jepsen worker 0] jepsen.util: 0	:invoke	:read	nil
2024-11-07 08:32:46,156{GMT}	INFO	[jepsen worker 0] jepsen.util: 0	:ok	:read	[0 1 2 3 4 5 6 7 8 9 10 11 12 13 14 15 16 17 18 19 20 21 22 23 24 25 26 27 28 29 30 31 32 33 34 35 36 37 38 39 40 41 42 43 44 45 46 47 48 49 50 51 52 53 54 55 56 57 58 59 60 61 62 63 64 65 66]
2024-11-07 08:32:46,314{GMT}	INFO	[jepsen worker 0] jepsen.util: 0	:invoke	:read	nil
2024-11-07 08:32:46,318{GMT}	INFO	[jepsen worker 0] jepsen.util: 0	:ok	:read	[0 1 2 3 4 5 6 7 8 9 10 11 12 13 14 15 16 17 18 19 20 21 22 23 24 25 26 27 28 29 30 31 32 33 34 35 36 37 38 39 40 41 42 43 44 45 46 47 48 49 50 51 52 53 54 55 56 57 58 59 60 61 62 63 64 65 66]
2024-11-07 08:32:46,353{GMT}	INFO	[jepsen worker 0] jepsen.util: 0	:invoke	:read	nil
2024-11-07 08:32:46,357{GMT}	INFO	[jepsen worker 0] jepsen.util: 0	:ok	:read	[0 1 2 3 4 5 6 7 8 9 10 11 12 13 14 15 16 17 18 19 20 21 22 23 24 25 26 27 28 29 30 31 32 33 34 35 36 37 38 39 40 41 42 43 44 45 46 47 48 49 50 51 52 53 54 55 56 57 58 59 60 61 62 63 64 65 66]
2024-11-07 08:32:46,370{GMT}	INFO	[jepsen worker 0] jepsen.util: 0	:invoke	:broadcast	67
2024-11-07 08:32:46,373{GMT}	INFO	[jepsen worker 0] jepsen.util: 0	:ok	:broadcast	67
2024-11-07 08:32:46,559{GMT}	INFO	[jepsen worker 0] jepsen.util: 0	:invoke	:broadcast	68
2024-11-07 08:32:46,562{GMT}	INFO	[jepsen worker 0] jepsen.util: 0	:ok	:broadcast	68
2024-11-07 08:32:46,692{GMT}	INFO	[jepsen worker 0] jepsen.util: 0	:invoke	:read	nil
2024-11-07 08:32:46,695{GMT}	INFO	[jepsen worker 0] jepsen.util: 0	:ok	:read	[0 1 2 3 4 5 6 7 8 9 10 11 12 13 14 15 16 17 18 19 20 21 22 23 24 25 26 27 28 29 30 31 32 33 34 35 36 37 38 39 40 41 42 43 44 45 46 47 48 49 50 51 52 53 54 55 56 57 58 59 60 61 62 63 64 65 66 67 68]
2024-11-07 08:32:46,859{GMT}	INFO	[jepsen worker 0] jepsen.util: 0	:invoke	:read	nil
2024-11-07 08:32:46,862{GMT}	INFO	[jepsen worker 0] jepsen.util: 0	:ok	:read	[0 1 2 3 4 5 6 7 8 9 10 11 12 13 14 15 16 17 18 19 20 21 22 23 24 25 26 27 28 29 30 31 32 33 34 35 36 37 38 39 40 41 42 43 44 45 46 47 48 49 50 51 52 53 54 55 56 57 58 59 60 61 62 63 64 65 66 67 68]
2024-11-07 08:32:46,910{GMT}	INFO	[jepsen worker 0] jepsen.util: 0	:invoke	:broadcast	69
2024-11-07 08:32:46,911{GMT}	INFO	[jepsen worker 0] jepsen.util: 0	:ok	:broadcast	69
2024-11-07 08:32:47,012{GMT}	INFO	[jepsen worker 0] jepsen.util: 0	:invoke	:read	nil
2024-11-07 08:32:47,014{GMT}	INFO	[jepsen worker 0] jepsen.util: 0	:ok	:read	[0 1 2 3 4 5 6 7 8 9 10 11 12 13 14 15 16 17 18 19 20 21 22 23 24 25 26 27 28 29 30 31 32 33 34 35 36 37 38 39 40 41 42 43 44 45 46 47 48 49 50 51 52 53 54 55 56 57 58 59 60 61 62 63 64 65 66 67 68 69]
2024-11-07 08:32:47,105{GMT}	INFO	[jepsen worker 0] jepsen.util: 0	:invoke	:broadcast	70
2024-11-07 08:32:47,108{GMT}	INFO	[jepsen worker 0] jepsen.util: 0	:ok	:broadcast	70
2024-11-07 08:32:47,294{GMT}	INFO	[jepsen worker 0] jepsen.util: 0	:invoke	:read	nil
2024-11-07 08:32:47,297{GMT}	INFO	[jepsen worker 0] jepsen.util: 0	:ok	:read	[0 1 2 3 4 5 6 7 8 9 10 11 12 13 14 15 16 17 18 19 20 21 22 23 24 25 26 27 28 29 30 31 32 33 34 35 36 37 38 39 40 41 42 43 44 45 46 47 48 49 50 51 52 53 54 55 56 57 58 59 60 61 62 63 64 65 66 67 68 69 70]
2024-11-07 08:32:47,409{GMT}	INFO	[jepsen worker 0] jepsen.util: 0	:invoke	:read	nil
2024-11-07 08:32:47,412{GMT}	INFO	[jepsen worker 0] jepsen.util: 0	:ok	:read	[0 1 2 3 4 5 6 7 8 9 10 11 12 13 14 15 16 17 18 19 20 21 22 23 24 25 26 27 28 29 30 31 32 33 34 35 36 37 38 39 40 41 42 43 44 45 46 47 48 49 50 51 52 53 54 55 56 57 58 59 60 61 62 63 64 65 66 67 68 69 70]
2024-11-07 08:32:47,473{GMT}	INFO	[jepsen worker 0] jepsen.util: 0	:invoke	:broadcast	71
2024-11-07 08:32:47,476{GMT}	INFO	[jepsen worker 0] jepsen.util: 0	:ok	:broadcast	71
2024-11-07 08:32:47,584{GMT}	INFO	[jepsen worker 0] jepsen.util: 0	:invoke	:read	nil
2024-11-07 08:32:47,586{GMT}	INFO	[jepsen worker 0] jepsen.util: 0	:ok	:read	[0 1 2 3 4 5 6 7 8 9 10 11 12 13 14 15 16 17 18 19 20 21 22 23 24 25 26 27 28 29 30 31 32 33 34 35 36 37 38 39 40 41 42 43 44 45 46 47 48 49 50 51 52 53 54 55 56 57 58 59 60 61 62 63 64 65 66 67 68 69 70 71]
2024-11-07 08:32:47,718{GMT}	INFO	[jepsen worker 0] jepsen.util: 0	:invoke	:broadcast	72
2024-11-07 08:32:47,720{GMT}	INFO	[jepsen worker 0] jepsen.util: 0	:ok	:broadcast	72
2024-11-07 08:32:47,822{GMT}	INFO	[jepsen worker 0] jepsen.util: 0	:invoke	:broadcast	73
2024-11-07 08:32:47,825{GMT}	INFO	[jepsen worker 0] jepsen.util: 0	:ok	:broadcast	73
2024-11-07 08:32:47,881{GMT}	INFO	[jepsen worker 0] jepsen.util: 0	:invoke	:read	nil
2024-11-07 08:32:47,884{GMT}	INFO	[jepsen worker 0] jepsen.util: 0	:ok	:read	[0 1 2 3 4 5 6 7 8 9 10 11 12 13 14 15 16 17 18 19 20 21 22 23 24 25 26 27 28 29 30 31 32 33 34 35 36 37 38 39 40 41 42 43 44 45 46 47 48 49 50 51 52 53 54 55 56 57 58 59 60 61 62 63 64 65 66 67 68 69 70 71 72 73]
2024-11-07 08:32:47,954{GMT}	INFO	[jepsen worker 0] jepsen.util: 0	:invoke	:read	nil
2024-11-07 08:32:47,957{GMT}	INFO	[jepsen worker 0] jepsen.util: 0	:ok	:read	[0 1 2 3 4 5 6 7 8 9 10 11 12 13 14 15 16 17 18 19 20 21 22 23 24 25 26 27 28 29 30 31 32 33 34 35 36 37 38 39 40 41 42 43 44 45 46 47 48 49 50 51 52 53 54 55 56 57 58 59 60 61 62 63 64 65 66 67 68 69 70 71 72 73]
2024-11-07 08:32:48,068{GMT}	INFO	[jepsen worker 0] jepsen.util: 0	:invoke	:read	nil
2024-11-07 08:32:48,072{GMT}	INFO	[jepsen worker 0] jepsen.util: 0	:ok	:read	[0 1 2 3 4 5 6 7 8 9 10 11 12 13 14 15 16 17 18 19 20 21 22 23 24 25 26 27 28 29 30 31 32 33 34 35 36 37 38 39 40 41 42 43 44 45 46 47 48 49 50 51 52 53 54 55 56 57 58 59 60 61 62 63 64 65 66 67 68 69 70 71 72 73]
2024-11-07 08:32:48,146{GMT}	INFO	[jepsen worker 0] jepsen.util: 0	:invoke	:broadcast	74
2024-11-07 08:32:48,148{GMT}	INFO	[jepsen worker 0] jepsen.util: 0	:ok	:broadcast	74
2024-11-07 08:32:48,185{GMT}	INFO	[jepsen worker 0] jepsen.util: 0	:invoke	:broadcast	75
2024-11-07 08:32:48,188{GMT}	INFO	[jepsen worker 0] jepsen.util: 0	:ok	:broadcast	75
2024-11-07 08:32:48,349{GMT}	INFO	[jepsen worker 0] jepsen.util: 0	:invoke	:read	nil
2024-11-07 08:32:48,352{GMT}	INFO	[jepsen worker 0] jepsen.util: 0	:ok	:read	[0 1 2 3 4 5 6 7 8 9 10 11 12 13 14 15 16 17 18 19 20 21 22 23 24 25 26 27 28 29 30 31 32 33 34 35 36 37 38 39 40 41 42 43 44 45 46 47 48 49 50 51 52 53 54 55 56 57 58 59 60 61 62 63 64 65 66 67 68 69 70 71 72 73 74 75]
2024-11-07 08:32:48,521{GMT}	INFO	[jepsen worker 0] jepsen.util: 0	:invoke	:broadcast	76
2024-11-07 08:32:48,524{GMT}	INFO	[jepsen worker 0] jepsen.util: 0	:ok	:broadcast	76
2024-11-07 08:32:48,609{GMT}	INFO	[jepsen worker 0] jepsen.util: 0	:invoke	:broadcast	77
2024-11-07 08:32:48,611{GMT}	INFO	[jepsen worker 0] jepsen.util: 0	:ok	:broadcast	77
2024-11-07 08:32:48,745{GMT}	INFO	[jepsen worker 0] jepsen.util: 0	:invoke	:broadcast	78
2024-11-07 08:32:48,748{GMT}	INFO	[jepsen worker 0] jepsen.util: 0	:ok	:broadcast	78
2024-11-07 08:32:48,767{GMT}	INFO	[jepsen worker 0] jepsen.util: 0	:invoke	:broadcast	79
2024-11-07 08:32:48,770{GMT}	INFO	[jepsen worker 0] jepsen.util: 0	:ok	:broadcast	79
2024-11-07 08:32:48,776{GMT}	INFO	[jepsen worker 0] jepsen.util: 0	:invoke	:broadcast	80
2024-11-07 08:32:48,779{GMT}	INFO	[jepsen worker 0] jepsen.util: 0	:ok	:broadcast	80
2024-11-07 08:32:48,938{GMT}	INFO	[jepsen worker 0] jepsen.util: 0	:invoke	:read	nil
2024-11-07 08:32:48,941{GMT}	INFO	[jepsen worker 0] jepsen.util: 0	:ok	:read	[0 1 2 3 4 5 6 7 8 9 10 11 12 13 14 15 16 17 18 19 20 21 22 23 24 25 26 27 28 29 30 31 32 33 34 35 36 37 38 39 40 41 42 43 44 45 46 47 48 49 50 51 52 53 54 55 56 57 58 59 60 61 62 63 64 65 66 67 68 69 70 71 72 73 74 75 76 77 78 79 80]
2024-11-07 08:32:49,005{GMT}	INFO	[jepsen worker 0] jepsen.util: 0	:invoke	:read	nil
2024-11-07 08:32:49,007{GMT}	INFO	[jepsen worker 0] jepsen.util: 0	:ok	:read	[0 1 2 3 4 5 6 7 8 9 10 11 12 13 14 15 16 17 18 19 20 21 22 23 24 25 26 27 28 29 30 31 32 33 34 35 36 37 38 39 40 41 42 43 44 45 46 47 48 49 50 51 52 53 54 55 56 57 58 59 60 61 62 63 64 65 66 67 68 69 70 71 72 73 74 75 76 77 78 79 80]
2024-11-07 08:32:49,198{GMT}	INFO	[jepsen worker 0] jepsen.util: 0	:invoke	:read	nil
2024-11-07 08:32:49,202{GMT}	INFO	[jepsen worker 0] jepsen.util: 0	:ok	:read	[0 1 2 3 4 5 6 7 8 9 10 11 12 13 14 15 16 17 18 19 20 21 22 23 24 25 26 27 28 29 30 31 32 33 34 35 36 37 38 39 40 41 42 43 44 45 46 47 48 49 50 51 52 53 54 55 56 57 58 59 60 61 62 63 64 65 66 67 68 69 70 71 72 73 74 75 76 77 78 79 80]
2024-11-07 08:32:49,204{GMT}	INFO	[jepsen worker 0] jepsen.util: 0	:invoke	:broadcast	81
2024-11-07 08:32:49,206{GMT}	INFO	[jepsen worker 0] jepsen.util: 0	:ok	:broadcast	81
2024-11-07 08:32:49,267{GMT}	INFO	[jepsen worker 0] jepsen.util: 0	:invoke	:read	nil
2024-11-07 08:32:49,270{GMT}	INFO	[jepsen worker 0] jepsen.util: 0	:ok	:read	[0 1 2 3 4 5 6 7 8 9 10 11 12 13 14 15 16 17 18 19 20 21 22 23 24 25 26 27 28 29 30 31 32 33 34 35 36 37 38 39 40 41 42 43 44 45 46 47 48 49 50 51 52 53 54 55 56 57 58 59 60 61 62 63 64 65 66 67 68 69 70 71 72 73 74 75 76 77 78 79 80 81]
2024-11-07 08:32:49,374{GMT}	INFO	[jepsen worker 0] jepsen.util: 0	:invoke	:broadcast	82
2024-11-07 08:32:49,377{GMT}	INFO	[jepsen worker 0] jepsen.util: 0	:ok	:broadcast	82
2024-11-07 08:32:49,451{GMT}	INFO	[jepsen worker 0] jepsen.util: 0	:invoke	:read	nil
2024-11-07 08:32:49,454{GMT}	INFO	[jepsen worker 0] jepsen.util: 0	:ok	:read	[0 1 2 3 4 5 6 7 8 9 10 11 12 13 14 15 16 17 18 19 20 21 22 23 24 25 26 27 28 29 30 31 32 33 34 35 36 37 38 39 40 41 42 43 44 45 46 47 48 49 50 51 52 53 54 55 56 57 58 59 60 61 62 63 64 65 66 67 68 69 70 71 72 73 74 75 76 77 78 79 80 81 82]
2024-11-07 08:32:49,584{GMT}	INFO	[jepsen worker 0] jepsen.util: 0	:invoke	:broadcast	83
2024-11-07 08:32:49,588{GMT}	INFO	[jepsen worker 0] jepsen.util: 0	:ok	:broadcast	83
2024-11-07 08:32:49,771{GMT}	INFO	[jepsen worker 0] jepsen.util: 0	:invoke	:read	nil
2024-11-07 08:32:49,774{GMT}	INFO	[jepsen worker 0] jepsen.util: 0	:ok	:read	[0 1 2 3 4 5 6 7 8 9 10 11 12 13 14 15 16 17 18 19 20 21 22 23 24 25 26 27 28 29 30 31 32 33 34 35 36 37 38 39 40 41 42 43 44 45 46 47 48 49 50 51 52 53 54 55 56 57 58 59 60 61 62 63 64 65 66 67 68 69 70 71 72 73 74 75 76 77 78 79 80 81 82 83]
2024-11-07 08:32:49,790{GMT}	INFO	[jepsen worker 0] jepsen.util: 0	:invoke	:read	nil
2024-11-07 08:32:49,793{GMT}	INFO	[jepsen worker 0] jepsen.util: 0	:ok	:read	[0 1 2 3 4 5 6 7 8 9 10 11 12 13 14 15 16 17 18 19 20 21 22 23 24 25 26 27 28 29 30 31 32 33 34 35 36 37 38 39 40 41 42 43 44 45 46 47 48 49 50 51 52 53 54 55 56 57 58 59 60 61 62 63 64 65 66 67 68 69 70 71 72 73 74 75 76 77 78 79 80 81 82 83]
2024-11-07 08:32:49,968{GMT}	INFO	[jepsen worker 0] jepsen.util: 0	:invoke	:broadcast	84
2024-11-07 08:32:49,970{GMT}	INFO	[jepsen worker 0] jepsen.util: 0	:ok	:broadcast	84
2024-11-07 08:32:50,112{GMT}	INFO	[jepsen worker 0] jepsen.util: 0	:invoke	:read	nil
2024-11-07 08:32:50,115{GMT}	INFO	[jepsen worker 0] jepsen.util: 0	:ok	:read	[0 1 2 3 4 5 6 7 8 9 10 11 12 13 14 15 16 17 18 19 20 21 22 23 24 25 26 27 28 29 30 31 32 33 34 35 36 37 38 39 40 41 42 43 44 45 46 47 48 49 50 51 52 53 54 55 56 57 58 59 60 61 62 63 64 65 66 67 68 69 70 71 72 73 74 75 76 77 78 79 80 81 82 83 84]
2024-11-07 08:32:50,289{GMT}	INFO	[jepsen worker 0] jepsen.util: 0	:invoke	:read	nil
2024-11-07 08:32:50,292{GMT}	INFO	[jepsen worker 0] jepsen.util: 0	:ok	:read	[0 1 2 3 4 5 6 7 8 9 10 11 12 13 14 15 16 17 18 19 20 21 22 23 24 25 26 27 28 29 30 31 32 33 34 35 36 37 38 39 40 41 42 43 44 45 46 47 48 49 50 51 52 53 54 55 56 57 58 59 60 61 62 63 64 65 66 67 68 69 70 71 72 73 74 75 76 77 78 79 80 81 82 83 84]
2024-11-07 08:32:50,455{GMT}	INFO	[jepsen worker 0] jepsen.util: 0	:invoke	:broadcast	85
2024-11-07 08:32:50,457{GMT}	INFO	[jepsen worker 0] jepsen.util: 0	:ok	:broadcast	85
2024-11-07 08:32:50,528{GMT}	INFO	[jepsen worker 0] jepsen.util: 0	:invoke	:broadcast	86
2024-11-07 08:32:50,530{GMT}	INFO	[jepsen worker 0] jepsen.util: 0	:ok	:broadcast	86
2024-11-07 08:32:50,684{GMT}	INFO	[jepsen worker 0] jepsen.util: 0	:invoke	:read	nil
2024-11-07 08:32:50,687{GMT}	INFO	[jepsen worker 0] jepsen.util: 0	:ok	:read	[0 1 2 3 4 5 6 7 8 9 10 11 12 13 14 15 16 17 18 19 20 21 22 23 24 25 26 27 28 29 30 31 32 33 34 35 36 37 38 39 40 41 42 43 44 45 46 47 48 49 50 51 52 53 54 55 56 57 58 59 60 61 62 63 64 65 66 67 68 69 70 71 72 73 74 75 76 77 78 79 80 81 82 83 84 85 86]
2024-11-07 08:32:50,734{GMT}	INFO	[jepsen worker 0] jepsen.util: 0	:invoke	:broadcast	87
2024-11-07 08:32:50,737{GMT}	INFO	[jepsen worker 0] jepsen.util: 0	:ok	:broadcast	87
2024-11-07 08:32:50,738{GMT}	INFO	[jepsen worker nemesis] jepsen.generator.interpreter: Waiting for recovery...
2024-11-07 08:33:00,745{GMT}	INFO	[jepsen worker 0] jepsen.util: 0	:invoke	:read	nil
2024-11-07 08:33:00,747{GMT}	INFO	[jepsen worker 0] jepsen.util: 0	:ok	:read	[0 1 2 3 4 5 6 7 8 9 10 11 12 13 14 15 16 17 18 19 20 21 22 23 24 25 26 27 28 29 30 31 32 33 34 35 36 37 38 39 40 41 42 43 44 45 46 47 48 49 50 51 52 53 54 55 56 57 58 59 60 61 62 63 64 65 66 67 68 69 70 71 72 73 74 75 76 77 78 79 80 81 82 83 84 85 86 87]
2024-11-07 08:33:00,771{GMT}	INFO	[jepsen test runner] jepsen.core: Run complete, writing
2024-11-07 08:33:00,829{GMT}	INFO	[jepsen node n0] maelstrom.db: Tearing down n0
2024-11-07 08:33:01,850{GMT}	INFO	[jepsen node n0] maelstrom.net: Shutting down Maelstrom network
2024-11-07 08:33:01,850{GMT}	INFO	[jepsen test runner] jepsen.core: Analyzing...
2024-11-07 08:33:02,118{GMT}	INFO	[jepsen test runner] jepsen.core: Analysis complete
2024-11-07 08:33:02,130{GMT}	INFO	[jepsen results] jepsen.store: Wrote /home/Suchitra/Desktop/flyio/maelstrom/store/broadcast/20241107T083229.800+0530/results.edn
2024-11-07 08:33:02,140{GMT}	INFO	[jepsen test runner] jepsen.core: {:perf {:latency-graph {:valid? true},
        :rate-graph {:valid? true},
        :valid? true},
 :timeline {:valid? true},
 :exceptions {:valid? true},
 :stats {:valid? true,
         :count 200,
         :ok-count 200,
         :fail-count 0,
         :info-count 0,
         :by-f {:broadcast {:valid? true,
                            :count 88,
                            :ok-count 88,
                            :fail-count 0,
                            :info-count 0},
                :read {:valid? true,
                       :count 112,
                       :ok-count 112,
                       :fail-count 0,
                       :info-count 0}}},
 :availability {:valid? true, :ok-fraction 1.0},
 :net {:all {:send-count 404,
             :recv-count 404,
             :msg-count 404,
             :msgs-per-op 2.02},
       :clients {:send-count 404, :recv-count 404, :msg-count 404},
       :servers {:send-count 0,
                 :recv-count 0,
                 :msg-count 0,
                 :msgs-per-op 0.0},
       :valid? true},
 :workload {:worst-stale (),
            :duplicated-count 0,
            :valid? true,
            :lost-count 0,
            :lost (),
            :stable-count 88,
            :stale-count 0,
            :stale (),
            :never-read-count 0,
            :stable-latencies {0 0, 0.5 0, 0.95 0, 0.99 0, 1 0},
            :attempt-count 88,
            :never-read (),
            :duplicated {}},
 :valid? true}


Everything looks good! (`)
