2024/11/07 17:20:15 Received {c4 n0 {"type":"init","node_id":"n0","node_ids":["n0","n1","n2","n3","n4"],"msg_id":1}}
2024/11/07 17:20:15 Node n0 initialized
2024/11/07 17:20:15 Sent {"src":"n0","dest":"c4","body":{"in_reply_to":1,"type":"init_ok"}}
2024/11/07 17:20:15 Received {c7 n0 {"type":"topology","topology":{"n0":["n3","n1"],"n1":["n4","n2","n0"],"n2":["n1"],"n3":["n0","n4"],"n4":["n1","n3"]},"msg_id":1}}
2024/11/07 17:20:15 Sent {"src":"n0","dest":"c7","body":{"in_reply_to":1,"type":"topology_ok"}}
2024/11/07 17:20:15 Received {c10 n0 {"type":"read","msg_id":1}}
2024/11/07 17:20:15 Sent {"src":"n0","dest":"c10","body":{"in_reply_to":1,"messages":[],"type":"read_ok"}}
2024/11/07 17:20:15 Received {n2 n0 {"message":0,"msg_id":1,"type":"broadcast"}}
2024/11/07 17:20:15 Sent {"src":"n0","dest":"n2","body":{"in_reply_to":1,"type":"broadcast_ok"}}
2024/11/07 17:20:15 Sent {"src":"n0","dest":"n1","body":{"message":0,"msg_id":1,"type":"broadcast"}}
2024/11/07 17:20:15 Sent {"src":"n0","dest":"n4","body":{"message":0,"msg_id":1,"type":"broadcast"}}
2024/11/07 17:20:15 Sent {"src":"n0","dest":"n0","body":{"message":0,"msg_id":1,"type":"broadcast"}}
2024/11/07 17:20:15 Sent {"src":"n0","dest":"n3","body":{"message":0,"msg_id":1,"type":"broadcast"}}
2024/11/07 17:20:15 Received {n4 n0 {"message":0,"msg_id":1,"type":"broadcast"}}
2024/11/07 17:20:15 Received {n0 n0 {"message":0,"msg_id":1,"type":"broadcast"}}
2024/11/07 17:20:15 Received {n1 n0 {"message":0,"msg_id":1,"type":"broadcast"}}
2024/11/07 17:20:15 Received {n3 n0 {"message":0,"msg_id":1,"type":"broadcast"}}
2024/11/07 17:20:15 Received {n3 n0 {"message":1,"msg_id":1,"type":"broadcast"}}
2024/11/07 17:20:15 Sent {"src":"n0","dest":"n3","body":{"in_reply_to":1,"type":"broadcast_ok"}}
2024/11/07 17:20:15 Sent {"src":"n0","dest":"n1","body":{"message":1,"msg_id":1,"type":"broadcast"}}
2024/11/07 17:20:15 Sent {"src":"n0","dest":"n4","body":{"message":1,"msg_id":1,"type":"broadcast"}}
2024/11/07 17:20:15 Sent {"src":"n0","dest":"n2","body":{"message":1,"msg_id":1,"type":"broadcast"}}
2024/11/07 17:20:15 Sent {"src":"n0","dest":"n0","body":{"message":1,"msg_id":1,"type":"broadcast"}}
2024/11/07 17:20:15 Received {n0 n0 {"message":1,"msg_id":1,"type":"broadcast"}}
2024/11/07 17:20:15 Received {n2 n0 {"message":1,"msg_id":1,"type":"broadcast"}}
2024/11/07 17:20:15 Received {n1 n0 {"message":1,"msg_id":1,"type":"broadcast"}}
2024/11/07 17:20:15 Received {n4 n0 {"message":1,"msg_id":1,"type":"broadcast"}}
2024/11/07 17:20:15 Received {n4 n0 {"message":2,"msg_id":1,"type":"broadcast"}}
2024/11/07 17:20:15 Sent {"src":"n0","dest":"n4","body":{"in_reply_to":1,"type":"broadcast_ok"}}
2024/11/07 17:20:15 Sent {"src":"n0","dest":"n3","body":{"message":2,"msg_id":1,"type":"broadcast"}}
2024/11/07 17:20:15 Sent {"src":"n0","dest":"n2","body":{"message":2,"msg_id":1,"type":"broadcast"}}
2024/11/07 17:20:15 Sent {"src":"n0","dest":"n0","body":{"message":2,"msg_id":1,"type":"broadcast"}}
2024/11/07 17:20:15 Sent {"src":"n0","dest":"n1","body":{"message":2,"msg_id":1,"type":"broadcast"}}
2024/11/07 17:20:15 Received {n1 n0 {"message":2,"msg_id":1,"type":"broadcast"}}
2024/11/07 17:20:15 Received {n3 n0 {"message":2,"msg_id":1,"type":"broadcast"}}
2024/11/07 17:20:15 Received {n0 n0 {"message":2,"msg_id":1,"type":"broadcast"}}
2024/11/07 17:20:15 Received {n2 n0 {"message":2,"msg_id":1,"type":"broadcast"}}
2024/11/07 17:20:15 Received {c10 n0 {"type":"read","msg_id":2}}
2024/11/07 17:20:15 Sent {"src":"n0","dest":"c10","body":{"in_reply_to":2,"messages":[0,1,2],"type":"read_ok"}}
2024/11/07 17:20:16 Received {c10 n0 {"type":"read","msg_id":3}}
2024/11/07 17:20:16 Sent {"src":"n0","dest":"c10","body":{"in_reply_to":3,"messages":[0,1,2],"type":"read_ok"}}
2024/11/07 17:20:16 Received {n4 n0 {"message":3,"msg_id":2,"type":"broadcast"}}
2024/11/07 17:20:16 Sent {"src":"n0","dest":"n4","body":{"in_reply_to":2,"type":"broadcast_ok"}}
2024/11/07 17:20:16 Sent {"src":"n0","dest":"n3","body":{"message":3,"msg_id":2,"type":"broadcast"}}
2024/11/07 17:20:16 Sent {"src":"n0","dest":"n0","body":{"message":3,"msg_id":2,"type":"broadcast"}}
2024/11/07 17:20:16 Sent {"src":"n0","dest":"n1","body":{"message":3,"msg_id":2,"type":"broadcast"}}
2024/11/07 17:20:16 Sent {"src":"n0","dest":"n2","body":{"message":3,"msg_id":2,"type":"broadcast"}}
2024/11/07 17:20:16 Received {n0 n0 {"message":3,"msg_id":2,"type":"broadcast"}}
2024/11/07 17:20:16 Received {n1 n0 {"message":3,"msg_id":2,"type":"broadcast"}}
2024/11/07 17:20:16 Received {n3 n0 {"message":3,"msg_id":2,"type":"broadcast"}}
2024/11/07 17:20:16 Received {n2 n0 {"message":3,"msg_id":2,"type":"broadcast"}}
2024/11/07 17:20:16 Received {c10 n0 {"type":"read","msg_id":4}}
2024/11/07 17:20:16 Sent {"src":"n0","dest":"c10","body":{"in_reply_to":4,"messages":[0,1,2,3],"type":"read_ok"}}
2024/11/07 17:20:16 Received {c10 n0 {"type":"broadcast","message":4,"msg_id":5}}
2024/11/07 17:20:16 Sent {"src":"n0","dest":"c10","body":{"in_reply_to":5,"type":"broadcast_ok"}}
2024/11/07 17:20:16 Sent {"src":"n0","dest":"n4","body":{"message":4,"msg_id":5,"type":"broadcast"}}
2024/11/07 17:20:16 Sent {"src":"n0","dest":"n1","body":{"message":4,"msg_id":5,"type":"broadcast"}}
2024/11/07 17:20:16 Sent {"src":"n0","dest":"n2","body":{"message":4,"msg_id":5,"type":"broadcast"}}
2024/11/07 17:20:16 Sent {"src":"n0","dest":"n3","body":{"message":4,"msg_id":5,"type":"broadcast"}}
2024/11/07 17:20:16 Sent {"src":"n0","dest":"n0","body":{"message":4,"msg_id":5,"type":"broadcast"}}
2024/11/07 17:20:16 Received {n0 n0 {"message":4,"msg_id":5,"type":"broadcast"}}
2024/11/07 17:20:16 Received {n4 n0 {"in_reply_to":5,"type":"broadcast_ok"}}
2024/11/07 17:20:16 Ignoring reply to 5 with no callback
2024/11/07 17:20:16 Received {n1 n0 {"in_reply_to":5,"type":"broadcast_ok"}}
2024/11/07 17:20:16 Ignoring reply to 5 with no callback
2024/11/07 17:20:16 Received {n2 n0 {"in_reply_to":5,"type":"broadcast_ok"}}
2024/11/07 17:20:16 Ignoring reply to 5 with no callback
2024/11/07 17:20:16 Received {n3 n0 {"in_reply_to":5,"type":"broadcast_ok"}}
2024/11/07 17:20:16 Ignoring reply to 5 with no callback
2024/11/07 17:20:17 Received {n1 n0 {"message":5,"msg_id":3,"type":"broadcast"}}
2024/11/07 17:20:17 Sent {"src":"n0","dest":"n1","body":{"in_reply_to":3,"type":"broadcast_ok"}}
2024/11/07 17:20:17 Sent {"src":"n0","dest":"n2","body":{"message":5,"msg_id":3,"type":"broadcast"}}
2024/11/07 17:20:17 Sent {"src":"n0","dest":"n4","body":{"message":5,"msg_id":3,"type":"broadcast"}}
2024/11/07 17:20:17 Sent {"src":"n0","dest":"n0","body":{"message":5,"msg_id":3,"type":"broadcast"}}
2024/11/07 17:20:17 Sent {"src":"n0","dest":"n3","body":{"message":5,"msg_id":3,"type":"broadcast"}}
2024/11/07 17:20:17 Received {n4 n0 {"message":5,"msg_id":3,"type":"broadcast"}}
2024/11/07 17:20:17 Received {n0 n0 {"message":5,"msg_id":3,"type":"broadcast"}}
2024/11/07 17:20:17 Received {n3 n0 {"message":5,"msg_id":3,"type":"broadcast"}}
2024/11/07 17:20:17 Received {n2 n0 {"message":5,"msg_id":3,"type":"broadcast"}}
2024/11/07 17:20:17 Received {n4 n0 {"message":6,"msg_id":3,"type":"broadcast"}}
2024/11/07 17:20:17 Sent {"src":"n0","dest":"n4","body":{"in_reply_to":3,"type":"broadcast_ok"}}
2024/11/07 17:20:17 Sent {"src":"n0","dest":"n3","body":{"message":6,"msg_id":3,"type":"broadcast"}}
2024/11/07 17:20:17 Sent {"src":"n0","dest":"n1","body":{"message":6,"msg_id":3,"type":"broadcast"}}
2024/11/07 17:20:17 Sent {"src":"n0","dest":"n0","body":{"message":6,"msg_id":3,"type":"broadcast"}}
2024/11/07 17:20:17 Sent {"src":"n0","dest":"n2","body":{"message":6,"msg_id":3,"type":"broadcast"}}
2024/11/07 17:20:17 Received {n0 n0 {"message":6,"msg_id":3,"type":"broadcast"}}
2024/11/07 17:20:17 Received {n2 n0 {"message":6,"msg_id":3,"type":"broadcast"}}
2024/11/07 17:20:17 Received {n1 n0 {"message":6,"msg_id":3,"type":"broadcast"}}
2024/11/07 17:20:17 Received {n3 n0 {"message":6,"msg_id":3,"type":"broadcast"}}
2024/11/07 17:20:17 Received {c10 n0 {"type":"read","msg_id":6}}
2024/11/07 17:20:17 Sent {"src":"n0","dest":"c10","body":{"in_reply_to":6,"messages":[1,2,3,4,5,6,0],"type":"read_ok"}}
2024/11/07 17:20:17 Received {c10 n0 {"type":"read","msg_id":7}}
2024/11/07 17:20:17 Sent {"src":"n0","dest":"c10","body":{"in_reply_to":7,"messages":[6,0,1,2,3,4,5],"type":"read_ok"}}
