2024-12-27 00:54:34,147{GMT}	INFO	[jepsen test runner] jepsen.core: Test version e215220be8e67f69e096936971d4b85062dfedd6 (plus uncommitted changes)
2024-12-27 00:54:34,147{GMT}	INFO	[jepsen test runner] jepsen.core: Command line:
lein run test -w broadcast --bin ./three/c/maelstrom-broadcast2 --node-count 5 --time-limit 20 --rate 10 --nemesis partition
2024-12-27 00:54:34,265{GMT}	INFO	[jepsen test runner] jepsen.core: Running test:
{:args []
 :remote
 #jepsen.control.retry.Remote{:remote #jepsen.control.scp.Remote{:cmd-remote #jepsen.control.sshj.SSHJRemote{:concurrency-limit 6,
                                                                                                             :conn-spec nil,
                                                                                                             :client nil,
                                                                                                             :semaphore nil},
                                                                 :conn-spec nil},
                              :conn nil}
 :log-net-send false
 :node-count 5
 :availability nil
 :max-txn-length 4
 :concurrency 5
 :db
 #object[maelstrom.db$db$reify__16142
         "0x473e0536"
         "maelstrom.db$db$reify__16142@473e0536"]
 :max-writes-per-key 16
 :leave-db-running? false
 :name "broadcast"
 :logging-json? false
 :start-time
 #object[org.joda.time.DateTime "0x4c02f50" "2024-12-27T00:54:34.124+05:30"]
 :nemesis-interval 10
 :net
 #object[maelstrom.net$jepsen_net$reify__15251
         "0x35852b6"
         "maelstrom.net$jepsen_net$reify__15251@35852b6"]
 :client
 #object[maelstrom.workload.broadcast$client$reify__16644
         "0x27d6ff8c"
         "maelstrom.workload.broadcast$client$reify__16644@27d6ff8c"]
 :barrier
 #object[java.util.concurrent.CyclicBarrier
         "0x105c253a"
         "java.util.concurrent.CyclicBarrier@105c253a"]
 :log-stderr false
 :pure-generators true
 :ssh {:dummy? true}
 :rate 10.0
 :checker
 #object[jepsen.checker$compose$reify__11881
         "0x156322ce"
         "jepsen.checker$compose$reify__11881@156322ce"]
 :argv
 ("test"
  "-w"
  "broadcast"
  "--bin"
  "./three/c/maelstrom-broadcast2"
  "--node-count"
  "5"
  "--time-limit"
  "20"
  "--rate"
  "10"
  "--nemesis"
  "partition")
 :nemesis
 (jepsen.nemesis.ReflCompose
  {:fm {:start-partition 0,
        :stop-partition 0,
        :kill 1,
        :start 1,
        :pause 1,
        :resume 1},
   :nemeses [#unprintable "jepsen.nemesis.combined$partition_nemesis$reify__16416@546f0f36"
             #unprintable "jepsen.nemesis.combined$db_nemesis$reify__16397@44d5a0a8"]})
 :nodes ["n0" "n1" "n2" "n3" "n4"]
 :test-count 1
 :latency {:mean 0, :dist :constant}
 :bin "./three/c/maelstrom-broadcast2"
 :generator
 ((jepsen.generator.Synchronize
   {:gen (jepsen.generator.TimeLimit
          {:limit 20000000000,
           :cutoff nil,
           :gen (jepsen.generator.Any
                 {:gens [(jepsen.generator.OnThreads
                          {:f #{:nemesis},
                           :context-filter #object[jepsen.generator.context$make_thread_filter$lazy_filter__9167
                                                   "0x1ad4ff2a"
                                                   "jepsen.generator.context$make_thread_filter$lazy_filter__9167@1ad4ff2a"],
                           :gen (jepsen.generator.Stagger
                                 {:dt 20000000000,
                                  :next-time nil,
                                  :gen (jepsen.generator.FlipFlop
                                        {:gens [#object[jepsen.nemesis.combined$partition_package$start__16420
                                                        "0x625ae6d"
                                                        "jepsen.nemesis.combined$partition_package$start__16420@625ae6d"]
                                                ({:type :info,
                                                  :f :stop-partition,
                                                  :value nil}
                                                 {:type :info,
                                                  :f :stop-partition,
                                                  :value nil}
                                                 {:type :info,
                                                  :f :stop-partition,
                                                  :value nil}
                                                 {:type :info,
                                                  :f :stop-partition,
                                                  :value nil}
                                                 {:type :info,
                                                  :f :stop-partition,
                                                  :value nil}
                                                 {:type :info,
                                                  :f :stop-partition,
                                                  :value nil}
                                                 {:type :info,
                                                  :f :stop-partition,
                                                  :value nil}
                                                 {:type :info,
                                                  :f :stop-partition,
                                                  :value nil}
                                                 ...)],
                                         :i 0})})})
                         (jepsen.generator.OnThreads
                          {:f #jepsen.generator.context.AllBut{:element :nemesis},
                           :context-filter #object[jepsen.generator.context$make_thread_filter$lazy_filter__9167
                                                   "0x5cdb7b"
                                                   "jepsen.generator.context$make_thread_filter$lazy_filter__9167@5cdb7b"],
                           :gen (jepsen.generator.Stagger
                                 {:dt 200000000,
                                  :next-time nil,
                                  :gen (jepsen.generator.Mix
                                        {:i 1,
                                         :gens [({:f :broadcast, :value 0}
                                                 {:f :broadcast, :value 1}
                                                 {:f :broadcast, :value 2}
                                                 {:f :broadcast, :value 3}
                                                 {:f :broadcast, :value 4}
                                                 {:f :broadcast, :value 5}
                                                 {:f :broadcast, :value 6}
                                                 {:f :broadcast, :value 7}
                                                 ...)
                                                ({:f :read}
                                                 {:f :read}
                                                 {:f :read}
                                                 {:f :read}
                                                 {:f :read}
                                                 {:f :read}
                                                 {:f :read}
                                                 {:f :read}
                                                 ...)]})})})]})})})
  (jepsen.generator.Synchronize
   {:gen (jepsen.generator.OnThreads
          {:f #{:nemesis},
           :context-filter #object[jepsen.generator.context$make_thread_filter$lazy_filter__9167
                                   "0x3dcc59f5"
                                   "jepsen.generator.context$make_thread_filter$lazy_filter__9167@3dcc59f5"],
           :gen ({:type :info, :f :stop-partition, :value nil})})})
  (jepsen.generator.Synchronize
   {:gen {:type :log, :value "Waiting for recovery..."}})
  (jepsen.generator.Synchronize {:gen {:type :sleep, :value 10}})
  (jepsen.generator.Synchronize
   {:gen (jepsen.generator.OnThreads
          {:f #jepsen.generator.context.AllBut{:element :nemesis},
           :context-filter #object[jepsen.generator.context$make_thread_filter$lazy_filter__9167
                                   "0x16b1dee7"
                                   "jepsen.generator.context$make_thread_filter$lazy_filter__9167@16b1dee7"],
           :gen (jepsen.generator.EachThread
                 {:fresh-gen {:f :read, :final? true},
                  :context-filters #object[clojure.core$promise$reify__8591
                                           "0x690337df"
                                           {:status :pending, :val nil}],
                  :gens {}})})}))
 :log-net-recv false
 :os
 #object[maelstrom.net$jepsen_os$reify__15254
         "0xf62ae87"
         "maelstrom.net$jepsen_os$reify__15254@f62ae87"]
 :time-limit 20
 :workload :broadcast
 :consistency-models [:strict-serializable]
 :topology :grid}

2024-12-27 00:54:35,198{GMT}	INFO	[jepsen node n0] maelstrom.net: Starting Maelstrom network
2024-12-27 00:54:35,199{GMT}	INFO	[jepsen test runner] jepsen.db: Tearing down DB
2024-12-27 00:54:35,201{GMT}	INFO	[jepsen test runner] jepsen.db: Setting up DB
2024-12-27 00:54:35,202{GMT}	INFO	[jepsen node n4] maelstrom.db: Setting up n4
2024-12-27 00:54:35,202{GMT}	INFO	[jepsen node n3] maelstrom.db: Setting up n3
2024-12-27 00:54:35,202{GMT}	INFO	[jepsen node n2] maelstrom.db: Setting up n2
2024-12-27 00:54:35,202{GMT}	INFO	[jepsen node n1] maelstrom.db: Setting up n1
2024-12-27 00:54:35,202{GMT}	INFO	[jepsen node n4] maelstrom.process: launching ./three/c/maelstrom-broadcast2 []
2024-12-27 00:54:35,202{GMT}	INFO	[jepsen node n2] maelstrom.process: launching ./three/c/maelstrom-broadcast2 []
2024-12-27 00:54:35,203{GMT}	INFO	[jepsen node n0] maelstrom.service: Starting services: (lin-kv lin-tso lww-kv seq-kv)
2024-12-27 00:54:35,202{GMT}	INFO	[jepsen node n3] maelstrom.process: launching ./three/c/maelstrom-broadcast2 []
2024-12-27 00:54:35,202{GMT}	INFO	[jepsen node n1] maelstrom.process: launching ./three/c/maelstrom-broadcast2 []
2024-12-27 00:54:35,204{GMT}	INFO	[jepsen node n0] maelstrom.db: Setting up n0
2024-12-27 00:54:35,204{GMT}	INFO	[jepsen node n0] maelstrom.process: launching ./three/c/maelstrom-broadcast2 []
2024-12-27 00:54:35,232{GMT}	INFO	[jepsen test runner] jepsen.core: Relative time begins now
2024-12-27 00:54:35,249{GMT}	INFO	[jepsen worker 1] jepsen.util: 1	:invoke	:read	nil
2024-12-27 00:54:35,249{GMT}	INFO	[jepsen worker nemesis] jepsen.util: :nemesis	:info	:start-partition	:one
2024-12-27 00:54:35,252{GMT}	INFO	[jepsen worker 1] jepsen.util: 1	:ok	:read	[]
2024-12-27 00:54:35,254{GMT}	INFO	[jepsen worker nemesis] jepsen.util: :nemesis	:info	:start-partition	[:isolated {"n1" #{"n2" "n4" "n0" "n3"}, "n2" #{"n1"}, "n4" #{"n1"}, "n0" #{"n1"}, "n3" #{"n1"}}]
2024-12-27 00:54:35,307{GMT}	INFO	[jepsen worker 2] jepsen.util: 2	:invoke	:broadcast	0
2024-12-27 00:54:35,310{GMT}	INFO	[jepsen worker 2] jepsen.util: 2	:ok	:broadcast	0
2024-12-27 00:54:35,330{GMT}	INFO	[jepsen worker 3] jepsen.util: 3	:invoke	:read	nil
2024-12-27 00:54:35,332{GMT}	INFO	[jepsen worker 3] jepsen.util: 3	:ok	:read	[]
2024-12-27 00:54:35,453{GMT}	INFO	[jepsen worker 4] jepsen.util: 4	:invoke	:read	nil
2024-12-27 00:54:35,457{GMT}	INFO	[jepsen worker 4] jepsen.util: 4	:ok	:read	[]
2024-12-27 00:54:35,591{GMT}	INFO	[jepsen worker 0] jepsen.util: 0	:invoke	:broadcast	1
2024-12-27 00:54:35,596{GMT}	INFO	[jepsen worker 0] jepsen.util: 0	:ok	:broadcast	1
2024-12-27 00:54:35,634{GMT}	INFO	[jepsen worker 0] jepsen.util: 0	:invoke	:read	nil
2024-12-27 00:54:35,636{GMT}	INFO	[jepsen worker 0] jepsen.util: 0	:ok	:read	[1]
2024-12-27 00:54:35,652{GMT}	INFO	[jepsen worker 1] jepsen.util: 1	:invoke	:read	nil
2024-12-27 00:54:35,655{GMT}	INFO	[jepsen worker 1] jepsen.util: 1	:ok	:read	[]
2024-12-27 00:54:35,722{GMT}	INFO	[jepsen worker 2] jepsen.util: 2	:invoke	:broadcast	2
2024-12-27 00:54:35,729{GMT}	INFO	[jepsen worker 2] jepsen.util: 2	:ok	:broadcast	2
2024-12-27 00:54:35,771{GMT}	INFO	[jepsen worker 3] jepsen.util: 3	:invoke	:broadcast	3
2024-12-27 00:54:35,776{GMT}	INFO	[jepsen worker 3] jepsen.util: 3	:ok	:broadcast	3
2024-12-27 00:54:35,809{GMT}	INFO	[jepsen worker 4] jepsen.util: 4	:invoke	:broadcast	4
2024-12-27 00:54:35,813{GMT}	INFO	[jepsen worker 4] jepsen.util: 4	:ok	:broadcast	4
2024-12-27 00:54:35,862{GMT}	INFO	[jepsen worker 0] jepsen.util: 0	:invoke	:broadcast	5
2024-12-27 00:54:35,866{GMT}	INFO	[jepsen worker 0] jepsen.util: 0	:ok	:broadcast	5
2024-12-27 00:54:35,895{GMT}	INFO	[jepsen worker 0] jepsen.util: 0	:invoke	:read	nil
2024-12-27 00:54:35,899{GMT}	INFO	[jepsen worker 0] jepsen.util: 0	:ok	:read	[5 1 3 4]
2024-12-27 00:54:36,005{GMT}	INFO	[jepsen worker 1] jepsen.util: 1	:invoke	:broadcast	6
2024-12-27 00:54:36,009{GMT}	INFO	[jepsen worker 1] jepsen.util: 1	:ok	:broadcast	6
2024-12-27 00:54:36,160{GMT}	INFO	[jepsen worker 2] jepsen.util: 2	:invoke	:broadcast	7
2024-12-27 00:54:36,162{GMT}	INFO	[jepsen worker 2] jepsen.util: 2	:ok	:broadcast	7
2024-12-27 00:54:36,243{GMT}	INFO	[jepsen worker 3] jepsen.util: 3	:invoke	:read	nil
2024-12-27 00:54:36,312{GMT}	INFO	[jepsen worker 4] jepsen.util: 4	:invoke	:read	nil
2024-12-27 00:54:36,502{GMT}	INFO	[jepsen worker 0] jepsen.util: 0	:invoke	:broadcast	8
2024-12-27 00:54:36,592{GMT}	INFO	[jepsen worker 1] jepsen.util: 1	:invoke	:broadcast	9
2024-12-27 00:54:36,594{GMT}	INFO	[jepsen worker 1] jepsen.util: 1	:ok	:broadcast	9
2024-12-27 00:54:36,628{GMT}	INFO	[jepsen worker 1] jepsen.util: 1	:invoke	:broadcast	10
2024-12-27 00:54:36,630{GMT}	INFO	[jepsen worker 1] jepsen.util: 1	:ok	:broadcast	10
2024-12-27 00:54:36,806{GMT}	INFO	[jepsen worker 2] jepsen.util: 2	:invoke	:read	nil
2024-12-27 00:54:36,808{GMT}	INFO	[jepsen worker 2] jepsen.util: 2	:ok	:read	[0 2 7]
2024-12-27 00:54:36,901{GMT}	INFO	[jepsen worker 1] jepsen.util: 1	:invoke	:broadcast	11
2024-12-27 00:54:36,903{GMT}	INFO	[jepsen worker 1] jepsen.util: 1	:ok	:broadcast	11
2024-12-27 00:54:37,050{GMT}	INFO	[jepsen worker 1] jepsen.util: 1	:invoke	:broadcast	12
2024-12-27 00:54:37,053{GMT}	INFO	[jepsen worker 1] jepsen.util: 1	:ok	:broadcast	12
2024-12-27 00:54:37,129{GMT}	INFO	[jepsen worker 1] jepsen.util: 1	:invoke	:broadcast	13
2024-12-27 00:54:37,131{GMT}	INFO	[jepsen worker 1] jepsen.util: 1	:ok	:broadcast	13
2024-12-27 00:54:37,188{GMT}	INFO	[jepsen worker 1] jepsen.util: 1	:invoke	:read	nil
2024-12-27 00:54:37,190{GMT}	INFO	[jepsen worker 1] jepsen.util: 1	:ok	:read	[11 12 13 6 9 10]
2024-12-27 00:54:37,202{GMT}	INFO	[jepsen worker 1] jepsen.util: 1	:invoke	:broadcast	14
2024-12-27 00:54:37,204{GMT}	INFO	[jepsen worker 1] jepsen.util: 1	:ok	:broadcast	14
2024-12-27 00:54:37,384{GMT}	INFO	[jepsen worker 2] jepsen.util: 2	:invoke	:read	nil
2024-12-27 00:54:37,391{GMT}	INFO	[jepsen worker 2] jepsen.util: 2	:ok	:read	[0 2 7]
2024-12-27 00:54:37,392{GMT}	INFO	[jepsen worker 1] jepsen.util: 1	:invoke	:read	nil
2024-12-27 00:54:37,414{GMT}	INFO	[jepsen worker 1] jepsen.util: 1	:ok	:read	[10 11 12 13 14 6 9]
2024-12-27 00:54:37,501{GMT}	INFO	[jepsen worker 1] jepsen.util: 1	:invoke	:read	nil
2024-12-27 00:54:37,503{GMT}	INFO	[jepsen worker 1] jepsen.util: 1	:ok	:read	[12 13 14 6 9 10 11]
2024-12-27 00:54:37,515{GMT}	INFO	[jepsen worker 1] jepsen.util: 1	:invoke	:broadcast	15
2024-12-27 00:54:37,517{GMT}	INFO	[jepsen worker 1] jepsen.util: 1	:ok	:broadcast	15
2024-12-27 00:54:37,547{GMT}	INFO	[jepsen worker 1] jepsen.util: 1	:invoke	:broadcast	16
2024-12-27 00:54:37,549{GMT}	INFO	[jepsen worker 1] jepsen.util: 1	:ok	:broadcast	16
2024-12-27 00:54:37,745{GMT}	INFO	[jepsen worker 1] jepsen.util: 1	:invoke	:read	nil
2024-12-27 00:54:37,747{GMT}	INFO	[jepsen worker 1] jepsen.util: 1	:ok	:read	[11 13 14 6 9 10 12 15 16]
2024-12-27 00:54:37,895{GMT}	INFO	[jepsen worker 2] jepsen.util: 2	:invoke	:read	nil
2024-12-27 00:54:37,896{GMT}	INFO	[jepsen worker 2] jepsen.util: 2	:ok	:read	[2 7 0]
2024-12-27 00:54:38,090{GMT}	INFO	[jepsen worker 1] jepsen.util: 1	:invoke	:read	nil
2024-12-27 00:54:38,092{GMT}	INFO	[jepsen worker 1] jepsen.util: 1	:ok	:read	[15 16 6 9 10 12 11 13 14]
2024-12-27 00:54:38,187{GMT}	INFO	[jepsen worker 1] jepsen.util: 1	:invoke	:broadcast	17
2024-12-27 00:54:38,189{GMT}	INFO	[jepsen worker 1] jepsen.util: 1	:ok	:broadcast	17
2024-12-27 00:54:38,369{GMT}	INFO	[jepsen worker 1] jepsen.util: 1	:invoke	:read	nil
2024-12-27 00:54:38,370{GMT}	INFO	[jepsen worker 1] jepsen.util: 1	:ok	:read	[6 9 10 12 15 16 17 11 13 14]
2024-12-27 00:54:38,409{GMT}	INFO	[jepsen worker 1] jepsen.util: 1	:invoke	:read	nil
2024-12-27 00:54:38,411{GMT}	INFO	[jepsen worker 1] jepsen.util: 1	:ok	:read	[14 11 13 10 12 15 16 17 6 9]
2024-12-27 00:54:38,535{GMT}	INFO	[jepsen worker 1] jepsen.util: 1	:invoke	:broadcast	18
2024-12-27 00:54:38,537{GMT}	INFO	[jepsen worker 1] jepsen.util: 1	:ok	:broadcast	18
2024-12-27 00:54:38,592{GMT}	INFO	[jepsen worker 2] jepsen.util: 2	:invoke	:broadcast	19
2024-12-27 00:54:38,594{GMT}	INFO	[jepsen worker 2] jepsen.util: 2	:ok	:broadcast	19
2024-12-27 00:54:38,761{GMT}	INFO	[jepsen worker 1] jepsen.util: 1	:invoke	:read	nil
2024-12-27 00:54:38,763{GMT}	INFO	[jepsen worker 1] jepsen.util: 1	:ok	:read	[18 6 9 10 12 15 16 17 11 13 14]
2024-12-27 00:54:38,849{GMT}	INFO	[jepsen worker 1] jepsen.util: 1	:invoke	:broadcast	20
2024-12-27 00:54:38,850{GMT}	INFO	[jepsen worker 1] jepsen.util: 1	:ok	:broadcast	20
2024-12-27 00:54:39,017{GMT}	INFO	[jepsen worker 1] jepsen.util: 1	:invoke	:read	nil
2024-12-27 00:54:39,018{GMT}	INFO	[jepsen worker 1] jepsen.util: 1	:ok	:read	[17 18 6 9 10 12 15 16 11 13 14 20]
2024-12-27 00:54:39,141{GMT}	INFO	[jepsen worker 1] jepsen.util: 1	:invoke	:read	nil
2024-12-27 00:54:39,142{GMT}	INFO	[jepsen worker 1] jepsen.util: 1	:ok	:read	[11 13 14 20 16 17 18 6 9 10 12 15]
2024-12-27 00:54:39,320{GMT}	INFO	[jepsen worker 1] jepsen.util: 1	:invoke	:read	nil
2024-12-27 00:54:39,322{GMT}	INFO	[jepsen worker 1] jepsen.util: 1	:ok	:read	[14 20 11 13 10 12 15 16 17 18 6 9]
2024-12-27 00:54:39,415{GMT}	INFO	[jepsen worker 2] jepsen.util: 2	:invoke	:read	nil
2024-12-27 00:54:39,417{GMT}	INFO	[jepsen worker 2] jepsen.util: 2	:ok	:read	[0 2 7 19]
2024-12-27 00:54:39,531{GMT}	INFO	[jepsen worker 1] jepsen.util: 1	:invoke	:broadcast	21
2024-12-27 00:54:39,532{GMT}	INFO	[jepsen worker 1] jepsen.util: 1	:ok	:broadcast	21
2024-12-27 00:54:39,723{GMT}	INFO	[jepsen worker 1] jepsen.util: 1	:invoke	:broadcast	22
2024-12-27 00:54:39,725{GMT}	INFO	[jepsen worker 1] jepsen.util: 1	:ok	:broadcast	22
2024-12-27 00:54:39,908{GMT}	INFO	[jepsen worker 1] jepsen.util: 1	:invoke	:read	nil
2024-12-27 00:54:39,910{GMT}	INFO	[jepsen worker 1] jepsen.util: 1	:ok	:read	[13 22 16 10 15 20 21 11 14 12 17 18 6 9]
2024-12-27 00:54:40,068{GMT}	INFO	[jepsen worker 1] jepsen.util: 1	:invoke	:broadcast	23
2024-12-27 00:54:40,070{GMT}	INFO	[jepsen worker 1] jepsen.util: 1	:ok	:broadcast	23
2024-12-27 00:54:40,167{GMT}	INFO	[jepsen worker 1] jepsen.util: 1	:invoke	:read	nil
2024-12-27 00:54:40,169{GMT}	INFO	[jepsen worker 1] jepsen.util: 1	:ok	:read	[10 15 16 11 14 20 21 18 23 6 9 12 17 13 22]
2024-12-27 00:54:40,204{GMT}	INFO	[jepsen worker 2] jepsen.util: 2	:invoke	:read	nil
2024-12-27 00:54:40,206{GMT}	INFO	[jepsen worker 2] jepsen.util: 2	:ok	:read	[2 7 19 0]
2024-12-27 00:54:40,330{GMT}	INFO	[jepsen worker 1] jepsen.util: 1	:invoke	:read	nil
2024-12-27 00:54:40,332{GMT}	INFO	[jepsen worker 1] jepsen.util: 1	:ok	:read	[10 15 16 21 11 14 20 17 18 23 6 9 12 13 22]
2024-12-27 00:54:40,493{GMT}	INFO	[jepsen worker 1] jepsen.util: 1	:invoke	:read	nil
2024-12-27 00:54:40,494{GMT}	INFO	[jepsen worker 1] jepsen.util: 1	:ok	:read	[9 12 17 18 23 6 22 13 15 16 10 14 20 21 11]
2024-12-27 00:54:40,606{GMT}	INFO	[jepsen worker 1] jepsen.util: 1	:invoke	:broadcast	24
2024-12-27 00:54:40,608{GMT}	INFO	[jepsen worker 1] jepsen.util: 1	:ok	:broadcast	24
2024-12-27 00:54:40,628{GMT}	INFO	[jepsen worker 1] jepsen.util: 1	:invoke	:broadcast	25
2024-12-27 00:54:40,630{GMT}	INFO	[jepsen worker 1] jepsen.util: 1	:ok	:broadcast	25
2024-12-27 00:54:40,715{GMT}	INFO	[jepsen worker 1] jepsen.util: 1	:invoke	:broadcast	26
2024-12-27 00:54:40,717{GMT}	INFO	[jepsen worker 1] jepsen.util: 1	:ok	:broadcast	26
2024-12-27 00:54:40,867{GMT}	INFO	[jepsen worker 2] jepsen.util: 2	:invoke	:broadcast	27
2024-12-27 00:54:40,868{GMT}	INFO	[jepsen worker 2] jepsen.util: 2	:ok	:broadcast	27
2024-12-27 00:54:40,987{GMT}	INFO	[jepsen worker 1] jepsen.util: 1	:invoke	:read	nil
2024-12-27 00:54:40,989{GMT}	INFO	[jepsen worker 1] jepsen.util: 1	:ok	:read	[10 15 16 24 25 11 14 20 21 26 6 9 12 17 18 23 13 22]
2024-12-27 00:54:41,089{GMT}	INFO	[jepsen worker 1] jepsen.util: 1	:invoke	:read	nil
2024-12-27 00:54:41,091{GMT}	INFO	[jepsen worker 1] jepsen.util: 1	:ok	:read	[26 11 14 20 21 18 23 6 9 12 17 13 22 25 10 15 16 24]
2024-12-27 00:54:41,231{GMT}	INFO	[jepsen worker 1] jepsen.util: 1	:invoke	:read	nil
2024-12-27 00:54:41,232{GMT}	INFO	[jepsen worker 1] jepsen.util: 1	:ok	:read	[10 15 16 24 25 11 14 20 21 26 6 9 12 17 18 23 13 22]
2024-12-27 00:54:41,242{GMT}	INFO	[jepsen worker 1] jepsen.util: 1	:invoke	:broadcast	28
2024-12-27 00:54:41,244{GMT}	INFO	[jepsen worker 1] jepsen.util: 1	:ok	:broadcast	28
2024-12-27 00:54:41,245{GMT}	INFO	[jepsen worker 3] jepsen.util: 3	:fail	:read	nil	:net-timeout
2024-12-27 00:54:41,253{GMT}	INFO	[jepsen worker 1] jepsen.util: 1	:invoke	:broadcast	29
2024-12-27 00:54:41,254{GMT}	INFO	[jepsen worker 1] jepsen.util: 1	:ok	:broadcast	29
2024-12-27 00:54:41,312{GMT}	INFO	[jepsen worker 4] jepsen.util: 4	:fail	:read	nil	:net-timeout
2024-12-27 00:54:41,338{GMT}	INFO	[jepsen worker 2] jepsen.util: 2	:invoke	:read	nil
2024-12-27 00:54:41,340{GMT}	INFO	[jepsen worker 2] jepsen.util: 2	:ok	:read	[7 19 27 0 2]
2024-12-27 00:54:41,340{GMT}	INFO	[jepsen worker 3] jepsen.util: 3	:invoke	:read	nil
2024-12-27 00:54:41,482{GMT}	INFO	[jepsen worker 4] jepsen.util: 4	:invoke	:broadcast	30
2024-12-27 00:54:41,503{GMT}	INFO	[jepsen worker 0] jepsen.util: 0	:info	:broadcast	8	:net-timeout
2024-12-27 00:54:41,624{GMT}	INFO	[jepsen worker 0] jepsen.util: 5	:invoke	:read	nil
2024-12-27 00:54:41,779{GMT}	INFO	[jepsen worker 1] jepsen.util: 1	:invoke	:read	nil
2024-12-27 00:54:41,780{GMT}	INFO	[jepsen worker 1] jepsen.util: 1	:ok	:read	[17 18 23 29 6 9 12 13 22 24 25 28 10 15 16 21 26 11 14 20]
2024-12-27 00:54:41,957{GMT}	INFO	[jepsen worker 1] jepsen.util: 1	:invoke	:read	nil
2024-12-27 00:54:41,958{GMT}	INFO	[jepsen worker 1] jepsen.util: 1	:ok	:read	[13 22 24 25 28 10 15 16 21 26 11 14 20 17 18 23 29 6 9 12]
2024-12-27 00:54:42,000{GMT}	INFO	[jepsen worker 2] jepsen.util: 2	:invoke	:broadcast	31
2024-12-27 00:54:42,001{GMT}	INFO	[jepsen worker 2] jepsen.util: 2	:ok	:broadcast	31
2024-12-27 00:54:42,098{GMT}	INFO	[jepsen worker 1] jepsen.util: 1	:invoke	:read	nil
2024-12-27 00:54:42,099{GMT}	INFO	[jepsen worker 1] jepsen.util: 1	:ok	:read	[13 22 10 15 16 24 25 28 11 14 20 21 26 6 9 12 17 18 23 29]
2024-12-27 00:54:42,112{GMT}	INFO	[jepsen worker 1] jepsen.util: 1	:invoke	:read	nil
2024-12-27 00:54:42,114{GMT}	INFO	[jepsen worker 1] jepsen.util: 1	:ok	:read	[16 24 25 28 10 15 20 21 26 11 14 12 17 18 23 29 6 9 13 22]
2024-12-27 00:54:42,254{GMT}	INFO	[jepsen worker 1] jepsen.util: 1	:invoke	:broadcast	32
2024-12-27 00:54:42,255{GMT}	INFO	[jepsen worker 1] jepsen.util: 1	:ok	:broadcast	32
2024-12-27 00:54:42,343{GMT}	INFO	[jepsen worker 1] jepsen.util: 1	:invoke	:read	nil
2024-12-27 00:54:42,344{GMT}	INFO	[jepsen worker 1] jepsen.util: 1	:ok	:read	[13 22 10 15 16 24 25 28 11 14 20 21 26 32 6 9 12 17 18 23 29]
2024-12-27 00:54:42,525{GMT}	INFO	[jepsen worker 1] jepsen.util: 1	:invoke	:broadcast	33
2024-12-27 00:54:42,527{GMT}	INFO	[jepsen worker 1] jepsen.util: 1	:ok	:broadcast	33
2024-12-27 00:54:42,694{GMT}	INFO	[jepsen worker 2] jepsen.util: 2	:invoke	:read	nil
2024-12-27 00:54:42,695{GMT}	INFO	[jepsen worker 2] jepsen.util: 2	:ok	:read	[19 27 31 0 2 7]
2024-12-27 00:54:42,832{GMT}	INFO	[jepsen worker 1] jepsen.util: 1	:invoke	:broadcast	34
2024-12-27 00:54:42,832{GMT}	INFO	[jepsen worker 2] jepsen.util: 2	:invoke	:broadcast	35
2024-12-27 00:54:42,833{GMT}	INFO	[jepsen worker 1] jepsen.util: 1	:ok	:broadcast	34
2024-12-27 00:54:42,833{GMT}	INFO	[jepsen worker 2] jepsen.util: 2	:ok	:broadcast	35
2024-12-27 00:54:42,975{GMT}	INFO	[jepsen worker 1] jepsen.util: 1	:invoke	:broadcast	36
2024-12-27 00:54:42,976{GMT}	INFO	[jepsen worker 1] jepsen.util: 1	:ok	:broadcast	36
2024-12-27 00:54:43,113{GMT}	INFO	[jepsen worker 1] jepsen.util: 1	:invoke	:read	nil
2024-12-27 00:54:43,115{GMT}	INFO	[jepsen worker 1] jepsen.util: 1	:ok	:read	[13 22 33 36 28 10 15 16 24 25 34 11 14 20 21 26 23 29 32 6 9 12 17 18]
2024-12-27 00:54:43,253{GMT}	INFO	[jepsen worker 1] jepsen.util: 1	:invoke	:read	nil
2024-12-27 00:54:43,254{GMT}	INFO	[jepsen worker 1] jepsen.util: 1	:ok	:read	[13 22 33 36 10 15 16 24 25 28 11 14 20 21 26 34 6 9 12 17 18 23 29 32]
2024-12-27 00:54:43,305{GMT}	INFO	[jepsen worker 2] jepsen.util: 2	:invoke	:broadcast	37
2024-12-27 00:54:43,307{GMT}	INFO	[jepsen worker 2] jepsen.util: 2	:ok	:broadcast	37
2024-12-27 00:54:43,447{GMT}	INFO	[jepsen worker 1] jepsen.util: 1	:invoke	:read	nil
2024-12-27 00:54:43,449{GMT}	INFO	[jepsen worker 1] jepsen.util: 1	:ok	:read	[32 6 9 12 17 18 23 29 13 22 33 36 10 15 16 24 25 28 11 14 20 21 26 34]
2024-12-27 00:54:43,529{GMT}	INFO	[jepsen worker 1] jepsen.util: 1	:invoke	:broadcast	38
2024-12-27 00:54:43,531{GMT}	INFO	[jepsen worker 1] jepsen.util: 1	:ok	:broadcast	38
2024-12-27 00:54:43,727{GMT}	INFO	[jepsen worker 1] jepsen.util: 1	:invoke	:read	nil
2024-12-27 00:54:43,729{GMT}	INFO	[jepsen worker 1] jepsen.util: 1	:ok	:read	[10 15 16 24 25 28 11 14 20 21 26 34 32 6 9 12 17 18 23 29 38 13 22 33 36]
2024-12-27 00:54:43,786{GMT}	INFO	[jepsen worker 1] jepsen.util: 1	:invoke	:broadcast	39
2024-12-27 00:54:43,787{GMT}	INFO	[jepsen worker 1] jepsen.util: 1	:ok	:broadcast	39
2024-12-27 00:54:43,970{GMT}	INFO	[jepsen worker 1] jepsen.util: 1	:invoke	:read	nil
2024-12-27 00:54:43,972{GMT}	INFO	[jepsen worker 1] jepsen.util: 1	:ok	:read	[20 21 26 34 11 14 12 17 18 23 29 32 6 9 38 33 36 13 22 16 24 25 28 39 10 15]
2024-12-27 00:54:44,119{GMT}	INFO	[jepsen worker 2] jepsen.util: 2	:invoke	:broadcast	40
2024-12-27 00:54:44,121{GMT}	INFO	[jepsen worker 2] jepsen.util: 2	:ok	:broadcast	40
2024-12-27 00:54:44,133{GMT}	INFO	[jepsen worker 1] jepsen.util: 1	:invoke	:read	nil
2024-12-27 00:54:44,134{GMT}	INFO	[jepsen worker 1] jepsen.util: 1	:ok	:read	[9 12 17 18 23 29 32 6 38 22 33 36 13 15 16 24 25 28 39 10 14 20 21 26 34 11]
2024-12-27 00:54:44,162{GMT}	INFO	[jepsen worker 1] jepsen.util: 1	:invoke	:read	nil
2024-12-27 00:54:44,164{GMT}	INFO	[jepsen worker 1] jepsen.util: 1	:ok	:read	[10 15 16 24 25 28 39 11 14 20 21 26 34 6 9 12 17 18 23 29 32 38 13 22 33 36]
2024-12-27 00:54:44,240{GMT}	INFO	[jepsen worker 1] jepsen.util: 1	:invoke	:read	nil
2024-12-27 00:54:44,242{GMT}	INFO	[jepsen worker 1] jepsen.util: 1	:ok	:read	[13 22 33 36 28 39 10 15 16 24 25 34 11 14 20 21 26 23 29 32 6 9 12 17 18 38]
2024-12-27 00:54:44,357{GMT}	INFO	[jepsen worker 1] jepsen.util: 1	:invoke	:broadcast	41
2024-12-27 00:54:44,358{GMT}	INFO	[jepsen worker 1] jepsen.util: 1	:ok	:broadcast	41
2024-12-27 00:54:44,439{GMT}	INFO	[jepsen worker 1] jepsen.util: 1	:invoke	:read	nil
2024-12-27 00:54:44,441{GMT}	INFO	[jepsen worker 1] jepsen.util: 1	:ok	:read	[13 22 36 28 39 16 24 14 6 18 23 29 41 33 10 15 25 34 11 20 21 26 9 12 17 32 38]
2024-12-27 00:54:44,521{GMT}	INFO	[jepsen worker 2] jepsen.util: 2	:invoke	:broadcast	42
2024-12-27 00:54:44,523{GMT}	INFO	[jepsen worker 2] jepsen.util: 2	:ok	:broadcast	42
2024-12-27 00:54:44,528{GMT}	INFO	[jepsen worker 1] jepsen.util: 1	:invoke	:broadcast	43
2024-12-27 00:54:44,529{GMT}	INFO	[jepsen worker 1] jepsen.util: 1	:ok	:broadcast	43
2024-12-27 00:54:44,690{GMT}	INFO	[jepsen worker 1] jepsen.util: 1	:invoke	:read	nil
2024-12-27 00:54:44,692{GMT}	INFO	[jepsen worker 1] jepsen.util: 1	:ok	:read	[10 15 25 26 34 11 20 21 32 38 9 12 17 13 22 36 39 16 24 28 14 43 29 41 6 18 23 33]
2024-12-27 00:54:44,805{GMT}	INFO	[jepsen worker 1] jepsen.util: 1	:invoke	:read	nil
2024-12-27 00:54:44,806{GMT}	INFO	[jepsen worker 1] jepsen.util: 1	:ok	:read	[17 32 38 9 12 36 13 22 28 39 16 24 14 43 23 29 41 6 18 33 25 10 15 21 26 34 11 20]
2024-12-27 00:54:44,912{GMT}	INFO	[jepsen worker 1] jepsen.util: 1	:invoke	:read	nil
2024-12-27 00:54:44,914{GMT}	INFO	[jepsen worker 1] jepsen.util: 1	:ok	:read	[12 17 32 38 9 22 36 13 24 28 39 16 43 14 18 23 29 41 6 33 15 25 10 20 21 26 34 11]
2024-12-27 00:54:45,079{GMT}	INFO	[jepsen worker 1] jepsen.util: 1	:invoke	:broadcast	44
2024-12-27 00:54:45,081{GMT}	INFO	[jepsen worker 1] jepsen.util: 1	:ok	:broadcast	44
2024-12-27 00:54:45,101{GMT}	INFO	[jepsen worker 2] jepsen.util: 2	:invoke	:broadcast	45
2024-12-27 00:54:45,103{GMT}	INFO	[jepsen worker 2] jepsen.util: 2	:ok	:broadcast	45
2024-12-27 00:54:45,279{GMT}	INFO	[jepsen worker 1] jepsen.util: 1	:invoke	:broadcast	46
2024-12-27 00:54:45,280{GMT}	INFO	[jepsen worker 1] jepsen.util: 1	:ok	:broadcast	46
2024-12-27 00:54:45,322{GMT}	INFO	[jepsen worker 1] jepsen.util: 1	:invoke	:read	nil
2024-12-27 00:54:45,323{GMT}	INFO	[jepsen worker 1] jepsen.util: 1	:ok	:read	[33 10 15 25 11 20 21 26 34 44 9 12 17 32 38 13 22 36 46 16 24 28 39 14 43 6 18 23 29 41]
2024-12-27 00:54:45,499{GMT}	INFO	[jepsen worker 1] jepsen.util: 1	:invoke	:read	nil
2024-12-27 00:54:45,501{GMT}	INFO	[jepsen worker 1] jepsen.util: 1	:ok	:read	[44 11 20 21 26 34 9 12 17 32 38 13 22 36 46 16 24 28 39 14 43 6 18 23 29 41 33 10 15 25]
2024-12-27 00:54:45,680{GMT}	INFO	[jepsen worker 1] jepsen.util: 1	:invoke	:read	nil
2024-12-27 00:54:45,682{GMT}	INFO	[jepsen worker 1] jepsen.util: 1	:ok	:read	[9 12 17 32 38 13 22 36 46 16 24 28 39 14 43 6 18 23 29 41 33 10 15 25 11 20 21 26 34 44]
2024-12-27 00:54:45,822{GMT}	INFO	[jepsen worker 1] jepsen.util: 1	:invoke	:read	nil
2024-12-27 00:54:45,826{GMT}	INFO	[jepsen worker 1] jepsen.util: 1	:ok	:read	[16 24 28 39 14 43 6 18 23 29 41 33 10 15 25 11 20 21 26 34 44 9 12 17 32 38 13 22 36 46]
2024-12-27 00:54:45,970{GMT}	INFO	[jepsen worker 2] jepsen.util: 2	:invoke	:read	nil
2024-12-27 00:54:45,972{GMT}	INFO	[jepsen worker 2] jepsen.util: 2	:ok	:read	[0 7 19 27 31 35 37 42 45 2 40]
2024-12-27 00:54:46,055{GMT}	INFO	[jepsen worker 1] jepsen.util: 1	:invoke	:read	nil
2024-12-27 00:54:46,057{GMT}	INFO	[jepsen worker 1] jepsen.util: 1	:ok	:read	[13 22 36 46 16 24 28 39 14 43 6 18 23 29 41 33 10 15 25 44 11 20 21 26 34 9 12 17 32 38]
2024-12-27 00:54:46,180{GMT}	INFO	[jepsen worker 1] jepsen.util: 1	:invoke	:broadcast	47
2024-12-27 00:54:46,182{GMT}	INFO	[jepsen worker 1] jepsen.util: 1	:ok	:broadcast	47
2024-12-27 00:54:46,222{GMT}	INFO	[jepsen worker 1] jepsen.util: 1	:invoke	:broadcast	48
2024-12-27 00:54:46,224{GMT}	INFO	[jepsen worker 1] jepsen.util: 1	:ok	:broadcast	48
2024-12-27 00:54:46,340{GMT}	INFO	[jepsen worker 3] jepsen.util: 3	:fail	:read	nil	:net-timeout
2024-12-27 00:54:46,352{GMT}	INFO	[jepsen worker 1] jepsen.util: 1	:invoke	:broadcast	49
2024-12-27 00:54:46,354{GMT}	INFO	[jepsen worker 1] jepsen.util: 1	:ok	:broadcast	49
2024-12-27 00:54:46,483{GMT}	INFO	[jepsen worker 4] jepsen.util: 4	:info	:broadcast	30	:net-timeout
2024-12-27 00:54:46,491{GMT}	INFO	[jepsen worker 1] jepsen.util: 1	:invoke	:broadcast	50
2024-12-27 00:54:46,494{GMT}	INFO	[jepsen worker 1] jepsen.util: 1	:ok	:broadcast	50
2024-12-27 00:54:46,625{GMT}	INFO	[jepsen worker 0] jepsen.util: 5	:fail	:read	nil	:net-timeout
2024-12-27 00:54:46,655{GMT}	INFO	[jepsen worker 2] jepsen.util: 2	:invoke	:read	nil
2024-12-27 00:54:46,656{GMT}	INFO	[jepsen worker 2] jepsen.util: 2	:ok	:read	[19 27 31 35 37 42 0 7 45 2 40]
2024-12-27 00:54:46,790{GMT}	INFO	[jepsen worker 3] jepsen.util: 3	:invoke	:read	nil
2024-12-27 00:54:46,948{GMT}	INFO	[jepsen worker 4] jepsen.util: 9	:invoke	:broadcast	51
2024-12-27 00:54:46,998{GMT}	INFO	[jepsen worker 0] jepsen.util: 5	:invoke	:broadcast	52
2024-12-27 00:54:47,064{GMT}	INFO	[jepsen worker 1] jepsen.util: 1	:invoke	:broadcast	53
2024-12-27 00:54:47,066{GMT}	INFO	[jepsen worker 1] jepsen.util: 1	:ok	:broadcast	53
2024-12-27 00:54:47,192{GMT}	INFO	[jepsen worker 1] jepsen.util: 1	:invoke	:read	nil
2024-12-27 00:54:47,194{GMT}	INFO	[jepsen worker 1] jepsen.util: 1	:ok	:read	[33 10 15 25 26 34 44 47 11 20 21 32 38 9 12 17 46 13 22 36 39 16 24 28 50 53 14 43 49 29 41 48 6 18 23]
2024-12-27 00:54:47,365{GMT}	INFO	[jepsen worker 2] jepsen.util: 2	:invoke	:read	nil
2024-12-27 00:54:47,367{GMT}	INFO	[jepsen worker 2] jepsen.util: 2	:ok	:read	[2 40 42 0 7 19 27 31 35 37 45]
2024-12-27 00:54:47,384{GMT}	INFO	[jepsen worker 1] jepsen.util: 1	:invoke	:broadcast	54
2024-12-27 00:54:47,386{GMT}	INFO	[jepsen worker 1] jepsen.util: 1	:ok	:broadcast	54
2024-12-27 00:54:47,480{GMT}	INFO	[jepsen worker 1] jepsen.util: 1	:invoke	:broadcast	55
2024-12-27 00:54:47,482{GMT}	INFO	[jepsen worker 1] jepsen.util: 1	:ok	:broadcast	55
2024-12-27 00:54:47,523{GMT}	INFO	[jepsen worker 1] jepsen.util: 1	:invoke	:read	nil
2024-12-27 00:54:47,525{GMT}	INFO	[jepsen worker 1] jepsen.util: 1	:ok	:read	[32 38 9 12 17 46 55 13 22 36 39 16 24 28 50 53 14 43 49 29 41 48 54 6 18 23 33 10 15 25 26 34 44 47 11 20 21]
2024-12-27 00:54:47,537{GMT}	INFO	[jepsen worker 1] jepsen.util: 1	:invoke	:broadcast	56
2024-12-27 00:54:47,539{GMT}	INFO	[jepsen worker 1] jepsen.util: 1	:ok	:broadcast	56
2024-12-27 00:54:47,558{GMT}	INFO	[jepsen worker 1] jepsen.util: 1	:invoke	:broadcast	57
2024-12-27 00:54:47,560{GMT}	INFO	[jepsen worker 1] jepsen.util: 1	:ok	:broadcast	57
2024-12-27 00:54:47,628{GMT}	INFO	[jepsen worker 2] jepsen.util: 2	:invoke	:broadcast	58
2024-12-27 00:54:47,629{GMT}	INFO	[jepsen worker 2] jepsen.util: 2	:ok	:broadcast	58
2024-12-27 00:54:47,800{GMT}	INFO	[jepsen worker 1] jepsen.util: 1	:invoke	:read	nil
2024-12-27 00:54:47,802{GMT}	INFO	[jepsen worker 1] jepsen.util: 1	:ok	:read	[16 24 28 39 14 43 49 50 53 6 18 23 29 41 48 54 33 10 15 25 56 11 20 21 26 34 44 47 9 12 17 32 38 13 22 36 46 55 57]
2024-12-27 00:54:47,989{GMT}	INFO	[jepsen worker 1] jepsen.util: 1	:invoke	:broadcast	59
2024-12-27 00:54:47,990{GMT}	INFO	[jepsen worker 1] jepsen.util: 1	:ok	:broadcast	59
2024-12-27 00:54:48,004{GMT}	INFO	[jepsen worker 1] jepsen.util: 1	:invoke	:broadcast	60
2024-12-27 00:54:48,006{GMT}	INFO	[jepsen worker 1] jepsen.util: 1	:ok	:broadcast	60
2024-12-27 00:54:48,072{GMT}	INFO	[jepsen worker 1] jepsen.util: 1	:invoke	:broadcast	61
2024-12-27 00:54:48,074{GMT}	INFO	[jepsen worker 1] jepsen.util: 1	:ok	:broadcast	61
2024-12-27 00:54:48,256{GMT}	INFO	[jepsen worker 1] jepsen.util: 1	:invoke	:read	nil
2024-12-27 00:54:48,258{GMT}	INFO	[jepsen worker 1] jepsen.util: 1	:ok	:read	[12 17 32 38 59 9 22 36 46 55 57 13 24 28 39 16 43 49 50 53 14 18 23 29 41 48 54 60 6 33 15 25 56 61 10 20 21 26 34 44 47 11]
2024-12-27 00:54:48,294{GMT}	INFO	[jepsen worker 2] jepsen.util: 2	:invoke	:read	nil
2024-12-27 00:54:48,296{GMT}	INFO	[jepsen worker 2] jepsen.util: 2	:ok	:read	[42 0 7 19 27 31 35 37 45 2 40 58]
2024-12-27 00:54:48,486{GMT}	INFO	[jepsen worker 1] jepsen.util: 1	:invoke	:read	nil
2024-12-27 00:54:48,489{GMT}	INFO	[jepsen worker 1] jepsen.util: 1	:ok	:read	[53 14 43 49 50 41 48 54 60 6 18 23 29 33 61 10 15 25 56 34 44 47 11 20 21 26 38 59 9 12 17 32 55 57 13 22 36 46 16 24 28 39]
2024-12-27 00:54:48,556{GMT}	INFO	[jepsen worker 1] jepsen.util: 1	:invoke	:broadcast	62
2024-12-27 00:54:48,558{GMT}	INFO	[jepsen worker 1] jepsen.util: 1	:ok	:broadcast	62
2024-12-27 00:54:48,662{GMT}	INFO	[jepsen worker 1] jepsen.util: 1	:invoke	:broadcast	63
2024-12-27 00:54:48,664{GMT}	INFO	[jepsen worker 1] jepsen.util: 1	:ok	:broadcast	63
2024-12-27 00:54:48,813{GMT}	INFO	[jepsen worker 1] jepsen.util: 1	:invoke	:broadcast	64
2024-12-27 00:54:48,815{GMT}	INFO	[jepsen worker 1] jepsen.util: 1	:ok	:broadcast	64
2024-12-27 00:54:48,824{GMT}	INFO	[jepsen worker 1] jepsen.util: 1	:invoke	:broadcast	65
2024-12-27 00:54:48,826{GMT}	INFO	[jepsen worker 1] jepsen.util: 1	:ok	:broadcast	65
2024-12-27 00:54:48,845{GMT}	INFO	[jepsen worker nemesis] jepsen.util: :nemesis	:info	:stop-partition	nil
2024-12-27 00:54:48,845{GMT}	INFO	[jepsen worker nemesis] jepsen.util: :nemesis	:info	:stop-partition	:network-healed
2024-12-27 00:54:48,893{GMT}	INFO	[jepsen worker 1] jepsen.util: 1	:invoke	:read	nil
2024-12-27 00:54:48,895{GMT}	INFO	[jepsen worker 1] jepsen.util: 1	:ok	:read	[16 24 28 39 53 62 63 14 43 49 50 41 48 54 60 6 18 23 29 33 65 61 10 15 25 56 34 44 47 11 20 21 26 38 59 9 12 17 32 55 57 64 13 22 36 46]
2024-12-27 00:54:48,930{GMT}	INFO	[jepsen worker 1] jepsen.util: 1	:invoke	:broadcast	66
2024-12-27 00:54:48,932{GMT}	INFO	[jepsen worker 1] jepsen.util: 1	:ok	:broadcast	66
2024-12-27 00:54:49,025{GMT}	INFO	[jepsen worker 1] jepsen.util: 1	:invoke	:read	nil
2024-12-27 00:54:49,026{GMT}	INFO	[jepsen worker 1] jepsen.util: 1	:ok	:read	[28 39 16 24 49 50 53 62 63 14 43 23 29 41 48 54 60 6 18 33 65 25 56 61 10 15 21 26 34 44 47 11 20 17 32 38 59 66 9 12 36 46 55 57 64 13 22]
2024-12-27 00:54:49,080{GMT}	INFO	[jepsen worker 1] jepsen.util: 1	:invoke	:read	nil
2024-12-27 00:54:49,083{GMT}	INFO	[jepsen worker 1] jepsen.util: 1	:ok	:read	[11 20 21 26 34 44 47 9 12 17 32 38 59 66 13 22 36 46 55 57 64 16 24 28 39 14 43 49 50 53 62 63 6 18 23 29 41 48 54 60 33 65 10 15 25 56 61]
2024-12-27 00:54:49,250{GMT}	INFO	[jepsen worker 1] jepsen.util: 1	:invoke	:broadcast	67
2024-12-27 00:54:49,423{GMT}	INFO	[jepsen worker 2] jepsen.util: 2	:invoke	:read	nil
2024-12-27 00:54:51,792{GMT}	INFO	[jepsen worker 3] jepsen.util: 3	:fail	:read	nil	:net-timeout
2024-12-27 00:54:51,792{GMT}	INFO	[jepsen worker 3] jepsen.util: 3	:invoke	:broadcast	68
2024-12-27 00:54:51,950{GMT}	INFO	[jepsen worker 4] jepsen.util: 9	:info	:broadcast	51	:net-timeout
2024-12-27 00:54:51,956{GMT}	INFO	[jepsen worker 4] jepsen.util: 14	:invoke	:read	nil
2024-12-27 00:54:52,000{GMT}	INFO	[jepsen worker 0] jepsen.util: 5	:info	:broadcast	52	:net-timeout
2024-12-27 00:54:52,047{GMT}	INFO	[jepsen worker 0] jepsen.util: 10	:invoke	:read	nil
2024-12-27 00:54:52,469{GMT}	INFO	[jepsen worker nemesis] jepsen.util: :nemesis	:info	:start-partition	:majorities-ring
2024-12-27 00:54:52,478{GMT}	INFO	[jepsen worker nemesis] jepsen.util: :nemesis	:info	:start-partition	[:isolated {"n4" #{"n2" "n0"}, "n3" #{"n2" "n1"}, "n0" #{"n1" "n4"}, "n2" #{"n4" "n3"}, "n1" #{"n0" "n3"}}]
2024-12-27 00:54:54,252{GMT}	INFO	[jepsen worker 1] jepsen.util: 1	:info	:broadcast	67	:net-timeout
2024-12-27 00:54:54,254{GMT}	INFO	[jepsen worker 1] jepsen.util: 6	:invoke	:read	nil
2024-12-27 00:54:54,425{GMT}	INFO	[jepsen worker 2] jepsen.util: 2	:fail	:read	nil	:net-timeout
2024-12-27 00:54:54,430{GMT}	INFO	[jepsen worker 2] jepsen.util: 2	:invoke	:broadcast	69
2024-12-27 00:54:56,792{GMT}	INFO	[jepsen worker 3] jepsen.util: 3	:info	:broadcast	68	:net-timeout
2024-12-27 00:54:56,957{GMT}	INFO	[jepsen worker 4] jepsen.util: 14	:fail	:read	nil	:net-timeout
2024-12-27 00:54:57,048{GMT}	INFO	[jepsen worker 0] jepsen.util: 10	:fail	:read	nil	:net-timeout
2024-12-27 00:54:59,260{GMT}	INFO	[jepsen worker 1] jepsen.util: 6	:fail	:read	nil	:net-timeout
2024-12-27 00:54:59,430{GMT}	INFO	[jepsen worker 2] jepsen.util: 2	:info	:broadcast	69	:net-timeout
2024-12-27 00:54:59,432{GMT}	INFO	[jepsen worker nemesis] jepsen.util: :nemesis	:info	:stop-partition	nil
2024-12-27 00:54:59,432{GMT}	INFO	[jepsen worker nemesis] jepsen.util: :nemesis	:info	:stop-partition	:network-healed
2024-12-27 00:54:59,433{GMT}	INFO	[jepsen worker 4] jepsen.generator.interpreter: Waiting for recovery...
2024-12-27 00:55:09,440{GMT}	INFO	[jepsen worker 4] jepsen.util: 14	:invoke	:read	nil
2024-12-27 00:55:09,441{GMT}	INFO	[jepsen worker 0] jepsen.util: 10	:invoke	:read	nil
2024-12-27 00:55:09,442{GMT}	INFO	[jepsen worker 1] jepsen.util: 6	:invoke	:read	nil
2024-12-27 00:55:09,443{GMT}	INFO	[jepsen worker 3] jepsen.util: 8	:invoke	:read	nil
2024-12-27 00:55:09,444{GMT}	INFO	[jepsen worker 2] jepsen.util: 7	:invoke	:read	nil
2024-12-27 00:55:14,440{GMT}	INFO	[jepsen worker 4] jepsen.util: 14	:fail	:read	nil	:net-timeout
2024-12-27 00:55:14,443{GMT}	INFO	[jepsen worker 1] jepsen.util: 6	:fail	:read	nil	:net-timeout
2024-12-27 00:55:14,444{GMT}	INFO	[jepsen worker 3] jepsen.util: 8	:fail	:read	nil	:net-timeout
2024-12-27 00:55:14,444{GMT}	INFO	[jepsen worker 0] jepsen.util: 10	:fail	:read	nil	:net-timeout
2024-12-27 00:55:14,449{GMT}	INFO	[jepsen worker 2] jepsen.util: 7	:fail	:read	nil	:net-timeout
2024-12-27 00:55:14,510{GMT}	INFO	[jepsen test runner] jepsen.core: Run complete, writing
2024-12-27 00:55:14,640{GMT}	INFO	[jepsen node n0] maelstrom.db: Tearing down n0
2024-12-27 00:55:14,641{GMT}	INFO	[jepsen node n1] maelstrom.db: Tearing down n1
2024-12-27 00:55:14,643{GMT}	INFO	[jepsen node n3] maelstrom.db: Tearing down n3
2024-12-27 00:55:14,642{GMT}	INFO	[jepsen node n2] maelstrom.db: Tearing down n2
2024-12-27 00:55:14,643{GMT}	INFO	[jepsen node n4] maelstrom.db: Tearing down n4
2024-12-27 00:55:15,449{GMT}	INFO	[jepsen node n0] maelstrom.net: Shutting down Maelstrom network
2024-12-27 00:55:15,454{GMT}	WARN	[jepsen test runner] jepsen.core: Test crashed!
clojure.lang.ExceptionInfo: Node n3 crashed with exit status 1. Before crashing, it wrote to STDOUT:

{"src":"n3","dest":"c2","body":{"in_reply_to":1,"type":"init_ok"}}
{"src":"n3","dest":"c7","body":{"in_reply_to":1,"type":"topology_ok"}}
{"src":"n3","dest":"c12","body":{"in_reply_to":1,"messages":[],"type":"read_ok"}}
{"src":"n3","dest":"n0","body":{"in_reply_to":1,"type":"broadcast_ok"}}
{"src":"n3","dest":"n4","body":{"message":1,"msg_id":1,"type":"broadcast"}}
{"src":"n3","dest":"c12","body":{"in_reply_to":2,"type":"broadcast_ok"}}
{"src":"n3","dest":"n4","body":{"message":3,"msg_id":2,"type":"broadcast"}}
{"src":"n3","dest":"n0","body":{"message":3,"msg_id":2,"type":"broadcast"}}
{"src":"n3","dest":"n4","body":{"in_reply_to":2,"type":"broadcast_ok"}}
{"src":"n3","dest":"n0","body":{"message":4,"msg_id":2,"type":"broadcast"}}
{"src":"n3","dest":"n0","body":{"in_reply_to":3,"type":"broadcast_ok"}}
{"src":"n3","dest":"n4","body":{"message":5,"msg_id":3,"type":"broadcast"}}
{"src":"n3","dest":"n0","body":{"message":[1,3,4,5],"type":"periodic_broadcast"}}
{"src":"n3","dest":"n4","body":{"message":[1,3,4,5],"type":"periodic_broadcast"}}

And to STDERR:

2024/12/27 00:54:35 Sent {"src":"n3","dest":"c2","body":{"in_reply_to":1,"type":"init_ok"}}
2024/12/27 00:54:35 Received {c7 n3 {"type":"topology","topology":{"n0":["n3","n1"],"n1":["n4","n2","n0"],"n2":["n1"],"n3":["n0","n4"],"n4":["n1","n3"]},"msg_id":1}}
2024/12/27 00:54:35 Sent {"src":"n3","dest":"c7","body":{"in_reply_to":1,"type":"topology_ok"}}
2024/12/27 00:54:35 Received {c12 n3 {"type":"read","msg_id":1}}
2024/12/27 00:54:35 Sent {"src":"n3","dest":"c12","body":{"in_reply_to":1,"messages":[],"type":"read_ok"}}
2024/12/27 00:54:35 Received {n0 n3 {"message":1,"msg_id":1,"type":"broadcast"}}
2024/12/27 00:54:35 Sent {"src":"n3","dest":"n0","body":{"in_reply_to":1,"type":"broadcast_ok"}}
2024/12/27 00:54:35 Sent {"src":"n3","dest":"n4","body":{"message":1,"msg_id":1,"type":"broadcast"}}
2024/12/27 00:54:35 Received {n4 n3 {"in_reply_to":1,"type":"broadcast_ok"}}
2024/12/27 00:54:35 Ignoring reply to 1 with no callback
2024/12/27 00:54:35 Received {c12 n3 {"type":"broadcast","message":3,"msg_id":2}}
2024/12/27 00:54:35 Sent {"src":"n3","dest":"c12","body":{"in_reply_to":2,"type":"broadcast_ok"}}
2024/12/27 00:54:35 Sent {"src":"n3","dest":"n4","body":{"message":3,"msg_id":2,"type":"broadcast"}}
2024/12/27 00:54:35 Sent {"src":"n3","dest":"n0","body":{"message":3,"msg_id":2,"type":"broadcast"}}
2024/12/27 00:54:35 Received {n4 n3 {"in_reply_to":2,"type":"broadcast_ok"}}
2024/12/27 00:54:35 Ignoring reply to 2 with no callback
2024/12/27 00:54:35 Received {n0 n3 {"in_reply_to":2,"type":"broadcast_ok"}}
2024/12/27 00:54:35 Ignoring reply to 2 with no callback
2024/12/27 00:54:35 Received {n4 n3 {"message":4,"msg_id":2,"type":"broadcast"}}
2024/12/27 00:54:35 Sent {"src":"n3","dest":"n4","body":{"in_reply_to":2,"type":"broadcast_ok"}}
2024/12/27 00:54:35 Sent {"src":"n3","dest":"n0","body":{"message":4,"msg_id":2,"type":"broadcast"}}
2024/12/27 00:54:35 Received {n0 n3 {"in_reply_to":2,"type":"broadcast_ok"}}
2024/12/27 00:54:35 Ignoring reply to 2 with no callback
2024/12/27 00:54:35 Received {n0 n3 {"message":5,"msg_id":3,"type":"broadcast"}}
2024/12/27 00:54:35 Sent {"src":"n3","dest":"n0","body":{"in_reply_to":3,"type":"broadcast_ok"}}
2024/12/27 00:54:35 Sent {"src":"n3","dest":"n4","body":{"message":5,"msg_id":3,"type":"broadcast"}}
2024/12/27 00:54:35 Received {n4 n3 {"in_reply_to":3,"type":"broadcast_ok"}}
2024/12/27 00:54:35 Ignoring reply to 3 with no callback
2024/12/27 00:54:36 Sent {"src":"n3","dest":"n0","body":{"message":[1,3,4,5],"type":"periodic_broadcast"}}
2024/12/27 00:54:36 Sent {"src":"n3","dest":"n4","body":{"message":[1,3,4,5],"type":"periodic_broadcast"}}
2024/12/27 00:54:36 Received {n4 n3 {"message":[1,3,4,5],"type":"periodic_broadcast"}}
2024/12/27 00:54:36 No handler for {"id":84,"src":"n4","dest":"n3","body":{"message":[1,3,4,5],"type":"periodic_broadcast"}}

Full STDERR logs are available in /home/Suchitra/Desktop/flyio/maelstrom/store/broadcast/20241227T005434.124+0530/node-logs/n3.log
	at slingshot.support$stack_trace.invoke(support.clj:201)
	at maelstrom.process$stop_node_BANG_.invokeStatic(process.clj:239)
	at maelstrom.process$stop_node_BANG_.invoke(process.clj:217)
	at maelstrom.db$db$reify__16142.teardown_BANG_(db.clj:75)
	at jepsen.db$fn__8744$G__8725__8748.invoke(db.clj:12)
	at jepsen.db$fn__8744$G__8724__8753.invoke(db.clj:12)
	at clojure.core$partial$fn__5908.invoke(core.clj:2642)
	at jepsen.control$on_nodes$fn__8599.invoke(control.clj:314)
	at clojure.lang.AFn.applyToHelper(AFn.java:154)
	at clojure.lang.AFn.applyTo(AFn.java:144)
	at clojure.core$apply.invokeStatic(core.clj:667)
	at clojure.core$with_bindings_STAR_.invokeStatic(core.clj:1990)
	at clojure.core$with_bindings_STAR_.doInvoke(core.clj:1990)
	at clojure.lang.RestFn.applyTo(RestFn.java:142)
	at clojure.core$apply.invokeStatic(core.clj:671)
	at clojure.core$bound_fn_STAR_$fn__5818.doInvoke(core.clj:2020)
	at clojure.lang.RestFn.invoke(RestFn.java:408)
	at dom_top.core$real_pmap_helper$build_thread__211$fn__212.invoke(core.clj:163)
	at clojure.lang.AFn.applyToHelper(AFn.java:152)
	at clojure.lang.AFn.applyTo(AFn.java:144)
	at clojure.core$apply.invokeStatic(core.clj:667)
	at clojure.core$with_bindings_STAR_.invokeStatic(core.clj:1990)
	at clojure.core$with_bindings_STAR_.doInvoke(core.clj:1990)
	at clojure.lang.RestFn.invoke(RestFn.java:425)
	at clojure.lang.AFn.applyToHelper(AFn.java:156)
	at clojure.lang.RestFn.applyTo(RestFn.java:132)
	at clojure.core$apply.invokeStatic(core.clj:671)
	at clojure.core$bound_fn_STAR_$fn__5818.doInvoke(core.clj:2020)
	at clojure.lang.RestFn.invoke(RestFn.java:397)
	at clojure.lang.AFn.run(AFn.java:22)
	at java.base/java.lang.Thread.run(Thread.java:1575)
