2024-10-28 17:59:42,001{GMT}	INFO	[jepsen test runner] jepsen.core: Command line:
lein run test -w echo --bin one --node-count 1 --time-limit 1
2024-10-28 17:59:42,068{GMT}	INFO	[jepsen test runner] jepsen.core: Running test:
{:args []
 :remote
 #jepsen.control.retry.Remote{:remote #jepsen.control.scp.Remote{:cmd-remote #jepsen.control.sshj.SSHJRemote{:concurrency-limit 6,
                                                                                                             :conn-spec nil,
                                                                                                             :client nil,
                                                                                                             :semaphore nil},
                                                                 :conn-spec nil},
                              :conn nil}
 :log-net-send false
 :node-count 1
 :availability nil
 :max-txn-length 4
 :concurrency 1
 :db
 #object[maelstrom.db$db$reify__16142
         "0x473e0536"
         "maelstrom.db$db$reify__16142@473e0536"]
 :max-writes-per-key 16
 :leave-db-running? false
 :name "echo"
 :logging-json? false
 :start-time
 #object[org.joda.time.DateTime "0x4c02f50" "2024-10-28T17:59:41.978+05:30"]
 :nemesis-interval 10
 :net
 #object[maelstrom.net$jepsen_net$reify__15251
         "0x35852b6"
         "maelstrom.net$jepsen_net$reify__15251@35852b6"]
 :client
 #object[maelstrom.workload.echo$client$reify__16863
         "0x27d6ff8c"
         "maelstrom.workload.echo$client$reify__16863@27d6ff8c"]
 :barrier
 #object[java.util.concurrent.CyclicBarrier
         "0x105c253a"
         "java.util.concurrent.CyclicBarrier@105c253a"]
 :log-stderr false
 :pure-generators true
 :ssh {:dummy? true}
 :rate 5
 :checker
 #object[jepsen.checker$compose$reify__11881
         "0x156322ce"
         "jepsen.checker$compose$reify__11881@156322ce"]
 :argv ("test" "-w" "echo" "--bin" "one" "--node-count" "1" "--time-limit" "1")
 :nemesis
 (jepsen.nemesis.ReflCompose
  {:fm {:start-partition 0,
        :stop-partition 0,
        :kill 1,
        :start 1,
        :pause 1,
        :resume 1},
   :nemeses [#unprintable "jepsen.nemesis.combined$partition_nemesis$reify__16416@546f0f36"
             #unprintable "jepsen.nemesis.combined$db_nemesis$reify__16397@44d5a0a8"]})
 :nodes ["n0"]
 :test-count 1
 :latency {:mean 0, :dist :constant}
 :bin "one"
 :generator
 (jepsen.generator.TimeLimit
  {:limit 1000000000,
   :cutoff nil,
   :gen (jepsen.generator.Any
         {:gens [(jepsen.generator.OnThreads
                  {:f #{:nemesis},
                   :context-filter #object[jepsen.generator.context$make_thread_filter$lazy_filter__9167
                                           "0x1ad4ff2a"
                                           "jepsen.generator.context$make_thread_filter$lazy_filter__9167@1ad4ff2a"],
                   :gen nil})
                 (jepsen.generator.OnThreads
                  {:f #jepsen.generator.context.AllBut{:element :nemesis},
                   :context-filter #object[jepsen.generator.context$make_thread_filter$lazy_filter__9167
                                           "0x625ae6d"
                                           "jepsen.generator.context$make_thread_filter$lazy_filter__9167@625ae6d"],
                   :gen (jepsen.generator.Stagger
                         {:dt 400000000,
                          :next-time nil,
                          :gen (jepsen.generator.EachThread
                                {:fresh-gen #object[maelstrom.workload.echo$workload$fn__16882
                                                    "0x207bf6d8"
                                                    "maelstrom.workload.echo$workload$fn__16882@207bf6d8"],
                                 :context-filters #object[clojure.core$promise$reify__8591
                                                          "0x5cdb7b"
                                                          {:status :pending,
                                                           :val nil}],
                                 :gens {}})})})]})})
 :log-net-recv false
 :os
 #object[maelstrom.net$jepsen_os$reify__15254
         "0x3dcc59f5"
         "maelstrom.net$jepsen_os$reify__15254@3dcc59f5"]
 :time-limit 1
 :workload :echo
 :consistency-models [:strict-serializable]
 :topology :grid}

2024-10-28 17:59:42,884{GMT}	INFO	[jepsen node n0] maelstrom.net: Starting Maelstrom network
2024-10-28 17:59:42,885{GMT}	INFO	[jepsen test runner] jepsen.db: Tearing down DB
2024-10-28 17:59:42,886{GMT}	INFO	[jepsen test runner] jepsen.db: Setting up DB
2024-10-28 17:59:42,888{GMT}	INFO	[jepsen node n0] maelstrom.service: Starting services: (lin-kv lin-tso lww-kv seq-kv)
2024-10-28 17:59:42,890{GMT}	INFO	[jepsen node n0] maelstrom.db: Setting up n0
2024-10-28 17:59:42,890{GMT}	INFO	[jepsen node n0] maelstrom.process: launching one []
2024-10-28 17:59:42,909{GMT}	INFO	[jepsen test runner] jepsen.core: Relative time begins now
2024-10-28 17:59:42,919{GMT}	INFO	[jepsen worker 0] jepsen.util: 0	:invoke	:echo	"Please echo 66"
2024-10-28 17:59:42,925{GMT}	INFO	[jepsen worker 0] jepsen.util: 0	:ok	:echo	{:echo "Please echo 66", :in_reply_to 1, :msg_id 1, :type "echo_ok"}
2024-10-28 17:59:43,071{GMT}	INFO	[jepsen worker 0] jepsen.util: 0	:invoke	:echo	"Please echo 1"
2024-10-28 17:59:43,075{GMT}	INFO	[jepsen worker 0] jepsen.util: 0	:ok	:echo	{:echo "Please echo 1", :in_reply_to 2, :msg_id 2, :type "echo_ok"}
2024-10-28 17:59:43,152{GMT}	INFO	[jepsen worker 0] jepsen.util: 0	:invoke	:echo	"Please echo 83"
2024-10-28 17:59:43,156{GMT}	INFO	[jepsen worker 0] jepsen.util: 0	:ok	:echo	{:echo "Please echo 83", :in_reply_to 3, :msg_id 3, :type "echo_ok"}
2024-10-28 17:59:43,534{GMT}	INFO	[jepsen worker 0] jepsen.util: 0	:invoke	:echo	"Please echo 16"
2024-10-28 17:59:43,539{GMT}	INFO	[jepsen worker 0] jepsen.util: 0	:ok	:echo	{:echo "Please echo 16", :in_reply_to 4, :msg_id 4, :type "echo_ok"}
2024-10-28 17:59:43,589{GMT}	INFO	[jepsen worker 0] jepsen.util: 0	:invoke	:echo	"Please echo 87"
2024-10-28 17:59:43,593{GMT}	INFO	[jepsen worker 0] jepsen.util: 0	:ok	:echo	{:echo "Please echo 87", :in_reply_to 5, :msg_id 5, :type "echo_ok"}
2024-10-28 17:59:43,619{GMT}	INFO	[jepsen worker 0] jepsen.util: 0	:invoke	:echo	"Please echo 102"
2024-10-28 17:59:43,623{GMT}	INFO	[jepsen worker 0] jepsen.util: 0	:ok	:echo	{:echo "Please echo 102", :in_reply_to 6, :msg_id 6, :type "echo_ok"}
2024-10-28 17:59:43,774{GMT}	INFO	[jepsen worker 0] jepsen.util: 0	:invoke	:echo	"Please echo 36"
2024-10-28 17:59:43,780{GMT}	INFO	[jepsen worker 0] jepsen.util: 0	:ok	:echo	{:echo "Please echo 36", :in_reply_to 7, :msg_id 7, :type "echo_ok"}
2024-10-28 17:59:43,880{GMT}	INFO	[jepsen worker 0] jepsen.util: 0	:invoke	:echo	"Please echo 104"
2024-10-28 17:59:43,884{GMT}	INFO	[jepsen worker 0] jepsen.util: 0	:ok	:echo	{:echo "Please echo 104", :in_reply_to 8, :msg_id 8, :type "echo_ok"}
2024-10-28 17:59:43,911{GMT}	INFO	[jepsen test runner] jepsen.core: Run complete, writing
2024-10-28 17:59:43,948{GMT}	INFO	[jepsen node n0] maelstrom.db: Tearing down n0
2024-10-28 17:59:44,896{GMT}	INFO	[jepsen node n0] maelstrom.net: Shutting down Maelstrom network
2024-10-28 17:59:44,898{GMT}	INFO	[jepsen test runner] jepsen.core: Analyzing...
2024-10-28 17:59:45,090{GMT}	INFO	[jepsen test runner] jepsen.core: Analysis complete
2024-10-28 17:59:45,101{GMT}	INFO	[jepsen results] jepsen.store: Wrote /home/Suchitra/flyio/maelstrom/one/store/echo/20241028T175941.978+0530/results.edn
2024-10-28 17:59:45,111{GMT}	INFO	[jepsen test runner] jepsen.core: {:perf {:latency-graph {:valid? true},
        :rate-graph {:valid? true},
        :valid? true},
 :timeline {:valid? true},
 :exceptions {:valid? true},
 :stats {:valid? true,
         :count 8,
         :ok-count 8,
         :fail-count 0,
         :info-count 0,
         :by-f {:echo {:valid? true,
                       :count 8,
                       :ok-count 8,
                       :fail-count 0,
                       :info-count 0}}},
 :availability {:valid? true, :ok-fraction 1.0},
 :net {:all {:send-count 18,
             :recv-count 18,
             :msg-count 18,
             :msgs-per-op 2.25},
       :clients {:send-count 18, :recv-count 18, :msg-count 18},
       :servers {:send-count 0,
                 :recv-count 0,
                 :msg-count 0,
                 :msgs-per-op 0.0},
       :valid? true},
 :workload {:valid? true, :errors ()},
 :valid? true}


Everything looks good! ヽ(‘ー`)ノ
