2024/12/26 23:32:27 Received {c3 n3 {"type":"init","node_id":"n3","node_ids":["n0","n1","n2","n3","n4"],"msg_id":1}}
2024/12/26 23:32:27 Node n3 initialized
2024/12/26 23:32:27 Sent {"src":"n3","dest":"c3","body":{"in_reply_to":1,"type":"init_ok"}}
2024/12/26 23:32:27 Received {c8 n3 {"type":"topology","topology":{"n0":["n3","n1"],"n1":["n4","n2","n0"],"n2":["n1"],"n3":["n0","n4"],"n4":["n1","n3"]},"msg_id":1}}
2024/12/26 23:32:27 Sent {"src":"n3","dest":"c8","body":{"in_reply_to":1,"type":"topology_ok"}}
2024/12/26 23:32:27 Received {c12 n3 {"type":"broadcast","message":1,"msg_id":1}}
2024/12/26 23:32:27 Sent {"src":"n3","dest":"c12","body":{"in_reply_to":1,"type":"broadcast_ok"}}
2024/12/26 23:32:27 Sent {"src":"n3","dest":"n4","body":{"message":1,"msg_id":1,"type":"broadcast"}}
2024/12/26 23:32:27 Sent {"src":"n3","dest":"n0","body":{"message":1,"msg_id":1,"type":"broadcast"}}
2024/12/26 23:32:27 Sent {"src":"n3","dest":"n1","body":{"message":1,"msg_id":1,"type":"broadcast"}}
2024/12/26 23:32:27 Sent {"src":"n3","dest":"n2","body":{"message":1,"msg_id":1,"type":"broadcast"}}
2024/12/26 23:32:27 Sent {"src":"n3","dest":"n3","body":{"message":1,"msg_id":1,"type":"broadcast"}}
2024/12/26 23:32:27 Received {n4 n3 {"in_reply_to":1,"type":"broadcast_ok"}}
2024/12/26 23:32:27 Ignoring reply to 1 with no callback
2024/12/26 23:32:27 Received {n3 n3 {"message":1,"msg_id":1,"type":"broadcast"}}
2024/12/26 23:32:27 Received {n4 n3 {"message":1,"msg_id":1,"type":"broadcast"}}
2024/12/26 23:32:27 Received {n4 n3 {"message":2,"msg_id":1,"type":"broadcast"}}
2024/12/26 23:32:27 Sent {"src":"n3","dest":"n4","body":{"in_reply_to":1,"type":"broadcast_ok"}}
2024/12/26 23:32:27 Sent {"src":"n3","dest":"n4","body":{"message":2,"msg_id":1,"type":"broadcast"}}
2024/12/26 23:32:27 Sent {"src":"n3","dest":"n1","body":{"message":2,"msg_id":1,"type":"broadcast"}}
2024/12/26 23:32:27 Sent {"src":"n3","dest":"n2","body":{"message":2,"msg_id":1,"type":"broadcast"}}
2024/12/26 23:32:27 Sent {"src":"n3","dest":"n3","body":{"message":2,"msg_id":1,"type":"broadcast"}}
2024/12/26 23:32:27 Sent {"src":"n3","dest":"n0","body":{"message":2,"msg_id":1,"type":"broadcast"}}
2024/12/26 23:32:27 Received {n3 n3 {"message":2,"msg_id":1,"type":"broadcast"}}
2024/12/26 23:32:27 Received {c12 n3 {"type":"read","msg_id":2}}
2024/12/26 23:32:27 Sent {"src":"n3","dest":"c12","body":{"in_reply_to":2,"messages":[1,2],"type":"read_ok"}}
2024/12/26 23:32:28 Sent {"src":"n3","dest":"n4","body":{"ids":[1,2],"type":"sync"}}
2024/12/26 23:32:28 Sent {"src":"n3","dest":"n1","body":{"ids":[1,2],"type":"sync"}}
2024/12/26 23:32:28 Sent {"src":"n3","dest":"n0","body":{"ids":[1,2],"type":"sync"}}
2024/12/26 23:32:28 Sent {"src":"n3","dest":"n3","body":{"ids":[1,2],"type":"sync"}}
2024/12/26 23:32:28 Sent {"src":"n3","dest":"n2","body":{"ids":[1,2],"type":"sync"}}
2024/12/26 23:32:28 Received {n4 n3 {"ids":[1,2],"type":"sync"}}
2024/12/26 23:32:28 No handler for {"id":138,"src":"n4","dest":"n3","body":{"ids":[1,2],"type":"sync"}}
