2024-12-26 17:33:40,372{GMT}	INFO	[jepsen test runner] jepsen.core: Test version e215220be8e67f69e096936971d4b85062dfedd6 (plus uncommitted changes)
2024-12-26 17:33:40,373{GMT}	INFO	[jepsen test runner] jepsen.core: Command line:
lein run test -w broadcast --bin ./three/b/maelstrom-broadcast --node-count 5 --time-limit 20 --rate 10
2024-12-26 17:33:40,454{GMT}	INFO	[jepsen test runner] jepsen.core: Running test:
{:args []
 :remote
 #jepsen.control.retry.Remote{:remote #jepsen.control.scp.Remote{:cmd-remote #jepsen.control.sshj.SSHJRemote{:concurrency-limit 6,
                                                                                                             :conn-spec nil,
                                                                                                             :client nil,
                                                                                                             :semaphore nil},
                                                                 :conn-spec nil},
                              :conn nil}
 :log-net-send false
 :node-count 5
 :availability nil
 :max-txn-length 4
 :concurrency 5
 :db
 #object[maelstrom.db$db$reify__16142
         "0x473e0536"
         "maelstrom.db$db$reify__16142@473e0536"]
 :max-writes-per-key 16
 :leave-db-running? false
 :name "broadcast"
 :logging-json? false
 :start-time
 #object[org.joda.time.DateTime "0x4c02f50" "2024-12-26T17:33:40.345+05:30"]
 :nemesis-interval 10
 :net
 #object[maelstrom.net$jepsen_net$reify__15251
         "0x35852b6"
         "maelstrom.net$jepsen_net$reify__15251@35852b6"]
 :client
 #object[maelstrom.workload.broadcast$client$reify__16644
         "0x27d6ff8c"
         "maelstrom.workload.broadcast$client$reify__16644@27d6ff8c"]
 :barrier
 #object[java.util.concurrent.CyclicBarrier
         "0x105c253a"
         "java.util.concurrent.CyclicBarrier@105c253a"]
 :log-stderr false
 :pure-generators true
 :ssh {:dummy? true}
 :rate 10.0
 :checker
 #object[jepsen.checker$compose$reify__11881
         "0x156322ce"
         "jepsen.checker$compose$reify__11881@156322ce"]
 :argv
 ("test"
  "-w"
  "broadcast"
  "--bin"
  "./three/b/maelstrom-broadcast"
  "--node-count"
  "5"
  "--time-limit"
  "20"
  "--rate"
  "10")
 :nemesis
 (jepsen.nemesis.ReflCompose
  {:fm {:start-partition 0,
        :stop-partition 0,
        :kill 1,
        :start 1,
        :pause 1,
        :resume 1},
   :nemeses [#unprintable "jepsen.nemesis.combined$partition_nemesis$reify__16416@546f0f36"
             #unprintable "jepsen.nemesis.combined$db_nemesis$reify__16397@44d5a0a8"]})
 :nodes ["n0" "n1" "n2" "n3" "n4"]
 :test-count 1
 :latency {:mean 0, :dist :constant}
 :bin "./three/b/maelstrom-broadcast"
 :generator
 ((jepsen.generator.Synchronize
   {:gen (jepsen.generator.TimeLimit
          {:limit 20000000000,
           :cutoff nil,
           :gen (jepsen.generator.Any
                 {:gens [(jepsen.generator.OnThreads
                          {:f #{:nemesis},
                           :context-filter #object[jepsen.generator.context$make_thread_filter$lazy_filter__9167
                                                   "0x1ad4ff2a"
                                                   "jepsen.generator.context$make_thread_filter$lazy_filter__9167@1ad4ff2a"],
                           :gen nil})
                         (jepsen.generator.OnThreads
                          {:f #jepsen.generator.context.AllBut{:element :nemesis},
                           :context-filter #object[jepsen.generator.context$make_thread_filter$lazy_filter__9167
                                                   "0x625ae6d"
                                                   "jepsen.generator.context$make_thread_filter$lazy_filter__9167@625ae6d"],
                           :gen (jepsen.generator.Stagger
                                 {:dt 200000000,
                                  :next-time nil,
                                  :gen (jepsen.generator.Mix
                                        {:i 0,
                                         :gens [({:f :broadcast, :value 0}
                                                 {:f :broadcast, :value 1}
                                                 {:f :broadcast, :value 2}
                                                 {:f :broadcast, :value 3}
                                                 {:f :broadcast, :value 4}
                                                 {:f :broadcast, :value 5}
                                                 {:f :broadcast, :value 6}
                                                 {:f :broadcast, :value 7}
                                                 ...)
                                                ({:f :read}
                                                 {:f :read}
                                                 {:f :read}
                                                 {:f :read}
                                                 {:f :read}
                                                 {:f :read}
                                                 {:f :read}
                                                 {:f :read}
                                                 ...)]})})})]})})})
  (jepsen.generator.Synchronize
   {:gen (jepsen.generator.OnThreads
          {:f #{:nemesis},
           :context-filter #object[jepsen.generator.context$make_thread_filter$lazy_filter__9167
                                   "0x5cdb7b"
                                   "jepsen.generator.context$make_thread_filter$lazy_filter__9167@5cdb7b"],
           :gen ()})})
  (jepsen.generator.Synchronize
   {:gen {:type :log, :value "Waiting for recovery..."}})
  (jepsen.generator.Synchronize {:gen {:type :sleep, :value 10}})
  (jepsen.generator.Synchronize
   {:gen (jepsen.generator.OnThreads
          {:f #jepsen.generator.context.AllBut{:element :nemesis},
           :context-filter #object[jepsen.generator.context$make_thread_filter$lazy_filter__9167
                                   "0x3dcc59f5"
                                   "jepsen.generator.context$make_thread_filter$lazy_filter__9167@3dcc59f5"],
           :gen (jepsen.generator.EachThread
                 {:fresh-gen {:f :read, :final? true},
                  :context-filters #object[clojure.core$promise$reify__8591
                                           "0x16b1dee7"
                                           {:status :pending, :val nil}],
                  :gens {}})})}))
 :log-net-recv false
 :os
 #object[maelstrom.net$jepsen_os$reify__15254
         "0x690337df"
         "maelstrom.net$jepsen_os$reify__15254@690337df"]
 :time-limit 20
 :workload :broadcast
 :consistency-models [:strict-serializable]
 :topology :grid}

2024-12-26 17:33:41,378{GMT}	INFO	[jepsen node n0] maelstrom.net: Starting Maelstrom network
2024-12-26 17:33:41,379{GMT}	INFO	[jepsen test runner] jepsen.db: Tearing down DB
2024-12-26 17:33:41,381{GMT}	INFO	[jepsen test runner] jepsen.db: Setting up DB
2024-12-26 17:33:41,381{GMT}	INFO	[jepsen node n1] maelstrom.db: Setting up n1
2024-12-26 17:33:41,381{GMT}	INFO	[jepsen node n4] maelstrom.db: Setting up n4
2024-12-26 17:33:41,381{GMT}	INFO	[jepsen node n3] maelstrom.db: Setting up n3
2024-12-26 17:33:41,381{GMT}	INFO	[jepsen node n2] maelstrom.db: Setting up n2
2024-12-26 17:33:41,382{GMT}	INFO	[jepsen node n3] maelstrom.process: launching ./three/b/maelstrom-broadcast []
2024-12-26 17:33:41,382{GMT}	INFO	[jepsen node n4] maelstrom.process: launching ./three/b/maelstrom-broadcast []
2024-12-26 17:33:41,382{GMT}	INFO	[jepsen node n2] maelstrom.process: launching ./three/b/maelstrom-broadcast []
2024-12-26 17:33:41,382{GMT}	INFO	[jepsen node n1] maelstrom.process: launching ./three/b/maelstrom-broadcast []
2024-12-26 17:33:41,383{GMT}	INFO	[jepsen node n0] maelstrom.service: Starting services: (lin-kv lin-tso lww-kv seq-kv)
2024-12-26 17:33:41,385{GMT}	INFO	[jepsen node n0] maelstrom.db: Setting up n0
2024-12-26 17:33:41,386{GMT}	INFO	[jepsen node n0] maelstrom.process: launching ./three/b/maelstrom-broadcast []
2024-12-26 17:33:41,403{GMT}	INFO	[jepsen test runner] jepsen.core: Relative time begins now
2024-12-26 17:33:41,421{GMT}	INFO	[jepsen worker 0] jepsen.util: 0	:invoke	:broadcast	0
2024-12-26 17:33:41,426{GMT}	INFO	[jepsen worker 0] jepsen.util: 0	:ok	:broadcast	0
2024-12-26 17:33:41,547{GMT}	INFO	[jepsen worker 1] jepsen.util: 1	:invoke	:broadcast	1
2024-12-26 17:33:41,550{GMT}	INFO	[jepsen worker 1] jepsen.util: 1	:ok	:broadcast	1
2024-12-26 17:33:41,682{GMT}	INFO	[jepsen worker 2] jepsen.util: 2	:invoke	:broadcast	2
2024-12-26 17:33:41,689{GMT}	INFO	[jepsen worker 2] jepsen.util: 2	:ok	:broadcast	2
2024-12-26 17:33:41,730{GMT}	INFO	[jepsen worker 3] jepsen.util: 3	:invoke	:read	nil
2024-12-26 17:33:41,737{GMT}	INFO	[jepsen worker 3] jepsen.util: 3	:ok	:read	[0 1 2]
2024-12-26 17:33:41,844{GMT}	INFO	[jepsen worker 4] jepsen.util: 4	:invoke	:read	nil
2024-12-26 17:33:41,849{GMT}	INFO	[jepsen worker 4] jepsen.util: 4	:ok	:read	[0 1 2]
2024-12-26 17:33:42,013{GMT}	INFO	[jepsen worker 0] jepsen.util: 0	:invoke	:read	nil
2024-12-26 17:33:42,016{GMT}	INFO	[jepsen worker 0] jepsen.util: 0	:ok	:read	[0 1 2]
2024-12-26 17:33:42,022{GMT}	INFO	[jepsen worker 0] jepsen.util: 0	:invoke	:broadcast	3
2024-12-26 17:33:42,025{GMT}	INFO	[jepsen worker 0] jepsen.util: 0	:ok	:broadcast	3
2024-12-26 17:33:42,077{GMT}	INFO	[jepsen worker 1] jepsen.util: 1	:invoke	:broadcast	4
2024-12-26 17:33:42,080{GMT}	INFO	[jepsen worker 1] jepsen.util: 1	:ok	:broadcast	4
2024-12-26 17:33:42,189{GMT}	INFO	[jepsen worker 2] jepsen.util: 2	:invoke	:read	nil
2024-12-26 17:33:42,191{GMT}	INFO	[jepsen worker 2] jepsen.util: 2	:ok	:read	[0 1 2 3 4]
2024-12-26 17:33:42,246{GMT}	INFO	[jepsen worker 3] jepsen.util: 3	:invoke	:read	nil
2024-12-26 17:33:42,249{GMT}	INFO	[jepsen worker 3] jepsen.util: 3	:ok	:read	[0 1 2 3 4]
2024-12-26 17:33:42,391{GMT}	INFO	[jepsen worker 4] jepsen.util: 4	:invoke	:read	nil
2024-12-26 17:33:42,393{GMT}	INFO	[jepsen worker 4] jepsen.util: 4	:ok	:read	[1 2 3 4 0]
2024-12-26 17:33:42,471{GMT}	INFO	[jepsen worker 0] jepsen.util: 0	:invoke	:read	nil
2024-12-26 17:33:42,473{GMT}	INFO	[jepsen worker 0] jepsen.util: 0	:ok	:read	[0 1 2 3 4]
2024-12-26 17:33:42,493{GMT}	INFO	[jepsen worker 0] jepsen.util: 0	:invoke	:read	nil
2024-12-26 17:33:42,496{GMT}	INFO	[jepsen worker 0] jepsen.util: 0	:ok	:read	[4 0 1 2 3]
2024-12-26 17:33:42,561{GMT}	INFO	[jepsen worker 1] jepsen.util: 1	:invoke	:read	nil
2024-12-26 17:33:42,565{GMT}	INFO	[jepsen worker 1] jepsen.util: 1	:ok	:read	[1 2 3 4 0]
2024-12-26 17:33:42,650{GMT}	INFO	[jepsen worker 2] jepsen.util: 2	:invoke	:broadcast	5
2024-12-26 17:33:42,652{GMT}	INFO	[jepsen worker 2] jepsen.util: 2	:ok	:broadcast	5
2024-12-26 17:33:42,704{GMT}	INFO	[jepsen worker 3] jepsen.util: 3	:invoke	:broadcast	6
2024-12-26 17:33:42,708{GMT}	INFO	[jepsen worker 3] jepsen.util: 3	:ok	:broadcast	6
2024-12-26 17:33:42,770{GMT}	INFO	[jepsen worker 4] jepsen.util: 4	:invoke	:read	nil
2024-12-26 17:33:42,774{GMT}	INFO	[jepsen worker 4] jepsen.util: 4	:ok	:read	[5 6 0 1 2 3 4]
2024-12-26 17:33:42,823{GMT}	INFO	[jepsen worker 0] jepsen.util: 0	:invoke	:read	nil
2024-12-26 17:33:42,824{GMT}	INFO	[jepsen worker 0] jepsen.util: 0	:ok	:read	[6 0 1 2 3 4 5]
2024-12-26 17:33:42,948{GMT}	INFO	[jepsen worker 0] jepsen.util: 0	:invoke	:read	nil
2024-12-26 17:33:42,950{GMT}	INFO	[jepsen worker 0] jepsen.util: 0	:ok	:read	[0 1 2 3 4 5 6]
2024-12-26 17:33:43,016{GMT}	INFO	[jepsen worker 1] jepsen.util: 1	:invoke	:read	nil
2024-12-26 17:33:43,019{GMT}	INFO	[jepsen worker 1] jepsen.util: 1	:ok	:read	[6 0 1 2 3 4 5]
2024-12-26 17:33:43,167{GMT}	INFO	[jepsen worker 2] jepsen.util: 2	:invoke	:read	nil
2024-12-26 17:33:43,171{GMT}	INFO	[jepsen worker 2] jepsen.util: 2	:ok	:read	[4 5 6 0 1 2 3]
2024-12-26 17:33:43,315{GMT}	INFO	[jepsen worker 3] jepsen.util: 3	:invoke	:read	nil
2024-12-26 17:33:43,318{GMT}	INFO	[jepsen worker 3] jepsen.util: 3	:ok	:read	[4 5 6 0 1 2 3]
2024-12-26 17:33:43,380{GMT}	INFO	[jepsen worker 4] jepsen.util: 4	:invoke	:broadcast	7
2024-12-26 17:33:43,383{GMT}	INFO	[jepsen worker 4] jepsen.util: 4	:ok	:broadcast	7
2024-12-26 17:33:43,558{GMT}	INFO	[jepsen worker 0] jepsen.util: 0	:invoke	:broadcast	8
2024-12-26 17:33:43,562{GMT}	INFO	[jepsen worker 0] jepsen.util: 0	:ok	:broadcast	8
2024-12-26 17:33:43,679{GMT}	INFO	[jepsen worker 0] jepsen.util: 0	:invoke	:broadcast	9
2024-12-26 17:33:43,682{GMT}	INFO	[jepsen worker 0] jepsen.util: 0	:ok	:broadcast	9
2024-12-26 17:33:43,845{GMT}	INFO	[jepsen worker 1] jepsen.util: 1	:invoke	:read	nil
2024-12-26 17:33:43,848{GMT}	INFO	[jepsen worker 1] jepsen.util: 1	:ok	:read	[1 3 9 0 2 4 5 6 7 8]
2024-12-26 17:33:43,991{GMT}	INFO	[jepsen worker 2] jepsen.util: 2	:invoke	:read	nil
2024-12-26 17:33:43,995{GMT}	INFO	[jepsen worker 2] jepsen.util: 2	:ok	:read	[2 5 6 0 1 7 8 9 3 4]
2024-12-26 17:33:43,998{GMT}	INFO	[jepsen worker 3] jepsen.util: 3	:invoke	:broadcast	10
2024-12-26 17:33:43,999{GMT}	INFO	[jepsen worker 3] jepsen.util: 3	:ok	:broadcast	10
2024-12-26 17:33:44,106{GMT}	INFO	[jepsen worker 4] jepsen.util: 4	:invoke	:read	nil
2024-12-26 17:33:44,109{GMT}	INFO	[jepsen worker 4] jepsen.util: 4	:ok	:read	[4 5 6 9 10 0 2 7 8 1 3]
2024-12-26 17:33:44,154{GMT}	INFO	[jepsen worker 0] jepsen.util: 0	:invoke	:broadcast	11
2024-12-26 17:33:44,157{GMT}	INFO	[jepsen worker 0] jepsen.util: 0	:ok	:broadcast	11
2024-12-26 17:33:44,161{GMT}	INFO	[jepsen worker 0] jepsen.util: 0	:invoke	:read	nil
2024-12-26 17:33:44,163{GMT}	INFO	[jepsen worker 0] jepsen.util: 0	:ok	:read	[0 2 4 9 10 11 1 3 5 6 7 8]
2024-12-26 17:33:44,216{GMT}	INFO	[jepsen worker 1] jepsen.util: 1	:invoke	:broadcast	12
2024-12-26 17:33:44,219{GMT}	INFO	[jepsen worker 1] jepsen.util: 1	:ok	:broadcast	12
2024-12-26 17:33:44,326{GMT}	INFO	[jepsen worker 2] jepsen.util: 2	:invoke	:read	nil
2024-12-26 17:33:44,330{GMT}	INFO	[jepsen worker 2] jepsen.util: 2	:ok	:read	[1 2 5 6 12 0 4 7 8 9 10 11 3]
2024-12-26 17:33:44,495{GMT}	INFO	[jepsen worker 3] jepsen.util: 3	:invoke	:read	nil
2024-12-26 17:33:44,498{GMT}	INFO	[jepsen worker 3] jepsen.util: 3	:ok	:read	[10 11 0 5 3 4 6 7 8 9 1 2 12]
2024-12-26 17:33:44,678{GMT}	INFO	[jepsen worker 4] jepsen.util: 4	:invoke	:read	nil
2024-12-26 17:33:44,679{GMT}	INFO	[jepsen worker 4] jepsen.util: 4	:ok	:read	[1 3 7 8 11 0 2 4 5 6 9 10 12]
2024-12-26 17:33:44,835{GMT}	INFO	[jepsen worker 0] jepsen.util: 0	:invoke	:broadcast	13
2024-12-26 17:33:44,836{GMT}	INFO	[jepsen worker 0] jepsen.util: 0	:ok	:broadcast	13
2024-12-26 17:33:44,871{GMT}	INFO	[jepsen worker 0] jepsen.util: 0	:invoke	:broadcast	14
2024-12-26 17:33:44,872{GMT}	INFO	[jepsen worker 0] jepsen.util: 0	:ok	:broadcast	14
2024-12-26 17:33:44,955{GMT}	INFO	[jepsen worker 1] jepsen.util: 1	:invoke	:broadcast	15
2024-12-26 17:33:44,956{GMT}	INFO	[jepsen worker 1] jepsen.util: 1	:ok	:broadcast	15
2024-12-26 17:33:45,086{GMT}	INFO	[jepsen worker 2] jepsen.util: 2	:invoke	:broadcast	16
2024-12-26 17:33:45,090{GMT}	INFO	[jepsen worker 2] jepsen.util: 2	:ok	:broadcast	16
2024-12-26 17:33:45,234{GMT}	INFO	[jepsen worker 3] jepsen.util: 3	:invoke	:read	nil
2024-12-26 17:33:45,237{GMT}	INFO	[jepsen worker 3] jepsen.util: 3	:ok	:read	[0 5 10 11 13 1 3 6 7 8 15 16 2 4 9 12 14]
2024-12-26 17:33:45,243{GMT}	INFO	[jepsen worker 4] jepsen.util: 4	:invoke	:broadcast	17
2024-12-26 17:33:45,246{GMT}	INFO	[jepsen worker 4] jepsen.util: 4	:ok	:broadcast	17
2024-12-26 17:33:45,277{GMT}	INFO	[jepsen worker 0] jepsen.util: 0	:invoke	:read	nil
2024-12-26 17:33:45,280{GMT}	INFO	[jepsen worker 0] jepsen.util: 0	:ok	:read	[4 13 15 8 14 17 1 5 7 10 12 0 2 9 16 3 6 11]
2024-12-26 17:33:45,437{GMT}	INFO	[jepsen worker 0] jepsen.util: 0	:invoke	:read	nil
2024-12-26 17:33:45,440{GMT}	INFO	[jepsen worker 0] jepsen.util: 0	:ok	:read	[9 10 12 0 2 11 16 3 6 15 4 13 7 8 14 17 1 5]
2024-12-26 17:33:45,628{GMT}	INFO	[jepsen worker 1] jepsen.util: 1	:invoke	:broadcast	18
2024-12-26 17:33:45,630{GMT}	INFO	[jepsen worker 1] jepsen.util: 1	:ok	:broadcast	18
2024-12-26 17:33:45,641{GMT}	INFO	[jepsen worker 2] jepsen.util: 2	:invoke	:read	nil
2024-12-26 17:33:45,643{GMT}	INFO	[jepsen worker 2] jepsen.util: 2	:ok	:read	[3 4 11 15 16 17 6 12 7 8 9 10 18 0 1 2 5 13 14]
2024-12-26 17:33:45,821{GMT}	INFO	[jepsen worker 3] jepsen.util: 3	:invoke	:broadcast	19
2024-12-26 17:33:45,822{GMT}	INFO	[jepsen worker 3] jepsen.util: 3	:ok	:broadcast	19
2024-12-26 17:33:45,974{GMT}	INFO	[jepsen worker 4] jepsen.util: 4	:invoke	:read	nil
2024-12-26 17:33:45,976{GMT}	INFO	[jepsen worker 4] jepsen.util: 4	:ok	:read	[0 2 4 10 11 14 15 1 3 7 8 13 17 19 5 6 9 12 18 16]
2024-12-26 17:33:46,047{GMT}	INFO	[jepsen worker 0] jepsen.util: 0	:invoke	:broadcast	20
2024-12-26 17:33:46,048{GMT}	INFO	[jepsen worker 0] jepsen.util: 0	:ok	:broadcast	20
2024-12-26 17:33:46,131{GMT}	INFO	[jepsen worker 0] jepsen.util: 0	:invoke	:broadcast	21
2024-12-26 17:33:46,133{GMT}	INFO	[jepsen worker 0] jepsen.util: 0	:ok	:broadcast	21
2024-12-26 17:33:46,227{GMT}	INFO	[jepsen worker 1] jepsen.util: 1	:invoke	:broadcast	22
2024-12-26 17:33:46,230{GMT}	INFO	[jepsen worker 1] jepsen.util: 1	:ok	:broadcast	22
2024-12-26 17:33:46,424{GMT}	INFO	[jepsen worker 2] jepsen.util: 2	:invoke	:read	nil
2024-12-26 17:33:46,426{GMT}	INFO	[jepsen worker 2] jepsen.util: 2	:ok	:read	[1 2 5 13 14 0 4 11 15 16 17 20 3 12 21 22 6 8 9 10 18 19 7]
2024-12-26 17:33:46,571{GMT}	INFO	[jepsen worker 3] jepsen.util: 3	:invoke	:read	nil
2024-12-26 17:33:46,573{GMT}	INFO	[jepsen worker 3] jepsen.util: 3	:ok	:read	[10 11 13 22 0 5 6 7 8 18 20 1 3 17 19 15 16 9 12 14 21 2 4]
2024-12-26 17:33:46,628{GMT}	INFO	[jepsen worker 4] jepsen.util: 4	:invoke	:read	nil
2024-12-26 17:33:46,630{GMT}	INFO	[jepsen worker 4] jepsen.util: 4	:ok	:read	[0 2 4 10 11 14 15 1 3 7 8 13 17 19 5 6 9 12 18 20 21 22 16]
2024-12-26 17:33:46,698{GMT}	INFO	[jepsen worker 0] jepsen.util: 0	:invoke	:broadcast	23
2024-12-26 17:33:46,701{GMT}	INFO	[jepsen worker 0] jepsen.util: 0	:ok	:broadcast	23
2024-12-26 17:33:46,838{GMT}	INFO	[jepsen worker 0] jepsen.util: 0	:invoke	:broadcast	24
2024-12-26 17:33:46,840{GMT}	INFO	[jepsen worker 0] jepsen.util: 0	:ok	:broadcast	24
2024-12-26 17:33:47,013{GMT}	INFO	[jepsen worker 1] jepsen.util: 1	:invoke	:broadcast	25
2024-12-26 17:33:47,014{GMT}	INFO	[jepsen worker 1] jepsen.util: 1	:ok	:broadcast	25
2024-12-26 17:33:47,014{GMT}	INFO	[jepsen worker 2] jepsen.util: 2	:invoke	:broadcast	26
2024-12-26 17:33:47,015{GMT}	INFO	[jepsen worker 2] jepsen.util: 2	:ok	:broadcast	26
2024-12-26 17:33:47,045{GMT}	INFO	[jepsen worker 3] jepsen.util: 3	:invoke	:read	nil
2024-12-26 17:33:47,046{GMT}	INFO	[jepsen worker 3] jepsen.util: 3	:ok	:read	[21 23 2 4 9 0 5 10 13 20 24 1 3 7 16 17 14 12 11 22 25 26 8 18 6 15 19]
2024-12-26 17:33:47,204{GMT}	INFO	[jepsen worker 4] jepsen.util: 4	:invoke	:read	nil
2024-12-26 17:33:47,205{GMT}	INFO	[jepsen worker 4] jepsen.util: 4	:ok	:read	[8 24 20 21 9 12 16 4 10 11 15 0 2 7 13 17 19 26 1 3 18 22 23 5 6 25 14]
2024-12-26 17:33:47,289{GMT}	INFO	[jepsen worker 0] jepsen.util: 0	:invoke	:broadcast	27
2024-12-26 17:33:47,290{GMT}	INFO	[jepsen worker 0] jepsen.util: 0	:ok	:broadcast	27
2024-12-26 17:33:47,337{GMT}	INFO	[jepsen worker 0] jepsen.util: 0	:invoke	:broadcast	28
2024-12-26 17:33:47,338{GMT}	INFO	[jepsen worker 0] jepsen.util: 0	:ok	:broadcast	28
2024-12-26 17:33:47,517{GMT}	INFO	[jepsen worker 1] jepsen.util: 1	:invoke	:broadcast	29
2024-12-26 17:33:47,520{GMT}	INFO	[jepsen worker 1] jepsen.util: 1	:ok	:broadcast	29
2024-12-26 17:33:47,670{GMT}	INFO	[jepsen worker 2] jepsen.util: 2	:invoke	:read	nil
2024-12-26 17:33:47,674{GMT}	INFO	[jepsen worker 2] jepsen.util: 2	:ok	:read	[5 13 14 1 11 15 17 29 4 21 28 12 10 26 8 2 27 0 16 20 24 3 22 6 9 18 19 23 25 7]
2024-12-26 17:33:47,779{GMT}	INFO	[jepsen worker 3] jepsen.util: 3	:invoke	:read	nil
2024-12-26 17:33:47,782{GMT}	INFO	[jepsen worker 3] jepsen.util: 3	:ok	:read	[0 5 10 13 24 1 3 7 20 16 17 12 14 11 22 25 26 6 8 18 27 15 19 23 28 29 2 4 9 21]
2024-12-26 17:33:47,893{GMT}	INFO	[jepsen worker 4] jepsen.util: 4	:invoke	:broadcast	30
2024-12-26 17:33:47,895{GMT}	INFO	[jepsen worker 4] jepsen.util: 4	:ok	:broadcast	30
2024-12-26 17:33:47,946{GMT}	INFO	[jepsen worker 0] jepsen.util: 0	:invoke	:broadcast	31
2024-12-26 17:33:47,947{GMT}	INFO	[jepsen worker 0] jepsen.util: 0	:ok	:broadcast	31
2024-12-26 17:33:47,965{GMT}	INFO	[jepsen worker 0] jepsen.util: 0	:invoke	:broadcast	32
2024-12-26 17:33:47,966{GMT}	INFO	[jepsen worker 0] jepsen.util: 0	:ok	:broadcast	32
2024-12-26 17:33:48,048{GMT}	INFO	[jepsen worker 1] jepsen.util: 1	:invoke	:broadcast	33
2024-12-26 17:33:48,051{GMT}	INFO	[jepsen worker 1] jepsen.util: 1	:ok	:broadcast	33
2024-12-26 17:33:48,087{GMT}	INFO	[jepsen worker 2] jepsen.util: 2	:invoke	:broadcast	34
2024-12-26 17:33:48,089{GMT}	INFO	[jepsen worker 2] jepsen.util: 2	:ok	:broadcast	34
2024-12-26 17:33:48,201{GMT}	INFO	[jepsen worker 3] jepsen.util: 3	:invoke	:broadcast	35
2024-12-26 17:33:48,203{GMT}	INFO	[jepsen worker 3] jepsen.util: 3	:ok	:broadcast	35
2024-12-26 17:33:48,361{GMT}	INFO	[jepsen worker 4] jepsen.util: 4	:invoke	:broadcast	36
2024-12-26 17:33:48,362{GMT}	INFO	[jepsen worker 4] jepsen.util: 4	:ok	:broadcast	36
2024-12-26 17:33:48,499{GMT}	INFO	[jepsen worker 0] jepsen.util: 0	:invoke	:read	nil
2024-12-26 17:33:48,501{GMT}	INFO	[jepsen worker 0] jepsen.util: 0	:ok	:read	[3 4 13 15 29 31 35 2 9 12 22 24 6 11 16 19 21 27 32 18 26 34 25 1 5 7 8 14 17 23 28 30 33 36 0 10 20]
2024-12-26 17:33:48,692{GMT}	INFO	[jepsen worker 0] jepsen.util: 0	:invoke	:read	nil
2024-12-26 17:33:48,693{GMT}	INFO	[jepsen worker 0] jepsen.util: 0	:ok	:read	[7 8 14 17 23 25 1 5 33 36 28 30 20 0 10 3 15 29 4 13 31 35 12 22 24 2 9 16 19 21 27 32 6 11 34 18 26]
2024-12-26 17:33:48,801{GMT}	INFO	[jepsen worker 1] jepsen.util: 1	:invoke	:broadcast	37
2024-12-26 17:33:48,802{GMT}	INFO	[jepsen worker 1] jepsen.util: 1	:ok	:broadcast	37
2024-12-26 17:33:48,976{GMT}	INFO	[jepsen worker 2] jepsen.util: 2	:invoke	:broadcast	38
2024-12-26 17:33:48,977{GMT}	INFO	[jepsen worker 2] jepsen.util: 2	:ok	:broadcast	38
2024-12-26 17:33:48,992{GMT}	INFO	[jepsen worker 3] jepsen.util: 3	:invoke	:read	nil
2024-12-26 17:33:48,993{GMT}	INFO	[jepsen worker 3] jepsen.util: 3	:ok	:read	[10 13 31 0 5 7 20 24 32 1 3 16 17 36 12 14 25 26 35 38 11 22 18 27 6 8 30 33 34 15 19 9 21 23 28 29 37 2 4]
2024-12-26 17:33:49,110{GMT}	INFO	[jepsen worker 4] jepsen.util: 4	:invoke	:read	nil
2024-12-26 17:33:49,112{GMT}	INFO	[jepsen worker 4] jepsen.util: 4	:ok	:read	[16 15 0 2 4 10 11 19 26 34 1 3 7 13 17 37 5 6 18 22 23 25 27 32 36 38 14 28 29 35 8 24 30 31 9 12 20 21 33]
2024-12-26 17:33:49,176{GMT}	INFO	[jepsen worker 0] jepsen.util: 0	:invoke	:read	nil
2024-12-26 17:33:49,177{GMT}	INFO	[jepsen worker 0] jepsen.util: 0	:ok	:read	[6 11 16 19 21 27 32 18 26 34 1 5 7 8 14 17 23 25 28 30 33 36 0 10 20 37 38 3 4 13 15 29 31 35 2 9 12 22 24]
2024-12-26 17:33:49,277{GMT}	INFO	[jepsen worker 0] jepsen.util: 0	:invoke	:broadcast	39
2024-12-26 17:33:49,279{GMT}	INFO	[jepsen worker 0] jepsen.util: 0	:ok	:broadcast	39
2024-12-26 17:33:49,315{GMT}	INFO	[jepsen worker 1] jepsen.util: 1	:invoke	:read	nil
2024-12-26 17:33:49,317{GMT}	INFO	[jepsen worker 1] jepsen.util: 1	:ok	:read	[30 32 4 11 16 12 14 15 26 31 5 10 25 38 3 22 8 9 19 27 39 2 6 36 20 29 17 34 35 0 7 18 21 23 24 28 33 1 13 37]
2024-12-26 17:33:49,435{GMT}	INFO	[jepsen worker 2] jepsen.util: 2	:invoke	:read	nil
2024-12-26 17:33:49,436{GMT}	INFO	[jepsen worker 2] jepsen.util: 2	:ok	:read	[6 22 38 7 9 18 19 23 25 1 5 13 14 32 37 39 4 11 15 17 29 31 33 12 21 28 30 34 8 10 26 35 0 2 27 3 16 20 24 36]
2024-12-26 17:33:49,613{GMT}	INFO	[jepsen worker 3] jepsen.util: 3	:invoke	:read	nil
2024-12-26 17:33:49,616{GMT}	INFO	[jepsen worker 3] jepsen.util: 3	:ok	:read	[26 35 38 11 22 25 27 6 8 18 33 34 15 19 30 21 23 28 29 37 2 4 9 13 31 0 5 10 20 24 32 1 3 7 16 17 39 12 14 36]
2024-12-26 17:33:49,723{GMT}	INFO	[jepsen worker 4] jepsen.util: 4	:invoke	:broadcast	40
2024-12-26 17:33:49,725{GMT}	INFO	[jepsen worker 4] jepsen.util: 4	:ok	:broadcast	40
2024-12-26 17:33:49,768{GMT}	INFO	[jepsen worker 0] jepsen.util: 0	:invoke	:broadcast	41
2024-12-26 17:33:49,771{GMT}	INFO	[jepsen worker 0] jepsen.util: 0	:ok	:broadcast	41
2024-12-26 17:33:49,798{GMT}	INFO	[jepsen worker 0] jepsen.util: 0	:invoke	:broadcast	42
2024-12-26 17:33:49,801{GMT}	INFO	[jepsen worker 0] jepsen.util: 0	:ok	:broadcast	42
2024-12-26 17:33:49,881{GMT}	INFO	[jepsen worker 1] jepsen.util: 1	:invoke	:broadcast	43
2024-12-26 17:33:49,884{GMT}	INFO	[jepsen worker 1] jepsen.util: 1	:ok	:broadcast	43
2024-12-26 17:33:49,942{GMT}	INFO	[jepsen worker 2] jepsen.util: 2	:invoke	:broadcast	44
2024-12-26 17:33:49,944{GMT}	INFO	[jepsen worker 2] jepsen.util: 2	:ok	:broadcast	44
2024-12-26 17:33:50,132{GMT}	INFO	[jepsen worker 3] jepsen.util: 3	:invoke	:read	nil
2024-12-26 17:33:50,135{GMT}	INFO	[jepsen worker 3] jepsen.util: 3	:ok	:read	[16 17 41 39 12 14 36 26 35 38 11 22 25 27 40 42 6 8 18 33 34 15 19 30 21 23 28 29 37 2 4 9 43 44 13 31 0 5 10 20 24 32 1 3 7]
2024-12-26 17:33:50,211{GMT}	INFO	[jepsen worker 4] jepsen.util: 4	:invoke	:read	nil
2024-12-26 17:33:50,214{GMT}	INFO	[jepsen worker 4] jepsen.util: 4	:ok	:read	[8 24 30 31 9 12 20 21 33 41 16 43 0 2 4 10 11 15 42 34 1 3 7 13 17 19 26 37 5 6 18 22 23 39 25 27 32 36 38 40 44 14 28 29 35]
2024-12-26 17:33:50,407{GMT}	INFO	[jepsen worker 0] jepsen.util: 0	:invoke	:broadcast	45
2024-12-26 17:33:50,409{GMT}	INFO	[jepsen worker 0] jepsen.util: 0	:ok	:broadcast	45
2024-12-26 17:33:50,427{GMT}	INFO	[jepsen worker 0] jepsen.util: 0	:invoke	:broadcast	46
2024-12-26 17:33:50,430{GMT}	INFO	[jepsen worker 0] jepsen.util: 0	:ok	:broadcast	46
2024-12-26 17:33:50,596{GMT}	INFO	[jepsen worker 1] jepsen.util: 1	:invoke	:read	nil
2024-12-26 17:33:50,599{GMT}	INFO	[jepsen worker 1] jepsen.util: 1	:ok	:read	[14 15 26 31 41 5 10 12 46 38 40 3 22 25 9 19 27 39 45 2 6 8 20 29 36 34 35 43 0 7 17 21 23 24 28 33 1 13 18 37 42 44 32 4 11 30 16]
2024-12-26 17:33:50,725{GMT}	INFO	[jepsen worker 2] jepsen.util: 2	:invoke	:read	nil
2024-12-26 17:33:50,728{GMT}	INFO	[jepsen worker 2] jepsen.util: 2	:ok	:read	[22 38 6 9 18 19 23 25 7 5 13 14 32 37 39 1 11 15 17 29 31 33 42 4 21 28 30 34 12 10 26 35 41 45 8 2 27 44 46 0 16 20 24 36 40 43 3]
2024-12-26 17:33:50,880{GMT}	INFO	[jepsen worker 3] jepsen.util: 3	:invoke	:read	nil
2024-12-26 17:33:50,883{GMT}	INFO	[jepsen worker 3] jepsen.util: 3	:ok	:read	[22 25 26 35 38 11 8 18 27 40 42 6 19 30 33 34 45 15 4 9 21 23 28 29 37 2 44 43 5 10 13 31 0 3 7 20 24 32 1 17 41 16 14 36 39 46 12]
2024-12-26 17:33:50,946{GMT}	INFO	[jepsen worker 4] jepsen.util: 4	:invoke	:broadcast	47
2024-12-26 17:33:50,948{GMT}	INFO	[jepsen worker 4] jepsen.util: 4	:ok	:broadcast	47
2024-12-26 17:33:51,024{GMT}	INFO	[jepsen worker 0] jepsen.util: 0	:invoke	:broadcast	48
2024-12-26 17:33:51,027{GMT}	INFO	[jepsen worker 0] jepsen.util: 0	:ok	:broadcast	48
2024-12-26 17:33:51,120{GMT}	INFO	[jepsen worker 0] jepsen.util: 0	:invoke	:broadcast	49
2024-12-26 17:33:51,123{GMT}	INFO	[jepsen worker 0] jepsen.util: 0	:ok	:broadcast	49
2024-12-26 17:33:51,179{GMT}	INFO	[jepsen worker 1] jepsen.util: 1	:invoke	:read	nil
2024-12-26 17:33:51,180{GMT}	INFO	[jepsen worker 1] jepsen.util: 1	:ok	:read	[5 10 12 14 15 26 31 41 46 3 22 25 38 40 2 6 8 9 19 27 39 45 47 20 29 36 48 0 7 17 34 35 43 1 13 18 21 23 24 28 33 37 42 44 4 11 30 32 16 49]
2024-12-26 17:33:51,295{GMT}	INFO	[jepsen worker 2] jepsen.util: 2	:invoke	:read	nil
2024-12-26 17:33:51,297{GMT}	INFO	[jepsen worker 2] jepsen.util: 2	:ok	:read	[36 40 43 49 3 16 20 24 6 22 38 23 25 7 9 18 19 32 37 39 1 5 13 14 29 31 33 42 4 11 15 17 47 48 34 12 21 28 30 41 45 8 10 26 35 46 0 2 27 44]
2024-12-26 17:33:51,465{GMT}	INFO	[jepsen worker 3] jepsen.util: 3	:invoke	:broadcast	50
2024-12-26 17:33:51,468{GMT}	INFO	[jepsen worker 3] jepsen.util: 3	:ok	:broadcast	50
2024-12-26 17:33:51,473{GMT}	INFO	[jepsen worker 4] jepsen.util: 4	:invoke	:read	nil
2024-12-26 17:33:51,476{GMT}	INFO	[jepsen worker 4] jepsen.util: 4	:ok	:read	[25 27 32 36 38 40 44 47 14 28 29 35 48 8 24 30 31 9 12 20 21 33 41 46 16 0 2 4 10 11 15 42 43 49 1 3 7 13 17 19 26 34 37 5 6 18 22 23 39 45 50]
2024-12-26 17:33:51,650{GMT}	INFO	[jepsen worker 0] jepsen.util: 0	:invoke	:read	nil
2024-12-26 17:33:51,652{GMT}	INFO	[jepsen worker 0] jepsen.util: 0	:ok	:read	[31 35 48 2 9 12 22 24 39 44 40 6 11 16 19 21 27 32 18 26 34 43 45 46 25 1 5 7 8 14 17 23 28 30 33 36 50 0 10 20 37 38 3 42 4 13 15 29 41 47 49]
2024-12-26 17:33:51,792{GMT}	INFO	[jepsen worker 0] jepsen.util: 0	:invoke	:read	nil
2024-12-26 17:33:51,795{GMT}	INFO	[jepsen worker 0] jepsen.util: 0	:ok	:read	[22 24 39 44 48 2 9 12 19 21 27 32 40 6 11 16 43 45 46 18 26 34 8 14 17 23 25 1 5 7 36 50 28 30 33 37 38 0 10 20 3 42 29 41 47 49 4 13 15 31 35]
2024-12-26 17:33:51,838{GMT}	INFO	[jepsen worker 1] jepsen.util: 1	:invoke	:broadcast	51
2024-12-26 17:33:51,840{GMT}	INFO	[jepsen worker 1] jepsen.util: 1	:ok	:broadcast	51
2024-12-26 17:33:52,016{GMT}	INFO	[jepsen worker 2] jepsen.util: 2	:invoke	:read	nil
2024-12-26 17:33:52,018{GMT}	INFO	[jepsen worker 2] jepsen.util: 2	:ok	:read	[15 17 29 31 33 42 4 11 47 48 28 30 34 12 21 26 35 41 45 50 8 10 27 44 46 0 2 20 24 36 40 43 49 3 16 38 51 6 22 18 19 23 25 7 9 13 14 32 37 39 1 5]
2024-12-26 17:33:52,161{GMT}	INFO	[jepsen worker 3] jepsen.util: 3	:invoke	:broadcast	52
2024-12-26 17:33:52,162{GMT}	INFO	[jepsen worker 3] jepsen.util: 3	:ok	:broadcast	52
2024-12-26 17:33:52,276{GMT}	INFO	[jepsen worker 4] jepsen.util: 4	:invoke	:read	nil
2024-12-26 17:33:52,277{GMT}	INFO	[jepsen worker 4] jepsen.util: 4	:ok	:read	[7 13 26 34 5 18 22 23 25 27 36 38 35 24 30 31 9 12 20 33 41 46 43 4 10 11 15 49 1 3 17 19 37 45 50 6 39 44 47 32 40 14 28 29 48 8 51 21 52 16 42 0 2]
2024-12-26 17:33:52,320{GMT}	INFO	[jepsen worker 0] jepsen.util: 0	:invoke	:read	nil
2024-12-26 17:33:52,322{GMT}	INFO	[jepsen worker 0] jepsen.util: 0	:ok	:read	[21 27 32 40 6 16 19 45 46 18 34 43 17 1 5 50 28 33 38 51 10 20 37 13 41 47 49 31 22 11 26 14 23 25 7 8 30 36 0 3 42 4 15 29 52 35 24 39 44 48 2 9 12]
2024-12-26 17:33:52,480{GMT}	INFO	[jepsen worker 0] jepsen.util: 0	:invoke	:broadcast	53
2024-12-26 17:33:52,483{GMT}	INFO	[jepsen worker 0] jepsen.util: 0	:ok	:broadcast	53
2024-12-26 17:33:52,512{GMT}	INFO	[jepsen worker 1] jepsen.util: 1	:invoke	:read	nil
2024-12-26 17:33:52,515{GMT}	INFO	[jepsen worker 1] jepsen.util: 1	:ok	:read	[29 36 48 43 0 7 17 51 53 1 24 37 32 15 31 22 25 45 52 2 8 19 20 34 35 23 28 33 42 44 13 18 21 4 11 30 16 49 14 26 41 5 10 12 46 38 40 3 39 47 50 6 9 27]
2024-12-26 17:33:52,596{GMT}	INFO	[jepsen worker 2] jepsen.util: 2	:invoke	:broadcast	54
2024-12-26 17:33:52,598{GMT}	INFO	[jepsen worker 2] jepsen.util: 2	:ok	:broadcast	54
2024-12-26 17:33:52,684{GMT}	INFO	[jepsen worker 3] jepsen.util: 3	:invoke	:read	nil
2024-12-26 17:33:52,686{GMT}	INFO	[jepsen worker 3] jepsen.util: 3	:ok	:read	[12 39 46 50 25 35 38 49 6 8 27 34 2 4 9 21 37 43 0 13 31 54 1 3 7 20 24 32 48 14 36 52 53 11 22 26 51 18 40 42 15 19 30 33 45 47 23 28 29 44 5 10 16 17 41]
2024-12-26 17:33:52,834{GMT}	INFO	[jepsen worker 4] jepsen.util: 4	:invoke	:read	nil
2024-12-26 17:33:52,837{GMT}	INFO	[jepsen worker 4] jepsen.util: 4	:ok	:read	[16 0 2 42 53 7 13 26 34 5 18 22 23 25 27 36 38 35 24 30 31 46 54 9 12 20 33 41 49 4 10 11 15 43 1 3 17 19 37 6 39 45 50 32 40 44 47 14 28 29 48 8 51 21 52]
2024-12-26 17:33:52,872{GMT}	INFO	[jepsen worker 0] jepsen.util: 0	:invoke	:read	nil
2024-12-26 17:33:52,875{GMT}	INFO	[jepsen worker 0] jepsen.util: 0	:ok	:read	[13 41 47 49 31 54 22 11 26 7 8 14 23 25 30 36 0 53 3 42 4 15 29 52 35 2 9 12 24 39 44 48 6 16 19 21 27 32 40 18 34 43 45 46 1 5 17 28 33 50 10 20 37 38 51]
2024-12-26 17:33:53,010{GMT}	INFO	[jepsen worker 0] jepsen.util: 0	:invoke	:read	nil
2024-12-26 17:33:53,013{GMT}	INFO	[jepsen worker 0] jepsen.util: 0	:ok	:read	[13 41 47 49 31 54 22 11 26 14 23 25 7 8 30 36 0 53 3 42 4 15 29 52 35 39 44 48 2 9 12 24 27 32 40 6 16 19 21 45 46 18 34 43 17 1 5 50 28 33 51 10 20 37 38]
2024-12-26 17:33:53,147{GMT}	INFO	[jepsen worker 1] jepsen.util: 1	:invoke	:read	nil
2024-12-26 17:33:53,150{GMT}	INFO	[jepsen worker 1] jepsen.util: 1	:ok	:read	[38 40 3 27 39 47 50 54 6 9 48 29 36 17 43 0 7 37 51 53 1 24 32 15 31 25 22 19 45 52 2 8 20 34 35 21 23 28 33 42 44 13 18 30 4 11 16 49 12 14 26 41 5 10 46]
2024-12-26 17:33:53,278{GMT}	INFO	[jepsen worker 2] jepsen.util: 2	:invoke	:broadcast	55
2024-12-26 17:33:53,281{GMT}	INFO	[jepsen worker 2] jepsen.util: 2	:ok	:broadcast	55
2024-12-26 17:33:53,410{GMT}	INFO	[jepsen worker 3] jepsen.util: 3	:invoke	:broadcast	56
2024-12-26 17:33:53,411{GMT}	INFO	[jepsen worker 3] jepsen.util: 3	:ok	:broadcast	56
2024-12-26 17:33:53,503{GMT}	INFO	[jepsen worker 4] jepsen.util: 4	:invoke	:broadcast	57
2024-12-26 17:33:53,505{GMT}	INFO	[jepsen worker 4] jepsen.util: 4	:ok	:broadcast	57
2024-12-26 17:33:53,662{GMT}	INFO	[jepsen worker 0] jepsen.util: 0	:invoke	:read	nil
2024-12-26 17:33:53,665{GMT}	INFO	[jepsen worker 0] jepsen.util: 0	:ok	:read	[11 26 7 8 14 23 25 30 36 0 53 3 42 56 4 15 29 52 35 2 9 12 24 39 44 48 55 6 16 19 21 27 32 40 18 34 43 45 46 1 5 17 28 33 50 10 20 37 38 51 13 41 47 49 31 54 22 57]
2024-12-26 17:33:53,786{GMT}	INFO	[jepsen worker 0] jepsen.util: 0	:invoke	:broadcast	58
2024-12-26 17:33:53,789{GMT}	INFO	[jepsen worker 0] jepsen.util: 0	:ok	:broadcast	58
2024-12-26 17:33:53,924{GMT}	INFO	[jepsen worker 1] jepsen.util: 1	:invoke	:read	nil
2024-12-26 17:33:53,926{GMT}	INFO	[jepsen worker 1] jepsen.util: 1	:ok	:read	[21 23 28 33 42 44 13 18 30 4 11 16 49 12 14 26 41 46 57 5 10 40 56 58 3 38 27 39 47 50 54 6 9 48 29 36 17 43 0 7 37 51 53 1 24 32 15 31 55 22 25 19 45 52 2 8 20 34 35]
2024-12-26 17:33:53,927{GMT}	INFO	[jepsen worker 2] jepsen.util: 2	:invoke	:read	nil
2024-12-26 17:33:53,929{GMT}	INFO	[jepsen worker 2] jepsen.util: 2	:ok	:read	[35 41 56 26 2 27 44 46 0 36 40 43 49 3 55 6 9 23 7 5 32 1 11 15 17 31 47 48 4 21 30 34 54 12 10 45 50 52 53 8 20 24 57 16 38 51 22 19 25 18 14 37 39 58 13 33 42 29 28]
2024-12-26 17:33:54,027{GMT}	INFO	[jepsen worker 3] jepsen.util: 3	:invoke	:read	nil
2024-12-26 17:33:54,030{GMT}	INFO	[jepsen worker 3] jepsen.util: 3	:ok	:read	[35 38 25 8 27 49 56 6 34 4 9 21 37 43 2 13 31 54 0 3 7 20 24 32 1 58 48 36 52 53 14 22 26 11 40 42 51 18 19 30 33 45 47 15 28 29 44 23 10 5 57 17 41 55 16 39 46 50 12]
2024-12-26 17:33:54,218{GMT}	INFO	[jepsen worker 4] jepsen.util: 4	:invoke	:broadcast	59
2024-12-26 17:33:54,220{GMT}	INFO	[jepsen worker 4] jepsen.util: 4	:ok	:broadcast	59
2024-12-26 17:33:54,262{GMT}	INFO	[jepsen worker 0] jepsen.util: 0	:invoke	:read	nil
2024-12-26 17:33:54,265{GMT}	INFO	[jepsen worker 0] jepsen.util: 0	:ok	:read	[7 8 14 23 25 30 36 0 53 3 42 56 4 15 29 52 35 2 9 12 24 39 44 48 55 6 16 19 21 27 32 40 18 34 43 45 46 1 5 17 28 33 50 10 20 37 38 51 59 13 41 47 49 31 54 22 57 11 58 26]
2024-12-26 17:33:54,290{GMT}	INFO	[jepsen worker 0] jepsen.util: 0	:invoke	:read	nil
2024-12-26 17:33:54,292{GMT}	INFO	[jepsen worker 0] jepsen.util: 0	:ok	:read	[3 42 56 52 4 15 29 35 24 39 44 48 2 9 12 21 27 32 40 55 6 16 19 45 46 18 34 43 28 33 50 1 5 17 38 51 10 20 37 59 49 13 41 47 31 54 22 57 11 58 26 23 25 30 36 7 8 14 0 53]
2024-12-26 17:33:54,295{GMT}	INFO	[jepsen worker 1] jepsen.util: 1	:invoke	:broadcast	60
2024-12-26 17:33:54,296{GMT}	INFO	[jepsen worker 1] jepsen.util: 1	:ok	:broadcast	60
2024-12-26 17:33:54,351{GMT}	INFO	[jepsen worker 2] jepsen.util: 2	:invoke	:broadcast	61
2024-12-26 17:33:54,354{GMT}	INFO	[jepsen worker 2] jepsen.util: 2	:ok	:broadcast	61
2024-12-26 17:33:54,460{GMT}	INFO	[jepsen worker 3] jepsen.util: 3	:invoke	:broadcast	62
2024-12-26 17:33:54,462{GMT}	INFO	[jepsen worker 3] jepsen.util: 3	:ok	:broadcast	62
2024-12-26 17:33:54,558{GMT}	INFO	[jepsen worker 4] jepsen.util: 4	:invoke	:read	nil
2024-12-26 17:33:54,561{GMT}	INFO	[jepsen worker 4] jepsen.util: 4	:ok	:read	[16 53 0 2 42 34 56 59 60 7 13 26 23 5 18 22 38 25 27 36 35 61 24 30 31 33 41 46 54 9 12 20 57 15 43 49 62 4 10 11 19 37 1 3 17 50 58 6 39 45 47 32 40 44 48 14 28 29 8 51 21 52 55]
2024-12-26 17:33:54,583{GMT}	INFO	[jepsen worker 0] jepsen.util: 0	:invoke	:read	nil
2024-12-26 17:33:54,586{GMT}	INFO	[jepsen worker 0] jepsen.util: 0	:ok	:read	[18 34 43 45 46 50 1 5 17 28 33 10 20 37 38 51 59 13 41 47 49 60 31 54 61 22 57 11 58 26 30 36 7 8 14 23 25 0 53 3 42 56 4 15 29 52 35 44 48 62 2 9 12 24 39 32 40 55 6 16 19 21 27]
2024-12-26 17:33:54,656{GMT}	INFO	[jepsen worker 0] jepsen.util: 0	:invoke	:read	nil
2024-12-26 17:33:54,658{GMT}	INFO	[jepsen worker 0] jepsen.util: 0	:ok	:read	[18 34 43 45 46 1 5 17 28 33 50 10 20 37 38 51 59 13 41 47 49 60 31 54 61 22 57 11 58 26 36 7 8 14 23 25 30 0 53 3 42 56 4 15 29 52 35 48 62 2 9 12 24 39 44 40 55 6 16 19 21 27 32]
2024-12-26 17:33:54,787{GMT}	INFO	[jepsen worker 1] jepsen.util: 1	:invoke	:read	nil
2024-12-26 17:33:54,789{GMT}	INFO	[jepsen worker 1] jepsen.util: 1	:ok	:read	[62 59 31 15 25 55 22 8 19 45 52 2 20 35 34 18 21 23 28 33 42 44 13 11 30 61 4 49 60 16 10 12 14 26 41 46 57 5 38 40 56 58 3 9 27 39 47 50 54 6 36 48 29 7 17 43 0 24 37 51 53 1 32]
2024-12-26 17:33:54,847{GMT}	INFO	[jepsen worker 2] jepsen.util: 2	:invoke	:broadcast	63
2024-12-26 17:33:54,850{GMT}	INFO	[jepsen worker 2] jepsen.util: 2	:ok	:broadcast	63
2024-12-26 17:33:54,859{GMT}	INFO	[jepsen worker 3] jepsen.util: 3	:invoke	:read	nil
2024-12-26 17:33:54,861{GMT}	INFO	[jepsen worker 3] jepsen.util: 3	:ok	:read	[57 60 16 17 41 55 12 39 46 50 61 63 25 35 38 6 8 27 49 56 34 2 4 9 21 37 43 0 13 31 54 59 62 1 3 7 20 24 32 48 58 14 36 52 53 11 22 26 18 40 42 51 15 19 30 33 45 47 23 28 29 44 5 10]
2024-12-26 17:33:55,034{GMT}	INFO	[jepsen worker 4] jepsen.util: 4	:invoke	:broadcast	64
2024-12-26 17:33:55,036{GMT}	INFO	[jepsen worker 4] jepsen.util: 4	:ok	:broadcast	64
2024-12-26 17:33:55,197{GMT}	INFO	[jepsen worker 0] jepsen.util: 0	:invoke	:read	nil
2024-12-26 17:33:55,199{GMT}	INFO	[jepsen worker 0] jepsen.util: 0	:ok	:read	[27 32 40 55 6 16 19 21 46 18 34 43 45 33 50 64 1 5 17 28 51 10 20 37 38 59 60 63 13 41 47 49 31 54 61 22 57 11 58 26 25 30 36 7 8 14 23 0 53 3 42 56 4 15 29 52 35 39 44 48 62 2 9 12 24]
2024-12-26 17:33:55,324{GMT}	INFO	[jepsen worker 0] jepsen.util: 0	:invoke	:read	nil
2024-12-26 17:33:55,327{GMT}	INFO	[jepsen worker 0] jepsen.util: 0	:ok	:read	[61 31 54 22 57 11 58 26 14 23 25 30 36 7 8 0 53 56 3 42 29 52 4 15 35 12 24 39 44 48 62 2 9 19 21 27 32 40 55 6 16 43 45 46 18 34 17 28 33 50 64 1 5 37 38 51 10 20 59 47 49 60 63 13 41]
2024-12-26 17:33:55,381{GMT}	INFO	[jepsen worker 1] jepsen.util: 1	:invoke	:broadcast	65
2024-12-26 17:33:55,383{GMT}	INFO	[jepsen worker 1] jepsen.util: 1	:ok	:broadcast	65
2024-12-26 17:33:55,502{GMT}	INFO	[jepsen worker 2] jepsen.util: 2	:invoke	:read	nil
2024-12-26 17:33:55,504{GMT}	INFO	[jepsen worker 2] jepsen.util: 2	:ok	:read	[59 16 20 24 57 22 38 51 18 19 25 63 13 14 37 39 58 29 33 42 28 26 35 41 56 0 2 27 44 46 65 3 36 40 43 49 62 6 55 61 7 9 23 1 5 32 60 48 4 11 15 17 31 47 12 21 30 34 54 64 8 10 45 50 52 53]
2024-12-26 17:33:55,570{GMT}	INFO	[jepsen worker 3] jepsen.util: 3	:invoke	:broadcast	66
2024-12-26 17:33:55,572{GMT}	INFO	[jepsen worker 3] jepsen.util: 3	:ok	:broadcast	66
2024-12-26 17:33:55,663{GMT}	INFO	[jepsen worker 4] jepsen.util: 4	:invoke	:broadcast	67
2024-12-26 17:33:55,665{GMT}	INFO	[jepsen worker 4] jepsen.util: 4	:ok	:broadcast	67
2024-12-26 17:33:55,849{GMT}	INFO	[jepsen worker 0] jepsen.util: 0	:invoke	:read	nil
2024-12-26 17:33:55,851{GMT}	INFO	[jepsen worker 0] jepsen.util: 0	:ok	:read	[0 53 3 42 56 4 15 29 52 67 35 62 2 9 12 24 39 44 48 55 6 16 19 21 27 32 40 18 34 43 45 46 1 5 17 28 33 50 64 10 20 37 38 51 59 13 41 47 49 60 63 31 54 61 65 22 57 66 11 58 26 7 8 14 23 25 30 36]
2024-12-26 17:33:55,942{GMT}	INFO	[jepsen worker 0] jepsen.util: 0	:invoke	:read	nil
2024-12-26 17:33:55,943{GMT}	INFO	[jepsen worker 0] jepsen.util: 0	:ok	:read	[0 53 3 42 56 52 67 4 15 29 35 24 39 44 48 62 2 9 12 21 27 32 40 55 6 16 19 45 46 18 34 43 28 33 50 64 1 5 17 38 51 10 20 37 59 49 60 63 13 41 47 65 31 54 61 22 57 66 11 58 26 23 25 30 36 7 8 14]
2024-12-26 17:33:55,966{GMT}	INFO	[jepsen worker 1] jepsen.util: 1	:invoke	:broadcast	68
2024-12-26 17:33:55,967{GMT}	INFO	[jepsen worker 1] jepsen.util: 1	:ok	:broadcast	68
2024-12-26 17:33:56,025{GMT}	INFO	[jepsen worker 2] jepsen.util: 2	:invoke	:broadcast	69
2024-12-26 17:33:56,027{GMT}	INFO	[jepsen worker 2] jepsen.util: 2	:ok	:broadcast	69
2024-12-26 17:33:56,218{GMT}	INFO	[jepsen worker 3] jepsen.util: 3	:invoke	:read	nil
2024-12-26 17:33:56,220{GMT}	INFO	[jepsen worker 3] jepsen.util: 3	:ok	:read	[36 52 53 14 22 26 68 11 40 42 51 64 65 18 19 30 33 45 47 69 15 28 29 44 23 10 5 60 57 17 41 55 16 39 46 50 61 63 12 35 38 66 67 25 8 27 49 56 6 34 4 9 21 37 43 2 13 31 54 59 62 0 3 7 20 24 32 1 58 48]
2024-12-26 17:33:56,349{GMT}	INFO	[jepsen worker 4] jepsen.util: 4	:invoke	:read	nil
2024-12-26 17:33:56,352{GMT}	INFO	[jepsen worker 4] jepsen.util: 4	:ok	:read	[65 57 10 11 15 43 49 62 4 3 17 19 37 1 39 45 50 58 66 6 40 44 47 32 28 29 48 69 14 51 64 8 52 55 21 16 2 42 53 67 0 13 26 34 56 59 60 7 18 22 23 5 27 36 38 68 25 63 35 30 31 61 24 12 20 33 41 46 54 9]
2024-12-26 17:33:56,397{GMT}	INFO	[jepsen worker 0] jepsen.util: 0	:invoke	:read	nil
2024-12-26 17:33:56,400{GMT}	INFO	[jepsen worker 0] jepsen.util: 0	:ok	:read	[1 5 17 28 33 50 64 10 20 37 38 51 59 13 41 47 49 60 63 31 54 61 65 69 22 57 66 11 58 26 7 8 14 23 25 30 36 0 53 3 42 56 4 15 29 52 67 68 35 2 9 12 24 39 44 48 62 6 16 19 21 27 32 40 55 18 34 43 45 46]
2024-12-26 17:33:56,453{GMT}	INFO	[jepsen worker 0] jepsen.util: 0	:invoke	:read	nil
2024-12-26 17:33:56,455{GMT}	INFO	[jepsen worker 0] jepsen.util: 0	:ok	:read	[0 53 3 42 56 4 15 29 52 67 68 35 2 9 12 24 39 44 48 62 6 16 19 21 27 32 40 55 18 34 43 45 46 1 5 17 28 33 50 64 10 20 37 38 51 59 13 41 47 49 60 63 31 54 61 65 69 22 57 66 11 58 26 7 8 14 23 25 30 36]
2024-12-26 17:33:56,547{GMT}	INFO	[jepsen worker 1] jepsen.util: 1	:invoke	:read	nil
2024-12-26 17:33:56,550{GMT}	INFO	[jepsen worker 1] jepsen.util: 1	:ok	:read	[0 7 17 43 1 24 37 51 53 32 59 62 66 67 69 15 31 22 25 55 2 8 19 45 52 20 64 34 35 33 42 44 13 18 21 23 28 4 11 30 61 16 49 60 68 41 46 57 5 10 12 14 26 3 38 40 56 58 50 54 63 6 9 27 39 47 65 29 36 48]
2024-12-26 17:33:56,564{GMT}	INFO	[jepsen worker 2] jepsen.util: 2	:invoke	:broadcast	70
2024-12-26 17:33:56,567{GMT}	INFO	[jepsen worker 2] jepsen.util: 2	:ok	:broadcast	70
2024-12-26 17:33:56,718{GMT}	INFO	[jepsen worker 3] jepsen.util: 3	:invoke	:broadcast	71
2024-12-26 17:33:56,720{GMT}	INFO	[jepsen worker 3] jepsen.util: 3	:ok	:broadcast	71
2024-12-26 17:33:56,754{GMT}	INFO	[jepsen worker 4] jepsen.util: 4	:invoke	:broadcast	72
2024-12-26 17:33:56,756{GMT}	INFO	[jepsen worker 4] jepsen.util: 4	:ok	:broadcast	72
2024-12-26 17:33:56,759{GMT}	INFO	[jepsen worker 0] jepsen.util: 0	:invoke	:read	nil
2024-12-26 17:33:56,760{GMT}	INFO	[jepsen worker 0] jepsen.util: 0	:ok	:read	[3 42 56 4 15 29 52 67 68 35 62 2 9 12 24 39 44 48 55 6 16 19 21 27 32 40 72 18 34 43 45 46 1 5 17 28 33 50 64 10 20 37 38 51 59 13 41 47 49 60 63 31 54 61 65 69 71 22 57 66 11 58 26 70 7 8 14 23 25 30 36 0 53]
2024-12-26 17:33:56,869{GMT}	INFO	[jepsen worker 0] jepsen.util: 0	:invoke	:read	nil
2024-12-26 17:33:56,871{GMT}	INFO	[jepsen worker 0] jepsen.util: 0	:ok	:read	[22 57 66 11 58 26 7 8 14 23 25 30 36 70 0 53 3 42 56 4 15 29 52 67 68 35 2 9 12 24 39 44 48 62 6 16 19 21 27 32 40 55 72 18 34 43 45 46 1 5 17 28 33 50 64 10 20 37 38 51 59 13 41 47 49 60 63 31 54 61 65 69 71]
2024-12-26 17:33:57,005{GMT}	INFO	[jepsen worker 1] jepsen.util: 1	:invoke	:broadcast	73
2024-12-26 17:33:57,007{GMT}	INFO	[jepsen worker 1] jepsen.util: 1	:ok	:broadcast	73
2024-12-26 17:33:57,132{GMT}	INFO	[jepsen worker 2] jepsen.util: 2	:invoke	:read	nil
2024-12-26 17:33:57,134{GMT}	INFO	[jepsen worker 2] jepsen.util: 2	:ok	:read	[52 53 64 8 10 45 50 59 70 16 20 24 57 22 38 51 67 18 19 25 63 58 66 13 14 37 39 29 33 42 73 28 68 71 26 35 41 56 46 0 2 27 44 49 62 65 72 3 36 40 43 6 55 61 7 9 23 69 1 5 32 60 31 47 48 4 11 15 17 54 12 21 30 34]
2024-12-26 17:33:57,302{GMT}	INFO	[jepsen worker 3] jepsen.util: 3	:invoke	:read	nil
2024-12-26 17:33:57,304{GMT}	INFO	[jepsen worker 3] jepsen.util: 3	:ok	:read	[23 28 29 44 5 10 70 57 60 72 16 17 41 55 12 39 46 50 61 63 71 25 35 38 66 67 6 8 27 49 56 34 2 4 9 21 37 43 0 13 31 54 59 62 1 3 7 20 24 32 48 58 14 36 52 53 11 22 26 68 18 40 42 51 64 65 73 15 19 30 33 45 47 69]
2024-12-26 17:33:57,390{GMT}	INFO	[jepsen worker 4] jepsen.util: 4	:invoke	:read	nil
2024-12-26 17:33:57,392{GMT}	INFO	[jepsen worker 4] jepsen.util: 4	:ok	:read	[57 65 4 10 11 15 43 49 62 1 3 17 19 37 73 6 39 45 50 58 66 32 40 44 47 70 14 28 29 48 69 71 8 51 64 21 52 55 16 0 2 42 53 67 7 13 26 34 56 59 60 5 18 22 23 72 25 27 36 38 68 35 63 24 30 31 61 9 12 20 33 41 46 54]
2024-12-26 17:33:57,532{GMT}	INFO	[jepsen worker 0] jepsen.util: 0	:invoke	:broadcast	74
2024-12-26 17:33:57,534{GMT}	INFO	[jepsen worker 0] jepsen.util: 0	:ok	:broadcast	74
2024-12-26 17:33:57,642{GMT}	INFO	[jepsen worker 0] jepsen.util: 0	:invoke	:read	nil
2024-12-26 17:33:57,645{GMT}	INFO	[jepsen worker 0] jepsen.util: 0	:ok	:read	[16 19 21 27 32 40 55 6 72 34 43 45 46 74 18 5 17 28 33 50 64 1 20 37 38 51 10 59 41 47 49 60 63 13 54 61 65 69 71 31 57 66 22 58 11 73 26 8 14 23 25 30 36 70 7 53 0 42 56 3 15 29 52 67 68 4 35 9 12 24 39 44 48 62 2]
2024-12-26 17:33:57,669{GMT}	INFO	[jepsen worker 1] jepsen.util: 1	:invoke	:read	nil
2024-12-26 17:33:57,671{GMT}	INFO	[jepsen worker 1] jepsen.util: 1	:ok	:read	[34 35 28 33 42 44 13 18 21 23 73 4 11 30 61 74 16 49 60 68 26 41 46 57 5 10 12 14 58 3 38 40 56 47 50 54 63 6 9 27 39 65 71 29 36 48 72 70 0 7 17 43 53 1 24 37 51 32 69 59 62 66 67 15 31 22 25 55 52 2 8 19 45 20 64]
2024-12-26 17:33:57,832{GMT}	INFO	[jepsen worker 2] jepsen.util: 2	:invoke	:broadcast	75
2024-12-26 17:33:57,834{GMT}	INFO	[jepsen worker 2] jepsen.util: 2	:ok	:broadcast	75
2024-12-26 17:33:57,998{GMT}	INFO	[jepsen worker 3] jepsen.util: 3	:invoke	:read	nil
2024-12-26 17:33:58,000{GMT}	INFO	[jepsen worker 3] jepsen.util: 3	:ok	:read	[50 61 63 71 12 39 46 66 67 25 35 38 49 56 6 8 27 34 75 21 37 43 2 4 9 54 59 62 0 13 31 20 24 32 1 3 7 48 58 53 14 36 52 68 74 11 22 26 51 64 65 73 18 40 42 33 45 47 69 15 19 30 44 23 28 29 5 10 70 57 60 72 55 16 17 41]
2024-12-26 17:33:58,014{GMT}	INFO	[jepsen worker 4] jepsen.util: 4	:invoke	:broadcast	76
2024-12-26 17:33:58,016{GMT}	INFO	[jepsen worker 4] jepsen.util: 4	:ok	:broadcast	76
2024-12-26 17:33:58,150{GMT}	INFO	[jepsen worker 0] jepsen.util: 0	:invoke	:broadcast	77
2024-12-26 17:33:58,152{GMT}	INFO	[jepsen worker 0] jepsen.util: 0	:ok	:broadcast	77
2024-12-26 17:33:58,341{GMT}	INFO	[jepsen worker 0] jepsen.util: 0	:invoke	:broadcast	78
2024-12-26 17:33:58,343{GMT}	INFO	[jepsen worker 0] jepsen.util: 0	:ok	:broadcast	78
2024-12-26 17:33:58,347{GMT}	INFO	[jepsen worker 1] jepsen.util: 1	:invoke	:read	nil
2024-12-26 17:33:58,353{GMT}	INFO	[jepsen worker 1] jepsen.util: 1	:ok	:read	[67 69 59 62 66 15 31 78 22 25 55 45 52 2 8 19 20 64 34 35 75 23 28 33 42 44 13 18 21 61 73 4 11 30 68 74 16 49 60 14 26 41 46 57 5 10 12 56 58 3 38 40 39 47 50 54 63 6 9 27 65 71 72 29 36 48 43 70 0 7 17 51 53 1 24 37 32 76 77]
2024-12-26 17:33:58,437{GMT}	INFO	[jepsen worker 2] jepsen.util: 2	:invoke	:broadcast	79
2024-12-26 17:33:58,438{GMT}	INFO	[jepsen worker 2] jepsen.util: 2	:ok	:broadcast	79
2024-12-26 17:33:58,552{GMT}	INFO	[jepsen worker 3] jepsen.util: 3	:invoke	:read	nil
2024-12-26 17:33:58,554{GMT}	INFO	[jepsen worker 3] jepsen.util: 3	:ok	:read	[68 74 76 11 22 26 51 64 65 73 18 40 42 33 45 47 69 15 19 30 44 23 28 29 5 10 70 77 57 60 72 55 16 17 41 50 61 63 71 12 39 46 66 67 79 25 35 38 49 56 6 8 27 34 75 78 21 37 43 2 4 9 54 59 62 0 13 31 20 24 32 1 3 7 48 58 53 14 36 52]
2024-12-26 17:33:58,711{GMT}	INFO	[jepsen worker 4] jepsen.util: 4	:invoke	:read	nil
2024-12-26 17:33:58,713{GMT}	INFO	[jepsen worker 4] jepsen.util: 4	:ok	:read	[51 64 8 52 55 76 21 16 2 42 53 67 0 13 26 34 56 59 60 7 18 22 23 72 5 27 36 38 68 25 63 35 30 31 61 75 24 12 20 33 41 46 54 74 9 65 78 57 10 11 15 43 49 62 4 3 17 19 37 73 1 39 45 50 58 66 79 6 40 44 47 70 32 28 29 48 69 71 77 14]
2024-12-26 17:33:58,900{GMT}	INFO	[jepsen worker 0] jepsen.util: 0	:invoke	:read	nil
2024-12-26 17:33:58,902{GMT}	INFO	[jepsen worker 0] jepsen.util: 0	:ok	:read	[57 66 22 58 75 11 73 26 8 14 23 25 30 36 70 7 53 0 42 56 3 15 29 52 67 68 76 78 4 77 35 9 12 24 39 44 48 62 2 16 19 21 27 32 40 55 6 72 34 43 45 46 74 79 18 5 17 28 33 50 64 1 20 37 38 51 10 59 41 47 49 60 63 13 54 61 65 69 71 31]
2024-12-26 17:33:58,991{GMT}	INFO	[jepsen worker 0] jepsen.util: 0	:invoke	:broadcast	80
2024-12-26 17:33:58,993{GMT}	INFO	[jepsen worker 0] jepsen.util: 0	:ok	:broadcast	80
2024-12-26 17:33:59,059{GMT}	INFO	[jepsen worker 1] jepsen.util: 1	:invoke	:read	nil
2024-12-26 17:33:59,061{GMT}	INFO	[jepsen worker 1] jepsen.util: 1	:ok	:read	[75 34 35 21 23 28 33 42 44 13 18 30 61 73 4 11 60 68 74 16 49 12 14 26 41 46 57 5 10 40 56 58 3 38 27 39 47 50 54 63 6 9 65 71 48 72 29 36 17 43 70 0 7 37 51 53 1 24 77 32 76 66 67 69 59 62 15 31 55 78 22 25 19 45 52 79 2 8 80 20 64]
2024-12-26 17:33:59,174{GMT}	INFO	[jepsen worker 2] jepsen.util: 2	:invoke	:read	nil
2024-12-26 17:33:59,177{GMT}	INFO	[jepsen worker 2] jepsen.util: 2	:ok	:read	[28 26 35 41 56 68 71 0 2 27 44 46 72 3 36 40 43 49 62 65 6 55 61 74 7 9 23 76 1 5 32 60 69 77 4 11 15 17 31 47 48 12 21 30 34 54 79 8 10 45 50 52 53 64 59 16 20 24 57 70 80 22 38 51 78 18 19 25 63 67 75 13 14 37 39 58 66 29 33 42 73]
2024-12-26 17:33:59,238{GMT}	INFO	[jepsen worker 3] jepsen.util: 3	:invoke	:broadcast	81
2024-12-26 17:33:59,239{GMT}	INFO	[jepsen worker 3] jepsen.util: 3	:ok	:broadcast	81
2024-12-26 17:33:59,306{GMT}	INFO	[jepsen worker 4] jepsen.util: 4	:invoke	:broadcast	82
2024-12-26 17:33:59,308{GMT}	INFO	[jepsen worker 4] jepsen.util: 4	:ok	:broadcast	82
2024-12-26 17:33:59,453{GMT}	INFO	[jepsen worker 0] jepsen.util: 0	:invoke	:broadcast	83
2024-12-26 17:33:59,454{GMT}	INFO	[jepsen worker 0] jepsen.util: 0	:ok	:broadcast	83
2024-12-26 17:33:59,503{GMT}	INFO	[jepsen worker 0] jepsen.util: 0	:invoke	:broadcast	84
2024-12-26 17:33:59,505{GMT}	INFO	[jepsen worker 0] jepsen.util: 0	:ok	:broadcast	84
2024-12-26 17:33:59,533{GMT}	INFO	[jepsen worker 1] jepsen.util: 1	:invoke	:read	nil
2024-12-26 17:33:59,535{GMT}	INFO	[jepsen worker 1] jepsen.util: 1	:ok	:read	[23 28 33 42 44 13 18 21 84 61 73 83 4 11 30 68 74 16 49 60 14 26 41 46 57 5 10 12 56 58 3 38 40 39 47 50 54 63 6 9 27 65 71 72 29 36 48 43 70 0 7 17 51 53 1 24 37 81 32 76 77 67 69 59 62 66 15 31 78 22 25 55 45 52 79 82 2 8 19 20 64 80 34 35 75]
2024-12-26 17:33:59,674{GMT}	INFO	[jepsen worker 2] jepsen.util: 2	:invoke	:read	nil
2024-12-26 17:33:59,675{GMT}	INFO	[jepsen worker 2] jepsen.util: 2	:ok	:read	[10 45 50 52 53 64 79 8 82 59 20 24 57 70 80 16 38 51 78 22 19 25 63 67 75 18 14 37 39 58 66 13 33 42 73 29 84 28 35 41 56 68 71 26 2 27 44 46 0 36 40 43 49 62 65 72 3 81 55 61 74 6 9 23 76 7 5 32 60 69 1 11 15 17 31 47 48 77 4 83 21 30 34 54 12]
2024-12-26 17:33:59,747{GMT}	INFO	[jepsen worker 3] jepsen.util: 3	:invoke	:read	nil
2024-12-26 17:33:59,749{GMT}	INFO	[jepsen worker 3] jepsen.util: 3	:ok	:read	[36 52 53 14 22 26 68 74 76 11 40 42 51 64 65 73 18 19 30 33 45 47 69 15 28 29 44 23 10 70 84 5 60 72 77 81 57 17 41 55 83 16 39 46 50 61 63 71 12 35 38 66 67 79 25 8 27 49 56 6 75 78 34 4 9 21 37 43 80 2 13 31 54 59 62 0 3 7 20 24 32 1 58 82 48]
2024-12-26 17:33:59,911{GMT}	INFO	[jepsen worker 4] jepsen.util: 4	:invoke	:read	nil
2024-12-26 17:33:59,911{GMT}	INFO	[jepsen worker 4] jepsen.util: 4	:ok	:read	[13 26 34 56 59 60 7 18 22 23 72 5 27 36 38 68 25 63 35 30 31 61 75 24 12 20 33 41 46 54 74 9 82 65 78 57 10 11 15 43 49 62 4 3 17 19 37 73 1 39 45 50 58 66 79 6 40 44 47 70 83 84 32 28 29 48 69 71 77 80 14 81 51 64 8 52 55 76 21 16 2 42 53 67 0]
2024-12-26 17:33:59,929{GMT}	INFO	[jepsen worker 0] jepsen.util: 0	:invoke	:read	nil
2024-12-26 17:33:59,930{GMT}	INFO	[jepsen worker 0] jepsen.util: 0	:ok	:read	[3 42 56 78 4 15 29 52 67 68 76 82 35 77 62 2 9 12 24 39 44 48 55 6 16 19 21 27 32 40 72 18 34 43 45 46 74 79 1 5 17 28 33 50 64 10 20 37 38 51 59 83 13 41 47 49 60 63 80 31 54 61 65 69 71 22 57 66 11 58 75 26 73 70 7 8 14 23 25 30 36 84 0 53 81]
2024-12-26 17:34:00,100{GMT}	INFO	[jepsen worker 0] jepsen.util: 0	:invoke	:read	nil
2024-12-26 17:34:00,101{GMT}	INFO	[jepsen worker 0] jepsen.util: 0	:ok	:read	[14 23 25 30 36 70 7 8 84 81 0 53 56 3 42 29 52 67 68 76 78 4 15 82 35 77 12 24 39 44 48 62 2 9 19 21 27 32 40 55 6 16 72 43 45 46 74 79 18 34 17 28 33 50 64 1 5 37 38 51 10 20 59 83 47 49 60 63 80 13 41 61 65 69 71 31 54 66 22 57 75 11 58 26 73]
2024-12-26 17:34:00,121{GMT}	INFO	[jepsen worker 1] jepsen.util: 1	:invoke	:broadcast	85
2024-12-26 17:34:00,123{GMT}	INFO	[jepsen worker 1] jepsen.util: 1	:ok	:broadcast	85
2024-12-26 17:34:00,283{GMT}	INFO	[jepsen worker 2] jepsen.util: 2	:invoke	:read	nil
2024-12-26 17:34:00,285{GMT}	INFO	[jepsen worker 2] jepsen.util: 2	:ok	:read	[48 77 4 11 15 17 31 47 83 12 21 30 34 54 64 79 8 10 45 50 52 53 59 82 16 20 24 57 70 80 22 38 51 78 18 19 25 63 67 75 13 14 37 39 58 66 29 33 42 73 28 84 26 35 41 56 68 71 0 2 27 44 46 65 72 3 36 40 43 49 62 81 6 55 61 74 7 9 23 76 1 5 32 60 69 85]
2024-12-26 17:34:00,297{GMT}	INFO	[jepsen worker 3] jepsen.util: 3	:invoke	:broadcast	86
2024-12-26 17:34:00,299{GMT}	INFO	[jepsen worker 3] jepsen.util: 3	:ok	:broadcast	86
2024-12-26 17:34:00,395{GMT}	INFO	[jepsen worker 4] jepsen.util: 4	:invoke	:read	nil
2024-12-26 17:34:00,397{GMT}	INFO	[jepsen worker 4] jepsen.util: 4	:ok	:read	[63 35 30 31 61 75 24 12 20 33 41 46 54 74 9 82 65 78 57 10 11 15 43 49 62 4 3 17 19 37 73 1 39 45 50 58 66 79 6 40 44 47 70 83 84 32 28 29 48 69 71 77 80 14 81 51 64 8 52 55 76 86 21 16 2 42 53 67 85 0 13 26 34 56 59 60 7 18 22 23 72 5 27 36 38 68 25]
2024-12-26 17:34:00,536{GMT}	INFO	[jepsen worker 0] jepsen.util: 0	:invoke	:broadcast	87
2024-12-26 17:34:00,537{GMT}	INFO	[jepsen worker 0] jepsen.util: 0	:ok	:broadcast	87
2024-12-26 17:34:00,658{GMT}	INFO	[jepsen worker 0] jepsen.util: 0	:invoke	:broadcast	88
2024-12-26 17:34:00,660{GMT}	INFO	[jepsen worker 0] jepsen.util: 0	:ok	:broadcast	88
2024-12-26 17:34:00,763{GMT}	INFO	[jepsen worker 1] jepsen.util: 1	:invoke	:read	nil
2024-12-26 17:34:00,765{GMT}	INFO	[jepsen worker 1] jepsen.util: 1	:ok	:read	[83 4 11 30 61 73 16 49 60 68 74 41 46 57 5 10 12 14 26 85 3 38 40 56 58 50 54 63 6 9 27 39 47 65 71 29 36 48 72 87 0 7 17 43 70 1 24 37 51 53 32 76 77 81 59 62 66 67 69 15 31 22 25 55 78 79 82 88 2 8 19 45 52 20 64 80 86 34 35 75 33 42 44 13 18 21 23 28 84]
2024-12-26 17:34:00,897{GMT}	INFO	[jepsen worker 2] jepsen.util: 2	:invoke	:read	nil
2024-12-26 17:34:00,899{GMT}	INFO	[jepsen worker 2] jepsen.util: 2	:ok	:read	[11 15 17 31 47 48 77 4 83 21 30 34 54 12 10 45 50 52 53 64 79 8 82 87 59 20 24 57 70 80 16 38 51 78 22 19 25 63 67 75 18 14 37 39 58 66 13 33 42 73 29 84 28 35 41 56 68 71 26 2 27 44 46 86 0 36 40 43 49 62 65 72 3 81 55 61 74 88 6 9 23 76 7 5 32 60 69 85 1]
2024-12-26 17:34:00,917{GMT}	INFO	[jepsen worker 3] jepsen.util: 3	:invoke	:broadcast	89
2024-12-26 17:34:00,920{GMT}	INFO	[jepsen worker 3] jepsen.util: 3	:ok	:broadcast	89
2024-12-26 17:34:00,969{GMT}	INFO	[jepsen worker 4] jepsen.util: 4	:invoke	:read	nil
2024-12-26 17:34:00,971{GMT}	INFO	[jepsen worker 4] jepsen.util: 4	:ok	:read	[60 7 13 26 34 56 59 5 18 22 23 72 25 27 36 38 68 35 63 24 30 31 61 75 89 54 74 9 12 20 33 41 46 82 57 65 78 62 4 10 11 15 43 49 1 3 17 19 37 73 79 6 39 45 50 58 66 84 32 40 44 47 70 83 77 80 14 28 29 48 69 71 81 8 51 64 87 88 21 52 55 76 86 16 0 2 42 53 67 85]
2024-12-26 17:34:01,059{GMT}	INFO	[jepsen worker 0] jepsen.util: 0	:invoke	:broadcast	90
2024-12-26 17:34:01,061{GMT}	INFO	[jepsen worker 0] jepsen.util: 0	:ok	:broadcast	90
2024-12-26 17:34:01,118{GMT}	INFO	[jepsen worker 0] jepsen.util: 0	:invoke	:broadcast	91
2024-12-26 17:34:01,120{GMT}	INFO	[jepsen worker 0] jepsen.util: 0	:ok	:broadcast	91
2024-12-26 17:34:01,154{GMT}	INFO	[jepsen worker 1] jepsen.util: 1	:invoke	:broadcast	92
2024-12-26 17:34:01,156{GMT}	INFO	[jepsen worker 1] jepsen.util: 1	:ok	:broadcast	92
2024-12-26 17:34:01,264{GMT}	INFO	[jepsen worker 2] jepsen.util: 2	:invoke	:broadcast	93
2024-12-26 17:34:01,266{GMT}	INFO	[jepsen worker 2] jepsen.util: 2	:ok	:broadcast	93
2024-12-26 17:34:01,410{GMT}	INFO	[jepsen worker 3] jepsen.util: 3	:invoke	:read	nil
2024-12-26 17:34:01,412{GMT}	INFO	[jepsen worker 3] jepsen.util: 3	:ok	:read	[65 73 85 18 40 42 51 64 86 47 69 91 15 19 30 33 45 23 28 29 44 5 10 70 84 57 60 72 77 81 16 17 41 55 83 63 71 12 39 46 50 61 79 25 35 38 66 67 6 8 27 49 56 34 75 78 43 80 89 2 4 9 21 37 62 0 13 31 54 59 32 87 92 1 3 7 20 24 48 58 82 14 36 52 53 76 88 90 11 22 26 68 74 93]
2024-12-26 17:34:01,414{GMT}	INFO	[jepsen worker 4] jepsen.generator.interpreter: Waiting for recovery...
2024-12-26 17:34:11,422{GMT}	INFO	[jepsen worker 0] jepsen.util: 0	:invoke	:read	nil
2024-12-26 17:34:11,422{GMT}	INFO	[jepsen worker 4] jepsen.util: 4	:invoke	:read	nil
2024-12-26 17:34:11,423{GMT}	INFO	[jepsen worker 1] jepsen.util: 1	:invoke	:read	nil
2024-12-26 17:34:11,423{GMT}	INFO	[jepsen worker 2] jepsen.util: 2	:invoke	:read	nil
2024-12-26 17:34:11,423{GMT}	INFO	[jepsen worker 3] jepsen.util: 3	:invoke	:read	nil
2024-12-26 17:34:11,425{GMT}	INFO	[jepsen worker 0] jepsen.util: 0	:ok	:read	[0 53 81 3 42 56 91 67 68 76 78 4 15 29 52 82 87 93 35 77 39 44 48 62 2 9 12 24 89 27 32 40 55 6 16 19 21 72 46 74 79 18 34 43 45 33 50 64 1 5 17 28 51 10 20 37 38 59 83 60 63 80 92 13 41 47 49 69 71 86 88 31 54 61 65 90 22 57 66 11 58 75 26 73 25 30 36 70 7 8 14 23 84 85]
2024-12-26 17:34:11,425{GMT}	INFO	[jepsen worker 4] jepsen.util: 4	:ok	:read	[92 5 18 22 23 72 25 27 36 38 68 35 63 89 24 30 31 61 75 46 54 74 9 12 20 33 41 82 57 65 78 49 62 4 10 11 15 43 73 1 3 17 19 37 66 79 6 39 45 50 58 83 84 90 32 40 44 47 70 71 77 80 14 28 29 48 69 81 93 91 8 51 64 87 88 21 52 55 76 86 16 85 0 2 42 53 67 59 60 7 13 26 34 56]
2024-12-26 17:34:11,425{GMT}	INFO	[jepsen worker 2] jepsen.util: 2	:ok	:read	[27 44 46 86 0 2 40 43 49 62 65 72 3 36 91 81 89 61 74 88 6 55 23 76 92 7 9 32 60 69 85 93 1 5 15 17 31 47 48 77 4 11 83 30 34 54 12 21 45 50 52 53 64 79 8 10 87 59 82 24 57 70 80 90 16 20 51 78 22 38 25 63 67 75 18 19 37 39 58 66 13 14 42 73 29 33 28 84 41 56 68 71 26 35]
2024-12-26 17:34:11,425{GMT}	INFO	[jepsen worker 1] jepsen.util: 1	:ok	:read	[32 76 77 81 59 62 66 67 69 15 31 89 22 25 55 78 82 88 2 8 19 45 52 79 90 20 64 80 86 34 35 75 42 44 13 18 21 23 28 33 84 93 4 11 30 61 73 83 16 49 60 68 74 46 57 5 10 12 14 26 41 85 91 3 38 40 56 58 54 63 6 9 27 39 47 50 65 71 29 36 48 72 92 0 7 17 43 70 87 1 24 37 51 53]
2024-12-26 17:34:11,426{GMT}	INFO	[jepsen worker 3] jepsen.util: 3	:ok	:read	[52 53 14 36 26 68 74 76 88 90 11 22 93 42 51 64 65 73 85 18 40 86 30 33 45 47 69 91 15 19 29 44 23 28 70 84 5 10 72 77 81 57 60 41 55 83 16 17 46 50 61 63 71 12 39 38 66 67 79 25 35 27 49 56 6 8 78 34 75 9 21 37 43 80 89 2 4 31 54 59 62 0 13 7 20 24 32 87 92 1 3 82 48 58]
2024-12-26 17:34:11,455{GMT}	INFO	[jepsen test runner] jepsen.core: Run complete, writing
2024-12-26 17:34:11,522{GMT}	INFO	[jepsen node n1] maelstrom.db: Tearing down n1
2024-12-26 17:34:11,522{GMT}	INFO	[jepsen node n0] maelstrom.db: Tearing down n0
2024-12-26 17:34:11,522{GMT}	INFO	[jepsen node n2] maelstrom.db: Tearing down n2
2024-12-26 17:34:11,522{GMT}	INFO	[jepsen node n3] maelstrom.db: Tearing down n3
2024-12-26 17:34:11,522{GMT}	INFO	[jepsen node n4] maelstrom.db: Tearing down n4
2024-12-26 17:34:13,394{GMT}	INFO	[jepsen node n0] maelstrom.net: Shutting down Maelstrom network
2024-12-26 17:34:13,396{GMT}	INFO	[jepsen test runner] jepsen.core: Analyzing...
2024-12-26 17:34:13,756{GMT}	INFO	[jepsen test runner] jepsen.core: Analysis complete
2024-12-26 17:34:13,765{GMT}	INFO	[jepsen results] jepsen.store: Wrote /home/Suchitra/Desktop/flyio/maelstrom/store/broadcast/20241226T173340.345+0530/results.edn
2024-12-26 17:34:13,775{GMT}	INFO	[jepsen test runner] jepsen.core: {:perf {:latency-graph {:valid? true},
        :rate-graph {:valid? true},
        :valid? true},
 :timeline {:valid? true},
 :exceptions {:valid? true},
 :stats {:valid? true,
         :count 207,
         :ok-count 207,
         :fail-count 0,
         :info-count 0,
         :by-f {:broadcast {:valid? true,
                            :count 94,
                            :ok-count 94,
                            :fail-count 0,
                            :info-count 0},
                :read {:valid? true,
                       :count 113,
                       :ok-count 113,
                       :fail-count 0,
                       :info-count 0}}},
 :availability {:valid? true, :ok-fraction 1.0},
 :net {:all {:send-count 2784,
             :recv-count 2784,
             :msg-count 2784,
             :msgs-per-op 13.449275},
       :clients {:send-count 434, :recv-count 434, :msg-count 434},
       :servers {:send-count 2350,
                 :recv-count 2350,
                 :msg-count 2350,
                 :msgs-per-op 11.352657},
       :valid? true},
 :workload {:worst-stale (),
            :duplicated-count 0,
            :valid? true,
            :lost-count 0,
            :lost (),
            :stable-count 94,
            :stale-count 0,
            :stale (),
            :never-read-count 0,
            :stable-latencies {0 0, 0.5 0, 0.95 0, 0.99 0, 1 0},
            :attempt-count 94,
            :never-read (),
            :duplicated {}},
 :valid? true}


Everything looks good! (`)
