2024/12/27 00:51:58 Received {c3 n1 {"type":"init","node_id":"n1","node_ids":["n0","n1","n2","n3","n4"],"msg_id":1}}
2024/12/27 00:51:58 Node n1 initialized
2024/12/27 00:51:58 Sent {"src":"n1","dest":"c3","body":{"in_reply_to":1,"type":"init_ok"}}
2024/12/27 00:51:58 Received {c6 n1 {"type":"topology","topology":{"n0":["n3","n1"],"n1":["n4","n2","n0"],"n2":["n1"],"n3":["n0","n4"],"n4":["n1","n3"]},"msg_id":1}}
2024/12/27 00:51:58 Sent {"src":"n1","dest":"c6","body":{"in_reply_to":1,"type":"topology_ok"}}
2024/12/27 00:51:58 Received {c14 n1 {"type":"broadcast","message":3,"msg_id":1}}
2024/12/27 00:51:58 Sent {"src":"n1","dest":"c14","body":{"in_reply_to":1,"type":"broadcast_ok"}}
2024/12/27 00:51:58 Sent {"src":"n1","dest":"n0","body":{"message":3,"msg_id":1,"type":"broadcast"}}
2024/12/27 00:51:58 Sent {"src":"n1","dest":"n2","body":{"message":3,"msg_id":1,"type":"broadcast"}}
2024/12/27 00:51:58 Sent {"src":"n1","dest":"n4","body":{"message":3,"msg_id":1,"type":"broadcast"}}
2024/12/27 00:51:59 Sent {"src":"n1","dest":"n0","body":{"message":[3],"type":"periodic_broadcast"}}
2024/12/27 00:51:59 Sent {"src":"n1","dest":"n4","body":{"message":[3],"type":"periodic_broadcast"}}
2024/12/27 00:51:59 Sent {"src":"n1","dest":"n2","body":{"message":[3],"type":"periodic_broadcast"}}
2024/12/27 00:51:59 Received {c14 n1 {"type":"broadcast","message":6,"msg_id":2}}
2024/12/27 00:51:59 Sent {"src":"n1","dest":"c14","body":{"in_reply_to":2,"type":"broadcast_ok"}}
2024/12/27 00:51:59 Sent {"src":"n1","dest":"n0","body":{"message":6,"msg_id":2,"type":"broadcast"}}
2024/12/27 00:51:59 Sent {"src":"n1","dest":"n2","body":{"message":6,"msg_id":2,"type":"broadcast"}}
2024/12/27 00:51:59 Sent {"src":"n1","dest":"n4","body":{"message":6,"msg_id":2,"type":"broadcast"}}
2024/12/27 00:51:59 Received {c14 n1 {"type":"read","msg_id":3}}
2024/12/27 00:51:59 Sent {"src":"n1","dest":"c14","body":{"in_reply_to":3,"messages":[3,6],"type":"read_ok"}}
2024/12/27 00:51:59 Received {c14 n1 {"type":"read","msg_id":4}}
2024/12/27 00:51:59 Sent {"src":"n1","dest":"c14","body":{"in_reply_to":4,"messages":[3,6],"type":"read_ok"}}
2024/12/27 00:51:59 Received {c14 n1 {"type":"broadcast","message":8,"msg_id":5}}
2024/12/27 00:51:59 Sent {"src":"n1","dest":"c14","body":{"in_reply_to":5,"type":"broadcast_ok"}}
2024/12/27 00:51:59 Sent {"src":"n1","dest":"n4","body":{"message":8,"msg_id":5,"type":"broadcast"}}
2024/12/27 00:51:59 Sent {"src":"n1","dest":"n0","body":{"message":8,"msg_id":5,"type":"broadcast"}}
2024/12/27 00:51:59 Sent {"src":"n1","dest":"n2","body":{"message":8,"msg_id":5,"type":"broadcast"}}
2024/12/27 00:51:59 Received {c14 n1 {"type":"read","msg_id":6}}
2024/12/27 00:51:59 Sent {"src":"n1","dest":"c14","body":{"in_reply_to":6,"messages":[3,6,8],"type":"read_ok"}}
2024/12/27 00:52:00 Received {c14 n1 {"type":"read","msg_id":7}}
2024/12/27 00:52:00 Sent {"src":"n1","dest":"c14","body":{"in_reply_to":7,"messages":[8,3,6],"type":"read_ok"}}
2024/12/27 00:52:00 Sent {"src":"n1","dest":"n4","body":{"message":[6,8,3],"type":"periodic_broadcast"}}
2024/12/27 00:52:00 Sent {"src":"n1","dest":"n0","body":{"message":[6,8,3],"type":"periodic_broadcast"}}
2024/12/27 00:52:00 Sent {"src":"n1","dest":"n2","body":{"message":[6,8,3],"type":"periodic_broadcast"}}
2024/12/27 00:52:00 Received {c14 n1 {"type":"read","msg_id":8}}
2024/12/27 00:52:00 Sent {"src":"n1","dest":"c14","body":{"in_reply_to":8,"messages":[3,6,8],"type":"read_ok"}}
2024/12/27 00:52:00 Received {c14 n1 {"type":"read","msg_id":9}}
2024/12/27 00:52:00 Sent {"src":"n1","dest":"c14","body":{"in_reply_to":9,"messages":[8,3,6],"type":"read_ok"}}
2024/12/27 00:52:00 Received {c14 n1 {"type":"read","msg_id":10}}
2024/12/27 00:52:00 Sent {"src":"n1","dest":"c14","body":{"in_reply_to":10,"messages":[3,6,8],"type":"read_ok"}}
2024/12/27 00:52:00 Received {c14 n1 {"type":"read","msg_id":11}}
2024/12/27 00:52:00 Sent {"src":"n1","dest":"c14","body":{"in_reply_to":11,"messages":[8,3,6],"type":"read_ok"}}
2024/12/27 00:52:00 Received {c14 n1 {"type":"broadcast","message":9,"msg_id":12}}
2024/12/27 00:52:00 Sent {"src":"n1","dest":"c14","body":{"in_reply_to":12,"type":"broadcast_ok"}}
2024/12/27 00:52:00 Sent {"src":"n1","dest":"n4","body":{"message":9,"msg_id":12,"type":"broadcast"}}
2024/12/27 00:52:00 Sent {"src":"n1","dest":"n2","body":{"message":9,"msg_id":12,"type":"broadcast"}}
2024/12/27 00:52:00 Sent {"src":"n1","dest":"n0","body":{"message":9,"msg_id":12,"type":"broadcast"}}
2024/12/27 00:52:00 Received {c14 n1 {"type":"broadcast","message":10,"msg_id":13}}
2024/12/27 00:52:00 Sent {"src":"n1","dest":"c14","body":{"in_reply_to":13,"type":"broadcast_ok"}}
2024/12/27 00:52:00 Sent {"src":"n1","dest":"n0","body":{"message":10,"msg_id":13,"type":"broadcast"}}
2024/12/27 00:52:00 Sent {"src":"n1","dest":"n2","body":{"message":10,"msg_id":13,"type":"broadcast"}}
2024/12/27 00:52:00 Sent {"src":"n1","dest":"n4","body":{"message":10,"msg_id":13,"type":"broadcast"}}
2024/12/27 00:52:00 Received {c14 n1 {"type":"broadcast","message":11,"msg_id":14}}
2024/12/27 00:52:00 Sent {"src":"n1","dest":"c14","body":{"in_reply_to":14,"type":"broadcast_ok"}}
2024/12/27 00:52:00 Sent {"src":"n1","dest":"n0","body":{"message":11,"msg_id":14,"type":"broadcast"}}
2024/12/27 00:52:00 Sent {"src":"n1","dest":"n2","body":{"message":11,"msg_id":14,"type":"broadcast"}}
2024/12/27 00:52:00 Sent {"src":"n1","dest":"n4","body":{"message":11,"msg_id":14,"type":"broadcast"}}
2024/12/27 00:52:01 Sent {"src":"n1","dest":"n0","body":{"message":[11,3,6,8,9,10],"type":"periodic_broadcast"}}
2024/12/27 00:52:01 Sent {"src":"n1","dest":"n4","body":{"message":[11,3,6,8,9,10],"type":"periodic_broadcast"}}
2024/12/27 00:52:01 Sent {"src":"n1","dest":"n2","body":{"message":[11,3,6,8,9,10],"type":"periodic_broadcast"}}
2024/12/27 00:52:01 Received {c14 n1 {"type":"broadcast","message":12,"msg_id":15}}
2024/12/27 00:52:01 Sent {"src":"n1","dest":"c14","body":{"in_reply_to":15,"type":"broadcast_ok"}}
2024/12/27 00:52:01 Sent {"src":"n1","dest":"n2","body":{"message":12,"msg_id":15,"type":"broadcast"}}
2024/12/27 00:52:01 Sent {"src":"n1","dest":"n4","body":{"message":12,"msg_id":15,"type":"broadcast"}}
2024/12/27 00:52:01 Sent {"src":"n1","dest":"n0","body":{"message":12,"msg_id":15,"type":"broadcast"}}
2024/12/27 00:52:01 Received {c14 n1 {"type":"read","msg_id":16}}
2024/12/27 00:52:01 Sent {"src":"n1","dest":"c14","body":{"in_reply_to":16,"messages":[6,8,9,10,11,12,3],"type":"read_ok"}}
2024/12/27 00:52:01 Received {c14 n1 {"type":"read","msg_id":17}}
2024/12/27 00:52:01 Sent {"src":"n1","dest":"c14","body":{"in_reply_to":17,"messages":[8,9,10,11,12,3,6],"type":"read_ok"}}
2024/12/27 00:52:01 Received {c14 n1 {"type":"read","msg_id":18}}
2024/12/27 00:52:01 Sent {"src":"n1","dest":"c14","body":{"in_reply_to":18,"messages":[10,11,12,3,6,8,9],"type":"read_ok"}}
2024/12/27 00:52:01 Received {c14 n1 {"type":"read","msg_id":19}}
2024/12/27 00:52:01 Sent {"src":"n1","dest":"c14","body":{"in_reply_to":19,"messages":[11,12,3,6,8,9,10],"type":"read_ok"}}
2024/12/27 00:52:01 Received {c14 n1 {"type":"read","msg_id":20}}
2024/12/27 00:52:01 Sent {"src":"n1","dest":"c14","body":{"in_reply_to":20,"messages":[11,12,3,6,8,9,10],"type":"read_ok"}}
2024/12/27 00:52:01 Received {c14 n1 {"type":"read","msg_id":21}}
2024/12/27 00:52:01 Sent {"src":"n1","dest":"c14","body":{"in_reply_to":21,"messages":[3,6,8,9,10,11,12],"type":"read_ok"}}
2024/12/27 00:52:02 Received {c14 n1 {"type":"broadcast","message":13,"msg_id":22}}
2024/12/27 00:52:02 Sent {"src":"n1","dest":"c14","body":{"in_reply_to":22,"type":"broadcast_ok"}}
2024/12/27 00:52:02 Sent {"src":"n1","dest":"n4","body":{"message":13,"msg_id":22,"type":"broadcast"}}
2024/12/27 00:52:02 Sent {"src":"n1","dest":"n2","body":{"message":13,"msg_id":22,"type":"broadcast"}}
2024/12/27 00:52:02 Sent {"src":"n1","dest":"n0","body":{"message":13,"msg_id":22,"type":"broadcast"}}
2024/12/27 00:52:02 Sent {"src":"n1","dest":"n4","body":{"message":[9,10,11,12,13,3,6,8],"type":"periodic_broadcast"}}
2024/12/27 00:52:02 Sent {"src":"n1","dest":"n0","body":{"message":[9,10,11,12,13,3,6,8],"type":"periodic_broadcast"}}
2024/12/27 00:52:02 Sent {"src":"n1","dest":"n2","body":{"message":[9,10,11,12,13,3,6,8],"type":"periodic_broadcast"}}
2024/12/27 00:52:02 Received {c14 n1 {"type":"read","msg_id":23}}
2024/12/27 00:52:02 Sent {"src":"n1","dest":"c14","body":{"in_reply_to":23,"messages":[3,6,8,9,10,11,12,13],"type":"read_ok"}}
2024/12/27 00:52:02 Received {c14 n1 {"type":"read","msg_id":24}}
2024/12/27 00:52:02 Sent {"src":"n1","dest":"c14","body":{"in_reply_to":24,"messages":[12,13,3,6,8,9,10,11],"type":"read_ok"}}
2024/12/27 00:52:02 Received {c14 n1 {"type":"read","msg_id":25}}
2024/12/27 00:52:02 Sent {"src":"n1","dest":"c14","body":{"in_reply_to":25,"messages":[11,12,13,3,6,8,9,10],"type":"read_ok"}}
2024/12/27 00:52:02 Received {c14 n1 {"type":"read","msg_id":26}}
2024/12/27 00:52:02 Sent {"src":"n1","dest":"c14","body":{"in_reply_to":26,"messages":[9,10,11,12,13,3,6,8],"type":"read_ok"}}
2024/12/27 00:52:02 Received {c14 n1 {"type":"read","msg_id":27}}
2024/12/27 00:52:02 Sent {"src":"n1","dest":"c14","body":{"in_reply_to":27,"messages":[9,10,11,12,13,3,6,8],"type":"read_ok"}}
2024/12/27 00:52:02 Received {c14 n1 {"type":"broadcast","message":15,"msg_id":28}}
2024/12/27 00:52:02 Sent {"src":"n1","dest":"c14","body":{"in_reply_to":28,"type":"broadcast_ok"}}
2024/12/27 00:52:02 Sent {"src":"n1","dest":"n2","body":{"message":15,"msg_id":28,"type":"broadcast"}}
2024/12/27 00:52:02 Sent {"src":"n1","dest":"n0","body":{"message":15,"msg_id":28,"type":"broadcast"}}
2024/12/27 00:52:02 Sent {"src":"n1","dest":"n4","body":{"message":15,"msg_id":28,"type":"broadcast"}}
2024/12/27 00:52:03 Received {c14 n1 {"type":"read","msg_id":29}}
2024/12/27 00:52:03 Sent {"src":"n1","dest":"c14","body":{"in_reply_to":29,"messages":[6,10,11,12,13,15,3,8,9],"type":"read_ok"}}
2024/12/27 00:52:03 Received {c14 n1 {"type":"broadcast","message":16,"msg_id":30}}
2024/12/27 00:52:03 Sent {"src":"n1","dest":"c14","body":{"in_reply_to":30,"type":"broadcast_ok"}}
2024/12/27 00:52:03 Sent {"src":"n1","dest":"n2","body":{"message":16,"msg_id":30,"type":"broadcast"}}
2024/12/27 00:52:03 Sent {"src":"n1","dest":"n4","body":{"message":16,"msg_id":30,"type":"broadcast"}}
2024/12/27 00:52:03 Sent {"src":"n1","dest":"n0","body":{"message":16,"msg_id":30,"type":"broadcast"}}
2024/12/27 00:52:03 Sent {"src":"n1","dest":"n0","body":{"message":[3,8,9,16,15,6,10,11,12,13],"type":"periodic_broadcast"}}
2024/12/27 00:52:03 Sent {"src":"n1","dest":"n2","body":{"message":[3,8,9,16,15,6,10,11,12,13],"type":"periodic_broadcast"}}
2024/12/27 00:52:03 Sent {"src":"n1","dest":"n4","body":{"message":[3,8,9,16,15,6,10,11,12,13],"type":"periodic_broadcast"}}
2024/12/27 00:52:03 Received {c14 n1 {"type":"broadcast","message":17,"msg_id":31}}
2024/12/27 00:52:03 Sent {"src":"n1","dest":"c14","body":{"in_reply_to":31,"type":"broadcast_ok"}}
2024/12/27 00:52:03 Sent {"src":"n1","dest":"n4","body":{"message":17,"msg_id":31,"type":"broadcast"}}
2024/12/27 00:52:03 Sent {"src":"n1","dest":"n2","body":{"message":17,"msg_id":31,"type":"broadcast"}}
2024/12/27 00:52:03 Sent {"src":"n1","dest":"n0","body":{"message":17,"msg_id":31,"type":"broadcast"}}
2024/12/27 00:52:03 Received {c14 n1 {"type":"read","msg_id":32}}
2024/12/27 00:52:03 Sent {"src":"n1","dest":"c14","body":{"in_reply_to":32,"messages":[11,12,13,15,17,6,10,9,16,3,8],"type":"read_ok"}}
2024/12/27 00:52:03 Received {c14 n1 {"type":"broadcast","message":18,"msg_id":33}}
2024/12/27 00:52:03 Sent {"src":"n1","dest":"c14","body":{"in_reply_to":33,"type":"broadcast_ok"}}
2024/12/27 00:52:03 Sent {"src":"n1","dest":"n2","body":{"message":18,"msg_id":33,"type":"broadcast"}}
2024/12/27 00:52:03 Sent {"src":"n1","dest":"n4","body":{"message":18,"msg_id":33,"type":"broadcast"}}
2024/12/27 00:52:03 Sent {"src":"n1","dest":"n0","body":{"message":18,"msg_id":33,"type":"broadcast"}}
2024/12/27 00:52:03 Received {c14 n1 {"type":"broadcast","message":19,"msg_id":34}}
2024/12/27 00:52:03 Sent {"src":"n1","dest":"c14","body":{"in_reply_to":34,"type":"broadcast_ok"}}
2024/12/27 00:52:03 Sent {"src":"n1","dest":"n4","body":{"message":19,"msg_id":34,"type":"broadcast"}}
2024/12/27 00:52:03 Sent {"src":"n1","dest":"n0","body":{"message":19,"msg_id":34,"type":"broadcast"}}
2024/12/27 00:52:03 Sent {"src":"n1","dest":"n2","body":{"message":19,"msg_id":34,"type":"broadcast"}}
2024/12/27 00:52:03 Received {c14 n1 {"type":"broadcast","message":20,"msg_id":35}}
2024/12/27 00:52:03 Sent {"src":"n1","dest":"c14","body":{"in_reply_to":35,"type":"broadcast_ok"}}
2024/12/27 00:52:03 Sent {"src":"n1","dest":"n4","body":{"message":20,"msg_id":35,"type":"broadcast"}}
2024/12/27 00:52:03 Sent {"src":"n1","dest":"n2","body":{"message":20,"msg_id":35,"type":"broadcast"}}
2024/12/27 00:52:03 Sent {"src":"n1","dest":"n0","body":{"message":20,"msg_id":35,"type":"broadcast"}}
2024/12/27 00:52:03 Received {c14 n1 {"type":"broadcast","message":21,"msg_id":36}}
2024/12/27 00:52:03 Sent {"src":"n1","dest":"c14","body":{"in_reply_to":36,"type":"broadcast_ok"}}
2024/12/27 00:52:03 Sent {"src":"n1","dest":"n4","body":{"message":21,"msg_id":36,"type":"broadcast"}}
2024/12/27 00:52:03 Sent {"src":"n1","dest":"n2","body":{"message":21,"msg_id":36,"type":"broadcast"}}
2024/12/27 00:52:03 Sent {"src":"n1","dest":"n0","body":{"message":21,"msg_id":36,"type":"broadcast"}}
2024/12/27 00:52:03 Received {c14 n1 {"type":"broadcast","message":22,"msg_id":37}}
2024/12/27 00:52:03 Sent {"src":"n1","dest":"c14","body":{"in_reply_to":37,"type":"broadcast_ok"}}
2024/12/27 00:52:03 Sent {"src":"n1","dest":"n4","body":{"message":22,"msg_id":37,"type":"broadcast"}}
2024/12/27 00:52:03 Sent {"src":"n1","dest":"n0","body":{"message":22,"msg_id":37,"type":"broadcast"}}
2024/12/27 00:52:03 Sent {"src":"n1","dest":"n2","body":{"message":22,"msg_id":37,"type":"broadcast"}}
2024/12/27 00:52:04 Received {c14 n1 {"type":"read","msg_id":38}}
2024/12/27 00:52:04 Sent {"src":"n1","dest":"c14","body":{"in_reply_to":38,"messages":[3,8,16,19,18,20,6,11,12,13,9,22,10,15,17,21],"type":"read_ok"}}
2024/12/27 00:52:04 Sent {"src":"n1","dest":"n0","body":{"message":[6,11,12,13,18,20,9,22,10,15,17,21,3,8,16,19],"type":"periodic_broadcast"}}
2024/12/27 00:52:04 Sent {"src":"n1","dest":"n4","body":{"message":[6,11,12,13,18,20,9,22,10,15,17,21,3,8,16,19],"type":"periodic_broadcast"}}
2024/12/27 00:52:04 Sent {"src":"n1","dest":"n2","body":{"message":[6,11,12,13,18,20,9,22,10,15,17,21,3,8,16,19],"type":"periodic_broadcast"}}
2024/12/27 00:52:04 Received {c14 n1 {"type":"broadcast","message":24,"msg_id":39}}
2024/12/27 00:52:04 Sent {"src":"n1","dest":"c14","body":{"in_reply_to":39,"type":"broadcast_ok"}}
2024/12/27 00:52:04 Sent {"src":"n1","dest":"n0","body":{"message":24,"msg_id":39,"type":"broadcast"}}
2024/12/27 00:52:04 Sent {"src":"n1","dest":"n4","body":{"message":24,"msg_id":39,"type":"broadcast"}}
2024/12/27 00:52:04 Sent {"src":"n1","dest":"n2","body":{"message":24,"msg_id":39,"type":"broadcast"}}
2024/12/27 00:52:04 Received {c14 n1 {"type":"read","msg_id":40}}
2024/12/27 00:52:04 Sent {"src":"n1","dest":"c14","body":{"in_reply_to":40,"messages":[3,8,16,19,24,6,11,12,13,18,20,9,22,10,15,17,21],"type":"read_ok"}}
2024/12/27 00:52:04 Received {n2 n1 {"message":26,"msg_id":11,"type":"broadcast"}}
2024/12/27 00:52:04 Sent {"src":"n1","dest":"n2","body":{"in_reply_to":11,"type":"broadcast_ok"}}
2024/12/27 00:52:04 Sent {"src":"n1","dest":"n0","body":{"message":26,"msg_id":11,"type":"broadcast"}}
2024/12/27 00:52:04 Sent {"src":"n1","dest":"n4","body":{"message":26,"msg_id":11,"type":"broadcast"}}
2024/12/27 00:52:04 Received {c14 n1 {"type":"read","msg_id":41}}
2024/12/27 00:52:04 Sent {"src":"n1","dest":"c14","body":{"in_reply_to":41,"messages":[10,15,17,21,3,8,16,19,24,6,11,12,13,18,20,26,9,22],"type":"read_ok"}}
2024/12/27 00:52:04 Received {c14 n1 {"type":"broadcast","message":27,"msg_id":42}}
2024/12/27 00:52:04 Sent {"src":"n1","dest":"n4","body":{"message":27,"msg_id":42,"type":"broadcast"}}
2024/12/27 00:52:04 Sent {"src":"n1","dest":"n0","body":{"message":27,"msg_id":42,"type":"broadcast"}}
2024/12/27 00:52:04 Sent {"src":"n1","dest":"n2","body":{"message":27,"msg_id":42,"type":"broadcast"}}
2024/12/27 00:52:04 Sent {"src":"n1","dest":"c14","body":{"in_reply_to":42,"type":"broadcast_ok"}}
2024/12/27 00:52:04 Received {n2 n1 {"in_reply_to":42,"type":"broadcast_ok"}}
2024/12/27 00:52:04 Ignoring reply to 42 with no callback
2024/12/27 00:52:04 Received {c14 n1 {"type":"broadcast","message":28,"msg_id":43}}
2024/12/27 00:52:04 Sent {"src":"n1","dest":"c14","body":{"in_reply_to":43,"type":"broadcast_ok"}}
2024/12/27 00:52:04 Sent {"src":"n1","dest":"n4","body":{"message":28,"msg_id":43,"type":"broadcast"}}
2024/12/27 00:52:04 Sent {"src":"n1","dest":"n2","body":{"message":28,"msg_id":43,"type":"broadcast"}}
2024/12/27 00:52:04 Sent {"src":"n1","dest":"n0","body":{"message":28,"msg_id":43,"type":"broadcast"}}
2024/12/27 00:52:04 Received {n2 n1 {"in_reply_to":43,"type":"broadcast_ok"}}
2024/12/27 00:52:04 Ignoring reply to 43 with no callback
2024/12/27 00:52:05 Received {c14 n1 {"type":"read","msg_id":44}}
2024/12/27 00:52:05 Sent {"src":"n1","dest":"c14","body":{"in_reply_to":44,"messages":[10,15,17,21,28,3,8,16,19,24,27,26,6,11,12,13,18,20,9,22],"type":"read_ok"}}
2024/12/27 00:52:05 Sent {"src":"n1","dest":"n0","body":{"message":[3,8,16,19,24,27,28,6,11,12,13,18,20,26,9,22,10,15,17,21],"type":"periodic_broadcast"}}
2024/12/27 00:52:05 Sent {"src":"n1","dest":"n4","body":{"message":[3,8,16,19,24,27,28,6,11,12,13,18,20,26,9,22,10,15,17,21],"type":"periodic_broadcast"}}
2024/12/27 00:52:05 Sent {"src":"n1","dest":"n2","body":{"message":[3,8,16,19,24,27,28,6,11,12,13,18,20,26,9,22,10,15,17,21],"type":"periodic_broadcast"}}
2024/12/27 00:52:05 Received {n2 n1 {"message":[4,14,23,26,27,28],"type":"periodic_broadcast"}}
2024/12/27 00:52:05 No handler for {"id":265,"src":"n2","dest":"n1","body":{"message":[4,14,23,26,27,28],"type":"periodic_broadcast"}}
