2024/11/07 09:20:48 Received {c0 n1 {"type":"init","node_id":"n1","node_ids":["n0","n1","n2","n3","n4"],"msg_id":1}}
2024/11/07 09:20:48 Node n1 initialized
2024/11/07 09:20:48 Sent {"src":"n1","dest":"c0","body":{"in_reply_to":1,"type":"init_ok"}}
2024/11/07 09:20:48 Received {c5 n1 {"type":"topology","topology":{"n0":["n3","n1"],"n1":["n4","n2","n0"],"n2":["n1"],"n3":["n0","n4"],"n4":["n1","n3"]},"msg_id":1}}
Get to return body
2024/11/07 09:20:48 Sent {"src":"n1","dest":"c5","body":{"in_reply_to":1,"type":"topology_ok"}}
2024/11/07 09:20:48 Received {c11 n1 {"type":"read","msg_id":1}}
2024/11/07 09:20:48 Sent {"src":"n1","dest":"c11","body":{"in_reply_to":1,"messages":null,"type":"read_ok"}}
2024/11/07 09:20:49 Received {c11 n1 {"type":"broadcast","message":5,"msg_id":2}}
2024/11/07 09:20:49 Sent {"src":"n1","dest":"c11","body":{"in_reply_to":2,"type":"broadcast_ok"}}
2024/11/07 09:20:49 Received {c11 n1 {"type":"read","msg_id":3}}
2024/11/07 09:20:49 Sent {"src":"n1","dest":"c11","body":{"in_reply_to":3,"messages":[5],"type":"read_ok"}}
2024/11/07 09:20:50 Received {c11 n1 {"type":"broadcast","message":9,"msg_id":4}}
2024/11/07 09:20:50 Sent {"src":"n1","dest":"c11","body":{"in_reply_to":4,"type":"broadcast_ok"}}
2024/11/07 09:20:50 Received {c11 n1 {"type":"broadcast","message":14,"msg_id":5}}
2024/11/07 09:20:50 Sent {"src":"n1","dest":"c11","body":{"in_reply_to":5,"type":"broadcast_ok"}}
2024/11/07 09:20:51 Received {c11 n1 {"type":"broadcast","message":17,"msg_id":6}}
2024/11/07 09:20:51 Sent {"src":"n1","dest":"c11","body":{"in_reply_to":6,"type":"broadcast_ok"}}
2024/11/07 09:20:51 Received {c11 n1 {"type":"read","msg_id":7}}
2024/11/07 09:20:51 Sent {"src":"n1","dest":"c11","body":{"in_reply_to":7,"messages":[5,9,14,17],"type":"read_ok"}}
2024/11/07 09:20:52 Received {c11 n1 {"type":"broadcast","message":26,"msg_id":8}}
2024/11/07 09:20:52 Sent {"src":"n1","dest":"c11","body":{"in_reply_to":8,"type":"broadcast_ok"}}
2024/11/07 09:20:53 Received {c11 n1 {"type":"read","msg_id":9}}
2024/11/07 09:20:53 Sent {"src":"n1","dest":"c11","body":{"in_reply_to":9,"messages":[5,9,14,17,26],"type":"read_ok"}}
2024/11/07 09:20:53 Received {c11 n1 {"type":"read","msg_id":10}}
2024/11/07 09:20:53 Sent {"src":"n1","dest":"c11","body":{"in_reply_to":10,"messages":[5,9,14,17,26],"type":"read_ok"}}
2024/11/07 09:20:54 Received {c11 n1 {"type":"read","msg_id":11}}
2024/11/07 09:20:54 Sent {"src":"n1","dest":"c11","body":{"in_reply_to":11,"messages":[5,9,14,17,26],"type":"read_ok"}}
2024/11/07 09:20:54 Received {c11 n1 {"type":"broadcast","message":36,"msg_id":12}}
2024/11/07 09:20:54 Sent {"src":"n1","dest":"c11","body":{"in_reply_to":12,"type":"broadcast_ok"}}
2024/11/07 09:20:55 Received {c11 n1 {"type":"read","msg_id":13}}
2024/11/07 09:20:55 Sent {"src":"n1","dest":"c11","body":{"in_reply_to":13,"messages":[5,9,14,17,26,36],"type":"read_ok"}}
2024/11/07 09:20:56 Received {c11 n1 {"type":"read","msg_id":14}}
2024/11/07 09:20:56 Sent {"src":"n1","dest":"c11","body":{"in_reply_to":14,"messages":[5,9,14,17,26,36],"type":"read_ok"}}
2024/11/07 09:20:56 Received {c11 n1 {"type":"broadcast","message":45,"msg_id":15}}
2024/11/07 09:20:56 Sent {"src":"n1","dest":"c11","body":{"in_reply_to":15,"type":"broadcast_ok"}}
2024/11/07 09:20:57 Received {c11 n1 {"type":"broadcast","message":47,"msg_id":16}}
2024/11/07 09:20:57 Sent {"src":"n1","dest":"c11","body":{"in_reply_to":16,"type":"broadcast_ok"}}
2024/11/07 09:20:57 Received {c11 n1 {"type":"read","msg_id":17}}
2024/11/07 09:20:57 Sent {"src":"n1","dest":"c11","body":{"in_reply_to":17,"messages":[5,9,14,17,26,36,45,47],"type":"read_ok"}}
2024/11/07 09:20:58 Received {c11 n1 {"type":"broadcast","message":56,"msg_id":18}}
2024/11/07 09:20:58 Sent {"src":"n1","dest":"c11","body":{"in_reply_to":18,"type":"broadcast_ok"}}
2024/11/07 09:20:58 Received {c11 n1 {"type":"broadcast","message":59,"msg_id":19}}
2024/11/07 09:20:58 Sent {"src":"n1","dest":"c11","body":{"in_reply_to":19,"type":"broadcast_ok"}}
2024/11/07 09:20:59 Received {c11 n1 {"type":"read","msg_id":20}}
2024/11/07 09:20:59 Sent {"src":"n1","dest":"c11","body":{"in_reply_to":20,"messages":[5,9,14,17,26,36,45,47,56,59],"type":"read_ok"}}
2024/11/07 09:21:00 Received {c11 n1 {"type":"read","msg_id":21}}
2024/11/07 09:21:00 Sent {"src":"n1","dest":"c11","body":{"in_reply_to":21,"messages":[5,9,14,17,26,36,45,47,56,59],"type":"read_ok"}}
2024/11/07 09:21:00 Received {c11 n1 {"type":"read","msg_id":22}}
2024/11/07 09:21:00 Sent {"src":"n1","dest":"c11","body":{"in_reply_to":22,"messages":[5,9,14,17,26,36,45,47,56,59],"type":"read_ok"}}
2024/11/07 09:21:01 Received {c11 n1 {"type":"broadcast","message":68,"msg_id":23}}
2024/11/07 09:21:01 Sent {"src":"n1","dest":"c11","body":{"in_reply_to":23,"type":"broadcast_ok"}}
2024/11/07 09:21:01 Received {c11 n1 {"type":"read","msg_id":24}}
2024/11/07 09:21:01 Sent {"src":"n1","dest":"c11","body":{"in_reply_to":24,"messages":[5,9,14,17,26,36,45,47,56,59,68],"type":"read_ok"}}
2024/11/07 09:21:02 Received {c11 n1 {"type":"read","msg_id":25}}
2024/11/07 09:21:02 Sent {"src":"n1","dest":"c11","body":{"in_reply_to":25,"messages":[5,9,14,17,26,36,45,47,56,59,68],"type":"read_ok"}}
2024/11/07 09:21:03 Received {c11 n1 {"type":"broadcast","message":78,"msg_id":26}}
2024/11/07 09:21:03 Sent {"src":"n1","dest":"c11","body":{"in_reply_to":26,"type":"broadcast_ok"}}
2024/11/07 09:21:03 Received {c11 n1 {"type":"read","msg_id":27}}
2024/11/07 09:21:03 Sent {"src":"n1","dest":"c11","body":{"in_reply_to":27,"messages":[5,9,14,17,26,36,45,47,56,59,68,78],"type":"read_ok"}}
2024/11/07 09:21:04 Received {c11 n1 {"type":"broadcast","message":83,"msg_id":28}}
2024/11/07 09:21:04 Sent {"src":"n1","dest":"c11","body":{"in_reply_to":28,"type":"broadcast_ok"}}
2024/11/07 09:21:05 Received {c11 n1 {"type":"read","msg_id":29}}
2024/11/07 09:21:05 Sent {"src":"n1","dest":"c11","body":{"in_reply_to":29,"messages":[5,9,14,17,26,36,45,47,56,59,68,78,83],"type":"read_ok"}}
2024/11/07 09:21:05 Received {c11 n1 {"type":"read","msg_id":30}}
2024/11/07 09:21:05 Sent {"src":"n1","dest":"c11","body":{"in_reply_to":30,"messages":[5,9,14,17,26,36,45,47,56,59,68,78,83],"type":"read_ok"}}
2024/11/07 09:21:05 Received {c11 n1 {"type":"broadcast","message":92,"msg_id":31}}
2024/11/07 09:21:05 Sent {"src":"n1","dest":"c11","body":{"in_reply_to":31,"type":"broadcast_ok"}}
2024/11/07 09:21:06 Received {c11 n1 {"type":"read","msg_id":32}}
2024/11/07 09:21:06 Sent {"src":"n1","dest":"c11","body":{"in_reply_to":32,"messages":[5,9,14,17,26,36,45,47,56,59,68,78,83,92],"type":"read_ok"}}
2024/11/07 09:21:07 Received {c11 n1 {"type":"read","msg_id":33}}
2024/11/07 09:21:07 Sent {"src":"n1","dest":"c11","body":{"in_reply_to":33,"messages":[5,9,14,17,26,36,45,47,56,59,68,78,83,92],"type":"read_ok"}}
2024/11/07 09:21:07 Received {c11 n1 {"type":"read","msg_id":34}}
2024/11/07 09:21:07 Sent {"src":"n1","dest":"c11","body":{"in_reply_to":34,"messages":[5,9,14,17,26,36,45,47,56,59,68,78,83,92],"type":"read_ok"}}
2024/11/07 09:21:18 Received {c11 n1 {"type":"read","msg_id":35}}
2024/11/07 09:21:18 Sent {"src":"n1","dest":"c11","body":{"in_reply_to":35,"messages":[5,9,14,17,26,36,45,47,56,59,68,78,83,92],"type":"read_ok"}}
