2024/11/07 09:20:48 Received {c1 n2 {"type":"init","node_id":"n2","node_ids":["n0","n1","n2","n3","n4"],"msg_id":1}}
2024/11/07 09:20:48 Node n2 initialized
2024/11/07 09:20:48 Sent {"src":"n2","dest":"c1","body":{"in_reply_to":1,"type":"init_ok"}}
2024/11/07 09:20:48 Received {c7 n2 {"type":"topology","topology":{"n0":["n3","n1"],"n1":["n4","n2","n0"],"n2":["n1"],"n3":["n0","n4"],"n4":["n1","n3"]},"msg_id":1}}
Get to return body
2024/11/07 09:20:48 Sent {"src":"n2","dest":"c7","body":{"in_reply_to":1,"type":"topology_ok"}}
2024/11/07 09:20:48 Received {c12 n2 {"type":"read","msg_id":1}}
2024/11/07 09:20:48 Sent {"src":"n2","dest":"c12","body":{"in_reply_to":1,"messages":null,"type":"read_ok"}}
2024/11/07 09:20:49 Received {c12 n2 {"type":"read","msg_id":2}}
2024/11/07 09:20:49 Sent {"src":"n2","dest":"c12","body":{"in_reply_to":2,"messages":null,"type":"read_ok"}}
2024/11/07 09:20:49 Received {c12 n2 {"type":"read","msg_id":3}}
2024/11/07 09:20:49 Sent {"src":"n2","dest":"c12","body":{"in_reply_to":3,"messages":null,"type":"read_ok"}}
2024/11/07 09:20:50 Received {c12 n2 {"type":"broadcast","message":10,"msg_id":4}}
2024/11/07 09:20:50 Sent {"src":"n2","dest":"c12","body":{"in_reply_to":4,"type":"broadcast_ok"}}
2024/11/07 09:20:50 Received {c12 n2 {"type":"broadcast","message":15,"msg_id":5}}
2024/11/07 09:20:50 Sent {"src":"n2","dest":"c12","body":{"in_reply_to":5,"type":"broadcast_ok"}}
2024/11/07 09:20:51 Received {c12 n2 {"type":"broadcast","message":18,"msg_id":6}}
2024/11/07 09:20:51 Sent {"src":"n2","dest":"c12","body":{"in_reply_to":6,"type":"broadcast_ok"}}
2024/11/07 09:20:52 Received {c12 n2 {"type":"broadcast","message":22,"msg_id":7}}
2024/11/07 09:20:52 Sent {"src":"n2","dest":"c12","body":{"in_reply_to":7,"type":"broadcast_ok"}}
2024/11/07 09:20:52 Received {c12 n2 {"type":"broadcast","message":27,"msg_id":8}}
2024/11/07 09:20:52 Sent {"src":"n2","dest":"c12","body":{"in_reply_to":8,"type":"broadcast_ok"}}
2024/11/07 09:20:53 Received {c12 n2 {"type":"broadcast","message":30,"msg_id":9}}
2024/11/07 09:20:53 Sent {"src":"n2","dest":"c12","body":{"in_reply_to":9,"type":"broadcast_ok"}}
2024/11/07 09:20:53 Received {c12 n2 {"type":"read","msg_id":10}}
2024/11/07 09:20:53 Sent {"src":"n2","dest":"c12","body":{"in_reply_to":10,"messages":[10,15,18,22,27,30],"type":"read_ok"}}
2024/11/07 09:20:54 Received {c12 n2 {"type":"broadcast","message":34,"msg_id":11}}
2024/11/07 09:20:54 Sent {"src":"n2","dest":"c12","body":{"in_reply_to":11,"type":"broadcast_ok"}}
2024/11/07 09:20:55 Received {c12 n2 {"type":"read","msg_id":12}}
2024/11/07 09:20:55 Sent {"src":"n2","dest":"c12","body":{"in_reply_to":12,"messages":[10,15,18,22,27,30,34],"type":"read_ok"}}
2024/11/07 09:20:55 Received {c12 n2 {"type":"broadcast","message":40,"msg_id":13}}
2024/11/07 09:20:55 Sent {"src":"n2","dest":"c12","body":{"in_reply_to":13,"type":"broadcast_ok"}}
2024/11/07 09:20:56 Received {c12 n2 {"type":"read","msg_id":14}}
2024/11/07 09:20:56 Sent {"src":"n2","dest":"c12","body":{"in_reply_to":14,"messages":[10,15,18,22,27,30,34,40],"type":"read_ok"}}
2024/11/07 09:20:56 Received {c12 n2 {"type":"read","msg_id":15}}
2024/11/07 09:20:56 Sent {"src":"n2","dest":"c12","body":{"in_reply_to":15,"messages":[10,15,18,22,27,30,34,40],"type":"read_ok"}}
2024/11/07 09:20:57 Received {c12 n2 {"type":"broadcast","message":48,"msg_id":16}}
2024/11/07 09:20:57 Sent {"src":"n2","dest":"c12","body":{"in_reply_to":16,"type":"broadcast_ok"}}
2024/11/07 09:20:58 Received {c12 n2 {"type":"read","msg_id":17}}
2024/11/07 09:20:58 Sent {"src":"n2","dest":"c12","body":{"in_reply_to":17,"messages":[10,15,18,22,27,30,34,40,48],"type":"read_ok"}}
2024/11/07 09:20:58 Received {c12 n2 {"type":"read","msg_id":18}}
2024/11/07 09:20:58 Sent {"src":"n2","dest":"c12","body":{"in_reply_to":18,"messages":[10,15,18,22,27,30,34,40,48],"type":"read_ok"}}
2024/11/07 09:20:58 Received {c12 n2 {"type":"read","msg_id":19}}
2024/11/07 09:20:58 Sent {"src":"n2","dest":"c12","body":{"in_reply_to":19,"messages":[10,15,18,22,27,30,34,40,48],"type":"read_ok"}}
2024/11/07 09:20:59 Received {c12 n2 {"type":"read","msg_id":20}}
2024/11/07 09:20:59 Sent {"src":"n2","dest":"c12","body":{"in_reply_to":20,"messages":[10,15,18,22,27,30,34,40,48],"type":"read_ok"}}
2024/11/07 09:21:00 Received {c12 n2 {"type":"broadcast","message":63,"msg_id":21}}
2024/11/07 09:21:00 Sent {"src":"n2","dest":"c12","body":{"in_reply_to":21,"type":"broadcast_ok"}}
2024/11/07 09:21:00 Received {c12 n2 {"type":"read","msg_id":22}}
2024/11/07 09:21:00 Sent {"src":"n2","dest":"c12","body":{"in_reply_to":22,"messages":[10,15,18,22,27,30,34,40,48,63],"type":"read_ok"}}
2024/11/07 09:21:01 Received {c12 n2 {"type":"read","msg_id":23}}
2024/11/07 09:21:01 Sent {"src":"n2","dest":"c12","body":{"in_reply_to":23,"messages":[10,15,18,22,27,30,34,40,48,63],"type":"read_ok"}}
2024/11/07 09:21:02 Received {c12 n2 {"type":"read","msg_id":24}}
2024/11/07 09:21:02 Sent {"src":"n2","dest":"c12","body":{"in_reply_to":24,"messages":[10,15,18,22,27,30,34,40,48,63],"type":"read_ok"}}
2024/11/07 09:21:02 Received {c12 n2 {"type":"broadcast","message":75,"msg_id":25}}
2024/11/07 09:21:02 Sent {"src":"n2","dest":"c12","body":{"in_reply_to":25,"type":"broadcast_ok"}}
2024/11/07 09:21:03 Received {c12 n2 {"type":"read","msg_id":26}}
2024/11/07 09:21:03 Sent {"src":"n2","dest":"c12","body":{"in_reply_to":26,"messages":[10,15,18,22,27,30,34,40,48,63,75],"type":"read_ok"}}
2024/11/07 09:21:03 Received {c12 n2 {"type":"read","msg_id":27}}
2024/11/07 09:21:03 Sent {"src":"n2","dest":"c12","body":{"in_reply_to":27,"messages":[10,15,18,22,27,30,34,40,48,63,75],"type":"read_ok"}}
2024/11/07 09:21:04 Received {c12 n2 {"type":"read","msg_id":28}}
2024/11/07 09:21:04 Sent {"src":"n2","dest":"c12","body":{"in_reply_to":28,"messages":[10,15,18,22,27,30,34,40,48,63,75],"type":"read_ok"}}
2024/11/07 09:21:05 Received {c12 n2 {"type":"broadcast","message":86,"msg_id":29}}
2024/11/07 09:21:05 Sent {"src":"n2","dest":"c12","body":{"in_reply_to":29,"type":"broadcast_ok"}}
2024/11/07 09:21:05 Received {c12 n2 {"type":"broadcast","message":89,"msg_id":30}}
2024/11/07 09:21:05 Sent {"src":"n2","dest":"c12","body":{"in_reply_to":30,"type":"broadcast_ok"}}
2024/11/07 09:21:05 Received {c12 n2 {"type":"broadcast","message":93,"msg_id":31}}
2024/11/07 09:21:05 Sent {"src":"n2","dest":"c12","body":{"in_reply_to":31,"type":"broadcast_ok"}}
2024/11/07 09:21:06 Received {c12 n2 {"type":"broadcast","message":96,"msg_id":32}}
2024/11/07 09:21:06 Sent {"src":"n2","dest":"c12","body":{"in_reply_to":32,"type":"broadcast_ok"}}
2024/11/07 09:21:07 Received {c12 n2 {"type":"read","msg_id":33}}
2024/11/07 09:21:07 Sent {"src":"n2","dest":"c12","body":{"in_reply_to":33,"messages":[10,15,18,22,27,30,34,40,48,63,75,86,89,93,96],"type":"read_ok"}}
2024/11/07 09:21:07 Received {c12 n2 {"type":"broadcast","message":98,"msg_id":34}}
2024/11/07 09:21:07 Sent {"src":"n2","dest":"c12","body":{"in_reply_to":34,"type":"broadcast_ok"}}
2024/11/07 09:21:18 Received {c12 n2 {"type":"read","msg_id":35}}
2024/11/07 09:21:18 Sent {"src":"n2","dest":"c12","body":{"in_reply_to":35,"messages":[10,15,18,22,27,30,34,40,48,63,75,86,89,93,96,98],"type":"read_ok"}}
