2024/11/07 09:20:48 Received {c2 n3 {"type":"init","node_id":"n3","node_ids":["n0","n1","n2","n3","n4"],"msg_id":1}}
2024/11/07 09:20:48 Node n3 initialized
2024/11/07 09:20:48 Sent {"src":"n3","dest":"c2","body":{"in_reply_to":1,"type":"init_ok"}}
2024/11/07 09:20:48 Received {c8 n3 {"type":"topology","topology":{"n0":["n3","n1"],"n1":["n4","n2","n0"],"n2":["n1"],"n3":["n0","n4"],"n4":["n1","n3"]},"msg_id":1}}
Get to return body
2024/11/07 09:20:48 Sent {"src":"n3","dest":"c8","body":{"in_reply_to":1,"type":"topology_ok"}}
2024/11/07 09:20:48 Received {c13 n3 {"type":"broadcast","message":1,"msg_id":1}}
2024/11/07 09:20:48 Sent {"src":"n3","dest":"c13","body":{"in_reply_to":1,"type":"broadcast_ok"}}
2024/11/07 09:20:49 Received {c13 n3 {"type":"read","msg_id":2}}
2024/11/07 09:20:49 Sent {"src":"n3","dest":"c13","body":{"in_reply_to":2,"messages":[1],"type":"read_ok"}}
2024/11/07 09:20:49 Received {c13 n3 {"type":"read","msg_id":3}}
2024/11/07 09:20:49 Sent {"src":"n3","dest":"c13","body":{"in_reply_to":3,"messages":[1],"type":"read_ok"}}
2024/11/07 09:20:50 Received {c13 n3 {"type":"broadcast","message":11,"msg_id":4}}
2024/11/07 09:20:50 Sent {"src":"n3","dest":"c13","body":{"in_reply_to":4,"type":"broadcast_ok"}}
2024/11/07 09:20:50 Received {c13 n3 {"type":"broadcast","message":16,"msg_id":5}}
2024/11/07 09:20:50 Sent {"src":"n3","dest":"c13","body":{"in_reply_to":5,"type":"broadcast_ok"}}
2024/11/07 09:20:51 Received {c13 n3 {"type":"read","msg_id":6}}
2024/11/07 09:20:51 Sent {"src":"n3","dest":"c13","body":{"in_reply_to":6,"messages":[1,11,16],"type":"read_ok"}}
2024/11/07 09:20:52 Received {c13 n3 {"type":"broadcast","message":23,"msg_id":7}}
2024/11/07 09:20:52 Sent {"src":"n3","dest":"c13","body":{"in_reply_to":7,"type":"broadcast_ok"}}
2024/11/07 09:20:52 Received {c13 n3 {"type":"broadcast","message":28,"msg_id":8}}
2024/11/07 09:20:52 Sent {"src":"n3","dest":"c13","body":{"in_reply_to":8,"type":"broadcast_ok"}}
2024/11/07 09:20:53 Received {c13 n3 {"type":"broadcast","message":31,"msg_id":9}}
2024/11/07 09:20:53 Sent {"src":"n3","dest":"c13","body":{"in_reply_to":9,"type":"broadcast_ok"}}
2024/11/07 09:20:53 Received {c13 n3 {"type":"read","msg_id":10}}
2024/11/07 09:20:53 Sent {"src":"n3","dest":"c13","body":{"in_reply_to":10,"messages":[1,11,16,23,28,31],"type":"read_ok"}}
2024/11/07 09:20:54 Received {c13 n3 {"type":"broadcast","message":35,"msg_id":11}}
2024/11/07 09:20:54 Sent {"src":"n3","dest":"c13","body":{"in_reply_to":11,"type":"broadcast_ok"}}
2024/11/07 09:20:55 Received {c13 n3 {"type":"broadcast","message":37,"msg_id":12}}
2024/11/07 09:20:55 Sent {"src":"n3","dest":"c13","body":{"in_reply_to":12,"type":"broadcast_ok"}}
2024/11/07 09:20:55 Received {c13 n3 {"type":"read","msg_id":13}}
2024/11/07 09:20:55 Sent {"src":"n3","dest":"c13","body":{"in_reply_to":13,"messages":[1,11,16,23,28,31,35,37],"type":"read_ok"}}
2024/11/07 09:20:56 Received {c13 n3 {"type":"read","msg_id":14}}
2024/11/07 09:20:56 Sent {"src":"n3","dest":"c13","body":{"in_reply_to":14,"messages":[1,11,16,23,28,31,35,37],"type":"read_ok"}}
2024/11/07 09:20:56 Received {c13 n3 {"type":"read","msg_id":15}}
2024/11/07 09:20:56 Sent {"src":"n3","dest":"c13","body":{"in_reply_to":15,"messages":[1,11,16,23,28,31,35,37],"type":"read_ok"}}
2024/11/07 09:20:57 Received {c13 n3 {"type":"broadcast","message":49,"msg_id":16}}
2024/11/07 09:20:57 Sent {"src":"n3","dest":"c13","body":{"in_reply_to":16,"type":"broadcast_ok"}}
2024/11/07 09:20:58 Received {c13 n3 {"type":"broadcast","message":53,"msg_id":17}}
2024/11/07 09:20:58 Sent {"src":"n3","dest":"c13","body":{"in_reply_to":17,"type":"broadcast_ok"}}
2024/11/07 09:20:58 Received {c13 n3 {"type":"broadcast","message":57,"msg_id":18}}
2024/11/07 09:20:58 Sent {"src":"n3","dest":"c13","body":{"in_reply_to":18,"type":"broadcast_ok"}}
2024/11/07 09:20:59 Received {c13 n3 {"type":"broadcast","message":60,"msg_id":19}}
2024/11/07 09:20:59 Sent {"src":"n3","dest":"c13","body":{"in_reply_to":19,"type":"broadcast_ok"}}
2024/11/07 09:20:59 Received {c13 n3 {"type":"read","msg_id":20}}
2024/11/07 09:20:59 Sent {"src":"n3","dest":"c13","body":{"in_reply_to":20,"messages":[1,11,16,23,28,31,35,37,49,53,57,60],"type":"read_ok"}}
2024/11/07 09:21:00 Received {c13 n3 {"type":"read","msg_id":21}}
2024/11/07 09:21:00 Sent {"src":"n3","dest":"c13","body":{"in_reply_to":21,"messages":[1,11,16,23,28,31,35,37,49,53,57,60],"type":"read_ok"}}
2024/11/07 09:21:00 Received {c13 n3 {"type":"broadcast","message":66,"msg_id":22}}
2024/11/07 09:21:00 Sent {"src":"n3","dest":"c13","body":{"in_reply_to":22,"type":"broadcast_ok"}}
2024/11/07 09:21:01 Received {c13 n3 {"type":"broadcast","message":69,"msg_id":23}}
2024/11/07 09:21:01 Sent {"src":"n3","dest":"c13","body":{"in_reply_to":23,"type":"broadcast_ok"}}
2024/11/07 09:21:02 Received {c13 n3 {"type":"read","msg_id":24}}
2024/11/07 09:21:02 Sent {"src":"n3","dest":"c13","body":{"in_reply_to":24,"messages":[1,11,16,23,28,31,35,37,49,53,57,60,66,69],"type":"read_ok"}}
2024/11/07 09:21:02 Received {c13 n3 {"type":"broadcast","message":76,"msg_id":25}}
2024/11/07 09:21:02 Sent {"src":"n3","dest":"c13","body":{"in_reply_to":25,"type":"broadcast_ok"}}
2024/11/07 09:21:03 Received {c13 n3 {"type":"read","msg_id":26}}
2024/11/07 09:21:03 Sent {"src":"n3","dest":"c13","body":{"in_reply_to":26,"messages":[1,11,16,23,28,31,35,37,49,53,57,60,66,69,76],"type":"read_ok"}}
2024/11/07 09:21:04 Received {c13 n3 {"type":"read","msg_id":27}}
2024/11/07 09:21:04 Sent {"src":"n3","dest":"c13","body":{"in_reply_to":27,"messages":[1,11,16,23,28,31,35,37,49,53,57,60,66,69,76],"type":"read_ok"}}
2024/11/07 09:21:04 Received {c13 n3 {"type":"broadcast","message":84,"msg_id":28}}
2024/11/07 09:21:04 Sent {"src":"n3","dest":"c13","body":{"in_reply_to":28,"type":"broadcast_ok"}}
2024/11/07 09:21:05 Received {c13 n3 {"type":"broadcast","message":87,"msg_id":29}}
2024/11/07 09:21:05 Sent {"src":"n3","dest":"c13","body":{"in_reply_to":29,"type":"broadcast_ok"}}
2024/11/07 09:21:05 Received {c13 n3 {"type":"read","msg_id":30}}
2024/11/07 09:21:05 Sent {"src":"n3","dest":"c13","body":{"in_reply_to":30,"messages":[1,11,16,23,28,31,35,37,49,53,57,60,66,69,76,84,87],"type":"read_ok"}}
2024/11/07 09:21:06 Received {c13 n3 {"type":"read","msg_id":31}}
2024/11/07 09:21:06 Sent {"src":"n3","dest":"c13","body":{"in_reply_to":31,"messages":[1,11,16,23,28,31,35,37,49,53,57,60,66,69,76,84,87],"type":"read_ok"}}
2024/11/07 09:21:06 Received {c13 n3 {"type":"read","msg_id":32}}
2024/11/07 09:21:06 Sent {"src":"n3","dest":"c13","body":{"in_reply_to":32,"messages":[1,11,16,23,28,31,35,37,49,53,57,60,66,69,76,84,87],"type":"read_ok"}}
2024/11/07 09:21:07 Received {c13 n3 {"type":"read","msg_id":33}}
2024/11/07 09:21:07 Sent {"src":"n3","dest":"c13","body":{"in_reply_to":33,"messages":[1,11,16,23,28,31,35,37,49,53,57,60,66,69,76,84,87],"type":"read_ok"}}
2024/11/07 09:21:08 Received {c13 n3 {"type":"broadcast","message":99,"msg_id":34}}
2024/11/07 09:21:08 Sent {"src":"n3","dest":"c13","body":{"in_reply_to":34,"type":"broadcast_ok"}}
2024/11/07 09:21:18 Received {c13 n3 {"type":"read","msg_id":35}}
2024/11/07 09:21:18 Sent {"src":"n3","dest":"c13","body":{"in_reply_to":35,"messages":[1,11,16,23,28,31,35,37,49,53,57,60,66,69,76,84,87,99],"type":"read_ok"}}
