2024/11/07 09:20:48 Received {c3 n4 {"type":"init","node_id":"n4","node_ids":["n0","n1","n2","n3","n4"],"msg_id":1}}
2024/11/07 09:20:48 Node n4 initialized
2024/11/07 09:20:48 Sent {"src":"n4","dest":"c3","body":{"in_reply_to":1,"type":"init_ok"}}
2024/11/07 09:20:48 Received {c9 n4 {"type":"topology","topology":{"n0":["n3","n1"],"n1":["n4","n2","n0"],"n2":["n1"],"n3":["n0","n4"],"n4":["n1","n3"]},"msg_id":1}}
Get to return body
2024/11/07 09:20:48 Sent {"src":"n4","dest":"c9","body":{"in_reply_to":1,"type":"topology_ok"}}
2024/11/07 09:20:48 Received {c14 n4 {"type":"broadcast","message":2,"msg_id":1}}
2024/11/07 09:20:48 Sent {"src":"n4","dest":"c14","body":{"in_reply_to":1,"type":"broadcast_ok"}}
2024/11/07 09:20:49 Received {c14 n4 {"type":"broadcast","message":6,"msg_id":2}}
2024/11/07 09:20:49 Sent {"src":"n4","dest":"c14","body":{"in_reply_to":2,"type":"broadcast_ok"}}
2024/11/07 09:20:49 Received {c14 n4 {"type":"broadcast","message":7,"msg_id":3}}
2024/11/07 09:20:49 Sent {"src":"n4","dest":"c14","body":{"in_reply_to":3,"type":"broadcast_ok"}}
2024/11/07 09:20:50 Received {c14 n4 {"type":"read","msg_id":4}}
2024/11/07 09:20:50 Sent {"src":"n4","dest":"c14","body":{"in_reply_to":4,"messages":[2,6,7],"type":"read_ok"}}
2024/11/07 09:20:51 Received {c14 n4 {"type":"read","msg_id":5}}
2024/11/07 09:20:51 Sent {"src":"n4","dest":"c14","body":{"in_reply_to":5,"messages":[2,6,7],"type":"read_ok"}}
2024/11/07 09:20:51 Received {c14 n4 {"type":"broadcast","message":19,"msg_id":6}}
2024/11/07 09:20:51 Sent {"src":"n4","dest":"c14","body":{"in_reply_to":6,"type":"broadcast_ok"}}
2024/11/07 09:20:52 Received {c14 n4 {"type":"broadcast","message":24,"msg_id":7}}
2024/11/07 09:20:52 Sent {"src":"n4","dest":"c14","body":{"in_reply_to":7,"type":"broadcast_ok"}}
2024/11/07 09:20:52 Received {c14 n4 {"type":"broadcast","message":29,"msg_id":8}}
2024/11/07 09:20:52 Sent {"src":"n4","dest":"c14","body":{"in_reply_to":8,"type":"broadcast_ok"}}
2024/11/07 09:20:53 Received {c14 n4 {"type":"read","msg_id":9}}
2024/11/07 09:20:53 Sent {"src":"n4","dest":"c14","body":{"in_reply_to":9,"messages":[2,6,7,19,24,29],"type":"read_ok"}}
2024/11/07 09:20:53 Received {c14 n4 {"type":"broadcast","message":33,"msg_id":10}}
2024/11/07 09:20:53 Sent {"src":"n4","dest":"c14","body":{"in_reply_to":10,"type":"broadcast_ok"}}
2024/11/07 09:20:54 Received {c14 n4 {"type":"read","msg_id":11}}
2024/11/07 09:20:54 Sent {"src":"n4","dest":"c14","body":{"in_reply_to":11,"messages":[2,6,7,19,24,29,33],"type":"read_ok"}}
2024/11/07 09:20:55 Received {c14 n4 {"type":"broadcast","message":38,"msg_id":12}}
2024/11/07 09:20:55 Sent {"src":"n4","dest":"c14","body":{"in_reply_to":12,"type":"broadcast_ok"}}
2024/11/07 09:20:55 Received {c14 n4 {"type":"broadcast","message":41,"msg_id":13}}
2024/11/07 09:20:55 Sent {"src":"n4","dest":"c14","body":{"in_reply_to":13,"type":"broadcast_ok"}}
2024/11/07 09:20:56 Received {c14 n4 {"type":"broadcast","message":43,"msg_id":14}}
2024/11/07 09:20:56 Sent {"src":"n4","dest":"c14","body":{"in_reply_to":14,"type":"broadcast_ok"}}
2024/11/07 09:20:56 Received {c14 n4 {"type":"read","msg_id":15}}
2024/11/07 09:20:56 Sent {"src":"n4","dest":"c14","body":{"in_reply_to":15,"messages":[2,6,7,19,24,29,33,38,41,43],"type":"read_ok"}}
2024/11/07 09:20:57 Received {c14 n4 {"type":"broadcast","message":50,"msg_id":16}}
2024/11/07 09:20:57 Sent {"src":"n4","dest":"c14","body":{"in_reply_to":16,"type":"broadcast_ok"}}
2024/11/07 09:20:58 Received {c14 n4 {"type":"broadcast","message":54,"msg_id":17}}
2024/11/07 09:20:58 Sent {"src":"n4","dest":"c14","body":{"in_reply_to":17,"type":"broadcast_ok"}}
2024/11/07 09:20:58 Received {c14 n4 {"type":"read","msg_id":18}}
2024/11/07 09:20:58 Sent {"src":"n4","dest":"c14","body":{"in_reply_to":18,"messages":[2,6,7,19,24,29,33,38,41,43,50,54],"type":"read_ok"}}
2024/11/07 09:20:59 Received {c14 n4 {"type":"broadcast","message":61,"msg_id":19}}
2024/11/07 09:20:59 Sent {"src":"n4","dest":"c14","body":{"in_reply_to":19,"type":"broadcast_ok"}}
2024/11/07 09:20:59 Received {c14 n4 {"type":"read","msg_id":20}}
2024/11/07 09:20:59 Sent {"src":"n4","dest":"c14","body":{"in_reply_to":20,"messages":[2,6,7,19,24,29,33,38,41,43,50,54,61],"type":"read_ok"}}
2024/11/07 09:21:00 Received {c14 n4 {"type":"broadcast","message":64,"msg_id":21}}
2024/11/07 09:21:00 Sent {"src":"n4","dest":"c14","body":{"in_reply_to":21,"type":"broadcast_ok"}}
2024/11/07 09:21:00 Received {c14 n4 {"type":"broadcast","message":67,"msg_id":22}}
2024/11/07 09:21:00 Sent {"src":"n4","dest":"c14","body":{"in_reply_to":22,"type":"broadcast_ok"}}
2024/11/07 09:21:01 Received {c14 n4 {"type":"broadcast","message":70,"msg_id":23}}
2024/11/07 09:21:01 Sent {"src":"n4","dest":"c14","body":{"in_reply_to":23,"type":"broadcast_ok"}}
2024/11/07 09:21:02 Received {c14 n4 {"type":"broadcast","message":72,"msg_id":24}}
2024/11/07 09:21:02 Sent {"src":"n4","dest":"c14","body":{"in_reply_to":24,"type":"broadcast_ok"}}
2024/11/07 09:21:02 Received {c14 n4 {"type":"broadcast","message":77,"msg_id":25}}
2024/11/07 09:21:02 Sent {"src":"n4","dest":"c14","body":{"in_reply_to":25,"type":"broadcast_ok"}}
2024/11/07 09:21:03 Received {c14 n4 {"type":"broadcast","message":79,"msg_id":26}}
2024/11/07 09:21:03 Sent {"src":"n4","dest":"c14","body":{"in_reply_to":26,"type":"broadcast_ok"}}
2024/11/07 09:21:04 Received {c14 n4 {"type":"read","msg_id":27}}
2024/11/07 09:21:04 Sent {"src":"n4","dest":"c14","body":{"in_reply_to":27,"messages":[2,6,7,19,24,29,33,38,41,43,50,54,61,64,67,70,72,77,79],"type":"read_ok"}}
2024/11/07 09:21:04 Received {c14 n4 {"type":"read","msg_id":28}}
2024/11/07 09:21:04 Sent {"src":"n4","dest":"c14","body":{"in_reply_to":28,"messages":[2,6,7,19,24,29,33,38,41,43,50,54,61,64,67,70,72,77,79],"type":"read_ok"}}
2024/11/07 09:21:05 Received {c14 n4 {"type":"read","msg_id":29}}
2024/11/07 09:21:05 Sent {"src":"n4","dest":"c14","body":{"in_reply_to":29,"messages":[2,6,7,19,24,29,33,38,41,43,50,54,61,64,67,70,72,77,79],"type":"read_ok"}}
2024/11/07 09:21:05 Received {c14 n4 {"type":"broadcast","message":90,"msg_id":30}}
2024/11/07 09:21:05 Sent {"src":"n4","dest":"c14","body":{"in_reply_to":30,"type":"broadcast_ok"}}
2024/11/07 09:21:06 Received {c14 n4 {"type":"broadcast","message":94,"msg_id":31}}
2024/11/07 09:21:06 Sent {"src":"n4","dest":"c14","body":{"in_reply_to":31,"type":"broadcast_ok"}}
2024/11/07 09:21:07 Received {c14 n4 {"type":"read","msg_id":32}}
2024/11/07 09:21:07 Sent {"src":"n4","dest":"c14","body":{"in_reply_to":32,"messages":[2,6,7,19,24,29,33,38,41,43,50,54,61,64,67,70,72,77,79,90,94],"type":"read_ok"}}
2024/11/07 09:21:07 Received {c14 n4 {"type":"read","msg_id":33}}
2024/11/07 09:21:07 Sent {"src":"n4","dest":"c14","body":{"in_reply_to":33,"messages":[2,6,7,19,24,29,33,38,41,43,50,54,61,64,67,70,72,77,79,90,94],"type":"read_ok"}}
2024/11/07 09:21:18 Received {c14 n4 {"type":"read","msg_id":34}}
2024/11/07 09:21:18 Sent {"src":"n4","dest":"c14","body":{"in_reply_to":34,"messages":[2,6,7,19,24,29,33,38,41,43,50,54,61,64,67,70,72,77,79,90,94],"type":"read_ok"}}
