2024-12-27 00:53:23,466{GMT}	INFO	[jepsen test runner] jepsen.core: Test version e215220be8e67f69e096936971d4b85062dfedd6 (plus uncommitted changes)
2024-12-27 00:53:23,467{GMT}	INFO	[jepsen test runner] jepsen.core: Command line:
lein run test -w broadcast --bin ./three/c/maelstrom-broadcast1 --node-count 5 --time-limit 20 --rate 10 --nemesis partition
2024-12-27 00:53:23,529{GMT}	INFO	[jepsen test runner] jepsen.core: Running test:
{:args []
 :remote
 #jepsen.control.retry.Remote{:remote #jepsen.control.scp.Remote{:cmd-remote #jepsen.control.sshj.SSHJRemote{:concurrency-limit 6,
                                                                                                             :conn-spec nil,
                                                                                                             :client nil,
                                                                                                             :semaphore nil},
                                                                 :conn-spec nil},
                              :conn nil}
 :log-net-send false
 :node-count 5
 :availability nil
 :max-txn-length 4
 :concurrency 5
 :db
 #object[maelstrom.db$db$reify__16142
         "0x473e0536"
         "maelstrom.db$db$reify__16142@473e0536"]
 :max-writes-per-key 16
 :leave-db-running? false
 :name "broadcast"
 :logging-json? false
 :start-time
 #object[org.joda.time.DateTime "0x4c02f50" "2024-12-27T00:53:23.445+05:30"]
 :nemesis-interval 10
 :net
 #object[maelstrom.net$jepsen_net$reify__15251
         "0x35852b6"
         "maelstrom.net$jepsen_net$reify__15251@35852b6"]
 :client
 #object[maelstrom.workload.broadcast$client$reify__16644
         "0x27d6ff8c"
         "maelstrom.workload.broadcast$client$reify__16644@27d6ff8c"]
 :barrier
 #object[java.util.concurrent.CyclicBarrier
         "0x105c253a"
         "java.util.concurrent.CyclicBarrier@105c253a"]
 :log-stderr false
 :pure-generators true
 :ssh {:dummy? true}
 :rate 10.0
 :checker
 #object[jepsen.checker$compose$reify__11881
         "0x156322ce"
         "jepsen.checker$compose$reify__11881@156322ce"]
 :argv
 ("test"
  "-w"
  "broadcast"
  "--bin"
  "./three/c/maelstrom-broadcast1"
  "--node-count"
  "5"
  "--time-limit"
  "20"
  "--rate"
  "10"
  "--nemesis"
  "partition")
 :nemesis
 (jepsen.nemesis.ReflCompose
  {:fm {:start-partition 0,
        :stop-partition 0,
        :kill 1,
        :start 1,
        :pause 1,
        :resume 1},
   :nemeses [#unprintable "jepsen.nemesis.combined$partition_nemesis$reify__16416@546f0f36"
             #unprintable "jepsen.nemesis.combined$db_nemesis$reify__16397@44d5a0a8"]})
 :nodes ["n0" "n1" "n2" "n3" "n4"]
 :test-count 1
 :latency {:mean 0, :dist :constant}
 :bin "./three/c/maelstrom-broadcast1"
 :generator
 ((jepsen.generator.Synchronize
   {:gen (jepsen.generator.TimeLimit
          {:limit 20000000000,
           :cutoff nil,
           :gen (jepsen.generator.Any
                 {:gens [(jepsen.generator.OnThreads
                          {:f #{:nemesis},
                           :context-filter #object[jepsen.generator.context$make_thread_filter$lazy_filter__9167
                                                   "0x1ad4ff2a"
                                                   "jepsen.generator.context$make_thread_filter$lazy_filter__9167@1ad4ff2a"],
                           :gen (jepsen.generator.Stagger
                                 {:dt 20000000000,
                                  :next-time nil,
                                  :gen (jepsen.generator.FlipFlop
                                        {:gens [#object[jepsen.nemesis.combined$partition_package$start__16420
                                                        "0x625ae6d"
                                                        "jepsen.nemesis.combined$partition_package$start__16420@625ae6d"]
                                                ({:type :info,
                                                  :f :stop-partition,
                                                  :value nil}
                                                 {:type :info,
                                                  :f :stop-partition,
                                                  :value nil}
                                                 {:type :info,
                                                  :f :stop-partition,
                                                  :value nil}
                                                 {:type :info,
                                                  :f :stop-partition,
                                                  :value nil}
                                                 {:type :info,
                                                  :f :stop-partition,
                                                  :value nil}
                                                 {:type :info,
                                                  :f :stop-partition,
                                                  :value nil}
                                                 {:type :info,
                                                  :f :stop-partition,
                                                  :value nil}
                                                 {:type :info,
                                                  :f :stop-partition,
                                                  :value nil}
                                                 ...)],
                                         :i 0})})})
                         (jepsen.generator.OnThreads
                          {:f #jepsen.generator.context.AllBut{:element :nemesis},
                           :context-filter #object[jepsen.generator.context$make_thread_filter$lazy_filter__9167
                                                   "0x5cdb7b"
                                                   "jepsen.generator.context$make_thread_filter$lazy_filter__9167@5cdb7b"],
                           :gen (jepsen.generator.Stagger
                                 {:dt 200000000,
                                  :next-time nil,
                                  :gen (jepsen.generator.Mix
                                        {:i 1,
                                         :gens [({:f :broadcast, :value 0}
                                                 {:f :broadcast, :value 1}
                                                 {:f :broadcast, :value 2}
                                                 {:f :broadcast, :value 3}
                                                 {:f :broadcast, :value 4}
                                                 {:f :broadcast, :value 5}
                                                 {:f :broadcast, :value 6}
                                                 {:f :broadcast, :value 7}
                                                 ...)
                                                ({:f :read}
                                                 {:f :read}
                                                 {:f :read}
                                                 {:f :read}
                                                 {:f :read}
                                                 {:f :read}
                                                 {:f :read}
                                                 {:f :read}
                                                 ...)]})})})]})})})
  (jepsen.generator.Synchronize
   {:gen (jepsen.generator.OnThreads
          {:f #{:nemesis},
           :context-filter #object[jepsen.generator.context$make_thread_filter$lazy_filter__9167
                                   "0x3dcc59f5"
                                   "jepsen.generator.context$make_thread_filter$lazy_filter__9167@3dcc59f5"],
           :gen ({:type :info, :f :stop-partition, :value nil})})})
  (jepsen.generator.Synchronize
   {:gen {:type :log, :value "Waiting for recovery..."}})
  (jepsen.generator.Synchronize {:gen {:type :sleep, :value 10}})
  (jepsen.generator.Synchronize
   {:gen (jepsen.generator.OnThreads
          {:f #jepsen.generator.context.AllBut{:element :nemesis},
           :context-filter #object[jepsen.generator.context$make_thread_filter$lazy_filter__9167
                                   "0x16b1dee7"
                                   "jepsen.generator.context$make_thread_filter$lazy_filter__9167@16b1dee7"],
           :gen (jepsen.generator.EachThread
                 {:fresh-gen {:f :read, :final? true},
                  :context-filters #object[clojure.core$promise$reify__8591
                                           "0x690337df"
                                           {:status :pending, :val nil}],
                  :gens {}})})}))
 :log-net-recv false
 :os
 #object[maelstrom.net$jepsen_os$reify__15254
         "0xf62ae87"
         "maelstrom.net$jepsen_os$reify__15254@f62ae87"]
 :time-limit 20
 :workload :broadcast
 :consistency-models [:strict-serializable]
 :topology :grid}

2024-12-27 00:53:24,337{GMT}	INFO	[jepsen node n0] maelstrom.net: Starting Maelstrom network
2024-12-27 00:53:24,339{GMT}	INFO	[jepsen test runner] jepsen.db: Tearing down DB
2024-12-27 00:53:24,341{GMT}	INFO	[jepsen test runner] jepsen.db: Setting up DB
2024-12-27 00:53:24,342{GMT}	INFO	[jepsen node n3] maelstrom.db: Setting up n3
2024-12-27 00:53:24,342{GMT}	INFO	[jepsen node n4] maelstrom.db: Setting up n4
2024-12-27 00:53:24,342{GMT}	INFO	[jepsen node n2] maelstrom.db: Setting up n2
2024-12-27 00:53:24,342{GMT}	INFO	[jepsen node n1] maelstrom.db: Setting up n1
2024-12-27 00:53:24,342{GMT}	INFO	[jepsen node n3] maelstrom.process: launching ./three/c/maelstrom-broadcast1 []
2024-12-27 00:53:24,342{GMT}	INFO	[jepsen node n4] maelstrom.process: launching ./three/c/maelstrom-broadcast1 []
2024-12-27 00:53:24,342{GMT}	INFO	[jepsen node n2] maelstrom.process: launching ./three/c/maelstrom-broadcast1 []
2024-12-27 00:53:24,342{GMT}	INFO	[jepsen node n1] maelstrom.process: launching ./three/c/maelstrom-broadcast1 []
2024-12-27 00:53:24,344{GMT}	INFO	[jepsen node n0] maelstrom.service: Starting services: (lin-kv lin-tso lww-kv seq-kv)
2024-12-27 00:53:24,346{GMT}	INFO	[jepsen node n0] maelstrom.db: Setting up n0
2024-12-27 00:53:24,346{GMT}	INFO	[jepsen node n0] maelstrom.process: launching ./three/c/maelstrom-broadcast1 []
2024-12-27 00:53:24,371{GMT}	INFO	[jepsen test runner] jepsen.core: Relative time begins now
2024-12-27 00:53:24,393{GMT}	INFO	[jepsen worker nemesis] jepsen.util: :nemesis	:info	:start-partition	:majorities-ring
2024-12-27 00:53:24,393{GMT}	INFO	[jepsen worker 1] jepsen.util: 1	:invoke	:read	nil
2024-12-27 00:53:24,397{GMT}	INFO	[jepsen worker 1] jepsen.util: 1	:ok	:read	nil
2024-12-27 00:53:24,400{GMT}	INFO	[jepsen worker nemesis] jepsen.util: :nemesis	:info	:start-partition	[:isolated {"n2" #{"n1" "n0"}, "n3" #{"n4" "n0"}, "n1" #{"n2" "n4"}, "n0" #{"n2" "n3"}, "n4" #{"n1" "n3"}}]
2024-12-27 00:53:24,436{GMT}	INFO	[jepsen worker 2] jepsen.util: 2	:invoke	:broadcast	0
2024-12-27 00:53:24,440{GMT}	INFO	[jepsen worker 2] jepsen.util: 2	:ok	:broadcast	0
2024-12-27 00:53:24,624{GMT}	INFO	[jepsen worker 3] jepsen.util: 3	:invoke	:broadcast	1
2024-12-27 00:53:24,630{GMT}	INFO	[jepsen worker 3] jepsen.util: 3	:ok	:broadcast	1
2024-12-27 00:53:24,724{GMT}	INFO	[jepsen worker 4] jepsen.util: 4	:invoke	:read	nil
2024-12-27 00:53:24,728{GMT}	INFO	[jepsen worker 0] jepsen.util: 0	:invoke	:broadcast	2
2024-12-27 00:53:24,730{GMT}	INFO	[jepsen worker 4] jepsen.util: 4	:ok	:read	nil
2024-12-27 00:53:24,734{GMT}	INFO	[jepsen worker 0] jepsen.util: 0	:ok	:broadcast	2
2024-12-27 00:53:24,836{GMT}	INFO	[jepsen worker 0] jepsen.util: 0	:invoke	:broadcast	3
2024-12-27 00:53:24,841{GMT}	INFO	[jepsen worker 0] jepsen.util: 0	:ok	:broadcast	3
2024-12-27 00:53:24,854{GMT}	INFO	[jepsen worker 1] jepsen.util: 1	:invoke	:read	nil
2024-12-27 00:53:24,860{GMT}	INFO	[jepsen worker 1] jepsen.util: 1	:ok	:read	[2 3]
2024-12-27 00:53:25,040{GMT}	INFO	[jepsen worker 2] jepsen.util: 2	:invoke	:read	nil
2024-12-27 00:53:25,045{GMT}	INFO	[jepsen worker 2] jepsen.util: 2	:ok	:read	[0]
2024-12-27 00:53:25,126{GMT}	INFO	[jepsen worker 3] jepsen.util: 3	:invoke	:read	nil
2024-12-27 00:53:25,130{GMT}	INFO	[jepsen worker 3] jepsen.util: 3	:ok	:read	[1]
2024-12-27 00:53:25,271{GMT}	INFO	[jepsen worker 4] jepsen.util: 4	:invoke	:broadcast	4
2024-12-27 00:53:25,276{GMT}	INFO	[jepsen worker 4] jepsen.util: 4	:ok	:broadcast	4
2024-12-27 00:53:25,359{GMT}	INFO	[jepsen worker 0] jepsen.util: 0	:invoke	:read	nil
2024-12-27 00:53:25,362{GMT}	INFO	[jepsen worker 0] jepsen.util: 0	:ok	:read	[2 3]
2024-12-27 00:53:25,373{GMT}	INFO	[jepsen worker 0] jepsen.util: 0	:invoke	:broadcast	5
2024-12-27 00:53:25,377{GMT}	INFO	[jepsen worker 0] jepsen.util: 0	:ok	:broadcast	5
2024-12-27 00:53:25,547{GMT}	INFO	[jepsen worker 1] jepsen.util: 1	:invoke	:read	nil
2024-12-27 00:53:25,551{GMT}	INFO	[jepsen worker 2] jepsen.util: 2	:invoke	:broadcast	6
2024-12-27 00:53:25,551{GMT}	INFO	[jepsen worker 1] jepsen.util: 1	:ok	:read	[2 3 5]
2024-12-27 00:53:25,554{GMT}	INFO	[jepsen worker 2] jepsen.util: 2	:ok	:broadcast	6
2024-12-27 00:53:25,710{GMT}	INFO	[jepsen worker 3] jepsen.util: 3	:invoke	:read	nil
2024-12-27 00:53:25,714{GMT}	INFO	[jepsen worker 3] jepsen.util: 3	:ok	:read	[1]
2024-12-27 00:53:25,876{GMT}	INFO	[jepsen worker 4] jepsen.util: 4	:invoke	:broadcast	7
2024-12-27 00:53:25,880{GMT}	INFO	[jepsen worker 4] jepsen.util: 4	:ok	:broadcast	7
2024-12-27 00:53:25,928{GMT}	INFO	[jepsen worker 0] jepsen.util: 0	:invoke	:read	nil
2024-12-27 00:53:25,932{GMT}	INFO	[jepsen worker 0] jepsen.util: 0	:ok	:read	[2 3 5]
2024-12-27 00:53:26,096{GMT}	INFO	[jepsen worker 0] jepsen.util: 0	:invoke	:broadcast	8
2024-12-27 00:53:26,100{GMT}	INFO	[jepsen worker 0] jepsen.util: 0	:ok	:broadcast	8
2024-12-27 00:53:26,222{GMT}	INFO	[jepsen worker 1] jepsen.util: 1	:invoke	:read	nil
2024-12-27 00:53:26,225{GMT}	INFO	[jepsen worker 1] jepsen.util: 1	:ok	:read	[2 3 5 8]
2024-12-27 00:53:26,262{GMT}	INFO	[jepsen worker 2] jepsen.util: 2	:invoke	:read	nil
2024-12-27 00:53:26,266{GMT}	INFO	[jepsen worker 2] jepsen.util: 2	:ok	:read	[0 6]
2024-12-27 00:53:26,307{GMT}	INFO	[jepsen worker 3] jepsen.util: 3	:invoke	:read	nil
2024-12-27 00:53:26,313{GMT}	INFO	[jepsen worker 3] jepsen.util: 3	:ok	:read	[1]
2024-12-27 00:53:26,417{GMT}	INFO	[jepsen worker 4] jepsen.util: 4	:invoke	:read	nil
2024-12-27 00:53:26,421{GMT}	INFO	[jepsen worker 4] jepsen.util: 4	:ok	:read	[4 7]
2024-12-27 00:53:26,532{GMT}	INFO	[jepsen worker 0] jepsen.util: 0	:invoke	:broadcast	9
2024-12-27 00:53:26,537{GMT}	INFO	[jepsen worker 0] jepsen.util: 0	:ok	:broadcast	9
2024-12-27 00:53:26,697{GMT}	INFO	[jepsen worker 0] jepsen.util: 0	:invoke	:read	nil
2024-12-27 00:53:26,699{GMT}	INFO	[jepsen worker 0] jepsen.util: 0	:ok	:read	[2 3 5 8 9]
2024-12-27 00:53:26,884{GMT}	INFO	[jepsen worker 1] jepsen.util: 1	:invoke	:read	nil
2024-12-27 00:53:26,888{GMT}	INFO	[jepsen worker 1] jepsen.util: 1	:ok	:read	[2 3 5 8 9]
2024-12-27 00:53:27,005{GMT}	INFO	[jepsen worker 2] jepsen.util: 2	:invoke	:broadcast	10
2024-12-27 00:53:27,008{GMT}	INFO	[jepsen worker 2] jepsen.util: 2	:ok	:broadcast	10
2024-12-27 00:53:27,155{GMT}	INFO	[jepsen worker 3] jepsen.util: 3	:invoke	:read	nil
2024-12-27 00:53:27,160{GMT}	INFO	[jepsen worker 3] jepsen.util: 3	:ok	:read	[1]
2024-12-27 00:53:27,316{GMT}	INFO	[jepsen worker 4] jepsen.util: 4	:invoke	:read	nil
2024-12-27 00:53:27,321{GMT}	INFO	[jepsen worker 4] jepsen.util: 4	:ok	:read	[4 7]
2024-12-27 00:53:27,499{GMT}	INFO	[jepsen worker 0] jepsen.util: 0	:invoke	:broadcast	11
2024-12-27 00:53:27,504{GMT}	INFO	[jepsen worker 0] jepsen.util: 0	:ok	:broadcast	11
2024-12-27 00:53:27,527{GMT}	INFO	[jepsen worker 0] jepsen.util: 0	:invoke	:broadcast	12
2024-12-27 00:53:27,531{GMT}	INFO	[jepsen worker 0] jepsen.util: 0	:ok	:broadcast	12
2024-12-27 00:53:27,673{GMT}	INFO	[jepsen worker 1] jepsen.util: 1	:invoke	:read	nil
2024-12-27 00:53:27,677{GMT}	INFO	[jepsen worker 1] jepsen.util: 1	:ok	:read	[2 3 5 8 9 11 12]
2024-12-27 00:53:27,852{GMT}	INFO	[jepsen worker 2] jepsen.util: 2	:invoke	:broadcast	13
2024-12-27 00:53:27,856{GMT}	INFO	[jepsen worker 2] jepsen.util: 2	:ok	:broadcast	13
2024-12-27 00:53:28,021{GMT}	INFO	[jepsen worker 3] jepsen.util: 3	:invoke	:read	nil
2024-12-27 00:53:28,022{GMT}	INFO	[jepsen worker 3] jepsen.util: 3	:ok	:read	[1]
2024-12-27 00:53:28,194{GMT}	INFO	[jepsen worker 4] jepsen.util: 4	:invoke	:broadcast	14
2024-12-27 00:53:28,197{GMT}	INFO	[jepsen worker 4] jepsen.util: 4	:ok	:broadcast	14
2024-12-27 00:53:28,272{GMT}	INFO	[jepsen worker 0] jepsen.util: 0	:invoke	:broadcast	15
2024-12-27 00:53:28,275{GMT}	INFO	[jepsen worker 0] jepsen.util: 0	:ok	:broadcast	15
2024-12-27 00:53:28,422{GMT}	INFO	[jepsen worker 0] jepsen.util: 0	:invoke	:broadcast	16
2024-12-27 00:53:28,427{GMT}	INFO	[jepsen worker 0] jepsen.util: 0	:ok	:broadcast	16
2024-12-27 00:53:28,578{GMT}	INFO	[jepsen worker 1] jepsen.util: 1	:invoke	:broadcast	17
2024-12-27 00:53:28,582{GMT}	INFO	[jepsen worker 1] jepsen.util: 1	:ok	:broadcast	17
2024-12-27 00:53:28,618{GMT}	INFO	[jepsen worker 2] jepsen.util: 2	:invoke	:read	nil
2024-12-27 00:53:28,620{GMT}	INFO	[jepsen worker 2] jepsen.util: 2	:ok	:read	[0 6 10 13]
2024-12-27 00:53:28,665{GMT}	INFO	[jepsen worker 3] jepsen.util: 3	:invoke	:broadcast	18
2024-12-27 00:53:28,668{GMT}	INFO	[jepsen worker 3] jepsen.util: 3	:ok	:broadcast	18
2024-12-27 00:53:28,788{GMT}	INFO	[jepsen worker 4] jepsen.util: 4	:invoke	:broadcast	19
2024-12-27 00:53:28,792{GMT}	INFO	[jepsen worker 4] jepsen.util: 4	:ok	:broadcast	19
2024-12-27 00:53:28,827{GMT}	INFO	[jepsen worker 0] jepsen.util: 0	:invoke	:broadcast	20
2024-12-27 00:53:28,830{GMT}	INFO	[jepsen worker 0] jepsen.util: 0	:ok	:broadcast	20
2024-12-27 00:53:28,979{GMT}	INFO	[jepsen worker 0] jepsen.util: 0	:invoke	:broadcast	21
2024-12-27 00:53:28,981{GMT}	INFO	[jepsen worker 0] jepsen.util: 0	:ok	:broadcast	21
2024-12-27 00:53:29,126{GMT}	INFO	[jepsen worker 1] jepsen.util: 1	:invoke	:broadcast	22
2024-12-27 00:53:29,129{GMT}	INFO	[jepsen worker 1] jepsen.util: 1	:ok	:broadcast	22
2024-12-27 00:53:29,132{GMT}	INFO	[jepsen worker 2] jepsen.util: 2	:invoke	:read	nil
2024-12-27 00:53:29,134{GMT}	INFO	[jepsen worker 3] jepsen.util: 3	:invoke	:read	nil
2024-12-27 00:53:29,135{GMT}	INFO	[jepsen worker 2] jepsen.util: 2	:ok	:read	[0 6 10 13]
2024-12-27 00:53:29,137{GMT}	INFO	[jepsen worker 3] jepsen.util: 3	:ok	:read	[1 18]
2024-12-27 00:53:29,215{GMT}	INFO	[jepsen worker 4] jepsen.util: 4	:invoke	:broadcast	23
2024-12-27 00:53:29,218{GMT}	INFO	[jepsen worker 4] jepsen.util: 4	:ok	:broadcast	23
2024-12-27 00:53:29,368{GMT}	INFO	[jepsen worker 0] jepsen.util: 0	:invoke	:broadcast	24
2024-12-27 00:53:29,369{GMT}	INFO	[jepsen worker 0] jepsen.util: 0	:ok	:broadcast	24
2024-12-27 00:53:29,416{GMT}	INFO	[jepsen worker 0] jepsen.util: 0	:invoke	:read	nil
2024-12-27 00:53:29,418{GMT}	INFO	[jepsen worker 0] jepsen.util: 0	:ok	:read	[2 3 5 8 9 11 12 15 16 17 20 21 22 24]
2024-12-27 00:53:29,421{GMT}	INFO	[jepsen worker 1] jepsen.util: 1	:invoke	:read	nil
2024-12-27 00:53:29,422{GMT}	INFO	[jepsen worker 1] jepsen.util: 1	:ok	:read	[2 3 5 8 9 11 12 15 16 17 20 21 22 24]
2024-12-27 00:53:29,427{GMT}	INFO	[jepsen worker 2] jepsen.util: 2	:invoke	:broadcast	25
2024-12-27 00:53:29,429{GMT}	INFO	[jepsen worker 2] jepsen.util: 2	:ok	:broadcast	25
2024-12-27 00:53:29,537{GMT}	INFO	[jepsen worker 3] jepsen.util: 3	:invoke	:read	nil
2024-12-27 00:53:29,541{GMT}	INFO	[jepsen worker 3] jepsen.util: 3	:ok	:read	[1 18]
2024-12-27 00:53:29,717{GMT}	INFO	[jepsen worker 4] jepsen.util: 4	:invoke	:broadcast	26
2024-12-27 00:53:29,722{GMT}	INFO	[jepsen worker 4] jepsen.util: 4	:ok	:broadcast	26
2024-12-27 00:53:29,737{GMT}	INFO	[jepsen worker 0] jepsen.util: 0	:invoke	:broadcast	27
2024-12-27 00:53:29,741{GMT}	INFO	[jepsen worker 0] jepsen.util: 0	:ok	:broadcast	27
2024-12-27 00:53:29,872{GMT}	INFO	[jepsen worker 0] jepsen.util: 0	:invoke	:read	nil
2024-12-27 00:53:29,875{GMT}	INFO	[jepsen worker 0] jepsen.util: 0	:ok	:read	[2 3 5 8 9 11 12 15 16 17 20 21 22 24 27]
2024-12-27 00:53:29,967{GMT}	INFO	[jepsen worker 1] jepsen.util: 1	:invoke	:broadcast	28
2024-12-27 00:53:29,971{GMT}	INFO	[jepsen worker 1] jepsen.util: 1	:ok	:broadcast	28
2024-12-27 00:53:30,117{GMT}	INFO	[jepsen worker 2] jepsen.util: 2	:invoke	:broadcast	29
2024-12-27 00:53:30,120{GMT}	INFO	[jepsen worker 2] jepsen.util: 2	:ok	:broadcast	29
2024-12-27 00:53:30,200{GMT}	INFO	[jepsen worker 3] jepsen.util: 3	:invoke	:read	nil
2024-12-27 00:53:30,203{GMT}	INFO	[jepsen worker 3] jepsen.util: 3	:ok	:read	[1 18]
2024-12-27 00:53:30,384{GMT}	INFO	[jepsen worker 4] jepsen.util: 4	:invoke	:broadcast	30
2024-12-27 00:53:30,388{GMT}	INFO	[jepsen worker 4] jepsen.util: 4	:ok	:broadcast	30
2024-12-27 00:53:30,470{GMT}	INFO	[jepsen worker 0] jepsen.util: 0	:invoke	:read	nil
2024-12-27 00:53:30,473{GMT}	INFO	[jepsen worker 0] jepsen.util: 0	:ok	:read	[2 3 5 8 9 11 12 15 16 17 20 21 22 24 27 28]
2024-12-27 00:53:30,660{GMT}	INFO	[jepsen worker 0] jepsen.util: 0	:invoke	:broadcast	31
2024-12-27 00:53:30,663{GMT}	INFO	[jepsen worker 0] jepsen.util: 0	:ok	:broadcast	31
2024-12-27 00:53:30,723{GMT}	INFO	[jepsen worker 1] jepsen.util: 1	:invoke	:read	nil
2024-12-27 00:53:30,726{GMT}	INFO	[jepsen worker 1] jepsen.util: 1	:ok	:read	[2 3 5 8 9 11 12 15 16 17 20 21 22 24 27 28 31]
2024-12-27 00:53:30,883{GMT}	INFO	[jepsen worker 2] jepsen.util: 2	:invoke	:read	nil
2024-12-27 00:53:30,887{GMT}	INFO	[jepsen worker 2] jepsen.util: 2	:ok	:read	[0 6 10 13 25 29]
2024-12-27 00:53:31,045{GMT}	INFO	[jepsen worker 3] jepsen.util: 3	:invoke	:broadcast	32
2024-12-27 00:53:31,047{GMT}	INFO	[jepsen worker 3] jepsen.util: 3	:ok	:broadcast	32
2024-12-27 00:53:31,176{GMT}	INFO	[jepsen worker 4] jepsen.util: 4	:invoke	:read	nil
2024-12-27 00:53:31,178{GMT}	INFO	[jepsen worker 4] jepsen.util: 4	:ok	:read	[4 7 14 19 23 26 30]
2024-12-27 00:53:31,322{GMT}	INFO	[jepsen worker 0] jepsen.util: 0	:invoke	:broadcast	33
2024-12-27 00:53:31,324{GMT}	INFO	[jepsen worker 0] jepsen.util: 0	:ok	:broadcast	33
2024-12-27 00:53:31,435{GMT}	INFO	[jepsen worker 0] jepsen.util: 0	:invoke	:broadcast	34
2024-12-27 00:53:31,439{GMT}	INFO	[jepsen worker 0] jepsen.util: 0	:ok	:broadcast	34
2024-12-27 00:53:31,593{GMT}	INFO	[jepsen worker 1] jepsen.util: 1	:invoke	:broadcast	35
2024-12-27 00:53:31,596{GMT}	INFO	[jepsen worker 1] jepsen.util: 1	:ok	:broadcast	35
2024-12-27 00:53:31,643{GMT}	INFO	[jepsen worker 2] jepsen.util: 2	:invoke	:read	nil
2024-12-27 00:53:31,646{GMT}	INFO	[jepsen worker 2] jepsen.util: 2	:ok	:read	[0 6 10 13 25 29]
2024-12-27 00:53:31,833{GMT}	INFO	[jepsen worker 3] jepsen.util: 3	:invoke	:broadcast	36
2024-12-27 00:53:31,836{GMT}	INFO	[jepsen worker 3] jepsen.util: 3	:ok	:broadcast	36
2024-12-27 00:53:31,843{GMT}	INFO	[jepsen worker 4] jepsen.util: 4	:invoke	:broadcast	37
2024-12-27 00:53:31,846{GMT}	INFO	[jepsen worker 4] jepsen.util: 4	:ok	:broadcast	37
2024-12-27 00:53:31,892{GMT}	INFO	[jepsen worker 0] jepsen.util: 0	:invoke	:read	nil
2024-12-27 00:53:31,895{GMT}	INFO	[jepsen worker 0] jepsen.util: 0	:ok	:read	[2 3 5 8 9 11 12 15 16 17 20 21 22 24 27 28 31 33 34 35]
2024-12-27 00:53:32,050{GMT}	INFO	[jepsen worker 0] jepsen.util: 0	:invoke	:read	nil
2024-12-27 00:53:32,052{GMT}	INFO	[jepsen worker 0] jepsen.util: 0	:ok	:read	[2 3 5 8 9 11 12 15 16 17 20 21 22 24 27 28 31 33 34 35]
2024-12-27 00:53:32,211{GMT}	INFO	[jepsen worker 1] jepsen.util: 1	:invoke	:broadcast	38
2024-12-27 00:53:32,214{GMT}	INFO	[jepsen worker 1] jepsen.util: 1	:ok	:broadcast	38
2024-12-27 00:53:32,278{GMT}	INFO	[jepsen worker 2] jepsen.util: 2	:invoke	:read	nil
2024-12-27 00:53:32,280{GMT}	INFO	[jepsen worker 2] jepsen.util: 2	:ok	:read	[0 6 10 13 25 29]
2024-12-27 00:53:32,405{GMT}	INFO	[jepsen worker 3] jepsen.util: 3	:invoke	:broadcast	39
2024-12-27 00:53:32,410{GMT}	INFO	[jepsen worker 3] jepsen.util: 3	:ok	:broadcast	39
2024-12-27 00:53:32,449{GMT}	INFO	[jepsen worker 4] jepsen.util: 4	:invoke	:broadcast	40
2024-12-27 00:53:32,452{GMT}	INFO	[jepsen worker 4] jepsen.util: 4	:ok	:broadcast	40
2024-12-27 00:53:32,465{GMT}	INFO	[jepsen worker 0] jepsen.util: 0	:invoke	:broadcast	41
2024-12-27 00:53:32,467{GMT}	INFO	[jepsen worker 0] jepsen.util: 0	:ok	:broadcast	41
2024-12-27 00:53:32,478{GMT}	INFO	[jepsen worker 0] jepsen.util: 0	:invoke	:read	nil
2024-12-27 00:53:32,480{GMT}	INFO	[jepsen worker 0] jepsen.util: 0	:ok	:read	[2 3 5 8 9 11 12 15 16 17 20 21 22 24 27 28 31 33 34 35 38 41]
2024-12-27 00:53:32,630{GMT}	INFO	[jepsen worker 1] jepsen.util: 1	:invoke	:read	nil
2024-12-27 00:53:32,633{GMT}	INFO	[jepsen worker 1] jepsen.util: 1	:ok	:read	[2 3 5 8 9 11 12 15 16 17 20 21 22 24 27 28 31 33 34 35 38 41]
2024-12-27 00:53:32,760{GMT}	INFO	[jepsen worker 2] jepsen.util: 2	:invoke	:broadcast	42
2024-12-27 00:53:32,762{GMT}	INFO	[jepsen worker 2] jepsen.util: 2	:ok	:broadcast	42
2024-12-27 00:53:32,887{GMT}	INFO	[jepsen worker 3] jepsen.util: 3	:invoke	:broadcast	43
2024-12-27 00:53:32,890{GMT}	INFO	[jepsen worker 3] jepsen.util: 3	:ok	:broadcast	43
2024-12-27 00:53:33,044{GMT}	INFO	[jepsen worker 4] jepsen.util: 4	:invoke	:broadcast	44
2024-12-27 00:53:33,046{GMT}	INFO	[jepsen worker 4] jepsen.util: 4	:ok	:broadcast	44
2024-12-27 00:53:33,136{GMT}	INFO	[jepsen worker 0] jepsen.util: 0	:invoke	:broadcast	45
2024-12-27 00:53:33,139{GMT}	INFO	[jepsen worker 0] jepsen.util: 0	:ok	:broadcast	45
2024-12-27 00:53:33,300{GMT}	INFO	[jepsen worker 0] jepsen.util: 0	:invoke	:read	nil
2024-12-27 00:53:33,302{GMT}	INFO	[jepsen worker 0] jepsen.util: 0	:ok	:read	[2 3 5 8 9 11 12 15 16 17 20 21 22 24 27 28 31 33 34 35 38 41 45]
2024-12-27 00:53:33,343{GMT}	INFO	[jepsen worker 1] jepsen.util: 1	:invoke	:read	nil
2024-12-27 00:53:33,344{GMT}	INFO	[jepsen worker 1] jepsen.util: 1	:ok	:read	[2 3 5 8 9 11 12 15 16 17 20 21 22 24 27 28 31 33 34 35 38 41 45]
2024-12-27 00:53:33,536{GMT}	INFO	[jepsen worker 2] jepsen.util: 2	:invoke	:broadcast	46
2024-12-27 00:53:33,540{GMT}	INFO	[jepsen worker 2] jepsen.util: 2	:ok	:broadcast	46
2024-12-27 00:53:33,547{GMT}	INFO	[jepsen worker 3] jepsen.util: 3	:invoke	:broadcast	47
2024-12-27 00:53:33,549{GMT}	INFO	[jepsen worker 3] jepsen.util: 3	:ok	:broadcast	47
2024-12-27 00:53:33,602{GMT}	INFO	[jepsen worker 4] jepsen.util: 4	:invoke	:broadcast	48
2024-12-27 00:53:33,606{GMT}	INFO	[jepsen worker 4] jepsen.util: 4	:ok	:broadcast	48
2024-12-27 00:53:33,621{GMT}	INFO	[jepsen worker 0] jepsen.util: 0	:invoke	:read	nil
2024-12-27 00:53:33,625{GMT}	INFO	[jepsen worker 0] jepsen.util: 0	:ok	:read	[2 3 5 8 9 11 12 15 16 17 20 21 22 24 27 28 31 33 34 35 38 41 45]
2024-12-27 00:53:33,672{GMT}	INFO	[jepsen worker 0] jepsen.util: 0	:invoke	:broadcast	49
2024-12-27 00:53:33,675{GMT}	INFO	[jepsen worker 0] jepsen.util: 0	:ok	:broadcast	49
2024-12-27 00:53:33,857{GMT}	INFO	[jepsen worker 1] jepsen.util: 1	:invoke	:broadcast	50
2024-12-27 00:53:33,861{GMT}	INFO	[jepsen worker 1] jepsen.util: 1	:ok	:broadcast	50
2024-12-27 00:53:34,004{GMT}	INFO	[jepsen worker 2] jepsen.util: 2	:invoke	:read	nil
2024-12-27 00:53:34,006{GMT}	INFO	[jepsen worker 2] jepsen.util: 2	:ok	:read	[0 6 10 13 25 29 42 46]
2024-12-27 00:53:34,098{GMT}	INFO	[jepsen worker 3] jepsen.util: 3	:invoke	:read	nil
2024-12-27 00:53:34,100{GMT}	INFO	[jepsen worker 3] jepsen.util: 3	:ok	:read	[1 18 32 36 39 43 47]
2024-12-27 00:53:34,283{GMT}	INFO	[jepsen worker 4] jepsen.util: 4	:invoke	:read	nil
2024-12-27 00:53:34,287{GMT}	INFO	[jepsen worker 4] jepsen.util: 4	:ok	:read	[4 7 14 19 23 26 30 37 40 44 48]
2024-12-27 00:53:34,328{GMT}	INFO	[jepsen worker 0] jepsen.util: 0	:invoke	:read	nil
2024-12-27 00:53:34,330{GMT}	INFO	[jepsen worker 0] jepsen.util: 0	:ok	:read	[2 3 5 8 9 11 12 15 16 17 20 21 22 24 27 28 31 33 34 35 38 41 45 49 50]
2024-12-27 00:53:34,405{GMT}	INFO	[jepsen worker 0] jepsen.util: 0	:invoke	:broadcast	51
2024-12-27 00:53:34,408{GMT}	INFO	[jepsen worker 0] jepsen.util: 0	:ok	:broadcast	51
2024-12-27 00:53:34,487{GMT}	INFO	[jepsen worker 1] jepsen.util: 1	:invoke	:read	nil
2024-12-27 00:53:34,490{GMT}	INFO	[jepsen worker 1] jepsen.util: 1	:ok	:read	[2 3 5 8 9 11 12 15 16 17 20 21 22 24 27 28 31 33 34 35 38 41 45 49 50 51]
2024-12-27 00:53:34,686{GMT}	INFO	[jepsen worker 2] jepsen.util: 2	:invoke	:read	nil
2024-12-27 00:53:34,689{GMT}	INFO	[jepsen worker 2] jepsen.util: 2	:ok	:read	[0 6 10 13 25 29 42 46]
2024-12-27 00:53:34,767{GMT}	INFO	[jepsen worker 3] jepsen.util: 3	:invoke	:broadcast	52
2024-12-27 00:53:34,769{GMT}	INFO	[jepsen worker 3] jepsen.util: 3	:ok	:broadcast	52
2024-12-27 00:53:34,781{GMT}	INFO	[jepsen worker 4] jepsen.util: 4	:invoke	:read	nil
2024-12-27 00:53:34,784{GMT}	INFO	[jepsen worker 4] jepsen.util: 4	:ok	:read	[4 7 14 19 23 26 30 37 40 44 48]
2024-12-27 00:53:34,829{GMT}	INFO	[jepsen worker 0] jepsen.util: 0	:invoke	:read	nil
2024-12-27 00:53:34,832{GMT}	INFO	[jepsen worker 0] jepsen.util: 0	:ok	:read	[2 3 5 8 9 11 12 15 16 17 20 21 22 24 27 28 31 33 34 35 38 41 45 49 50 51]
2024-12-27 00:53:34,859{GMT}	INFO	[jepsen worker 0] jepsen.util: 0	:invoke	:read	nil
2024-12-27 00:53:34,862{GMT}	INFO	[jepsen worker 0] jepsen.util: 0	:ok	:read	[2 3 5 8 9 11 12 15 16 17 20 21 22 24 27 28 31 33 34 35 38 41 45 49 50 51]
2024-12-27 00:53:34,967{GMT}	INFO	[jepsen worker 1] jepsen.util: 1	:invoke	:read	nil
2024-12-27 00:53:34,969{GMT}	INFO	[jepsen worker 1] jepsen.util: 1	:ok	:read	[2 3 5 8 9 11 12 15 16 17 20 21 22 24 27 28 31 33 34 35 38 41 45 49 50 51]
2024-12-27 00:53:34,991{GMT}	INFO	[jepsen worker 2] jepsen.util: 2	:invoke	:broadcast	53
2024-12-27 00:53:34,993{GMT}	INFO	[jepsen worker 2] jepsen.util: 2	:ok	:broadcast	53
2024-12-27 00:53:35,138{GMT}	INFO	[jepsen worker 3] jepsen.util: 3	:invoke	:broadcast	54
2024-12-27 00:53:35,141{GMT}	INFO	[jepsen worker 3] jepsen.util: 3	:ok	:broadcast	54
2024-12-27 00:53:35,301{GMT}	INFO	[jepsen worker 4] jepsen.util: 4	:invoke	:broadcast	55
2024-12-27 00:53:35,304{GMT}	INFO	[jepsen worker 4] jepsen.util: 4	:ok	:broadcast	55
2024-12-27 00:53:35,502{GMT}	INFO	[jepsen worker 0] jepsen.util: 0	:invoke	:read	nil
2024-12-27 00:53:35,504{GMT}	INFO	[jepsen worker 0] jepsen.util: 0	:ok	:read	[2 3 5 8 9 11 12 15 16 17 20 21 22 24 27 28 31 33 34 35 38 41 45 49 50 51]
2024-12-27 00:53:35,510{GMT}	INFO	[jepsen worker 0] jepsen.util: 0	:invoke	:read	nil
2024-12-27 00:53:35,512{GMT}	INFO	[jepsen worker 0] jepsen.util: 0	:ok	:read	[2 3 5 8 9 11 12 15 16 17 20 21 22 24 27 28 31 33 34 35 38 41 45 49 50 51]
2024-12-27 00:53:35,683{GMT}	INFO	[jepsen worker 1] jepsen.util: 1	:invoke	:broadcast	56
2024-12-27 00:53:35,686{GMT}	INFO	[jepsen worker 1] jepsen.util: 1	:ok	:broadcast	56
2024-12-27 00:53:35,812{GMT}	INFO	[jepsen worker 2] jepsen.util: 2	:invoke	:read	nil
2024-12-27 00:53:35,815{GMT}	INFO	[jepsen worker 2] jepsen.util: 2	:ok	:read	[0 6 10 13 25 29 42 46 53]
2024-12-27 00:53:35,917{GMT}	INFO	[jepsen worker 3] jepsen.util: 3	:invoke	:read	nil
2024-12-27 00:53:35,920{GMT}	INFO	[jepsen worker 3] jepsen.util: 3	:ok	:read	[1 18 32 36 39 43 47 52 54]
2024-12-27 00:53:36,040{GMT}	INFO	[jepsen worker 4] jepsen.util: 4	:invoke	:broadcast	57
2024-12-27 00:53:36,042{GMT}	INFO	[jepsen worker 4] jepsen.util: 4	:ok	:broadcast	57
2024-12-27 00:53:36,147{GMT}	INFO	[jepsen worker 0] jepsen.util: 0	:invoke	:broadcast	58
2024-12-27 00:53:36,148{GMT}	INFO	[jepsen worker 0] jepsen.util: 0	:ok	:broadcast	58
2024-12-27 00:53:36,158{GMT}	INFO	[jepsen worker 0] jepsen.util: 0	:invoke	:read	nil
2024-12-27 00:53:36,160{GMT}	INFO	[jepsen worker 0] jepsen.util: 0	:ok	:read	[2 3 5 8 9 11 12 15 16 17 20 21 22 24 27 28 31 33 34 35 38 41 45 49 50 51 56 58]
2024-12-27 00:53:36,178{GMT}	INFO	[jepsen worker 1] jepsen.util: 1	:invoke	:broadcast	59
2024-12-27 00:53:36,180{GMT}	INFO	[jepsen worker 1] jepsen.util: 1	:ok	:broadcast	59
2024-12-27 00:53:36,366{GMT}	INFO	[jepsen worker 2] jepsen.util: 2	:invoke	:read	nil
2024-12-27 00:53:36,369{GMT}	INFO	[jepsen worker 2] jepsen.util: 2	:ok	:read	[0 6 10 13 25 29 42 46 53]
2024-12-27 00:53:36,371{GMT}	INFO	[jepsen worker 3] jepsen.util: 3	:invoke	:broadcast	60
2024-12-27 00:53:36,374{GMT}	INFO	[jepsen worker 3] jepsen.util: 3	:ok	:broadcast	60
2024-12-27 00:53:36,490{GMT}	INFO	[jepsen worker 4] jepsen.util: 4	:invoke	:broadcast	61
2024-12-27 00:53:36,493{GMT}	INFO	[jepsen worker 4] jepsen.util: 4	:ok	:broadcast	61
2024-12-27 00:53:36,636{GMT}	INFO	[jepsen worker 0] jepsen.util: 0	:invoke	:read	nil
2024-12-27 00:53:36,639{GMT}	INFO	[jepsen worker 0] jepsen.util: 0	:ok	:read	[2 3 5 8 9 11 12 15 16 17 20 21 22 24 27 28 31 33 34 35 38 41 45 49 50 51 56 58 59]
2024-12-27 00:53:36,693{GMT}	INFO	[jepsen worker 0] jepsen.util: 0	:invoke	:broadcast	62
2024-12-27 00:53:36,694{GMT}	INFO	[jepsen worker 0] jepsen.util: 0	:ok	:broadcast	62
2024-12-27 00:53:36,890{GMT}	INFO	[jepsen worker 1] jepsen.util: 1	:invoke	:broadcast	63
2024-12-27 00:53:36,892{GMT}	INFO	[jepsen worker 1] jepsen.util: 1	:ok	:broadcast	63
2024-12-27 00:53:36,911{GMT}	INFO	[jepsen worker 2] jepsen.util: 2	:invoke	:read	nil
2024-12-27 00:53:36,914{GMT}	INFO	[jepsen worker 2] jepsen.util: 2	:ok	:read	[0 6 10 13 25 29 42 46 53]
2024-12-27 00:53:37,017{GMT}	INFO	[jepsen worker 3] jepsen.util: 3	:invoke	:broadcast	64
2024-12-27 00:53:37,020{GMT}	INFO	[jepsen worker 3] jepsen.util: 3	:ok	:broadcast	64
2024-12-27 00:53:37,212{GMT}	INFO	[jepsen worker 4] jepsen.util: 4	:invoke	:broadcast	65
2024-12-27 00:53:37,214{GMT}	INFO	[jepsen worker 4] jepsen.util: 4	:ok	:broadcast	65
2024-12-27 00:53:37,354{GMT}	INFO	[jepsen worker 0] jepsen.util: 0	:invoke	:broadcast	66
2024-12-27 00:53:37,356{GMT}	INFO	[jepsen worker 0] jepsen.util: 0	:ok	:broadcast	66
2024-12-27 00:53:37,539{GMT}	INFO	[jepsen worker 0] jepsen.util: 0	:invoke	:broadcast	67
2024-12-27 00:53:37,542{GMT}	INFO	[jepsen worker 0] jepsen.util: 0	:ok	:broadcast	67
2024-12-27 00:53:37,710{GMT}	INFO	[jepsen worker 1] jepsen.util: 1	:invoke	:read	nil
2024-12-27 00:53:37,712{GMT}	INFO	[jepsen worker 1] jepsen.util: 1	:ok	:read	[2 3 5 8 9 11 12 15 16 17 20 21 22 24 27 28 31 33 34 35 38 41 45 49 50 51 56 58 59 62 63 66 67]
2024-12-27 00:53:37,721{GMT}	INFO	[jepsen worker 2] jepsen.util: 2	:invoke	:broadcast	68
2024-12-27 00:53:37,723{GMT}	INFO	[jepsen worker 2] jepsen.util: 2	:ok	:broadcast	68
2024-12-27 00:53:37,809{GMT}	INFO	[jepsen worker 3] jepsen.util: 3	:invoke	:broadcast	69
2024-12-27 00:53:37,812{GMT}	INFO	[jepsen worker 3] jepsen.util: 3	:ok	:broadcast	69
2024-12-27 00:53:37,906{GMT}	INFO	[jepsen worker 4] jepsen.util: 4	:invoke	:broadcast	70
2024-12-27 00:53:37,908{GMT}	INFO	[jepsen worker 4] jepsen.util: 4	:ok	:broadcast	70
2024-12-27 00:53:38,060{GMT}	INFO	[jepsen worker 0] jepsen.util: 0	:invoke	:broadcast	71
2024-12-27 00:53:38,062{GMT}	INFO	[jepsen worker 0] jepsen.util: 0	:ok	:broadcast	71
2024-12-27 00:53:38,094{GMT}	INFO	[jepsen worker 0] jepsen.util: 0	:invoke	:broadcast	72
2024-12-27 00:53:38,097{GMT}	INFO	[jepsen worker 0] jepsen.util: 0	:ok	:broadcast	72
2024-12-27 00:53:38,132{GMT}	INFO	[jepsen worker 1] jepsen.util: 1	:invoke	:broadcast	73
2024-12-27 00:53:38,135{GMT}	INFO	[jepsen worker 1] jepsen.util: 1	:ok	:broadcast	73
2024-12-27 00:53:38,257{GMT}	INFO	[jepsen worker 2] jepsen.util: 2	:invoke	:broadcast	74
2024-12-27 00:53:38,259{GMT}	INFO	[jepsen worker 2] jepsen.util: 2	:ok	:broadcast	74
2024-12-27 00:53:38,362{GMT}	INFO	[jepsen worker 3] jepsen.util: 3	:invoke	:broadcast	75
2024-12-27 00:53:38,364{GMT}	INFO	[jepsen worker 3] jepsen.util: 3	:ok	:broadcast	75
2024-12-27 00:53:38,398{GMT}	INFO	[jepsen worker 4] jepsen.util: 4	:invoke	:read	nil
2024-12-27 00:53:38,401{GMT}	INFO	[jepsen worker 4] jepsen.util: 4	:ok	:read	[4 7 14 19 23 26 30 37 40 44 48 55 57 61 65 70]
2024-12-27 00:53:38,541{GMT}	INFO	[jepsen worker 0] jepsen.util: 0	:invoke	:read	nil
2024-12-27 00:53:38,543{GMT}	INFO	[jepsen worker 0] jepsen.util: 0	:ok	:read	[2 3 5 8 9 11 12 15 16 17 20 21 22 24 27 28 31 33 34 35 38 41 45 49 50 51 56 58 59 62 63 66 67 71 72 73]
2024-12-27 00:53:38,610{GMT}	INFO	[jepsen worker 0] jepsen.util: 0	:invoke	:broadcast	76
2024-12-27 00:53:38,611{GMT}	INFO	[jepsen worker 0] jepsen.util: 0	:ok	:broadcast	76
2024-12-27 00:53:38,639{GMT}	INFO	[jepsen worker 1] jepsen.util: 1	:invoke	:read	nil
2024-12-27 00:53:38,642{GMT}	INFO	[jepsen worker 1] jepsen.util: 1	:ok	:read	[2 3 5 8 9 11 12 15 16 17 20 21 22 24 27 28 31 33 34 35 38 41 45 49 50 51 56 58 59 62 63 66 67 71 72 73 76]
2024-12-27 00:53:38,800{GMT}	INFO	[jepsen worker 2] jepsen.util: 2	:invoke	:broadcast	77
2024-12-27 00:53:38,802{GMT}	INFO	[jepsen worker 2] jepsen.util: 2	:ok	:broadcast	77
2024-12-27 00:53:38,814{GMT}	INFO	[jepsen worker 3] jepsen.util: 3	:invoke	:read	nil
2024-12-27 00:53:38,816{GMT}	INFO	[jepsen worker 3] jepsen.util: 3	:ok	:read	[1 18 32 36 39 43 47 52 54 60 64 69 75]
2024-12-27 00:53:38,971{GMT}	INFO	[jepsen worker 4] jepsen.util: 4	:invoke	:read	nil
2024-12-27 00:53:38,973{GMT}	INFO	[jepsen worker 4] jepsen.util: 4	:ok	:read	[4 7 14 19 23 26 30 37 40 44 48 55 57 61 65 70]
2024-12-27 00:53:39,096{GMT}	INFO	[jepsen worker 0] jepsen.util: 0	:invoke	:broadcast	78
2024-12-27 00:53:39,098{GMT}	INFO	[jepsen worker 0] jepsen.util: 0	:ok	:broadcast	78
2024-12-27 00:53:39,211{GMT}	INFO	[jepsen worker 0] jepsen.util: 0	:invoke	:broadcast	79
2024-12-27 00:53:39,212{GMT}	INFO	[jepsen worker 0] jepsen.util: 0	:ok	:broadcast	79
2024-12-27 00:53:39,333{GMT}	INFO	[jepsen worker 1] jepsen.util: 1	:invoke	:read	nil
2024-12-27 00:53:39,336{GMT}	INFO	[jepsen worker 1] jepsen.util: 1	:ok	:read	[2 3 5 8 9 11 12 15 16 17 20 21 22 24 27 28 31 33 34 35 38 41 45 49 50 51 56 58 59 62 63 66 67 71 72 73 76 78 79]
2024-12-27 00:53:39,408{GMT}	INFO	[jepsen worker 2] jepsen.util: 2	:invoke	:broadcast	80
2024-12-27 00:53:39,409{GMT}	INFO	[jepsen worker 2] jepsen.util: 2	:ok	:broadcast	80
2024-12-27 00:53:39,525{GMT}	INFO	[jepsen worker 3] jepsen.util: 3	:invoke	:read	nil
2024-12-27 00:53:39,527{GMT}	INFO	[jepsen worker 3] jepsen.util: 3	:ok	:read	[1 18 32 36 39 43 47 52 54 60 64 69 75]
2024-12-27 00:53:39,530{GMT}	INFO	[jepsen worker 4] jepsen.util: 4	:invoke	:broadcast	81
2024-12-27 00:53:39,533{GMT}	INFO	[jepsen worker 4] jepsen.util: 4	:ok	:broadcast	81
2024-12-27 00:53:39,710{GMT}	INFO	[jepsen worker 0] jepsen.util: 0	:invoke	:read	nil
2024-12-27 00:53:39,712{GMT}	INFO	[jepsen worker 0] jepsen.util: 0	:ok	:read	[2 3 5 8 9 11 12 15 16 17 20 21 22 24 27 28 31 33 34 35 38 41 45 49 50 51 56 58 59 62 63 66 67 71 72 73 76 78 79]
2024-12-27 00:53:39,841{GMT}	INFO	[jepsen worker 0] jepsen.util: 0	:invoke	:broadcast	82
2024-12-27 00:53:39,844{GMT}	INFO	[jepsen worker 0] jepsen.util: 0	:ok	:broadcast	82
2024-12-27 00:53:39,860{GMT}	INFO	[jepsen worker 1] jepsen.util: 1	:invoke	:read	nil
2024-12-27 00:53:39,863{GMT}	INFO	[jepsen worker 1] jepsen.util: 1	:ok	:read	[2 3 5 8 9 11 12 15 16 17 20 21 22 24 27 28 31 33 34 35 38 41 45 49 50 51 56 58 59 62 63 66 67 71 72 73 76 78 79 82]
2024-12-27 00:53:39,875{GMT}	INFO	[jepsen worker 2] jepsen.util: 2	:invoke	:read	nil
2024-12-27 00:53:39,877{GMT}	INFO	[jepsen worker 2] jepsen.util: 2	:ok	:read	[0 6 10 13 25 29 42 46 53 68 74 77 80]
2024-12-27 00:53:40,048{GMT}	INFO	[jepsen worker 3] jepsen.util: 3	:invoke	:broadcast	83
2024-12-27 00:53:40,050{GMT}	INFO	[jepsen worker 3] jepsen.util: 3	:ok	:broadcast	83
2024-12-27 00:53:40,145{GMT}	INFO	[jepsen worker 4] jepsen.util: 4	:invoke	:read	nil
2024-12-27 00:53:40,147{GMT}	INFO	[jepsen worker 4] jepsen.util: 4	:ok	:read	[4 7 14 19 23 26 30 37 40 44 48 55 57 61 65 70 81]
2024-12-27 00:53:40,243{GMT}	INFO	[jepsen worker 0] jepsen.util: 0	:invoke	:broadcast	84
2024-12-27 00:53:40,246{GMT}	INFO	[jepsen worker 0] jepsen.util: 0	:ok	:broadcast	84
2024-12-27 00:53:40,340{GMT}	INFO	[jepsen worker 0] jepsen.util: 0	:invoke	:broadcast	85
2024-12-27 00:53:40,342{GMT}	INFO	[jepsen worker 0] jepsen.util: 0	:ok	:broadcast	85
2024-12-27 00:53:40,479{GMT}	INFO	[jepsen worker 1] jepsen.util: 1	:invoke	:read	nil
2024-12-27 00:53:40,482{GMT}	INFO	[jepsen worker 1] jepsen.util: 1	:ok	:read	[2 3 5 8 9 11 12 15 16 17 20 21 22 24 27 28 31 33 34 35 38 41 45 49 50 51 56 58 59 62 63 66 67 71 72 73 76 78 79 82 84 85]
2024-12-27 00:53:40,537{GMT}	INFO	[jepsen worker 2] jepsen.util: 2	:invoke	:broadcast	86
2024-12-27 00:53:40,540{GMT}	INFO	[jepsen worker 2] jepsen.util: 2	:ok	:broadcast	86
2024-12-27 00:53:40,614{GMT}	INFO	[jepsen worker 3] jepsen.util: 3	:invoke	:broadcast	87
2024-12-27 00:53:40,617{GMT}	INFO	[jepsen worker 3] jepsen.util: 3	:ok	:broadcast	87
2024-12-27 00:53:40,701{GMT}	INFO	[jepsen worker 4] jepsen.util: 4	:invoke	:read	nil
2024-12-27 00:53:40,705{GMT}	INFO	[jepsen worker 4] jepsen.util: 4	:ok	:read	[4 7 14 19 23 26 30 37 40 44 48 55 57 61 65 70 81]
2024-12-27 00:53:40,782{GMT}	INFO	[jepsen worker 0] jepsen.util: 0	:invoke	:read	nil
2024-12-27 00:53:40,785{GMT}	INFO	[jepsen worker 0] jepsen.util: 0	:ok	:read	[2 3 5 8 9 11 12 15 16 17 20 21 22 24 27 28 31 33 34 35 38 41 45 49 50 51 56 58 59 62 63 66 67 71 72 73 76 78 79 82 84 85]
2024-12-27 00:53:40,801{GMT}	INFO	[jepsen worker 0] jepsen.util: 0	:invoke	:read	nil
2024-12-27 00:53:40,803{GMT}	INFO	[jepsen worker 0] jepsen.util: 0	:ok	:read	[2 3 5 8 9 11 12 15 16 17 20 21 22 24 27 28 31 33 34 35 38 41 45 49 50 51 56 58 59 62 63 66 67 71 72 73 76 78 79 82 84 85]
2024-12-27 00:53:40,918{GMT}	INFO	[jepsen worker 1] jepsen.util: 1	:invoke	:read	nil
2024-12-27 00:53:40,924{GMT}	INFO	[jepsen worker 1] jepsen.util: 1	:ok	:read	[2 3 5 8 9 11 12 15 16 17 20 21 22 24 27 28 31 33 34 35 38 41 45 49 50 51 56 58 59 62 63 66 67 71 72 73 76 78 79 82 84 85]
2024-12-27 00:53:41,050{GMT}	INFO	[jepsen worker 2] jepsen.util: 2	:invoke	:broadcast	88
2024-12-27 00:53:41,052{GMT}	INFO	[jepsen worker 2] jepsen.util: 2	:ok	:broadcast	88
2024-12-27 00:53:41,137{GMT}	INFO	[jepsen worker 3] jepsen.util: 3	:invoke	:read	nil
2024-12-27 00:53:41,140{GMT}	INFO	[jepsen worker 3] jepsen.util: 3	:ok	:read	[1 18 32 36 39 43 47 52 54 60 64 69 75 83 87]
2024-12-27 00:53:41,210{GMT}	INFO	[jepsen worker 4] jepsen.util: 4	:invoke	:broadcast	89
2024-12-27 00:53:41,212{GMT}	INFO	[jepsen worker 4] jepsen.util: 4	:ok	:broadcast	89
2024-12-27 00:53:41,369{GMT}	INFO	[jepsen worker 0] jepsen.util: 0	:invoke	:broadcast	90
2024-12-27 00:53:41,371{GMT}	INFO	[jepsen worker 0] jepsen.util: 0	:ok	:broadcast	90
2024-12-27 00:53:41,433{GMT}	INFO	[jepsen worker 0] jepsen.util: 0	:invoke	:read	nil
2024-12-27 00:53:41,436{GMT}	INFO	[jepsen worker 0] jepsen.util: 0	:ok	:read	[2 3 5 8 9 11 12 15 16 17 20 21 22 24 27 28 31 33 34 35 38 41 45 49 50 51 56 58 59 62 63 66 67 71 72 73 76 78 79 82 84 85 90]
2024-12-27 00:53:41,450{GMT}	INFO	[jepsen worker 1] jepsen.util: 1	:invoke	:broadcast	91
2024-12-27 00:53:41,453{GMT}	INFO	[jepsen worker 1] jepsen.util: 1	:ok	:broadcast	91
2024-12-27 00:53:41,526{GMT}	INFO	[jepsen worker 2] jepsen.util: 2	:invoke	:read	nil
2024-12-27 00:53:41,529{GMT}	INFO	[jepsen worker 2] jepsen.util: 2	:ok	:read	[0 6 10 13 25 29 42 46 53 68 74 77 80 86 88]
2024-12-27 00:53:41,725{GMT}	INFO	[jepsen worker 3] jepsen.util: 3	:invoke	:read	nil
2024-12-27 00:53:41,727{GMT}	INFO	[jepsen worker 3] jepsen.util: 3	:ok	:read	[1 18 32 36 39 43 47 52 54 60 64 69 75 83 87]
2024-12-27 00:53:41,729{GMT}	INFO	[jepsen worker 4] jepsen.util: 4	:invoke	:read	nil
2024-12-27 00:53:41,730{GMT}	INFO	[jepsen worker 4] jepsen.util: 4	:ok	:read	[4 7 14 19 23 26 30 37 40 44 48 55 57 61 65 70 81 89]
2024-12-27 00:53:41,858{GMT}	INFO	[jepsen worker 0] jepsen.util: 0	:invoke	:broadcast	92
2024-12-27 00:53:41,860{GMT}	INFO	[jepsen worker 0] jepsen.util: 0	:ok	:broadcast	92
2024-12-27 00:53:42,014{GMT}	INFO	[jepsen worker 0] jepsen.util: 0	:invoke	:broadcast	93
2024-12-27 00:53:42,015{GMT}	INFO	[jepsen worker 0] jepsen.util: 0	:ok	:broadcast	93
2024-12-27 00:53:42,175{GMT}	INFO	[jepsen worker 1] jepsen.util: 1	:invoke	:broadcast	94
2024-12-27 00:53:42,179{GMT}	INFO	[jepsen worker 1] jepsen.util: 1	:ok	:broadcast	94
2024-12-27 00:53:42,180{GMT}	INFO	[jepsen worker 2] jepsen.util: 2	:invoke	:read	nil
2024-12-27 00:53:42,182{GMT}	INFO	[jepsen worker 2] jepsen.util: 2	:ok	:read	[0 6 10 13 25 29 42 46 53 68 74 77 80 86 88]
2024-12-27 00:53:42,329{GMT}	INFO	[jepsen worker 3] jepsen.util: 3	:invoke	:read	nil
2024-12-27 00:53:42,332{GMT}	INFO	[jepsen worker 3] jepsen.util: 3	:ok	:read	[1 18 32 36 39 43 47 52 54 60 64 69 75 83 87]
2024-12-27 00:53:42,406{GMT}	INFO	[jepsen worker 4] jepsen.util: 4	:invoke	:broadcast	95
2024-12-27 00:53:42,407{GMT}	INFO	[jepsen worker 4] jepsen.util: 4	:ok	:broadcast	95
2024-12-27 00:53:42,530{GMT}	INFO	[jepsen worker 0] jepsen.util: 0	:invoke	:broadcast	96
2024-12-27 00:53:42,532{GMT}	INFO	[jepsen worker 0] jepsen.util: 0	:ok	:broadcast	96
2024-12-27 00:53:42,564{GMT}	INFO	[jepsen worker 0] jepsen.util: 0	:invoke	:read	nil
2024-12-27 00:53:42,567{GMT}	INFO	[jepsen worker 0] jepsen.util: 0	:ok	:read	[2 3 5 8 9 11 12 15 16 17 20 21 22 24 27 28 31 33 34 35 38 41 45 49 50 51 56 58 59 62 63 66 67 71 72 73 76 78 79 82 84 85 90 91 92 93 94 96]
2024-12-27 00:53:42,673{GMT}	INFO	[jepsen worker 1] jepsen.util: 1	:invoke	:read	nil
2024-12-27 00:53:42,679{GMT}	INFO	[jepsen worker 1] jepsen.util: 1	:ok	:read	[2 3 5 8 9 11 12 15 16 17 20 21 22 24 27 28 31 33 34 35 38 41 45 49 50 51 56 58 59 62 63 66 67 71 72 73 76 78 79 82 84 85 90 91 92 93 94 96]
2024-12-27 00:53:42,827{GMT}	INFO	[jepsen worker 2] jepsen.util: 2	:invoke	:read	nil
2024-12-27 00:53:42,829{GMT}	INFO	[jepsen worker 2] jepsen.util: 2	:ok	:read	[0 6 10 13 25 29 42 46 53 68 74 77 80 86 88]
2024-12-27 00:53:43,006{GMT}	INFO	[jepsen worker 3] jepsen.util: 3	:invoke	:broadcast	97
2024-12-27 00:53:43,008{GMT}	INFO	[jepsen worker 3] jepsen.util: 3	:ok	:broadcast	97
2024-12-27 00:53:43,159{GMT}	INFO	[jepsen worker 4] jepsen.util: 4	:invoke	:broadcast	98
2024-12-27 00:53:43,161{GMT}	INFO	[jepsen worker 4] jepsen.util: 4	:ok	:broadcast	98
2024-12-27 00:53:43,246{GMT}	INFO	[jepsen worker 0] jepsen.util: 0	:invoke	:read	nil
2024-12-27 00:53:43,249{GMT}	INFO	[jepsen worker 0] jepsen.util: 0	:ok	:read	[2 3 5 8 9 11 12 15 16 17 20 21 22 24 27 28 31 33 34 35 38 41 45 49 50 51 56 58 59 62 63 66 67 71 72 73 76 78 79 82 84 85 90 91 92 93 94 96]
2024-12-27 00:53:43,282{GMT}	INFO	[jepsen worker 0] jepsen.util: 0	:invoke	:read	nil
2024-12-27 00:53:43,283{GMT}	INFO	[jepsen worker 0] jepsen.util: 0	:ok	:read	[2 3 5 8 9 11 12 15 16 17 20 21 22 24 27 28 31 33 34 35 38 41 45 49 50 51 56 58 59 62 63 66 67 71 72 73 76 78 79 82 84 85 90 91 92 93 94 96]
2024-12-27 00:53:43,356{GMT}	INFO	[jepsen worker 1] jepsen.util: 1	:invoke	:broadcast	99
2024-12-27 00:53:43,359{GMT}	INFO	[jepsen worker 1] jepsen.util: 1	:ok	:broadcast	99
2024-12-27 00:53:43,538{GMT}	INFO	[jepsen worker 2] jepsen.util: 2	:invoke	:broadcast	100
2024-12-27 00:53:43,540{GMT}	INFO	[jepsen worker 2] jepsen.util: 2	:ok	:broadcast	100
2024-12-27 00:53:43,682{GMT}	INFO	[jepsen worker 3] jepsen.util: 3	:invoke	:read	nil
2024-12-27 00:53:43,686{GMT}	INFO	[jepsen worker 3] jepsen.util: 3	:ok	:read	[1 18 32 36 39 43 47 52 54 60 64 69 75 83 87 97]
2024-12-27 00:53:43,689{GMT}	INFO	[jepsen worker 4] jepsen.util: 4	:invoke	:broadcast	101
2024-12-27 00:53:43,695{GMT}	INFO	[jepsen worker 4] jepsen.util: 4	:ok	:broadcast	101
2024-12-27 00:53:43,719{GMT}	INFO	[jepsen worker 0] jepsen.util: 0	:invoke	:broadcast	102
2024-12-27 00:53:43,721{GMT}	INFO	[jepsen worker 0] jepsen.util: 0	:ok	:broadcast	102
2024-12-27 00:53:43,743{GMT}	INFO	[jepsen worker 0] jepsen.util: 0	:invoke	:broadcast	103
2024-12-27 00:53:43,744{GMT}	INFO	[jepsen worker 0] jepsen.util: 0	:ok	:broadcast	103
2024-12-27 00:53:43,818{GMT}	INFO	[jepsen worker 1] jepsen.util: 1	:invoke	:broadcast	104
2024-12-27 00:53:43,821{GMT}	INFO	[jepsen worker 1] jepsen.util: 1	:ok	:broadcast	104
2024-12-27 00:53:43,876{GMT}	INFO	[jepsen worker 2] jepsen.util: 2	:invoke	:read	nil
2024-12-27 00:53:43,879{GMT}	INFO	[jepsen worker 2] jepsen.util: 2	:ok	:read	[0 6 10 13 25 29 42 46 53 68 74 77 80 86 88 100]
2024-12-27 00:53:43,944{GMT}	INFO	[jepsen worker nemesis] jepsen.util: :nemesis	:info	:stop-partition	nil
2024-12-27 00:53:43,945{GMT}	INFO	[jepsen worker nemesis] jepsen.util: :nemesis	:info	:stop-partition	:network-healed
2024-12-27 00:53:44,025{GMT}	INFO	[jepsen worker 4] jepsen.util: 4	:invoke	:read	nil
2024-12-27 00:53:44,028{GMT}	INFO	[jepsen worker 4] jepsen.util: 4	:ok	:read	[4 7 14 19 23 26 30 37 40 44 48 55 57 61 65 70 81 89 95 98 101]
2024-12-27 00:53:44,188{GMT}	INFO	[jepsen worker 0] jepsen.util: 0	:invoke	:broadcast	105
2024-12-27 00:53:44,190{GMT}	INFO	[jepsen worker 0] jepsen.util: 0	:ok	:broadcast	105
2024-12-27 00:53:44,235{GMT}	INFO	[jepsen worker 0] jepsen.util: 0	:invoke	:read	nil
2024-12-27 00:53:44,239{GMT}	INFO	[jepsen worker 0] jepsen.util: 0	:ok	:read	[2 3 5 8 9 11 12 15 16 17 20 21 22 24 27 28 31 33 34 35 38 41 45 49 50 51 56 58 59 62 63 66 67 71 72 73 76 78 79 82 84 85 90 91 92 93 94 96 99 102 103 104 105]
2024-12-27 00:53:44,381{GMT}	INFO	[jepsen worker 1] jepsen.util: 1	:invoke	:broadcast	106
2024-12-27 00:53:44,384{GMT}	INFO	[jepsen worker 1] jepsen.util: 1	:ok	:broadcast	106
2024-12-27 00:53:44,385{GMT}	INFO	[jepsen worker nemesis] jepsen.util: :nemesis	:info	:stop-partition	nil
2024-12-27 00:53:44,385{GMT}	INFO	[jepsen worker nemesis] jepsen.util: :nemesis	:info	:stop-partition	:network-healed
2024-12-27 00:53:44,386{GMT}	INFO	[jepsen worker 3] jepsen.generator.interpreter: Waiting for recovery...
2024-12-27 00:53:54,391{GMT}	INFO	[jepsen worker 1] jepsen.util: 1	:invoke	:read	nil
2024-12-27 00:53:54,391{GMT}	INFO	[jepsen worker 3] jepsen.util: 3	:invoke	:read	nil
2024-12-27 00:53:54,392{GMT}	INFO	[jepsen worker 0] jepsen.util: 0	:invoke	:read	nil
2024-12-27 00:53:54,392{GMT}	INFO	[jepsen worker 4] jepsen.util: 4	:invoke	:read	nil
2024-12-27 00:53:54,392{GMT}	INFO	[jepsen worker 2] jepsen.util: 2	:invoke	:read	nil
2024-12-27 00:53:54,393{GMT}	INFO	[jepsen worker 1] jepsen.util: 1	:ok	:read	[2 3 5 8 9 11 12 15 16 17 20 21 22 24 27 28 31 33 34 35 38 41 45 49 50 51 56 58 59 62 63 66 67 71 72 73 76 78 79 82 84 85 90 91 92 93 94 96 99 102 103 104 105 0 6 10 13 25 29 42 46 53 68 74 77 80 86 88 100 4 7 14 19 23 26 30 37 40 44 48 55 57 61 65 70 81 89 95 98 101 1 18 32 36 39 43 47 52 54 60 64 69 75 83 87 97 106]
2024-12-27 00:53:54,393{GMT}	INFO	[jepsen worker 3] jepsen.util: 3	:ok	:read	[1 18 32 36 39 43 47 52 54 60 64 69 75 83 87 97 105 4 7 14 19 23 26 30 37 40 44 48 55 57 61 65 70 81 89 95 98 101 2 3 5 8 9 11 12 15 16 17 20 21 22 24 27 28 31 33 34 35 38 41 45 49 50 51 56 58 59 62 63 66 67 71 72 73 76 78 79 82 84 85 90 91 92 93 94 96 99 102 103 104 106 0 6 10 13 25 29 42 46 53 68 74 77 80 86 88 100]
2024-12-27 00:53:54,394{GMT}	INFO	[jepsen worker 0] jepsen.util: 0	:ok	:read	[2 3 5 8 9 11 12 15 16 17 20 21 22 24 27 28 31 33 34 35 38 41 45 49 50 51 56 58 59 62 63 66 67 71 72 73 76 78 79 82 84 85 90 91 92 93 94 96 99 102 103 104 105 1 18 32 36 39 43 47 52 54 60 64 69 75 83 87 97 106 4 7 14 19 23 26 30 37 40 44 48 55 57 61 65 70 81 89 95 98 101 0 6 10 13 25 29 42 46 53 68 74 77 80 86 88 100]
2024-12-27 00:53:54,394{GMT}	INFO	[jepsen worker 2] jepsen.util: 2	:ok	:read	[0 6 10 13 25 29 42 46 53 68 74 77 80 86 88 100 105 2 3 5 8 9 11 12 15 16 17 20 21 22 24 27 28 31 33 34 35 38 41 45 49 50 51 56 58 59 62 63 66 67 71 72 73 76 78 79 82 84 85 90 91 92 93 94 96 99 102 103 104 106 4 7 14 19 23 26 30 37 40 44 48 55 57 61 65 70 81 89 95 98 101 1 18 32 36 39 43 47 52 54 60 64 69 75 83 87 97]
2024-12-27 00:53:54,394{GMT}	INFO	[jepsen worker 4] jepsen.util: 4	:ok	:read	[4 7 14 19 23 26 30 37 40 44 48 55 57 61 65 70 81 89 95 98 101 105 1 18 32 36 39 43 47 52 54 60 64 69 75 83 87 97 2 3 5 8 9 11 12 15 16 17 20 21 22 24 27 28 31 33 34 35 38 41 45 49 50 51 56 58 59 62 63 66 67 71 72 73 76 78 79 82 84 85 90 91 92 93 94 96 99 102 103 104 106 0 6 10 13 25 29 42 46 53 68 74 77 80 86 88 100]
2024-12-27 00:53:54,409{GMT}	INFO	[jepsen test runner] jepsen.core: Run complete, writing
2024-12-27 00:53:54,476{GMT}	INFO	[jepsen node n0] maelstrom.db: Tearing down n0
2024-12-27 00:53:54,476{GMT}	INFO	[jepsen node n1] maelstrom.db: Tearing down n1
2024-12-27 00:53:54,476{GMT}	INFO	[jepsen node n2] maelstrom.db: Tearing down n2
2024-12-27 00:53:54,476{GMT}	INFO	[jepsen node n3] maelstrom.db: Tearing down n3
2024-12-27 00:53:54,476{GMT}	INFO	[jepsen node n4] maelstrom.db: Tearing down n4
2024-12-27 00:53:56,356{GMT}	INFO	[jepsen node n0] maelstrom.net: Shutting down Maelstrom network
2024-12-27 00:53:56,358{GMT}	INFO	[jepsen test runner] jepsen.core: Analyzing...
2024-12-27 00:53:56,705{GMT}	INFO	[jepsen test runner] jepsen.core: Analysis complete
2024-12-27 00:53:56,752{GMT}	INFO	[jepsen results] jepsen.store: Wrote /home/Suchitra/Desktop/flyio/maelstrom/store/broadcast/20241227T005323.445+0530/results.edn
2024-12-27 00:53:56,774{GMT}	INFO	[jepsen test runner] jepsen.core: {:perf {:latency-graph {:valid? true},
        :rate-graph {:valid? true},
        :valid? true},
 :timeline {:valid? true},
 :exceptions {:valid? true},
 :stats {:valid? true,
         :count 203,
         :ok-count 203,
         :fail-count 0,
         :info-count 0,
         :by-f {:broadcast {:valid? true,
                            :count 107,
                            :ok-count 107,
                            :fail-count 0,
                            :info-count 0},
                :read {:valid? true,
                       :count 96,
                       :ok-count 96,
                       :fail-count 0,
                       :info-count 0}}},
 :availability {:valid? true, :ok-fraction 1.0},
 :net {:all {:send-count 1100,
             :recv-count 702,
             :msg-count 1100,
             :msgs-per-op 5.4187193},
       :clients {:send-count 426, :recv-count 426, :msg-count 426},
       :servers {:send-count 674,
                 :recv-count 276,
                 :msg-count 674,
                 :msgs-per-op 3.320197},
       :valid? true},
 :workload {:worst-stale ({:element 0,
                           :outcome :stable,
                           :stable-latency 19794,
                           :lost-latency nil,
                           :known #jepsen.history.Op{:index 5,
                                                     :time 69631987,
                                                     :type :ok,
                                                     :process 2,
                                                     :f :add,
                                                     :value 0},
                           :last-absent #jepsen.history.Op{:index 396,
                                                           :time 19863749087,
                                                           :type :invoke,
                                                           :process 0,
                                                           :f :read,
                                                           :value nil}}
                          {:element 1,
                           :outcome :stable,
                           :stable-latency 19604,
                           :lost-latency nil,
                           :known #jepsen.history.Op{:index 7,
                                                     :time 259102531,
                                                     :type :ok,
                                                     :process 3,
                                                     :f :add,
                                                     :value 1},
                           :last-absent #jepsen.history.Op{:index 396,
                                                           :time 19863749087,
                                                           :type :invoke,
                                                           :process 0,
                                                           :f :read,
                                                           :value nil}}
                          {:element 2,
                           :outcome :stable,
                           :stable-latency 19289,
                           :lost-latency nil,
                           :known #jepsen.history.Op{:index 11,
                                                     :time 363531060,
                                                     :type :ok,
                                                     :process 0,
                                                     :f :add,
                                                     :value 2},
                           :last-absent #jepsen.history.Op{:index 392,
                                                           :time 19653464150,
                                                           :type :invoke,
                                                           :process 4,
                                                           :f :read,
                                                           :value nil}}
                          {:element 3,
                           :outcome :stable,
                           :stable-latency 19183,
                           :lost-latency nil,
                           :known #jepsen.history.Op{:index 13,
                                                     :time 470184214,
                                                     :type :ok,
                                                     :process 0,
                                                     :f :add,
                                                     :value 3},
                           :last-absent #jepsen.history.Op{:index 392,
                                                           :time 19653464150,
                                                           :type :invoke,
                                                           :process 4,
                                                           :f :read,
                                                           :value nil}}
                          {:element 4,
                           :outcome :stable,
                           :stable-latency 18958,
                           :lost-latency nil,
                           :known #jepsen.history.Op{:index 21,
                                                     :time 905247749,
                                                     :type :ok,
                                                     :process 4,
                                                     :f :add,
                                                     :value 4},
                           :last-absent #jepsen.history.Op{:index 396,
                                                           :time 19863749087,
                                                           :type :invoke,
                                                           :process 0,
                                                           :f :read,
                                                           :value nil}}
                          {:element 6,
                           :outcome :stable,
                           :stable-latency 18680,
                           :lost-latency nil,
                           :known #jepsen.history.Op{:index 29,
                                                     :time 1183616427,
                                                     :type :ok,
                                                     :process 2,
                                                     :f :add,
                                                     :value 6},
                           :last-absent #jepsen.history.Op{:index 396,
                                                           :time 19863749087,
                                                           :type :invoke,
                                                           :process 0,
                                                           :f :read,
                                                           :value nil}}
                          {:element 5,
                           :outcome :stable,
                           :stable-latency 18647,
                           :lost-latency nil,
                           :known #jepsen.history.Op{:index 25,
                                                     :time 1006252664,
                                                     :type :ok,
                                                     :process 0,
                                                     :f :add,
                                                     :value 5},
                           :last-absent #jepsen.history.Op{:index 392,
                                                           :time 19653464150,
                                                           :type :invoke,
                                                           :process 4,
                                                           :f :read,
                                                           :value nil}}
                          {:element 7,
                           :outcome :stable,
                           :stable-latency 18354,
                           :lost-latency nil,
                           :known #jepsen.history.Op{:index 33,
                                                     :time 1509681335,
                                                     :type :ok,
                                                     :process 4,
                                                     :f :add,
                                                     :value 7},
                           :last-absent #jepsen.history.Op{:index 396,
                                                           :time 19863749087,
                                                           :type :invoke,
                                                           :process 0,
                                                           :f :read,
                                                           :value nil}}),
            :duplicated-count 0,
            :valid? true,
            :lost-count 0,
            :lost (),
            :stable-count 107,
            :stale-count 105,
            :stale (0
                    1
                    2
                    3
                    4
                    5
                    6
                    7
                    8
                    9
                    10
                    11
                    12
                    13
                    14
                    15
                    16
                    17
                    18
                    19
                    20
                    21
                    22
                    23
                    24
                    25
                    26
                    27
                    28
                    29
                    30
                    31
                    32
                    33
                    34
                    35
                    36
                    37
                    38
                    39
                    40
                    41
                    42
                    43
                    44
                    45
                    46
                    47
                    48
                    49
                    50
                    51
                    52
                    53
                    54
                    55
                    56
                    57
                    58
                    59
                    60
                    61
                    62
                    63
                    64
                    65
                    66
                    67
                    68
                    69
                    70
                    71
                    72
                    73
                    74
                    75
                    76
                    77
                    78
                    79
                    80
                    81
                    82
                    83
                    84
                    85
                    86
                    87
                    88
                    89
                    90
                    91
                    92
                    93
                    94
                    95
                    96
                    97
                    98
                    99
                    100
                    101
                    102
                    103
                    104),
            :never-read-count 0,
            :stable-latencies {0 0,
                               0.5 9241,
                               0.95 18680,
                               0.99 19604,
                               1 19794},
            :attempt-count 107,
            :never-read (),
            :duplicated {}},
 :valid? true}


Everything looks good! (`)
